/usr/lib/python3/dist-packages/requests/__init__.py:89: RequestsDependencyWarning: urllib3 (1.26.12) or chardet (3.0.4) doesn't match a supported version!
  warnings.warn("urllib3 ({}) or chardet ({}) doesn't match a supported "
[W socket.cpp:601] [c10d] The client socket has failed to connect to [localhost]:12335 (errno: 99 - Cannot assign requested address).
Rank=4 done reading 30520063 embedding vectors from file /nvme/songxiaoniu/graph-learning/wholegraph/mag240m_homo/converted/homograph_csr_row_ptr
Rank=3 done reading 30520063 embedding vectors from file /nvme/songxiaoniu/graph-learning/wholegraph/mag240m_homo/converted/homograph_csr_row_ptr
Rank=5 done reading 30520063 embedding vectors from file /nvme/songxiaoniu/graph-learning/wholegraph/mag240m_homo/converted/homograph_csr_row_ptr
Rank=2 done reading 30520063 embedding vectors from file /nvme/songxiaoniu/graph-learning/wholegraph/mag240m_homo/converted/homograph_csr_row_ptr
Rank=6 done reading 30520063 embedding vectors from file /nvme/songxiaoniu/graph-learning/wholegraph/mag240m_homo/converted/homograph_csr_row_ptr
Rank=1 done reading 30520063 embedding vectors from file /nvme/songxiaoniu/graph-learning/wholegraph/mag240m_homo/converted/homograph_csr_row_ptr
Rank=7 done reading 30520059 embedding vectors from file /nvme/songxiaoniu/graph-learning/wholegraph/mag240m_homo/converted/homograph_csr_row_ptr
Rank=0 done reading 30520063 embedding vectors from file /nvme/songxiaoniu/graph-learning/wholegraph/mag240m_homo/converted/homograph_csr_row_ptr
Rank=2 done reading 431808978 embedding vectors from file /nvme/songxiaoniu/graph-learning/wholegraph/mag240m_homo/converted/homograph_csr_col_idx
Rank=3 done reading 431808978 embedding vectors from file /nvme/songxiaoniu/graph-learning/wholegraph/mag240m_homo/converted/homograph_csr_col_idx
Rank=5 done reading 431808978 embedding vectors from file /nvme/songxiaoniu/graph-learning/wholegraph/mag240m_homo/converted/homograph_csr_col_idx
Rank=4 done reading 431808978 embedding vectors from file /nvme/songxiaoniu/graph-learning/wholegraph/mag240m_homo/converted/homograph_csr_col_idx
Rank=7 done reading 431808978 embedding vectors from file /nvme/songxiaoniu/graph-learning/wholegraph/mag240m_homo/converted/homograph_csr_col_idx
Rank=6 done reading 431808978 embedding vectors from file /nvme/songxiaoniu/graph-learning/wholegraph/mag240m_homo/converted/homograph_csr_col_idx
Rank=0 done reading 431808978 embedding vectors from file /nvme/songxiaoniu/graph-learning/wholegraph/mag240m_homo/converted/homograph_csr_col_idx
Rank=1 done reading 431808978 embedding vectors from file /nvme/songxiaoniu/graph-learning/wholegraph/mag240m_homo/converted/homograph_csr_col_idx
[2023-04-12 04:13:33.106857: E /samgraph/3rdparty/collcachelib/coll_cache_lib/freq_recorder.cc:337] bulk append 1014464 into 0
[2023-04-12 04:13:33.111106: E /samgraph/3rdparty/collcachelib/coll_cache_lib/freq_recorder.cc:347] bulk append 3908643
[2023-04-12 04:13:33.111256: E /samgraph/3rdparty/collcachelib/coll_cache_lib/freq_recorder.cc:337] bulk append 1013856 into 1014464
[2023-04-12 04:13:33.115439: E /samgraph/3rdparty/collcachelib/coll_cache_lib/freq_recorder.cc:347] bulk append 3904584
[2023-04-12 04:13:33.115578: E /samgraph/3rdparty/collcachelib/coll_cache_lib/freq_recorder.cc:337] bulk append 1013979 into 2028320
[2023-04-12 04:13:33.119764: E /samgraph/3rdparty/collcachelib/coll_cache_lib/freq_recorder.cc:347] bulk append 3910501
[2023-04-12 04:13:33.119898: E /samgraph/3rdparty/collcachelib/coll_cache_lib/freq_recorder.cc:337] bulk append 1013388 into 3042299
[2023-04-12 04:13:33.124081: E /samgraph/3rdparty/collcachelib/coll_cache_lib/freq_recorder.cc:347] bulk append 3911117
[2023-04-12 04:13:33.124214: E /samgraph/3rdparty/collcachelib/coll_cache_lib/freq_recorder.cc:337] bulk append 1013491 into 4055687
[2023-04-12 04:13:33.128391: E /samgraph/3rdparty/collcachelib/coll_cache_lib/freq_recorder.cc:347] bulk append 3916582
[2023-04-12 04:13:33.128532: E /samgraph/3rdparty/collcachelib/coll_cache_lib/freq_recorder.cc:337] bulk append 1014026 into 5069178
[2023-04-12 04:13:33.132728: E /samgraph/3rdparty/collcachelib/coll_cache_lib/freq_recorder.cc:347] bulk append 3910886
[2023-04-12 04:13:33.132870: E /samgraph/3rdparty/collcachelib/coll_cache_lib/freq_recorder.cc:337] bulk append 1012155 into 6083204
[2023-04-12 04:13:33.137036: E /samgraph/3rdparty/collcachelib/coll_cache_lib/freq_recorder.cc:347] bulk append 3896458
[2023-04-12 04:13:33.137179: E /samgraph/3rdparty/collcachelib/coll_cache_lib/freq_recorder.cc:337] bulk append 1013028 into 7095359
[2023-04-12 04:13:33.141351: E /samgraph/3rdparty/collcachelib/coll_cache_lib/freq_recorder.cc:347] bulk append 3919673
[2023-04-12 04:13:33.141491: E /samgraph/3rdparty/collcachelib/coll_cache_lib/freq_recorder.cc:337] bulk append 1012877 into 8108387
[2023-04-12 04:13:33.145664: E /samgraph/3rdparty/collcachelib/coll_cache_lib/freq_recorder.cc:347] bulk append 3909312
[2023-04-12 04:13:33.145802: E /samgraph/3rdparty/collcachelib/coll_cache_lib/freq_recorder.cc:337] bulk append 1013895 into 9121264
[2023-04-12 04:13:33.149976: E /samgraph/3rdparty/collcachelib/coll_cache_lib/freq_recorder.cc:347] bulk append 3907170
[2023-04-12 04:13:33.150136: E /samgraph/3rdparty/collcachelib/coll_cache_lib/freq_recorder.cc:337] bulk append 1018075 into 10135159
[2023-04-12 04:13:33.154326: E /samgraph/3rdparty/collcachelib/coll_cache_lib/freq_recorder.cc:347] bulk append 3917094
[2023-04-12 04:13:33.154463: E /samgraph/3rdparty/collcachelib/coll_cache_lib/freq_recorder.cc:337] bulk append 1015748 into 11153234
[2023-04-12 04:13:33.158621: E /samgraph/3rdparty/collcachelib/coll_cache_lib/freq_recorder.cc:347] bulk append 3913360
[2023-04-12 04:13:33.158766: E /samgraph/3rdparty/collcachelib/coll_cache_lib/freq_recorder.cc:337] bulk append 1016150 into 12168982
[2023-04-12 04:13:33.162939: E /samgraph/3rdparty/collcachelib/coll_cache_lib/freq_recorder.cc:347] bulk append 3915337
[2023-04-12 04:13:33.163079: E /samgraph/3rdparty/collcachelib/coll_cache_lib/freq_recorder.cc:337] bulk append 1015542 into 13185132
[2023-04-12 04:13:33.167245: E /samgraph/3rdparty/collcachelib/coll_cache_lib/freq_recorder.cc:347] bulk append 3913232
[2023-04-12 04:13:33.167378: E /samgraph/3rdparty/collcachelib/coll_cache_lib/freq_recorder.cc:337] bulk append 1015795 into 14200674
[2023-04-12 04:13:33.171515: E /samgraph/3rdparty/collcachelib/coll_cache_lib/freq_recorder.cc:347] bulk append 3925273
[2023-04-12 04:13:33.171643: E /samgraph/3rdparty/collcachelib/coll_cache_lib/freq_recorder.cc:337] bulk append 1016164 into 15216469
[2023-04-12 04:13:33.175804: E /samgraph/3rdparty/collcachelib/coll_cache_lib/freq_recorder.cc:347] bulk append 3917815
[2023-04-12 04:13:33.175932: E /samgraph/3rdparty/collcachelib/coll_cache_lib/freq_recorder.cc:337] bulk append 1014266 into 16232633
[2023-04-12 04:13:33.180033: E /samgraph/3rdparty/collcachelib/coll_cache_lib/freq_recorder.cc:347] bulk append 3900932
[2023-04-12 04:13:33.180162: E /samgraph/3rdparty/collcachelib/coll_cache_lib/freq_recorder.cc:337] bulk append 1016684 into 17246899
[2023-04-12 04:13:33.184334: E /samgraph/3rdparty/collcachelib/coll_cache_lib/freq_recorder.cc:347] bulk append 3926516
[2023-04-12 04:13:33.184473: E /samgraph/3rdparty/collcachelib/coll_cache_lib/freq_recorder.cc:337] bulk append 1015980 into 18263583
[2023-04-12 04:13:33.188617: E /samgraph/3rdparty/collcachelib/coll_cache_lib/freq_recorder.cc:347] bulk append 3920416
[2023-04-12 04:13:33.188757: E /samgraph/3rdparty/collcachelib/coll_cache_lib/freq_recorder.cc:337] bulk append 1017085 into 19279563
[2023-04-12 04:13:33.192935: E /samgraph/3rdparty/collcachelib/coll_cache_lib/freq_recorder.cc:347] bulk append 3923153
[2023-04-12 04:13:33.193085: E /samgraph/3rdparty/collcachelib/coll_cache_lib/freq_recorder.cc:337] bulk append 1016816 into 20296648
[2023-04-12 04:13:33.197944: E /samgraph/3rdparty/collcachelib/coll_cache_lib/freq_recorder.cc:347] bulk append 3915910
[2023-04-12 04:13:33.198090: E /samgraph/3rdparty/collcachelib/coll_cache_lib/freq_recorder.cc:337] bulk append 1014313 into 21313464
[2023-04-12 04:13:33.202248: E /samgraph/3rdparty/collcachelib/coll_cache_lib/freq_recorder.cc:347] bulk append 3907631
[2023-04-12 04:13:33.202384: E /samgraph/3rdparty/collcachelib/coll_cache_lib/freq_recorder.cc:337] bulk append 1014953 into 22327777
[2023-04-12 04:13:33.206777: E /samgraph/3rdparty/collcachelib/coll_cache_lib/freq_recorder.cc:347] bulk append 3911623
[2023-04-12 04:13:33.206905: E /samgraph/3rdparty/collcachelib/coll_cache_lib/freq_recorder.cc:337] bulk append 1016630 into 23342730
[2023-04-12 04:13:33.211053: E /samgraph/3rdparty/collcachelib/coll_cache_lib/freq_recorder.cc:347] bulk append 3917244
[2023-04-12 04:13:33.211185: E /samgraph/3rdparty/collcachelib/coll_cache_lib/freq_recorder.cc:337] bulk append 1015065 into 24359360
[2023-04-12 04:13:33.215345: E /samgraph/3rdparty/collcachelib/coll_cache_lib/freq_recorder.cc:347] bulk append 3924792
[2023-04-12 04:13:33.215466: E /samgraph/3rdparty/collcachelib/coll_cache_lib/freq_recorder.cc:337] bulk append 1014992 into 25374425
[2023-04-12 04:13:33.219618: E /samgraph/3rdparty/collcachelib/coll_cache_lib/freq_recorder.cc:347] bulk append 3915431
[2023-04-12 04:13:33.219739: E /samgraph/3rdparty/collcachelib/coll_cache_lib/freq_recorder.cc:337] bulk append 1014312 into 26389417
[2023-04-12 04:13:33.223903: E /samgraph/3rdparty/collcachelib/coll_cache_lib/freq_recorder.cc:347] bulk append 3906027
[2023-04-12 04:13:33.224034: E /samgraph/3rdparty/collcachelib/coll_cache_lib/freq_recorder.cc:337] bulk append 1014811 into 27403729
[2023-04-12 04:13:33.228178: E /samgraph/3rdparty/collcachelib/coll_cache_lib/freq_recorder.cc:347] bulk append 3923396
[2023-04-12 04:13:33.228309: E /samgraph/3rdparty/collcachelib/coll_cache_lib/freq_recorder.cc:337] bulk append 1014488 into 28418540
[2023-04-12 04:13:33.232477: E /samgraph/3rdparty/collcachelib/coll_cache_lib/freq_recorder.cc:347] bulk append 3918474
[2023-04-12 04:13:33.232603: E /samgraph/3rdparty/collcachelib/coll_cache_lib/freq_recorder.cc:337] bulk append 1015596 into 29433028
[2023-04-12 04:13:33.236766: E /samgraph/3rdparty/collcachelib/coll_cache_lib/freq_recorder.cc:347] bulk append 3916332
[2023-04-12 04:13:33.236894: E /samgraph/3rdparty/collcachelib/coll_cache_lib/freq_recorder.cc:337] bulk append 1016509 into 30448624
[2023-04-12 04:13:33.241102: E /samgraph/3rdparty/collcachelib/coll_cache_lib/freq_recorder.cc:347] bulk append 3910413
[2023-04-12 04:13:33.241247: E /samgraph/3rdparty/collcachelib/coll_cache_lib/freq_recorder.cc:337] bulk append 1015530 into 31465133
[2023-04-12 04:13:33.245396: E /samgraph/3rdparty/collcachelib/coll_cache_lib/freq_recorder.cc:347] bulk append 3904676
[2023-04-12 04:13:33.245530: E /samgraph/3rdparty/collcachelib/coll_cache_lib/freq_recorder.cc:337] bulk append 1015028 into 32480663
[2023-04-12 04:13:33.249664: E /samgraph/3rdparty/collcachelib/coll_cache_lib/freq_recorder.cc:347] bulk append 3904983
[2023-04-12 04:13:33.249800: E /samgraph/3rdparty/collcachelib/coll_cache_lib/freq_recorder.cc:337] bulk append 1017372 into 33495691
[2023-04-12 04:13:33.254249: E /samgraph/3rdparty/collcachelib/coll_cache_lib/freq_recorder.cc:347] bulk append 3910660
[2023-04-12 04:13:33.254379: E /samgraph/3rdparty/collcachelib/coll_cache_lib/freq_recorder.cc:337] bulk append 1014876 into 34513063
[2023-04-12 04:13:33.258833: E /samgraph/3rdparty/collcachelib/coll_cache_lib/freq_recorder.cc:347] bulk append 3919887
[2023-04-12 04:13:33.258960: E /samgraph/3rdparty/collcachelib/coll_cache_lib/freq_recorder.cc:337] bulk append 1015543 into 35527939
[2023-04-12 04:13:33.263102: E /samgraph/3rdparty/collcachelib/coll_cache_lib/freq_recorder.cc:347] bulk append 3911448
[2023-04-12 04:13:33.263242: E /samgraph/3rdparty/collcachelib/coll_cache_lib/freq_recorder.cc:337] bulk append 1013843 into 36543482
[2023-04-12 04:13:33.267394: E /samgraph/3rdparty/collcachelib/coll_cache_lib/freq_recorder.cc:347] bulk append 3896879
[2023-04-12 04:13:33.267526: E /samgraph/3rdparty/collcachelib/coll_cache_lib/freq_recorder.cc:337] bulk append 1016122 into 37557325
[2023-04-12 04:13:33.271994: E /samgraph/3rdparty/collcachelib/coll_cache_lib/freq_recorder.cc:347] bulk append 3918940
[2023-04-12 04:13:33.272133: E /samgraph/3rdparty/collcachelib/coll_cache_lib/freq_recorder.cc:337] bulk append 1016206 into 38573447
[2023-04-12 04:13:33.276602: E /samgraph/3rdparty/collcachelib/coll_cache_lib/freq_recorder.cc:347] bulk append 3915716
[2023-04-12 04:13:33.276735: E /samgraph/3rdparty/collcachelib/coll_cache_lib/freq_recorder.cc:337] bulk append 1015803 into 39589653
[2023-04-12 04:13:33.281205: E /samgraph/3rdparty/collcachelib/coll_cache_lib/freq_recorder.cc:347] bulk append 3912585
[2023-04-12 04:13:33.281350: E /samgraph/3rdparty/collcachelib/coll_cache_lib/freq_recorder.cc:337] bulk append 1013853 into 40605456
[2023-04-12 04:13:33.285579: E /samgraph/3rdparty/collcachelib/coll_cache_lib/freq_recorder.cc:347] bulk append 3910642
[2023-04-12 04:13:33.285724: E /samgraph/3rdparty/collcachelib/coll_cache_lib/freq_recorder.cc:337] bulk append 1013772 into 41619309
[2023-04-12 04:13:33.289905: E /samgraph/3rdparty/collcachelib/coll_cache_lib/freq_recorder.cc:347] bulk append 3909176
[2023-04-12 04:13:33.290042: E /samgraph/3rdparty/collcachelib/coll_cache_lib/freq_recorder.cc:337] bulk append 1013147 into 42633081
[2023-04-12 04:13:33.294220: E /samgraph/3rdparty/collcachelib/coll_cache_lib/freq_recorder.cc:347] bulk append 3910165
[2023-04-12 04:13:33.294350: E /samgraph/3rdparty/collcachelib/coll_cache_lib/freq_recorder.cc:337] bulk append 1013340 into 43646228
[2023-04-12 04:13:33.298532: E /samgraph/3rdparty/collcachelib/coll_cache_lib/freq_recorder.cc:347] bulk append 3911970
[2023-04-12 04:13:33.298660: E /samgraph/3rdparty/collcachelib/coll_cache_lib/freq_recorder.cc:337] bulk append 1012485 into 44659568
[2023-04-12 04:13:33.302841: E /samgraph/3rdparty/collcachelib/coll_cache_lib/freq_recorder.cc:347] bulk append 3917179
[2023-04-12 04:13:33.302971: E /samgraph/3rdparty/collcachelib/coll_cache_lib/freq_recorder.cc:337] bulk append 1012619 into 45672053
[2023-04-12 04:13:33.307150: E /samgraph/3rdparty/collcachelib/coll_cache_lib/freq_recorder.cc:347] bulk append 3911169
[2023-04-12 04:13:33.307280: E /samgraph/3rdparty/collcachelib/coll_cache_lib/freq_recorder.cc:337] bulk append 1012003 into 46684672
[2023-04-12 04:13:33.311453: E /samgraph/3rdparty/collcachelib/coll_cache_lib/freq_recorder.cc:347] bulk append 3896440
[2023-04-12 04:13:33.311587: E /samgraph/3rdparty/collcachelib/coll_cache_lib/freq_recorder.cc:337] bulk append 1013834 into 47696675
[2023-04-12 04:13:33.315727: E /samgraph/3rdparty/collcachelib/coll_cache_lib/freq_recorder.cc:347] bulk append 3917364
[2023-04-12 04:13:33.315862: E /samgraph/3rdparty/collcachelib/coll_cache_lib/freq_recorder.cc:337] bulk append 1013218 into 48710509
[2023-04-12 04:13:33.320029: E /samgraph/3rdparty/collcachelib/coll_cache_lib/freq_recorder.cc:347] bulk append 3912184
[2023-04-12 04:13:33.320162: E /samgraph/3rdparty/collcachelib/coll_cache_lib/freq_recorder.cc:337] bulk append 1012432 into 49723727
[2023-04-12 04:13:33.324341: E /samgraph/3rdparty/collcachelib/coll_cache_lib/freq_recorder.cc:347] bulk append 3908903
[2023-04-12 04:13:33.324483: E /samgraph/3rdparty/collcachelib/coll_cache_lib/freq_recorder.cc:337] bulk append 1017912 into 50736159
[2023-04-12 04:13:33.328690: E /samgraph/3rdparty/collcachelib/coll_cache_lib/freq_recorder.cc:347] bulk append 3914696
[2023-04-12 04:13:33.328843: E /samgraph/3rdparty/collcachelib/coll_cache_lib/freq_recorder.cc:337] bulk append 1016807 into 51754071
[2023-04-12 04:13:33.333038: E /samgraph/3rdparty/collcachelib/coll_cache_lib/freq_recorder.cc:347] bulk append 3914986
[2023-04-12 04:13:33.333173: E /samgraph/3rdparty/collcachelib/coll_cache_lib/freq_recorder.cc:337] bulk append 1015510 into 52770878
[2023-04-12 04:13:33.337347: E /samgraph/3rdparty/collcachelib/coll_cache_lib/freq_recorder.cc:347] bulk append 3908481
[2023-04-12 04:13:33.337484: E /samgraph/3rdparty/collcachelib/coll_cache_lib/freq_recorder.cc:337] bulk append 1017958 into 53786388
[2023-04-12 04:13:33.341679: E /samgraph/3rdparty/collcachelib/coll_cache_lib/freq_recorder.cc:347] bulk append 3920597
[2023-04-12 04:13:33.341834: E /samgraph/3rdparty/collcachelib/coll_cache_lib/freq_recorder.cc:337] bulk append 1018243 into 54804346
[2023-04-12 04:13:33.346021: E /samgraph/3rdparty/collcachelib/coll_cache_lib/freq_recorder.cc:347] bulk append 3927236
[2023-04-12 04:13:33.346166: E /samgraph/3rdparty/collcachelib/coll_cache_lib/freq_recorder.cc:337] bulk append 1016255 into 55822589
[2023-04-12 04:13:33.350344: E /samgraph/3rdparty/collcachelib/coll_cache_lib/freq_recorder.cc:347] bulk append 3916010
[2023-04-12 04:13:33.350479: E /samgraph/3rdparty/collcachelib/coll_cache_lib/freq_recorder.cc:337] bulk append 1015992 into 56838844
[2023-04-12 04:13:33.354658: E /samgraph/3rdparty/collcachelib/coll_cache_lib/freq_recorder.cc:347] bulk append 3902030
[2023-04-12 04:13:33.354796: E /samgraph/3rdparty/collcachelib/coll_cache_lib/freq_recorder.cc:337] bulk append 1015783 into 57854836
[2023-04-12 04:13:33.358978: E /samgraph/3rdparty/collcachelib/coll_cache_lib/freq_recorder.cc:347] bulk append 3922242
[2023-04-12 04:13:33.359109: E /samgraph/3rdparty/collcachelib/coll_cache_lib/freq_recorder.cc:337] bulk append 1016892 into 58870619
[2023-04-12 04:13:33.363276: E /samgraph/3rdparty/collcachelib/coll_cache_lib/freq_recorder.cc:347] bulk append 3919148
[2023-04-12 04:13:33.363408: E /samgraph/3rdparty/collcachelib/coll_cache_lib/freq_recorder.cc:337] bulk append 1016975 into 59887511
[2023-04-12 04:13:33.367593: E /samgraph/3rdparty/collcachelib/coll_cache_lib/freq_recorder.cc:347] bulk append 3917406
[2023-04-12 04:13:33.367753: E /samgraph/3rdparty/collcachelib/coll_cache_lib/freq_recorder.cc:337] bulk append 1018888 into 60904486
[2023-04-12 04:13:33.372570: E /samgraph/3rdparty/collcachelib/coll_cache_lib/freq_recorder.cc:347] bulk append 3922816
[2023-04-12 04:13:33.372702: E /samgraph/3rdparty/collcachelib/coll_cache_lib/freq_recorder.cc:337] bulk append 1017805 into 61923374
[2023-04-12 04:13:33.377190: E /samgraph/3rdparty/collcachelib/coll_cache_lib/freq_recorder.cc:347] bulk append 3915578
[2023-04-12 04:13:33.377323: E /samgraph/3rdparty/collcachelib/coll_cache_lib/freq_recorder.cc:337] bulk append 1017000 into 62941179
[2023-04-12 04:13:33.381497: E /samgraph/3rdparty/collcachelib/coll_cache_lib/freq_recorder.cc:347] bulk append 3918102
[2023-04-12 04:13:33.381624: E /samgraph/3rdparty/collcachelib/coll_cache_lib/freq_recorder.cc:337] bulk append 1016380 into 63958179
[2023-04-12 04:13:33.385793: E /samgraph/3rdparty/collcachelib/coll_cache_lib/freq_recorder.cc:347] bulk append 3918733
[2023-04-12 04:13:33.385917: E /samgraph/3rdparty/collcachelib/coll_cache_lib/freq_recorder.cc:337] bulk append 1017814 into 64974559
[2023-04-12 04:13:33.390363: E /samgraph/3rdparty/collcachelib/coll_cache_lib/freq_recorder.cc:347] bulk append 3929803
[2023-04-12 04:13:33.390493: E /samgraph/3rdparty/collcachelib/coll_cache_lib/freq_recorder.cc:337] bulk append 1016592 into 65992373
[2023-04-12 04:13:33.394654: E /samgraph/3rdparty/collcachelib/coll_cache_lib/freq_recorder.cc:347] bulk append 3922603
[2023-04-12 04:13:33.394779: E /samgraph/3rdparty/collcachelib/coll_cache_lib/freq_recorder.cc:337] bulk append 1015836 into 67008965
[2023-04-12 04:13:33.399262: E /samgraph/3rdparty/collcachelib/coll_cache_lib/freq_recorder.cc:347] bulk append 3911682
[2023-04-12 04:13:33.399390: E /samgraph/3rdparty/collcachelib/coll_cache_lib/freq_recorder.cc:337] bulk append 1017312 into 68024801
[2023-04-12 04:13:33.403547: E /samgraph/3rdparty/collcachelib/coll_cache_lib/freq_recorder.cc:347] bulk append 3929142
[2023-04-12 04:13:33.403669: E /samgraph/3rdparty/collcachelib/coll_cache_lib/freq_recorder.cc:337] bulk append 1016749 into 69042113
[2023-04-12 04:13:33.407829: E /samgraph/3rdparty/collcachelib/coll_cache_lib/freq_recorder.cc:347] bulk append 3922592
[2023-04-12 04:13:33.407959: E /samgraph/3rdparty/collcachelib/coll_cache_lib/freq_recorder.cc:337] bulk append 1016442 into 70058862
[2023-04-12 04:13:33.412394: E /samgraph/3rdparty/collcachelib/coll_cache_lib/freq_recorder.cc:347] bulk append 3919311
[2023-04-12 04:13:33.412539: E /samgraph/3rdparty/collcachelib/coll_cache_lib/freq_recorder.cc:337] bulk append 1014402 into 71075304
[2023-04-12 04:13:33.416778: E /samgraph/3rdparty/collcachelib/coll_cache_lib/freq_recorder.cc:347] bulk append 3906349
[2023-04-12 04:13:33.416919: E /samgraph/3rdparty/collcachelib/coll_cache_lib/freq_recorder.cc:337] bulk append 1012914 into 72089706
[2023-04-12 04:13:33.421098: E /samgraph/3rdparty/collcachelib/coll_cache_lib/freq_recorder.cc:347] bulk append 3900277
[2023-04-12 04:13:33.421225: E /samgraph/3rdparty/collcachelib/coll_cache_lib/freq_recorder.cc:337] bulk append 1014357 into 73102620
[2023-04-12 04:13:33.425387: E /samgraph/3rdparty/collcachelib/coll_cache_lib/freq_recorder.cc:347] bulk append 3907120
[2023-04-12 04:13:33.425520: E /samgraph/3rdparty/collcachelib/coll_cache_lib/freq_recorder.cc:337] bulk append 1014397 into 74116977
[2023-04-12 04:13:33.429695: E /samgraph/3rdparty/collcachelib/coll_cache_lib/freq_recorder.cc:347] bulk append 3911551
[2023-04-12 04:13:33.429833: E /samgraph/3rdparty/collcachelib/coll_cache_lib/freq_recorder.cc:337] bulk append 1014085 into 75131374
[2023-04-12 04:13:33.434001: E /samgraph/3rdparty/collcachelib/coll_cache_lib/freq_recorder.cc:347] bulk append 3916473
[2023-04-12 04:13:33.434135: E /samgraph/3rdparty/collcachelib/coll_cache_lib/freq_recorder.cc:337] bulk append 1014154 into 76145459
[2023-04-12 04:13:33.438312: E /samgraph/3rdparty/collcachelib/coll_cache_lib/freq_recorder.cc:347] bulk append 3908116
[2023-04-12 04:13:33.438443: E /samgraph/3rdparty/collcachelib/coll_cache_lib/freq_recorder.cc:337] bulk append 1012801 into 77159613
[2023-04-12 04:13:33.442608: E /samgraph/3rdparty/collcachelib/coll_cache_lib/freq_recorder.cc:347] bulk append 3895556
[2023-04-12 04:13:33.442752: E /samgraph/3rdparty/collcachelib/coll_cache_lib/freq_recorder.cc:337] bulk append 1014156 into 78172414
[2023-04-12 04:13:33.446930: E /samgraph/3rdparty/collcachelib/coll_cache_lib/freq_recorder.cc:347] bulk append 3915342
[2023-04-12 04:13:33.447077: E /samgraph/3rdparty/collcachelib/coll_cache_lib/freq_recorder.cc:337] bulk append 1013350 into 79186570
[2023-04-12 04:13:33.451221: E /samgraph/3rdparty/collcachelib/coll_cache_lib/freq_recorder.cc:347] bulk append 3905091
[2023-04-12 04:13:33.451350: E /samgraph/3rdparty/collcachelib/coll_cache_lib/freq_recorder.cc:337] bulk append 1014255 into 80199920
[2023-04-12 04:13:33.455511: E /samgraph/3rdparty/collcachelib/coll_cache_lib/freq_recorder.cc:347] bulk append 3909997
[2023-04-12 04:13:33.455648: E /samgraph/3rdparty/collcachelib/coll_cache_lib/freq_recorder.cc:266] freq recorder global combining
[2023-04-12 04:13:33.[[455687[[[2023-04-12 04:13:332023-04-12 04:13:33: [2023-04-12 04:13:332023-04-12 04:13:33.2023-04-12 04:13:33.E2023-04-12 04:13:33..455687.455687 .455688455691: 455699: /samgraph/3rdparty/collcachelib/coll_cache_lib/run_config.cc455695: : E: E:: EE E 140E  /samgraph/3rdparty/collcachelib/coll_cache_lib/run_config.cc /samgraph/3rdparty/collcachelib/coll_cache_lib/run_config.cc]  /samgraph/3rdparty/collcachelib/coll_cache_lib/run_config.cc/samgraph/3rdparty/collcachelib/coll_cache_lib/run_config.cc:/samgraph/3rdparty/collcachelib/coll_cache_lib/run_config.cc:using concurrent impl MPSPhase/samgraph/3rdparty/collcachelib/coll_cache_lib/run_config.cc::140:140
:140140] 140] 140] ] using concurrent impl MPSPhase] using concurrent impl MPSPhase[] using concurrent impl MPSPhaseusing concurrent impl MPSPhase
using concurrent impl MPSPhase
2023-04-12 04:13:33using concurrent impl MPSPhase


.
[[455806[[2023-04-12 04:13:332023-04-12 04:13:33: [[2023-04-12 04:13:332023-04-12 04:13:33..E2023-04-12 04:13:332023-04-12 04:13:33..455829455830 ..455834455835: : /samgraph/3rdparty/collcachelib/coll_cache_lib/facade.cc455840455838: : EE:: : EE  409EE  /samgraph/3rdparty/collcachelib/coll_cache_lib/facade.cc/samgraph/3rdparty/collcachelib/coll_cache_lib/facade.cc]   /samgraph/3rdparty/collcachelib/coll_cache_lib/facade.cc/samgraph/3rdparty/collcachelib/coll_cache_lib/facade.cc::before scale, dtype is 0, dim is 384/samgraph/3rdparty/collcachelib/coll_cache_lib/facade.cc/samgraph/3rdparty/collcachelib/coll_cache_lib/facade.cc::409409
::409409] ] 409409] [] before scale, dtype is 0, dim is 384before scale, dtype is 0, dim is 384] ] before scale, dtype is 0, dim is 3842023-04-12 04:13:33before scale, dtype is 0, dim is 384

before scale, dtype is 0, dim is 384before scale, dtype is 0, dim is 384
.


455942[[[[[: [2023-04-12 04:13:332023-04-12 04:13:332023-04-12 04:13:332023-04-12 04:13:332023-04-12 04:13:33E2023-04-12 04:13:33..... .455965455973455965455968455970/samgraph/3rdparty/collcachelib/coll_cache_lib/facade.cc455972: : : : : :: EEEEE415E     ]  /samgraph/3rdparty/collcachelib/coll_cache_lib/facade.cc/samgraph/3rdparty/collcachelib/coll_cache_lib/facade.cc/samgraph/3rdparty/collcachelib/coll_cache_lib/facade.cc/samgraph/3rdparty/collcachelib/coll_cache_lib/facade.cc/samgraph/3rdparty/collcachelib/coll_cache_lib/facade.ccafter scale, dtype is 7, new dim is 96/samgraph/3rdparty/collcachelib/coll_cache_lib/facade.cc:::::
:415415415415415415] ] ] ] ] ] after scale, dtype is 7, new dim is 96after scale, dtype is 7, new dim is 96after scale, dtype is 7, new dim is 96after scale, dtype is 7, new dim is 96after scale, dtype is 7, new dim is 96after scale, dtype is 7, new dim is 96





[2023-04-12 04:13:33.457217: E /samgraph/3rdparty/collcachelib/coll_cache_lib/coll_cache/asymm_link_desc.cc:201] assigning 10 to cpu
[2023-04-12 04:13:33.457260: E /samgraph/3rdparty/collcachelib/coll_cache_lib/coll_cache/asymm_link_desc.cc:218] build symm link desc with 8X NVIDIA A100-SXM4-80GB out of 8
[2023-04-12 04:13:33.457286: E /samgraph/3rdparty/collcachelib/coll_cache_lib/coll_cache/asymm_link_desc.cc:219] remote time is 24.3333
[2023-04-12 04:13:33.457296: E /samgraph/3rdparty/collcachelib/coll_cache_lib/coll_cache/asymm_link_desc.cc:220] cpu time is 91.25
[2023-04-12 04:13:33.457322: E /samgraph/3rdparty/collcachelib/coll_cache_lib/facade.cc:425] registering cpu data with 24.00 GB
[2023-04-12 04:13:33.457738: E /samgraph/3rdparty/collcachelib/coll_cache_lib/coll_cache/asymm_link_desc.cc:201] assigning 10 to cpu
[2023-04-12 04:13:33.457786: E /samgraph/3rdparty/collcachelib/coll_cache_lib/coll_cache/asymm_link_desc.cc:218] build symm link desc with 8X NVIDIA A100-SXM4-80GB out of 8
[2023-04-12 04:13:33.457810: E /samgraph/3rdparty/collcachelib/coll_cache_lib/coll_cache/asymm_link_desc.cc:219] remote time is 24.3333
[2023-04-12 04:13:33.457820: E /samgraph/3rdparty/collcachelib/coll_cache_lib/coll_cache/asymm_link_desc.cc:220] cpu time is 91.25
[2023-04-12 04:13:33.457846: E /samgraph/3rdparty/collcachelib/coll_cache_lib/facade.cc:425] registering cpu data with 24.00 GB
[2023-04-12 04:13:33.457949: E /samgraph/3rdparty/collcachelib/coll_cache_lib/coll_cache/asymm_link_desc.cc:201] assigning 10 to cpu
[2023-04-12 04:13:33.457986: E /samgraph/3rdparty/collcachelib/coll_cache_lib/coll_cache/asymm_link_desc.cc:218] build symm link desc with 8X NVIDIA A100-SXM4-80GB out of 8
[2023-04-12 04:13:33.458004: E /samgraph/3rdparty/collcachelib/coll_cache_lib/coll_cache/asymm_link_desc.cc:219] remote time is 24.3333
[2023-04-12 04:13:33.458014: E /samgraph/3rdparty/collcachelib/coll_cache_lib/coll_cache/asymm_link_desc.cc:220] cpu time is 91.25
[2023-04-12 04:13:33.458039: E /samgraph/3rdparty/collcachelib/coll_cache_lib/facade.cc:425] registering cpu data with 24.00 GB
[2023-04-12 04:13:33.458456: E /samgraph/3rdparty/collcachelib/coll_cache_lib/coll_cache/asymm_link_desc.cc:201] assigning 10 to cpu
[2023-04-12 04:13:33.458477: E /samgraph/3rdparty/collcachelib/coll_cache_lib/coll_cache/asymm_link_desc.cc:201] assigning 10 to cpu
[2023-04-12 04:13:33.458506: E /samgraph/3rdparty/collcachelib/coll_cache_lib/coll_cache/asymm_link_desc.cc:218[] 2023-04-12 04:13:33build symm link desc with 8X NVIDIA A100-SXM4-80GB out of 8.
458512: E /samgraph/3rdparty/collcachelib/coll_cache_lib/coll_cache/asymm_link_desc.cc:218] build symm link desc with 8X NVIDIA A100-SXM4-80GB out of 8
[2023-04-12 04:13:33.458526: E /samgraph/3rdparty/collcachelib/coll_cache_lib/coll_cache/asymm_link_desc.cc[:2023-04-12 04:13:33219.] 458532remote time is 24.3333: 
E /samgraph/3rdparty/collcachelib/coll_cache_lib/coll_cache/asymm_link_desc.cc:219] [remote time is 24.33332023-04-12 04:13:33
.458545: E /samgraph/3rdparty/collcachelib/coll_cache_lib/coll_cache/asymm_link_desc.cc[:2023-04-12 04:13:33220.] 458551cpu time is 91.25: 
E /samgraph/3rdparty/collcachelib/coll_cache_lib/coll_cache/asymm_link_desc.cc:220] cpu time is 91.25
[2023-04-12 04:13:33.[4585772023-04-12 04:13:33: .E458580 : /samgraph/3rdparty/collcachelib/coll_cache_lib/facade.ccE: 425/samgraph/3rdparty/collcachelib/coll_cache_lib/facade.cc] :registering cpu data with 24.00 GB425
] registering cpu data with 24.00 GB
[2023-04-12 04:13:33.458801: E /samgraph/3rdparty/collcachelib/coll_cache_lib/coll_cache/asymm_link_desc.cc:201] assigning 10 to cpu
[2023-04-12 04:13:33.458836: E /samgraph/3rdparty/collcachelib/coll_cache_lib/coll_cache/asymm_link_desc.cc:201] assigning 10 to cpu
[2023-04-12 04:13:33.458846: E /samgraph/3rdparty/collcachelib/coll_cache_lib/coll_cache/asymm_link_desc.cc:218] build symm link desc with 8X NVIDIA A100-SXM4-80GB out of 8
[2023-04-12 04:13:33.458866: E /samgraph/3rdparty/collcachelib/coll_cache_lib/coll_cache/asymm_link_desc.cc:219] remote time is 24.3333
[2023-04-12 04:13:33.458873: [E2023-04-12 04:13:33 ./samgraph/3rdparty/collcachelib/coll_cache_lib/coll_cache/asymm_link_desc.cc458877:: 218E]  build symm link desc with 8X NVIDIA A100-SXM4-80GB out of 8/samgraph/3rdparty/collcachelib/coll_cache_lib/coll_cache/asymm_link_desc.cc
:220] cpu time is 91.25
[2023-04-12 04:13:33.458897: E /samgraph/3rdparty/collcachelib/coll_cache_lib/coll_cache/asymm_link_desc.cc:219] remote time is 24.3333
[2023-04-12 04:13:33.458908: E /samgraph/3rdparty/collcachelib/coll_cache_lib/coll_cache/asymm_link_desc.cc:220] cpu time is 91.25
[2023-04-12 04:13:33.458911: E /samgraph/3rdparty/collcachelib/coll_cache_lib/facade.cc:425] registering cpu data with 24.00 GB
[2023-04-12 04:13:33.458933: E /samgraph/3rdparty/collcachelib/coll_cache_lib/facade.cc:425] registering cpu data with 24.00 GB
[2023-04-12 04:13:35.800382: E /samgraph/3rdparty/collcachelib/coll_cache_lib/freq_recorder.cc:269] freq recorder global combine from 81214175 to 23537296
[2023-04-12 04:13:37.827989: E /samgraph/3rdparty/collcachelib/coll_cache_lib/facade.cc:427] registering cpu data done.
[2023-04-12 04:13:37.828168: E /samgraph/3rdparty/collcachelib/coll_cache_lib/facade.cc:427] registering cpu data done.
[2023-04-12 04:13:37.828290: E /samgraph/3rdparty/collcachelib/coll_cache_lib/facade.cc:427] registering cpu data done.
[2023-04-12 04:13:37.828817: E /samgraph/3rdparty/collcachelib/coll_cache_lib/facade.cc:427] registering cpu data done.
[2023-04-12 04:13:37.830094: E /samgraph/3rdparty/collcachelib/coll_cache_lib/facade.cc:427] registering cpu data done.
[2023-04-12 04:13:37.839316: E /samgraph/3rdparty/collcachelib/coll_cache_lib/facade.cc:427] registering cpu data done.
[2023-04-12 04:13:37.842987: E /samgraph/3rdparty/collcachelib/coll_cache_lib/facade.cc:427] registering cpu data done.
[2023-04-12 04:13:37.894385: E /samgraph/3rdparty/collcachelib/coll_cache_lib/freq_recorder.cc:286] top 5 freq is 544,544,544,544,544
[2023-04-12 04:13:37.894532: E /samgraph/3rdparty/collcachelib/coll_cache_lib/run_config.cc:140] using concurrent impl MPSPhase
[2023-04-12 04:13:37.894552: E /samgraph/3rdparty/collcachelib/coll_cache_lib/facade.cc:409] before scale, dtype is 0, dim is 384
[2023-04-12 04:13:37.894566: E /samgraph/3rdparty/collcachelib/coll_cache_lib/facade.cc:415] after scale, dtype is 7, new dim is 96
[2023-04-12 04:13:37.895782: E /samgraph/3rdparty/collcachelib/coll_cache_lib/coll_cache/asymm_link_desc.cc:201] assigning 10 to cpu
[2023-04-12 04:13:37.895826: E /samgraph/3rdparty/collcachelib/coll_cache_lib/coll_cache/asymm_link_desc.cc:218] build symm link desc with 8X NVIDIA A100-SXM4-80GB out of 8
[2023-04-12 04:13:37.895856: E /samgraph/3rdparty/collcachelib/coll_cache_lib/coll_cache/asymm_link_desc.cc:219] remote time is 24.3333
[2023-04-12 04:13:37.895869: E /samgraph/3rdparty/collcachelib/coll_cache_lib/coll_cache/asymm_link_desc.cc:220] cpu time is 91.25
[2023-04-12 04:13:37.895924: E /samgraph/3rdparty/collcachelib/coll_cache_lib/facade.cc:425] registering cpu data with 24.00 GB
[2023-04-12 04:13:38.961293: E /samgraph/3rdparty/collcachelib/coll_cache_lib/facade.cc:427] registering cpu data done.
[2023-04-12 04:13:38.961358: E /samgraph/3rdparty/collcachelib/coll_cache_lib/facade.cc:174] creating solver
[2023-04-12 04:13:38.961370: E /samgraph/3rdparty/collcachelib/coll_cache_lib/facade.cc:214] solver created. now build & solve
[2023-04-12 04:13:39.533406: E /samgraph/3rdparty/collcachelib/coll_cache_lib/facade.cc:218] solver built. now solve
[2023-04-12 04:13:39.533483: E /samgraph/3rdparty/collcachelib/coll_cache_lib/coll_cache/optimal_solver_class.cc:1432] num_cached_nodes = 9766419
[2023-04-12 04:13:39.855224: E /samgraph/3rdparty/collcachelib/coll_cache_lib/facade.cc:222] solver solved
[2023-04-12 04:13:39.859252: E /samgraph/3rdparty/collcachelib/coll_cache_lib/facade.cc:437] 0 solved master
[2023-04-12 04:13:39.859280: E /samgraph/3rdparty/collcachelib/coll_cache_lib/facade.cc:444] 0 solved
[2023-04-12 04:13:39.859291: E /samgraph/3rdparty/collcachelib/coll_cache_lib/facade.cc:447] worker 0 thread 0 initing device 0
[2023-04-12 04:13:39.860796: E /samgraph/3rdparty/collcachelib/coll_cache_lib/cache_context.cu:2308] Building Coll Cache with ... num gpu device is 8
[2023-04-12 04:13:39.861326: E /samgraph/3rdparty/collcachelib/coll_cache_lib/cuda/cache_hashtable.cuh:611] per src size local is 10743160
[[2023-04-12 04:13:39.2023-04-12 04:13:39908617.: 908640E:  E/samgraph/3rdparty/collcachelib/coll_cache_lib/facade.cc :/samgraph/3rdparty/collcachelib/coll_cache_lib/facade.cc444:] 4442 solved] 
3 solved
[[2023-04-12 04:13:392023-04-12 04:13:39..908677908678: : EE  /samgraph/3rdparty/collcachelib/coll_cache_lib/facade.cc/samgraph/3rdparty/collcachelib/coll_cache_lib/facade.cc::447447] ] worker 0 thread 2 initing device 2
worker 0 thread 3 initing device 3
[2023-04-12 04:13:39.908649: E /samgraph/3rdparty/collcachelib/coll_cache_lib/facade.cc:444] 6 solved
[2023-04-12 04:13:39.908724: E /samgraph/3rdparty/collcachelib/coll_cache_lib/facade.cc:447] worker 0 thread 6 initing device 6
[2023-04-12 04:13:39.910719: E /samgraph/3rdparty/collcachelib/coll_cache_lib/cache_context.cu:2308] Building Coll Cache with ... num gpu device is 8
[2023-04-12 04:13:39.917827: E /samgraph/3rdparty/collcachelib/coll_cache_lib/facade.cc:444] 4 solved
[2023-04-12 04:13:39.917872: E /samgraph/3rdparty/collcachelib/coll_cache_lib/facade.cc:447] worker 0 thread 4 initing device 4
[2023-04-12 04:13:39.919281: E /samgraph/3rdparty/collcachelib/coll_cache_lib/cache_context.cu:2308] Building Coll Cache with ... num gpu device is 8
[[2023-04-12 04:13:39.919519: 2023-04-12 04:13:39E. [919524/samgraph/3rdparty/collcachelib/coll_cache_lib/facade.cc: :E444 2023-04-12 04:13:39] /samgraph/3rdparty/collcachelib/coll_cache_lib/facade.cc.:5 solved919519
444: ] E [/samgraph/3rdparty/collcachelib/coll_cache_lib/facade.cc7 solved2023-04-12 04:13:39:
.444919587] : 1 solvedE
 /samgraph/3rdparty/collcachelib/coll_cache_lib/facade.cc:447] [worker 0 thread 5 initing device 52023-04-12 04:13:39[
.2023-04-12 04:13:39919600.: 919604E:  E/samgraph/3rdparty/collcachelib/coll_cache_lib/facade.cc :/samgraph/3rdparty/collcachelib/coll_cache_lib/facade.cc447:] 447] worker 0 thread 7 initing device 7
worker 0 thread 1 initing device 1
[2023-04-12 04:13:39.919994: E /samgraph/3rdparty/collcachelib/coll_cache_lib/cache_context.cu:2308] Building Coll Cache with ... num gpu device is 8
[2023-04-12 04:13:39.920165: E /samgraph/3rdparty/collcachelib/coll_cache_lib/cache_context.cu:2308] Building Coll Cache with ... num gpu device is 8
[2023-04-12 04:13:39.921002: E /samgraph/3rdparty/collcachelib/coll_cache_lib/cache_context.cu:2308] Building Coll Cache with ... num gpu device is 8
[2023-04-12 04:13:39.926007: E /samgraph/3rdparty/collcachelib/coll_cache_lib/cache_context.cu:2308] Building Coll Cache with ... num gpu device is 8
[2023-04-12 04:13:39.926855: E /samgraph/3rdparty/collcachelib/coll_cache_lib/cache_context.cu:2308] Building Coll Cache with ... num gpu device is 8
[2023-04-12 04:13:39.998606: E /samgraph/3rdparty/collcachelib/coll_cache_lib/common.cc:261] making a tensor with 0 num item
[2023-04-12 04:13:39.998686: E /samgraph/3rdparty/collcachelib/coll_cache_lib/cache_context.cu:2350] num cpu nodes is 234394080
[2023-04-12 04:13:40.  3573: E /samgraph/3rdparty/collcachelib/coll_cache_lib/common.cc:261] making a tensor with 0 num item
[2023-04-12 04:13:40.  3630: E /samgraph/3rdparty/collcachelib/coll_cache_lib/cache_context.cu:2350] num cpu nodes is 234394080
[[2023-04-12 04:13:402023-04-12 04:13:40.. 10682 10708: : EE  /samgraph/3rdparty/collcachelib/coll_cache_lib/common.cc/samgraph/3rdparty/collcachelib/coll_cache_lib/common.cc::261261] ] making a tensor with 0 num itemmaking a tensor with 0 num item

[[2023-04-12 04:13:402023-04-12 04:13:40.. 10751 10751: : EE  /samgraph/3rdparty/collcachelib/coll_cache_lib/cache_context.cu/samgraph/3rdparty/collcachelib/coll_cache_lib/cache_context.cu::23502350] ] num cpu nodes is 234394080num cpu nodes is 234394080

[[2023-04-12 04:13:402023-04-12 04:13:40.. 18236 18261: : EE  /samgraph/3rdparty/collcachelib/coll_cache_lib/common.cc/samgraph/3rdparty/collcachelib/coll_cache_lib/common.cc::261261] ] making a tensor with 0 num itemmaking a tensor with 0 num item

[2023-04-12 04:13:40[.2023-04-12 04:13:40 18301.:  18302E:  E/samgraph/3rdparty/collcachelib/coll_cache_lib/cache_context.cu :/samgraph/3rdparty/collcachelib/coll_cache_lib/cache_context.cu2350:] 2350num cpu nodes is 234394080] 
num cpu nodes is 234394080
[2023-04-12 04:13:40. 41221: E /samgraph/3rdparty/collcachelib/coll_cache_lib/common.cc:261] making a tensor with 0 num item
[2023-04-12 04:13:40. 41277: E /samgraph/3rdparty/collcachelib/coll_cache_lib/cache_context.cu:2350] num cpu nodes is 234394080
[2023-04-12 04:13:40. 41431: E /samgraph/3rdparty/collcachelib/coll_cache_lib/common.cc:261] making a tensor with 0 num item
[2023-04-12 04:13:40. 41480: E /samgraph/3rdparty/collcachelib/coll_cache_lib/cache_context.cu:2350] num cpu nodes is 234394080
[2023-04-12 04:13:41.281519: E /samgraph/3rdparty/collcachelib/coll_cache_lib/cuda/cache_hashtable.cu:355] create a hashtable with 9766419 possible elem, scale to 33554432
[2023-04-12 04:13:41.281584: E /samgraph/3rdparty/collcachelib/coll_cache_lib/cuda/cache_hashtable.cu:360] SimpleHashTable allocating 256.00 MB
[2023-04-12 04:13:41.282759: E /samgraph/3rdparty/collcachelib/coll_cache_lib/cuda/cache_hashtable.cu:355] create a hashtable with 9766419 possible elem, scale to 33554432
[2023-04-12 04:13:41.282806: E /samgraph/3rdparty/collcachelib/coll_cache_lib/cuda/cache_hashtable.cu:360] SimpleHashTable allocating 256.00 MB
[2023-04-12 04:13:41.283879: E /samgraph/3rdparty/collcachelib/coll_cache_lib/cuda/cache_hashtable.cu:355] create a hashtable with 9766419 possible elem, scale to 33554432
[2023-04-12 04:13:41.283934: E /samgraph/3rdparty/collcachelib/coll_cache_lib/cuda/cache_hashtable.cu:360] SimpleHashTable allocating 256.00 MB
[2023-04-12 04:13:41.283946: E /samgraph/3rdparty/collcachelib/coll_cache_lib/cuda/cache_hashtable.cu:355] create a hashtable with 9766419 possible elem, scale to 33554432
[2023-04-12 04:13:41.283984: E /samgraph/3rdparty/collcachelib/coll_cache_lib/cuda/cache_hashtable.cu:360] SimpleHashTable allocating 256.00 MB
[2023-04-12 04:13:41.285217: E /samgraph/3rdparty/collcachelib/coll_cache_lib/cuda/cache_hashtable.cu:355] create a hashtable with 9766419 possible elem, scale to 33554432
[2023-04-12 04:13:41.285251[: 2023-04-12 04:13:41E. 285268/samgraph/3rdparty/collcachelib/coll_cache_lib/cuda/cache_hashtable.cu: :E355 ] /samgraph/3rdparty/collcachelib/coll_cache_lib/cuda/cache_hashtable.cucreate a hashtable with 9766419 possible elem, scale to 33554432:
360] SimpleHashTable allocating 256.00 MB
[2023-04-12 04:13:41.285306: E /samgraph/3rdparty/collcachelib/coll_cache_lib/cuda/cache_hashtable.cu:360] SimpleHashTable allocating 256.00 MB
[2023-04-12 04:13:41.285404: E /samgraph/3rdparty/collcachelib/coll_cache_lib/cuda/cache_hashtable.cu:355] create a hashtable with 9766419 possible elem, scale to 33554432
[2023-04-12 04:13:41.285464: E /samgraph/3rdparty/collcachelib/coll_cache_lib/cuda/cache_hashtable.cu:360] SimpleHashTable allocating 256.00 MB
[2023-04-12 04:13:41.286227: E /samgraph/3rdparty/collcachelib/coll_cache_lib/cuda/cache_hashtable.cu:355] create a hashtable with 9766419 possible elem, scale to 33554432
[2023-04-12 04:13:41.286271: E /samgraph/3rdparty/collcachelib/coll_cache_lib/cuda/cache_hashtable.cu:360] SimpleHashTable allocating 256.00 MB
[2023-04-12 04:13:41.313884: E /samgraph/3rdparty/collcachelib/coll_cache_lib/common.cc:107] too many mem allocated for forcescale?10010580->244161
[2023-04-12 04:13:41.314078: E /samgraph/3rdparty/collcachelib/coll_cache_lib/common.cc:107] too many mem allocated for forcescale?10010580->244161
[2023-04-12 04:13:41.314242: E /samgraph/3rdparty/collcachelib/coll_cache_lib/common.cc:107] too many mem allocated for forcescale?10010580->244161
[2023-04-12 04:13:41.314418: E /samgraph/3rdparty/collcachelib/coll_cache_lib/common.cc:107] too many mem allocated for forcescale?10010580->244161
[2023-04-12 04:13:41.314578: E /samgraph/3rdparty/collcachelib/coll_cache_lib/common.cc:107] too many mem allocated for forcescale?10010580->244161
[2023-04-12 04:13:41.314752: E /samgraph/3rdparty/collcachelib/coll_cache_lib/common.cc:107] too many mem allocated for forcescale?10010580->244161
[2023-04-12 04:13:41.314922: E /samgraph/3rdparty/collcachelib/coll_cache_lib/common.cc:107] too many mem allocated for forcescale?10010580->244161
[2023-04-12 04:13:41.315088: E /samgraph/3rdparty/collcachelib/coll_cache_lib/common.cc:107] too many mem allocated for forcescale?10010580->244161
[2023-04-12 04:13:41.315828: E /samgraph/3rdparty/collcachelib/coll_cache_lib/cache_context.cu:2427] Asymm Coll cache (policy: rep_cache) | local 9766419 / 244160499 nodes ( 4.00 %~4.00 %) | remote 0 / 244160499 nodes ( 0.00 %) | cpu 234394080 / 244160499 nodes ( 96.00 %) | 14.32 GB | 1.38894 secs 
[2023-04-12 04:13:41.336504[: 2023-04-12 04:13:41E. 336520/samgraph/3rdparty/collcachelib/coll_cache_lib/cache_context.cu: :E2427 ] /samgraph/3rdparty/collcachelib/coll_cache_lib/cache_context.cu:2427] Asymm Coll cache (policy: rep_cache) | local 9766419 / 244160499 nodes ( 4.00 %~4.00 %) | remote 0 / 244160499 nodes ( 0.00 %) | cpu 234394080 / 244160499 nodes ( 96.00 %) | 14.32 GB | 1.4165 secs 
Asymm Coll cache (policy: rep_cache) | local 9766419 / 244160499 nodes ( 4.00 %~4.00 %) | remote 0 / 244160499 nodes ( 0.00 %) | cpu 234394080 / 244160499 nodes ( 96.00 %) | 14.32 GB | 1.42575 secs 
[2023-04-12 04:13:41.339800: E /samgraph/3rdparty/collcachelib/coll_cache_lib/cache_context.cu:2427] Asymm Coll cache (policy: rep_cache) | local 9766419 / 244160499 nodes ( 4.00 %~4.00 %) | remote 0 / 244160499 nodes ( 0.00 %) | cpu 234394080 / 244160499 nodes ( 96.00 %) | 14.32 GB | 1.47898 secs 
[2023-04-12 04:13:41.341346: E /samgraph/3rdparty/collcachelib/coll_cache_lib/cache_context.cu:2427] Asymm Coll cache (policy: rep_cache) | local 9766419 / 244160499 nodes ( 4.00 %~4.00 %) | remote 0 / 244160499 nodes ( 0.00 %) | cpu 234394080 / 244160499 nodes ( 96.00 %) | 14.32 GB | 1.4153 secs 
[2023-04-12 04:13:41.341681: E /samgraph/3rdparty/collcachelib/coll_cache_lib/cache_context.cu:2427] Asymm Coll cache (policy: rep_cache) | local 9766419 / 244160499 nodes ( 4.00 %~4.00 %) | remote 0 / 244160499 nodes ( 0.00 %) | cpu 234394080 / 244160499 nodes ( 96.00 %) | 14.32 GB | 1.42238 secs 
[2023-04-12 04:13:41.342465: W /samgraph/3rdparty/collcachelib/coll_cache_lib/cache_context.cu:3946] before create ctx, mem is 21.04 GB
[2023-04-12 04:13:41.344339: E /samgraph/3rdparty/collcachelib/coll_cache_lib/cache_context.cu:2427] Asymm Coll cache (policy: rep_cache) | local 9766419 / 244160499 nodes ( 4.00 %~4.00 %) | remote 0 / 244160499 nodes ( 0.00 %) | cpu 234394080 / 244160499 nodes ( 96.00 %) | 14.32 GB | 1.42331 secs 
[2023-04-12 04:13:41.345659: E /samgraph/3rdparty/collcachelib/coll_cache_lib/cache_context.cu:2427] Asymm Coll cache (policy: rep_cache) | local 9766419 / 244160499 nodes ( 4.00 %~4.00 %) | remote 0 / 244160499 nodes ( 0.00 %) | cpu 234394080 / 244160499 nodes ( 96.00 %) | 14.32 GB | 1.42547 secs 
[2023-04-12 04:13:41.346985: W /samgraph/3rdparty/collcachelib/coll_cache_lib/cache_context.cu:3946] before create ctx, mem is 21.04 GB
[2023-04-12 04:13:41.348523: W /samgraph/3rdparty/collcachelib/coll_cache_lib/cache_context.cu:3946] before create ctx, mem is 21.04 GB
[2023-04-12 04:13:41.349007: W /samgraph/3rdparty/collcachelib/coll_cache_lib/cache_context.cu:3946] before create ctx, mem is 21.04 GB
[2023-04-12 04:13:41.350169: W /samgraph/3rdparty/collcachelib/coll_cache_lib/cache_context.cu:3946] before create ctx, mem is 21.04 GB
[2023-04-12 04:13:41.351208: W /samgraph/3rdparty/collcachelib/coll_cache_lib/cache_context.cu:3946] before create ctx, mem is 21.04 GB
[2023-04-12 04:13:41.351679: W /samgraph/3rdparty/collcachelib/coll_cache_lib/cache_context.cu:3946] before create ctx, mem is 21.04 GB
[2023-04-12 04:13:41.351965: W /samgraph/3rdparty/collcachelib/coll_cache_lib/cache_context.cu:3946] before create ctx, mem is 21.04 GB
[2023-04-12 04:13:51.564204: W /samgraph/3rdparty/collcachelib/coll_cache_lib/cache_context.cu:3946] after create ctx, mem is 23.42 GB
[2023-04-12 04:13:51.564298: W /samgraph/3rdparty/collcachelib/coll_cache_lib/cache_context.cu:3946] after create stream, mem is 23.42 GB
[2023-04-12 04:13:51.774704: W /samgraph/3rdparty/collcachelib/coll_cache_lib/cache_context.cu:3946] after create ctx, mem is 23.53 GB
[2023-04-12 04:13:51.775051: W /samgraph/3rdparty/collcachelib/coll_cache_lib/cache_context.cu:3946] after create stream, mem is 23.53 GB
[2023-04-12 04:13:52. 74771: W /samgraph/3rdparty/collcachelib/coll_cache_lib/cache_context.cu:3946] after create ctx, mem is 23.69 GB
[2023-04-12 04:13:52. 74847: W /samgraph/3rdparty/collcachelib/coll_cache_lib/cache_context.cu:3946] after create stream, mem is 23.69 GB
[2023-04-12 04:13:52.320770: W /samgraph/3rdparty/collcachelib/coll_cache_lib/cache_context.cu:3946] after create ctx, mem is 23.80 GB
[2023-04-12 04:13:52.321248: W /samgraph/3rdparty/collcachelib/coll_cache_lib/cache_context.cu:3946] after create stream, mem is 23.80 GB
[2023-04-12 04:13:52.422745: W /samgraph/3rdparty/collcachelib/coll_cache_lib/cache_context.cu:3946] after create ctx, mem is 23.86 GB
[2023-04-12 04:13:52.423090: W /samgraph/3rdparty/collcachelib/coll_cache_lib/cache_context.cu:3946] after create stream, mem is 23.86 GB
[2023-04-12 04:13:52.557050: W /samgraph/3rdparty/collcachelib/coll_cache_lib/cache_context.cu:3946] after create ctx, mem is 23.93 GB
[2023-04-12 04:13:52.557119: W /samgraph/3rdparty/collcachelib/coll_cache_lib/cache_context.cu:3946] after create stream, mem is 23.93 GB
[2023-04-12 04:13:52.817367: W /samgraph/3rdparty/collcachelib/coll_cache_lib/cache_context.cu:3946] after create ctx, mem is 24.05 GB
[2023-04-12 04:13:52.817885: W /samgraph/3rdparty/collcachelib/coll_cache_lib/cache_context.cu:3946] after create stream, mem is 24.05 GB
[2023-04-12 04:13:52.937965: W /samgraph/3rdparty/collcachelib/coll_cache_lib/cache_context.cu:3946] after create ctx, mem is 24.10 GB
[2023-04-12 04:13:52.938274: W /samgraph/3rdparty/collcachelib/coll_cache_lib/cache_context.cu:3946] after create stream, mem is 24.10 GB
/usr/local/lib/python3.8/dist-packages/torch/nn/parallel/scatter_gather.py:9: UserWarning: is_namedtuple is deprecated, please use the python checks instead
  warnings.warn("is_namedtuple is deprecated, please use the python checks instead")
/usr/local/lib/python3.8/dist-packages/torch/nn/parallel/scatter_gather.py:9: UserWarning: is_namedtuple is deprecated, please use the python checks instead
  warnings.warn("is_namedtuple is deprecated, please use the python checks instead")
/usr/local/lib/python3.8/dist-packages/torch/nn/parallel/scatter_gather.py:9: UserWarning: is_namedtuple is deprecated, please use the python checks instead
  warnings.warn("is_namedtuple is deprecated, please use the python checks instead")
/usr/local/lib/python3.8/dist-packages/torch/nn/parallel/scatter_gather.py:9: UserWarning: is_namedtuple is deprecated, please use the python checks instead
  warnings.warn("is_namedtuple is deprecated, please use the python checks instead")
/usr/local/lib/python3.8/dist-packages/torch/nn/parallel/scatter_gather.py:9: UserWarning: is_namedtuple is deprecated, please use the python checks instead
  warnings.warn("is_namedtuple is deprecated, please use the python checks instead")
/usr/local/lib/python3.8/dist-packages/torch/nn/parallel/scatter_gather.py:9: UserWarning: is_namedtuple is deprecated, please use the python checks instead
  warnings.warn("is_namedtuple is deprecated, please use the python checks instead")
/usr/local/lib/python3.8/dist-packages/torch/nn/parallel/scatter_gather.py:9: UserWarning: is_namedtuple is deprecated, please use the python checks instead
  warnings.warn("is_namedtuple is deprecated, please use the python checks instead")
/usr/local/lib/python3.8/dist-packages/torch/nn/parallel/scatter_gather.py:9: UserWarning: is_namedtuple is deprecated, please use the python checks instead
  warnings.warn("is_namedtuple is deprecated, please use the python checks instead")
