/usr/lib/python3/dist-packages/requests/__init__.py:89: RequestsDependencyWarning: urllib3 (1.26.12) or chardet (3.0.4) doesn't match a supported version!
  warnings.warn("urllib3 ({}) or chardet ({}) doesn't match a supported "
[W socket.cpp:601] [c10d] The client socket has failed to connect to [localhost]:12335 (errno: 99 - Cannot assign requested address).
Rank=5 done reading 30520063 embedding vectors from file /nvme/songxiaoniu/graph-learning/wholegraph/mag240m_homo/converted/homograph_csr_row_ptr
Rank=4 done reading 30520063 embedding vectors from file /nvme/songxiaoniu/graph-learning/wholegraph/mag240m_homo/converted/homograph_csr_row_ptr
Rank=1 done reading 30520063 embedding vectors from file /nvme/songxiaoniu/graph-learning/wholegraph/mag240m_homo/converted/homograph_csr_row_ptr
Rank=3 done reading 30520063 embedding vectors from file /nvme/songxiaoniu/graph-learning/wholegraph/mag240m_homo/converted/homograph_csr_row_ptr
Rank=7 done reading 30520059 embedding vectors from file /nvme/songxiaoniu/graph-learning/wholegraph/mag240m_homo/converted/homograph_csr_row_ptr
Rank=6 done reading 30520063 embedding vectors from file /nvme/songxiaoniu/graph-learning/wholegraph/mag240m_homo/converted/homograph_csr_row_ptr
Rank=0 done reading 30520063 embedding vectors from file /nvme/songxiaoniu/graph-learning/wholegraph/mag240m_homo/converted/homograph_csr_row_ptr
Rank=2 done reading 30520063 embedding vectors from file /nvme/songxiaoniu/graph-learning/wholegraph/mag240m_homo/converted/homograph_csr_row_ptr
Rank=1 done reading 431808978 embedding vectors from file /nvme/songxiaoniu/graph-learning/wholegraph/mag240m_homo/converted/homograph_csr_col_idx
Rank=0 done reading 431808978 embedding vectors from file /nvme/songxiaoniu/graph-learning/wholegraph/mag240m_homo/converted/homograph_csr_col_idx
Rank=5 done reading 431808978 embedding vectors from file /nvme/songxiaoniu/graph-learning/wholegraph/mag240m_homo/converted/homograph_csr_col_idx
Rank=4 done reading 431808978 embedding vectors from file /nvme/songxiaoniu/graph-learning/wholegraph/mag240m_homo/converted/homograph_csr_col_idx
Rank=7 done reading 431808978 embedding vectors from file /nvme/songxiaoniu/graph-learning/wholegraph/mag240m_homo/converted/homograph_csr_col_idx
Rank=6 done reading 431808978 embedding vectors from file /nvme/songxiaoniu/graph-learning/wholegraph/mag240m_homo/converted/homograph_csr_col_idx
Rank=3 done reading 431808978 embedding vectors from file /nvme/songxiaoniu/graph-learning/wholegraph/mag240m_homo/converted/homograph_csr_col_idx
Rank=2 done reading 431808978 embedding vectors from file /nvme/songxiaoniu/graph-learning/wholegraph/mag240m_homo/converted/homograph_csr_col_idx
[2023-04-13 06:06:33.423675: E /samgraph/3rdparty/collcachelib/coll_cache_lib/freq_recorder.cc:337] bulk append 1008911 into 0
[2023-04-13 06:06:33.427888: E /samgraph/3rdparty/collcachelib/coll_cache_lib/freq_recorder.cc:347] bulk append 3569468
[2023-04-13 06:06:33.428031: E /samgraph/3rdparty/collcachelib/coll_cache_lib/freq_recorder.cc:337] bulk append 1006367 into 1008911
[2023-04-13 06:06:33.432477: E /samgraph/3rdparty/collcachelib/coll_cache_lib/freq_recorder.cc:347] bulk append 3567858
[2023-04-13 06:06:33.432598: E /samgraph/3rdparty/collcachelib/coll_cache_lib/freq_recorder.cc:337] bulk append 1006885 into 2015278
[2023-04-13 06:06:33.441163: E /samgraph/3rdparty/collcachelib/coll_cache_lib/freq_recorder.cc:347] bulk append 3571295
[2023-04-13 06:06:33.441296: E /samgraph/3rdparty/collcachelib/coll_cache_lib/freq_recorder.cc:337] bulk append 1007220 into 3022163
[2023-04-13 06:06:33.445441: E /samgraph/3rdparty/collcachelib/coll_cache_lib/freq_recorder.cc:347] bulk append 3569627
[2023-04-13 06:06:33.445568: E /samgraph/3rdparty/collcachelib/coll_cache_lib/freq_recorder.cc:337] bulk append 1007852 into 4029383
[2023-04-13 06:06:33.449684: E /samgraph/3rdparty/collcachelib/coll_cache_lib/freq_recorder.cc:347] bulk append 3578766
[2023-04-13 06:06:33.449815: E /samgraph/3rdparty/collcachelib/coll_cache_lib/freq_recorder.cc:337] bulk append 1006507 into 5037235
[2023-04-13 06:06:33.454271: E /samgraph/3rdparty/collcachelib/coll_cache_lib/freq_recorder.cc:347] bulk append 3574827
[2023-04-13 06:06:33.454394: E /samgraph/3rdparty/collcachelib/coll_cache_lib/freq_recorder.cc:337] bulk append 1005417 into 6043742
[2023-04-13 06:06:33.462887: E /samgraph/3rdparty/collcachelib/coll_cache_lib/freq_recorder.cc:347] bulk append 3561555
[2023-04-13 06:06:33.463018: E /samgraph/3rdparty/collcachelib/coll_cache_lib/freq_recorder.cc:337] bulk append 1007307 into 7049159
[2023-04-13 06:06:33.467162: E /samgraph/3rdparty/collcachelib/coll_cache_lib/freq_recorder.cc:347] bulk append 3579151
[2023-04-13 06:06:33.467285: E /samgraph/3rdparty/collcachelib/coll_cache_lib/freq_recorder.cc:337] bulk append 1005477 into 8056466
[2023-04-13 06:06:33.471431: E /samgraph/3rdparty/collcachelib/coll_cache_lib/freq_recorder.cc:347] bulk append 3576335
[2023-04-13 06:06:33.471551: E /samgraph/3rdparty/collcachelib/coll_cache_lib/freq_recorder.cc:337] bulk append 1006286 into 9061943
[2023-04-13 06:06:33.475984: E /samgraph/3rdparty/collcachelib/coll_cache_lib/freq_recorder.cc:347] bulk append 3569524
[2023-04-13 06:06:33.476126: E /samgraph/3rdparty/collcachelib/coll_cache_lib/freq_recorder.cc:337] bulk append 1010632 into 10068229
[2023-04-13 06:06:33.480293: E /samgraph/3rdparty/collcachelib/coll_cache_lib/freq_recorder.cc:347] bulk append 3579829
[2023-04-13 06:06:33.480434: E /samgraph/3rdparty/collcachelib/coll_cache_lib/freq_recorder.cc:337] bulk append 1009810 into 11078861
[2023-04-13 06:06:33.484580: E /samgraph/3rdparty/collcachelib/coll_cache_lib/freq_recorder.cc:347] bulk append 3578762
[2023-04-13 06:06:33.484698: E /samgraph/3rdparty/collcachelib/coll_cache_lib/freq_recorder.cc:337] bulk append 1009785 into 12088671
[2023-04-13 06:06:33.488821: E /samgraph/3rdparty/collcachelib/coll_cache_lib/freq_recorder.cc:347] bulk append 3581199
[2023-04-13 06:06:33.488944: E /samgraph/3rdparty/collcachelib/coll_cache_lib/freq_recorder.cc:337] bulk append 1009412 into 13098456
[2023-04-13 06:06:33.493075: E /samgraph/3rdparty/collcachelib/coll_cache_lib/freq_recorder.cc:347] bulk append 3577873
[2023-04-13 06:06:33.493197: E /samgraph/3rdparty/collcachelib/coll_cache_lib/freq_recorder.cc:337] bulk append 1008631 into 14107868
[2023-04-13 06:06:33.497305: E /samgraph/3rdparty/collcachelib/coll_cache_lib/freq_recorder.cc:347] bulk append 3586051
[2023-04-13 06:06:33.497427: E /samgraph/3rdparty/collcachelib/coll_cache_lib/freq_recorder.cc:337] bulk append 1009015 into 15116499
[2023-04-13 06:06:33.501560: E /samgraph/3rdparty/collcachelib/coll_cache_lib/freq_recorder.cc:347] bulk append 3580752
[2023-04-13 06:06:33.501679: E /samgraph/3rdparty/collcachelib/coll_cache_lib/freq_recorder.cc:337] bulk append 1008801 into 16125514
[2023-04-13 06:06:33.505819: E /samgraph/3rdparty/collcachelib/coll_cache_lib/freq_recorder.cc:347] bulk append 3574218
[2023-04-13 06:06:33.505944: E /samgraph/3rdparty/collcachelib/coll_cache_lib/freq_recorder.cc:337] bulk append 1009511 into 17134315
[2023-04-13 06:06:33.510071: E /samgraph/3rdparty/collcachelib/coll_cache_lib/freq_recorder.cc:347] bulk append 3587089
[2023-04-13 06:06:33.510200: E /samgraph/3rdparty/collcachelib/coll_cache_lib/freq_recorder.cc:337] bulk append 1009099 into 18143826
[2023-04-13 06:06:33.514328: E /samgraph/3rdparty/collcachelib/coll_cache_lib/freq_recorder.cc:347] bulk append 3582364
[2023-04-13 06:06:33.514452: E /samgraph/3rdparty/collcachelib/coll_cache_lib/freq_recorder.cc:337] bulk append 1010749 into 19152925
[2023-04-13 06:06:33.518585: E /samgraph/3rdparty/collcachelib/coll_cache_lib/freq_recorder.cc:347] bulk append 3585898
[2023-04-13 06:06:33.518725: E /samgraph/3rdparty/collcachelib/coll_cache_lib/freq_recorder.cc:337] bulk append 1010016 into 20163674
[2023-04-13 06:06:33.522949: E /samgraph/3rdparty/collcachelib/coll_cache_lib/freq_recorder.cc:347] bulk append 3579484
[2023-04-13 06:06:33.523102: E /samgraph/3rdparty/collcachelib/coll_cache_lib/freq_recorder.cc:337] bulk append 1007762 into 21173690
[2023-04-13 06:06:33.527247: E /samgraph/3rdparty/collcachelib/coll_cache_lib/freq_recorder.cc:347] bulk append 3576431
[2023-04-13 06:06:33.527400: E /samgraph/3rdparty/collcachelib/coll_cache_lib/freq_recorder.cc:337] bulk append 1007587 into 22181452
[2023-04-13 06:06:33.531551: E /samgraph/3rdparty/collcachelib/coll_cache_lib/freq_recorder.cc:347] bulk append 3576236
[2023-04-13 06:06:33.531691: E /samgraph/3rdparty/collcachelib/coll_cache_lib/freq_recorder.cc:337] bulk append 1009131 into 23189039
[2023-04-13 06:06:33.535833: E /samgraph/3rdparty/collcachelib/coll_cache_lib/freq_recorder.cc:347] bulk append 3579117
[2023-04-13 06:06:33.535968: E /samgraph/3rdparty/collcachelib/coll_cache_lib/freq_recorder.cc:337] bulk append 1008465 into 24198170
[2023-04-13 06:06:33.540102: E /samgraph/3rdparty/collcachelib/coll_cache_lib/freq_recorder.cc:347] bulk append 3586677
[2023-04-13 06:06:33.540239: E /samgraph/3rdparty/collcachelib/coll_cache_lib/freq_recorder.cc:337] bulk append 1008240 into 25206635
[2023-04-13 06:06:33.544364: E /samgraph/3rdparty/collcachelib/coll_cache_lib/freq_recorder.cc:347] bulk append 3579080
[2023-04-13 06:06:33.544498: E /samgraph/3rdparty/collcachelib/coll_cache_lib/freq_recorder.cc:337] bulk append 1008177 into 26214875
[2023-04-13 06:06:33.548621: E /samgraph/3rdparty/collcachelib/coll_cache_lib/freq_recorder.cc:347] bulk append 3574659
[2023-04-13 06:06:33.548766: E /samgraph/3rdparty/collcachelib/coll_cache_lib/freq_recorder.cc:337] bulk append 1008141 into 27223052
[2023-04-13 06:06:33.552905: E /samgraph/3rdparty/collcachelib/coll_cache_lib/freq_recorder.cc:347] bulk append 3587025
[2023-04-13 06:06:33.553039: E /samgraph/3rdparty/collcachelib/coll_cache_lib/freq_recorder.cc:337] bulk append 1008874 into 28231193
[2023-04-13 06:06:33.557196: E /samgraph/3rdparty/collcachelib/coll_cache_lib/freq_recorder.cc:347] bulk append 3580329
[2023-04-13 06:06:33.557334: E /samgraph/3rdparty/collcachelib/coll_cache_lib/freq_recorder.cc:337] bulk append 1008306 into 29240067
[2023-04-13 06:06:33.561481: E /samgraph/3rdparty/collcachelib/coll_cache_lib/freq_recorder.cc:347] bulk append 3581547
[2023-04-13 06:06:33.561625: E /samgraph/3rdparty/collcachelib/coll_cache_lib/freq_recorder.cc:337] bulk append 1010196 into 30248373
[2023-04-13 06:06:33.565819: E /samgraph/3rdparty/collcachelib/coll_cache_lib/freq_recorder.cc:347] bulk append 3576897
[2023-04-13 06:06:33.565960: E /samgraph/3rdparty/collcachelib/coll_cache_lib/freq_recorder.cc:337] bulk append 1009130 into 31258569
[2023-04-13 06:06:33.570101: E /samgraph/3rdparty/collcachelib/coll_cache_lib/freq_recorder.cc:347] bulk append 3574225
[2023-04-13 06:06:33.570237: E /samgraph/3rdparty/collcachelib/coll_cache_lib/freq_recorder.cc:337] bulk append 1007887 into 32267699
[2023-04-13 06:06:33.574372: E /samgraph/3rdparty/collcachelib/coll_cache_lib/freq_recorder.cc:347] bulk append 3573036
[2023-04-13 06:06:33.574493: E /samgraph/3rdparty/collcachelib/coll_cache_lib/freq_recorder.cc:337] bulk append 1010240 into 33275586
[2023-04-13 06:06:33.578631: E /samgraph/3rdparty/collcachelib/coll_cache_lib/freq_recorder.cc:347] bulk append 3579495
[2023-04-13 06:06:33.578766: E /samgraph/3rdparty/collcachelib/coll_cache_lib/freq_recorder.cc:337] bulk append 1009699 into 34285826
[2023-04-13 06:06:33.582908: E /samgraph/3rdparty/collcachelib/coll_cache_lib/freq_recorder.cc:347] bulk append 3585433
[2023-04-13 06:06:33.583028: E /samgraph/3rdparty/collcachelib/coll_cache_lib/freq_recorder.cc:337] bulk append 1009641 into 35295525
[2023-04-13 06:06:33.587158: E /samgraph/3rdparty/collcachelib/coll_cache_lib/freq_recorder.cc:347] bulk append 3580283
[2023-04-13 06:06:33.587285: E /samgraph/3rdparty/collcachelib/coll_cache_lib/freq_recorder.cc:337] bulk append 1008359 into 36305166
[2023-04-13 06:06:33.591425: E /samgraph/3rdparty/collcachelib/coll_cache_lib/freq_recorder.cc:347] bulk append 3565980
[2023-04-13 06:06:33.591545: E /samgraph/3rdparty/collcachelib/coll_cache_lib/freq_recorder.cc:337] bulk append 1009366 into 37313525
[2023-04-13 06:06:33.595684: E /samgraph/3rdparty/collcachelib/coll_cache_lib/freq_recorder.cc:347] bulk append 3583144
[2023-04-13 06:06:33.595832: E /samgraph/3rdparty/collcachelib/coll_cache_lib/freq_recorder.cc:337] bulk append 1008454 into 38322891
[2023-04-13 06:06:33.599970: E /samgraph/3rdparty/collcachelib/coll_cache_lib/freq_recorder.cc:347] bulk append 3578272
[2023-04-13 06:06:33.600095: E /samgraph/3rdparty/collcachelib/coll_cache_lib/freq_recorder.cc:337] bulk append 1009456 into 39331345
[2023-04-13 06:06:33.604232: E /samgraph/3rdparty/collcachelib/coll_cache_lib/freq_recorder.cc:347] bulk append 3578594
[2023-04-13 06:06:33.604385: E /samgraph/3rdparty/collcachelib/coll_cache_lib/freq_recorder.cc:337] bulk append 1007542 into 40340801
[2023-04-13 06:06:33.608894: E /samgraph/3rdparty/collcachelib/coll_cache_lib/freq_recorder.cc:347] bulk append 3577185
[2023-04-13 06:06:33.609045: E /samgraph/3rdparty/collcachelib/coll_cache_lib/freq_recorder.cc:337] bulk append 1007040 into 41348343
[2023-04-13 06:06:33.613195: E /samgraph/3rdparty/collcachelib/coll_cache_lib/freq_recorder.cc:347] bulk append 3575536
[2023-04-13 06:06:33.613340: E /samgraph/3rdparty/collcachelib/coll_cache_lib/freq_recorder.cc:337] bulk append 1005921 into 42355383
[2023-04-13 06:06:33.617483: E /samgraph/3rdparty/collcachelib/coll_cache_lib/freq_recorder.cc:347] bulk append 3576036
[2023-04-13 06:06:33.617626: E /samgraph/3rdparty/collcachelib/coll_cache_lib/freq_recorder.cc:337] bulk append 1007090 into 43361304
[2023-04-13 06:06:33.621749: E /samgraph/3rdparty/collcachelib/coll_cache_lib/freq_recorder.cc:347] bulk append 3577711
[2023-04-13 06:06:33.621893: E /samgraph/3rdparty/collcachelib/coll_cache_lib/freq_recorder.cc:337] bulk append 1005960 into 44368394
[2023-04-13 06:06:33.626030: E /samgraph/3rdparty/collcachelib/coll_cache_lib/freq_recorder.cc:347] bulk append 3582560
[2023-04-13 06:06:33.626166: E /samgraph/3rdparty/collcachelib/coll_cache_lib/freq_recorder.cc:337] bulk append 1006446 into 45374354
[2023-04-13 06:06:33.630307: E /samgraph/3rdparty/collcachelib/coll_cache_lib/freq_recorder.cc:347] bulk append 3577968
[2023-04-13 06:06:33.630447: E /samgraph/3rdparty/collcachelib/coll_cache_lib/freq_recorder.cc:337] bulk append 1004322 into 46380800
[2023-04-13 06:06:33.634582: E /samgraph/3rdparty/collcachelib/coll_cache_lib/freq_recorder.cc:347] bulk append 3565520
[2023-04-13 06:06:33.634725: E /samgraph/3rdparty/collcachelib/coll_cache_lib/freq_recorder.cc:337] bulk append 1006669 into 47385122
[2023-04-13 06:06:33.639204: E /samgraph/3rdparty/collcachelib/coll_cache_lib/freq_recorder.cc:347] bulk append 3581903
[2023-04-13 06:06:33.639338: E /samgraph/3rdparty/collcachelib/coll_cache_lib/freq_recorder.cc:337] bulk append 1005497 into 48391791
[2023-04-13 06:06:33.643481: E /samgraph/3rdparty/collcachelib/coll_cache_lib/freq_recorder.cc:347] bulk append 3576422
[2023-04-13 06:06:33.643616: E /samgraph/3rdparty/collcachelib/coll_cache_lib/freq_recorder.cc:337] bulk append 1006331 into 49397288
[2023-04-13 06:06:33.647761: E /samgraph/3rdparty/collcachelib/coll_cache_lib/freq_recorder.cc:347] bulk append 3576847
[2023-04-13 06:06:33.647907: E /samgraph/3rdparty/collcachelib/coll_cache_lib/freq_recorder.cc:337] bulk append 1010621 into 50403619
[2023-04-13 06:06:33.652087: E /samgraph/3rdparty/collcachelib/coll_cache_lib/freq_recorder.cc:347] bulk append 3579499
[2023-04-13 06:06:33.652236: E /samgraph/3rdparty/collcachelib/coll_cache_lib/freq_recorder.cc:337] bulk append 1009909 into 51414240
[2023-04-13 06:06:33.656384: E /samgraph/3rdparty/collcachelib/coll_cache_lib/freq_recorder.cc:347] bulk append 3581134
[2023-04-13 06:06:33.656522: E /samgraph/3rdparty/collcachelib/coll_cache_lib/freq_recorder.cc:337] bulk append 1009718 into 52424149
[2023-04-13 06:06:33.660663: E /samgraph/3rdparty/collcachelib/coll_cache_lib/freq_recorder.cc:347] bulk append 3579324
[2023-04-13 06:06:33.660811: E /samgraph/3rdparty/collcachelib/coll_cache_lib/freq_recorder.cc:337] bulk append 1009964 into 53433867
[2023-04-13 06:06:33.664980: E /samgraph/3rdparty/collcachelib/coll_cache_lib/freq_recorder.cc:347] bulk append 3582132
[2023-04-13 06:06:33.665133: E /samgraph/3rdparty/collcachelib/coll_cache_lib/freq_recorder.cc:337] bulk append 1011063 into 54443831
[2023-04-13 06:06:33.669291: E /samgraph/3rdparty/collcachelib/coll_cache_lib/freq_recorder.cc:347] bulk append 3592923
[2023-04-13 06:06:33.669421: E /samgraph/3rdparty/collcachelib/coll_cache_lib/freq_recorder.cc:337] bulk append 1010268 into 55454894
[2023-04-13 06:06:33.673907: E /samgraph/3rdparty/collcachelib/coll_cache_lib/freq_recorder.cc:347] bulk append 3584248
[2023-04-13 06:06:33.674042: E /samgraph/3rdparty/collcachelib/coll_cache_lib/freq_recorder.cc:337] bulk append 1008455 into 56465162
[2023-04-13 06:06:33.678500: E /samgraph/3rdparty/collcachelib/coll_cache_lib/freq_recorder.cc:347] bulk append 3572143
[2023-04-13 06:06:33.678637: E /samgraph/3rdparty/collcachelib/coll_cache_lib/freq_recorder.cc:337] bulk append 1009286 into 57473617
[2023-04-13 06:06:33.683100: E /samgraph/3rdparty/collcachelib/coll_cache_lib/freq_recorder.cc:347] bulk append 3585172
[2023-04-13 06:06:33.683241: E /samgraph/3rdparty/collcachelib/coll_cache_lib/freq_recorder.cc:337] bulk append 1010148 into 58482903
[2023-04-13 06:06:33.687710: E /samgraph/3rdparty/collcachelib/coll_cache_lib/freq_recorder.cc:347] bulk append 3586019
[2023-04-13 06:06:33.687857: E /samgraph/3rdparty/collcachelib/coll_cache_lib/freq_recorder.cc:337] bulk append 1010806 into 59493051
[2023-04-13 06:06:33.692006: E /samgraph/3rdparty/collcachelib/coll_cache_lib/freq_recorder.cc:347] bulk append 3588807
[2023-04-13 06:06:33.692154: E /samgraph/3rdparty/collcachelib/coll_cache_lib/freq_recorder.cc:337] bulk append 1012685 into 60503857
[2023-04-13 06:06:33.696367: E /samgraph/3rdparty/collcachelib/coll_cache_lib/freq_recorder.cc:347] bulk append 3586618
[2023-04-13 06:06:33.696507: E /samgraph/3rdparty/collcachelib/coll_cache_lib/freq_recorder.cc:337] bulk append 1011903 into 61516542
[2023-04-13 06:06:33.700983: E /samgraph/3rdparty/collcachelib/coll_cache_lib/freq_recorder.cc:347] bulk append 3585299
[2023-04-13 06:06:33.701113: E /samgraph/3rdparty/collcachelib/coll_cache_lib/freq_recorder.cc:337] bulk append 1010911 into 62528445
[2023-04-13 06:06:33.705284: E /samgraph/3rdparty/collcachelib/coll_cache_lib/freq_recorder.cc:347] bulk append 3583872
[2023-04-13 06:06:33.705410: E /samgraph/3rdparty/collcachelib/coll_cache_lib/freq_recorder.cc:337] bulk append 1010774 into 63539356
[2023-04-13 06:06:33.709552: E /samgraph/3rdparty/collcachelib/coll_cache_lib/freq_recorder.cc:347] bulk append 3585759
[2023-04-13 06:06:33.709677: E /samgraph/3rdparty/collcachelib/coll_cache_lib/freq_recorder.cc:337] bulk append 1011245 into 64550130
[2023-04-13 06:06:33.714171: E /samgraph/3rdparty/collcachelib/coll_cache_lib/freq_recorder.cc:347] bulk append 3590648
[2023-04-13 06:06:33.714295: E /samgraph/3rdparty/collcachelib/coll_cache_lib/freq_recorder.cc:337] bulk append 1010706 into 65561375
[2023-04-13 06:06:33.718754: E /samgraph/3rdparty/collcachelib/coll_cache_lib/freq_recorder.cc:347] bulk append 3588681
[2023-04-13 06:06:33.718883: E /samgraph/3rdparty/collcachelib/coll_cache_lib/freq_recorder.cc:337] bulk append 1010879 into 66572081
[2023-04-13 06:06:33.723040: E /samgraph/3rdparty/collcachelib/coll_cache_lib/freq_recorder.cc:347] bulk append 3578984
[2023-04-13 06:06:33.723171: E /samgraph/3rdparty/collcachelib/coll_cache_lib/freq_recorder.cc:337] bulk append 1010727 into 67582960
[2023-04-13 06:06:33.727643: E /samgraph/3rdparty/collcachelib/coll_cache_lib/freq_recorder.cc:347] bulk append 3589179
[2023-04-13 06:06:33.727774: E /samgraph/3rdparty/collcachelib/coll_cache_lib/freq_recorder.cc:337] bulk append 1011629 into 68593687
[2023-04-13 06:06:33.731910: E /samgraph/3rdparty/collcachelib/coll_cache_lib/freq_recorder.cc:347] bulk append 3588375
[2023-04-13 06:06:33.732028: E /samgraph/3rdparty/collcachelib/coll_cache_lib/freq_recorder.cc:337] bulk append 1011295 into 69605316
[2023-04-13 06:06:33.736177: E /samgraph/3rdparty/collcachelib/coll_cache_lib/freq_recorder.cc:347] bulk append 3586115
[2023-04-13 06:06:33.736315: E /samgraph/3rdparty/collcachelib/coll_cache_lib/freq_recorder.cc:337] bulk append 1008983 into 70616611
[2023-04-13 06:06:33.740524: E /samgraph/3rdparty/collcachelib/coll_cache_lib/freq_recorder.cc:347] bulk append 3573592
[2023-04-13 06:06:33.740668: E /samgraph/3rdparty/collcachelib/coll_cache_lib/freq_recorder.cc:337] bulk append 1008100 into 71625594
[2023-04-13 06:06:33.744838: E /samgraph/3rdparty/collcachelib/coll_cache_lib/freq_recorder.cc:347] bulk append 3572605
[2023-04-13 06:06:33.744976: E /samgraph/3rdparty/collcachelib/coll_cache_lib/freq_recorder.cc:337] bulk append 1007854 into 72633694
[2023-04-13 06:06:33.749132: E /samgraph/3rdparty/collcachelib/coll_cache_lib/freq_recorder.cc:347] bulk append 3574488
[2023-04-13 06:06:33.749265: E /samgraph/3rdparty/collcachelib/coll_cache_lib/freq_recorder.cc:337] bulk append 1008395 into 73641548
[2023-04-13 06:06:33.753435: E /samgraph/3rdparty/collcachelib/coll_cache_lib/freq_recorder.cc:347] bulk append 3575101
[2023-04-13 06:06:33.753573: E /samgraph/3rdparty/collcachelib/coll_cache_lib/freq_recorder.cc:337] bulk append 1007225 into 74649943
[2023-04-13 06:06:33.758062: E /samgraph/3rdparty/collcachelib/coll_cache_lib/freq_recorder.cc:347] bulk append 3579620
[2023-04-13 06:06:33.758197: E /samgraph/3rdparty/collcachelib/coll_cache_lib/freq_recorder.cc:337] bulk append 1007014 into 75657168
[2023-04-13 06:06:33.762656: E /samgraph/3rdparty/collcachelib/coll_cache_lib/freq_recorder.cc:347] bulk append 3575362
[2023-04-13 06:06:33.762795: E /samgraph/3rdparty/collcachelib/coll_cache_lib/freq_recorder.cc:337] bulk append 1006435 into 76664182
[2023-04-13 06:06:33.766958: E /samgraph/3rdparty/collcachelib/coll_cache_lib/freq_recorder.cc:347] bulk append 3565090
[2023-04-13 06:06:33.767095: E /samgraph/3rdparty/collcachelib/coll_cache_lib/freq_recorder.cc:337] bulk append 1006420 into 77670617
[2023-04-13 06:06:33.771564: E /samgraph/3rdparty/collcachelib/coll_cache_lib/freq_recorder.cc:347] bulk append 3576010
[2023-04-13 06:06:33.771697: E /samgraph/3rdparty/collcachelib/coll_cache_lib/freq_recorder.cc:337] bulk append 1006339 into 78677037
[2023-04-13 06:06:33.776173: E /samgraph/3rdparty/collcachelib/coll_cache_lib/freq_recorder.cc:347] bulk append 3573243
[2023-04-13 06:06:33.776305: E /samgraph/3rdparty/collcachelib/coll_cache_lib/freq_recorder.cc:337] bulk append 1006790 into 79683376
[2023-04-13 06:06:33.780457: E /samgraph/3rdparty/collcachelib/coll_cache_lib/freq_recorder.cc:347] bulk append 3574819
[2023-04-13 06:06:33.780596: E /samgraph/3rdparty/collcachelib/coll_cache_lib/freq_recorder.cc:266] freq recorder global combining
[2023-04-13 06:06:33[.2023-04-13 06:06:33[780627.[2023-04-13 06:06:33: [[7806292023-04-13 06:06:33.E2023-04-13 06:06:33[2023-04-13 06:06:33: .780628 .2023-04-13 06:06:33.E780633: /samgraph/3rdparty/collcachelib/coll_cache_lib/run_config.cc780635.780635 : E:: 780645: /samgraph/3rdparty/collcachelib/coll_cache_lib/run_config.ccE 140E: E: /samgraph/3rdparty/collcachelib/coll_cache_lib/run_config.cc]  E 140/samgraph/3rdparty/collcachelib/coll_cache_lib/run_config.cc:using concurrent impl MPSPhase/samgraph/3rdparty/collcachelib/coll_cache_lib/run_config.cc /samgraph/3rdparty/collcachelib/coll_cache_lib/run_config.cc] :140
:/samgraph/3rdparty/collcachelib/coll_cache_lib/run_config.cc:using concurrent impl MPSPhase140] 140:140[
] using concurrent impl MPSPhase] 140] 2023-04-13 06:06:33using concurrent impl MPSPhase
using concurrent impl MPSPhase[] using concurrent impl MPSPhase.

2023-04-13 06:06:33using concurrent impl MPSPhase[
780738.
2023-04-13 06:06:33[[: 780754[.2023-04-13 06:06:33[2023-04-13 06:06:33E: 2023-04-13 06:06:33780765.2023-04-13 06:06:33. E.: 780777.780776/samgraph/3rdparty/collcachelib/coll_cache_lib/facade.cc 780784E: 780788: :/samgraph/3rdparty/collcachelib/coll_cache_lib/facade.cc:  E: E409:E/samgraph/3rdparty/collcachelib/coll_cache_lib/facade.cc E/samgraph/3rdparty/collcachelib/coll_cache_lib/facade.cc ] 409 : :/samgraph/3rdparty/collcachelib/coll_cache_lib/facade.ccbefore scale, dtype is 0, dim is 384] /samgraph/3rdparty/collcachelib/coll_cache_lib/facade.cc409/samgraph/3rdparty/collcachelib/coll_cache_lib/facade.cc409:
before scale, dtype is 0, dim is 384:] :] 409
409[before scale, dtype is 0, dim is 384409before scale, dtype is 0, dim is 384] ] [2023-04-13 06:06:33
] 
before scale, dtype is 0, dim is 384before scale, dtype is 0, dim is 3842023-04-13 06:06:33.before scale, dtype is 0, dim is 384[

[.780882
2023-04-13 06:06:332023-04-13 06:06:33[780892[: .[.2023-04-13 06:06:33: 2023-04-13 06:06:33E7809042023-04-13 06:06:33780906.E. : .: 780917 780918/samgraph/3rdparty/collcachelib/coll_cache_lib/facade.ccE780924E: /samgraph/3rdparty/collcachelib/coll_cache_lib/facade.cc: : :  E:E415/samgraph/3rdparty/collcachelib/coll_cache_lib/facade.ccE/samgraph/3rdparty/collcachelib/coll_cache_lib/facade.cc 415 ] : :/samgraph/3rdparty/collcachelib/coll_cache_lib/facade.cc] /samgraph/3rdparty/collcachelib/coll_cache_lib/facade.ccafter scale, dtype is 7, new dim is 96415/samgraph/3rdparty/collcachelib/coll_cache_lib/facade.cc415:after scale, dtype is 7, new dim is 96:
] :] 415
415after scale, dtype is 7, new dim is 96415after scale, dtype is 7, new dim is 96] ] 
] 
after scale, dtype is 7, new dim is 96after scale, dtype is 7, new dim is 96after scale, dtype is 7, new dim is 96


[2023-04-13 06:06:33.782723: E /samgraph/3rdparty/collcachelib/coll_cache_lib/coll_cache/asymm_link_desc.cc:201] assigning 10 to cpu
[2023-04-13 06:06:33.782768: E /samgraph/3rdparty/collcachelib/coll_cache_lib/coll_cache/asymm_link_desc.cc:218] build symm link desc with 8X NVIDIA A100-SXM4-80GB out of 8
[2023-04-13 06:06:33.782794: E /samgraph/3rdparty/collcachelib/coll_cache_lib/coll_cache/asymm_link_desc.cc:219] remote time is 24.3333
[2023-04-13 06:06:33.782805: E /samgraph/3rdparty/collcachelib/coll_cache_lib/coll_cache/asymm_link_desc.cc:220] cpu time is 91.25
[2023-04-13 06:06:33.782830: E /samgraph/3rdparty/collcachelib/coll_cache_lib/facade.cc:425] registering cpu data with 24.00 GB
[2023-04-13 06:06:33.783053: E /samgraph/3rdparty/collcachelib/coll_cache_lib/coll_cache/asymm_link_desc.cc:201] assigning 10 to cpu[
2023-04-13 06:06:33.783061: E /samgraph/3rdparty/collcachelib/coll_cache_lib/coll_cache/asymm_link_desc.cc:201] assigning 10 to cpu
[2023-04-13 06:06:33.783092: E /samgraph/3rdparty/collcachelib/coll_cache_lib/coll_cache/asymm_link_desc.cc:218] build symm link desc with 8X NVIDIA A100-SXM4-80GB out of 8[
2023-04-13 06:06:33.783101: E /samgraph/3rdparty/collcachelib/coll_cache_lib/coll_cache/asymm_link_desc.cc:218] build symm link desc with 8X NVIDIA A100-SXM4-80GB out of 8
[2023-04-13 06:06:33.783119: [E2023-04-13 06:06:33 ./samgraph/3rdparty/collcachelib/coll_cache_lib/coll_cache/asymm_link_desc.cc783123:: 219E]  remote time is 24.3333/samgraph/3rdparty/collcachelib/coll_cache_lib/coll_cache/asymm_link_desc.cc
:219] remote time is 24.3333
[2023-04-13 06:06:33.783153: [E2023-04-13 06:06:33 ./samgraph/3rdparty/collcachelib/coll_cache_lib/coll_cache/asymm_link_desc.cc783157:: 220E]  cpu time is 91.25/samgraph/3rdparty/collcachelib/coll_cache_lib/coll_cache/asymm_link_desc.cc
:220] cpu time is 91.25
[2023-04-13 06:06:33.783202[: 2023-04-13 06:06:33E. 783204/samgraph/3rdparty/collcachelib/coll_cache_lib/facade.cc: :E425 ] /samgraph/3rdparty/collcachelib/coll_cache_lib/facade.ccregistering cpu data with 24.00 GB:
425] registering cpu data with 24.00 GB
[2023-04-13 06:06:33.783521: E /samgraph/3rdparty/collcachelib/coll_cache_lib/coll_cache/asymm_link_desc.cc:201] assigning 10 to cpu
[2023-04-13 06:06:33[.2023-04-13 06:06:33783561.: 783562E:  E/samgraph/3rdparty/collcachelib/coll_cache_lib/coll_cache/asymm_link_desc.cc :/samgraph/3rdparty/collcachelib/coll_cache_lib/coll_cache/asymm_link_desc.cc201:] 218assigning 10 to cpu] 
build symm link desc with 8X NVIDIA A100-SXM4-80GB out of 8
[2023-04-13 06:06:33.783614: E /samgraph/3rdparty/collcachelib/coll_cache_lib/coll_cache/asymm_link_desc.cc:219] remote time is 24.3333
[2023-04-13 06:06:33.783625: E /samgraph/3rdparty/collcachelib/coll_cache_lib/coll_cache/asymm_link_desc.cc:220] cpu time is 91.25[
2023-04-13 06:06:33.783630: E /samgraph/3rdparty/collcachelib/coll_cache_lib/coll_cache/asymm_link_desc.cc:218] build symm link desc with 8X NVIDIA A100-SXM4-80GB out of 8
[2023-04-13 06:06:33.783657: E /samgraph/3rdparty/collcachelib/coll_cache_lib/coll_cache/asymm_link_desc.cc:219] remote time is 24.3333[
2023-04-13 06:06:33.783660: E [/samgraph/3rdparty/collcachelib/coll_cache_lib/facade.cc2023-04-13 06:06:33:.425783671] : registering cpu data with 24.00 GBE
 /samgraph/3rdparty/collcachelib/coll_cache_lib/coll_cache/asymm_link_desc.cc:220] cpu time is 91.25
[2023-04-13 06:06:33.783713: E /samgraph/3rdparty/collcachelib/coll_cache_lib/facade.cc:425] registering cpu data with 24.00 GB
[2023-04-13 06:06:33.783777: E /samgraph/3rdparty/collcachelib/coll_cache_lib/coll_cache/asymm_link_desc.cc:201] assigning 10 to cpu
[2023-04-13 06:06:33.783845: E /samgraph/3rdparty/collcachelib/coll_cache_lib/coll_cache/asymm_link_desc.cc:218] build symm link desc with 8X NVIDIA A100-SXM4-80GB out of 8
[2023-04-13 06:06:33.783864: E /samgraph/3rdparty/collcachelib/coll_cache_lib/coll_cache/asymm_link_desc.cc:219] remote time is 24.3333
[2023-04-13 06:06:33.783875: E /samgraph/3rdparty/collcachelib/coll_cache_lib/coll_cache/asymm_link_desc.cc:220] cpu time is 91.25
[2023-04-13 06:06:33.783900: E /samgraph/3rdparty/collcachelib/coll_cache_lib/facade.cc:425] registering cpu data with 24.00 GB
[2023-04-13 06:06:33.784007: E /samgraph/3rdparty/collcachelib/coll_cache_lib/coll_cache/asymm_link_desc.cc:201] assigning 10 to cpu
[2023-04-13 06:06:33.784044: E /samgraph/3rdparty/collcachelib/coll_cache_lib/coll_cache/asymm_link_desc.cc:218] build symm link desc with 8X NVIDIA A100-SXM4-80GB out of 8
[2023-04-13 06:06:33.784059: E /samgraph/3rdparty/collcachelib/coll_cache_lib/coll_cache/asymm_link_desc.cc:219] remote time is 24.3333
[2023-04-13 06:06:33.784070: E /samgraph/3rdparty/collcachelib/coll_cache_lib/coll_cache/asymm_link_desc.cc:220] cpu time is 91.25
[2023-04-13 06:06:33.784094: E /samgraph/3rdparty/collcachelib/coll_cache_lib/facade.cc:425] registering cpu data with 24.00 GB
[2023-04-13 06:06:36.112797: E /samgraph/3rdparty/collcachelib/coll_cache_lib/freq_recorder.cc:269] freq recorder global combine from 80690166 to 23487264
[2023-04-13 06:06:38. 87844: E /samgraph/3rdparty/collcachelib/coll_cache_lib/facade.cc:427] registering cpu data done.
[2023-04-13 06:06:38. 88137: E /samgraph/3rdparty/collcachelib/coll_cache_lib/facade.cc:427] registering cpu data done.
[2023-04-13 06:06:38. 88331: E /samgraph/3rdparty/collcachelib/coll_cache_lib/facade.cc:427] registering cpu data done.
[2023-04-13 06:06:38. 88798: E /samgraph/3rdparty/collcachelib/coll_cache_lib/facade.cc:427] registering cpu data done.
[2023-04-13 06:06:38. 89399: E /samgraph/3rdparty/collcachelib/coll_cache_lib/facade.cc:427] registering cpu data done.
[2023-04-13 06:06:38. 98070: E /samgraph/3rdparty/collcachelib/coll_cache_lib/facade.cc:427] registering cpu data done.
[2023-04-13 06:06:38.104216: E /samgraph/3rdparty/collcachelib/coll_cache_lib/facade.cc:427] registering cpu data done.
[2023-04-13 06:06:38.186929: E /samgraph/3rdparty/collcachelib/coll_cache_lib/freq_recorder.cc:286] top 5 freq is 272,272,272,272,272
[2023-04-13 06:06:38.187045: E /samgraph/3rdparty/collcachelib/coll_cache_lib/run_config.cc:140] using concurrent impl MPSPhase
[2023-04-13 06:06:38.187063: E /samgraph/3rdparty/collcachelib/coll_cache_lib/facade.cc:409] before scale, dtype is 0, dim is 384
[2023-04-13 06:06:38.187077: E /samgraph/3rdparty/collcachelib/coll_cache_lib/facade.cc:415] after scale, dtype is 7, new dim is 96
[2023-04-13 06:06:38.188207: E /samgraph/3rdparty/collcachelib/coll_cache_lib/coll_cache/asymm_link_desc.cc:201] assigning 10 to cpu
[2023-04-13 06:06:38.188251: E /samgraph/3rdparty/collcachelib/coll_cache_lib/coll_cache/asymm_link_desc.cc:218] build symm link desc with 8X NVIDIA A100-SXM4-80GB out of 8
[2023-04-13 06:06:38.188284: E /samgraph/3rdparty/collcachelib/coll_cache_lib/coll_cache/asymm_link_desc.cc:219] remote time is 24.3333
[2023-04-13 06:06:38.188298: E /samgraph/3rdparty/collcachelib/coll_cache_lib/coll_cache/asymm_link_desc.cc:220] cpu time is 91.25
[2023-04-13 06:06:38.188359: E /samgraph/3rdparty/collcachelib/coll_cache_lib/facade.cc:425] registering cpu data with 24.00 GB
[2023-04-13 06:06:39.281173: E /samgraph/3rdparty/collcachelib/coll_cache_lib/facade.cc:427] registering cpu data done.
[2023-04-13 06:06:39.281240: E /samgraph/3rdparty/collcachelib/coll_cache_lib/facade.cc:174] creating solver
[2023-04-13 06:06:39.281252: E /samgraph/3rdparty/collcachelib/coll_cache_lib/facade.cc:214] solver created. now build & solve
[2023-04-13 06:06:39.841678: E /samgraph/3rdparty/collcachelib/coll_cache_lib/facade.cc:218] solver built. now solve
block 0 storage is 00000001
	access is	0	0	0	0	0	0	0	0	
block 1 storage is 00000010
	access is	1	1	1	1	1	1	1	1	
block 2 storage is 00000100
	access is	2	2	2	2	2	2	2	2	
block 3 storage is 00001000
	access is	3	3	3	3	3	3	3	3	
block 4 storage is 00010000
	access is	4	4	4	4	4	4	4	4	
block 5 storage is 00100000
	access is	5	5	5	5	5	5	5	5	
block 6 storage is 01000000
	access is	6	6	6	6	6	6	6	6	
block 7 storage is 10000000
	access is	7	7	7	7	7	7	7	7	
block 8 storage is 00000000
	access is	8	8	8	8	8	8	8	8	
[2023-04-13 06:06:40.254488: E /samgraph/3rdparty/collcachelib/coll_cache_lib/facade.cc:222] solver solved
[2023-04-13 06:06:40.258358: E /samgraph/3rdparty/collcachelib/coll_cache_lib/facade.cc:437] 0 solved master
[2023-04-13 06:06:40.258387: E /samgraph/3rdparty/collcachelib/coll_cache_lib/facade.cc:444] 0 solved
[2023-04-13 06:06:40.258398: E /samgraph/3rdparty/collcachelib/coll_cache_lib/facade.cc:447] worker 0 thread 0 initing device 0
[2023-04-13 06:06:40.258995: E /samgraph/3rdparty/collcachelib/coll_cache_lib/cache_context.cu:2308] Building Coll Cache with ... num gpu device is 8
[2023-04-13 06:06:40.259078: E /samgraph/3rdparty/collcachelib/coll_cache_lib/cuda/cache_hashtable.cuh:611] per src size local is 33572168
[[2023-04-13 06:06:40.2023-04-13 06:06:40290217.: 290224E:  E/samgraph/3rdparty/collcachelib/coll_cache_lib/facade.cc :/samgraph/3rdparty/collcachelib/coll_cache_lib/facade.cc444:] 444] 7 solved5 solved

[2023-04-13 06:06:40[.2023-04-13 06:06:40290274.: 290276E:  E/samgraph/3rdparty/collcachelib/coll_cache_lib/facade.cc :/samgraph/3rdparty/collcachelib/coll_cache_lib/facade.cc447:] 447worker 0 thread 7 initing device 7] 
worker 0 thread 5 initing device 5
[2023-04-13 06:06:40.290566: E /samgraph/3rdparty/collcachelib/coll_cache_lib/cache_context.cu:2308] Building Coll Cache with ... num gpu device is 8
[2023-04-13 06:06:40.290584: E /samgraph/3rdparty/collcachelib/coll_cache_lib/cache_context.cu:2308] Building Coll Cache with ... num gpu device is 8
[[[2023-04-13 06:06:40.2023-04-13 06:06:40308129.: 3081302023-04-13 06:06:40E: . E308125/samgraph/3rdparty/collcachelib/coll_cache_lib/facade.cc : :/samgraph/3rdparty/collcachelib/coll_cache_lib/facade.ccE444: ] 444/samgraph/3rdparty/collcachelib/coll_cache_lib/facade.cc6 solved] :
4441 solved] 
3 solved[
2023-04-13 06:06:40[.2023-04-13 06:06:40308208.: [308210E2023-04-13 06:06:40:  .E/samgraph/3rdparty/collcachelib/coll_cache_lib/facade.cc308214 :: /samgraph/3rdparty/collcachelib/coll_cache_lib/facade.cc447E:]  447worker 0 thread 6 initing device 6/samgraph/3rdparty/collcachelib/coll_cache_lib/facade.cc] 
:worker 0 thread 1 initing device 1447
] worker 0 thread 3 initing device 3
[[2023-04-13 06:06:402023-04-13 06:06:40..308664308664: : EE  /samgraph/3rdparty/collcachelib/coll_cache_lib/cache_context.cu/samgraph/3rdparty/collcachelib/coll_cache_lib/cache_context.cu::23082308] ] Building Coll Cache with ... num gpu device is 8Building Coll Cache with ... num gpu device is 8

[2023-04-13 06:06:40.309618: E /samgraph/3rdparty/collcachelib/coll_cache_lib/facade.cc:444] 2 solved
[2023-04-13 06:06:40.309725: E /samgraph/3rdparty/collcachelib/coll_cache_lib/facade.cc:447] worker 0 thread 2 initing device 2
[2023-04-13 06:06:40.319862: E /samgraph/3rdparty/collcachelib/coll_cache_lib/cache_context.cu:2308] Building Coll Cache with ... num gpu device is 8
[2023-04-13 06:06:40.328042: E /samgraph/3rdparty/collcachelib/coll_cache_lib/cache_context.cu:2308] Building Coll Cache with ... num gpu device is 8
[2023-04-13 06:06:40.328986: E /samgraph/3rdparty/collcachelib/coll_cache_lib/facade.cc:444] 4 solved
[2023-04-13 06:06:40.329067: E /samgraph/3rdparty/collcachelib/coll_cache_lib/facade.cc:447] worker 0 thread 4 initing device 4
[2023-04-13 06:06:40.329678: E /samgraph/3rdparty/collcachelib/coll_cache_lib/cache_context.cu:2308] Building Coll Cache with ... num gpu device is 8
[2023-04-13 06:06:40.571121: W /samgraph/3rdparty/collcachelib/coll_cache_lib/cpu/cpu_device.cc:43] WORKER[0] alloc host memory 814.97 MB
[2023-04-13 06:06:40.597237: W /samgraph/3rdparty/collcachelib/coll_cache_lib/cpu/cpu_device.cc:43] WORKER[0] alloc host memory 814.97 MB
[2023-04-13 06:06:40.622817: W /samgraph/3rdparty/collcachelib/coll_cache_lib/cpu/cpu_device.cc:43] WORKER[0] alloc host memory 814.97 MB
[2023-04-13 06:06:40.632119: W /samgraph/3rdparty/collcachelib/coll_cache_lib/cpu/cpu_device.cc:43] WORKER[0] alloc host memory 814.97 MB
[2023-04-13 06:06:40.638258: W /samgraph/3rdparty/collcachelib/coll_cache_lib/cpu/cpu_device.cc:43] WORKER[0] alloc host memory 814.97 MB
[2023-04-13 06:06:40.641581: W /samgraph/3rdparty/collcachelib/coll_cache_lib/cpu/cpu_device.cc:43] WORKER[0] alloc host memory 814.97 MB
[2023-04-13 06:06:40.662973: W /samgraph/3rdparty/collcachelib/coll_cache_lib/cpu/cpu_device.cc:43] WORKER[0] alloc host memory 814.97 MB
[2023-04-13 06:06:40.667066: W /samgraph/3rdparty/collcachelib/coll_cache_lib/cpu/cpu_device.cc:43] WORKER[0] alloc host memory 814.97 MB
[2023-04-13 06:06:40.781072: E /samgraph/3rdparty/collcachelib/coll_cache_lib/cache_context.cu:2350] num cpu nodes is 3
[2023-04-13 06:06:40.806554: E /samgraph/3rdparty/collcachelib/coll_cache_lib/cache_context.cu:2350] num cpu nodes is 3
[2023-04-13 06:06:40.841740: E /samgraph/3rdparty/collcachelib/coll_cache_lib/cache_context.cu:2350] num cpu nodes is 3
[2023-04-13 06:06:40.843843: E /samgraph/3rdparty/collcachelib/coll_cache_lib/cache_context.cu:2350] num cpu nodes is 3
[2023-04-13 06:06:40.844639: E /samgraph/3rdparty/collcachelib/coll_cache_lib/cache_context.cu:2350] num cpu nodes is 3
[2023-04-13 06:06:40.856004: E /samgraph/3rdparty/collcachelib/coll_cache_lib/cache_context.cu:2350] num cpu nodes is 3
[2023-04-13 06:06:40.867264: E /samgraph/3rdparty/collcachelib/coll_cache_lib/cache_context.cu:2350] num cpu nodes is 3
[2023-04-13 06:06:40.878644: E /samgraph/3rdparty/collcachelib/coll_cache_lib/cache_context.cu:2350] num cpu nodes is 3
[2023-04-13 06:06:44.847866: E /samgraph/3rdparty/collcachelib/coll_cache_lib/cuda/cache_hashtable.cu:355] create a hashtable with 244160496 possible elem, scale to 536870912
[2023-04-13 06:06:44.847932: E /samgraph/3rdparty/collcachelib/coll_cache_lib/cuda/cache_hashtable.cu:360] SimpleHashTable allocating 4.00 GB
[2023-04-13 06:06:44.850507: E /samgraph/3rdparty/collcachelib/coll_cache_lib/cuda/cache_hashtable.cu:355] create a hashtable with 244160496 possible elem, scale to 536870912
[2023-04-13 06:06:44.850562: E /samgraph/3rdparty/collcachelib/coll_cache_lib/cuda/cache_hashtable.cu:360] SimpleHashTable allocating 4.00 GB
[2023-04-13 06:06:44.858775: E /samgraph/3rdparty/collcachelib/coll_cache_lib/cuda/cache_hashtable.cu:355] create a hashtable with 244160496 possible elem, scale to 536870912
[2023-04-13 06:06:44.858835: E /samgraph/3rdparty/collcachelib/coll_cache_lib/cuda/cache_hashtable.cu:360] SimpleHashTable allocating 4.00 GB
[2023-04-13 06:06:44.859525: E /samgraph/3rdparty/collcachelib/coll_cache_lib/cuda/cache_hashtable.cu:355] create a hashtable with 244160496 possible elem, scale to 536870912
[2023-04-13 06:06:44.859593: E /samgraph/3rdparty/collcachelib/coll_cache_lib/cuda/cache_hashtable.cu:360] SimpleHashTable allocating 4.00 GB
[2023-04-13 06:06:44.860035: E /samgraph/3rdparty/collcachelib/coll_cache_lib/cuda/cache_hashtable.cu:355] create a hashtable with 244160496 possible elem, scale to 536870912
[2023-04-13 06:06:44.860078: E /samgraph/3rdparty/collcachelib/coll_cache_lib/cuda/cache_hashtable.cu:360] SimpleHashTable allocating 4.00 GB
[2023-04-13 06:06:44.860211: E /samgraph/3rdparty/collcachelib/coll_cache_lib/cuda/cache_hashtable.cu:355] create a hashtable with 244160496 possible elem, scale to 536870912
[2023-04-13 06:06:44.860257: E /samgraph/3rdparty/collcachelib/coll_cache_lib/cuda/cache_hashtable.cu:360] SimpleHashTable allocating 4.00 GB
[2023-04-13 06:06:44.864633: E /samgraph/3rdparty/collcachelib/coll_cache_lib/cuda/cache_hashtable.cu:355] create a hashtable with 244160496 possible elem, scale to 536870912
[2023-04-13 06:06:44.864673: E /samgraph/3rdparty/collcachelib/coll_cache_lib/cuda/cache_hashtable.cu:360] SimpleHashTable allocating 4.00 GB
[2023-04-13 06:06:44.865237: E /samgraph/3rdparty/collcachelib/coll_cache_lib/cuda/cache_hashtable.cu:355] create a hashtable with 244160496 possible elem, scale to 536870912
[2023-04-13 06:06:44.865291: E /samgraph/3rdparty/collcachelib/coll_cache_lib/cuda/cache_hashtable.cu:360] SimpleHashTable allocating 4.00 GB
[2023-04-13 06:06:45.230856: E /samgraph/3rdparty/collcachelib/coll_cache_lib/common.cc:107] too many mem allocated for forcescale?39309840->8789778
[2023-04-13 06:06:45.231292: E /samgraph/3rdparty/collcachelib/coll_cache_lib/common.cc:107] too many mem allocated for forcescale?39309840->8789778
[2023-04-13 06:06:45.234132: E /samgraph/3rdparty/collcachelib/coll_cache_lib/common.cc:107] too many mem allocated for forcescale?39309840->8789778
[2023-04-13 06:06:45.234532: E /samgraph/3rdparty/collcachelib/coll_cache_lib/common.cc:107] too many mem allocated for forcescale?39309840->8789778
[2023-04-13 06:06:45.234621: E /samgraph/3rdparty/collcachelib/coll_cache_lib/common.cc:107] too many mem allocated for forcescale?39309840->8789778
[2023-04-13 06:06:45.234772: E /samgraph/3rdparty/collcachelib/coll_cache_lib/common.cc:107] too many mem allocated for forcescale?39309840->8789778
[2023-04-13 06:06:45.234865: E /samgraph/3rdparty/collcachelib/coll_cache_lib/common.cc:107] too many mem allocated for forcescale?39309840->8789778
[2023-04-13 06:06:45.235225: E /samgraph/3rdparty/collcachelib/coll_cache_lib/common.cc:107] too many mem allocated for forcescale?39309840->8789778
[2023-04-13 06:06:45.248866: E /samgraph/3rdparty/collcachelib/coll_cache_lib/cache_context.cu:2427] Asymm Coll cache (policy: clique_part) | local 30520062 / 244160499 nodes ( 12.50 %~16.00 %) | remote 213640434 / 244160499 nodes ( 87.50 %) | cpu 3 / 244160499 nodes ( 0.00 %) | 56.23 GB | 4.98985 secs 
[2023-04-13 06:06:45.253999: W /samgraph/3rdparty/collcachelib/coll_cache_lib/cache_context.cu:3946] before create ctx, mem is 66.75 GB
[2023-04-13 06:06:45.257447: E /samgraph/3rdparty/collcachelib/coll_cache_lib/cache_context.cu:2427] Asymm Coll cache (policy: clique_part) | local 30520062 / 244160499 nodes ( 12.50 %~16.00 %) | remote 213640434 / 244160499 nodes ( 87.50 %) | cpu 3 / 244160499 nodes ( 0.00 %) | 56.23 GB | 4.96685 secs 
[2023-04-13 06:06:45.258064: E /samgraph/3rdparty/collcachelib/coll_cache_lib/cache_context.cu:2427] Asymm Coll cache (policy: clique_part) | local 30520062 / 244160499 nodes ( 12.50 %~16.00 %) | remote 213640434 / 244160499 nodes ( 87.50 %) | cpu 3 / 244160499 nodes ( 0.00 %) | 56.23 GB | 4.94938 secs 
[2023-04-13 06:06:45.259630: W /samgraph/3rdparty/collcachelib/coll_cache_lib/cache_context.cu:3946] before create ctx, mem is 66.75 GB
[2023-04-13 06:06:45.259726: E /samgraph/3rdparty/collcachelib/coll_cache_lib/cache_context.cu:2427] Asymm Coll cache (policy: clique_part) | local 30520062 / 244160499 nodes ( 12.50 %~16.00 %) | remote 213640434 / 244160499 nodes ( 87.50 %) | cpu 3 / 244160499 nodes ( 0.00 %) | 56.23 GB | 4.93162 secs 
[2023-04-13 06:06:45.259749: E /samgraph/3rdparty/collcachelib/coll_cache_lib/cache_context.cu:2427] Asymm Coll cache (policy: clique_part) | local 30520062 / 244160499 nodes ( 12.50 %~16.00 %) | remote 213640434 / 244160499 nodes ( 87.50 %) | cpu 3 / 244160499 nodes ( 0.00 %) | 56.23 GB | 4.95106 secs 
[2023-04-13 06:06:45.264703: E /samgraph/3rdparty/collcachelib/coll_cache_lib/cache_context.cu:2427] Asymm Coll cache (policy: clique_part) | local 30520062 / 244160499 nodes ( 12.50 %~16.00 %) | remote 213640434 / 244160499 nodes ( 87.50 %) | cpu 3 / 244160499 nodes ( 0.00 %) | 56.23 GB | 4.97412 secs 
[2023-04-13 06:06:45.264823: W /samgraph/3rdparty/collcachelib/coll_cache_lib/cache_context.cu:3946] before create ctx, mem is 66.75 GB
[2023-04-13 06:06:45.265734: W /samgraph/3rdparty/collcachelib/coll_cache_lib/cache_context.cu:3946] before create ctx, mem is 66.75 GB
[2023-04-13 06:06:45.266577: E /samgraph/3rdparty/collcachelib/coll_cache_lib/cache_context.cu:2427] Asymm Coll cache (policy: clique_part) | local 30520062 / 244160499 nodes ( 12.50 %~16.00 %) | remote 213640434 / 244160499 nodes ( 87.50 %) | cpu 3 / 244160499 nodes ( 0.00 %) | 56.23 GB | 4.93687 secs 
[2023-04-13 06:06:45.266715: W /samgraph/3rdparty/collcachelib/coll_cache_lib/cache_context.cu:3946] before create ctx, mem is 66.75 GB
[2023-04-13 06:06:45.268080: W /samgraph/3rdparty/collcachelib/coll_cache_lib/cache_context.cu:3946] before create ctx, mem is 66.75 GB
[2023-04-13 06:06:45.268773: W /samgraph/3rdparty/collcachelib/coll_cache_lib/cache_context.cu:3946] before create ctx, mem is 66.75 GB
[2023-04-13 06:06:45.269227: W /samgraph/3rdparty/collcachelib/coll_cache_lib/cache_context.cu:3946] before create ctx, mem is 66.75 GB
[2023-04-13 06:06:45.269907: E /samgraph/3rdparty/collcachelib/coll_cache_lib/cache_context.cu:2427] Asymm Coll cache (policy: clique_part) | local 30520062 / 244160499 nodes ( 12.50 %~16.00 %) | remote 213640434 / 244160499 nodes ( 87.50 %) | cpu 3 / 244160499 nodes ( 0.00 %) | 56.23 GB | 4.94998 secs 
[2023-04-13 06:06:57.885501: W /samgraph/3rdparty/collcachelib/coll_cache_lib/cache_context.cu:3946] after create ctx, mem is 69.10 GB
[2023-04-13 06:06:57.887763: W /samgraph/3rdparty/collcachelib/coll_cache_lib/cache_context.cu:3946] after create stream, mem is 69.10 GB
[2023-04-13 06:06:58.176277: W /samgraph/3rdparty/collcachelib/coll_cache_lib/cache_context.cu:3946] after create ctx, mem is 69.19 GB
[2023-04-13 06:06:58.177016: W /samgraph/3rdparty/collcachelib/coll_cache_lib/cache_context.cu:3946] after create stream, mem is 69.19 GB
[2023-04-13 06:06:58.469026: W /samgraph/3rdparty/collcachelib/coll_cache_lib/cache_context.cu:3946] after create ctx, mem is 69.27 GB
[2023-04-13 06:06:58.469208: W /samgraph/3rdparty/collcachelib/coll_cache_lib/cache_context.cu:3946] after create stream, mem is 69.27 GB
[2023-04-13 06:06:59.152658: W /samgraph/3rdparty/collcachelib/coll_cache_lib/cache_context.cu:3946] after create ctx, mem is 69.46 GB
[2023-04-13 06:06:59.152878: W /samgraph/3rdparty/collcachelib/coll_cache_lib/cache_context.cu:3946] after create stream, mem is 69.46 GB
[2023-04-13 06:06:59.787321: W /samgraph/3rdparty/collcachelib/coll_cache_lib/cache_context.cu:3946] after create ctx, mem is 69.65 GB
[2023-04-13 06:06:59.787438: W /samgraph/3rdparty/collcachelib/coll_cache_lib/cache_context.cu:3946] after create stream, mem is 69.65 GB
[2023-04-13 06:06:59.880240: W /samgraph/3rdparty/collcachelib/coll_cache_lib/cache_context.cu:3946] after create ctx, mem is 69.67 GB
[2023-04-13 06:06:59.880335: W /samgraph/3rdparty/collcachelib/coll_cache_lib/cache_context.cu:3946] after create stream, mem is 69.67 GB
[2023-04-13 06:07:00.172889: W /samgraph/3rdparty/collcachelib/coll_cache_lib/cache_context.cu:3946] after create ctx, mem is 69.76 GB
[2023-04-13 06:07:00.172969: W /samgraph/3rdparty/collcachelib/coll_cache_lib/cache_context.cu:3946] after create stream, mem is 69.76 GB
[2023-04-13 06:07:00.364061: W /samgraph/3rdparty/collcachelib/coll_cache_lib/cache_context.cu:3946] after create ctx, mem is 69.82 GB
[2023-04-13 06:07:00.364148: W /samgraph/3rdparty/collcachelib/coll_cache_lib/cache_context.cu:3946] after create stream, mem is 69.82 GB
/usr/local/lib/python3.8/dist-packages/torch/nn/parallel/scatter_gather.py:9: UserWarning: is_namedtuple is deprecated, please use the python checks instead
  warnings.warn("is_namedtuple is deprecated, please use the python checks instead")
/usr/local/lib/python3.8/dist-packages/torch/nn/parallel/scatter_gather.py:9: UserWarning: is_namedtuple is deprecated, please use the python checks instead
  warnings.warn("is_namedtuple is deprecated, please use the python checks instead")
/usr/local/lib/python3.8/dist-packages/torch/nn/parallel/scatter_gather.py:9: UserWarning: is_namedtuple is deprecated, please use the python checks instead
  warnings.warn("is_namedtuple is deprecated, please use the python checks instead")
/usr/local/lib/python3.8/dist-packages/torch/nn/parallel/scatter_gather.py:9: UserWarning: is_namedtuple is deprecated, please use the python checks instead
  warnings.warn("is_namedtuple is deprecated, please use the python checks instead")
/usr/local/lib/python3.8/dist-packages/torch/nn/parallel/scatter_gather.py:9: UserWarning: is_namedtuple is deprecated, please use the python checks instead
  warnings.warn("is_namedtuple is deprecated, please use the python checks instead")
/usr/local/lib/python3.8/dist-packages/torch/nn/parallel/scatter_gather.py:9: UserWarning: is_namedtuple is deprecated, please use the python checks instead
  warnings.warn("is_namedtuple is deprecated, please use the python checks instead")
/usr/local/lib/python3.8/dist-packages/torch/nn/parallel/scatter_gather.py:9: UserWarning: is_namedtuple is deprecated, please use the python checks instead
  warnings.warn("is_namedtuple is deprecated, please use the python checks instead")
/usr/local/lib/python3.8/dist-packages/torch/nn/parallel/scatter_gather.py:9: UserWarning: is_namedtuple is deprecated, please use the python checks instead
  warnings.warn("is_namedtuple is deprecated, please use the python checks instead")
