succeed=True
[CUDA] cuda: usage: 6.36 GB
0 :  {link #0 : 1}, {link #1 : 2}, {link #2 : 3}, {link #3 : 4}, {link #4 : 5}, {link #5 : 6}, {link #6 : 7},
1 :  {link #0 : 2}, {link #1 : 3}, {link #2 : 4}, {link #3 : 5}, {link #4 : 6}, {link #5 : 7}, {link #6 : 0},
2 :  {link #0 : 3}, {link #1 : 4}, {link #2 : 5}, {link #3 : 6}, {link #4 : 7}, {link #5 : 0}, {link #6 : 1},
3 :  {link #0 : 4}, {link #1 : 5}, {link #2 : 6}, {link #3 : 7}, {link #4 : 0}, {link #5 : 1}, {link #6 : 2},
4 :  {link #0 : 5}, {link #1 : 6}, {link #2 : 7}, {link #3 : 0}, {link #4 : 1}, {link #5 : 2}, {link #6 : 3},
5 :  {link #0 : 6}, {link #1 : 7}, {link #2 : 0}, {link #3 : 1}, {link #4 : 2}, {link #5 : 3}, {link #6 : 4},
6 :  {link #0 : 7}, {link #1 : 0}, {link #2 : 1}, {link #3 : 2}, {link #4 : 3}, {link #5 : 4}, {link #6 : 5},
7 :  {link #0 : 0}, {link #1 : 1}, {link #2 : 2}, {link #3 : 3}, {link #4 : 4}, {link #5 : 5}, {link #6 : 6},
0 : local 98, cpu 10 {link #0 : g1 8}, {link #1 : g2 8}, {link #2 : g3 8}, {link #3 : g4 8}, {link #4 : g5 8}, {link #5 : g6 8}, {link #6 : g7 8},
1 : local 98, cpu 10 {link #0 : g2 8}, {link #1 : g3 8}, {link #2 : g4 8}, {link #3 : g5 8}, {link #4 : g6 8}, {link #5 : g7 8}, {link #6 : g0 8},
2 : local 98, cpu 10 {link #0 : g3 8}, {link #1 : g4 8}, {link #2 : g5 8}, {link #3 : g6 8}, {link #4 : g7 8}, {link #5 : g0 8}, {link #6 : g1 8},
3 : local 98, cpu 10 {link #0 : g4 8}, {link #1 : g5 8}, {link #2 : g6 8}, {link #3 : g7 8}, {link #4 : g0 8}, {link #5 : g1 8}, {link #6 : g2 8},
4 : local 98, cpu 10 {link #0 : g5 8}, {link #1 : g6 8}, {link #2 : g7 8}, {link #3 : g0 8}, {link #4 : g1 8}, {link #5 : g2 8}, {link #6 : g3 8},
5 : local 98, cpu 10 {link #0 : g6 8}, {link #1 : g7 8}, {link #2 : g0 8}, {link #3 : g1 8}, {link #4 : g2 8}, {link #5 : g3 8}, {link #6 : g4 8},
6 : local 98, cpu 10 {link #0 : g7 8}, {link #1 : g0 8}, {link #2 : g1 8}, {link #3 : g2 8}, {link #4 : g3 8}, {link #5 : g4 8}, {link #6 : g5 8},
7 : local 98, cpu 10 {link #0 : g0 8}, {link #1 : g1 8}, {link #2 : g2 8}, {link #3 : g3 8}, {link #4 : g4 8}, {link #5 : g5 8}, {link #6 : g6 8},
0 :  {link #0 : 1}, {link #1 : 2}, {link #2 : 3}, {link #3 : 4}, {link #4 : 5}, {link #5 : 6}, {link #6 : 7},
1 :  {link #0 : 2}, {link #1 : 3}, {link #2 : 4}, {link #3 : 5}, {link #4 : 6}, {link #5 : 7}, {link #6 : 0},
2 :  {link #0 : 3}, {link #1 : 4}, {link #2 : 5}, {link #3 : 6}, {link #4 : 7}, {link #5 : 0}, {link #6 : 1},
3 :  {link #0 : 4}, {link #1 : 5}, {link #2 : 6}, {link #3 : 7}, {link #4 : 0}, {link #5 : 1}, {link #6 : 2},
4 :  {link #0 : 5}, {link #1 : 6}, {link #2 : 7}, {link #3 : 0}, {link #4 : 1}, {link #5 : 2}, {link #6 : 3},
5 :  {link #0 : 6}, {link #1 : 7}, {link #2 : 0}, {link #3 : 1}, {link #4 : 2}, {link #5 : 3}, {link #6 : 4},
6 :  {link #0 : 7}, {link #1 : 0}, {link #2 : 1}, {link #3 : 2}, {link #4 : 3}, {link #5 : 4}, {link #6 : 5},
7 :  {link #0 : 0}, {link #1 : 1}, {link #2 : 2}, {link #3 : 3}, {link #4 : 4}, {link #5 : 5}, {link #6 : 6},
0 : local 98, cpu 10 {link #0 : g1 8}, {link #1 : g2 8}, {link #2 : g3 8}, {link #3 : g4 8}, {link #4 : g5 8}, {link #5 : g6 8}, {link #6 : g7 8},
1 : local 98, cpu 10 {link #0 : g2 8}, {link #1 : g3 8}, {link #2 : g4 8}, {link #3 : g5 8}, {link #4 : g6 8}, {link #5 : g7 8}, {link #6 : g0 8},
2 : local 98, cpu 10 {link #0 : g3 8}, {link #1 : g4 8}, {link #2 : g5 8}, {link #3 : g6 8}, {link #4 : g7 8}, {link #5 : g0 8}, {link #6 : g1 8},
3 : local 98, cpu 10 {link #0 : g4 8}, {link #1 : g5 8}, {link #2 : g6 8}, {link #3 : g7 8}, {link #4 : g0 8}, {link #5 : g1 8}, {link #6 : g2 8},
4 : local 98, cpu 10 {link #0 : g5 8}, {link #1 : g6 8}, {link #2 : g7 8}, {link #3 : g0 8}, {link #4 : g1 8}, {link #5 : g2 8}, {link #6 : g3 8},
5 : local 98, cpu 10 {link #0 : g6 8}, {link #1 : g7 8}, {link #2 : g0 8}, {link #3 : g1 8}, {link #4 : g2 8}, {link #5 : g3 8}, {link #6 : g4 8},
6 : local 98, cpu 10 {link #0 : g7 8}, {link #1 : g0 8}, {link #2 : g1 8}, {link #3 : g2 8}, {link #4 : g3 8}, {link #5 : g4 8}, {link #6 : g5 8},
7 : local 98, cpu 10 {link #0 : g0 8}, {link #1 : g1 8}, {link #2 : g2 8}, {link #3 : g3 8}, {link #4 : g4 8}, {link #5 : g5 8}, {link #6 : g6 8},
0 :  {link #0 : 1}, {link #1 : 2}, {link #2 : 3}, {link #3 : 4}, {link #4 : 5}, {link #5 : 6}, {link #6 : 7},
1 :  {link #0 : 2}, {link #1 : 3}, {link #2 : 4}, {link #3 : 5}, {link #4 : 6}, {link #5 : 7}, {link #6 : 0},
2 :  {link #0 : 3}, {link #1 : 4}, {link #2 : 5}, {link #3 : 6}, {link #4 : 7}, {link #5 : 0}, {link #6 : 1},
3 :  {link #0 : 4}, {link #1 : 5}, {link #2 : 6}, {link #3 : 7}, {link #4 : 0}, {link #5 : 1}, {link #6 : 2},
4 :  {link #0 : 5}, {link #1 : 6}, {link #2 : 7}, {link #3 : 0}, {link #4 : 1}, {link #5 : 2}, {link #6 : 3},
5 :  {link #0 : 6}, {link #1 : 7}, {link #2 : 0}, {link #3 : 1}, {link #4 : 2}, {link #5 : 3}, {link #6 : 4},
6 :  {link #0 : 7}, {link #1 : 0}, {link #2 : 1}, {link #3 : 2}, {link #4 : 3}, {link #5 : 4}, {link #6 : 5},
7 :  {link #0 : 0}, {link #1 : 1}, {link #2 : 2}, {link #3 : 3}, {link #4 : 4}, {link #5 : 5}, {link #6 : 6},
0 : local 98, cpu 10 {link #0 : g1 8}, {link #1 : g2 8}, {link #2 : g3 8}, {link #3 : g4 8}, {link #4 : g5 8}, {link #5 : g6 8}, {link #6 : g7 8},
1 : local 98, cpu 10 {link #0 : g2 8}, {link #1 : g3 8}, {link #2 : g4 8}, {link #3 : g5 8}, {link #4 : g6 8}, {link #5 : g7 8}, {link #6 : g0 8},
2 : local 98, cpu 10 {link #0 : g3 8}, {link #1 : g4 8}, {link #2 : g5 8}, {link #3 : g6 8}, {link #4 : g7 8}, {link #5 : g0 8}, {link #6 : g1 8},
3 : local 98, cpu 10 {link #0 : g4 8}, {link #1 : g5 8}, {link #2 : g6 8}, {link #3 : g7 8}, {link #4 : g0 8}, {link #5 : g1 8}, {link #6 : g2 8},
4 : local 98, cpu 10 {link #0 : g5 8}, {link #1 : g6 8}, {link #2 : g7 8}, {link #3 : g0 8}, {link #4 : g1 8}, {link #5 : g2 8}, {link #6 : g3 8},
5 : local 98, cpu 10 {link #0 : g6 8}, {link #1 : g7 8}, {link #2 : g0 8}, {link #3 : g1 8}, {link #4 : g2 8}, {link #5 : g3 8}, {link #6 : g4 8},
6 : local 98, cpu 10 {link #0 : g7 8}, {link #1 : g0 8}, {link #2 : g1 8}, {link #3 : g2 8}, {link #4 : g3 8}, {link #5 : g4 8}, {link #6 : g5 8},
7 : local 98, cpu 10 {link #0 : g0 8}, {link #1 : g1 8}, {link #2 : g2 8}, {link #3 : g3 8}, {link #4 : g4 8}, {link #5 : g5 8}, {link #6 : g6 8},
0 :  {link #0 : 1}, {link #1 : 2}, {link #2 : 3}, {link #3 : 4}, {link #4 : 5}, {link #5 : 6}, {link #6 : 7},
1 :  {link #0 : 2}, {link #1 : 3}, {link #2 : 4}, {link #3 : 5}, {link #4 : 6}, {link #5 : 7}, {link #6 : 0},
2 :  {link #0 : 3}, {link #1 : 4}, {link #2 : 5}, {link #3 : 6}, {link #4 : 7}, {link #5 : 0}, {link #6 : 1},
3 :  {link #0 : 4}, {link #1 : 5}, {link #2 : 6}, {link #3 : 7}, {link #4 : 0}, {link #5 : 1}, {link #6 : 2},
4 :  {link #0 : 5}, {link #1 : 6}, {link #2 : 7}, {link #3 : 0}, {link #4 : 1}, {link #5 : 2}, {link #6 : 3},
5 :  {link #0 : 6}, {link #1 : 7}, {link #2 : 0}, {link #3 : 1}, {link #4 : 2}, {link #5 : 3}, {link #6 : 4},
6 :  {link #0 : 7}, {link #1 : 0}, {link #2 : 1}, {link #3 : 2}, {link #4 : 3}, {link #5 : 4}, {link #6 : 5},
7 :  {link #0 : 0}, {link #1 : 1}, {link #2 : 2}, {link #3 : 3}, {link #4 : 4}, {link #5 : 5}, {link #6 : 6},
0 :  {link #0 : 1}, {link #1 : 2}, {link #2 : 3}, {link #3 : 4}, {link #4 : 5}, {link #5 : 6}, {link #6 : 7},
1 :  {link #0 : 2}, {link #1 : 3}, {link #2 : 4}, {link #3 : 5}, {link #4 : 6}, {link #5 : 7}, {link #6 : 0},
2 :  {link #0 : 3}, {link #1 : 4}, {link #2 : 5}, {link #3 : 6}, {link #4 : 7}, {link #5 : 0}, {link #6 : 1},
3 :  {link #0 : 4}, {link #1 : 5}, {link #2 : 6}, {link #3 : 7}, {link #4 : 0}, {link #5 : 1}, {link #6 : 2},
4 :  {link #0 : 5}, {link #1 : 6}, {link #2 : 7}, {link #3 : 0}, {link #4 : 1}, {link #5 : 2}, {link #6 : 3},
5 :  {link #0 : 6}, {link #1 : 7}, {link #2 : 0}, {link #3 : 1}, {link #4 : 2}, {link #5 : 3}, {link #6 : 4},
6 :  {link #0 : 7}, {link #1 : 0}, {link #2 : 1}, {link #3 : 2}, {link #4 : 3}, {link #5 : 4}, {link #6 : 5},
7 :  {link #0 : 0}, {link #1 : 1}, {link #2 : 2}, {link #3 : 3}, {link #4 : 4}, {link #5 : 5}, {link #6 : 6},
0 : local 98, cpu 10 {link #0 : g1 8}, {link #1 : g2 8}, {link #2 : g3 8}, {link #3 : g4 8}, {link #4 : g5 8}, {link #5 : g6 8}, {link #6 : g7 8},
1 : local 98, cpu 10 {link #0 : g2 8}, {link #1 : g3 8}, {link #2 : g4 8}, {link #3 : g5 8}, {link #4 : g6 8}, {link #5 : g7 8}, {link #6 : g0 8},
2 : local 98, cpu 10 {link #0 : g3 8}, {link #1 : g4 8}, {link #2 : g5 8}, {link #3 : g6 8}, {link #4 : g7 8}, {link #5 : g0 8}, {link #6 : g1 8},
3 : local 98, cpu 10 {link #0 : g4 8}, {link #1 : g5 8}, {link #2 : g6 8}, {link #3 : g7 8}, {link #4 : g0 8}, {link #5 : g1 8}, {link #6 : g2 8},
4 : local 98, cpu 10 {link #0 : g5 8}, {link #1 : g6 8}, {link #2 : g7 8}, {link #3 : g0 8}, {link #4 : g1 8}, {link #5 : g2 8}, {link #6 : g3 8},
5 : local 98, cpu 10 {link #0 : g6 8}, {link #1 : g7 8}, {link #2 : g0 8}, {link #3 : g1 8}, {link #4 : g2 8}, {link #5 : g3 8}, {link #6 : g4 8},
6 : local 98, cpu 10 {link #0 : g7 8}, {link #1 : g0 8}, {link #2 : g1 8}, {link #3 : g2 8}, {link #4 : g3 8}, {link #5 : g4 8}, {link #6 : g5 8},
7 : local 98, cpu 10 {link #0 : g0 8}, {link #1 : g1 8}, {link #2 : g2 8}, {link #3 : g3 8}, {link #4 : g4 8}, {link #5 : g5 8}, {link #6 : g6 8},
0 : local 98, cpu 10 {link #0 : g1 8}, {link #1 : g2 8}, {link #2 : g3 8}, {link #3 : g4 8}, {link #4 : g5 8}, {link #5 : g6 8}, {link #6 : g7 8},
1 : local 98, cpu 10 {link #0 : g2 8}, {link #1 : g3 8}, {link #2 : g4 8}, {link #3 : g5 8}, {link #4 : g6 8}, {link #5 : g7 8}, {link #6 : g0 8},
2 : local 98, cpu 10 {link #0 : g3 8}, {link #1 : g4 8}, {link #2 : g5 8}, {link #3 : g6 8}, {link #4 : g7 8}, {link #5 : g0 8}, {link #6 : g1 8},
3 : local 98, cpu 10 {link #0 : g4 8}, {link #1 : g5 8}, {link #2 : g6 8}, {link #3 : g7 8}, {link #4 : g0 8}, {link #5 : g1 8}, {link #6 : g2 8},
4 : local 98, cpu 10 {link #0 : g5 8}, {link #1 : g6 8}, {link #2 : g7 8}, {link #3 : g0 8}, {link #4 : g1 8}, {link #5 : g2 8}, {link #6 : g3 8},
5 : local 98, cpu 10 {link #0 : g6 8}, {link #1 : g7 8}, {link #2 : g0 8}, {link #3 : g1 8}, {link #4 : g2 8}, {link #5 : g3 8}, {link #6 : g4 8},
6 : local 98, cpu 10 {link #0 : g7 8}, {link #1 : g0 8}, {link #2 : g1 8}, {link #3 : g2 8}, {link #4 : g3 8}, {link #5 : g4 8}, {link #6 : g5 8},
7 : local 98, cpu 10 {link #0 : g0 8}, {link #1 : g1 8}, {link #2 : g2 8}, {link #3 : g3 8}, {link #4 : g4 8}, {link #5 : g5 8}, {link #6 : g6 8},
0 :  {link #0 : 1}, {link #1 : 2}, {link #2 : 3}, {link #3 : 4}, {link #4 : 5}, {link #5 : 6}, {link #6 : 7},
1 :  {link #0 : 2}, {link #1 : 3}, {link #2 : 4}, {link #3 : 5}, {link #4 : 6}, {link #5 : 7}, {link #6 : 0},
2 :  {link #0 : 3}, {link #1 : 4}, {link #2 : 5}, {link #3 : 6}, {link #4 : 7}, {link #5 : 0}, {link #6 : 1},
3 :  {link #0 : 4}, {link #1 : 5}, {link #2 : 6}, {link #3 : 7}, {link #4 : 0}, {link #5 : 1}, {link #6 : 2},
4 :  {link #0 : 5}, {link #1 : 6}, {link #2 : 7}, {link #3 : 0}, {link #4 : 1}, {link #5 : 2}, {link #6 : 3},
5 :  {link #0 : 6}, {link #1 : 7}, {link #2 : 0}, {link #3 : 1}, {link #4 : 2}, {link #5 : 3}, {link #6 : 4},
6 :  {link #0 : 7}, {link #1 : 0}, {link #2 : 1}, {link #3 : 2}, {link #4 : 3}, {link #5 : 4}, {link #6 : 5},
7 :  {link #0 : 0}, {link #1 : 1}, {link #2 : 2}, {link #3 : 3}, {link #4 : 4}, {link #5 : 5}, {link #6 : 6},
0 : local 98, cpu 10 {link #0 : g1 8}, {link #1 : g2 8}, {link #2 : g3 8}, {link #3 : g4 8}, {link #4 : g5 8}, {link #5 : g6 8}, {link #6 : g7 8},
1 : local 98, cpu 10 {link #0 : g2 8}, {link #1 : g3 8}, {link #2 : g4 8}, {link #3 : g5 8}, {link #4 : g6 8}, {link #5 : g7 8}, {link #6 : g0 8},
2 : local 98, cpu 10 {link #0 : g3 8}, {link #1 : g4 8}, {link #2 : g5 8}, {link #3 : g6 8}, {link #4 : g7 8}, {link #5 : g0 8}, {link #6 : g1 8},
3 : local 98, cpu 10 {link #0 : g4 8}, {link #1 : g5 8}, {link #2 : g6 8}, {link #3 : g7 8}, {link #4 : g0 8}, {link #5 : g1 8}, {link #6 : g2 8},
4 : local 98, cpu 10 {link #0 : g5 8}, {link #1 : g6 8}, {link #2 : g7 8}, {link #3 : g0 8}, {link #4 : g1 8}, {link #5 : g2 8}, {link #6 : g3 8},
5 : local 98, cpu 10 {link #0 : g6 8}, {link #1 : g7 8}, {link #2 : g0 8}, {link #3 : g1 8}, {link #4 : g2 8}, {link #5 : g3 8}, {link #6 : g4 8},
6 : local 98, cpu 10 {link #0 : g7 8}, {link #1 : g0 8}, {link #2 : g1 8}, {link #3 : g2 8}, {link #4 : g3 8}, {link #5 : g4 8}, {link #6 : g5 8},
7 : local 98, cpu 10 {link #0 : g0 8}, {link #1 : g1 8}, {link #2 : g2 8}, {link #3 : g3 8}, {link #4 : g4 8}, {link #5 : g5 8}, {link #6 : g6 8},
0 :  {link #0 : 1}, {link #1 : 2}, {link #2 : 3}, {link #3 : 4}, {link #4 : 5}, {link #5 : 6}, {link #6 : 7},
1 :  {link #0 : 2}, {link #1 : 3}, {link #2 : 4}, {link #3 : 5}, {link #4 : 6}, {link #5 : 7}, {link #6 : 0},
2 :  {link #0 : 3}, {link #1 : 4}, {link #2 : 5}, {link #3 : 6}, {link #4 : 7}, {link #5 : 0}, {link #6 : 1},
3 :  {link #0 : 4}, {link #1 : 5}, {link #2 : 6}, {link #3 : 7}, {link #4 : 0}, {link #5 : 1}, {link #6 : 2},
4 :  {link #0 : 5}, {link #1 : 6}, {link #2 : 7}, {link #3 : 0}, {link #4 : 1}, {link #5 : 2}, {link #6 : 3},
5 :  {link #0 : 6}, {link #1 : 7}, {link #2 : 0}, {link #3 : 1}, {link #4 : 2}, {link #5 : 3}, {link #6 : 4},
6 :  {link #0 : 7}, {link #1 : 0}, {link #2 : 1}, {link #3 : 2}, {link #4 : 3}, {link #5 : 4}, {link #6 : 5},
7 :  {link #0 : 0}, {link #1 : 1}, {link #2 : 2}, {link #3 : 3}, {link #4 : 4}, {link #5 : 5}, {link #6 : 6},
0 : local 98, cpu 10 {link #0 : g1 8}, {link #1 : g2 8}, {link #2 : g3 8}, {link #3 : g4 8}, {link #4 : g5 8}, {link #5 : g6 8}, {link #6 : g7 8},
1 : local 98, cpu 10 {link #0 : g2 8}, {link #1 : g3 8}, {link #2 : g4 8}, {link #3 : g5 8}, {link #4 : g6 8}, {link #5 : g7 8}, {link #6 : g0 8},
2 : local 98, cpu 10 {link #0 : g3 8}, {link #1 : g4 8}, {link #2 : g5 8}, {link #3 : g6 8}, {link #4 : g7 8}, {link #5 : g0 8}, {link #6 : g1 8},
3 : local 98, cpu 10 {link #0 : g4 8}, {link #1 : g5 8}, {link #2 : g6 8}, {link #3 : g7 8}, {link #4 : g0 8}, {link #5 : g1 8}, {link #6 : g2 8},
4 : local 98, cpu 10 {link #0 : g5 8}, {link #1 : g6 8}, {link #2 : g7 8}, {link #3 : g0 8}, {link #4 : g1 8}, {link #5 : g2 8}, {link #6 : g3 8},
5 : local 98, cpu 10 {link #0 : g6 8}, {link #1 : g7 8}, {link #2 : g0 8}, {link #3 : g1 8}, {link #4 : g2 8}, {link #5 : g3 8}, {link #6 : g4 8},
6 : local 98, cpu 10 {link #0 : g7 8}, {link #1 : g0 8}, {link #2 : g1 8}, {link #3 : g2 8}, {link #4 : g3 8}, {link #5 : g4 8}, {link #6 : g5 8},
7 : local 98, cpu 10 {link #0 : g0 8}, {link #1 : g1 8}, {link #2 : g2 8}, {link #3 : g3 8}, {link #4 : g4 8}, {link #5 : g5 8}, {link #6 : g6 8},
0 :  {link #0 : 1}, {link #1 : 2}, {link #2 : 3}, {link #3 : 4}, {link #4 : 5}, {link #5 : 6}, {link #6 : 7},
1 :  {link #0 : 2}, {link #1 : 3}, {link #2 : 4}, {link #3 : 5}, {link #4 : 6}, {link #5 : 7}, {link #6 : 0},
2 :  {link #0 : 3}, {link #1 : 4}, {link #2 : 5}, {link #3 : 6}, {link #4 : 7}, {link #5 : 0}, {link #6 : 1},
3 :  {link #0 : 4}, {link #1 : 5}, {link #2 : 6}, {link #3 : 7}, {link #4 : 0}, {link #5 : 1}, {link #6 : 2},
4 :  {link #0 : 5}, {link #1 : 6}, {link #2 : 7}, {link #3 : 0}, {link #4 : 1}, {link #5 : 2}, {link #6 : 3},
5 :  {link #0 : 6}, {link #1 : 7}, {link #2 : 0}, {link #3 : 1}, {link #4 : 2}, {link #5 : 3}, {link #6 : 4},
6 :  {link #0 : 7}, {link #1 : 0}, {link #2 : 1}, {link #3 : 2}, {link #4 : 3}, {link #5 : 4}, {link #6 : 5},
7 :  {link #0 : 0}, {link #1 : 1}, {link #2 : 2}, {link #3 : 3}, {link #4 : 4}, {link #5 : 5}, {link #6 : 6},
0 : local 98, cpu 10 {link #0 : g1 8}, {link #1 : g2 8}, {link #2 : g3 8}, {link #3 : g4 8}, {link #4 : g5 8}, {link #5 : g6 8}, {link #6 : g7 8},
1 : local 98, cpu 10 {link #0 : g2 8}, {link #1 : g3 8}, {link #2 : g4 8}, {link #3 : g5 8}, {link #4 : g6 8}, {link #5 : g7 8}, {link #6 : g0 8},
2 : local 98, cpu 10 {link #0 : g3 8}, {link #1 : g4 8}, {link #2 : g5 8}, {link #3 : g6 8}, {link #4 : g7 8}, {link #5 : g0 8}, {link #6 : g1 8},
3 : local 98, cpu 10 {link #0 : g4 8}, {link #1 : g5 8}, {link #2 : g6 8}, {link #3 : g7 8}, {link #4 : g0 8}, {link #5 : g1 8}, {link #6 : g2 8},
4 : local 98, cpu 10 {link #0 : g5 8}, {link #1 : g6 8}, {link #2 : g7 8}, {link #3 : g0 8}, {link #4 : g1 8}, {link #5 : g2 8}, {link #6 : g3 8},
5 : local 98, cpu 10 {link #0 : g6 8}, {link #1 : g7 8}, {link #2 : g0 8}, {link #3 : g1 8}, {link #4 : g2 8}, {link #5 : g3 8}, {link #6 : g4 8},
6 : local 98, cpu 10 {link #0 : g7 8}, {link #1 : g0 8}, {link #2 : g1 8}, {link #3 : g2 8}, {link #4 : g3 8}, {link #5 : g4 8}, {link #6 : g5 8},
7 : local 98, cpu 10 {link #0 : g0 8}, {link #1 : g1 8}, {link #2 : g2 8}, {link #3 : g3 8}, {link #4 : g4 8}, {link #5 : g5 8}, {link #6 : g6 8},
coll_cache:optimal_rep_storage=0.00999999
coll_cache:optimal_part_storage=0
coll_cache:optimal_cpu_storage=0.99
coll_cache:optimal_local_storage=0.00999999
coll_cache:optimal_remote_storage=0
coll_cache:optimal_local_rate=0.134326
coll_cache:optimal_remote_rate=0
coll_cache:optimal_cpu_rate=0.865674
z=34408.6
test_result:init:feat_nbytes=67182966784
test_result:init:cache_nbytes=739012608
test_result:init:feat_nbytes=67182966784
test_result:init:cache_nbytes=739012608
test_result:init:feat_nbytes=67182966784
test_result:init:cache_nbytes=739012608
test_result:init:feat_nbytes=67182966784
test_result:init:cache_nbytes=739012608
test_result:init:feat_nbytes=67182966784
test_result:init:cache_nbytes=739012608
test_result:init:feat_nbytes=67182966784
test_result:init:cache_nbytes=739012608
test_result:init:feat_nbytes=67182966784
test_result:init:cache_nbytes=739012608
test_result:init:feat_nbytes=67182966784
test_result:init:cache_nbytes=739012608
    [Step(average) Profiler Level 1 E3 S119]
        L1  sample           0.001667 | send           0.000000
        L1  recv             0.000000 | copy           0.083219 | convert time 0.000000 | train  0.006874
        L1  feature nbytes    1.13 GB | label nbytes 0.00 Bytes
        L1  id nbytes      0.00 Bytes | graph nbytes 0.00 Bytes
        L1  miss nbytes    1009.93 MB | remote nbytes 0.00 Bytes
        L1  num nodes               0 | num samples           0
    [Step(average) Profiler Level 2 E3 S119]
        L2  shuffle     0.000000 | core sample  0.000000 | id remap        0.000000
        L2  graph copy  0.000000 | id copy      0.000000 | cache feat copy 0.083219
        L2  last layer sample time 0.000000 | size 0.000000
    [Step(average) Profiler Level 3 E3 S119]
        L3  khop sample coo  0.000000 | khop sort coo      0.000000 | khop count edge     0.000000 | khop compact edge 0.000000
        L3  walk sample coo  0.000000 | walk topk total    0.000000 | walk topk step1     0.000000 | walk topk step2   0.000000
        L3  walk topk step3  0.000000 | walk topk step4    0.000000 | walk topk step5     0.000000
        L3  walk topk step6  0.000000 | walk topk step7    0.000000
        L3  remap unique     0.000000 | remap populate     0.000000 | remap mapnode       0.000000 | remap mapedge     0.000000
        L3  cache get_index  0.000251 | cache copy_index   0.000000 | cache extract_miss  0.000000
        L3  cache copy_miss  0.000000 | cache combine_miss 0.082933 | cache combine cache 0.003726 | cache combine remote 0.000000
        L3  label extract  0.000000
    [Profiler Level Percentiles E3 S119]
        p50.00_tail_logl2featcopy=0.083257
        p90.00_tail_logl2featcopy=0.083905
        p95.00_tail_logl2featcopy=0.084053
        p99.00_tail_logl2featcopy=0.092843
        p99.90_tail_logl2featcopy=0.093516
[CUDA] cuda: usage: 13.64 GB
Rank=7, Graph loaded.
!!!!Train_dataloader(with 15 items) enumerate latency: 0.1689918041229248
!!!!Train_data_list(with 15 items) enumerate latency: 2.6226043701171875e-06, transfer latency: 0.12092304229736328
presamping
presamping takes 0.9195425510406494
Rank=3, Graph loaded.
!!!!Train_dataloader(with 15 items) enumerate latency: 0.16795563697814941
!!!!Train_data_list(with 15 items) enumerate latency: 2.384185791015625e-06, transfer latency: 0.11785078048706055
presamping
presamping takes 1.0112695693969727
config:eval_tsp="2023-04-12 03:09:35"
config:num_worker=8
config:root_dir=/nvme/songxiaoniu/graph-learning/wholegraph
config:graph_name=com-friendster
config:epochs=4
config:batchsize=8000
config:skip_epoch=2
config:local_step=125
config:presc_epoch=2
config:neighbors=10,25
config:hiddensize=256
config:num_layer=2
config:model=sage
config:framework=dgl
config:dataloaderworkers=0
config:dropout=0.5
config:lr=0.003
config:use_nccl=False
config:use_amp=True
config:use_collcache=True
config:cache_percentage=0.01
config:cache_policy=rep
config:omp_thread_num=40
config:unsupervised=False
config:classnum=100
config:global_barrier=<multiprocessing.synchronize.Barrier object at 0x7f379fd462e0>
config:worker_id=0
creating_intra_node_communicator root=0, local_size=8, world_size=8
Rank=0, Graph loaded.
!!!!Train_dataloader(with 15 items) enumerate latency: 0.17679667472839355
!!!!Train_data_list(with 15 items) enumerate latency: 3.0994415283203125e-06, transfer latency: 0.13111305236816406
epoch=4 total_steps=60
presamping
presamping takes 0.9335532188415527
start training...
[Epoch 0], time=2.6474623680114746, loss=4.5220489501953125
[Epoch 1], time=1.3780016899108887, loss=4.433102607727051
[Epoch 2], time=1.3772163391113281, loss=4.3442816734313965
[Epoch 3], time=1.3764448165893555, loss=4.255603313446045
|===========================================================================|
|                  PyTorch CUDA memory summary, device ID 0                 |
|---------------------------------------------------------------------------|
|            CUDA OOMs: 0            |        cudaMalloc retries: 0         |
|===========================================================================|
|        Metric         | Cur Usage  | Peak Usage | Tot Alloc  | Tot Freed  |
|---------------------------------------------------------------------------|
| Allocated memory      |   74762 KB |  749144 KB |   99656 MB |   99583 MB |
|       from large pool |   68187 KB |  743086 KB |   98755 MB |   98689 MB |
|       from small pool |    6575 KB |    8641 KB |     900 MB |     894 MB |
|---------------------------------------------------------------------------|
| Active memory         |   74762 KB |  749144 KB |   99656 MB |   99583 MB |
|       from large pool |   68187 KB |  743086 KB |   98755 MB |   98689 MB |
|       from small pool |    6575 KB |    8641 KB |     900 MB |     894 MB |
|---------------------------------------------------------------------------|
| GPU reserved memory   |    1928 MB |    1928 MB |    1928 MB |       0 B  |
|       from large pool |    1918 MB |    1918 MB |    1918 MB |       0 B  |
|       from small pool |      10 MB |      10 MB |      10 MB |       0 B  |
|---------------------------------------------------------------------------|
| Non-releasable memory |  611317 KB |    1189 MB |   92010 MB |   91413 MB |
|       from large pool |  607653 KB |    1185 MB |   91098 MB |   90505 MB |
|       from small pool |    3664 KB |       4 MB |     912 MB |     908 MB |
|---------------------------------------------------------------------------|
| Allocations           |      55    |      69    |    9571    |    9516    |
|       from large pool |      11    |      22    |    3470    |    3459    |
|       from small pool |      44    |      49    |    6101    |    6057    |
|---------------------------------------------------------------------------|
| Active allocs         |      55    |      69    |    9571    |    9516    |
|       from large pool |      11    |      22    |    3470    |    3459    |
|       from small pool |      44    |      49    |    6101    |    6057    |
|---------------------------------------------------------------------------|
| GPU reserved segments |      17    |      17    |      17    |       0    |
|       from large pool |      12    |      12    |      12    |       0    |
|       from small pool |       5    |       5    |       5    |       0    |
|---------------------------------------------------------------------------|
| Non-releasable allocs |      19    |      32    |    3644    |    3625    |
|       from large pool |       5    |      14    |    1941    |    1936    |
|       from small pool |      14    |      23    |    1703    |    1689    |
|---------------------------------------------------------------------------|
| Oversize allocations  |       0    |       0    |       0    |       0    |
|---------------------------------------------------------------------------|
| Oversize GPU segments |       0    |       0    |       0    |       0    |
|===========================================================================|

[TRAIN_TIME] train time is 6.780195 seconds
[EPOCH_TIME] 1.695049 seconds, maybe large due to not enough epoch skipped.
[EPOCH_TIME] 1.376941 seconds
Rank=1, Graph loaded.
!!!!Train_dataloader(with 15 items) enumerate latency: 0.18383336067199707
!!!!Train_data_list(with 15 items) enumerate latency: 3.814697265625e-06, transfer latency: 0.1349196434020996
presamping
presamping takes 0.9132862091064453
Rank=2, Graph loaded.
!!!!Train_dataloader(with 15 items) enumerate latency: 0.15704131126403809
!!!!Train_data_list(with 15 items) enumerate latency: 2.1457672119140625e-06, transfer latency: 0.11014986038208008
presamping
presamping takes 0.9905655384063721
Rank=4, Graph loaded.
!!!!Train_dataloader(with 15 items) enumerate latency: 0.17311358451843262
!!!!Train_data_list(with 15 items) enumerate latency: 3.5762786865234375e-06, transfer latency: 0.12624216079711914
presamping
presamping takes 0.9606776237487793
Rank=6, Graph loaded.
!!!!Train_dataloader(with 15 items) enumerate latency: 0.16746973991394043
!!!!Train_data_list(with 15 items) enumerate latency: 2.6226043701171875e-06, transfer latency: 0.12353944778442383
presamping
presamping takes 1.0299961566925049
Rank=5, Graph loaded.
!!!!Train_dataloader(with 15 items) enumerate latency: 0.1737961769104004
!!!!Train_data_list(with 15 items) enumerate latency: 2.6226043701171875e-06, transfer latency: 0.12668871879577637
presamping
presamping takes 0.9301013946533203

