/usr/lib/python3/dist-packages/requests/__init__.py:89: RequestsDependencyWarning: urllib3 (1.26.12) or chardet (3.0.4) doesn't match a supported version!
  warnings.warn("urllib3 ({}) or chardet ({}) doesn't match a supported "
Rank=5 done reading 8201046 embedding vectors from file /nvme/songxiaoniu/graph-learning/wholegraph/com_friendster/converted/homograph_csr_row_ptr
Rank=4 done reading 8201046 embedding vectors from file /nvme/songxiaoniu/graph-learning/wholegraph/com_friendster/converted/homograph_csr_row_ptr
Rank=1 done reading 8201046 embedding vectors from file /nvme/songxiaoniu/graph-learning/wholegraph/com_friendster/converted/homograph_csr_row_ptr
Rank=0 done reading 8201046 embedding vectors from file /nvme/songxiaoniu/graph-learning/wholegraph/com_friendster/converted/homograph_csr_row_ptr
Rank=7 done reading 8201045 embedding vectors from file /nvme/songxiaoniu/graph-learning/wholegraph/com_friendster/converted/homograph_csr_row_ptr
Rank=6 done reading 8201046 embedding vectors from file /nvme/songxiaoniu/graph-learning/wholegraph/com_friendster/converted/homograph_csr_row_ptr
Rank=2 done reading 8201046 embedding vectors from file /nvme/songxiaoniu/graph-learning/wholegraph/com_friendster/converted/homograph_csr_row_ptr
Rank=3 done reading 8201046 embedding vectors from file /nvme/songxiaoniu/graph-learning/wholegraph/com_friendster/converted/homograph_csr_row_ptr
Rank=5 done reading 451516784 embedding vectors from file /nvme/songxiaoniu/graph-learning/wholegraph/com_friendster/converted/homograph_csr_col_idx
Rank=4 done reading 451516784 embedding vectors from file /nvme/songxiaoniu/graph-learning/wholegraph/com_friendster/converted/homograph_csr_col_idx
Rank=1 done reading 451516784 embedding vectors from file /nvme/songxiaoniu/graph-learning/wholegraph/com_friendster/converted/homograph_csr_col_idx
Rank=0 done reading 451516784 embedding vectors from file /nvme/songxiaoniu/graph-learning/wholegraph/com_friendster/converted/homograph_csr_col_idx
Rank=7 done reading 451516782 embedding vectors from file /nvme/songxiaoniu/graph-learning/wholegraph/com_friendster/converted/homograph_csr_col_idx
Rank=6 done reading 451516784 embedding vectors from file /nvme/songxiaoniu/graph-learning/wholegraph/com_friendster/converted/homograph_csr_col_idx
Rank=2 done reading 451516784 embedding vectors from file /nvme/songxiaoniu/graph-learning/wholegraph/com_friendster/converted/homograph_csr_col_idx
Rank=3 done reading 451516784 embedding vectors from file /nvme/songxiaoniu/graph-learning/wholegraph/com_friendster/converted/homograph_csr_col_idx
[2023-04-12 03:44:56.386694: E /samgraph/3rdparty/collcachelib/coll_cache_lib/freq_recorder.cc:337] bulk append 1646522 into 0
[2023-04-12 03:44:56.393033: E /samgraph/3rdparty/collcachelib/coll_cache_lib/freq_recorder.cc:347] bulk append 3565108
[2023-04-12 03:44:56.393186: E /samgraph/3rdparty/collcachelib/coll_cache_lib/freq_recorder.cc:337] bulk append 1644210 into 1646522
[2023-04-12 03:44:56.399442: E /samgraph/3rdparty/collcachelib/coll_cache_lib/freq_recorder.cc:347] bulk append 3561216
[2023-04-12 03:44:56.399580: E /samgraph/3rdparty/collcachelib/coll_cache_lib/freq_recorder.cc:337] bulk append 1644234 into 3290732
[2023-04-12 03:44:56.405838: E /samgraph/3rdparty/collcachelib/coll_cache_lib/freq_recorder.cc:347] bulk append 3554884
[2023-04-12 03:44:56.405983: E /samgraph/3rdparty/collcachelib/coll_cache_lib/freq_recorder.cc:337] bulk append 1644407 into 4934966
[2023-04-12 03:44:56.412239: E /samgraph/3rdparty/collcachelib/coll_cache_lib/freq_recorder.cc:347] bulk append 3555427
[2023-04-12 03:44:56.412373: E /samgraph/3rdparty/collcachelib/coll_cache_lib/freq_recorder.cc:337] bulk append 1645078 into 6579373
[2023-04-12 03:44:56.418619: E /samgraph/3rdparty/collcachelib/coll_cache_lib/freq_recorder.cc:347] bulk append 3561969
[2023-04-12 03:44:56.418768: E /samgraph/3rdparty/collcachelib/coll_cache_lib/freq_recorder.cc:337] bulk append 1643979 into 8224451
[2023-04-12 03:44:56.425021: E /samgraph/3rdparty/collcachelib/coll_cache_lib/freq_recorder.cc:347] bulk append 3560131
[2023-04-12 03:44:56.425168: E /samgraph/3rdparty/collcachelib/coll_cache_lib/freq_recorder.cc:337] bulk append 1645507 into 9868430
[2023-04-12 03:44:56.431413: E /samgraph/3rdparty/collcachelib/coll_cache_lib/freq_recorder.cc:347] bulk append 3562460
[2023-04-12 03:44:56.431558: E /samgraph/3rdparty/collcachelib/coll_cache_lib/freq_recorder.cc:337] bulk append 1645959 into 11513937
[2023-04-12 03:44:56.437823: E /samgraph/3rdparty/collcachelib/coll_cache_lib/freq_recorder.cc:347] bulk append 3564672
[2023-04-12 03:44:56.437968: E /samgraph/3rdparty/collcachelib/coll_cache_lib/freq_recorder.cc:337] bulk append 1643716 into 13159896
[2023-04-12 03:44:56.444217: E /samgraph/3rdparty/collcachelib/coll_cache_lib/freq_recorder.cc:347] bulk append 3560402
[2023-04-12 03:44:56.444353: E /samgraph/3rdparty/collcachelib/coll_cache_lib/freq_recorder.cc:337] bulk append 1646500 into 14803612
[2023-04-12 03:44:56.450609: E /samgraph/3rdparty/collcachelib/coll_cache_lib/freq_recorder.cc:347] bulk append 3566222
[2023-04-12 03:44:56.450773: E /samgraph/3rdparty/collcachelib/coll_cache_lib/freq_recorder.cc:337] bulk append 1642777 into 16450112
[2023-04-12 03:44:56.457015: E /samgraph/3rdparty/collcachelib/coll_cache_lib/freq_recorder.cc:347] bulk append 3559238
[2023-04-12 03:44:56.457144: E /samgraph/3rdparty/collcachelib/coll_cache_lib/freq_recorder.cc:337] bulk append 1643209 into 18092889
[2023-04-12 03:44:56.463363: E /samgraph/3rdparty/collcachelib/coll_cache_lib/freq_recorder.cc:347] bulk append 3555115
[2023-04-12 03:44:56.463487: E /samgraph/3rdparty/collcachelib/coll_cache_lib/freq_recorder.cc:337] bulk append 1642070 into 19736098
[2023-04-12 03:44:56.469695: E /samgraph/3rdparty/collcachelib/coll_cache_lib/freq_recorder.cc:347] bulk append 3551493
[2023-04-12 03:44:56.469821: E /samgraph/3rdparty/collcachelib/coll_cache_lib/freq_recorder.cc:337] bulk append 1643258 into 21378168
[2023-04-12 03:44:56.476040: E /samgraph/3rdparty/collcachelib/coll_cache_lib/freq_recorder.cc:347] bulk append 3554940
[2023-04-12 03:44:56.476153: E /samgraph/3rdparty/collcachelib/coll_cache_lib/freq_recorder.cc:337] bulk append 1644992 into 23021426
[2023-04-12 03:44:56.482368: E /samgraph/3rdparty/collcachelib/coll_cache_lib/freq_recorder.cc:347] bulk append 3554620
[2023-04-12 03:44:56.482497: E /samgraph/3rdparty/collcachelib/coll_cache_lib/freq_recorder.cc:337] bulk append 1643655 into 24666418
[2023-04-12 03:44:56.488699: E /samgraph/3rdparty/collcachelib/coll_cache_lib/freq_recorder.cc:347] bulk append 3557947
[2023-04-12 03:44:56.488828: E /samgraph/3rdparty/collcachelib/coll_cache_lib/freq_recorder.cc:337] bulk append 1644922 into 26310073
[2023-04-12 03:44:56.495038: E /samgraph/3rdparty/collcachelib/coll_cache_lib/freq_recorder.cc:347] bulk append 3557614
[2023-04-12 03:44:56.495171: E /samgraph/3rdparty/collcachelib/coll_cache_lib/freq_recorder.cc:337] bulk append 1645392 into 27954995
[2023-04-12 03:44:56.501385: E /samgraph/3rdparty/collcachelib/coll_cache_lib/freq_recorder.cc:347] bulk append 3559659
[2023-04-12 03:44:56.501506: E /samgraph/3rdparty/collcachelib/coll_cache_lib/freq_recorder.cc:337] bulk append 1643471 into 29600387
[2023-04-12 03:44:56.507712: E /samgraph/3rdparty/collcachelib/coll_cache_lib/freq_recorder.cc:347] bulk append 3561134
[2023-04-12 03:44:56.507831: E /samgraph/3rdparty/collcachelib/coll_cache_lib/freq_recorder.cc:337] bulk append 1644355 into 31243858
[2023-04-12 03:44:56.514032: E /samgraph/3rdparty/collcachelib/coll_cache_lib/freq_recorder.cc:347] bulk append 3560462
[2023-04-12 03:44:56.514166: E /samgraph/3rdparty/collcachelib/coll_cache_lib/freq_recorder.cc:337] bulk append 1644935 into 32888213
[2023-04-12 03:44:56.520480: E /samgraph/3rdparty/collcachelib/coll_cache_lib/freq_recorder.cc:347] bulk append 3562395
[2023-04-12 03:44:56.520609: E /samgraph/3rdparty/collcachelib/coll_cache_lib/freq_recorder.cc:337] bulk append 1642752 into 34533148
[2023-04-12 03:44:56.526860: E /samgraph/3rdparty/collcachelib/coll_cache_lib/freq_recorder.cc:347] bulk append 3553510
[2023-04-12 03:44:56.526980: E /samgraph/3rdparty/collcachelib/coll_cache_lib/freq_recorder.cc:337] bulk append 1643363 into 36175900
[2023-04-12 03:44:56.533242: E /samgraph/3rdparty/collcachelib/coll_cache_lib/freq_recorder.cc:347] bulk append 3557943
[2023-04-12 03:44:56.533367: E /samgraph/3rdparty/collcachelib/coll_cache_lib/freq_recorder.cc:337] bulk append 1644646 into 37819263
[2023-04-12 03:44:56.539621: E /samgraph/3rdparty/collcachelib/coll_cache_lib/freq_recorder.cc:347] bulk append 3557193
[2023-04-12 03:44:56.539744: E /samgraph/3rdparty/collcachelib/coll_cache_lib/freq_recorder.cc:337] bulk append 1644930 into 39463909
[2023-04-12 03:44:56.545987: E /samgraph/3rdparty/collcachelib/coll_cache_lib/freq_recorder.cc:347] bulk append 3558650
[2023-04-12 03:44:56.546107: E /samgraph/3rdparty/collcachelib/coll_cache_lib/freq_recorder.cc:337] bulk append 1645460 into 41108839
[2023-04-12 03:44:56.552367: E /samgraph/3rdparty/collcachelib/coll_cache_lib/freq_recorder.cc:347] bulk append 3559313
[2023-04-12 03:44:56.552494: E /samgraph/3rdparty/collcachelib/coll_cache_lib/freq_recorder.cc:337] bulk append 1644479 into 42754299
[2023-04-12 03:44:56.558752: E /samgraph/3rdparty/collcachelib/coll_cache_lib/freq_recorder.cc:347] bulk append 3559860
[2023-04-12 03:44:56.558877: E /samgraph/3rdparty/collcachelib/coll_cache_lib/freq_recorder.cc:337] bulk append 1645370 into 44398778
[2023-04-12 03:44:56.565142: E /samgraph/3rdparty/collcachelib/coll_cache_lib/freq_recorder.cc:347] bulk append 3562036
[2023-04-12 03:44:56.565259: E /samgraph/3rdparty/collcachelib/coll_cache_lib/freq_recorder.cc:337] bulk append 1644405 into 46044148
[2023-04-12 03:44:56.571507: E /samgraph/3rdparty/collcachelib/coll_cache_lib/freq_recorder.cc:347] bulk append 3559398
[2023-04-12 03:44:56.571635: E /samgraph/3rdparty/collcachelib/coll_cache_lib/freq_recorder.cc:337] bulk append 1644770 into 47688553
[2023-04-12 03:44:56.577890: E /samgraph/3rdparty/collcachelib/coll_cache_lib/freq_recorder.cc:347] bulk append 3564000
[2023-04-12 03:44:56.578029: E /samgraph/3rdparty/collcachelib/coll_cache_lib/freq_recorder.cc:337] bulk append 1644630 into 49333323
[2023-04-12 03:44:56.584351: E /samgraph/3rdparty/collcachelib/coll_cache_lib/freq_recorder.cc:347] bulk append 3563165
[2023-04-12 03:44:56.584486: E /samgraph/3rdparty/collcachelib/coll_cache_lib/freq_recorder.cc:337] bulk append 1644406 into 50977953
[2023-04-12 03:44:56.590720: E /samgraph/3rdparty/collcachelib/coll_cache_lib/freq_recorder.cc:347] bulk append 3559210
[2023-04-12 03:44:56.590855: E /samgraph/3rdparty/collcachelib/coll_cache_lib/freq_recorder.cc:337] bulk append 1643840 into 52622359
[2023-04-12 03:44:56.597087: E /samgraph/3rdparty/collcachelib/coll_cache_lib/freq_recorder.cc:347] bulk append 3555844
[2023-04-12 03:44:56.597216: E /samgraph/3rdparty/collcachelib/coll_cache_lib/freq_recorder.cc:337] bulk append 1643890 into 54266199
[2023-04-12 03:44:56.603450: E /samgraph/3rdparty/collcachelib/coll_cache_lib/freq_recorder.cc:347] bulk append 3557266
[2023-04-12 03:44:56.603576: E /samgraph/3rdparty/collcachelib/coll_cache_lib/freq_recorder.cc:337] bulk append 1645641 into 55910089
[2023-04-12 03:44:56.609830: E /samgraph/3rdparty/collcachelib/coll_cache_lib/freq_recorder.cc:347] bulk append 3558512
[2023-04-12 03:44:56.609962: E /samgraph/3rdparty/collcachelib/coll_cache_lib/freq_recorder.cc:337] bulk append 1643193 into 57555730
[2023-04-12 03:44:56.616190: E /samgraph/3rdparty/collcachelib/coll_cache_lib/freq_recorder.cc:347] bulk append 3555352
[2023-04-12 03:44:56.616321: E /samgraph/3rdparty/collcachelib/coll_cache_lib/freq_recorder.cc:337] bulk append 1642448 into 59198923
[2023-04-12 03:44:56.622552: E /samgraph/3rdparty/collcachelib/coll_cache_lib/freq_recorder.cc:347] bulk append 3557505
[2023-04-12 03:44:56.622678: E /samgraph/3rdparty/collcachelib/coll_cache_lib/freq_recorder.cc:337] bulk append 1647313 into 60841371
[2023-04-12 03:44:56.628928: E /samgraph/3rdparty/collcachelib/coll_cache_lib/freq_recorder.cc:347] bulk append 3565269
[2023-04-12 03:44:56.629046: E /samgraph/3rdparty/collcachelib/coll_cache_lib/freq_recorder.cc:337] bulk append 1644537 into 62488684
[2023-04-12 03:44:56.635297: E /samgraph/3rdparty/collcachelib/coll_cache_lib/freq_recorder.cc:347] bulk append 3561245
[2023-04-12 03:44:56.635421: E /samgraph/3rdparty/collcachelib/coll_cache_lib/freq_recorder.cc:337] bulk append 1643418 into 64133221
[2023-04-12 03:44:56.641656: E /samgraph/3rdparty/collcachelib/coll_cache_lib/freq_recorder.cc:347] bulk append 3562827
[2023-04-12 03:44:56.641800: E /samgraph/3rdparty/collcachelib/coll_cache_lib/freq_recorder.cc:337] bulk append 1649779 into 65776639
[2023-04-12 03:44:56.648497: E /samgraph/3rdparty/collcachelib/coll_cache_lib/freq_recorder.cc:347] bulk append 3580549
[2023-04-12 03:44:56.648648: E /samgraph/3rdparty/collcachelib/coll_cache_lib/freq_recorder.cc:337] bulk append 1647343 into 67426418
[2023-04-12 03:44:56.654921: E /samgraph/3rdparty/collcachelib/coll_cache_lib/freq_recorder.cc:347] bulk append 3572810
[2023-04-12 03:44:56.655067: E /samgraph/3rdparty/collcachelib/coll_cache_lib/freq_recorder.cc:337] bulk append 1646855 into 69073761
[2023-04-12 03:44:56.661331: E /samgraph/3rdparty/collcachelib/coll_cache_lib/freq_recorder.cc:347] bulk append 3569879
[2023-04-12 03:44:56.661471: E /samgraph/3rdparty/collcachelib/coll_cache_lib/freq_recorder.cc:337] bulk append 1648514 into 70720616
[2023-04-12 03:44:56.667726: E /samgraph/3rdparty/collcachelib/coll_cache_lib/freq_recorder.cc:347] bulk append 3574844
[2023-04-12 03:44:56.667869: E /samgraph/3rdparty/collcachelib/coll_cache_lib/freq_recorder.cc:337] bulk append 1648548 into 72369130
[2023-04-12 03:44:56.674449: E /samgraph/3rdparty/collcachelib/coll_cache_lib/freq_recorder.cc:347] bulk append 3573598
[2023-04-12 03:44:56.674590: E /samgraph/3rdparty/collcachelib/coll_cache_lib/freq_recorder.cc:337] bulk append 1646699 into 74017678
[2023-04-12 03:44:56.681162: E /samgraph/3rdparty/collcachelib/coll_cache_lib/freq_recorder.cc:347] bulk append 3569878
[2023-04-12 03:44:56.681299: E /samgraph/3rdparty/collcachelib/coll_cache_lib/freq_recorder.cc:337] bulk append 1649637 into 75664377
[2023-04-12 03:44:56.687566: E /samgraph/3rdparty/collcachelib/coll_cache_lib/freq_recorder.cc:347] bulk append 3576801
[2023-04-12 03:44:56.687709: E /samgraph/3rdparty/collcachelib/coll_cache_lib/freq_recorder.cc:337] bulk append 1650940 into 77314014
[2023-04-12 03:44:56.693991: E /samgraph/3rdparty/collcachelib/coll_cache_lib/freq_recorder.cc:347] bulk append 3581609
[2023-04-12 03:44:56.694134: E /samgraph/3rdparty/collcachelib/coll_cache_lib/freq_recorder.cc:337] bulk append 1648856 into 78964954
[2023-04-12 03:44:56.700708: E /samgraph/3rdparty/collcachelib/coll_cache_lib/freq_recorder.cc:347] bulk append 3580165
[2023-04-12 03:44:56.700850: E /samgraph/3rdparty/collcachelib/coll_cache_lib/freq_recorder.cc:337] bulk append 1648503 into 80613810
[2023-04-12 03:44:56.707131: E /samgraph/3rdparty/collcachelib/coll_cache_lib/freq_recorder.cc:347] bulk append 3578828
[2023-04-12 03:44:56.707290: E /samgraph/3rdparty/collcachelib/coll_cache_lib/freq_recorder.cc:337] bulk append 1649161 into 82262313
[2023-04-12 03:44:56.713592: E /samgraph/3rdparty/collcachelib/coll_cache_lib/freq_recorder.cc:347] bulk append 3575296
[2023-04-12 03:44:56.713740: E /samgraph/3rdparty/collcachelib/coll_cache_lib/freq_recorder.cc:337] bulk append 1648528 into 83911474
[2023-04-12 03:44:56.720006: E /samgraph/3rdparty/collcachelib/coll_cache_lib/freq_recorder.cc:347] bulk append 3570229
[2023-04-12 03:44:56.720138: E /samgraph/3rdparty/collcachelib/coll_cache_lib/freq_recorder.cc:337] bulk append 1646656 into 85560002
[2023-04-12 03:44:56.726729: E /samgraph/3rdparty/collcachelib/coll_cache_lib/freq_recorder.cc:347] bulk append 3567603
[2023-04-12 03:44:56.726864: E /samgraph/3rdparty/collcachelib/coll_cache_lib/freq_recorder.cc:337] bulk append 1646604 into 87206658
[2023-04-12 03:44:56.733114: E /samgraph/3rdparty/collcachelib/coll_cache_lib/freq_recorder.cc:347] bulk append 3570646
[2023-04-12 03:44:56.733246: E /samgraph/3rdparty/collcachelib/coll_cache_lib/freq_recorder.cc:337] bulk append 1650027 into 88853262
[2023-04-12 03:44:56.739532: E /samgraph/3rdparty/collcachelib/coll_cache_lib/freq_recorder.cc:347] bulk append 3574149
[2023-04-12 03:44:56.739661: E /samgraph/3rdparty/collcachelib/coll_cache_lib/freq_recorder.cc:337] bulk append 1647866 into 90503289
[2023-04-12 03:44:56.745914: E /samgraph/3rdparty/collcachelib/coll_cache_lib/freq_recorder.cc:347] bulk append 3570835
[2023-04-12 03:44:56.746045: E /samgraph/3rdparty/collcachelib/coll_cache_lib/freq_recorder.cc:337] bulk append 1648697 into 92151155
[2023-04-12 03:44:56.752312: E /samgraph/3rdparty/collcachelib/coll_cache_lib/freq_recorder.cc:347] bulk append 3571138
[2023-04-12 03:44:56.752446: E /samgraph/3rdparty/collcachelib/coll_cache_lib/freq_recorder.cc:337] bulk append 1648972 into 93799852
[2023-04-12 03:44:56.758712: E /samgraph/3rdparty/collcachelib/coll_cache_lib/freq_recorder.cc:347] bulk append 3576501
[2023-04-12 03:44:56.758845: E /samgraph/3rdparty/collcachelib/coll_cache_lib/freq_recorder.cc:337] bulk append 1647826 into 95448824
[2023-04-12 03:44:56.765410: E /samgraph/3rdparty/collcachelib/coll_cache_lib/freq_recorder.cc:347] bulk append 3573986
[2023-04-12 03:44:56.765543: E /samgraph/3rdparty/collcachelib/coll_cache_lib/freq_recorder.cc:337] bulk append 1648986 into 97096650
[2023-04-12 03:44:56.771818: E /samgraph/3rdparty/collcachelib/coll_cache_lib/freq_recorder.cc:347] bulk append 3575765
[2023-04-12 03:44:56.771965: E /samgraph/3rdparty/collcachelib/coll_cache_lib/freq_recorder.cc:337] bulk append 1650125 into 98745636
[2023-04-12 03:44:56.778276: E /samgraph/3rdparty/collcachelib/coll_cache_lib/freq_recorder.cc:347] bulk append 3582503
[2023-04-12 03:44:56.778413: E /samgraph/3rdparty/collcachelib/coll_cache_lib/freq_recorder.cc:337] bulk append 1650459 into 100395761
[2023-04-12 03:44:56.784680: E /samgraph/3rdparty/collcachelib/coll_cache_lib/freq_recorder.cc:347] bulk append 3575831
[2023-04-12 03:44:56.784817: E /samgraph/3rdparty/collcachelib/coll_cache_lib/freq_recorder.cc:337] bulk append 1647402 into 102046220
[2023-04-12 03:44:56.791066: E /samgraph/3rdparty/collcachelib/coll_cache_lib/freq_recorder.cc:347] bulk append 3569817
[2023-04-12 03:44:56.791201: E /samgraph/3rdparty/collcachelib/coll_cache_lib/freq_recorder.cc:337] bulk append 1650347 into 103693622
[2023-04-12 03:44:56.797455: E /samgraph/3rdparty/collcachelib/coll_cache_lib/freq_recorder.cc:347] bulk append 3576836
[2023-04-12 03:44:56.797584: E /samgraph/3rdparty/collcachelib/coll_cache_lib/freq_recorder.cc:337] bulk append 1649376 into 105343969
[2023-04-12 03:44:56.803853: E /samgraph/3rdparty/collcachelib/coll_cache_lib/freq_recorder.cc:347] bulk append 3574969
[2023-04-12 03:44:56.803993: E /samgraph/3rdparty/collcachelib/coll_cache_lib/freq_recorder.cc:337] bulk append 1649491 into 106993345
[2023-04-12 03:44:56.810253: E /samgraph/3rdparty/collcachelib/coll_cache_lib/freq_recorder.cc:347] bulk append 3575988
[2023-04-12 03:44:56.810379: E /samgraph/3rdparty/collcachelib/coll_cache_lib/freq_recorder.cc:337] bulk append 1650215 into 108642836
[2023-04-12 03:44:56.816635: E /samgraph/3rdparty/collcachelib/coll_cache_lib/freq_recorder.cc:347] bulk append 3580497
[2023-04-12 03:44:56.816774: E /samgraph/3rdparty/collcachelib/coll_cache_lib/freq_recorder.cc:337] bulk append 1650500 into 110293051
[2023-04-12 03:44:56.823031: E /samgraph/3rdparty/collcachelib/coll_cache_lib/freq_recorder.cc:347] bulk append 3579874
[2023-04-12 03:44:56.823162: E /samgraph/3rdparty/collcachelib/coll_cache_lib/freq_recorder.cc:337] bulk append 1650609 into 111943551
[2023-04-12 03:44:56.829418: E /samgraph/3rdparty/collcachelib/coll_cache_lib/freq_recorder.cc:347] bulk append 3580613
[2023-04-12 03:44:56.829557: E /samgraph/3rdparty/collcachelib/coll_cache_lib/freq_recorder.cc:337] bulk append 1649646 into 113594160
[2023-04-12 03:44:56.835820: E /samgraph/3rdparty/collcachelib/coll_cache_lib/freq_recorder.cc:347] bulk append 3581958
[2023-04-12 03:44:56.835969: E /samgraph/3rdparty/collcachelib/coll_cache_lib/freq_recorder.cc:337] bulk append 1645166 into 115243806
[2023-04-12 03:44:56.842274: E /samgraph/3rdparty/collcachelib/coll_cache_lib/freq_recorder.cc:347] bulk append 3565627
[2023-04-12 03:44:56.842407: E /samgraph/3rdparty/collcachelib/coll_cache_lib/freq_recorder.cc:337] bulk append 1644701 into 116888972
[2023-04-12 03:44:56.848657: E /samgraph/3rdparty/collcachelib/coll_cache_lib/freq_recorder.cc:347] bulk append 3564051
[2023-04-12 03:44:56.848798: E /samgraph/3rdparty/collcachelib/coll_cache_lib/freq_recorder.cc:337] bulk append 1646057 into 118533673
[2023-04-12 03:44:56.855050: E /samgraph/3rdparty/collcachelib/coll_cache_lib/freq_recorder.cc:347] bulk append 3566613
[2023-04-12 03:44:56.855184: E /samgraph/3rdparty/collcachelib/coll_cache_lib/freq_recorder.cc:337] bulk append 1644191 into 120179730
[2023-04-12 03:44:56.861433: E /samgraph/3rdparty/collcachelib/coll_cache_lib/freq_recorder.cc:347] bulk append 3559625
[2023-04-12 03:44:56.861572: E /samgraph/3rdparty/collcachelib/coll_cache_lib/freq_recorder.cc:337] bulk append 1646891 into 121823921
[2023-04-12 03:44:56.867827: E /samgraph/3rdparty/collcachelib/coll_cache_lib/freq_recorder.cc:347] bulk append 3566519
[2023-04-12 03:44:56.867960: E /samgraph/3rdparty/collcachelib/coll_cache_lib/freq_recorder.cc:337] bulk append 1643740 into 123470812
[2023-04-12 03:44:56.874201: E /samgraph/3rdparty/collcachelib/coll_cache_lib/freq_recorder.cc:347] bulk append 3560818
[2023-04-12 03:44:56.874337: E /samgraph/3rdparty/collcachelib/coll_cache_lib/freq_recorder.cc:337] bulk append 1645544 into 125114552
[2023-04-12 03:44:56.880584: E /samgraph/3rdparty/collcachelib/coll_cache_lib/freq_recorder.cc:347] bulk append 3565937
[2023-04-12 03:44:56.880716: E /samgraph/3rdparty/collcachelib/coll_cache_lib/freq_recorder.cc:337] bulk append 1647733 into 126760096
[2023-04-12 03:44:56.886978: E /samgraph/3rdparty/collcachelib/coll_cache_lib/freq_recorder.cc:347] bulk append 3569545
[2023-04-12 03:44:56.887106: E /samgraph/3rdparty/collcachelib/coll_cache_lib/freq_recorder.cc:337] bulk append 1646273 into 128407829
[2023-04-12 03:44:56.893359: E /samgraph/3rdparty/collcachelib/coll_cache_lib/freq_recorder.cc:347] bulk append 3567129
[2023-04-12 03:44:56.893487: E /samgraph/3rdparty/collcachelib/coll_cache_lib/freq_recorder.cc:337] bulk append 1644948 into 130054102
[2023-04-12 03:44:56.899731: E /samgraph/3rdparty/collcachelib/coll_cache_lib/freq_recorder.cc:347] bulk append 3567827
[2023-04-12 03:44:56.899883: E /samgraph/3rdparty/collcachelib/coll_cache_lib/freq_recorder.cc:266] freq recorder global combining
[[2023-04-12 03:44:562023-04-12 03:44:56..899907899908: : E[E[ [2023-04-12 03:44:56 2023-04-12 03:44:56/samgraph/3rdparty/collcachelib/coll_cache_lib/facade.cc[2023-04-12 03:44:56./samgraph/3rdparty/collcachelib/coll_cache_lib/facade.cc.:2023-04-12 03:44:56.899913[:899916409.899915: 2023-04-12 03:44:56409: ] 899927: E.] Ebefore scale, dtype is 0, dim is 256: E 899945before scale, dtype is 0, dim is 256 
E /samgraph/3rdparty/collcachelib/coll_cache_lib/facade.cc: 
/samgraph/3rdparty/collcachelib/coll_cache_lib/facade.cc /samgraph/3rdparty/collcachelib/coll_cache_lib/facade.cc:[E:/samgraph/3rdparty/collcachelib/coll_cache_lib/facade.cc[:4092023-04-12 03:44:56 409/samgraph/3rdparty/collcachelib/coll_cache_lib/facade.cc:2023-04-12 03:44:56409] .] :409.] before scale, dtype is 0, dim is 256899982before scale, dtype is 0, dim is 256409] 899988before scale, dtype is 0, dim is 256
: 
] before scale, dtype is 0, dim is 256: 
Ebefore scale, dtype is 0, dim is 256[
[E 
2023-04-12 03:44:56[2023-04-12 03:44:56 /samgraph/3rdparty/collcachelib/coll_cache_lib/facade.cc[.2023-04-12 03:44:56.[/samgraph/3rdparty/collcachelib/coll_cache_lib/facade.cc:2023-04-12 03:44:56900033.9000352023-04-12 03:44:56:415.: 900041: .415] 900046E: E900050] after scale, dtype is 7, new dim is 64:  E : after scale, dtype is 7, new dim is 64
E/samgraph/3rdparty/collcachelib/coll_cache_lib/facade.cc /samgraph/3rdparty/collcachelib/coll_cache_lib/facade.ccE
 :/samgraph/3rdparty/collcachelib/coll_cache_lib/facade.cc: /samgraph/3rdparty/collcachelib/coll_cache_lib/facade.cc415:415/samgraph/3rdparty/collcachelib/coll_cache_lib/facade.cc:] 415] :415after scale, dtype is 7, new dim is 64] after scale, dtype is 7, new dim is 64415] 
after scale, dtype is 7, new dim is 64
] after scale, dtype is 7, new dim is 64
after scale, dtype is 7, new dim is 64

[2023-04-12 03:44:56.901265: E /samgraph/3rdparty/collcachelib/coll_cache_lib/coll_cache/asymm_link_desc.cc:201] assigning 0 to cpu
[2023-04-12 03:44:56.901312: E /samgraph/3rdparty/collcachelib/coll_cache_lib/coll_cache/asymm_link_desc.cc:218] build symm link desc with 8X NVIDIA A100-SXM4-80GB out of 8
[2023-04-12 03:44:56.901344: E /samgraph/3rdparty/collcachelib/coll_cache_lib/coll_cache/asymm_link_desc.cc:219] remote time is 24.3333
[2023-04-12 03:44:56.901355: E /samgraph/3rdparty/collcachelib/coll_cache_lib/coll_cache/asymm_link_desc.cc:220] cpu time is 91.25
[2023-04-12 03:44:56.901381: E /samgraph/3rdparty/collcachelib/coll_cache_lib/facade.cc:425] registering cpu data with 16.00 GB
[[2023-04-12 03:44:562023-04-12 03:44:56..902011902013: : EE  /samgraph/3rdparty/collcachelib/coll_cache_lib/coll_cache/asymm_link_desc.cc/samgraph/3rdparty/collcachelib/coll_cache_lib/coll_cache/asymm_link_desc.cc::201201] ] assigning 0 to cpuassigning 0 to cpu

[2023-04-12 03:44:56.902061: E /samgraph/3rdparty/collcachelib/coll_cache_lib/coll_cache/asymm_link_desc.cc:218] build symm link desc with 8X NVIDIA A100-SXM4-80GB out of 8
[2023-04-12 03:44:56.902075: E /samgraph/3rdparty/collcachelib/coll_cache_lib/coll_cache/asymm_link_desc.cc:218] build symm link desc with 8X NVIDIA A100-SXM4-80GB out of 8
[2023-04-12 03:44:56.902085: E /samgraph/3rdparty/collcachelib/coll_cache_lib/coll_cache/asymm_link_desc.cc:219] remote time is 24.3333
[2023-04-12 03:44:56[.2023-04-12 03:44:56902094.: 902096E:  E/samgraph/3rdparty/collcachelib/coll_cache_lib/coll_cache/asymm_link_desc.cc :[/samgraph/3rdparty/collcachelib/coll_cache_lib/coll_cache/asymm_link_desc.cc2192023-04-12 03:44:56:] .220remote time is 24.3333902104] 
: cpu time is 91.25E
 [/samgraph/3rdparty/collcachelib/coll_cache_lib/coll_cache/asymm_link_desc.cc2023-04-12 03:44:56:.201902119] : assigning 0 to cpuE
 /samgraph/3rdparty/collcachelib/coll_cache_lib/coll_cache/asymm_link_desc.cc:220] cpu time is 91.25
[2023-04-12 03:44:56.902137: E /samgraph/3rdparty/collcachelib/coll_cache_lib/facade.cc:425] registering cpu data with 16.00 GB
[2023-04-12 03:44:56.902150: E /samgraph/3rdparty/collcachelib/coll_cache_lib/facade.cc:425] registering cpu data with 16.00 GB
[2023-04-12 03:44:56.902158: E /samgraph/3rdparty/collcachelib/coll_cache_lib/coll_cache/asymm_link_desc.cc:218] build symm link desc with 8X NVIDIA A100-SXM4-80GB out of 8
[2023-04-12 03:44:56.902179: E /samgraph/3rdparty/collcachelib/coll_cache_lib/coll_cache/asymm_link_desc.cc:219] remote time is 24.3333
[2023-04-12 03:44:56.902190: E /samgraph/3rdparty/collcachelib/coll_cache_lib/coll_cache/asymm_link_desc.cc:220] cpu time is 91.25
[2023-04-12 03:44:56.902215: E /samgraph/3rdparty/collcachelib/coll_cache_lib/facade.cc:425] registering cpu data with 16.00 GB
[2023-04-12 03:44:56.902658: E /samgraph/3rdparty/collcachelib/coll_cache_lib/coll_cache/asymm_link_desc.cc:201] assigning 0 to cpu
[2023-04-12 03:44:56.902700: E /samgraph/3rdparty/collcachelib/coll_cache_lib/coll_cache/asymm_link_desc.cc:218] build symm link desc with 8X NVIDIA A100-SXM4-80GB out of 8
[2023-04-12 03:44:56.902725: E /samgraph/3rdparty/collcachelib/coll_cache_lib/coll_cache/asymm_link_desc.cc:219] remote time is 24.3333
[2023-04-12 03:44:56.902739: E [/samgraph/3rdparty/collcachelib/coll_cache_lib/coll_cache/asymm_link_desc.cc2023-04-12 03:44:56:.220902745] : cpu time is 91.25E
 /samgraph/3rdparty/collcachelib/coll_cache_lib/coll_cache/asymm_link_desc.cc:201] assigning 0 to cpu
[2023-04-12 03:44:56.902772: E /samgraph/3rdparty/collcachelib/coll_cache_lib/facade.cc:425] registering cpu data with 16.00 GB
[2023-04-12 03:44:56.902818: E /samgraph/3rdparty/collcachelib/coll_cache_lib/coll_cache/asymm_link_desc.cc:218] build symm link desc with 8X NVIDIA A100-SXM4-80GB out of 8
[2023-04-12 03:44:56.902849: E /samgraph/3rdparty/collcachelib/coll_cache_lib/coll_cache/asymm_link_desc.cc:219] remote time is 24.3333
[2023-04-12 03:44:56.902860: E /samgraph/3rdparty/collcachelib/coll_cache_lib/coll_cache/asymm_link_desc.cc:220] cpu time is 91.25
[2023-04-12 03:44:56.902885: E /samgraph/3rdparty/collcachelib/coll_cache_lib/facade.cc:425] registering cpu data with 16.00 GB
[2023-04-12 03:44:56.902957: E /samgraph/3rdparty/collcachelib/coll_cache_lib/coll_cache/asymm_link_desc.cc:201] assigning 0 to cpu
[2023-04-12 03:44:56.902998: E /samgraph/3rdparty/collcachelib/coll_cache_lib/coll_cache/asymm_link_desc.cc:218] build symm link desc with 8X NVIDIA A100-SXM4-80GB out of 8
[2023-04-12 03:44:56.903017: E /samgraph/3rdparty/collcachelib/coll_cache_lib/coll_cache/asymm_link_desc.cc:219] remote time is 24.3333
[2023-04-12 03:44:56.903027: E /samgraph/3rdparty/collcachelib/coll_cache_lib/coll_cache/asymm_link_desc.cc:220] cpu time is 91.25
[2023-04-12 03:44:56.903052: E /samgraph/3rdparty/collcachelib/coll_cache_lib/facade.cc:425] registering cpu data with 16.00 GB
[2023-04-12 03:44:59.857930: E /samgraph/3rdparty/collcachelib/coll_cache_lib/facade.cc:427] registering cpu data done.
[2023-04-12 03:44:59.858195: E /samgraph/3rdparty/collcachelib/coll_cache_lib/facade.cc:427] registering cpu data done.
[2023-04-12 03:44:59.858302: E /samgraph/3rdparty/collcachelib/coll_cache_lib/facade.cc:427] registering cpu data done.
[2023-04-12 03:44:59.858461: E /samgraph/3rdparty/collcachelib/coll_cache_lib/facade.cc:427] registering cpu data done.
[2023-04-12 03:44:59.859373: E /samgraph/3rdparty/collcachelib/coll_cache_lib/facade.cc:427] registering cpu data done.
[2023-04-12 03:44:59.864749: E /samgraph/3rdparty/collcachelib/coll_cache_lib/facade.cc:427] registering cpu data done.
[2023-04-12 03:44:59.867844: E /samgraph/3rdparty/collcachelib/coll_cache_lib/facade.cc:427] registering cpu data done.
[2023-04-12 03:45:01.459333: E /samgraph/3rdparty/collcachelib/coll_cache_lib/freq_recorder.cc:269] freq recorder global combine from 131699050 to 37602850
[2023-04-12 03:45:04.882868: E /samgraph/3rdparty/collcachelib/coll_cache_lib/freq_recorder.cc:286] top 5 freq is 211,205,203,201,199
[2023-04-12 03:45:04.883026: E /samgraph/3rdparty/collcachelib/coll_cache_lib/facade.cc:409] before scale, dtype is 0, dim is 256
[2023-04-12 03:45:04.883041: E /samgraph/3rdparty/collcachelib/coll_cache_lib/facade.cc:415] after scale, dtype is 7, new dim is 64
[2023-04-12 03:45:04.884224: E /samgraph/3rdparty/collcachelib/coll_cache_lib/coll_cache/asymm_link_desc.cc:201] assigning 0 to cpu
[2023-04-12 03:45:04.884298: E /samgraph/3rdparty/collcachelib/coll_cache_lib/coll_cache/asymm_link_desc.cc:218] build symm link desc with 8X NVIDIA A100-SXM4-80GB out of 8
[2023-04-12 03:45:04.884334: E /samgraph/3rdparty/collcachelib/coll_cache_lib/coll_cache/asymm_link_desc.cc:219] remote time is 24.3333
[2023-04-12 03:45:04.884348: E /samgraph/3rdparty/collcachelib/coll_cache_lib/coll_cache/asymm_link_desc.cc:220] cpu time is 91.25
[2023-04-12 03:45:04.884388: E /samgraph/3rdparty/collcachelib/coll_cache_lib/facade.cc:425] registering cpu data with 16.00 GB
[2023-04-12 03:45:05.688048: E /samgraph/3rdparty/collcachelib/coll_cache_lib/facade.cc:427] registering cpu data done.
[2023-04-12 03:45:05.688118: E /samgraph/3rdparty/collcachelib/coll_cache_lib/facade.cc:174] creating solver
[2023-04-12 03:45:05.688129: E /samgraph/3rdparty/collcachelib/coll_cache_lib/facade.cc:214] solver created. now build & solve
[2023-04-12 03:45:05.886419: E /samgraph/3rdparty/collcachelib/coll_cache_lib/facade.cc:218] solver built. now solve
block 0 storage is 00000001
	access is	0	0	0	0	0	0	0	0	
block 1 storage is 00000010
	access is	1	1	1	1	1	1	1	1	
block 2 storage is 00000100
	access is	2	2	2	2	2	2	2	2	
block 3 storage is 00001000
	access is	3	3	3	3	3	3	3	3	
block 4 storage is 00010000
	access is	4	4	4	4	4	4	4	4	
block 5 storage is 00100000
	access is	5	5	5	5	5	5	5	5	
block 6 storage is 01000000
	access is	6	6	6	6	6	6	6	6	
block 7 storage is 10000000
	access is	7	7	7	7	7	7	7	7	
block 8 storage is 00000000
	access is	8	8	8	8	8	8	8	8	
[2023-04-12 03:45:06. 33291: E /samgraph/3rdparty/collcachelib/coll_cache_lib/facade.cc:222] solver solved
[2023-04-12 03:45:06. 34648: E /samgraph/3rdparty/collcachelib/coll_cache_lib/facade.cc:437] 0 solved master
[2023-04-12 03:45:06. 34681: E /samgraph/3rdparty/collcachelib/coll_cache_lib/facade.cc:444] 0 solved
[2023-04-12 03:45:06. 34698: E /samgraph/3rdparty/collcachelib/coll_cache_lib/facade.cc:447] worker 0 thread 0 initing device 0
[2023-04-12 03:45:06. 35758: E /samgraph/3rdparty/collcachelib/coll_cache_lib/cache_context.cu:2308] Building Coll Cache with ... num gpu device is 8
[2023-04-12 03:45:06. 35965: E /samgraph/3rdparty/collcachelib/coll_cache_lib/cuda/cache_hashtable.cuh:611] per src size local is 9021249
[[2023-04-12 03:45:06.2023-04-12 03:45:06 45035.:  45036E:  E/samgraph/3rdparty/collcachelib/coll_cache_lib/facade.cc :/samgraph/3rdparty/collcachelib/coll_cache_lib/facade.cc444:] 444] 5 solved7 solved

[[2023-04-12 03:45:062023-04-12 03:45:06.. 45104 45104: : EE  /samgraph/3rdparty/collcachelib/coll_cache_lib/facade.cc/samgraph/3rdparty/collcachelib/coll_cache_lib/facade.cc::447447] ] worker 0 thread 7 initing device 7worker 0 thread 5 initing device 5

[2023-04-12 03:45:06. 45496: E /samgraph/3rdparty/collcachelib/coll_cache_lib/cache_context.cu:2308] Building Coll Cache with ... num gpu device is 8
[2023-04-12 03:45:06. 45525: E /samgraph/3rdparty/collcachelib/coll_cache_lib/cache_context.cu:2308] Building Coll Cache with ... num gpu device is 8
[2023-04-12 03:45:06. 45797: E /samgraph/3rdparty/collcachelib/coll_cache_lib/facade.cc:444] 6 solved
[2023-04-12 03:45:06. 45838: E /samgraph/3rdparty/collcachelib/coll_cache_lib/facade.cc:447] worker 0 thread 6 initing device 6
[2023-04-12 03:45:06. 45939: E /samgraph/3rdparty/collcachelib/coll_cache_lib/facade.cc:444] 2 solved
[2023-04-12 03:45:06. 45999: E /samgraph/3rdparty/collcachelib/coll_cache_lib/facade.cc:447] worker 0 thread 2 initing device 2
[2023-04-12 03:45:06. 46165: E /samgraph/3rdparty/collcachelib/coll_cache_lib/cache_context.cu:2308] Building Coll Cache with ... num gpu device is 8
[[2023-04-12 03:45:06. 468342023-04-12 03:45:06: .E 46850 : /samgraph/3rdparty/collcachelib/coll_cache_lib/facade.ccE: 444/samgraph/3rdparty/collcachelib/coll_cache_lib/facade.cc] :444] 3 solved
1 solved[
2023-04-12 03:45:06. 46906: E [/samgraph/3rdparty/collcachelib/coll_cache_lib/facade.cc2023-04-12 03:45:06:.447 46911] : E worker 0 thread 3 initing device 3/samgraph/3rdparty/collcachelib/coll_cache_lib/facade.cc
:447] worker 0 thread 1 initing device 1
[2023-04-12 03:45:06. 47840: E /samgraph/3rdparty/collcachelib/coll_cache_lib/cache_context.cu:2308] Building Coll Cache with ... num gpu device is 8
[2023-04-12 03:45:06. 59870: E /samgraph/3rdparty/collcachelib/coll_cache_lib/facade.cc:444] 4 solved
[2023-04-12 03:45:06. 59941: E /samgraph/3rdparty/collcachelib/coll_cache_lib/facade.cc:447] worker 0 thread 4 initing device 4
[2023-04-12 03:45:06. 60305: E /samgraph/3rdparty/collcachelib/coll_cache_lib/cache_context.cu:2308] Building Coll Cache with ... num gpu device is 8
[2023-04-12 03:45:06. 68903: E /samgraph/3rdparty/collcachelib/coll_cache_lib/cache_context.cu:2308] Building Coll Cache with ... num gpu device is 8
[2023-04-12 03:45:06. 68958: E /samgraph/3rdparty/collcachelib/coll_cache_lib/cache_context.cu:2308] Building Coll Cache with ... num gpu device is 8
[2023-04-12 03:45:06.183324: E /samgraph/3rdparty/collcachelib/coll_cache_lib/cache_context.cu:2350] num cpu nodes is 6
[2023-04-12 03:45:06.194698: E /samgraph/3rdparty/collcachelib/coll_cache_lib/cache_context.cu:2350] num cpu nodes is 6
[2023-04-12 03:45:06.195402: E /samgraph/3rdparty/collcachelib/coll_cache_lib/cache_context.cu:2350] num cpu nodes is 6
[2023-04-12 03:45:06.204833: E /samgraph/3rdparty/collcachelib/coll_cache_lib/cache_context.cu:2350] num cpu nodes is 6
[2023-04-12 03:45:06.208135: E /samgraph/3rdparty/collcachelib/coll_cache_lib/cache_context.cu:2350] num cpu nodes is 6
[2023-04-12 03:45:06.212146: E /samgraph/3rdparty/collcachelib/coll_cache_lib/cache_context.cu:2350] num cpu nodes is 6
[2023-04-12 03:45:06.212725: E /samgraph/3rdparty/collcachelib/coll_cache_lib/cache_context.cu:2350] num cpu nodes is 6
[2023-04-12 03:45:06.220564: E /samgraph/3rdparty/collcachelib/coll_cache_lib/cache_context.cu:2350] num cpu nodes is 6
[2023-04-12 03:45:06.782878: E /samgraph/3rdparty/collcachelib/coll_cache_lib/cuda/cache_hashtable.cu:355] create a hashtable with 65608360 possible elem, scale to 134217728
[2023-04-12 03:45:06.782924: E /samgraph/3rdparty/collcachelib/coll_cache_lib/cuda/cache_hashtable.cu:360] SimpleHashTable allocating 1024.00 MB
[2023-04-12 03:45:06.861568: E /samgraph/3rdparty/collcachelib/coll_cache_lib/cuda/cache_hashtable.cu:355] create a hashtable with 65608360 possible elem, scale to 134217728
[2023-04-12 03:45:06.861607: E /samgraph/3rdparty/collcachelib/coll_cache_lib/cuda/cache_hashtable.cu:360] SimpleHashTable allocating 1024.00 MB
[2023-04-12 03:45:06.934967: E /samgraph/3rdparty/collcachelib/coll_cache_lib/cuda/cache_hashtable.cu:355] create a hashtable with 65608360 possible elem, scale to 134217728
[2023-04-12 03:45:06.935021: E /samgraph/3rdparty/collcachelib/coll_cache_lib/cuda/cache_hashtable.cu:360] SimpleHashTable allocating 1024.00 MB
[2023-04-12 03:45:06.935359: E /samgraph/3rdparty/collcachelib/coll_cache_lib/cuda/cache_hashtable.cu:355] create a hashtable with 65608360 possible elem, scale to 134217728
[2023-04-12 03:45:06.935397: E /samgraph/3rdparty/collcachelib/coll_cache_lib/cuda/cache_hashtable.cu:360] SimpleHashTable allocating 1024.00 MB
[2023-04-12 03:45:06.935924: E /samgraph/3rdparty/collcachelib/coll_cache_lib/cuda/cache_hashtable.cu:355] create a hashtable with 65608360 possible elem, scale to 134217728
[2023-04-12 03:45:06.935961: E /samgraph/3rdparty/collcachelib/coll_cache_lib/cuda/cache_hashtable.cu:360] SimpleHashTable allocating 1024.00 MB
[2023-04-12 03:45:06.936038: E /samgraph/3rdparty/collcachelib/coll_cache_lib/cuda/cache_hashtable.cu:355] create a hashtable with 65608360 possible elem, scale to 134217728
[2023-04-12 03:45:06.936069: E /samgraph/3rdparty/collcachelib/coll_cache_lib/cuda/cache_hashtable.cu:360] SimpleHashTable allocating 1024.00 MB
[2023-04-12 03:45:06.936198: E /samgraph/3rdparty/collcachelib/coll_cache_lib/cuda/cache_hashtable.cu:355] create a hashtable with 65608360 possible elem, scale to 134217728
[2023-04-12 03:45:06.936230: E /samgraph/3rdparty/collcachelib/coll_cache_lib/cuda/cache_hashtable.cu:360] SimpleHashTable allocating 1024.00 MB
[2023-04-12 03:45:06.936549: E /samgraph/3rdparty/collcachelib/coll_cache_lib/cuda/cache_hashtable.cu:355] create a hashtable with 65608360 possible elem, scale to 134217728
[2023-04-12 03:45:06.936582: E /samgraph/3rdparty/collcachelib/coll_cache_lib/cuda/cache_hashtable.cu:360] SimpleHashTable allocating 1024.00 MB
[2023-04-12 03:45:07. 48310: E /samgraph/3rdparty/collcachelib/coll_cache_lib/common.cc:107] too many mem allocated for forcescale?13187281->4986236
[2023-04-12 03:45:07. 48560: E /samgraph/3rdparty/collcachelib/coll_cache_lib/common.cc:107] too many mem allocated for forcescale?13187281->4986236
[2023-04-12 03:45:07. 49350: E /samgraph/3rdparty/collcachelib/coll_cache_lib/common.cc:107] too many mem allocated for forcescale?13187281->4986236
[2023-04-12 03:45:07. 49518: E /samgraph/3rdparty/collcachelib/coll_cache_lib/common.cc:107] too many mem allocated for forcescale?13187281->4986236
[2023-04-12 03:45:07. 49565: E /samgraph/3rdparty/collcachelib/coll_cache_lib/common.cc:107] too many mem allocated for forcescale?13187281->4986236
[2023-04-12 03:45:07. 49604: E /samgraph/3rdparty/collcachelib/coll_cache_lib/common.cc:107] too many mem allocated for forcescale?13187281->4986236
[2023-04-12 03:45:07. 49724: E /samgraph/3rdparty/collcachelib/coll_cache_lib/common.cc:107] too many mem allocated for forcescale?13187281->4986236
[2023-04-12 03:45:07. 49822: E /samgraph/3rdparty/collcachelib/coll_cache_lib/common.cc:107] too many mem allocated for forcescale?13187281->4986236
[2023-04-12 03:45:07. 71978: E /samgraph/3rdparty/collcachelib/coll_cache_lib/cache_context.cu:2427] Asymm Coll cache (policy: clique_part) | local 8201045 / 65608366 nodes ( 12.50 %~20.00 %) | remote 57407315 / 65608366 nodes ( 87.50 %) | cpu 6 / 65608366 nodes ( 0.00 %) | 12.58 GB | 1.00302 secs 
[2023-04-12 03:45:07. 72108: E /samgraph/3rdparty/collcachelib/coll_cache_lib/cache_context.cu:2427] Asymm Coll cache (policy: clique_part) | local 8201045 / 65608366 nodes ( 12.50 %~20.00 %) | remote 57407315 / 65608366 nodes ( 87.50 %) | cpu 6 / 65608366 nodes ( 0.00 %) | 12.58 GB | 1.02592 secs 
[2023-04-12 03:45:07. 74750: E /samgraph/3rdparty/collcachelib/coll_cache_lib/cache_context.cu:2427] Asymm Coll cache (policy: clique_part) | local 8201045 / 65608366 nodes ( 12.50 %~20.00 %) | remote 57407315 / 65608366 nodes ( 87.50 %) | cpu 6 / 65608366 nodes ( 0.00 %) | 12.58 GB | 1.02921 secs 
[2023-04-12 03:45:07. 75816: E /samgraph/3rdparty/collcachelib/coll_cache_lib/cache_context.cu:2427] Asymm Coll cache (policy: clique_part) | local 8201045 / 65608366 nodes ( 12.50 %~20.00 %) | remote 57407315 / 65608366 nodes ( 87.50 %) | cpu 6 / 65608366 nodes ( 0.00 %) | 12.58 GB | 1.02795 secs 
[2023-04-12 03:45:07. 75922: E /samgraph/3rdparty/collcachelib/coll_cache_lib/cache_context.cu:2427] Asymm Coll cache (policy: clique_part) | local 8201045 / 65608366 nodes ( 12.50 %~20.00 %) | remote 57407315 / 65608366 nodes ( 87.50 %) | cpu 6 / 65608366 nodes ( 0.00 %) | 12.58 GB | 1.00693 secs 
[2023-04-12 03:45:07. 79733: E /samgraph/3rdparty/collcachelib/coll_cache_lib/cache_context.cu:2427] Asymm Coll cache (policy: clique_part) | local 8201045 / 65608366 nodes ( 12.50 %~20.00 %) | remote 57407315 / 65608366 nodes ( 87.50 %) | cpu 6 / 65608366 nodes ( 0.00 %) | 12.58 GB | 1.01941 secs 
[2023-04-12 03:45:07. 80893: E /samgraph/3rdparty/collcachelib/coll_cache_lib/cache_context.cu:2427] Asymm Coll cache (policy: clique_part) | local 8201045 / 65608366 nodes ( 12.50 %~20.00 %) | remote 57407315 / 65608366 nodes ( 87.50 %) | cpu 6 / 65608366 nodes ( 0.00 %) | 12.58 GB | 1.04511 secs 
[2023-04-12 03:45:07. 81821: E /samgraph/3rdparty/collcachelib/coll_cache_lib/cache_context.cu:2427] Asymm Coll cache (policy: clique_part) | local 8201045 / 65608366 nodes ( 12.50 %~20.00 %) | remote 57407315 / 65608366 nodes ( 87.50 %) | cpu 6 / 65608366 nodes ( 0.00 %) | 12.58 GB | 1.03631 secs 
/usr/local/lib/python3.8/dist-packages/torch/nn/parallel/scatter_gather.py:9: UserWarning: is_namedtuple is deprecated, please use the python checks instead
  warnings.warn("is_namedtuple is deprecated, please use the python checks instead")
/usr/local/lib/python3.8/dist-packages/torch/nn/parallel/scatter_gather.py:9: UserWarning: is_namedtuple is deprecated, please use the python checks instead
  warnings.warn("is_namedtuple is deprecated, please use the python checks instead")
/usr/local/lib/python3.8/dist-packages/torch/nn/parallel/scatter_gather.py:9: UserWarning: is_namedtuple is deprecated, please use the python checks instead
  warnings.warn("is_namedtuple is deprecated, please use the python checks instead")
/usr/local/lib/python3.8/dist-packages/torch/nn/parallel/scatter_gather.py:9: UserWarning: is_namedtuple is deprecated, please use the python checks instead
  warnings.warn("is_namedtuple is deprecated, please use the python checks instead")
/usr/local/lib/python3.8/dist-packages/torch/nn/parallel/scatter_gather.py:9: UserWarning: is_namedtuple is deprecated, please use the python checks instead
  warnings.warn("is_namedtuple is deprecated, please use the python checks instead")
/usr/local/lib/python3.8/dist-packages/torch/nn/parallel/scatter_gather.py:9: UserWarning: is_namedtuple is deprecated, please use the python checks instead
  warnings.warn("is_namedtuple is deprecated, please use the python checks instead")
/usr/local/lib/python3.8/dist-packages/torch/nn/parallel/scatter_gather.py:9: UserWarning: is_namedtuple is deprecated, please use the python checks instead
  warnings.warn("is_namedtuple is deprecated, please use the python checks instead")
/usr/local/lib/python3.8/dist-packages/torch/nn/parallel/scatter_gather.py:9: UserWarning: is_namedtuple is deprecated, please use the python checks instead
  warnings.warn("is_namedtuple is deprecated, please use the python checks instead")
