/usr/lib/python3/dist-packages/requests/__init__.py:89: RequestsDependencyWarning: urllib3 (1.26.12) or chardet (3.0.4) doesn't match a supported version!
  warnings.warn("urllib3 ({}) or chardet ({}) doesn't match a supported "
Rank=6 done reading 30520063 embedding vectors from file /nvme/songxiaoniu/graph-learning/wholegraph/mag240m_homo/converted/homograph_csr_row_ptr
Rank=7 done reading 30520059 embedding vectors from file /nvme/songxiaoniu/graph-learning/wholegraph/mag240m_homo/converted/homograph_csr_row_ptr
Rank=3 done reading 30520063 embedding vectors from file /nvme/songxiaoniu/graph-learning/wholegraph/mag240m_homo/converted/homograph_csr_row_ptr
Rank=1 done reading 30520063 embedding vectors from file /nvme/songxiaoniu/graph-learning/wholegraph/mag240m_homo/converted/homograph_csr_row_ptr
Rank=2 done reading 30520063 embedding vectors from file /nvme/songxiaoniu/graph-learning/wholegraph/mag240m_homo/converted/homograph_csr_row_ptr
Rank=0 done reading 30520063 embedding vectors from file /nvme/songxiaoniu/graph-learning/wholegraph/mag240m_homo/converted/homograph_csr_row_ptr
Rank=5 done reading 30520063 embedding vectors from file /nvme/songxiaoniu/graph-learning/wholegraph/mag240m_homo/converted/homograph_csr_row_ptr
Rank=4 done reading 30520063 embedding vectors from file /nvme/songxiaoniu/graph-learning/wholegraph/mag240m_homo/converted/homograph_csr_row_ptr
Rank=5 done reading 431808978 embedding vectors from file /nvme/songxiaoniu/graph-learning/wholegraph/mag240m_homo/converted/homograph_csr_col_idx
Rank=4 done reading 431808978 embedding vectors from file /nvme/songxiaoniu/graph-learning/wholegraph/mag240m_homo/converted/homograph_csr_col_idx
Rank=0 done reading 431808978 embedding vectors from file /nvme/songxiaoniu/graph-learning/wholegraph/mag240m_homo/converted/homograph_csr_col_idx
Rank=1 done reading 431808978 embedding vectors from file /nvme/songxiaoniu/graph-learning/wholegraph/mag240m_homo/converted/homograph_csr_col_idx
Rank=2 done reading 431808978 embedding vectors from file /nvme/songxiaoniu/graph-learning/wholegraph/mag240m_homo/converted/homograph_csr_col_idx
Rank=3 done reading 431808978 embedding vectors from file /nvme/songxiaoniu/graph-learning/wholegraph/mag240m_homo/converted/homograph_csr_col_idx
Rank=7 done reading 431808978 embedding vectors from file /nvme/songxiaoniu/graph-learning/wholegraph/mag240m_homo/converted/homograph_csr_col_idx
Rank=6 done reading 431808978 embedding vectors from file /nvme/songxiaoniu/graph-learning/wholegraph/mag240m_homo/converted/homograph_csr_col_idx
[2023-04-12 04:28:37.244216: E /samgraph/3rdparty/collcachelib/coll_cache_lib/freq_recorder.cc:337] bulk append 1014241 into 0
[2023-04-12 04:28:37.248433: E /samgraph/3rdparty/collcachelib/coll_cache_lib/freq_recorder.cc:347] bulk append 3906557
[2023-04-12 04:28:37.248571: E /samgraph/3rdparty/collcachelib/coll_cache_lib/freq_recorder.cc:337] bulk append 1012851 into 1014241
[2023-04-12 04:28:37.252728: E /samgraph/3rdparty/collcachelib/coll_cache_lib/freq_recorder.cc:347] bulk append 3902866
[2023-04-12 04:28:37.252863: E /samgraph/3rdparty/collcachelib/coll_cache_lib/freq_recorder.cc:337] bulk append 1013098 into 2027092
[2023-04-12 04:28:37.257012: E /samgraph/3rdparty/collcachelib/coll_cache_lib/freq_recorder.cc:347] bulk append 3907600
[2023-04-12 04:28:37.257141: E /samgraph/3rdparty/collcachelib/coll_cache_lib/freq_recorder.cc:337] bulk append 1013741 into 3040190
[2023-04-12 04:28:37.261296: E /samgraph/3rdparty/collcachelib/coll_cache_lib/freq_recorder.cc:347] bulk append 3908228
[2023-04-12 04:28:37.261423: E /samgraph/3rdparty/collcachelib/coll_cache_lib/freq_recorder.cc:337] bulk append 1012241 into 4053931
[2023-04-12 04:28:37.265565: E /samgraph/3rdparty/collcachelib/coll_cache_lib/freq_recorder.cc:347] bulk append 3913713
[2023-04-12 04:28:37.265698: E /samgraph/3rdparty/collcachelib/coll_cache_lib/freq_recorder.cc:337] bulk append 1013104 into 5066172
[2023-04-12 04:28:37.269849: E /samgraph/3rdparty/collcachelib/coll_cache_lib/freq_recorder.cc:347] bulk append 3910695
[2023-04-12 04:28:37.269975: E /samgraph/3rdparty/collcachelib/coll_cache_lib/freq_recorder.cc:337] bulk append 1011880 into 6079276
[2023-04-12 04:28:37.274147: E /samgraph/3rdparty/collcachelib/coll_cache_lib/freq_recorder.cc:347] bulk append 3892781
[2023-04-12 04:28:37.274280: E /samgraph/3rdparty/collcachelib/coll_cache_lib/freq_recorder.cc:337] bulk append 1012363 into 7091156
[2023-04-12 04:28:37.278426: E /samgraph/3rdparty/collcachelib/coll_cache_lib/freq_recorder.cc:347] bulk append 3917376
[2023-04-12 04:28:37.278557: E /samgraph/3rdparty/collcachelib/coll_cache_lib/freq_recorder.cc:337] bulk append 1012185 into 8103519
[2023-04-12 04:28:37.282701: E /samgraph/3rdparty/collcachelib/coll_cache_lib/freq_recorder.cc:347] bulk append 3909104
[2023-04-12 04:28:37.282833: E /samgraph/3rdparty/collcachelib/coll_cache_lib/freq_recorder.cc:337] bulk append 1013454 into 9115704
[2023-04-12 04:28:37.286987: E /samgraph/3rdparty/collcachelib/coll_cache_lib/freq_recorder.cc:347] bulk append 3906319
[2023-04-12 04:28:37.287155: E /samgraph/3rdparty/collcachelib/coll_cache_lib/freq_recorder.cc:337] bulk append 1016352 into 10129158
[2023-04-12 04:28:37.292106: E /samgraph/3rdparty/collcachelib/coll_cache_lib/freq_recorder.cc:347] bulk append 3919236
[2023-04-12 04:28:37.292253: E /samgraph/3rdparty/collcachelib/coll_cache_lib/freq_recorder.cc:337] bulk append 1015386 into 11145510
[2023-04-12 04:28:37.296707: E /samgraph/3rdparty/collcachelib/coll_cache_lib/freq_recorder.cc:347] bulk append 3913189
[2023-04-12 04:28:37.296853: E /samgraph/3rdparty/collcachelib/coll_cache_lib/freq_recorder.cc:337] bulk append 1015741 into 12160896
[2023-04-12 04:28:37.301004: E /samgraph/3rdparty/collcachelib/coll_cache_lib/freq_recorder.cc:347] bulk append 3918452
[2023-04-12 04:28:37.301135: E /samgraph/3rdparty/collcachelib/coll_cache_lib/freq_recorder.cc:337] bulk append 1015216 into 13176637
[2023-04-12 04:28:37.305587: E /samgraph/3rdparty/collcachelib/coll_cache_lib/freq_recorder.cc:347] bulk append 3917186
[2023-04-12 04:28:37.305715: E /samgraph/3rdparty/collcachelib/coll_cache_lib/freq_recorder.cc:337] bulk append 1016086 into 14191853
[2023-04-12 04:28:37.309845: E /samgraph/3rdparty/collcachelib/coll_cache_lib/freq_recorder.cc:347] bulk append 3925555
[2023-04-12 04:28:37.309978: E /samgraph/3rdparty/collcachelib/coll_cache_lib/freq_recorder.cc:337] bulk append 1014833 into 15207939
[2023-04-12 04:28:37.314127: E /samgraph/3rdparty/collcachelib/coll_cache_lib/freq_recorder.cc:347] bulk append 3918105
[2023-04-12 04:28:37.314258: E /samgraph/3rdparty/collcachelib/coll_cache_lib/freq_recorder.cc:337] bulk append 1014048 into 16222772
[2023-04-12 04:28:37.318404: E /samgraph/3rdparty/collcachelib/coll_cache_lib/freq_recorder.cc:347] bulk append 3906923
[2023-04-12 04:28:37.318534: E /samgraph/3rdparty/collcachelib/coll_cache_lib/freq_recorder.cc:337] bulk append 1015802 into 17236820
[2023-04-12 04:28:37.323020: E /samgraph/3rdparty/collcachelib/coll_cache_lib/freq_recorder.cc:347] bulk append 3924090
[2023-04-12 04:28:37.323155: E /samgraph/3rdparty/collcachelib/coll_cache_lib/freq_recorder.cc:337] bulk append 1014631 into 18252622
[2023-04-12 04:28:37.327600: E /samgraph/3rdparty/collcachelib/coll_cache_lib/freq_recorder.cc:347] bulk append 3923298
[2023-04-12 04:28:37.327733: E /samgraph/3rdparty/collcachelib/coll_cache_lib/freq_recorder.cc:337] bulk append 1016491 into 19267253
[2023-04-12 04:28:37.331909: E /samgraph/3rdparty/collcachelib/coll_cache_lib/freq_recorder.cc:347] bulk append 3923370
[2023-04-12 04:28:37.332057: E /samgraph/3rdparty/collcachelib/coll_cache_lib/freq_recorder.cc:337] bulk append 1016312 into 20283744
[2023-04-12 04:28:37.336268: E /samgraph/3rdparty/collcachelib/coll_cache_lib/freq_recorder.cc:347] bulk append 3913158
[2023-04-12 04:28:37.336415: E /samgraph/3rdparty/collcachelib/coll_cache_lib/freq_recorder.cc:337] bulk append 1014498 into 21300056
[2023-04-12 04:28:37.340592: E /samgraph/3rdparty/collcachelib/coll_cache_lib/freq_recorder.cc:347] bulk append 3907593
[2023-04-12 04:28:37.340719: E /samgraph/3rdparty/collcachelib/coll_cache_lib/freq_recorder.cc:337] bulk append 1013898 into 22314554
[2023-04-12 04:28:37.345205: E /samgraph/3rdparty/collcachelib/coll_cache_lib/freq_recorder.cc:347] bulk append 3909150
[2023-04-12 04:28:37.345335: E /samgraph/3rdparty/collcachelib/coll_cache_lib/freq_recorder.cc:337] bulk append 1015868 into 23328452
[2023-04-12 04:28:37.349502: E /samgraph/3rdparty/collcachelib/coll_cache_lib/freq_recorder.cc:347] bulk append 3914159
[2023-04-12 04:28:37.349631: E /samgraph/3rdparty/collcachelib/coll_cache_lib/freq_recorder.cc:337] bulk append 1015176 into 24344320
[2023-04-12 04:28:37.354085: E /samgraph/3rdparty/collcachelib/coll_cache_lib/freq_recorder.cc:347] bulk append 3922806
[2023-04-12 04:28:37.354219: E /samgraph/3rdparty/collcachelib/coll_cache_lib/freq_recorder.cc:337] bulk append 1013813 into 25359496
[2023-04-12 04:28:37.358687: E /samgraph/3rdparty/collcachelib/coll_cache_lib/freq_recorder.cc:347] bulk append 3911756
[2023-04-12 04:28:37.358822: E /samgraph/3rdparty/collcachelib/coll_cache_lib/freq_recorder.cc:337] bulk append 1014119 into 26373309
[2023-04-12 04:28:37.363284: E /samgraph/3rdparty/collcachelib/coll_cache_lib/freq_recorder.cc:347] bulk append 3901050
[2023-04-12 04:28:37.363409: E /samgraph/3rdparty/collcachelib/coll_cache_lib/freq_recorder.cc:337] bulk append 1015537 into 27387428
[2023-04-12 04:28:37.367585: E /samgraph/3rdparty/collcachelib/coll_cache_lib/freq_recorder.cc:347] bulk append 3921222
[2023-04-12 04:28:37.367706: E /samgraph/3rdparty/collcachelib/coll_cache_lib/freq_recorder.cc:337] bulk append 1016724 into 28402965
[2023-04-12 04:28:37.372182: E /samgraph/3rdparty/collcachelib/coll_cache_lib/freq_recorder.cc:347] bulk append 3919642
[2023-04-12 04:28:37.372312: E /samgraph/3rdparty/collcachelib/coll_cache_lib/freq_recorder.cc:337] bulk append 1014865 into 29419689
[2023-04-12 04:28:37.376484: E /samgraph/3rdparty/collcachelib/coll_cache_lib/freq_recorder.cc:347] bulk append 3914776
[2023-04-12 04:28:37.376626: E /samgraph/3rdparty/collcachelib/coll_cache_lib/freq_recorder.cc:337] bulk append 1017631 into 30434554
[2023-04-12 04:28:37.380847: E /samgraph/3rdparty/collcachelib/coll_cache_lib/freq_recorder.cc:347] bulk append 3914575
[2023-04-12 04:28:37.380992: E /samgraph/3rdparty/collcachelib/coll_cache_lib/freq_recorder.cc:337] bulk append 1016690 into 31452185
[2023-04-12 04:28:37.385154: E /samgraph/3rdparty/collcachelib/coll_cache_lib/freq_recorder.cc:347] bulk append 3909458
[2023-04-12 04:28:37.385289: E /samgraph/3rdparty/collcachelib/coll_cache_lib/freq_recorder.cc:337] bulk append 1015819 into 32468875
[2023-04-12 04:28:37.389443: E /samgraph/3rdparty/collcachelib/coll_cache_lib/freq_recorder.cc:347] bulk append 3910904
[2023-04-12 04:28:37.389572: E /samgraph/3rdparty/collcachelib/coll_cache_lib/freq_recorder.cc:337] bulk append 1017379 into 33484694
[2023-04-12 04:28:37.393743: E /samgraph/3rdparty/collcachelib/coll_cache_lib/freq_recorder.cc:347] bulk append 3914325
[2023-04-12 04:28:37.393879: E /samgraph/3rdparty/collcachelib/coll_cache_lib/freq_recorder.cc:337] bulk append 1017019 into 34502073
[2023-04-12 04:28:37.398049: E /samgraph/3rdparty/collcachelib/coll_cache_lib/freq_recorder.cc:347] bulk append 3922285
[2023-04-12 04:28:37.398180: E /samgraph/3rdparty/collcachelib/coll_cache_lib/freq_recorder.cc:337] bulk append 1016104 into 35519092
[2023-04-12 04:28:37.402350: E /samgraph/3rdparty/collcachelib/coll_cache_lib/freq_recorder.cc:347] bulk append 3914753
[2023-04-12 04:28:37.402482: E /samgraph/3rdparty/collcachelib/coll_cache_lib/freq_recorder.cc:337] bulk append 1015458 into 36535196
[2023-04-12 04:28:37.406649: E /samgraph/3rdparty/collcachelib/coll_cache_lib/freq_recorder.cc:347] bulk append 3899853
[2023-04-12 04:28:37.406782: E /samgraph/3rdparty/collcachelib/coll_cache_lib/freq_recorder.cc:337] bulk append 1017428 into 37550654
[2023-04-12 04:28:37.410954: E /samgraph/3rdparty/collcachelib/coll_cache_lib/freq_recorder.cc:347] bulk append 3922401
[2023-04-12 04:28:37.411081: E /samgraph/3rdparty/collcachelib/coll_cache_lib/freq_recorder.cc:337] bulk append 1017115 into 38568082
[2023-04-12 04:28:37.415263: E /samgraph/3rdparty/collcachelib/coll_cache_lib/freq_recorder.cc:347] bulk append 3916967
[2023-04-12 04:28:37.415395: E /samgraph/3rdparty/collcachelib/coll_cache_lib/freq_recorder.cc:337] bulk append 1016852 into 39585197
[2023-04-12 04:28:37.419567: E /samgraph/3rdparty/collcachelib/coll_cache_lib/freq_recorder.cc:347] bulk append 3911737
[2023-04-12 04:28:37.419714: E /samgraph/3rdparty/collcachelib/coll_cache_lib/freq_recorder.cc:337] bulk append 1014814 into 40602049
[2023-04-12 04:28:37.423938: E /samgraph/3rdparty/collcachelib/coll_cache_lib/freq_recorder.cc:347] bulk append 3911419
[2023-04-12 04:28:37.424080: E /samgraph/3rdparty/collcachelib/coll_cache_lib/freq_recorder.cc:337] bulk append 1013825 into 41616863
[2023-04-12 04:28:37.428537: E /samgraph/3rdparty/collcachelib/coll_cache_lib/freq_recorder.cc:347] bulk append 3908080
[2023-04-12 04:28:37.428670: E /samgraph/3rdparty/collcachelib/coll_cache_lib/freq_recorder.cc:337] bulk append 1013778 into 42630688
[2023-04-12 04:28:37.432844: E /samgraph/3rdparty/collcachelib/coll_cache_lib/freq_recorder.cc:347] bulk append 3910544
[2023-04-12 04:28:37.432973: E /samgraph/3rdparty/collcachelib/coll_cache_lib/freq_recorder.cc:337] bulk append 1013048 into 43644466
[2023-04-12 04:28:37.437152: E /samgraph/3rdparty/collcachelib/coll_cache_lib/freq_recorder.cc:347] bulk append 3912761
[2023-04-12 04:28:37.437291: E /samgraph/3rdparty/collcachelib/coll_cache_lib/freq_recorder.cc:337] bulk append 1013513 into 44657514
[2023-04-12 04:28:37.441756: E /samgraph/3rdparty/collcachelib/coll_cache_lib/freq_recorder.cc:347] bulk append 3917080
[2023-04-12 04:28:37.441895: E /samgraph/3rdparty/collcachelib/coll_cache_lib/freq_recorder.cc:337] bulk append 1012664 into 45671027
[2023-04-12 04:28:37.446352: E /samgraph/3rdparty/collcachelib/coll_cache_lib/freq_recorder.cc:347] bulk append 3912658
[2023-04-12 04:28:37.446495: E /samgraph/3rdparty/collcachelib/coll_cache_lib/freq_recorder.cc:337] bulk append 1010950 into 46683691
[2023-04-12 04:28:37.450965: E /samgraph/3rdparty/collcachelib/coll_cache_lib/freq_recorder.cc:347] bulk append 3893267
[2023-04-12 04:28:37.451107: E /samgraph/3rdparty/collcachelib/coll_cache_lib/freq_recorder.cc:337] bulk append 1012766 into 47694641
[2023-04-12 04:28:37.455266: E /samgraph/3rdparty/collcachelib/coll_cache_lib/freq_recorder.cc:347] bulk append 3914366
[2023-04-12 04:28:37.455403: E /samgraph/3rdparty/collcachelib/coll_cache_lib/freq_recorder.cc:337] bulk append 1012354 into 48707407
[2023-04-12 04:28:37.459561: E /samgraph/3rdparty/collcachelib/coll_cache_lib/freq_recorder.cc:347] bulk append 3911907
[2023-04-12 04:28:37.459695: E /samgraph/3rdparty/collcachelib/coll_cache_lib/freq_recorder.cc:337] bulk append 1012739 into 49719761
[2023-04-12 04:28:37.464167: E /samgraph/3rdparty/collcachelib/coll_cache_lib/freq_recorder.cc:347] bulk append 3907855
[2023-04-12 04:28:37.464318: E /samgraph/3rdparty/collcachelib/coll_cache_lib/freq_recorder.cc:337] bulk append 1017521 into 50732500
[2023-04-12 04:28:37.469300: E /samgraph/3rdparty/collcachelib/coll_cache_lib/freq_recorder.cc:347] bulk append 3914774
[2023-04-12 04:28:37.469447: E /samgraph/3rdparty/collcachelib/coll_cache_lib/freq_recorder.cc:337] bulk append 1016380 into 51750021
[2023-04-12 04:28:37.473907: E /samgraph/3rdparty/collcachelib/coll_cache_lib/freq_recorder.cc:347] bulk append 3911294
[2023-04-12 04:28:37.474044: E /samgraph/3rdparty/collcachelib/coll_cache_lib/freq_recorder.cc:337] bulk append 1015716 into 52766401
[2023-04-12 04:28:37.478217: E /samgraph/3rdparty/collcachelib/coll_cache_lib/freq_recorder.cc:347] bulk append 3911448
[2023-04-12 04:28:37.478342: E /samgraph/3rdparty/collcachelib/coll_cache_lib/freq_recorder.cc:337] bulk append 1016942 into 53782117
[2023-04-12 04:28:37.482520: E /samgraph/3rdparty/collcachelib/coll_cache_lib/freq_recorder.cc:347] bulk append 3916007
[2023-04-12 04:28:37.482645: E /samgraph/3rdparty/collcachelib/coll_cache_lib/freq_recorder.cc:337] bulk append 1017361 into 54799059
[2023-04-12 04:28:37.486819: E /samgraph/3rdparty/collcachelib/coll_cache_lib/freq_recorder.cc:347] bulk append 3928556
[2023-04-12 04:28:37.486944: E /samgraph/3rdparty/collcachelib/coll_cache_lib/freq_recorder.cc:337] bulk append 1016360 into 55816420
[2023-04-12 04:28:37.491118: E /samgraph/3rdparty/collcachelib/coll_cache_lib/freq_recorder.cc:347] bulk append 3920291
[2023-04-12 04:28:37.491253: E /samgraph/3rdparty/collcachelib/coll_cache_lib/freq_recorder.cc:337] bulk append 1015112 into 56832780
[2023-04-12 04:28:37.495733: E /samgraph/3rdparty/collcachelib/coll_cache_lib/freq_recorder.cc:347] bulk append 3905146
[2023-04-12 04:28:37.495873: E /samgraph/3rdparty/collcachelib/coll_cache_lib/freq_recorder.cc:337] bulk append 1016038 into 57847892
[2023-04-12 04:28:37.500315: E /samgraph/3rdparty/collcachelib/coll_cache_lib/freq_recorder.cc:347] bulk append 3924633
[2023-04-12 04:28:37.500444: E /samgraph/3rdparty/collcachelib/coll_cache_lib/freq_recorder.cc:337] bulk append 1015825 into 58863930
[2023-04-12 04:28:37.504620: E /samgraph/3rdparty/collcachelib/coll_cache_lib/freq_recorder.cc:347] bulk append 3921170
[2023-04-12 04:28:37.504765: E /samgraph/3rdparty/collcachelib/coll_cache_lib/freq_recorder.cc:337] bulk append 1016987 into 59879755
[2023-04-12 04:28:37.509278: E /samgraph/3rdparty/collcachelib/coll_cache_lib/freq_recorder.cc:347] bulk append 3917368
[2023-04-12 04:28:37.509417: E /samgraph/3rdparty/collcachelib/coll_cache_lib/freq_recorder.cc:337] bulk append 1018733 into 60896742
[2023-04-12 04:28:37.513624: E /samgraph/3rdparty/collcachelib/coll_cache_lib/freq_recorder.cc:347] bulk append 3921444
[2023-04-12 04:28:37.513767: E /samgraph/3rdparty/collcachelib/coll_cache_lib/freq_recorder.cc:337] bulk append 1017228 into 61915475
[2023-04-12 04:28:37.517930: E /samgraph/3rdparty/collcachelib/coll_cache_lib/freq_recorder.cc:347] bulk append 3917871
[2023-04-12 04:28:37.518052: E /samgraph/3rdparty/collcachelib/coll_cache_lib/freq_recorder.cc:337] bulk append 1017182 into 62932703
[2023-04-12 04:28:37.522210: E /samgraph/3rdparty/collcachelib/coll_cache_lib/freq_recorder.cc:347] bulk append 3919368
[2023-04-12 04:28:37.522341: E /samgraph/3rdparty/collcachelib/coll_cache_lib/freq_recorder.cc:337] bulk append 1016691 into 63949885
[2023-04-12 04:28:37.526506: E /samgraph/3rdparty/collcachelib/coll_cache_lib/freq_recorder.cc:347] bulk append 3919205
[2023-04-12 04:28:37.526636: E /samgraph/3rdparty/collcachelib/coll_cache_lib/freq_recorder.cc:337] bulk append 1017035 into 64966576
[2023-04-12 04:28:37.530796: E /samgraph/3rdparty/collcachelib/coll_cache_lib/freq_recorder.cc:347] bulk append 3925352
[2023-04-12 04:28:37.530919: E /samgraph/3rdparty/collcachelib/coll_cache_lib/freq_recorder.cc:337] bulk append 1017459 into 65983611
[2023-04-12 04:28:37.535088: E /samgraph/3rdparty/collcachelib/coll_cache_lib/freq_recorder.cc:347] bulk append 3924223
[2023-04-12 04:28:37.535219: E /samgraph/3rdparty/collcachelib/coll_cache_lib/freq_recorder.cc:337] bulk append 1016763 into 67001070
[2023-04-12 04:28:37.539374: E /samgraph/3rdparty/collcachelib/coll_cache_lib/freq_recorder.cc:347] bulk append 3911872
[2023-04-12 04:28:37.539494: E /samgraph/3rdparty/collcachelib/coll_cache_lib/freq_recorder.cc:337] bulk append 1017978 into 68017833
[2023-04-12 04:28:37.543640: E /samgraph/3rdparty/collcachelib/coll_cache_lib/freq_recorder.cc:347] bulk append 3926837
[2023-04-12 04:28:37.543764: E /samgraph/3rdparty/collcachelib/coll_cache_lib/freq_recorder.cc:337] bulk append 1016790 into 69035811
[2023-04-12 04:28:37.547928: E /samgraph/3rdparty/collcachelib/coll_cache_lib/freq_recorder.cc:347] bulk append 3923622
[2023-04-12 04:28:37.548048: E /samgraph/3rdparty/collcachelib/coll_cache_lib/freq_recorder.cc:337] bulk append 1017598 into 70052601
[2023-04-12 04:28:37.552207: E /samgraph/3rdparty/collcachelib/coll_cache_lib/freq_recorder.cc:347] bulk append 3922094
[2023-04-12 04:28:37.552342: E /samgraph/3rdparty/collcachelib/coll_cache_lib/freq_recorder.cc:337] bulk append 1014313 into 71070199
[2023-04-12 04:28:37.556558: E /samgraph/3rdparty/collcachelib/coll_cache_lib/freq_recorder.cc:347] bulk append 3908281
[2023-04-12 04:28:37.556709: E /samgraph/3rdparty/collcachelib/coll_cache_lib/freq_recorder.cc:337] bulk append 1012993 into 72084512
[2023-04-12 04:28:37.560871: E /samgraph/3rdparty/collcachelib/coll_cache_lib/freq_recorder.cc:347] bulk append 3903900
[2023-04-12 04:28:37.561010: E /samgraph/3rdparty/collcachelib/coll_cache_lib/freq_recorder.cc:337] bulk append 1014155 into 73097505
[2023-04-12 04:28:37.565487: E /samgraph/3rdparty/collcachelib/coll_cache_lib/freq_recorder.cc:347] bulk append 3904108
[2023-04-12 04:28:37.565627: E /samgraph/3rdparty/collcachelib/coll_cache_lib/freq_recorder.cc:337] bulk append 1013817 into 74111660
[2023-04-12 04:28:37.570103: E /samgraph/3rdparty/collcachelib/coll_cache_lib/freq_recorder.cc:347] bulk append 3910891
[2023-04-12 04:28:37.570251: E /samgraph/3rdparty/collcachelib/coll_cache_lib/freq_recorder.cc:337] bulk append 1013364 into 75125477
[2023-04-12 04:28:37.574424: E /samgraph/3rdparty/collcachelib/coll_cache_lib/freq_recorder.cc:347] bulk append 3917028
[2023-04-12 04:28:37.574564: E /samgraph/3rdparty/collcachelib/coll_cache_lib/freq_recorder.cc:337] bulk append 1013719 into 76138841
[2023-04-12 04:28:37.578740: E /samgraph/3rdparty/collcachelib/coll_cache_lib/freq_recorder.cc:347] bulk append 3908533
[2023-04-12 04:28:37.578882: E /samgraph/3rdparty/collcachelib/coll_cache_lib/freq_recorder.cc:337] bulk append 1013475 into 77152560
[2023-04-12 04:28:37.583039: E /samgraph/3rdparty/collcachelib/coll_cache_lib/freq_recorder.cc:347] bulk append 3898289
[2023-04-12 04:28:37.583178: E /samgraph/3rdparty/collcachelib/coll_cache_lib/freq_recorder.cc:337] bulk append 1013574 into 78166035
[2023-04-12 04:28:37.587344: E /samgraph/3rdparty/collcachelib/coll_cache_lib/freq_recorder.cc:347] bulk append 3915922
[2023-04-12 04:28:37.587479: E /samgraph/3rdparty/collcachelib/coll_cache_lib/freq_recorder.cc:337] bulk append 1012668 into 79179609
[2023-04-12 04:28:37.591951: E /samgraph/3rdparty/collcachelib/coll_cache_lib/freq_recorder.cc:347] bulk append 3908318
[2023-04-12 04:28:37.592086: E /samgraph/3rdparty/collcachelib/coll_cache_lib/freq_recorder.cc:337] bulk append 1014214 into 80192277
[2023-04-12 04:28:37.596569: E /samgraph/3rdparty/collcachelib/coll_cache_lib/freq_recorder.cc:347] bulk append 3912517
[2023-04-12 04:28:37.596715: E /samgraph/3rdparty/collcachelib/coll_cache_lib/freq_recorder.cc:266] freq recorder global combining
[2023-04-12 04:28:37.596752: E[ [[2023-04-12 04:28:37/samgraph/3rdparty/collcachelib/coll_cache_lib/run_config.cc2023-04-12 04:28:372023-04-12 04:28:37.:.[.5967571405967592023-04-12 04:28:37[5967592023-04-12 04:28:37: ] : .: [.Eusing concurrent impl MPSPhaseE596765E2023-04-12 04:28:37596771 
 :  .: /samgraph/3rdparty/collcachelib/coll_cache_lib/run_config.cc/samgraph/3rdparty/collcachelib/coll_cache_lib/run_config.ccE/samgraph/3rdparty/collcachelib/coll_cache_lib/run_config.cc596787[E:: :: 2023-04-12 04:28:37 140140/samgraph/3rdparty/collcachelib/coll_cache_lib/run_config.cc140E./samgraph/3rdparty/collcachelib/coll_cache_lib/run_config.cc] ] :]  596822:using concurrent impl MPSPhaseusing concurrent impl MPSPhase140using concurrent impl MPSPhase/samgraph/3rdparty/collcachelib/coll_cache_lib/run_config.cc: 140

] 
:E] using concurrent impl MPSPhase[[140 [using concurrent impl MPSPhase
2023-04-12 04:28:372023-04-12 04:28:37] /samgraph/3rdparty/collcachelib/coll_cache_lib/facade.cc2023-04-12 04:28:37
..using concurrent impl MPSPhase:.[[596889596890
4095968932023-04-12 04:28:372023-04-12 04:28:37: : ] : ..[EEbefore scale, dtype is 0, dim is 384E5969205969122023-04-12 04:28:37  
 : : ./samgraph/3rdparty/collcachelib/coll_cache_lib/facade.cc/samgraph/3rdparty/collcachelib/coll_cache_lib/facade.cc/samgraph/3rdparty/collcachelib/coll_cache_lib/facade.ccE[E596933::: 2023-04-12 04:28:37 : 409409409/samgraph/3rdparty/collcachelib/coll_cache_lib/facade.cc./samgraph/3rdparty/collcachelib/coll_cache_lib/facade.ccE] ] ] :596957: before scale, dtype is 0, dim is 384before scale, dtype is 0, dim is 384before scale, dtype is 0, dim is 384409: 409/samgraph/3rdparty/collcachelib/coll_cache_lib/facade.cc


] E] :[[before scale, dtype is 0, dim is 384[ before scale, dtype is 0, dim is 3844092023-04-12 04:28:372023-04-12 04:28:37
2023-04-12 04:28:37/samgraph/3rdparty/collcachelib/coll_cache_lib/facade.cc
] ...:[before scale, dtype is 0, dim is 384597022597022[5970234152023-04-12 04:28:37
: : 2023-04-12 04:28:37: ] .EE[.Eafter scale, dtype is 7, new dim is 96597045  2023-04-12 04:28:37597049 
: /samgraph/3rdparty/collcachelib/coll_cache_lib/facade.cc/samgraph/3rdparty/collcachelib/coll_cache_lib/facade.cc.: /samgraph/3rdparty/collcachelib/coll_cache_lib/facade.ccE::597067E: 415415:  415/samgraph/3rdparty/collcachelib/coll_cache_lib/facade.cc] ] E/samgraph/3rdparty/collcachelib/coll_cache_lib/facade.cc] :after scale, dtype is 7, new dim is 96after scale, dtype is 7, new dim is 96 :after scale, dtype is 7, new dim is 96415

/samgraph/3rdparty/collcachelib/coll_cache_lib/facade.cc415
] :] after scale, dtype is 7, new dim is 96415after scale, dtype is 7, new dim is 96
] 
after scale, dtype is 7, new dim is 96
[2023-04-12 04:28:37.598252: E /samgraph/3rdparty/collcachelib/coll_cache_lib/coll_cache/asymm_link_desc.cc:201] assigning 10 to cpu
[2023-04-12 04:28:37.598291: E /samgraph/3rdparty/collcachelib/coll_cache_lib/coll_cache/asymm_link_desc.cc:218] build symm link desc with 8X NVIDIA A100-SXM4-80GB out of 8
[2023-04-12 04:28:37.598317: E /samgraph/3rdparty/collcachelib/coll_cache_lib/coll_cache/asymm_link_desc.cc:219] remote time is 24.3333
[2023-04-12 04:28:37.598327: E /samgraph/3rdparty/collcachelib/coll_cache_lib/coll_cache/asymm_link_desc.cc:220] cpu time is 91.25
[2023-04-12 04:28:37.598354: E /samgraph/3rdparty/collcachelib/coll_cache_lib/facade.cc:425] registering cpu data with 24.00 GB
[2023-04-12 04:28:37.598698: E /samgraph/3rdparty/collcachelib/coll_cache_lib/coll_cache/asymm_link_desc.cc:201] assigning 10 to cpu
[2023-04-12 04:28:37.598741: E /samgraph/3rdparty/collcachelib/coll_cache_lib/coll_cache/asymm_link_desc.cc:218] build symm link desc with 8X NVIDIA A100-SXM4-80GB out of 8
[2023-04-12 04:28:37.598765: E /samgraph/3rdparty/collcachelib/coll_cache_lib/coll_cache/asymm_link_desc.cc:219] remote time is 24.3333
[2023-04-12 04:28:37.598775: E /samgraph/3rdparty/collcachelib/coll_cache_lib/coll_cache/asymm_link_desc.cc:220] cpu time is 91.25
[2023-04-12 04:28:37.598800: E /samgraph/3rdparty/collcachelib/coll_cache_lib/facade.cc:425] registering cpu data with 24.00 GB
[2023-04-12 04:28:37.599061: E /samgraph/3rdparty/collcachelib/coll_cache_lib/coll_cache/asymm_link_desc.cc:201] assigning 10 to cpu
[2023-04-12 04:28:37.599094: E /samgraph/3rdparty/collcachelib/coll_cache_lib/coll_cache/asymm_link_desc.cc:218] build symm link desc with 8X NVIDIA A100-SXM4-80GB out of 8
[2023-04-12 04:28:37.599110: E /samgraph/3rdparty/collcachelib/coll_cache_lib/coll_cache/asymm_link_desc.cc:219] remote time is 24.3333
[2023-04-12 04:28:37.599121: E /samgraph/3rdparty/collcachelib/coll_cache_lib/coll_cache/asymm_link_desc.cc:220] cpu time is 91.25
[2023-04-12 04:28:37.599145: E /samgraph/3rdparty/collcachelib/coll_cache_lib/facade.cc:425] registering cpu data with 24.00 GB
[2023-04-12 04:28:37.599374: E /samgraph/3rdparty/collcachelib/coll_cache_lib/coll_cache/asymm_link_desc.cc:201] assigning 10 to cpu
[2023-04-12 04:28:37.599409: E /samgraph/3rdparty/collcachelib/coll_cache_lib/coll_cache/asymm_link_desc.cc:218] build symm link desc with 8X NVIDIA A100-SXM4-80GB out of 8
[2023-04-12 04:28:37.599429: E /samgraph/3rdparty/collcachelib/coll_cache_lib/coll_cache/asymm_link_desc.cc:219] remote time is 24.3333
[2023-04-12 04:28:37.599440: E /samgraph/3rdparty/collcachelib/coll_cache_lib/coll_cache/asymm_link_desc.cc:220] cpu time is 91.25
[2023-04-12 04:28:37.599466: E /samgraph/3rdparty/collcachelib/coll_cache_lib/coll_cache/asymm_link_desc.cc:201] [assigning 10 to cpu2023-04-12 04:28:37
.599465: E /samgraph/3rdparty/collcachelib/coll_cache_lib/facade.cc:425] registering cpu data with 24.00 GB
[2023-04-12 04:28:37.599507: E /samgraph/3rdparty/collcachelib/coll_cache_lib/coll_cache/asymm_link_desc.cc:218] build symm link desc with 8X NVIDIA A100-SXM4-80GB out of 8
[2023-04-12 04:28:37.599525: E /samgraph/3rdparty/collcachelib/coll_cache_lib/coll_cache/asymm_link_desc.cc:219] remote time is 24.3333
[2023-04-12 04:28:37.599536: E /samgraph/3rdparty/collcachelib/coll_cache_lib/coll_cache/asymm_link_desc.cc:220] cpu time is 91.25
[2023-04-12 04:28:37.599560: E /samgraph/3rdparty/collcachelib/coll_cache_lib/facade.cc:425] registering cpu data with 24.00 GB
[[2023-04-12 04:28:372023-04-12 04:28:37..599829599832: : EE  /samgraph/3rdparty/collcachelib/coll_cache_lib/coll_cache/asymm_link_desc.cc/samgraph/3rdparty/collcachelib/coll_cache_lib/coll_cache/asymm_link_desc.cc::201201] ] assigning 10 to cpuassigning 10 to cpu

[2023-04-12 04:28:37.599882[: 2023-04-12 04:28:37E. 599886/samgraph/3rdparty/collcachelib/coll_cache_lib/coll_cache/asymm_link_desc.cc: :E218 ] /samgraph/3rdparty/collcachelib/coll_cache_lib/coll_cache/asymm_link_desc.ccbuild symm link desc with 8X NVIDIA A100-SXM4-80GB out of 8:
218] build symm link desc with 8X NVIDIA A100-SXM4-80GB out of 8
[2023-04-12 04:28:37[.2023-04-12 04:28:37599910.: 599910E:  E/samgraph/3rdparty/collcachelib/coll_cache_lib/coll_cache/asymm_link_desc.cc :/samgraph/3rdparty/collcachelib/coll_cache_lib/coll_cache/asymm_link_desc.cc219:] 219remote time is 24.3333] 
remote time is 24.3333
[2023-04-12 04:28:37[.2023-04-12 04:28:37599928.: 599930E:  E/samgraph/3rdparty/collcachelib/coll_cache_lib/coll_cache/asymm_link_desc.cc :/samgraph/3rdparty/collcachelib/coll_cache_lib/coll_cache/asymm_link_desc.cc220:] 220cpu time is 91.25] 
cpu time is 91.25
[2023-04-12 04:28:37[.2023-04-12 04:28:37599962.: 599964E:  E/samgraph/3rdparty/collcachelib/coll_cache_lib/facade.cc :/samgraph/3rdparty/collcachelib/coll_cache_lib/facade.cc425:] 425registering cpu data with 24.00 GB] 
registering cpu data with 24.00 GB
[2023-04-12 04:28:39.958277: E /samgraph/3rdparty/collcachelib/coll_cache_lib/freq_recorder.cc:269] freq recorder global combine from 81206491 to 23541532
[2023-04-12 04:28:41.883305: E /samgraph/3rdparty/collcachelib/coll_cache_lib/facade.cc:427] registering cpu data done.
[2023-04-12 04:28:41.883472: E /samgraph/3rdparty/collcachelib/coll_cache_lib/facade.cc:427] registering cpu data done.
[2023-04-12 04:28:41.884029: E /samgraph/3rdparty/collcachelib/coll_cache_lib/facade.cc:427] registering cpu data done.
[2023-04-12 04:28:41.884497: E /samgraph/3rdparty/collcachelib/coll_cache_lib/facade.cc:427] registering cpu data done.
[2023-04-12 04:28:41.884890: E /samgraph/3rdparty/collcachelib/coll_cache_lib/facade.cc:427] registering cpu data done.
[2023-04-12 04:28:41.894211: E /samgraph/3rdparty/collcachelib/coll_cache_lib/facade.cc:427] registering cpu data done.
[2023-04-12 04:28:41.898420: E /samgraph/3rdparty/collcachelib/coll_cache_lib/facade.cc:427] registering cpu data done.
[2023-04-12 04:28:42. 31106: E /samgraph/3rdparty/collcachelib/coll_cache_lib/freq_recorder.cc:286] top 5 freq is 544,544,544,544,544
[2023-04-12 04:28:42. 31211: E /samgraph/3rdparty/collcachelib/coll_cache_lib/run_config.cc:140] using concurrent impl MPSPhase
[2023-04-12 04:28:42. 31225: E /samgraph/3rdparty/collcachelib/coll_cache_lib/facade.cc:409] before scale, dtype is 0, dim is 384
[2023-04-12 04:28:42. 31237: E /samgraph/3rdparty/collcachelib/coll_cache_lib/facade.cc:415] after scale, dtype is 7, new dim is 96
[2023-04-12 04:28:42. 32361: E /samgraph/3rdparty/collcachelib/coll_cache_lib/coll_cache/asymm_link_desc.cc:201] assigning 10 to cpu
[2023-04-12 04:28:42. 32393: E /samgraph/3rdparty/collcachelib/coll_cache_lib/coll_cache/asymm_link_desc.cc:218] build symm link desc with 8X NVIDIA A100-SXM4-80GB out of 8
[2023-04-12 04:28:42. 32415: E /samgraph/3rdparty/collcachelib/coll_cache_lib/coll_cache/asymm_link_desc.cc:219] remote time is 24.3333
[2023-04-12 04:28:42. 32426: E /samgraph/3rdparty/collcachelib/coll_cache_lib/coll_cache/asymm_link_desc.cc:220] cpu time is 91.25
[2023-04-12 04:28:42. 32460: E /samgraph/3rdparty/collcachelib/coll_cache_lib/facade.cc:425] registering cpu data with 24.00 GB
[2023-04-12 04:28:43.158322: E /samgraph/3rdparty/collcachelib/coll_cache_lib/facade.cc:427] registering cpu data done.
[2023-04-12 04:28:43.158381: E /samgraph/3rdparty/collcachelib/coll_cache_lib/facade.cc:174] creating solver
[2023-04-12 04:28:43.158399: E /samgraph/3rdparty/collcachelib/coll_cache_lib/facade.cc:214] solver created. now build & solve
[2023-04-12 04:28:43.238630: W /samgraph/3rdparty/collcachelib/coll_cache_lib/cpu/cpu_device.cc:43] WORKER[0] alloc host memory 931.40 MB
[2023-04-12 04:28:43.238687: E /samgraph/3rdparty/collcachelib/coll_cache_lib/coll_cache/optimal_solver_class.cc:296] reconfigured max freq to be 544
[2023-04-12 04:28:43.238699: E /samgraph/3rdparty/collcachelib/coll_cache_lib/coll_cache/optimal_solver_class.cc:298] reconfigured num slot to be 35
[2023-04-12 04:28:43.238709: W /samgraph/3rdparty/collcachelib/coll_cache_lib/coll_cache/optimal_solver_class.cc:305] counting slots...
[2023-04-12 04:28:43.578767: W /samgraph/3rdparty/collcachelib/coll_cache_lib/coll_cache/optimal_solver_class.cc:345] Final num slot is 31
[2023-04-12 04:28:43.578822: W /samgraph/3rdparty/collcachelib/coll_cache_lib/coll_cache/optimal_solver_class.cc:349] preparing block granularity...
[2023-04-12 04:28:43.578834: E /samgraph/3rdparty/collcachelib/coll_cache_lib/coll_cache/optimal_solver_class.cc:377] slot 0 has 4960 nodes, max_size set to 620, #slice=8
[2023-04-12 04:28:43.578845: E /samgraph/3rdparty/collcachelib/coll_cache_lib/coll_cache/optimal_solver_class.cc:377] slot 1 has 6486 nodes, max_size set to 811, #slice=8
[2023-04-12 04:28:43.578855: E /samgraph/3rdparty/collcachelib/coll_cache_lib/coll_cache/optimal_solver_class.cc:377] slot 2 has 11050 nodes, max_size set to 1382, #slice=8
[2023-04-12 04:28:43.578864: E /samgraph/3rdparty/collcachelib/coll_cache_lib/coll_cache/optimal_solver_class.cc:377] slot 3 has 18627 nodes, max_size set to 2329, #slice=8
[2023-04-12 04:28:43.578874: E /samgraph/3rdparty/collcachelib/coll_cache_lib/coll_cache/optimal_solver_class.cc:377] slot 4 has 31741 nodes, max_size set to 3968, #slice=8
[2023-04-12 04:28:43.578883: E /samgraph/3rdparty/collcachelib/coll_cache_lib/coll_cache/optimal_solver_class.cc:377] slot 5 has 51665 nodes, max_size set to 6459, #slice=8
[2023-04-12 04:28:43.578892: E /samgraph/3rdparty/collcachelib/coll_cache_lib/coll_cache/optimal_solver_class.cc:377] slot 6 has 84077 nodes, max_size set to 10510, #slice=8
[2023-04-12 04:28:43.578902: E /samgraph/3rdparty/collcachelib/coll_cache_lib/coll_cache/optimal_solver_class.cc:377] slot 7 has 117851 nodes, max_size set to 14732, #slice=8
[2023-04-12 04:28:43.578911: E /samgraph/3rdparty/collcachelib/coll_cache_lib/coll_cache/optimal_solver_class.cc:377] slot 8 has 160350 nodes, max_size set to 20044, #slice=8
[2023-04-12 04:28:43.578920: E /samgraph/3rdparty/collcachelib/coll_cache_lib/coll_cache/optimal_solver_class.cc:377] slot 9 has 208801 nodes, max_size set to 26101, #slice=8
[2023-04-12 04:28:43.578930: E /samgraph/3rdparty/collcachelib/coll_cache_lib/coll_cache/optimal_solver_class.cc:377] slot 10 has 234067 nodes, max_size set to 29259, #slice=8
[2023-04-12 04:28:43.578939: E /samgraph/3rdparty/collcachelib/coll_cache_lib/coll_cache/optimal_solver_class.cc:377] slot 11 has 274732 nodes, max_size set to 34342, #slice=8
[2023-04-12 04:28:43.578949: E /samgraph/3rdparty/collcachelib/coll_cache_lib/coll_cache/optimal_solver_class.cc:377] slot 12 has 345576 nodes, max_size set to 43197, #slice=8
[2023-04-12 04:28:43.578958: E /samgraph/3rdparty/collcachelib/coll_cache_lib/coll_cache/optimal_solver_class.cc:377] slot 13 has 338976 nodes, max_size set to 42372, #slice=8
[2023-04-12 04:28:43.578967: E /samgraph/3rdparty/collcachelib/coll_cache_lib/coll_cache/optimal_solver_class.cc:377] slot 14 has 392005 nodes, max_size set to 49001, #slice=8
[2023-04-12 04:28:43.578977: E /samgraph/3rdparty/collcachelib/coll_cache_lib/coll_cache/optimal_solver_class.cc:377] slot 15 has 444255 nodes, max_size set to 55532, #slice=8
[2023-04-12 04:28:43.578995: E /samgraph/3rdparty/collcachelib/coll_cache_lib/coll_cache/optimal_solver_class.cc:377] slot 16 has 489116 nodes, max_size set to 61140, #slice=8
[2023-04-12 04:28:43.579005: E /samgraph/3rdparty/collcachelib/coll_cache_lib/coll_cache/optimal_solver_class.cc:377] slot 17 has 510531 nodes, max_size set to 63817, #slice=8
[2023-04-12 04:28:43.579014: E /samgraph/3rdparty/collcachelib/coll_cache_lib/coll_cache/optimal_solver_class.cc:377] slot 18 has 489871 nodes, max_size set to 61234, #slice=8
[2023-04-12 04:28:43.579023: E /samgraph/3rdparty/collcachelib/coll_cache_lib/coll_cache/optimal_solver_class.cc:377] slot 19 has 626128 nodes, max_size set to 78266, #slice=8
[2023-04-12 04:28:43.579033: E /samgraph/3rdparty/collcachelib/coll_cache_lib/coll_cache/optimal_solver_class.cc:377] slot 20 has 838252 nodes, max_size set to 104782, #slice=8
[2023-04-12 04:28:43.579042: E /samgraph/3rdparty/collcachelib/coll_cache_lib/coll_cache/optimal_solver_class.cc:377] slot 21 has 747027 nodes, max_size set to 93379, #slice=8
[2023-04-12 04:28:43.579052: E /samgraph/3rdparty/collcachelib/coll_cache_lib/coll_cache/optimal_solver_class.cc:377] slot 22 has 455451 nodes, max_size set to 56932, #slice=8
[2023-04-12 04:28:43.579061: E /samgraph/3rdparty/collcachelib/coll_cache_lib/coll_cache/optimal_solver_class.cc:377] slot 23 has 1175983 nodes, max_size set to 146998, #slice=8
[2023-04-12 04:28:43.579070: E /samgraph/3rdparty/collcachelib/coll_cache_lib/coll_cache/optimal_solver_class.cc:377] slot 24 has 801996 nodes, max_size set to 100250, #slice=8
[2023-04-12 04:28:43.579080: E /samgraph/3rdparty/collcachelib/coll_cache_lib/coll_cache/optimal_solver_class.cc:377] slot 25 has 992215 nodes, max_size set to 124027, #slice=8
[2023-04-12 04:28:43.579089: E /samgraph/3rdparty/collcachelib/coll_cache_lib/coll_cache/optimal_solver_class.cc:377] slot 26 has 1400362 nodes, max_size set to 175046, #slice=8
[2023-04-12 04:28:43.579098: E /samgraph/3rdparty/collcachelib/coll_cache_lib/coll_cache/optimal_solver_class.cc:377] slot 28 has 1914964 nodes, max_size set to 239371, #slice=8
[2023-04-12 04:28:43.579108: E /samgraph/3rdparty/collcachelib/coll_cache_lib/coll_cache/optimal_solver_class.cc:377] slot 30 has 3731174 nodes, max_size set to 244160, #slice=16
[2023-04-12 04:28:43.579117: E /samgraph/3rdparty/collcachelib/coll_cache_lib/coll_cache/optimal_solver_class.cc:377] slot 33 has 6643243 nodes, max_size set to 244160, #slice=32
[2023-04-12 04:28:43.579126: E /samgraph/3rdparty/collcachelib/coll_cache_lib/coll_cache/optimal_solver_class.cc:377] slot 34 has 220618967 nodes, max_size set to 244160, #slice=904
[2023-04-12 04:28:43.579136: W /samgraph/3rdparty/collcachelib/coll_cache_lib/coll_cache/optimal_solver_class.cc:383] counting blocks...
[2023-04-12 04:28:43.736579: W /samgraph/3rdparty/collcachelib/coll_cache_lib/coll_cache/optimal_solver_class.cc:403] Final num block is 1176
[2023-04-12 04:28:43.736647: W /samgraph/3rdparty/collcachelib/coll_cache_lib/coll_cache/optimal_solver_class.cc:408] counting freq and density...
[2023-04-12 04:28:43.770098: W /samgraph/3rdparty/collcachelib/coll_cache_lib/coll_cache/optimal_solver_class.cc:458] averaging freq and density...
[2023-04-12 04:28:43.770162: W /samgraph/3rdparty/collcachelib/coll_cache_lib/coll_cache/optimal_solver_class.cc:459] 1176
[2023-04-12 04:28:43.772722: E /samgraph/3rdparty/collcachelib/coll_cache_lib/facade.cc:218] solver built. now solve
[2023-04-12 04:28:43.772761: W /samgraph/3rdparty/collcachelib/coll_cache_lib/coll_cache/optimal_solver_class.cc:858] constructing optimal solver, device=8, stream=1
1176 blocks, 8 devices
[2023-04-12 04:28:45.172292: W /samgraph/3rdparty/collcachelib/coll_cache_lib/coll_cache/optimal_solver_class.cc:1036] Add Var...
[2023-04-12 04:28:45.208803: W /samgraph/3rdparty/collcachelib/coll_cache_lib/coll_cache/optimal_solver_class.cc:1054] Capacity...
[2023-04-12 04:28:45.209847: W /samgraph/3rdparty/collcachelib/coll_cache_lib/coll_cache/optimal_solver_class.cc:1057] Connect CPU...
[2023-04-12 04:28:45.230006: W /samgraph/3rdparty/collcachelib/coll_cache_lib/coll_cache/optimal_solver_class.cc:1059] Connect Access To Storage...
[2023-04-12 04:28:45.963638: W /samgraph/3rdparty/collcachelib/coll_cache_lib/coll_cache/optimal_solver_class.cc:1063] Time...
[2023-04-12 04:28:45.970338: E /samgraph/3rdparty/collcachelib/coll_cache_lib/coll_cache/optimal_solver_class.cc:1025] dst 0, total sm is 108
[2023-04-12 04:28:45.973529: E /samgraph/3rdparty/collcachelib/coll_cache_lib/coll_cache/optimal_solver_class.cc:1025] dst 1, total sm is 108
[2023-04-12 04:28:45.976569: E /samgraph/3rdparty/collcachelib/coll_cache_lib/coll_cache/optimal_solver_class.cc:1025] dst 2, total sm is 108
[2023-04-12 04:28:45.979623: E /samgraph/3rdparty/collcachelib/coll_cache_lib/coll_cache/optimal_solver_class.cc:1025] dst 3, total sm is 108
[2023-04-12 04:28:45.982919: E /samgraph/3rdparty/collcachelib/coll_cache_lib/coll_cache/optimal_solver_class.cc:1025] dst 4, total sm is 108
[2023-04-12 04:28:45.986007: E /samgraph/3rdparty/collcachelib/coll_cache_lib/coll_cache/optimal_solver_class.cc:1025] dst 5, total sm is 108
[2023-04-12 04:28:45.989063: E /samgraph/3rdparty/collcachelib/coll_cache_lib/coll_cache/optimal_solver_class.cc:1025] dst 6, total sm is 108
[2023-04-12 04:28:45.992130: E /samgraph/3rdparty/collcachelib/coll_cache_lib/coll_cache/optimal_solver_class.cc:1025] dst 7, total sm is 108
[2023-04-12 04:29:03.949465: W /samgraph/3rdparty/collcachelib/coll_cache_lib/coll_cache/optimal_solver_class.cc:1082] Coll Cache init block placement array
[2023-04-12 04:29:03.956650: W /samgraph/3rdparty/collcachelib/coll_cache_lib/coll_cache/optimal_solver_class.cc:1158] Coll Cache init block placement array done
[2023-04-12 04:29:03.956891: W /samgraph/3rdparty/collcachelib/coll_cache_lib/coll_cache/optimal_solver_class.cc:1160] Coll Cache model reset done
[2023-04-12 04:29:04. 14311: E /samgraph/3rdparty/collcachelib/coll_cache_lib/facade.cc:222] solver solved
[2023-04-12 04:29:04. 14375: E /samgraph/3rdparty/collcachelib/coll_cache_lib/facade.cc:437] 0 solved master
[2023-04-12 04:29:04. 14387: E /samgraph/3rdparty/collcachelib/coll_cache_lib/facade.cc:444] 0 solved
[2023-04-12 04:29:04. 14397: E /samgraph/3rdparty/collcachelib/coll_cache_lib/facade.cc:447] worker 0 thread 0 initing device 0
[2023-04-12 04:29:04. 15100: E /samgraph/3rdparty/collcachelib/coll_cache_lib/cache_context.cu:2308] Building Coll Cache with ... num gpu device is 8
[2023-04-12 04:29:04. 15423: E /samgraph/3rdparty/collcachelib/coll_cache_lib/cuda/cache_hashtable.cuh:611] per src size local is 31523529
[[2023-04-12 04:29:04. 65856: 2023-04-12 04:29:04E.  65856/samgraph/3rdparty/collcachelib/coll_cache_lib/facade.cc: :E444 ] /samgraph/3rdparty/collcachelib/coll_cache_lib/facade.cc:444] 5 solved
3 solved
[2023-04-12 04:29:04[.2023-04-12 04:29:04 65940.:  65941E:  E/samgraph/3rdparty/collcachelib/coll_cache_lib/facade.cc :/samgraph/3rdparty/collcachelib/coll_cache_lib/facade.cc447:] 447] worker 0 thread 5 initing device 5worker 0 thread 3 initing device 3

[[2023-04-12 04:29:04. 66068: E /samgraph/3rdparty/collcachelib/coll_cache_lib/facade.cc:444] 2 solved
[[2023-04-12 04:29:042023-04-12 04:29:04.. 66072 66142: : EE  /samgraph/3rdparty/collcachelib/coll_cache_lib/facade.cc/samgraph/3rdparty/collcachelib/coll_cache_lib/facade.cc::444447] ] 2023-04-12 04:29:046 solvedworker 0 thread 2 initing device 2
.
 66068: [E2023-04-12 04:29:04 ./samgraph/3rdparty/collcachelib/coll_cache_lib/facade.cc 66168:: 444E]  /samgraph/3rdparty/collcachelib/coll_cache_lib/facade.cc:4471 solved] 
worker 0 thread 6 initing device 6
[2023-04-12 04:29:04. 66189: E /samgraph/3rdparty/collcachelib/coll_cache_lib/facade.cc:447] worker 0 thread 1 initing device 1
[2023-04-12 04:29:04. 66370: E /samgraph/3rdparty/collcachelib/coll_cache_lib/cache_context.cu:2308] Building Coll Cache with ... num gpu device is 8
[2023-04-12 04:29:04. 67493: E /samgraph/3rdparty/collcachelib/coll_cache_lib/cache_context.cu:2308] Building Coll Cache with ... num gpu device is 8
[2023-04-12 04:29:04. 67511: E /samgraph/3rdparty/collcachelib/coll_cache_lib/cache_context.cu:2308] Building Coll Cache with ... num gpu device is 8
[2023-04-12 04:29:04. 86431: E /samgraph/3rdparty/collcachelib/coll_cache_lib/facade.cc:444] 7 solved
[2023-04-12 04:29:04. 86588: E /samgraph/3rdparty/collcachelib/coll_cache_lib/facade.cc:447] worker 0 thread 7 initing device 7
[2023-04-12 04:29:04. 87978: E /samgraph/3rdparty/collcachelib/coll_cache_lib/cache_context.cu:2308] Building Coll Cache with ... num gpu device is 8
[2023-04-12 04:29:04. 94956: E /samgraph/3rdparty/collcachelib/coll_cache_lib/cache_context.cu:2308] Building Coll Cache with ... num gpu device is 8[
2023-04-12 04:29:04. 94953: E /samgraph/3rdparty/collcachelib/coll_cache_lib/facade.cc:444] 4 solved
[2023-04-12 04:29:04. 95028: E /samgraph/3rdparty/collcachelib/coll_cache_lib/facade.cc:447] worker 0 thread 4 initing device 4
[2023-04-12 04:29:04. 95576: E /samgraph/3rdparty/collcachelib/coll_cache_lib/cache_context.cu:2308] Building Coll Cache with ... num gpu device is 8
[2023-04-12 04:29:04. 96875: E /samgraph/3rdparty/collcachelib/coll_cache_lib/cache_context.cu:2308] Building Coll Cache with ... num gpu device is 8
[2023-04-12 04:29:04.308184: W /samgraph/3rdparty/collcachelib/coll_cache_lib/cpu/cpu_device.cc:43] WORKER[0] alloc host memory 687.11 MB
[2023-04-12 04:29:04.365400: W /samgraph/3rdparty/collcachelib/coll_cache_lib/cpu/cpu_device.cc:43] WORKER[0] alloc host memory 693.66 MB
[2023-04-12 04:29:04.391100: W /samgraph/3rdparty/collcachelib/coll_cache_lib/cpu/cpu_device.cc:43] WORKER[0] alloc host memory 688.39 MB
[2023-04-12 04:29:04.392089: W /samgraph/3rdparty/collcachelib/coll_cache_lib/cpu/cpu_device.cc:43] WORKER[0] alloc host memory 690.65 MB
[2023-04-12 04:29:04.400600: W /samgraph/3rdparty/collcachelib/coll_cache_lib/cpu/cpu_device.cc:43] WORKER[0] alloc host memory 686.56 MB
[2023-04-12 04:29:04.416895: W /samgraph/3rdparty/collcachelib/coll_cache_lib/cpu/cpu_device.cc:43] WORKER[0] alloc host memory 688.47 MB
[2023-04-12 04:29:04.421287: W /samgraph/3rdparty/collcachelib/coll_cache_lib/cpu/cpu_device.cc:43] WORKER[0] alloc host memory 690.37 MB
[2023-04-12 04:29:04.429214: W /samgraph/3rdparty/collcachelib/coll_cache_lib/cpu/cpu_device.cc:43] WORKER[0] alloc host memory 688.66 MB
[2023-04-12 04:29:04.492584: E /samgraph/3rdparty/collcachelib/coll_cache_lib/cache_context.cu:2350] num cpu nodes is 35381636
[2023-04-12 04:29:04.551816: E /samgraph/3rdparty/collcachelib/coll_cache_lib/cache_context.cu:2350] num cpu nodes is 35381636
[2023-04-12 04:29:04.569279: E /samgraph/3rdparty/collcachelib/coll_cache_lib/cache_context.cu:2350] num cpu nodes is 35381636
[2023-04-12 04:29:04.573445: E /samgraph/3rdparty/collcachelib/coll_cache_lib/cache_context.cu:2350] num cpu nodes is 35381636
[2023-04-12 04:29:04.584318: E /samgraph/3rdparty/collcachelib/coll_cache_lib/cache_context.cu:2350] num cpu nodes is 35381636
[2023-04-12 04:29:04.606353: E /samgraph/3rdparty/collcachelib/coll_cache_lib/cache_context.cu:2350] num cpu nodes is 35381636
[2023-04-12 04:29:04.606614: E /samgraph/3rdparty/collcachelib/coll_cache_lib/cache_context.cu:2350] num cpu nodes is 35381636
[2023-04-12 04:29:04.610873: E /samgraph/3rdparty/collcachelib/coll_cache_lib/cache_context.cu:2350] num cpu nodes is 35381636
[2023-04-12 04:29:07.728389: E /samgraph/3rdparty/collcachelib/coll_cache_lib/cuda/cache_hashtable.cu:355] create a hashtable with 208778863 possible elem, scale to 536870912
[2023-04-12 04:29:07.728459: E /samgraph/3rdparty/collcachelib/coll_cache_lib/cuda/cache_hashtable.cu:360] SimpleHashTable allocating 4.00 GB
[2023-04-12 04:29:07.901017: E /samgraph/3rdparty/collcachelib/coll_cache_lib/cuda/cache_hashtable.cu:355] create a hashtable with 208778863 possible elem, scale to 536870912
[2023-04-12 04:29:07.901059: E /samgraph/3rdparty/collcachelib/coll_cache_lib/cuda/cache_hashtable.cu:360] SimpleHashTable allocating 4.00 GB
[2023-04-12 04:29:08.167838: E /samgraph/3rdparty/collcachelib/coll_cache_lib/cuda/cache_hashtable.cu:355] create a hashtable with 208778863 possible elem, scale to 536870912
[2023-04-12 04:29:08.167893: E /samgraph/3rdparty/collcachelib/coll_cache_lib/cuda/cache_hashtable.cu:360] SimpleHashTable allocating 4.00 GB
[2023-04-12 04:29:08.200699: E /samgraph/3rdparty/collcachelib/coll_cache_lib/cuda/cache_hashtable.cu:355] create a hashtable with 208778863 possible elem, scale to 536870912
[2023-04-12 04:29:08.200764: E /samgraph/3rdparty/collcachelib/coll_cache_lib/cuda/cache_hashtable.cu:360] SimpleHashTable allocating 4.00 GB
[2023-04-12 04:29:08.203831: E /samgraph/3rdparty/collcachelib/coll_cache_lib/cuda/cache_hashtable.cu:355] create a hashtable with 208778863 possible elem, scale to 536870912
[2023-04-12 04:29:08.203868: E /samgraph/3rdparty/collcachelib/coll_cache_lib/cuda/cache_hashtable.cu:360] SimpleHashTable allocating 4.00 GB
[2023-04-12 04:29:08.205031: E /samgraph/3rdparty/collcachelib/coll_cache_lib/cuda/cache_hashtable.cu:355] create a hashtable with 208778863 possible elem, scale to 536870912
[2023-04-12 04:29:08.205095: E /samgraph/3rdparty/collcachelib/coll_cache_lib/cuda/cache_hashtable.cu:360] SimpleHashTable allocating 4.00 GB
[2023-04-12 04:29:08.226656: E /samgraph/3rdparty/collcachelib/coll_cache_lib/cuda/cache_hashtable.cu:355] create a hashtable with 208778863 possible elem, scale to 536870912
[2023-04-12 04:29:08.226693: E /samgraph/3rdparty/collcachelib/coll_cache_lib/cuda/cache_hashtable.cu:360] SimpleHashTable allocating 4.00 GB
[2023-04-12 04:29:08.261262: E /samgraph/3rdparty/collcachelib/coll_cache_lib/cuda/cache_hashtable.cu:355] create a hashtable with 208778863 possible elem, scale to 536870912
[2023-04-12 04:29:08.261298: E /samgraph/3rdparty/collcachelib/coll_cache_lib/cuda/cache_hashtable.cu:360] SimpleHashTable allocating 4.00 GB
[2023-04-12 04:29:08.585092: E /samgraph/3rdparty/collcachelib/coll_cache_lib/common.cc:107] too many mem allocated for forcescale?29543420->1244044
[2023-04-12 04:29:08.586038: E /samgraph/3rdparty/collcachelib/coll_cache_lib/common.cc:107] too many mem allocated for forcescale?29543420->1813540
[2023-04-12 04:29:08.586487: E /samgraph/3rdparty/collcachelib/coll_cache_lib/common.cc:107] too many mem allocated for forcescale?29543420->1740693
[2023-04-12 04:29:08.586845: E /samgraph/3rdparty/collcachelib/coll_cache_lib/common.cc:107] too many mem allocated for forcescale?29543420->1293464
[2023-04-12 04:29:08.587080: E /samgraph/3rdparty/collcachelib/coll_cache_lib/cache_context.cu:2427] Asymm Coll cache (policy: coll_cache_asymm_link) | local 28299376 / 244160499 nodes ( 11.59 %~12.00 %) | remote 180479487 / 244160499 nodes ( 73.92 %) | cpu 35381636 / 244160499 nodes ( 14.49 %) | 42.26 GB | 4.49148 secs 
[2023-04-12 04:29:08.587075: E /samgraph/3rdparty/collcachelib/coll_cache_lib/common.cc:107] too many mem allocated for forcescale?29543420->885756
[2023-04-12 04:29:08.587313: E /samgraph/3rdparty/collcachelib/coll_cache_lib/common.cc:107] too many mem allocated for forcescale?29543420->2602351
[2023-04-12 04:29:08.589438: E /samgraph/3rdparty/collcachelib/coll_cache_lib/common.cc:107] too many mem allocated for forcescale?29543420->742707
[2023-04-12 04:29:08.593064: E /samgraph/3rdparty/collcachelib/coll_cache_lib/common.cc:107] too many mem allocated for forcescale?29543420->1222333
[2023-04-12 04:29:08.603140: E /samgraph/3rdparty/collcachelib/coll_cache_lib/cache_context.cu:2427] Asymm Coll cache (policy: coll_cache_asymm_link) | local 26941069 / 244160499 nodes ( 11.03 %~12.00 %) | remote 181837794 / 244160499 nodes ( 74.47 %) | cpu 35381636 / 244160499 nodes ( 14.49 %) | 42.26 GB | 4.53559 secs 
[2023-04-12 04:29:08.608237: E /samgraph/3rdparty/collcachelib/coll_cache_lib/cache_context.cu:2427] Asymm Coll cache (policy: coll_cache_asymm_link) | local 28657664 / 244160499 nodes ( 11.74 %~12.00 %) | remote 180121199 / 244160499 nodes ( 73.77 %) | cpu 35381636 / 244160499 nodes ( 14.49 %) | 42.26 GB | 4.59312 secs 
[2023-04-12 04:29:08.608510: E /samgraph/3rdparty/collcachelib/coll_cache_lib/cache_context.cu:2427] Asymm Coll cache (policy: coll_cache_asymm_link) | local 27729880 / 244160499 nodes ( 11.36 %~12.00 %) | remote 181048983 / 244160499 nodes ( 74.15 %) | cpu 35381636 / 244160499 nodes ( 14.49 %) | 42.26 GB | 4.54212 secs 
[2023-04-12 04:29:08.609095: E /samgraph/3rdparty/collcachelib/coll_cache_lib/cache_context.cu:2427] Asymm Coll cache (policy: coll_cache_asymm_link) | local 27802727 / 244160499 nodes ( 11.39 %~12.00 %) | remote 180976136 / 244160499 nodes ( 74.12 %) | cpu 35381636 / 244160499 nodes ( 14.49 %) | 42.26 GB | 4.52107 secs 
[2023-04-12 04:29:08.612450: W /samgraph/3rdparty/collcachelib/coll_cache_lib/cache_context.cu:3946] before create ctx, mem is 52.73 GB
[2023-04-12 04:29:08.612673: E /samgraph/3rdparty/collcachelib/coll_cache_lib/cache_context.cu:2427] Asymm Coll cache (policy: coll_cache_asymm_link) | local 28800713 / 244160499 nodes ( 11.80 %~12.00 %) | remote 179978150 / 244160499 nodes ( 73.71 %) | cpu 35381636 / 244160499 nodes ( 14.49 %) | 42.26 GB | 4.51575 secs 
[2023-04-12 04:29:08.613868: E /samgraph/3rdparty/collcachelib/coll_cache_lib/cache_context.cu:2427] Asymm Coll cache (policy: coll_cache_asymm_link) | local 28249956 / 244160499 nodes ( 11.57 %~12.00 %) | remote 180528907 / 244160499 nodes ( 73.94 %) | cpu 35381636 / 244160499 nodes ( 14.49 %) | 42.26 GB | 4.51886 secs 
[2023-04-12 04:29:08.614066: W /samgraph/3rdparty/collcachelib/coll_cache_lib/cache_context.cu:3946] before create ctx, mem is 52.73 GB
[2023-04-12 04:29:08.617849: E /samgraph/3rdparty/collcachelib/coll_cache_lib/cache_context.cu:2427] Asymm Coll cache (policy: coll_cache_asymm_link) | local 28321087 / 244160499 nodes ( 11.60 %~12.00 %) | remote 180457776 / 244160499 nodes ( 73.91 %) | cpu 35381636 / 244160499 nodes ( 14.49 %) | 42.26 GB | 4.55033 secs 
[2023-04-12 04:29:08.618172: W /samgraph/3rdparty/collcachelib/coll_cache_lib/cache_context.cu:3946] before create ctx, mem is 52.73 GB
[2023-04-12 04:29:08.619056: W /samgraph/3rdparty/collcachelib/coll_cache_lib/cache_context.cu:3946] before create ctx, mem is 52.73 GB
[2023-04-12 04:29:08.620019: W /samgraph/3rdparty/collcachelib/coll_cache_lib/cache_context.cu:3946] before create ctx, mem is 52.73 GB
[2023-04-12 04:29:08.620544: W /samgraph/3rdparty/collcachelib/coll_cache_lib/cache_context.cu:3946] before create ctx, mem is 52.73 GB
[2023-04-12 04:29:08.621096: W /samgraph/3rdparty/collcachelib/coll_cache_lib/cache_context.cu:3946] before create ctx, mem is 52.73 GB
[2023-04-12 04:29:08.622906: W /samgraph/3rdparty/collcachelib/coll_cache_lib/cache_context.cu:3946] before create ctx, mem is 52.73 GB
[2023-04-12 04:29:20.647131: W /samgraph/3rdparty/collcachelib/coll_cache_lib/cache_context.cu:3946] after create ctx, mem is 55.30 GB
[2023-04-12 04:29:20.648413: W /samgraph/3rdparty/collcachelib/coll_cache_lib/cache_context.cu:3946] after create stream, mem is 55.30 GB
[2023-04-12 04:29:20.825777: W /samgraph/3rdparty/collcachelib/coll_cache_lib/cache_context.cu:3946] after create ctx, mem is 55.36 GB
[2023-04-12 04:29:20.827416: W /samgraph/3rdparty/collcachelib/coll_cache_lib/cache_context.cu:3946] after create stream, mem is 55.36 GB
[2023-04-12 04:29:20.867382: W /samgraph/3rdparty/collcachelib/coll_cache_lib/cache_context.cu:3946] after create ctx, mem is 55.38 GB
[2023-04-12 04:29:20.868300: W /samgraph/3rdparty/collcachelib/coll_cache_lib/cache_context.cu:3946] after create stream, mem is 55.38 GB
[2023-04-12 04:29:21. 22874: W /samgraph/3rdparty/collcachelib/coll_cache_lib/cache_context.cu:3946] after create ctx, mem is 55.42 GB
[2023-04-12 04:29:21. 22948: W /samgraph/3rdparty/collcachelib/coll_cache_lib/cache_context.cu:3946] after create stream, mem is 55.42 GB
[2023-04-12 04:29:21.561323: W /samgraph/3rdparty/collcachelib/coll_cache_lib/cache_context.cu:3946] after create ctx, mem is 55.62 GB
[2023-04-12 04:29:21.562554: W /samgraph/3rdparty/collcachelib/coll_cache_lib/cache_context.cu:3946] after create stream, mem is 55.62 GB
[2023-04-12 04:29:21.667010: W /samgraph/3rdparty/collcachelib/coll_cache_lib/cache_context.cu:3946] after create ctx, mem is 55.66 GB
[2023-04-12 04:29:21.667156: W /samgraph/3rdparty/collcachelib/coll_cache_lib/cache_context.cu:3946] after create stream, mem is 55.66 GB
[2023-04-12 04:29:21.973058: W /samgraph/3rdparty/collcachelib/coll_cache_lib/cache_context.cu:3946] after create ctx, mem is 55.76 GB
[2023-04-12 04:29:21.973159: W /samgraph/3rdparty/collcachelib/coll_cache_lib/cache_context.cu:3946] after create stream, mem is 55.76 GB
[2023-04-12 04:29:22. 67394: W /samgraph/3rdparty/collcachelib/coll_cache_lib/cache_context.cu:3946] after create ctx, mem is 55.80 GB
[2023-04-12 04:29:22. 67913: W /samgraph/3rdparty/collcachelib/coll_cache_lib/cache_context.cu:3946] after create stream, mem is 55.80 GB
/usr/local/lib/python3.8/dist-packages/torch/nn/parallel/scatter_gather.py:9: UserWarning: is_namedtuple is deprecated, please use the python checks instead
  warnings.warn("is_namedtuple is deprecated, please use the python checks instead")
/usr/local/lib/python3.8/dist-packages/torch/nn/parallel/scatter_gather.py:9: UserWarning: is_namedtuple is deprecated, please use the python checks instead
  warnings.warn("is_namedtuple is deprecated, please use the python checks instead")
/usr/local/lib/python3.8/dist-packages/torch/nn/parallel/scatter_gather.py:9: UserWarning: is_namedtuple is deprecated, please use the python checks instead
  warnings.warn("is_namedtuple is deprecated, please use the python checks instead")
/usr/local/lib/python3.8/dist-packages/torch/nn/parallel/scatter_gather.py:9: UserWarning: is_namedtuple is deprecated, please use the python checks instead
  warnings.warn("is_namedtuple is deprecated, please use the python checks instead")
/usr/local/lib/python3.8/dist-packages/torch/nn/parallel/scatter_gather.py:9: UserWarning: is_namedtuple is deprecated, please use the python checks instead
  warnings.warn("is_namedtuple is deprecated, please use the python checks instead")
/usr/local/lib/python3.8/dist-packages/torch/nn/parallel/scatter_gather.py:9: UserWarning: is_namedtuple is deprecated, please use the python checks instead
  warnings.warn("is_namedtuple is deprecated, please use the python checks instead")
/usr/local/lib/python3.8/dist-packages/torch/nn/parallel/scatter_gather.py:9: UserWarning: is_namedtuple is deprecated, please use the python checks instead
  warnings.warn("is_namedtuple is deprecated, please use the python checks instead")
/usr/local/lib/python3.8/dist-packages/torch/nn/parallel/scatter_gather.py:9: UserWarning: is_namedtuple is deprecated, please use the python checks instead
  warnings.warn("is_namedtuple is deprecated, please use the python checks instead")
