succeed=True
[CUDA] cuda: usage: 6.47 GB
0 :  {link #0 : 1}, {link #1 : 2}, {link #2 : 3}, {link #3 : 4}, {link #4 : 5}, {link #5 : 6}, {link #6 : 7},
1 :  {link #0 : 2}, {link #1 : 3}, {link #2 : 4}, {link #3 : 5}, {link #4 : 6}, {link #5 : 7}, {link #6 : 0},
2 :  {link #0 : 3}, {link #1 : 4}, {link #2 : 5}, {link #3 : 6}, {link #4 : 7}, {link #5 : 0}, {link #6 : 1},
3 :  {link #0 : 4}, {link #1 : 5}, {link #2 : 6}, {link #3 : 7}, {link #4 : 0}, {link #5 : 1}, {link #6 : 2},
4 :  {link #0 : 5}, {link #1 : 6}, {link #2 : 7}, {link #3 : 0}, {link #4 : 1}, {link #5 : 2}, {link #6 : 3},
5 :  {link #0 : 6}, {link #1 : 7}, {link #2 : 0}, {link #3 : 1}, {link #4 : 2}, {link #5 : 3}, {link #6 : 4},
6 :  {link #0 : 7}, {link #1 : 0}, {link #2 : 1}, {link #3 : 2}, {link #4 : 3}, {link #5 : 4}, {link #6 : 5},
7 :  {link #0 : 0}, {link #1 : 1}, {link #2 : 2}, {link #3 : 3}, {link #4 : 4}, {link #5 : 5}, {link #6 : 6},
0 : local 108, cpu 0 {link #0 : g1 0}, {link #1 : g2 0}, {link #2 : g3 0}, {link #3 : g4 0}, {link #4 : g5 0}, {link #5 : g6 0}, {link #6 : g7 0},
1 : local 108, cpu 0 {link #0 : g2 0}, {link #1 : g3 0}, {link #2 : g4 0}, {link #3 : g5 0}, {link #4 : g6 0}, {link #5 : g7 0}, {link #6 : g0 0},
2 : local 108, cpu 0 {link #0 : g3 0}, {link #1 : g4 0}, {link #2 : g5 0}, {link #3 : g6 0}, {link #4 : g7 0}, {link #5 : g0 0}, {link #6 : g1 0},
3 : local 108, cpu 0 {link #0 : g4 0}, {link #1 : g5 0}, {link #2 : g6 0}, {link #3 : g7 0}, {link #4 : g0 0}, {link #5 : g1 0}, {link #6 : g2 0},
4 : local 108, cpu 0 {link #0 : g5 0}, {link #1 : g6 0}, {link #2 : g7 0}, {link #3 : g0 0}, {link #4 : g1 0}, {link #5 : g2 0}, {link #6 : g3 0},
5 : local 108, cpu 0 {link #0 : g6 0}, {link #1 : g7 0}, {link #2 : g0 0}, {link #3 : g1 0}, {link #4 : g2 0}, {link #5 : g3 0}, {link #6 : g4 0},
6 : local 108, cpu 0 {link #0 : g7 0}, {link #1 : g0 0}, {link #2 : g1 0}, {link #3 : g2 0}, {link #4 : g3 0}, {link #5 : g4 0}, {link #6 : g5 0},
7 : local 108, cpu 0 {link #0 : g0 0}, {link #1 : g1 0}, {link #2 : g2 0}, {link #3 : g3 0}, {link #4 : g4 0}, {link #5 : g5 0}, {link #6 : g6 0},
0 :  {link #0 : 1}, {link #1 : 2}, {link #2 : 3}, {link #3 : 4}, {link #4 : 5}, {link #5 : 6}, {link #6 : 7},
1 :  {link #0 : 2}, {link #1 : 3}, {link #2 : 4}, {link #3 : 5}, {link #4 : 6}, {link #5 : 7}, {link #6 : 0},
2 :  {link #0 : 3}, {link #1 : 4}, {link #2 : 5}, {link #3 : 6}, {link #4 : 7}, {link #5 : 0}, {link #6 : 1},
3 :  {link #0 : 4}, {link #1 : 5}, {link #2 : 6}, {link #3 : 7}, {link #4 : 0}, {link #5 : 1}, {link #6 : 2},
4 :  {link #0 : 5}, {link #1 : 6}, {link #2 : 7}, {link #3 : 0}, {link #4 : 1}, {link #5 : 2}, {link #6 : 3},
5 :  {link #0 : 6}, {link #1 : 7}, {link #2 : 0}, {link #3 : 1}, {link #4 : 2}, {link #5 : 3}, {link #6 : 4},
6 :  {link #0 : 7}, {link #1 : 0}, {link #2 : 1}, {link #3 : 2}, {link #4 : 3}, {link #5 : 4}, {link #6 : 5},
7 :  {link #0 : 0}, {link #1 : 1}, {link #2 : 2}, {link #3 : 3}, {link #4 : 4}, {link #5 : 5}, {link #6 : 6},
0 : local 108, cpu 0 {link #0 : g1 0}, {link #1 : g2 0}, {link #2 : g3 0}, {link #3 : g4 0}, {link #4 : g5 0}, {link #5 : g6 0}, {link #6 : g7 0},
1 : local 108, cpu 0 {link #0 : g2 0}, {link #1 : g3 0}, {link #2 : g4 0}, {link #3 : g5 0}, {link #4 : g6 0}, {link #5 : g7 0}, {link #6 : g0 0},
2 : local 108, cpu 0 {link #0 : g3 0}, {link #1 : g4 0}, {link #2 : g5 0}, {link #3 : g6 0}, {link #4 : g7 0}, {link #5 : g0 0}, {link #6 : g1 0},
3 : local 108, cpu 0 {link #0 : g4 0}, {link #1 : g5 0}, {link #2 : g6 0}, {link #3 : g7 0}, {link #4 : g0 0}, {link #5 : g1 0}, {link #6 : g2 0},
4 : local 108, cpu 0 {link #0 : g5 0}, {link #1 : g6 0}, {link #2 : g7 0}, {link #3 : g0 0}, {link #4 : g1 0}, {link #5 : g2 0}, {link #6 : g3 0},
5 : local 108, cpu 0 {link #0 : g6 0}, {link #1 : g7 0}, {link #2 : g0 0}, {link #3 : g1 0}, {link #4 : g2 0}, {link #5 : g3 0}, {link #6 : g4 0},
6 : local 108, cpu 0 {link #0 : g7 0}, {link #1 : g0 0}, {link #2 : g1 0}, {link #3 : g2 0}, {link #4 : g3 0}, {link #5 : g4 0}, {link #6 : g5 0},
7 : local 108, cpu 0 {link #0 : g0 0}, {link #1 : g1 0}, {link #2 : g2 0}, {link #3 : g3 0}, {link #4 : g4 0}, {link #5 : g5 0}, {link #6 : g6 0},
0 :  {link #0 : 1}, {link #1 : 2}, {link #2 : 3}, {link #3 : 4}, {link #4 : 5}, {link #5 : 6}, {link #6 : 7},
1 :  {link #0 : 2}, {link #1 : 3}, {link #2 : 4}, {link #3 : 5}, {link #4 : 6}, {link #5 : 7}, {link #6 : 0},
2 :  {link #0 : 3}, {link #1 : 4}, {link #2 : 5}, {link #3 : 6}, {link #4 : 7}, {link #5 : 0}, {link #6 : 1},
3 :  {link #0 : 4}, {link #1 : 5}, {link #2 : 6}, {link #3 : 7}, {link #4 : 0}, {link #5 : 1}, {link #6 : 2},
4 :  {link #0 : 5}, {link #1 : 6}, {link #2 : 7}, {link #3 : 0}, {link #4 : 1}, {link #5 : 2}, {link #6 : 3},
5 :  {link #0 : 6}, {link #1 : 7}, {link #2 : 0}, {link #3 : 1}, {link #4 : 2}, {link #5 : 3}, {link #6 : 4},
6 :  {link #0 : 7}, {link #1 : 0}, {link #2 : 1}, {link #3 : 2}, {link #4 : 3}, {link #5 : 4}, {link #6 : 5},
7 :  {link #0 : 0}, {link #1 : 1}, {link #2 : 2}, {link #3 : 3}, {link #4 : 4}, {link #5 : 5}, {link #6 : 6},
0 : local 108, cpu 0 {link #0 : g1 0}, {link #1 : g2 0}, {link #2 : g3 0}, {link #3 : g4 0}, {link #4 : g5 0}, {link #5 : g6 0}, {link #6 : g7 0},
1 : local 108, cpu 0 {link #0 : g2 0}, {link #1 : g3 0}, {link #2 : g4 0}, {link #3 : g5 0}, {link #4 : g6 0}, {link #5 : g7 0}, {link #6 : g0 0},
2 : local 108, cpu 0 {link #0 : g3 0}, {link #1 : g4 0}, {link #2 : g5 0}, {link #3 : g6 0}, {link #4 : g7 0}, {link #5 : g0 0}, {link #6 : g1 0},
3 : local 108, cpu 0 {link #0 : g4 0}, {link #1 : g5 0}, {link #2 : g6 0}, {link #3 : g7 0}, {link #4 : g0 0}, {link #5 : g1 0}, {link #6 : g2 0},
4 : local 108, cpu 0 {link #0 : g5 0}, {link #1 : g6 0}, {link #2 : g7 0}, {link #3 : g0 0}, {link #4 : g1 0}, {link #5 : g2 0}, {link #6 : g3 0},
5 : local 108, cpu 0 {link #0 : g6 0}, {link #1 : g7 0}, {link #2 : g0 0}, {link #3 : g1 0}, {link #4 : g2 0}, {link #5 : g3 0}, {link #6 : g4 0},
6 : local 108, cpu 0 {link #0 : g7 0}, {link #1 : g0 0}, {link #2 : g1 0}, {link #3 : g2 0}, {link #4 : g3 0}, {link #5 : g4 0}, {link #6 : g5 0},
7 : local 108, cpu 0 {link #0 : g0 0}, {link #1 : g1 0}, {link #2 : g2 0}, {link #3 : g3 0}, {link #4 : g4 0}, {link #5 : g5 0}, {link #6 : g6 0},
0 :  {link #0 : 1}, {link #1 : 2}, {link #2 : 3}, {link #3 : 4}, {link #4 : 5}, {link #5 : 6}, {link #6 : 7},
1 :  {link #0 : 2}, {link #1 : 3}, {link #2 : 4}, {link #3 : 5}, {link #4 : 6}, {link #5 : 7}, {link #6 : 0},
2 :  {link #0 : 3}, {link #1 : 4}, {link #2 : 5}, {link #3 : 6}, {link #4 : 7}, {link #5 : 0}, {link #6 : 1},
3 :  {link #0 : 4}, {link #1 : 5}, {link #2 : 6}, {link #3 : 7}, {link #4 : 0}, {link #5 : 1}, {link #6 : 2},
4 :  {link #0 : 5}, {link #1 : 6}, {link #2 : 7}, {link #3 : 0}, {link #4 : 1}, {link #5 : 2}, {link #6 : 3},
5 :  {link #0 : 6}, {link #1 : 7}, {link #2 : 0}, {link #3 : 1}, {link #4 : 2}, {link #5 : 3}, {link #6 : 4},
6 :  {link #0 : 7}, {link #1 : 0}, {link #2 : 1}, {link #3 : 2}, {link #4 : 3}, {link #5 : 4}, {link #6 : 5},
7 :  {link #0 : 0}, {link #1 : 1}, {link #2 : 2}, {link #3 : 3}, {link #4 : 4}, {link #5 : 5}, {link #6 : 6},
0 : local 108, cpu 0 {link #0 : g1 0}, {link #1 : g2 0}, {link #2 : g3 0}, {link #3 : g4 0}, {link #4 : g5 0}, {link #5 : g6 0}, {link #6 : g7 0},
1 : local 108, cpu 0 {link #0 : g2 0}, {link #1 : g3 0}, {link #2 : g4 0}, {link #3 : g5 0}, {link #4 : g6 0}, {link #5 : g7 0}, {link #6 : g0 0},
2 : local 108, cpu 0 {link #0 : g3 0}, {link #1 : g4 0}, {link #2 : g5 0}, {link #3 : g6 0}, {link #4 : g7 0}, {link #5 : g0 0}, {link #6 : g1 0},
3 : local 108, cpu 0 {link #0 : g4 0}, {link #1 : g5 0}, {link #2 : g6 0}, {link #3 : g7 0}, {link #4 : g0 0}, {link #5 : g1 0}, {link #6 : g2 0},
4 : local 108, cpu 0 {link #0 : g5 0}, {link #1 : g6 0}, {link #2 : g7 0}, {link #3 : g0 0}, {link #4 : g1 0}, {link #5 : g2 0}, {link #6 : g3 0},
5 : local 108, cpu 0 {link #0 : g6 0}, {link #1 : g7 0}, {link #2 : g0 0}, {link #3 : g1 0}, {link #4 : g2 0}, {link #5 : g3 0}, {link #6 : g4 0},
6 : local 108, cpu 0 {link #0 : g7 0}, {link #1 : g0 0}, {link #2 : g1 0}, {link #3 : g2 0}, {link #4 : g3 0}, {link #5 : g4 0}, {link #6 : g5 0},
7 : local 108, cpu 0 {link #0 : g0 0}, {link #1 : g1 0}, {link #2 : g2 0}, {link #3 : g3 0}, {link #4 : g4 0}, {link #5 : g5 0}, {link #6 : g6 0},
0 :  {link #0 : 1}, {link #1 : 2}, {link #2 : 3}, {link #3 : 4}, {link #4 : 5}, {link #5 : 6}, {link #6 : 7},
1 :  {link #0 : 2}, {link #1 : 3}, {link #2 : 4}, {link #3 : 5}, {link #4 : 6}, {link #5 : 7}, {link #6 : 0},
2 :  {link #0 : 3}, {link #1 : 4}, {link #2 : 5}, {link #3 : 6}, {link #4 : 7}, {link #5 : 0}, {link #6 : 1},
3 :  {link #0 : 4}, {link #1 : 5}, {link #2 : 6}, {link #3 : 7}, {link #4 : 0}, {link #5 : 1}, {link #6 : 2},
4 :  {link #0 : 5}, {link #1 : 6}, {link #2 : 7}, {link #3 : 0}, {link #4 : 1}, {link #5 : 2}, {link #6 : 3},
5 :  {link #0 : 6}, {link #1 : 7}, {link #2 : 0}, {link #3 : 1}, {link #4 : 2}, {link #5 : 3}, {link #6 : 4},
6 :  {link #0 : 7}, {link #1 : 0}, {link #2 : 1}, {link #3 : 2}, {link #4 : 3}, {link #5 : 4}, {link #6 : 5},
7 :  {link #0 : 0}, {link #1 : 1}, {link #2 : 2}, {link #3 : 3}, {link #4 : 4}, {link #5 : 5}, {link #6 : 6},
0 : local 108, cpu 0 {link #0 : g1 0}, {link #1 : g2 0}, {link #2 : g3 0}, {link #3 : g4 0}, {link #4 : g5 0}, {link #5 : g6 0}, {link #6 : g7 0},
1 : local 108, cpu 0 {link #0 : g2 0}, {link #1 : g3 0}, {link #2 : g4 0}, {link #3 : g5 0}, {link #4 : g6 0}, {link #5 : g7 0}, {link #6 : g0 0},
2 : local 108, cpu 0 {link #0 : g3 0}, {link #1 : g4 0}, {link #2 : g5 0}, {link #3 : g6 0}, {link #4 : g7 0}, {link #5 : g0 0}, {link #6 : g1 0},
3 : local 108, cpu 0 {link #0 : g4 0}, {link #1 : g5 0}, {link #2 : g6 0}, {link #3 : g7 0}, {link #4 : g0 0}, {link #5 : g1 0}, {link #6 : g2 0},
4 : local 108, cpu 0 {link #0 : g5 0}, {link #1 : g6 0}, {link #2 : g7 0}, {link #3 : g0 0}, {link #4 : g1 0}, {link #5 : g2 0}, {link #6 : g3 0},
5 : local 108, cpu 0 {link #0 : g6 0}, {link #1 : g7 0}, {link #2 : g0 0}, {link #3 : g1 0}, {link #4 : g2 0}, {link #5 : g3 0}, {link #6 : g4 0},
6 : local 108, cpu 0 {link #0 : g7 0}, {link #1 : g0 0}, {link #2 : g1 0}, {link #3 : g2 0}, {link #4 : g3 0}, {link #5 : g4 0}, {link #6 : g5 0},
7 : local 108, cpu 0 {link #0 : g0 0}, {link #1 : g1 0}, {link #2 : g2 0}, {link #3 : g3 0}, {link #4 : g4 0}, {link #5 : g5 0}, {link #6 : g6 0},
0 :  {link #0 : 1}, {link #1 : 2}, {link #2 : 3}, {link #3 : 4}, {link #4 : 5}, {link #5 : 6}, {link #6 : 7},
1 :  {link #0 : 2}, {link #1 : 3}, {link #2 : 4}, {link #3 : 5}, {link #4 : 6}, {link #5 : 7}, {link #6 : 0},
2 :  {link #0 : 3}, {link #1 : 4}, {link #2 : 5}, {link #3 : 6}, {link #4 : 7}, {link #5 : 0}, {link #6 : 1},
3 :  {link #0 : 4}, {link #1 : 5}, {link #2 : 6}, {link #3 : 7}, {link #4 : 0}, {link #5 : 1}, {link #6 : 2},
4 :  {link #0 : 5}, {link #1 : 6}, {link #2 : 7}, {link #3 : 0}, {link #4 : 1}, {link #5 : 2}, {link #6 : 3},
5 :  {link #0 : 6}, {link #1 : 7}, {link #2 : 0}, {link #3 : 1}, {link #4 : 2}, {link #5 : 3}, {link #6 : 4},
6 :  {link #0 : 7}, {link #1 : 0}, {link #2 : 1}, {link #3 : 2}, {link #4 : 3}, {link #5 : 4}, {link #6 : 5},
7 :  {link #0 : 0}, {link #1 : 1}, {link #2 : 2}, {link #3 : 3}, {link #4 : 4}, {link #5 : 5}, {link #6 : 6},
0 : local 108, cpu 0 {link #0 : g1 0}, {link #1 : g2 0}, {link #2 : g3 0}, {link #3 : g4 0}, {link #4 : g5 0}, {link #5 : g6 0}, {link #6 : g7 0},
1 : local 108, cpu 0 {link #0 : g2 0}, {link #1 : g3 0}, {link #2 : g4 0}, {link #3 : g5 0}, {link #4 : g6 0}, {link #5 : g7 0}, {link #6 : g0 0},
2 : local 108, cpu 0 {link #0 : g3 0}, {link #1 : g4 0}, {link #2 : g5 0}, {link #3 : g6 0}, {link #4 : g7 0}, {link #5 : g0 0}, {link #6 : g1 0},
3 : local 108, cpu 0 {link #0 : g4 0}, {link #1 : g5 0}, {link #2 : g6 0}, {link #3 : g7 0}, {link #4 : g0 0}, {link #5 : g1 0}, {link #6 : g2 0},
4 : local 108, cpu 0 {link #0 : g5 0}, {link #1 : g6 0}, {link #2 : g7 0}, {link #3 : g0 0}, {link #4 : g1 0}, {link #5 : g2 0}, {link #6 : g3 0},
5 : local 108, cpu 0 {link #0 : g6 0}, {link #1 : g7 0}, {link #2 : g0 0}, {link #3 : g1 0}, {link #4 : g2 0}, {link #5 : g3 0}, {link #6 : g4 0},
6 : local 108, cpu 0 {link #0 : g7 0}, {link #1 : g0 0}, {link #2 : g1 0}, {link #3 : g2 0}, {link #4 : g3 0}, {link #5 : g4 0}, {link #6 : g5 0},
7 : local 108, cpu 0 {link #0 : g0 0}, {link #1 : g1 0}, {link #2 : g2 0}, {link #3 : g3 0}, {link #4 : g4 0}, {link #5 : g5 0}, {link #6 : g6 0},
0 :  {link #0 : 1}, {link #1 : 2}, {link #2 : 3}, {link #3 : 4}, {link #4 : 5}, {link #5 : 6}, {link #6 : 7},
1 :  {link #0 : 2}, {link #1 : 3}, {link #2 : 4}, {link #3 : 5}, {link #4 : 6}, {link #5 : 7}, {link #6 : 0},
2 :  {link #0 : 3}, {link #1 : 4}, {link #2 : 5}, {link #3 : 6}, {link #4 : 7}, {link #5 : 0}, {link #6 : 1},
3 :  {link #0 : 4}, {link #1 : 5}, {link #2 : 6}, {link #3 : 7}, {link #4 : 0}, {link #5 : 1}, {link #6 : 2},
4 :  {link #0 : 5}, {link #1 : 6}, {link #2 : 7}, {link #3 : 0}, {link #4 : 1}, {link #5 : 2}, {link #6 : 3},
5 :  {link #0 : 6}, {link #1 : 7}, {link #2 : 0}, {link #3 : 1}, {link #4 : 2}, {link #5 : 3}, {link #6 : 4},
6 :  {link #0 : 7}, {link #1 : 0}, {link #2 : 1}, {link #3 : 2}, {link #4 : 3}, {link #5 : 4}, {link #6 : 5},
7 :  {link #0 : 0}, {link #1 : 1}, {link #2 : 2}, {link #3 : 3}, {link #4 : 4}, {link #5 : 5}, {link #6 : 6},
0 : local 108, cpu 0 {link #0 : g1 0}, {link #1 : g2 0}, {link #2 : g3 0}, {link #3 : g4 0}, {link #4 : g5 0}, {link #5 : g6 0}, {link #6 : g7 0},
1 : local 108, cpu 0 {link #0 : g2 0}, {link #1 : g3 0}, {link #2 : g4 0}, {link #3 : g5 0}, {link #4 : g6 0}, {link #5 : g7 0}, {link #6 : g0 0},
2 : local 108, cpu 0 {link #0 : g3 0}, {link #1 : g4 0}, {link #2 : g5 0}, {link #3 : g6 0}, {link #4 : g7 0}, {link #5 : g0 0}, {link #6 : g1 0},
3 : local 108, cpu 0 {link #0 : g4 0}, {link #1 : g5 0}, {link #2 : g6 0}, {link #3 : g7 0}, {link #4 : g0 0}, {link #5 : g1 0}, {link #6 : g2 0},
4 : local 108, cpu 0 {link #0 : g5 0}, {link #1 : g6 0}, {link #2 : g7 0}, {link #3 : g0 0}, {link #4 : g1 0}, {link #5 : g2 0}, {link #6 : g3 0},
5 : local 108, cpu 0 {link #0 : g6 0}, {link #1 : g7 0}, {link #2 : g0 0}, {link #3 : g1 0}, {link #4 : g2 0}, {link #5 : g3 0}, {link #6 : g4 0},
6 : local 108, cpu 0 {link #0 : g7 0}, {link #1 : g0 0}, {link #2 : g1 0}, {link #3 : g2 0}, {link #4 : g3 0}, {link #5 : g4 0}, {link #6 : g5 0},
7 : local 108, cpu 0 {link #0 : g0 0}, {link #1 : g1 0}, {link #2 : g2 0}, {link #3 : g3 0}, {link #4 : g4 0}, {link #5 : g5 0}, {link #6 : g6 0},
0 :  {link #0 : 1}, {link #1 : 2}, {link #2 : 3}, {link #3 : 4}, {link #4 : 5}, {link #5 : 6}, {link #6 : 7},
1 :  {link #0 : 2}, {link #1 : 3}, {link #2 : 4}, {link #3 : 5}, {link #4 : 6}, {link #5 : 7}, {link #6 : 0},
2 :  {link #0 : 3}, {link #1 : 4}, {link #2 : 5}, {link #3 : 6}, {link #4 : 7}, {link #5 : 0}, {link #6 : 1},
3 :  {link #0 : 4}, {link #1 : 5}, {link #2 : 6}, {link #3 : 7}, {link #4 : 0}, {link #5 : 1}, {link #6 : 2},
4 :  {link #0 : 5}, {link #1 : 6}, {link #2 : 7}, {link #3 : 0}, {link #4 : 1}, {link #5 : 2}, {link #6 : 3},
5 :  {link #0 : 6}, {link #1 : 7}, {link #2 : 0}, {link #3 : 1}, {link #4 : 2}, {link #5 : 3}, {link #6 : 4},
6 :  {link #0 : 7}, {link #1 : 0}, {link #2 : 1}, {link #3 : 2}, {link #4 : 3}, {link #5 : 4}, {link #6 : 5},
7 :  {link #0 : 0}, {link #1 : 1}, {link #2 : 2}, {link #3 : 3}, {link #4 : 4}, {link #5 : 5}, {link #6 : 6},
0 : local 108, cpu 0 {link #0 : g1 0}, {link #1 : g2 0}, {link #2 : g3 0}, {link #3 : g4 0}, {link #4 : g5 0}, {link #5 : g6 0}, {link #6 : g7 0},
1 : local 108, cpu 0 {link #0 : g2 0}, {link #1 : g3 0}, {link #2 : g4 0}, {link #3 : g5 0}, {link #4 : g6 0}, {link #5 : g7 0}, {link #6 : g0 0},
2 : local 108, cpu 0 {link #0 : g3 0}, {link #1 : g4 0}, {link #2 : g5 0}, {link #3 : g6 0}, {link #4 : g7 0}, {link #5 : g0 0}, {link #6 : g1 0},
3 : local 108, cpu 0 {link #0 : g4 0}, {link #1 : g5 0}, {link #2 : g6 0}, {link #3 : g7 0}, {link #4 : g0 0}, {link #5 : g1 0}, {link #6 : g2 0},
4 : local 108, cpu 0 {link #0 : g5 0}, {link #1 : g6 0}, {link #2 : g7 0}, {link #3 : g0 0}, {link #4 : g1 0}, {link #5 : g2 0}, {link #6 : g3 0},
5 : local 108, cpu 0 {link #0 : g6 0}, {link #1 : g7 0}, {link #2 : g0 0}, {link #3 : g1 0}, {link #4 : g2 0}, {link #5 : g3 0}, {link #6 : g4 0},
6 : local 108, cpu 0 {link #0 : g7 0}, {link #1 : g0 0}, {link #2 : g1 0}, {link #3 : g2 0}, {link #4 : g3 0}, {link #5 : g4 0}, {link #6 : g5 0},
7 : local 108, cpu 0 {link #0 : g0 0}, {link #1 : g1 0}, {link #2 : g2 0}, {link #3 : g3 0}, {link #4 : g4 0}, {link #5 : g5 0}, {link #6 : g6 0},
coll_cache:optimal_rep_storage=0
coll_cache:optimal_part_storage=0.96
coll_cache:optimal_cpu_storage=0.04
coll_cache:optimal_local_storage=0.12
coll_cache:optimal_remote_storage=0.84
coll_cache:optimal_local_rate=0.125
coll_cache:optimal_remote_rate=0.875
coll_cache:optimal_cpu_rate=0
z=2511.59,2511.59,2511.59,2511.59,2511.59,2511.59,2511.59,2511.59,
test_result:init:feat_nbytes=375030526464
test_result:init:cache_nbytes=45378693120
test_result:init:feat_nbytes=375030526464
test_result:init:cache_nbytes=45378693120
test_result:init:feat_nbytes=375030526464
test_result:init:cache_nbytes=45378693120
test_result:init:feat_nbytes=375030526464
test_result:init:cache_nbytes=45378693120
test_result:init:feat_nbytes=375030526464
test_result:init:cache_nbytes=45378693120
test_result:init:feat_nbytes=375030526464
test_result:init:cache_nbytes=45378693120
test_result:init:feat_nbytes=375030526464
test_result:init:cache_nbytes=45378693120
test_result:init:feat_nbytes=375030526464
test_result:init:cache_nbytes=45378693120
    [Step(average) Profiler Level 1 E3 S135]
        L1  sample           0.001702 | send           0.000000
        L1  recv             0.000000 | copy           0.011930 | convert time 0.000000 | train  0.012087
        L1  feature nbytes    1.51 GB | label nbytes 0.00 Bytes
        L1  id nbytes      0.00 Bytes | graph nbytes 0.00 Bytes
        L1  miss nbytes    0.00 Bytes | remote nbytes 0.00 Bytes
        L1  num nodes               0 | num samples           0
    [Step(average) Profiler Level 2 E3 S135]
        L2  shuffle     0.000000 | core sample  0.000000 | id remap        0.000000
        L2  graph copy  0.000000 | id copy      0.000000 | cache feat copy 0.011930
        L2  last layer sample time 0.000000 | size 0.000000
    [Step(average) Profiler Level 3 E3 S135]
        L3  khop sample coo  0.000000 | khop sort coo      0.000000 | khop count edge     0.000000 | khop compact edge 0.000000
        L3  walk sample coo  0.000000 | walk topk total    0.000000 | walk topk step1     0.000000 | walk topk step2   0.000000
        L3  walk topk step3  0.000000 | walk topk step4    0.000000 | walk topk step5     0.000000
        L3  walk topk step6  0.000000 | walk topk step7    0.000000
        L3  remap unique     0.000000 | remap populate     0.000000 | remap mapnode       0.000000 | remap mapedge     0.000000
        L3  cache get_index  0.000381 | cache copy_index   0.000000 | cache extract_miss  0.000000
        L3  cache copy_miss  0.000000 | cache combine_miss 0.000000 | cache combine cache 0.011526 | cache combine remote 0.000000
        L3  label extract  0.000000
    [Profiler Level Percentiles E3 S135]
        p50.00_tail_logl2featcopy=0.011949
        p90.00_tail_logl2featcopy=0.012066
        p95.00_tail_logl2featcopy=0.012122
        p99.00_tail_logl2featcopy=0.023972
        p99.90_tail_logl2featcopy=0.024335
[CUDA] cuda: usage: 56.65 GB
Rank=7, Graph loaded.
!!!!Train_dataloader(with 17 items) enumerate latency: 0.19902276992797852
!!!!Train_data_list(with 17 items) enumerate latency: 3.814697265625e-06, transfer latency: 0.14806890487670898
presamping
presamping takes 0.8524942398071289
Rank=2, Graph loaded.
!!!!Train_dataloader(with 17 items) enumerate latency: 0.1801166534423828
!!!!Train_data_list(with 17 items) enumerate latency: 2.6226043701171875e-06, transfer latency: 0.12817001342773438
presamping
presamping takes 0.7502288818359375
Rank=1, Graph loaded.
!!!!Train_dataloader(with 17 items) enumerate latency: 0.20069265365600586
!!!!Train_data_list(with 17 items) enumerate latency: 2.86102294921875e-06, transfer latency: 0.148606538772583
presamping
presamping takes 0.9582409858703613
Rank=6, Graph loaded.
!!!!Train_dataloader(with 17 items) enumerate latency: 0.20004701614379883
!!!!Train_data_list(with 17 items) enumerate latency: 3.814697265625e-06, transfer latency: 0.1494286060333252
presamping
presamping takes 0.8594589233398438
Rank=3, Graph loaded.
!!!!Train_dataloader(with 17 items) enumerate latency: 0.1771259307861328
!!!!Train_data_list(with 17 items) enumerate latency: 2.1457672119140625e-06, transfer latency: 0.13257503509521484
presamping
presamping takes 0.8054068088531494
config:eval_tsp="2023-04-12 04:57:29"
config:num_worker=8
config:root_dir=/nvme/songxiaoniu/graph-learning/wholegraph
config:graph_name=mag240m-homo
config:epochs=4
config:batchsize=8000
config:skip_epoch=2
config:local_step=125
config:presc_epoch=2
config:neighbors=10,25
config:hiddensize=256
config:num_layer=2
config:model=sage
config:framework=dgl
config:dataloaderworkers=0
config:dropout=0.5
config:lr=0.003
config:use_nccl=False
config:use_amp=True
config:use_collcache=True
config:cache_percentage=0.12
config:cache_policy=clique_part
config:omp_thread_num=40
config:unsupervised=False
config:classnum=153
config:global_barrier=<multiprocessing.synchronize.Barrier object at 0x7f9c707682e0>
config:worker_id=0
creating_intra_node_communicator root=0, local_size=8, world_size=8
Rank=0, Graph loaded.
!!!!Train_dataloader(with 17 items) enumerate latency: 0.19589567184448242
!!!!Train_data_list(with 17 items) enumerate latency: 3.0994415283203125e-06, transfer latency: 0.14599347114562988
epoch=4 total_steps=68
presamping
presamping takes 0.8396236896514893
start training...
[Epoch 0], time=1.8704631328582764, loss=4.986095905303955
[Epoch 1], time=0.4383690357208252, loss=4.941588878631592
[Epoch 2], time=0.43835973739624023, loss=4.899897575378418
[Epoch 3], time=0.43736720085144043, loss=4.860928535461426
|===========================================================================|
|                  PyTorch CUDA memory summary, device ID 0                 |
|---------------------------------------------------------------------------|
|            CUDA OOMs: 0            |        cudaMalloc retries: 0         |
|===========================================================================|
|        Metric         | Cur Usage  | Peak Usage | Tot Alloc  | Tot Freed  |
|---------------------------------------------------------------------------|
| Allocated memory      |   93545 KB |  781645 KB |  154361 MB |  154270 MB |
|       from large pool |   82042 KB |  770343 KB |  152874 MB |  152794 MB |
|       from small pool |   11503 KB |   13856 KB |    1487 MB |    1476 MB |
|---------------------------------------------------------------------------|
| Active memory         |   93545 KB |  781645 KB |  154361 MB |  154270 MB |
|       from large pool |   82042 KB |  770343 KB |  152874 MB |  152794 MB |
|       from small pool |   11503 KB |   13856 KB |    1487 MB |    1476 MB |
|---------------------------------------------------------------------------|
| GPU reserved memory   |    1936 MB |    1936 MB |    1936 MB |       0 B  |
|       from large pool |    1918 MB |    1918 MB |    1918 MB |       0 B  |
|       from small pool |      18 MB |      18 MB |      18 MB |       0 B  |
|---------------------------------------------------------------------------|
| Non-releasable memory |   68246 KB |    1621 MB |  133889 MB |  133822 MB |
|       from large pool |   63366 KB |    1618 MB |  132267 MB |  132205 MB |
|       from small pool |    4880 KB |       6 MB |    1622 MB |    1617 MB |
|---------------------------------------------------------------------------|
| Allocations           |      59    |      76    |   11434    |   11375    |
|       from large pool |      15    |      27    |    4461    |    4446    |
|       from small pool |      44    |      51    |    6973    |    6929    |
|---------------------------------------------------------------------------|
| Active allocs         |      59    |      76    |   11434    |   11375    |
|       from large pool |      15    |      27    |    4461    |    4446    |
|       from small pool |      44    |      51    |    6973    |    6929    |
|---------------------------------------------------------------------------|
| GPU reserved segments |      25    |      25    |      25    |       0    |
|       from large pool |      16    |      16    |      16    |       0    |
|       from small pool |       9    |       9    |       9    |       0    |
|---------------------------------------------------------------------------|
| Non-releasable allocs |      31    |      41    |    4890    |    4859    |
|       from large pool |      11    |      22    |    2888    |    2877    |
|       from small pool |      20    |      27    |    2002    |    1982    |
|---------------------------------------------------------------------------|
| Oversize allocations  |       0    |       0    |       0    |       0    |
|---------------------------------------------------------------------------|
| Oversize GPU segments |       0    |       0    |       0    |       0    |
|===========================================================================|

[TRAIN_TIME] train time is 3.189819 seconds
[EPOCH_TIME] 0.797455 seconds, maybe large due to not enough epoch skipped.
[EPOCH_TIME] 0.438072 seconds
Rank=4, Graph loaded.
!!!!Train_dataloader(with 17 items) enumerate latency: 0.1852729320526123
!!!!Train_data_list(with 17 items) enumerate latency: 2.1457672119140625e-06, transfer latency: 0.1347968578338623
presamping
presamping takes 1.1368083953857422
Rank=5, Graph loaded.
!!!!Train_dataloader(with 17 items) enumerate latency: 0.17854881286621094
!!!!Train_data_list(with 17 items) enumerate latency: 3.337860107421875e-06, transfer latency: 0.13331818580627441
presamping
presamping takes 0.8857560157775879

