/usr/lib/python3/dist-packages/requests/__init__.py:89: RequestsDependencyWarning: urllib3 (1.26.12) or chardet (3.0.4) doesn't match a supported version!
  warnings.warn("urllib3 ({}) or chardet ({}) doesn't match a supported "
Rank=1 done reading 30520063 embedding vectors from file /nvme/songxiaoniu/graph-learning/wholegraph/mag240m_homo/converted/homograph_csr_row_ptr
Rank=6 done reading 30520063 embedding vectors from file /nvme/songxiaoniu/graph-learning/wholegraph/mag240m_homo/converted/homograph_csr_row_ptr
Rank=5 done reading 30520063 embedding vectors from file /nvme/songxiaoniu/graph-learning/wholegraph/mag240m_homo/converted/homograph_csr_row_ptr
Rank=7 done reading 30520059 embedding vectors from file /nvme/songxiaoniu/graph-learning/wholegraph/mag240m_homo/converted/homograph_csr_row_ptr
Rank=4 done reading 30520063 embedding vectors from file /nvme/songxiaoniu/graph-learning/wholegraph/mag240m_homo/converted/homograph_csr_row_ptr
Rank=0 done reading 30520063 embedding vectors from file /nvme/songxiaoniu/graph-learning/wholegraph/mag240m_homo/converted/homograph_csr_row_ptr
Rank=3 done reading 30520063 embedding vectors from file /nvme/songxiaoniu/graph-learning/wholegraph/mag240m_homo/converted/homograph_csr_row_ptr
Rank=2 done reading 30520063 embedding vectors from file /nvme/songxiaoniu/graph-learning/wholegraph/mag240m_homo/converted/homograph_csr_row_ptr
Rank=4 done reading 431808978 embedding vectors from file /nvme/songxiaoniu/graph-learning/wholegraph/mag240m_homo/converted/homograph_csr_col_idx
Rank=5 done reading 431808978 embedding vectors from file /nvme/songxiaoniu/graph-learning/wholegraph/mag240m_homo/converted/homograph_csr_col_idx
Rank=1 done reading 431808978 embedding vectors from file /nvme/songxiaoniu/graph-learning/wholegraph/mag240m_homo/converted/homograph_csr_col_idx
Rank=0 done reading 431808978 embedding vectors from file /nvme/songxiaoniu/graph-learning/wholegraph/mag240m_homo/converted/homograph_csr_col_idx
Rank=3 done reading 431808978 embedding vectors from file /nvme/songxiaoniu/graph-learning/wholegraph/mag240m_homo/converted/homograph_csr_col_idx
Rank=2 done reading 431808978 embedding vectors from file /nvme/songxiaoniu/graph-learning/wholegraph/mag240m_homo/converted/homograph_csr_col_idx
Rank=7 done reading 431808978 embedding vectors from file /nvme/songxiaoniu/graph-learning/wholegraph/mag240m_homo/converted/homograph_csr_col_idx
Rank=6 done reading 431808978 embedding vectors from file /nvme/songxiaoniu/graph-learning/wholegraph/mag240m_homo/converted/homograph_csr_col_idx
[2023-04-12 01:37:16.423923: E /samgraph/3rdparty/collcachelib/coll_cache_lib/freq_recorder.cc:337] bulk append 6196810 into 0
[2023-04-12 01:37:16.447586: E /samgraph/3rdparty/collcachelib/coll_cache_lib/freq_recorder.cc:347] bulk append 25139802
[2023-04-12 01:37:16.448186: E /samgraph/3rdparty/collcachelib/coll_cache_lib/freq_recorder.cc:337] bulk append 6194901 into 6196810
[2023-04-12 01:37:16.471752: E /samgraph/3rdparty/collcachelib/coll_cache_lib/freq_recorder.cc:347] bulk append 25146487
[2023-04-12 01:37:16.472335: E /samgraph/3rdparty/collcachelib/coll_cache_lib/freq_recorder.cc:337] bulk append 6195191 into 12391711
[2023-04-12 01:37:16.495931: E /samgraph/3rdparty/collcachelib/coll_cache_lib/freq_recorder.cc:347] bulk append 25146391
[2023-04-12 01:37:16.496519: E /samgraph/3rdparty/collcachelib/coll_cache_lib/freq_recorder.cc:337] bulk append 6198066 into 18586902
[2023-04-12 01:37:16.520113: E /samgraph/3rdparty/collcachelib/coll_cache_lib/freq_recorder.cc:347] bulk append 25142789
[2023-04-12 01:37:16.520698: E /samgraph/3rdparty/collcachelib/coll_cache_lib/freq_recorder.cc:337] bulk append 6194339 into 24784968
[2023-04-12 01:37:16.544291: E /samgraph/3rdparty/collcachelib/coll_cache_lib/freq_recorder.cc:347] bulk append 25141120
[2023-04-12 01:37:16.544877: E /samgraph/3rdparty/collcachelib/coll_cache_lib/freq_recorder.cc:337] bulk append 6196756 into 30979307
[2023-04-12 01:37:16.568462: E /samgraph/3rdparty/collcachelib/coll_cache_lib/freq_recorder.cc:347] bulk append 25157278
[2023-04-12 01:37:16.569026: E /samgraph/3rdparty/collcachelib/coll_cache_lib/freq_recorder.cc:337] bulk append 6191671 into 37176063
[2023-04-12 01:37:16.592611: E /samgraph/3rdparty/collcachelib/coll_cache_lib/freq_recorder.cc:347] bulk append 25129724
[2023-04-12 01:37:16.593198: E /samgraph/3rdparty/collcachelib/coll_cache_lib/freq_recorder.cc:337] bulk append 6194227 into 43367734
[2023-04-12 01:37:16.616768: E /samgraph/3rdparty/collcachelib/coll_cache_lib/freq_recorder.cc:347] bulk append 25132328
[2023-04-12 01:37:16.617337: E /samgraph/3rdparty/collcachelib/coll_cache_lib/freq_recorder.cc:337] bulk append 6194283 into 49561961
[2023-04-12 01:37:16.640902: E /samgraph/3rdparty/collcachelib/coll_cache_lib/freq_recorder.cc:347] bulk append 25119939
[2023-04-12 01:37:16.641473: E /samgraph/3rdparty/collcachelib/coll_cache_lib/freq_recorder.cc:337] bulk append 6194768 into 55756244
[2023-04-12 01:37:16.665077: E /samgraph/3rdparty/collcachelib/coll_cache_lib/freq_recorder.cc:347] bulk append 25153458
[2023-04-12 01:37:16.708805: E /samgraph/3rdparty/collcachelib/coll_cache_lib/freq_recorder.cc:337] bulk append 6191851 into 61951012
[2023-04-12 01:37:16.732354: E /samgraph/3rdparty/collcachelib/coll_cache_lib/freq_recorder.cc:347] bulk append 25134149
[2023-04-12 01:37:16.732939: E /samgraph/3rdparty/collcachelib/coll_cache_lib/freq_recorder.cc:337] bulk append 6189335 into 68142863
[2023-04-12 01:37:16.756553: E /samgraph/3rdparty/collcachelib/coll_cache_lib/freq_recorder.cc:347] bulk append 25142118
[2023-04-12 01:37:16.757129: E /samgraph/3rdparty/collcachelib/coll_cache_lib/freq_recorder.cc:337] bulk append 6191345 into 74332198
[2023-04-12 01:37:16.780648: E /samgraph/3rdparty/collcachelib/coll_cache_lib/freq_recorder.cc:347] bulk append 25153001
[2023-04-12 01:37:16.781215: E /samgraph/3rdparty/collcachelib/coll_cache_lib/freq_recorder.cc:337] bulk append 6190131 into 80523543
[2023-04-12 01:37:16.804708: E /samgraph/3rdparty/collcachelib/coll_cache_lib/freq_recorder.cc:347] bulk append 25132237
[2023-04-12 01:37:16.805282: E /samgraph/3rdparty/collcachelib/coll_cache_lib/freq_recorder.cc:337] bulk append 6189530 into 86713674
[2023-04-12 01:37:16.828801: E /samgraph/3rdparty/collcachelib/coll_cache_lib/freq_recorder.cc:347] bulk append 25149575
[2023-04-12 01:37:16.829366: E /samgraph/3rdparty/collcachelib/coll_cache_lib/freq_recorder.cc:337] bulk append 6193534 into 92903204
[2023-04-12 01:37:16.852873: E /samgraph/3rdparty/collcachelib/coll_cache_lib/freq_recorder.cc:347] bulk append 25154924
[2023-04-12 01:37:16.853470: E /samgraph/3rdparty/collcachelib/coll_cache_lib/freq_recorder.cc:337] bulk append 6189269 into 99096738
[2023-04-12 01:37:16.877133: E /samgraph/3rdparty/collcachelib/coll_cache_lib/freq_recorder.cc:347] bulk append 25129595
[2023-04-12 01:37:16.878147: E /samgraph/3rdparty/collcachelib/coll_cache_lib/freq_recorder.cc:337] bulk append 6189116 into 105286007
[2023-04-12 01:37:16.901671: E /samgraph/3rdparty/collcachelib/coll_cache_lib/freq_recorder.cc:347] bulk append 25135334
[2023-04-12 01:37:16.902257: E /samgraph/3rdparty/collcachelib/coll_cache_lib/freq_recorder.cc:337] bulk append 6188772 into 111475123
[2023-04-12 01:37:16.925765: E /samgraph/3rdparty/collcachelib/coll_cache_lib/freq_recorder.cc:347] bulk append 25123014
[2023-04-12 01:37:16.926338: E /samgraph/3rdparty/collcachelib/coll_cache_lib/freq_recorder.cc:337] bulk append 6192741 into 117663895
[2023-04-12 01:37:16.949847: E /samgraph/3rdparty/collcachelib/coll_cache_lib/freq_recorder.cc:347] bulk append 25158140
[2023-04-12 01:37:16.950426: E /samgraph/3rdparty/collcachelib/coll_cache_lib/freq_recorder.cc:337] bulk append 6198502 into 123856636
[2023-04-12 01:37:16.974050: E /samgraph/3rdparty/collcachelib/coll_cache_lib/freq_recorder.cc:347] bulk append 25145103
[2023-04-12 01:37:16.974621: E /samgraph/3rdparty/collcachelib/coll_cache_lib/freq_recorder.cc:337] bulk append 6194653 into 130055138
[2023-04-12 01:37:16.998237: E /samgraph/3rdparty/collcachelib/coll_cache_lib/freq_recorder.cc:347] bulk append 25158256
[2023-04-12 01:37:16.998796: E /samgraph/3rdparty/collcachelib/coll_cache_lib/freq_recorder.cc:337] bulk append 6197472 into 136249791
[2023-04-12 01:37:17. 22348: E /samgraph/3rdparty/collcachelib/coll_cache_lib/freq_recorder.cc:347] bulk append 25166992
[2023-04-12 01:37:17. 22901: E /samgraph/3rdparty/collcachelib/coll_cache_lib/freq_recorder.cc:337] bulk append 6196788 into 142447263
[2023-04-12 01:37:17. 46447: E /samgraph/3rdparty/collcachelib/coll_cache_lib/freq_recorder.cc:347] bulk append 25144515
[2023-04-12 01:37:17. 47004: E /samgraph/3rdparty/collcachelib/coll_cache_lib/freq_recorder.cc:337] bulk append 6194362 into 148644051
[2023-04-12 01:37:17. 70649: E /samgraph/3rdparty/collcachelib/coll_cache_lib/freq_recorder.cc:347] bulk append 25153380
[2023-04-12 01:37:17. 71207: E /samgraph/3rdparty/collcachelib/coll_cache_lib/freq_recorder.cc:337] bulk append 6196013 into 154838413
[2023-04-12 01:37:17. 94770: E /samgraph/3rdparty/collcachelib/coll_cache_lib/freq_recorder.cc:347] bulk append 25165197
[2023-04-12 01:37:17. 95322: E /samgraph/3rdparty/collcachelib/coll_cache_lib/freq_recorder.cc:337] bulk append 6190491 into 161034426
[2023-04-12 01:37:17.118879: E /samgraph/3rdparty/collcachelib/coll_cache_lib/freq_recorder.cc:347] bulk append 25131585
[2023-04-12 01:37:17.119428: E /samgraph/3rdparty/collcachelib/coll_cache_lib/freq_recorder.cc:337] bulk append 6193354 into 167224917
[2023-04-12 01:37:17.143012: E /samgraph/3rdparty/collcachelib/coll_cache_lib/freq_recorder.cc:347] bulk append 25148488
[2023-04-12 01:37:17.143561: E /samgraph/3rdparty/collcachelib/coll_cache_lib/freq_recorder.cc:337] bulk append 6192721 into 173418271
[2023-04-12 01:37:17.167132: E /samgraph/3rdparty/collcachelib/coll_cache_lib/freq_recorder.cc:347] bulk append 25141665
[2023-04-12 01:37:17.167696: E /samgraph/3rdparty/collcachelib/coll_cache_lib/freq_recorder.cc:337] bulk append 6195209 into 179610992
[2023-04-12 01:37:17.191256: E /samgraph/3rdparty/collcachelib/coll_cache_lib/freq_recorder.cc:347] bulk append 25167055
[2023-04-12 01:37:17.191822: E /samgraph/3rdparty/collcachelib/coll_cache_lib/freq_recorder.cc:337] bulk append 6194738 into 185806201
[2023-04-12 01:37:17.215380: E /samgraph/3rdparty/collcachelib/coll_cache_lib/freq_recorder.cc:347] bulk append 25139322
[2023-04-12 01:37:17.215943: E /samgraph/3rdparty/collcachelib/coll_cache_lib/freq_recorder.cc:337] bulk append 6194262 into 192000939
[2023-04-12 01:37:17.239504: E /samgraph/3rdparty/collcachelib/coll_cache_lib/freq_recorder.cc:347] bulk append 25152656
[2023-04-12 01:37:17.240063: E /samgraph/3rdparty/collcachelib/coll_cache_lib/freq_recorder.cc:337] bulk append 6195365 into 198195201
[2023-04-12 01:37:17.263584: E /samgraph/3rdparty/collcachelib/coll_cache_lib/freq_recorder.cc:347] bulk append 25151784
[2023-04-12 01:37:17.264142: E /samgraph/3rdparty/collcachelib/coll_cache_lib/freq_recorder.cc:337] bulk append 6194479 into 204390566
[2023-04-12 01:37:17.287646: E /samgraph/3rdparty/collcachelib/coll_cache_lib/freq_recorder.cc:347] bulk append 25134449
[2023-04-12 01:37:17.288205: E /samgraph/3rdparty/collcachelib/coll_cache_lib/freq_recorder.cc:337] bulk append 6192155 into 210585045
[2023-04-12 01:37:17.311726: E /samgraph/3rdparty/collcachelib/coll_cache_lib/freq_recorder.cc:347] bulk append 25142646
[2023-04-12 01:37:17.312282: E /samgraph/3rdparty/collcachelib/coll_cache_lib/freq_recorder.cc:337] bulk append 6193098 into 216777200
[2023-04-12 01:37:17.335774: E /samgraph/3rdparty/collcachelib/coll_cache_lib/freq_recorder.cc:347] bulk append 25154484
[2023-04-12 01:37:17.336331: E /samgraph/3rdparty/collcachelib/coll_cache_lib/freq_recorder.cc:337] bulk append 6192552 into 222970298
[2023-04-12 01:37:17.359810: E /samgraph/3rdparty/collcachelib/coll_cache_lib/freq_recorder.cc:347] bulk append 25134800
[2023-04-12 01:37:17.360354: E /samgraph/3rdparty/collcachelib/coll_cache_lib/freq_recorder.cc:337] bulk append 6193785 into 229162850
[2023-04-12 01:37:17.383929: E /samgraph/3rdparty/collcachelib/coll_cache_lib/freq_recorder.cc:347] bulk append 25143379
[2023-04-12 01:37:17.384516: E /samgraph/3rdparty/collcachelib/coll_cache_lib/freq_recorder.cc:337] bulk append 6192448 into 235356635
[2023-04-12 01:37:17.407996: E /samgraph/3rdparty/collcachelib/coll_cache_lib/freq_recorder.cc:347] bulk append 25140885
[2023-04-12 01:37:17.408552: E /samgraph/3rdparty/collcachelib/coll_cache_lib/freq_recorder.cc:337] bulk append 6193725 into 241549083
[2023-04-12 01:37:17.432069: E /samgraph/3rdparty/collcachelib/coll_cache_lib/freq_recorder.cc:347] bulk append 25161401
[2023-04-12 01:37:17.432634: E /samgraph/3rdparty/collcachelib/coll_cache_lib/freq_recorder.cc:337] bulk append 6195001 into 247742808
[2023-04-12 01:37:17.456214: E /samgraph/3rdparty/collcachelib/coll_cache_lib/freq_recorder.cc:347] bulk append 25146038
[2023-04-12 01:37:17.456800: E /samgraph/3rdparty/collcachelib/coll_cache_lib/freq_recorder.cc:337] bulk append 6193406 into 253937809
[2023-04-12 01:37:17.480309: E /samgraph/3rdparty/collcachelib/coll_cache_lib/freq_recorder.cc:347] bulk append 25163244
[2023-04-12 01:37:17.480866: E /samgraph/3rdparty/collcachelib/coll_cache_lib/freq_recorder.cc:337] bulk append 6196817 into 260131215
[2023-04-12 01:37:17.504416: E /samgraph/3rdparty/collcachelib/coll_cache_lib/freq_recorder.cc:347] bulk append 25169083
[2023-04-12 01:37:17.504971: E /samgraph/3rdparty/collcachelib/coll_cache_lib/freq_recorder.cc:337] bulk append 6192711 into 266328032
[2023-04-12 01:37:17.528481: E /samgraph/3rdparty/collcachelib/coll_cache_lib/freq_recorder.cc:347] bulk append 25146980
[2023-04-12 01:37:17.529039: E /samgraph/3rdparty/collcachelib/coll_cache_lib/freq_recorder.cc:337] bulk append 6192469 into 272520743
[2023-04-12 01:37:17.552548: E /samgraph/3rdparty/collcachelib/coll_cache_lib/freq_recorder.cc:347] bulk append 25157711
[2023-04-12 01:37:17.553104: E /samgraph/3rdparty/collcachelib/coll_cache_lib/freq_recorder.cc:337] bulk append 6197393 into 278713212
[2023-04-12 01:37:17.576671: E /samgraph/3rdparty/collcachelib/coll_cache_lib/freq_recorder.cc:347] bulk append 25177994
[2023-04-12 01:37:17.577237: E /samgraph/3rdparty/collcachelib/coll_cache_lib/freq_recorder.cc:337] bulk append 6189308 into 284910605
[2023-04-12 01:37:17.600745: E /samgraph/3rdparty/collcachelib/coll_cache_lib/freq_recorder.cc:347] bulk append 25150015
[2023-04-12 01:37:17.601293: E /samgraph/3rdparty/collcachelib/coll_cache_lib/freq_recorder.cc:337] bulk append 6191571 into 291099913
[2023-04-12 01:37:17.624812: E /samgraph/3rdparty/collcachelib/coll_cache_lib/freq_recorder.cc:347] bulk append 25157823
[2023-04-12 01:37:17.625362: E /samgraph/3rdparty/collcachelib/coll_cache_lib/freq_recorder.cc:337] bulk append 6191596 into 297291484
[2023-04-12 01:37:17.648863: E /samgraph/3rdparty/collcachelib/coll_cache_lib/freq_recorder.cc:347] bulk append 25133766
[2023-04-12 01:37:17.649414: E /samgraph/3rdparty/collcachelib/coll_cache_lib/freq_recorder.cc:337] bulk append 6194039 into 303483080
[2023-04-12 01:37:17.672923: E /samgraph/3rdparty/collcachelib/coll_cache_lib/freq_recorder.cc:347] bulk append 25168970
[2023-04-12 01:37:17.673489: E /samgraph/3rdparty/collcachelib/coll_cache_lib/freq_recorder.cc:337] bulk append 6200112 into 309677119
[2023-04-12 01:37:17.697195: E /samgraph/3rdparty/collcachelib/coll_cache_lib/freq_recorder.cc:347] bulk append 25150443
[2023-04-12 01:37:17.697783: E /samgraph/3rdparty/collcachelib/coll_cache_lib/freq_recorder.cc:337] bulk append 6197951 into 315877231
[2023-04-12 01:37:17.721448: E /samgraph/3rdparty/collcachelib/coll_cache_lib/freq_recorder.cc:347] bulk append 25167502
[2023-04-12 01:37:17.722021: E /samgraph/3rdparty/collcachelib/coll_cache_lib/freq_recorder.cc:337] bulk append 6199237 into 322075182
[2023-04-12 01:37:17.745711: E /samgraph/3rdparty/collcachelib/coll_cache_lib/freq_recorder.cc:347] bulk append 25162523
[2023-04-12 01:37:17.746293: E /samgraph/3rdparty/collcachelib/coll_cache_lib/freq_recorder.cc:337] bulk append 6197179 into 328274419
[2023-04-12 01:37:17.769980: E /samgraph/3rdparty/collcachelib/coll_cache_lib/freq_recorder.cc:347] bulk append 25145219
[2023-04-12 01:37:17.770549: E /samgraph/3rdparty/collcachelib/coll_cache_lib/freq_recorder.cc:337] bulk append 6196220 into 334471598
[2023-04-12 01:37:17.794169: E /samgraph/3rdparty/collcachelib/coll_cache_lib/freq_recorder.cc:347] bulk append 25145265
[2023-04-12 01:37:17.794754: E /samgraph/3rdparty/collcachelib/coll_cache_lib/freq_recorder.cc:337] bulk append 6195834 into 340667818
[2023-04-12 01:37:17.818370: E /samgraph/3rdparty/collcachelib/coll_cache_lib/freq_recorder.cc:347] bulk append 25169405
[2023-04-12 01:37:17.818944: E /samgraph/3rdparty/collcachelib/coll_cache_lib/freq_recorder.cc:337] bulk append 6192746 into 346863652
[2023-04-12 01:37:17.842590: E /samgraph/3rdparty/collcachelib/coll_cache_lib/freq_recorder.cc:347] bulk append 25133086
[2023-04-12 01:37:17.843180: E /samgraph/3rdparty/collcachelib/coll_cache_lib/freq_recorder.cc:337] bulk append 6196029 into 353056398
[2023-04-12 01:37:17.866796: E /samgraph/3rdparty/collcachelib/coll_cache_lib/freq_recorder.cc:347] bulk append 25145887
[2023-04-12 01:37:17.867363: E /samgraph/3rdparty/collcachelib/coll_cache_lib/freq_recorder.cc:337] bulk append 6195540 into 359252427
[2023-04-12 01:37:17.890978: E /samgraph/3rdparty/collcachelib/coll_cache_lib/freq_recorder.cc:347] bulk append 25133091
[2023-04-12 01:37:17.891558: E /samgraph/3rdparty/collcachelib/coll_cache_lib/freq_recorder.cc:337] bulk append 6198046 into 365447967
[2023-04-12 01:37:17.915258: E /samgraph/3rdparty/collcachelib/coll_cache_lib/freq_recorder.cc:347] bulk append 25173001
[2023-04-12 01:37:17.915849: E /samgraph/3rdparty/collcachelib/coll_cache_lib/freq_recorder.cc:337] bulk append 6204207 into 371646013
[2023-04-12 01:37:17.939480: E /samgraph/3rdparty/collcachelib/coll_cache_lib/freq_recorder.cc:347] bulk append 24734929
[2023-04-12 01:37:17.940056: E /samgraph/3rdparty/collcachelib/coll_cache_lib/freq_recorder.cc:337] bulk append 6202371 into 377850220
[2023-04-12 01:37:17.963612: E /samgraph/3rdparty/collcachelib/coll_cache_lib/freq_recorder.cc:347] bulk append 24750181
[2023-04-12 01:37:17.964179: E /samgraph/3rdparty/collcachelib/coll_cache_lib/freq_recorder.cc:337] bulk append 6202840 into 384052591
[2023-04-12 01:37:17.987728: E /samgraph/3rdparty/collcachelib/coll_cache_lib/freq_recorder.cc:347] bulk append 24738658
[2023-04-12 01:37:17.988289: E /samgraph/3rdparty/collcachelib/coll_cache_lib/freq_recorder.cc:337] bulk append 6202683 into 390255431
[2023-04-12 01:37:18. 11840: E /samgraph/3rdparty/collcachelib/coll_cache_lib/freq_recorder.cc:347] bulk append 24748908
[2023-04-12 01:37:18. 12391: E /samgraph/3rdparty/collcachelib/coll_cache_lib/freq_recorder.cc:337] bulk append 6202257 into 396458114
[2023-04-12 01:37:18. 35989: E /samgraph/3rdparty/collcachelib/coll_cache_lib/freq_recorder.cc:347] bulk append 24736610
[2023-04-12 01:37:18. 36556: E /samgraph/3rdparty/collcachelib/coll_cache_lib/freq_recorder.cc:337] bulk append 6204333 into 402660371
[2023-04-12 01:37:18. 60137: E /samgraph/3rdparty/collcachelib/coll_cache_lib/freq_recorder.cc:347] bulk append 24761102
[2023-04-12 01:37:18. 60686: E /samgraph/3rdparty/collcachelib/coll_cache_lib/freq_recorder.cc:337] bulk append 6200988 into 408864704
[2023-04-12 01:37:18. 84250: E /samgraph/3rdparty/collcachelib/coll_cache_lib/freq_recorder.cc:347] bulk append 24733973
[2023-04-12 01:37:18. 84821: E /samgraph/3rdparty/collcachelib/coll_cache_lib/freq_recorder.cc:337] bulk append 6199693 into 415065692
[2023-04-12 01:37:18.108408: E /samgraph/3rdparty/collcachelib/coll_cache_lib/freq_recorder.cc:347] bulk append 24727680
[2023-04-12 01:37:18.108970: E /samgraph/3rdparty/collcachelib/coll_cache_lib/freq_recorder.cc:337] bulk append 6200565 into 421265385
[2023-04-12 01:37:18.132543: E /samgraph/3rdparty/collcachelib/coll_cache_lib/freq_recorder.cc:347] bulk append 24725142
[2023-04-12 01:37:18.133103: E /samgraph/3rdparty/collcachelib/coll_cache_lib/freq_recorder.cc:337] bulk append 6203179 into 427465950
[2023-04-12 01:37:18.156643: E /samgraph/3rdparty/collcachelib/coll_cache_lib/freq_recorder.cc:347] bulk append 24760574
[2023-04-12 01:37:18.157211: E /samgraph/3rdparty/collcachelib/coll_cache_lib/freq_recorder.cc:337] bulk append 5711382 into 433669129
[2023-04-12 01:37:18.179176: E /samgraph/3rdparty/collcachelib/coll_cache_lib/freq_recorder.cc:347] bulk append 14661545
[2023-04-12 01:37:18.179772: E /samgraph/3rdparty/collcachelib/coll_cache_lib/freq_recorder.cc:337] bulk append 5710906 into 439380511
[2023-04-12 01:37:18.201738: E /samgraph/3rdparty/collcachelib/coll_cache_lib/freq_recorder.cc:347] bulk append 14661347
[2023-04-12 01:37:18.202314: E /samgraph/3rdparty/collcachelib/coll_cache_lib/freq_recorder.cc:337] bulk append 5714211 into 445091417
[2023-04-12 01:37:18.224230: E /samgraph/3rdparty/collcachelib/coll_cache_lib/freq_recorder.cc:347] bulk append 14664975
[2023-04-12 01:37:18.224814: E /samgraph/3rdparty/collcachelib/coll_cache_lib/freq_recorder.cc:337] bulk append 5711723 into 450805628
[2023-04-12 01:37:18.246730: E /samgraph/3rdparty/collcachelib/coll_cache_lib/freq_recorder.cc:347] bulk append 14662422
[2023-04-12 01:37:18.247316: E /samgraph/3rdparty/collcachelib/coll_cache_lib/freq_recorder.cc:337] bulk append 5710133 into 456517351
[2023-04-12 01:37:18.269213: E /samgraph/3rdparty/collcachelib/coll_cache_lib/freq_recorder.cc:347] bulk append 14659215
[2023-04-12 01:37:18.269789: E /samgraph/3rdparty/collcachelib/coll_cache_lib/freq_recorder.cc:337] bulk append 5713377 into 462227484
[2023-04-12 01:37:18.291661: E /samgraph/3rdparty/collcachelib/coll_cache_lib/freq_recorder.cc:347] bulk append 14666022
[2023-04-12 01:37:18.292235: E /samgraph/3rdparty/collcachelib/coll_cache_lib/freq_recorder.cc:337] bulk append 5709552 into 467940861
[2023-04-12 01:37:18.314077: E /samgraph/3rdparty/collcachelib/coll_cache_lib/freq_recorder.cc:347] bulk append 14659864
[2023-04-12 01:37:18.314653: E /samgraph/3rdparty/collcachelib/coll_cache_lib/freq_recorder.cc:337] bulk append 5709790 into 473650413
[2023-04-12 01:37:18.336588: E /samgraph/3rdparty/collcachelib/coll_cache_lib/freq_recorder.cc:347] bulk append 14662955
[2023-04-12 01:37:18.337169: E /samgraph/3rdparty/collcachelib/coll_cache_lib/freq_recorder.cc:337] bulk append 5706912 into 479360203
[2023-04-12 01:37:18.359061: E /samgraph/3rdparty/collcachelib/coll_cache_lib/freq_recorder.cc:347] bulk append 14663748
[2023-04-12 01:37:18.359647: E /samgraph/3rdparty/collcachelib/coll_cache_lib/freq_recorder.cc:337] bulk append 5712539 into 485067115
[2023-04-12 01:37:18.381503: E /samgraph/3rdparty/collcachelib/coll_cache_lib/freq_recorder.cc:347] bulk append 14673970
[2023-04-12 01:37:18.382094: E /samgraph/3rdparty/collcachelib/coll_cache_lib/freq_recorder.cc:266] freq recorder global combining
[2023-04-12 01:37:18.[382116[[[2023-04-12 01:37:18: [2023-04-12 01:37:182023-04-12 01:37:182023-04-12 01:37:18.E2023-04-12 01:37:18...382117 .382117382117382120[: /samgraph/3rdparty/collcachelib/coll_cache_lib/facade.cc382123: : : E:: 2023-04-12 01:37:18EEE 409E.   /samgraph/3rdparty/collcachelib/coll_cache_lib/facade.cc]  382153/samgraph/3rdparty/collcachelib/coll_cache_lib/facade.cc/samgraph/3rdparty/collcachelib/coll_cache_lib/facade.cc/samgraph/3rdparty/collcachelib/coll_cache_lib/facade.cc:before scale, dtype is 0, dim is 384/samgraph/3rdparty/collcachelib/coll_cache_lib/facade.cc: :::409
:E409409409] 409 [] ] ] before scale, dtype is 0, dim is 384] /samgraph/3rdparty/collcachelib/coll_cache_lib/facade.cc2023-04-12 01:37:18before scale, dtype is 0, dim is 384before scale, dtype is 0, dim is 384before scale, dtype is 0, dim is 384
before scale, dtype is 0, dim is 384:.



409[382227[[[] 2023-04-12 01:37:18[: 2023-04-12 01:37:182023-04-12 01:37:182023-04-12 01:37:18before scale, dtype is 0, dim is 384.2023-04-12 01:37:18E...
382257. 382266382262382263: 382265[/samgraph/3rdparty/collcachelib/coll_cache_lib/facade.cc: : : E: 2023-04-12 01:37:18:EEE E.415   /samgraph/3rdparty/collcachelib/coll_cache_lib/facade.cc 382299] /samgraph/3rdparty/collcachelib/coll_cache_lib/facade.cc/samgraph/3rdparty/collcachelib/coll_cache_lib/facade.cc/samgraph/3rdparty/collcachelib/coll_cache_lib/facade.cc:/samgraph/3rdparty/collcachelib/coll_cache_lib/facade.cc: after scale, dtype is 7, new dim is 96:::415:E
415415415] 415 ] ] ] after scale, dtype is 7, new dim is 96] /samgraph/3rdparty/collcachelib/coll_cache_lib/facade.ccafter scale, dtype is 7, new dim is 96after scale, dtype is 7, new dim is 96after scale, dtype is 7, new dim is 96
after scale, dtype is 7, new dim is 96:



415] after scale, dtype is 7, new dim is 96
[2023-04-12 01:37:18.383506: E /samgraph/3rdparty/collcachelib/coll_cache_lib/coll_cache/asymm_link_desc.cc:201] assigning 0 to cpu
[2023-04-12 01:37:18.383556: E /samgraph/3rdparty/collcachelib/coll_cache_lib/coll_cache/asymm_link_desc.cc:218] build symm link desc with 8X NVIDIA A100-SXM4-80GB out of 8
[2023-04-12 01:37:18.383589: E /samgraph/3rdparty/collcachelib/coll_cache_lib/coll_cache/asymm_link_desc.cc:219] remote time is 24.3333
[2023-04-12 01:37:18.383600: E /samgraph/3rdparty/collcachelib/coll_cache_lib/coll_cache/asymm_link_desc.cc:220] cpu time is 91.25
[2023-04-12 01:37:18.383626: E /samgraph/3rdparty/collcachelib/coll_cache_lib/facade.cc:425] registering cpu data with 24.00 GB
[[2023-04-12 01:37:182023-04-12 01:37:18..384051384054: : EE  /samgraph/3rdparty/collcachelib/coll_cache_lib/coll_cache/asymm_link_desc.cc/samgraph/3rdparty/collcachelib/coll_cache_lib/coll_cache/asymm_link_desc.cc::201201] ] assigning 0 to cpuassigning 0 to cpu

[2023-04-12 01:37:18[.2023-04-12 01:37:18384116.: 384118E:  E/samgraph/3rdparty/collcachelib/coll_cache_lib/coll_cache/asymm_link_desc.cc :/samgraph/3rdparty/collcachelib/coll_cache_lib/coll_cache/asymm_link_desc.cc218:] 218build symm link desc with 8X NVIDIA A100-SXM4-80GB out of 8] 
build symm link desc with 8X NVIDIA A100-SXM4-80GB out of 8
[[2023-04-12 01:37:182023-04-12 01:37:18..384148384148: : EE  /samgraph/3rdparty/collcachelib/coll_cache_lib/coll_cache/asymm_link_desc.cc/samgraph/3rdparty/collcachelib/coll_cache_lib/coll_cache/asymm_link_desc.cc::219219] ] remote time is 24.3333remote time is 24.3333

[[2023-04-12 01:37:182023-04-12 01:37:18..384168384169: : EE  /samgraph/3rdparty/collcachelib/coll_cache_lib/coll_cache/asymm_link_desc.cc/samgraph/3rdparty/collcachelib/coll_cache_lib/coll_cache/asymm_link_desc.cc::220220] ] cpu time is 91.25cpu time is 91.25

[2023-04-12 01:37:18[.2023-04-12 01:37:18384202.: 384203E:  E/samgraph/3rdparty/collcachelib/coll_cache_lib/facade.cc :/samgraph/3rdparty/collcachelib/coll_cache_lib/facade.cc425:] 425registering cpu data with 24.00 GB] 
registering cpu data with 24.00 GB
[2023-04-12 01:37:18.384552: E /samgraph/3rdparty/collcachelib/coll_cache_lib/coll_cache/asymm_link_desc.cc:201] assigning 0 to cpu
[2023-04-12 01:37:18.384601: E /samgraph/3rdparty/collcachelib/coll_cache_lib/coll_cache/asymm_link_desc.cc:218] build symm link desc with 8X NVIDIA A100-SXM4-80GB out of 8
[2023-04-12 01:37:18.384621: E /samgraph/3rdparty/collcachelib/coll_cache_lib/coll_cache/asymm_link_desc.cc:219] remote time is 24.3333
[2023-04-12 01:37:18.384632: E /samgraph/3rdparty/collcachelib/coll_cache_lib/coll_cache/asymm_link_desc.cc:220] cpu time is 91.25
[2023-04-12 01:37:18.384657: E /samgraph/3rdparty/collcachelib/coll_cache_lib/facade.cc:425] registering cpu data with 24.00 GB
[2023-04-12 01:37:18.384965: E /samgraph/3rdparty/collcachelib/coll_cache_lib/coll_cache/asymm_link_desc.cc:201] assigning 0 to cpu
[2023-04-12 01:37:18.385015: E /samgraph/3rdparty/collcachelib/coll_cache_lib/coll_cache/asymm_link_desc.cc:218] build symm link desc with 8X NVIDIA A100-SXM4-80GB out of 8
[2023-04-12 01:37:18.385045: E /samgraph/3rdparty/collcachelib/coll_cache_lib/coll_cache/asymm_link_desc.cc:219] remote time is 24.3333
[2023-04-12 01:37:18.385052[: 2023-04-12 01:37:18E. 385056/samgraph/3rdparty/collcachelib/coll_cache_lib/coll_cache/asymm_link_desc.cc: :E201 ] /samgraph/3rdparty/collcachelib/coll_cache_lib/coll_cache/asymm_link_desc.ccassigning 0 to cpu:
220] cpu time is 91.25
[2023-04-12 01:37:18.385091: E /samgraph/3rdparty/collcachelib/coll_cache_lib/facade.cc:425] registering cpu data with 24.00 GB
[2023-04-12 01:37:18.385112: E /samgraph/3rdparty/collcachelib/coll_cache_lib/coll_cache/asymm_link_desc.cc:218] build symm link desc with 8X NVIDIA A100-SXM4-80GB out of 8
[2023-04-12 01:37:18.385141: E /samgraph/3rdparty/collcachelib/coll_cache_lib/coll_cache/asymm_link_desc.cc:219] remote time is 24.3333
[2023-04-12 01:37:18.385152: E /samgraph/3rdparty/collcachelib/coll_cache_lib/coll_cache/asymm_link_desc.cc:220] cpu time is 91.25
[2023-04-12 01:37:18.385178: E /samgraph/3rdparty/collcachelib/coll_cache_lib/facade.cc:425] registering cpu data with 24.00 GB
[2023-04-12 01:37:18.385260: E /samgraph/3rdparty/collcachelib/coll_cache_lib/coll_cache/asymm_link_desc.cc:201] assigning 0 to cpu
[2023-04-12 01:37:18.385324: E /samgraph/3rdparty/collcachelib/coll_cache_lib/coll_cache/asymm_link_desc.cc:218] build symm link desc with 8X NVIDIA A100-SXM4-80GB out of 8
[2023-04-12 01:37:18.385344: E /samgraph/3rdparty/collcachelib/coll_cache_lib/coll_cache/asymm_link_desc.cc:219] remote time is 24.3333
[2023-04-12 01:37:18.385355: E /samgraph/3rdparty/collcachelib/coll_cache_lib/coll_cache/asymm_link_desc.cc:220] cpu time is 91.25
[2023-04-12 01:37:18.385383: E /samgraph/3rdparty/collcachelib/coll_cache_lib/facade.cc:425] registering cpu data with 24.00 GB
[2023-04-12 01:37:22.551644: E /samgraph/3rdparty/collcachelib/coll_cache_lib/facade.cc:427] registering cpu data done.
[2023-04-12 01:37:22.552179: E /samgraph/3rdparty/collcachelib/coll_cache_lib/facade.cc:427] registering cpu data done.
[2023-04-12 01:37:22.552193: E /samgraph/3rdparty/collcachelib/coll_cache_lib/facade.cc:427] registering cpu data done.[
2023-04-12 01:37:22.552224: E /samgraph/3rdparty/collcachelib/coll_cache_lib/facade.cc:427] registering cpu data done.
[2023-04-12 01:37:22.556300: E /samgraph/3rdparty/collcachelib/coll_cache_lib/facade.cc:427] registering cpu data done.
[2023-04-12 01:37:22.565663: E /samgraph/3rdparty/collcachelib/coll_cache_lib/facade.cc:427] registering cpu data done.
[2023-04-12 01:37:22.570398: E /samgraph/3rdparty/collcachelib/coll_cache_lib/facade.cc:427] registering cpu data done.
[2023-04-12 01:37:33.979862: E /samgraph/3rdparty/collcachelib/coll_cache_lib/freq_recorder.cc:269] freq recorder global combine from 490779654 to 123935563
[2023-04-12 01:37:46. 96335: E /samgraph/3rdparty/collcachelib/coll_cache_lib/freq_recorder.cc:286] top 5 freq is 2000,2000,2000,2000,2000
[2023-04-12 01:37:46. 96457: E /samgraph/3rdparty/collcachelib/coll_cache_lib/facade.cc:409] before scale, dtype is 0, dim is 384
[2023-04-12 01:37:46. 96469: E /samgraph/3rdparty/collcachelib/coll_cache_lib/facade.cc:415] after scale, dtype is 7, new dim is 96
[2023-04-12 01:37:46. 97599: E /samgraph/3rdparty/collcachelib/coll_cache_lib/coll_cache/asymm_link_desc.cc:201] assigning 0 to cpu
[2023-04-12 01:37:46. 97655: E /samgraph/3rdparty/collcachelib/coll_cache_lib/coll_cache/asymm_link_desc.cc:218] build symm link desc with 8X NVIDIA A100-SXM4-80GB out of 8
[2023-04-12 01:37:46. 97688: E /samgraph/3rdparty/collcachelib/coll_cache_lib/coll_cache/asymm_link_desc.cc:219] remote time is 24.3333
[2023-04-12 01:37:46. 97699: E /samgraph/3rdparty/collcachelib/coll_cache_lib/coll_cache/asymm_link_desc.cc:220] cpu time is 91.25
[2023-04-12 01:37:46. 97730: E /samgraph/3rdparty/collcachelib/coll_cache_lib/facade.cc:425] registering cpu data with 24.00 GB
[2023-04-12 01:37:47.216567: E /samgraph/3rdparty/collcachelib/coll_cache_lib/facade.cc:427] registering cpu data done.
[2023-04-12 01:37:47.216636: E /samgraph/3rdparty/collcachelib/coll_cache_lib/facade.cc:174] creating solver
[2023-04-12 01:37:47.216647: E /samgraph/3rdparty/collcachelib/coll_cache_lib/facade.cc:214] solver created. now build & solve
[2023-04-12 01:37:47.990833: E /samgraph/3rdparty/collcachelib/coll_cache_lib/facade.cc:218] solver built. now solve
[2023-04-12 01:37:47.990902: E /samgraph/3rdparty/collcachelib/coll_cache_lib/coll_cache/optimal_solver_class.cc:1432] num_cached_nodes = 4883209
[2023-04-12 01:37:48.415379: E /samgraph/3rdparty/collcachelib/coll_cache_lib/facade.cc:222] solver solved
[2023-04-12 01:37:48.419416: E /samgraph/3rdparty/collcachelib/coll_cache_lib/facade.cc:437] 0 solved master
[2023-04-12 01:37:48.419453: E /samgraph/3rdparty/collcachelib/coll_cache_lib/facade.cc:444] 0 solved
[2023-04-12 01:37:48.419464: E /samgraph/3rdparty/collcachelib/coll_cache_lib/facade.cc:447] worker 0 thread 0 initing device 0
[2023-04-12 01:37:48.420134: E /samgraph/3rdparty/collcachelib/coll_cache_lib/cache_context.cu:2308] Building Coll Cache with ... num gpu device is 8
[2023-04-12 01:37:48.420176: E /samgraph/3rdparty/collcachelib/coll_cache_lib/cuda/cache_hashtable.cuh:611] per src size local is 5371629
[2023-04-12 01:37:48.450027: E /samgraph/3rdparty/collcachelib/coll_cache_lib/facade.cc:444] 7 solved
[2023-04-12 01:37:48.450082: E /samgraph/3rdparty/collcachelib/coll_cache_lib/facade.cc:447] worker 0 thread 7 initing device 7
[2023-04-12 01:37:48.450396: E /samgraph/3rdparty/collcachelib/coll_cache_lib/cache_context.cu:2308] Building Coll Cache with ... num gpu device is 8
[2023-04-12 01:37:48.461780: E /samgraph/3rdparty/collcachelib/coll_cache_lib/facade.cc:444] 6 solved
[2023-04-12 01:37:48.461868: E /samgraph/3rdparty/collcachelib/coll_cache_lib/facade.cc:447] worker 0 thread 6 initing device 6
[2023-04-12 01:37:48.462322: E /samgraph/3rdparty/collcachelib/coll_cache_lib/cache_context.cu:2308] Building Coll Cache with ... num gpu device is 8
[[2023-04-12 01:37:48.466317: E 2023-04-12 01:37:48/samgraph/3rdparty/collcachelib/coll_cache_lib/facade.cc.:466316444: ] E 1 solved/samgraph/3rdparty/collcachelib/coll_cache_lib/facade.cc
:444] [3 solved2023-04-12 01:37:48
.466401: E /samgraph/3rdparty/collcachelib/coll_cache_lib/facade.cc[:2023-04-12 01:37:48447.] 466408: Eworker 0 thread 1 initing device 1 
/samgraph/3rdparty/collcachelib/coll_cache_lib/facade.cc:447] worker 0 thread 3 initing device 3
[2023-04-12 01:37:48.466888: E /samgraph/3rdparty/collcachelib/coll_cache_lib/cache_context.cu:2308] Building Coll Cache with ... num gpu device is 8
[2023-04-12 01:37:48.467963: E /samgraph/3rdparty/collcachelib/coll_cache_lib/facade.cc:444] 2 solved
[2023-04-12 01:37:48.468035: E /samgraph/3rdparty/collcachelib/coll_cache_lib/facade.cc:447] worker 0 thread 2 initing device 2
[2023-04-12 01:37:48.482875: E /samgraph/3rdparty/collcachelib/coll_cache_lib/facade.cc:444] 4 solved
[2023-04-12 01:37:48.482970: E /samgraph/3rdparty/collcachelib/coll_cache_lib/facade.cc:447] worker 0 thread 4 initing device 4
[2023-04-12 01:37:48.482960: E /samgraph/3rdparty/collcachelib/coll_cache_lib/facade.cc:444] 5 solved
[[2023-04-12 01:37:482023-04-12 01:37:48..482998483015: : EE  /samgraph/3rdparty/collcachelib/coll_cache_lib/cache_context.cu/samgraph/3rdparty/collcachelib/coll_cache_lib/facade.cc::2308447] ] Building Coll Cache with ... num gpu device is 8
worker 0 thread 5 initing device 5
[2023-04-12 01:37:48.[4834832023-04-12 01:37:48: .E483486 : /samgraph/3rdparty/collcachelib/coll_cache_lib/cache_context.cuE: 2308/samgraph/3rdparty/collcachelib/coll_cache_lib/cache_context.cu] :Building Coll Cache with ... num gpu device is 82308
] Building Coll Cache with ... num gpu device is 8
[2023-04-12 01:37:48.484955: E /samgraph/3rdparty/collcachelib/coll_cache_lib/cache_context.cu:2308] Building Coll Cache with ... num gpu device is 8
[2023-04-12 01:37:48.493338: E /samgraph/3rdparty/collcachelib/coll_cache_lib/common.cc:261] making a tensor with 0 num item
[2023-04-12 01:37:48.493412: E /samgraph/3rdparty/collcachelib/coll_cache_lib/cache_context.cu:2350] num cpu nodes is 239277290
[2023-04-12 01:37:48.556149: E /samgraph/3rdparty/collcachelib/coll_cache_lib/common.cc:261] making a tensor with 0 num item
[2023-04-12 01:37:48.556214: E /samgraph/3rdparty/collcachelib/coll_cache_lib/cache_context.cu:2350] num cpu nodes is 239277290
[2023-04-12 01:37:48.573178: E /samgraph/3rdparty/collcachelib/coll_cache_lib/common.cc:261] making a tensor with 0 num item
[2023-04-12 01:37:48.573239: E /samgraph/3rdparty/collcachelib/coll_cache_lib/cache_context.cu:2350] num cpu nodes is 239277290
[2023-04-12 01:37:48.574956: E /samgraph/3rdparty/collcachelib/coll_cache_lib/common.cc:261] making a tensor with 0 num item
[2023-04-12 01:37:48.575021: E /samgraph/3rdparty/collcachelib/coll_cache_lib/cache_context.cu:2350] num cpu nodes is 239277290
[2023-04-12 01:37:48.587059: E /samgraph/3rdparty/collcachelib/coll_cache_lib/common.cc:261] making a tensor with 0 num item
[2023-04-12 01:37:48.587104: E /samgraph/3rdparty/collcachelib/coll_cache_lib/cache_context.cu:2350] num cpu nodes is 239277290
[2023-04-12 01:37:48.595466: E /samgraph/3rdparty/collcachelib/coll_cache_lib/common.cc:261] making a tensor with 0 num item
[2023-04-12 01:37:48.595502: E /samgraph/3rdparty/collcachelib/coll_cache_lib/cache_context.cu:2350] num cpu nodes is 239277290
[2023-04-12 01:37:48.598131: E /samgraph/3rdparty/collcachelib/coll_cache_lib/common.cc:261] making a tensor with 0 num item
[2023-04-12 01:37:48.598181: E /samgraph/3rdparty/collcachelib/coll_cache_lib/cache_context.cu:2350] num cpu nodes is 239277290
[2023-04-12 01:37:48.599476: E /samgraph/3rdparty/collcachelib/coll_cache_lib/common.cc:261] making a tensor with 0 num item
[2023-04-12 01:37:48.599520: E /samgraph/3rdparty/collcachelib/coll_cache_lib/cache_context.cu:2350] num cpu nodes is 239277290
[2023-04-12 01:37:49. 12268: E /samgraph/3rdparty/collcachelib/coll_cache_lib/cuda/cache_hashtable.cu:355] create a hashtable with 4883209 possible elem, scale to 16777216
[2023-04-12 01:37:49. 12328: E /samgraph/3rdparty/collcachelib/coll_cache_lib/cuda/cache_hashtable.cu:360] SimpleHashTable allocating 128.00 MB
[2023-04-12 01:37:49. 97246: E /samgraph/3rdparty/collcachelib/coll_cache_lib/cuda/cache_hashtable.cu:355] create a hashtable with 4883209 possible elem, scale to 16777216
[2023-04-12 01:37:49. 97286: E /samgraph/3rdparty/collcachelib/coll_cache_lib/cuda/cache_hashtable.cu:360] SimpleHashTable allocating 128.00 MB
[2023-04-12 01:37:49.133033: E /samgraph/3rdparty/collcachelib/coll_cache_lib/cuda/cache_hashtable.cu:355] create a hashtable with 4883209 possible elem, scale to 16777216
[2023-04-12 01:37:49.133075: E /samgraph/3rdparty/collcachelib/coll_cache_lib/cuda/cache_hashtable.cu:360] SimpleHashTable allocating 128.00 MB
[2023-04-12 01:37:49.155902: E /samgraph/3rdparty/collcachelib/coll_cache_lib/cuda/cache_hashtable.cu:355] create a hashtable with 4883209 possible elem, scale to 16777216
[2023-04-12 01:37:49.155935: E /samgraph/3rdparty/collcachelib/coll_cache_lib/cuda/cache_hashtable.cu:360] SimpleHashTable allocating 128.00 MB
[2023-04-12 01:37:49.165865: E /samgraph/3rdparty/collcachelib/coll_cache_lib/cuda/cache_hashtable.cu:355] create a hashtable with 4883209 possible elem, scale to 16777216
[2023-04-12 01:37:49.165901: E /samgraph/3rdparty/collcachelib/coll_cache_lib/cuda/cache_hashtable.cu:360] SimpleHashTable allocating 128.00 MB
[2023-04-12 01:37:49.187519: E /samgraph/3rdparty/collcachelib/coll_cache_lib/cuda/cache_hashtable.cu:355] create a hashtable with 4883209 possible elem, scale to 16777216
[2023-04-12 01:37:49.187556: E /samgraph/3rdparty/collcachelib/coll_cache_lib/cuda/cache_hashtable.cu:360] SimpleHashTable allocating 128.00 MB
[2023-04-12 01:37:49.207619: E /samgraph/3rdparty/collcachelib/coll_cache_lib/cuda/cache_hashtable.cu:355] create a hashtable with 4883209 possible elem, scale to 16777216
[2023-04-12 01:37:49.207657: E /samgraph/3rdparty/collcachelib/coll_cache_lib/cuda/cache_hashtable.cu:360] SimpleHashTable allocating 128.00 MB
[2023-04-12 01:37:49.207829: E /samgraph/3rdparty/collcachelib/coll_cache_lib/cuda/cache_hashtable.cu:355] create a hashtable with 4883209 possible elem, scale to 16777216
[2023-04-12 01:37:49.207867: E /samgraph/3rdparty/collcachelib/coll_cache_lib/cuda/cache_hashtable.cu:360] SimpleHashTable allocating 128.00 MB
[2023-04-12 01:37:49.229991: E /samgraph/3rdparty/collcachelib/coll_cache_lib/common.cc:107] too many mem allocated for forcescale?5127370->244161
[2023-04-12 01:37:49.230179: E /samgraph/3rdparty/collcachelib/coll_cache_lib/common.cc:107] too many mem allocated for forcescale?5127370->244161
[2023-04-12 01:37:49.230331: E /samgraph/3rdparty/collcachelib/coll_cache_lib/common.cc:107] too many mem allocated for forcescale?5127370->244161
[2023-04-12 01:37:49.230495: E /samgraph/3rdparty/collcachelib/coll_cache_lib/common.cc:107] too many mem allocated for forcescale?5127370->244161
[2023-04-12 01:37:49.230669: E /samgraph/3rdparty/collcachelib/coll_cache_lib/common.cc:107] too many mem allocated for forcescale?5127370->244161
[2023-04-12 01:37:49.230843: E /samgraph/3rdparty/collcachelib/coll_cache_lib/common.cc:107] too many mem allocated for forcescale?5127370->244161
[2023-04-12 01:37:49.230914: E /samgraph/3rdparty/collcachelib/coll_cache_lib/cache_context.cu:2427] Asymm Coll cache (policy: rep_cache) | local 4883209 / 244160499 nodes ( 2.00 %~2.00 %) | remote 0 / 244160499 nodes ( 0.00 %) | cpu 239277290 / 244160499 nodes ( 98.00 %) | 7.33 GB | 0.810763 secs 
[2023-04-12 01:37:49.231054: E /samgraph/3rdparty/collcachelib/coll_cache_lib/common.cc:107] too many mem allocated for forcescale?5127370->244161
[2023-04-12 01:37:49.231191: E /samgraph/3rdparty/collcachelib/coll_cache_lib/common.cc:107] too many mem allocated for forcescale?5127370->244161
[2023-04-12 01:37:49.250787: E /samgraph/3rdparty/collcachelib/coll_cache_lib/cache_context.cu:2427] Asymm Coll cache (policy: rep_cache) | local 4883209 / 244160499 nodes ( 2.00 %~2.00 %) | remote 0 / 244160499 nodes ( 0.00 %) | cpu 239277290 / 244160499 nodes ( 98.00 %) | 7.33 GB | 0.767278 secs 
[[2023-04-12 01:37:492023-04-12 01:37:49..251337251333: : EE  /samgraph/3rdparty/collcachelib/coll_cache_lib/cache_context.cu/samgraph/3rdparty/collcachelib/coll_cache_lib/cache_context.cu::24272427] ] Asymm Coll cache (policy: rep_cache) | local 4883209 / 244160499 nodes ( 2.00 %~2.00 %) | remote 0 / 244160499 nodes ( 0.00 %) | cpu 239277290 / 244160499 nodes ( 98.00 %) | 7.33 GB | 0.784432 secs 
Asymm Coll cache (policy: rep_cache) | local 4883209 / 244160499 nodes ( 2.00 %~2.00 %) | remote 0 / 244160499 nodes ( 0.00 %) | cpu 239277290 / 244160499 nodes ( 98.00 %) | 7.33 GB | 0.766335 secs 
[2023-04-12 01:37:49.251695: E /samgraph/3rdparty/collcachelib/coll_cache_lib/cache_context.cu:2427] Asymm Coll cache (policy: rep_cache) | local 4883209 / 244160499 nodes ( 2.00 %~2.00 %) | remote 0 / 244160499 nodes ( 0.00 %) | cpu 239277290 / 244160499 nodes ( 98.00 %) | 7.33 GB | 0.801285 secs 
[2023-04-12 01:37:49.256485: E /samgraph/3rdparty/collcachelib/coll_cache_lib/cache_context.cu:2427] Asymm Coll cache (policy: rep_cache) | local 4883209 / 244160499 nodes ( 2.00 %~2.00 %) | remote 0 / 244160499 nodes ( 0.00 %) | cpu 239277290 / 244160499 nodes ( 98.00 %) | 7.33 GB | 0.773429 secs 
[2023-04-12 01:37:49.256857: E /samgraph/3rdparty/collcachelib/coll_cache_lib/cache_context.cu:2427] Asymm Coll cache (policy: rep_cache) | local 4883209 / 244160499 nodes ( 2.00 %~2.00 %) | remote 0 / 244160499 nodes ( 0.00 %) | cpu 239277290 / 244160499 nodes ( 98.00 %) | 7.33 GB | 0.794521 secs 
[2023-04-12 01:37:49.263044: E /samgraph/3rdparty/collcachelib/coll_cache_lib/cache_context.cu:2427] Asymm Coll cache (policy: rep_cache) | local 4883209 / 244160499 nodes ( 2.00 %~2.00 %) | remote 0 / 244160499 nodes ( 0.00 %) | cpu 239277290 / 244160499 nodes ( 98.00 %) | 7.33 GB | 0.779538 secs 
/usr/local/lib/python3.8/dist-packages/torch/nn/parallel/scatter_gather.py:9: UserWarning: is_namedtuple is deprecated, please use the python checks instead
  warnings.warn("is_namedtuple is deprecated, please use the python checks instead")
/usr/local/lib/python3.8/dist-packages/torch/nn/parallel/scatter_gather.py:9: UserWarning: is_namedtuple is deprecated, please use the python checks instead
  warnings.warn("is_namedtuple is deprecated, please use the python checks instead")
/usr/local/lib/python3.8/dist-packages/torch/nn/parallel/scatter_gather.py:9: UserWarning: is_namedtuple is deprecated, please use the python checks instead
  warnings.warn("is_namedtuple is deprecated, please use the python checks instead")
/usr/local/lib/python3.8/dist-packages/torch/nn/parallel/scatter_gather.py:9: UserWarning: is_namedtuple is deprecated, please use the python checks instead
  warnings.warn("is_namedtuple is deprecated, please use the python checks instead")
/usr/local/lib/python3.8/dist-packages/torch/nn/parallel/scatter_gather.py:9: UserWarning: is_namedtuple is deprecated, please use the python checks instead
  warnings.warn("is_namedtuple is deprecated, please use the python checks instead")
/usr/local/lib/python3.8/dist-packages/torch/nn/parallel/scatter_gather.py:9: UserWarning: is_namedtuple is deprecated, please use the python checks instead
  warnings.warn("is_namedtuple is deprecated, please use the python checks instead")
/usr/local/lib/python3.8/dist-packages/torch/nn/parallel/scatter_gather.py:9: UserWarning: is_namedtuple is deprecated, please use the python checks instead
  warnings.warn("is_namedtuple is deprecated, please use the python checks instead")
/usr/local/lib/python3.8/dist-packages/torch/nn/parallel/scatter_gather.py:9: UserWarning: is_namedtuple is deprecated, please use the python checks instead
  warnings.warn("is_namedtuple is deprecated, please use the python checks instead")
