/usr/lib/python3/dist-packages/requests/__init__.py:89: RequestsDependencyWarning: urllib3 (1.26.12) or chardet (3.0.4) doesn't match a supported version!
  warnings.warn("urllib3 ({}) or chardet ({}) doesn't match a supported "
[W socket.cpp:601] [c10d] The client socket has failed to connect to [localhost]:12335 (errno: 99 - Cannot assign requested address).
Rank=3 done reading 8201046 embedding vectors from file /nvme/songxiaoniu/graph-learning/wholegraph/com_friendster/converted/homograph_csr_row_ptr
Rank=2 done reading 8201046 embedding vectors from file /nvme/songxiaoniu/graph-learning/wholegraph/com_friendster/converted/homograph_csr_row_ptr
Rank=5 done reading 8201046 embedding vectors from file /nvme/songxiaoniu/graph-learning/wholegraph/com_friendster/converted/homograph_csr_row_ptr
Rank=4 done reading 8201046 embedding vectors from file /nvme/songxiaoniu/graph-learning/wholegraph/com_friendster/converted/homograph_csr_row_ptr
Rank=7 done reading 8201045 embedding vectors from file /nvme/songxiaoniu/graph-learning/wholegraph/com_friendster/converted/homograph_csr_row_ptr
Rank=6 done reading 8201046 embedding vectors from file /nvme/songxiaoniu/graph-learning/wholegraph/com_friendster/converted/homograph_csr_row_ptr
Rank=1 done reading 8201046 embedding vectors from file /nvme/songxiaoniu/graph-learning/wholegraph/com_friendster/converted/homograph_csr_row_ptr
Rank=0 done reading 8201046 embedding vectors from file /nvme/songxiaoniu/graph-learning/wholegraph/com_friendster/converted/homograph_csr_row_ptr
Rank=7 done reading 451516782 embedding vectors from file /nvme/songxiaoniu/graph-learning/wholegraph/com_friendster/converted/homograph_csr_col_idx
Rank=6 done reading 451516784 embedding vectors from file /nvme/songxiaoniu/graph-learning/wholegraph/com_friendster/converted/homograph_csr_col_idx
Rank=3 done reading 451516784 embedding vectors from file /nvme/songxiaoniu/graph-learning/wholegraph/com_friendster/converted/homograph_csr_col_idx
Rank=2 done reading 451516784 embedding vectors from file /nvme/songxiaoniu/graph-learning/wholegraph/com_friendster/converted/homograph_csr_col_idx
Rank=1 done reading 451516784 embedding vectors from file /nvme/songxiaoniu/graph-learning/wholegraph/com_friendster/converted/homograph_csr_col_idx
Rank=0 done reading 451516784 embedding vectors from file /nvme/songxiaoniu/graph-learning/wholegraph/com_friendster/converted/homograph_csr_col_idx
Rank=4 done reading 451516784 embedding vectors from file /nvme/songxiaoniu/graph-learning/wholegraph/com_friendster/converted/homograph_csr_col_idx
Rank=5 done reading 451516784 embedding vectors from file /nvme/songxiaoniu/graph-learning/wholegraph/com_friendster/converted/homograph_csr_col_idx
[2023-04-14 22:11:52.186868: E /samgraph/3rdparty/collcachelib/coll_cache_lib/freq_recorder.cc:337] bulk append 4212338 into 0
[2023-04-14 22:11:52.204523: E /samgraph/3rdparty/collcachelib/coll_cache_lib/freq_recorder.cc:347] bulk append 57929422
[2023-04-14 22:11:52.205108: E /samgraph/3rdparty/collcachelib/coll_cache_lib/freq_recorder.cc:337] bulk append 4211132 into 4212338
[2023-04-14 22:11:52.222010: E /samgraph/3rdparty/collcachelib/coll_cache_lib/freq_recorder.cc:347] bulk append 57897636
[2023-04-14 22:11:52.222563: E /samgraph/3rdparty/collcachelib/coll_cache_lib/freq_recorder.cc:337] bulk append 4209763 into 8423470
[2023-04-14 22:11:52.239896: E /samgraph/3rdparty/collcachelib/coll_cache_lib/freq_recorder.cc:347] bulk append 57826992
[2023-04-14 22:11:52.240463: E /samgraph/3rdparty/collcachelib/coll_cache_lib/freq_recorder.cc:337] bulk append 4210740 into 12633233
[2023-04-14 22:11:52.257376: E /samgraph/3rdparty/collcachelib/coll_cache_lib/freq_recorder.cc:347] bulk append 57828792
[2023-04-14 22:11:52.257955: E /samgraph/3rdparty/collcachelib/coll_cache_lib/freq_recorder.cc:337] bulk append 4211850 into 16843973
[2023-04-14 22:11:52.275245: E /samgraph/3rdparty/collcachelib/coll_cache_lib/freq_recorder.cc:347] bulk append 57893844
[2023-04-14 22:11:52.275805: E /samgraph/3rdparty/collcachelib/coll_cache_lib/freq_recorder.cc:337] bulk append 4210732 into 21055823
[2023-04-14 22:11:52.292766: E /samgraph/3rdparty/collcachelib/coll_cache_lib/freq_recorder.cc:347] bulk append 57860367
[2023-04-14 22:11:52.293320: E /samgraph/3rdparty/collcachelib/coll_cache_lib/freq_recorder.cc:337] bulk append 4212501 into 25266555
[2023-04-14 22:11:52.310424: E /samgraph/3rdparty/collcachelib/coll_cache_lib/freq_recorder.cc:347] bulk append 57875649
[2023-04-14 22:11:52.310984: E /samgraph/3rdparty/collcachelib/coll_cache_lib/freq_recorder.cc:337] bulk append 4213844 into 29479056
[2023-04-14 22:11:52.327858: E /samgraph/3rdparty/collcachelib/coll_cache_lib/freq_recorder.cc:347] bulk append 57914769
[2023-04-14 22:11:52.328416: E /samgraph/3rdparty/collcachelib/coll_cache_lib/freq_recorder.cc:337] bulk append 4211850 into 33692900
[2023-04-14 22:11:52.345425: E /samgraph/3rdparty/collcachelib/coll_cache_lib/freq_recorder.cc:347] bulk append 57882703
[2023-04-14 22:11:52.346067: E /samgraph/3rdparty/collcachelib/coll_cache_lib/freq_recorder.cc:337] bulk append 4210123 into 37904750
[2023-04-14 22:11:52.363057: E /samgraph/3rdparty/collcachelib/coll_cache_lib/freq_recorder.cc:347] bulk append 57889538
[2023-04-14 22:11:52.363644: E /samgraph/3rdparty/collcachelib/coll_cache_lib/freq_recorder.cc:337] bulk append 4301740 into 42114873
[2023-04-14 22:11:52.380869: E /samgraph/3rdparty/collcachelib/coll_cache_lib/freq_recorder.cc:347] bulk append 59072889
[2023-04-14 22:11:52.381439: E /samgraph/3rdparty/collcachelib/coll_cache_lib/freq_recorder.cc:337] bulk append 4306160 into 46416613
[2023-04-14 22:11:52.398721: E /samgraph/3rdparty/collcachelib/coll_cache_lib/freq_recorder.cc:347] bulk append 58990436
[2023-04-14 22:11:52.399279: E /samgraph/3rdparty/collcachelib/coll_cache_lib/freq_recorder.cc:337] bulk append 4302749 into 50722773
[2023-04-14 22:11:52.416442: E /samgraph/3rdparty/collcachelib/coll_cache_lib/freq_recorder.cc:347] bulk append 58920351
[2023-04-14 22:11:52.416996: E /samgraph/3rdparty/collcachelib/coll_cache_lib/freq_recorder.cc:337] bulk append 4306067 into 55025522
[2023-04-14 22:11:52.434123: E /samgraph/3rdparty/collcachelib/coll_cache_lib/freq_recorder.cc:347] bulk append 58958793
[2023-04-14 22:11:52.434668: E /samgraph/3rdparty/collcachelib/coll_cache_lib/freq_recorder.cc:337] bulk append 4303448 into 59331589
[2023-04-14 22:11:52.451855: E /samgraph/3rdparty/collcachelib/coll_cache_lib/freq_recorder.cc:347] bulk append 59022276
[2023-04-14 22:11:52.452415: E /samgraph/3rdparty/collcachelib/coll_cache_lib/freq_recorder.cc:337] bulk append 4302838 into 63635037
[2023-04-14 22:11:52.469535: E /samgraph/3rdparty/collcachelib/coll_cache_lib/freq_recorder.cc:347] bulk append 59014428
[2023-04-14 22:11:52.470075: E /samgraph/3rdparty/collcachelib/coll_cache_lib/freq_recorder.cc:337] bulk append 4302064 into 67937875
[2023-04-14 22:11:52.487319: E /samgraph/3rdparty/collcachelib/coll_cache_lib/freq_recorder.cc:347] bulk append 58986010
[2023-04-14 22:11:52.487868: E /samgraph/3rdparty/collcachelib/coll_cache_lib/freq_recorder.cc:337] bulk append 4307021 into 72239939
[2023-04-14 22:11:52.505013: E /samgraph/3rdparty/collcachelib/coll_cache_lib/freq_recorder.cc:347] bulk append 59038375
[2023-04-14 22:11:52.505583: E /samgraph/3rdparty/collcachelib/coll_cache_lib/freq_recorder.cc:337] bulk append 4303852 into 76546960
[2023-04-14 22:11:52.522847: E /samgraph/3rdparty/collcachelib/coll_cache_lib/freq_recorder.cc:347] bulk append 58977708
[2023-04-14 22:11:52.523377: E /samgraph/3rdparty/collcachelib/coll_cache_lib/freq_recorder.cc:337] bulk append 4304970 into 80850812
[2023-04-14 22:11:52.540634: E /samgraph/3rdparty/collcachelib/coll_cache_lib/freq_recorder.cc:347] bulk append 59052574
[2023-04-14 22:11:52.541198: E /samgraph/3rdparty/collcachelib/coll_cache_lib/freq_recorder.cc:337] bulk append 4350351 into 85155782
[2023-04-14 22:11:52.558712: E /samgraph/3rdparty/collcachelib/coll_cache_lib/freq_recorder.cc:347] bulk append 59020505
[2023-04-14 22:11:52.559299: E /samgraph/3rdparty/collcachelib/coll_cache_lib/freq_recorder.cc:337] bulk append 4352211 into 89506133
[2023-04-14 22:11:52.576699: E /samgraph/3rdparty/collcachelib/coll_cache_lib/freq_recorder.cc:347] bulk append 58954854
[2023-04-14 22:11:52.577289: E /samgraph/3rdparty/collcachelib/coll_cache_lib/freq_recorder.cc:337] bulk append 4348378 into 93858344
[2023-04-14 22:11:52.594611: E /samgraph/3rdparty/collcachelib/coll_cache_lib/freq_recorder.cc:347] bulk append 58853185
[2023-04-14 22:11:52.595210: E /samgraph/3rdparty/collcachelib/coll_cache_lib/freq_recorder.cc:337] bulk append 4349838 into 98206722
[2023-04-14 22:11:52.613063: E /samgraph/3rdparty/collcachelib/coll_cache_lib/freq_recorder.cc:347] bulk append 58898234
[2023-04-14 22:11:52.613643: E /samgraph/3rdparty/collcachelib/coll_cache_lib/freq_recorder.cc:337] bulk append 4348949 into 102556560
[2023-04-14 22:11:52.630978: E /samgraph/3rdparty/collcachelib/coll_cache_lib/freq_recorder.cc:347] bulk append 58968144
[2023-04-14 22:11:52.631552: E /samgraph/3rdparty/collcachelib/coll_cache_lib/freq_recorder.cc:337] bulk append 4350207 into 106905509
[2023-04-14 22:11:52.648923: E /samgraph/3rdparty/collcachelib/coll_cache_lib/freq_recorder.cc:347] bulk append 58963942
[2023-04-14 22:11:52.649508: E /samgraph/3rdparty/collcachelib/coll_cache_lib/freq_recorder.cc:337] bulk append 4347956 into 111255716
[2023-04-14 22:11:52.666890: E /samgraph/3rdparty/collcachelib/coll_cache_lib/freq_recorder.cc:347] bulk append 58943866
[2023-04-14 22:11:52.667460: E /samgraph/3rdparty/collcachelib/coll_cache_lib/freq_recorder.cc:337] bulk append 4353477 into 115603672
[2023-04-14 22:11:52.684740: E /samgraph/3rdparty/collcachelib/coll_cache_lib/freq_recorder.cc:347] bulk append 59040721
[2023-04-14 22:11:52.685316: E /samgraph/3rdparty/collcachelib/coll_cache_lib/freq_recorder.cc:337] bulk append 4349592 into 119957149
[2023-04-14 22:11:52.702726: E /samgraph/3rdparty/collcachelib/coll_cache_lib/freq_recorder.cc:347] bulk append 58944160
[2023-04-14 22:11:52.703311: E /samgraph/3rdparty/collcachelib/coll_cache_lib/freq_recorder.cc:337] bulk append 4349083 into 124306741
[2023-04-14 22:11:52.721876: E /samgraph/3rdparty/collcachelib/coll_cache_lib/freq_recorder.cc:347] bulk append 59028865
[2023-04-14 22:11:52.722465: E /samgraph/3rdparty/collcachelib/coll_cache_lib/freq_recorder.cc:337] bulk append 4359160 into 128655824
[2023-04-14 22:11:52.740408: E /samgraph/3rdparty/collcachelib/coll_cache_lib/freq_recorder.cc:347] bulk append 58963449
[2023-04-14 22:11:52.740965: E /samgraph/3rdparty/collcachelib/coll_cache_lib/freq_recorder.cc:337] bulk append 4358739 into 133014984
[2023-04-14 22:11:52.758372: E /samgraph/3rdparty/collcachelib/coll_cache_lib/freq_recorder.cc:347] bulk append 58884814
[2023-04-14 22:11:52.758913: E /samgraph/3rdparty/collcachelib/coll_cache_lib/freq_recorder.cc:337] bulk append 4357491 into 137373723
[2023-04-14 22:11:52.776357: E /samgraph/3rdparty/collcachelib/coll_cache_lib/freq_recorder.cc:347] bulk append 58839684
[2023-04-14 22:11:52.776976: E /samgraph/3rdparty/collcachelib/coll_cache_lib/freq_recorder.cc:337] bulk append 4359562 into 141731214
[2023-04-14 22:11:52.809197: E /samgraph/3rdparty/collcachelib/coll_cache_lib/freq_recorder.cc:347] bulk append 58876297
[2023-04-14 22:11:52.809890: E /samgraph/3rdparty/collcachelib/coll_cache_lib/freq_recorder.cc:337] bulk append 4358896 into 146090776
[2023-04-14 22:11:52.827633: E /samgraph/3rdparty/collcachelib/coll_cache_lib/freq_recorder.cc:347] bulk append 58931791
[2023-04-14 22:11:52.828184: E /samgraph/3rdparty/collcachelib/coll_cache_lib/freq_recorder.cc:337] bulk append 4356993 into 150449672
[2023-04-14 22:11:52.845572: E /samgraph/3rdparty/collcachelib/coll_cache_lib/freq_recorder.cc:347] bulk append 58901985
[2023-04-14 22:11:52.846111: E /samgraph/3rdparty/collcachelib/coll_cache_lib/freq_recorder.cc:337] bulk append 4358002 into 154806665
[2023-04-14 22:11:52.863471: E /samgraph/3rdparty/collcachelib/coll_cache_lib/freq_recorder.cc:347] bulk append 58915285
[2023-04-14 22:11:52.864020: E /samgraph/3rdparty/collcachelib/coll_cache_lib/freq_recorder.cc:337] bulk append 4359868 into 159164667
[2023-04-14 22:11:52.881320: E /samgraph/3rdparty/collcachelib/coll_cache_lib/freq_recorder.cc:347] bulk append 58989000
[2023-04-14 22:11:52.881881: E /samgraph/3rdparty/collcachelib/coll_cache_lib/freq_recorder.cc:337] bulk append 4357964 into 163524535
[2023-04-14 22:11:52.899632: E /samgraph/3rdparty/collcachelib/coll_cache_lib/freq_recorder.cc:347] bulk append 58934780
[2023-04-14 22:11:52.900192: E /samgraph/3rdparty/collcachelib/coll_cache_lib/freq_recorder.cc:337] bulk append 4357248 into 167882499
[2023-04-14 22:11:52.917667: E /samgraph/3rdparty/collcachelib/coll_cache_lib/freq_recorder.cc:347] bulk append 59006918
[2023-04-14 22:11:52.918221: E /samgraph/3rdparty/collcachelib/coll_cache_lib/freq_recorder.cc:337] bulk append 4363322 into 172239747
[2023-04-14 22:11:52.935560: E /samgraph/3rdparty/collcachelib/coll_cache_lib/freq_recorder.cc:347] bulk append 58888339
[2023-04-14 22:11:52.936109: E /samgraph/3rdparty/collcachelib/coll_cache_lib/freq_recorder.cc:337] bulk append 4366423 into 176603069
[2023-04-14 22:11:52.953509: E /samgraph/3rdparty/collcachelib/coll_cache_lib/freq_recorder.cc:347] bulk append 58809488
[2023-04-14 22:11:52.954055: E /samgraph/3rdparty/collcachelib/coll_cache_lib/freq_recorder.cc:337] bulk append 4363692 into 180969492
[2023-04-14 22:11:52.971359: E /samgraph/3rdparty/collcachelib/coll_cache_lib/freq_recorder.cc:347] bulk append 58765626
[2023-04-14 22:11:52.971910: E /samgraph/3rdparty/collcachelib/coll_cache_lib/freq_recorder.cc:337] bulk append 4366407 into 185333184
[2023-04-14 22:11:52.989213: E /samgraph/3rdparty/collcachelib/coll_cache_lib/freq_recorder.cc:347] bulk append 58799376
[2023-04-14 22:11:52.989762: E /samgraph/3rdparty/collcachelib/coll_cache_lib/freq_recorder.cc:337] bulk append 4364986 into 189699591
[2023-04-14 22:11:53.  7078: E /samgraph/3rdparty/collcachelib/coll_cache_lib/freq_recorder.cc:347] bulk append 58827318
[2023-04-14 22:11:53.  7618: E /samgraph/3rdparty/collcachelib/coll_cache_lib/freq_recorder.cc:337] bulk append 4364773 into 194064577
[2023-04-14 22:11:53. 24962: E /samgraph/3rdparty/collcachelib/coll_cache_lib/freq_recorder.cc:347] bulk append 58834831
[2023-04-14 22:11:53. 25490: E /samgraph/3rdparty/collcachelib/coll_cache_lib/freq_recorder.cc:337] bulk append 4364751 into 198429350
[2023-04-14 22:11:53. 42752: E /samgraph/3rdparty/collcachelib/coll_cache_lib/freq_recorder.cc:347] bulk append 58842864
[2023-04-14 22:11:53. 43299: E /samgraph/3rdparty/collcachelib/coll_cache_lib/freq_recorder.cc:337] bulk append 4367934 into 202794101
[2023-04-14 22:11:53. 60616: E /samgraph/3rdparty/collcachelib/coll_cache_lib/freq_recorder.cc:347] bulk append 58929114
[2023-04-14 22:11:53. 61164: E /samgraph/3rdparty/collcachelib/coll_cache_lib/freq_recorder.cc:337] bulk append 4364753 into 207162035
[2023-04-14 22:11:53. 78521: E /samgraph/3rdparty/collcachelib/coll_cache_lib/freq_recorder.cc:347] bulk append 58889813
[2023-04-14 22:11:53. 79058: E /samgraph/3rdparty/collcachelib/coll_cache_lib/freq_recorder.cc:337] bulk append 4365432 into 211526788
[2023-04-14 22:11:53. 96291: E /samgraph/3rdparty/collcachelib/coll_cache_lib/freq_recorder.cc:347] bulk append 58918434
[2023-04-14 22:11:53. 96843: E /samgraph/3rdparty/collcachelib/coll_cache_lib/freq_recorder.cc:337] bulk append 4319709 into 215892220
[2023-04-14 22:11:53.114218: E /samgraph/3rdparty/collcachelib/coll_cache_lib/freq_recorder.cc:347] bulk append 58173361
[2023-04-14 22:11:53.114787: E /samgraph/3rdparty/collcachelib/coll_cache_lib/freq_recorder.cc:337] bulk append 4322333 into 220211929
[2023-04-14 22:11:53.132085: E /samgraph/3rdparty/collcachelib/coll_cache_lib/freq_recorder.cc:347] bulk append 58070132
[2023-04-14 22:11:53.132648: E /samgraph/3rdparty/collcachelib/coll_cache_lib/freq_recorder.cc:337] bulk append 4319908 into 224534262
[2023-04-14 22:11:53.150077: E /samgraph/3rdparty/collcachelib/coll_cache_lib/freq_recorder.cc:347] bulk append 58023117
[2023-04-14 22:11:53.150658: E /samgraph/3rdparty/collcachelib/coll_cache_lib/freq_recorder.cc:337] bulk append 4322819 into 228854170
[2023-04-14 22:11:53.168162: E /samgraph/3rdparty/collcachelib/coll_cache_lib/freq_recorder.cc:347] bulk append 58074312
[2023-04-14 22:11:53.168741: E /samgraph/3rdparty/collcachelib/coll_cache_lib/freq_recorder.cc:337] bulk append 4322015 into 233176989
[2023-04-14 22:11:53.186039: E /samgraph/3rdparty/collcachelib/coll_cache_lib/freq_recorder.cc:347] bulk append 58083748
[2023-04-14 22:11:53.186595: E /samgraph/3rdparty/collcachelib/coll_cache_lib/freq_recorder.cc:337] bulk append 4321039 into 237499004
[2023-04-14 22:11:53.203879: E /samgraph/3rdparty/collcachelib/coll_cache_lib/freq_recorder.cc:347] bulk append 58111571
[2023-04-14 22:11:53.204439: E /samgraph/3rdparty/collcachelib/coll_cache_lib/freq_recorder.cc:337] bulk append 4319851 into 241820043
[2023-04-14 22:11:53.221676: E /samgraph/3rdparty/collcachelib/coll_cache_lib/freq_recorder.cc:347] bulk append 58110821
[2023-04-14 22:11:53.222237: E /samgraph/3rdparty/collcachelib/coll_cache_lib/freq_recorder.cc:337] bulk append 4325327 into 246139894
[2023-04-14 22:11:53.239550: E /samgraph/3rdparty/collcachelib/coll_cache_lib/freq_recorder.cc:347] bulk append 58208276
[2023-04-14 22:11:53.240112: E /samgraph/3rdparty/collcachelib/coll_cache_lib/freq_recorder.cc:337] bulk append 4319833 into 250465221
[2023-04-14 22:11:53.257376: E /samgraph/3rdparty/collcachelib/coll_cache_lib/freq_recorder.cc:347] bulk append 58143548
[2023-04-14 22:11:53.257948: E /samgraph/3rdparty/collcachelib/coll_cache_lib/freq_recorder.cc:337] bulk append 4319827 into 254785054
[2023-04-14 22:11:53.275321: E /samgraph/3rdparty/collcachelib/coll_cache_lib/freq_recorder.cc:347] bulk append 58181587
[2023-04-14 22:11:53.275894: E /samgraph/3rdparty/collcachelib/coll_cache_lib/freq_recorder.cc:337] bulk append 4266049 into 259104881
[2023-04-14 22:11:53.293058: E /samgraph/3rdparty/collcachelib/coll_cache_lib/freq_recorder.cc:347] bulk append 57153117
[2023-04-14 22:11:53.293628: E /samgraph/3rdparty/collcachelib/coll_cache_lib/freq_recorder.cc:337] bulk append 4266931 into 263370930
[2023-04-14 22:11:53.310689: E /samgraph/3rdparty/collcachelib/coll_cache_lib/freq_recorder.cc:347] bulk append 57033741
[2023-04-14 22:11:53.311283: E /samgraph/3rdparty/collcachelib/coll_cache_lib/freq_recorder.cc:337] bulk append 4264412 into 267637861
[2023-04-14 22:11:53.328352: E /samgraph/3rdparty/collcachelib/coll_cache_lib/freq_recorder.cc:347] bulk append 56994712
[2023-04-14 22:11:53.328947: E /samgraph/3rdparty/collcachelib/coll_cache_lib/freq_recorder.cc:337] bulk append 4267320 into 271902273
[2023-04-14 22:11:53.346073: E /samgraph/3rdparty/collcachelib/coll_cache_lib/freq_recorder.cc:347] bulk append 57055410
[2023-04-14 22:11:53.346642: E /samgraph/3rdparty/collcachelib/coll_cache_lib/freq_recorder.cc:337] bulk append 4266212 into 276169593
[2023-04-14 22:11:53.363695: E /samgraph/3rdparty/collcachelib/coll_cache_lib/freq_recorder.cc:347] bulk append 57061808
[2023-04-14 22:11:53.364266: E /samgraph/3rdparty/collcachelib/coll_cache_lib/freq_recorder.cc:337] bulk append 4266370 into 280435805
[2023-04-14 22:11:53.381319: E /samgraph/3rdparty/collcachelib/coll_cache_lib/freq_recorder.cc:347] bulk append 57078184
[2023-04-14 22:11:53.381882: E /samgraph/3rdparty/collcachelib/coll_cache_lib/freq_recorder.cc:337] bulk append 4265281 into 284702175
[2023-04-14 22:11:53.398857: E /samgraph/3rdparty/collcachelib/coll_cache_lib/freq_recorder.cc:347] bulk append 57079126
[2023-04-14 22:11:53.399413: E /samgraph/3rdparty/collcachelib/coll_cache_lib/freq_recorder.cc:337] bulk append 4268326 into 288967456
[2023-04-14 22:11:53.416461: E /samgraph/3rdparty/collcachelib/coll_cache_lib/freq_recorder.cc:347] bulk append 57190772
[2023-04-14 22:11:53.417023: E /samgraph/3rdparty/collcachelib/coll_cache_lib/freq_recorder.cc:337] bulk append 4267289 into 293235782
[2023-04-14 22:11:53.434096: E /samgraph/3rdparty/collcachelib/coll_cache_lib/freq_recorder.cc:347] bulk append 57116548
[2023-04-14 22:11:53.434658: E /samgraph/3rdparty/collcachelib/coll_cache_lib/freq_recorder.cc:337] bulk append 4266120 into 297503071
[2023-04-14 22:11:53.451741: E /samgraph/3rdparty/collcachelib/coll_cache_lib/freq_recorder.cc:347] bulk append 57155866
[2023-04-14 22:11:53.452329: E /samgraph/3rdparty/collcachelib/coll_cache_lib/freq_recorder.cc:337] bulk append 4178080 into 301769191
[2023-04-14 22:11:53.469175: E /samgraph/3rdparty/collcachelib/coll_cache_lib/freq_recorder.cc:347] bulk append 54897688
[2023-04-14 22:11:53.469719: E /samgraph/3rdparty/collcachelib/coll_cache_lib/freq_recorder.cc:337] bulk append 4181425 into 305947271
[2023-04-14 22:11:53.486620: E /samgraph/3rdparty/collcachelib/coll_cache_lib/freq_recorder.cc:347] bulk append 54781650
[2023-04-14 22:11:53.487165: E /samgraph/3rdparty/collcachelib/coll_cache_lib/freq_recorder.cc:337] bulk append 4176661 into 310128696
[2023-04-14 22:11:53.504032: E /samgraph/3rdparty/collcachelib/coll_cache_lib/freq_recorder.cc:347] bulk append 54767505
[2023-04-14 22:11:53.504563: E /samgraph/3rdparty/collcachelib/coll_cache_lib/freq_recorder.cc:337] bulk append 4180000 into 314305357
[2023-04-14 22:11:53.521378: E /samgraph/3rdparty/collcachelib/coll_cache_lib/freq_recorder.cc:347] bulk append 54813242
[2023-04-14 22:11:53.521922: E /samgraph/3rdparty/collcachelib/coll_cache_lib/freq_recorder.cc:337] bulk append 4179137 into 318485357
[2023-04-14 22:11:53.538726: E /samgraph/3rdparty/collcachelib/coll_cache_lib/freq_recorder.cc:347] bulk append 54821861
[2023-04-14 22:11:53.539267: E /samgraph/3rdparty/collcachelib/coll_cache_lib/freq_recorder.cc:337] bulk append 4180822 into 322664494
[2023-04-14 22:11:53.556046: E /samgraph/3rdparty/collcachelib/coll_cache_lib/freq_recorder.cc:347] bulk append 54827793
[2023-04-14 22:11:53.556582: E /samgraph/3rdparty/collcachelib/coll_cache_lib/freq_recorder.cc:337] bulk append 4178220 into 326845316
[2023-04-14 22:11:53.573437: E /samgraph/3rdparty/collcachelib/coll_cache_lib/freq_recorder.cc:347] bulk append 54846275
[2023-04-14 22:11:53.573971: E /samgraph/3rdparty/collcachelib/coll_cache_lib/freq_recorder.cc:337] bulk append 4182478 into 331023536
[2023-04-14 22:11:53.590809: E /samgraph/3rdparty/collcachelib/coll_cache_lib/freq_recorder.cc:347] bulk append 54958216
[2023-04-14 22:11:53.591353: E /samgraph/3rdparty/collcachelib/coll_cache_lib/freq_recorder.cc:337] bulk append 4178506 into 335206014
[2023-04-14 22:11:53.608188: E /samgraph/3rdparty/collcachelib/coll_cache_lib/freq_recorder.cc:347] bulk append 54924206
[2023-04-14 22:11:53.608723: E /samgraph/3rdparty/collcachelib/coll_cache_lib/freq_recorder.cc:337] bulk append 4178395 into 339384520
[2023-04-14 22:11:53.625502: E /samgraph/3rdparty/collcachelib/coll_cache_lib/freq_recorder.cc:347] bulk append 54897403
[2023-04-14 22:11:53.626036: E /samgraph/3rdparty/collcachelib/coll_cache_lib/freq_recorder.cc:266] freq recorder global combining
[[[2023-04-14 22:11:532023-04-14 22:11:53[[2023-04-14 22:11:53[..2023-04-14 22:11:532023-04-14 22:11:53.2023-04-14 22:11:53626081626079..626081.[: : 626082626087: 626079EE2023-04-14 22:11:53: : E:   .EE E/samgraph/3rdparty/collcachelib/coll_cache_lib/run_config.cc/samgraph/3rdparty/collcachelib/coll_cache_lib/run_config.cc626117  /samgraph/3rdparty/collcachelib/coll_cache_lib/run_config.cc ::: /samgraph/3rdparty/collcachelib/coll_cache_lib/run_config.cc/samgraph/3rdparty/collcachelib/coll_cache_lib/run_config.cc:/samgraph/3rdparty/collcachelib/coll_cache_lib/run_config.cc141141E::141:] ]  141141] 141using concurrent impl MPSPhaseusing concurrent impl MPSPhase/samgraph/3rdparty/collcachelib/coll_cache_lib/run_config.cc] ] using concurrent impl MPSPhase] 

:using concurrent impl MPSPhaseusing concurrent impl MPSPhase
using concurrent impl MPSPhase141[


[] 2023-04-14 22:11:53[2023-04-14 22:11:53[using concurrent impl MPSPhase.2023-04-14 22:11:53[[.2023-04-14 22:11:53
626239.2023-04-14 22:11:532023-04-14 22:11:53626239.: 626245.[.: 626252E: 6262542023-04-14 22:11:53626254E:  E: .:  E/samgraph/3rdparty/collcachelib/coll_cache_lib/facade.cc E626275E/samgraph/3rdparty/collcachelib/coll_cache_lib/facade.cc :/samgraph/3rdparty/collcachelib/coll_cache_lib/facade.cc :  :/samgraph/3rdparty/collcachelib/coll_cache_lib/facade.cc409:/samgraph/3rdparty/collcachelib/coll_cache_lib/facade.ccE/samgraph/3rdparty/collcachelib/coll_cache_lib/facade.cc409:] 409: :] 409before scale, dtype is 0, dim is 256] 409/samgraph/3rdparty/collcachelib/coll_cache_lib/facade.cc409before scale, dtype is 0, dim is 256] 
before scale, dtype is 0, dim is 256] :] 
before scale, dtype is 0, dim is 256
before scale, dtype is 0, dim is 256[409[before scale, dtype is 0, dim is 256

2023-04-14 22:11:53[] 2023-04-14 22:11:53
[.2023-04-14 22:11:53[before scale, dtype is 0, dim is 256.2023-04-14 22:11:53[626372.2023-04-14 22:11:53
626380.2023-04-14 22:11:53: 626378.: 626389[.E: 626390E: 2023-04-14 22:11:53626399 E:  E.: /samgraph/3rdparty/collcachelib/coll_cache_lib/facade.cc E/samgraph/3rdparty/collcachelib/coll_cache_lib/facade.cc 626417E:/samgraph/3rdparty/collcachelib/coll_cache_lib/facade.cc :/samgraph/3rdparty/collcachelib/coll_cache_lib/facade.cc:  415:/samgraph/3rdparty/collcachelib/coll_cache_lib/facade.cc415:E/samgraph/3rdparty/collcachelib/coll_cache_lib/facade.cc] 415:] 415 :after scale, dtype is 7, new dim is 64] 415after scale, dtype is 7, new dim is 64] /samgraph/3rdparty/collcachelib/coll_cache_lib/facade.cc415
after scale, dtype is 7, new dim is 64] 
after scale, dtype is 7, new dim is 64:] 
after scale, dtype is 7, new dim is 64
415after scale, dtype is 7, new dim is 64
] 
after scale, dtype is 7, new dim is 64
[2023-04-14 22:11:53.628098: E /samgraph/3rdparty/collcachelib/coll_cache_lib/coll_cache/asymm_link_desc.cc:207] assigning 10 to cpu
[2023-04-14 22:11:53.628138: E /samgraph/3rdparty/collcachelib/coll_cache_lib/coll_cache/asymm_link_desc.cc:224] build symm link desc with 8X NVIDIA A100-SXM4-80GB out of 8
[2023-04-14 22:11:53.628164: E /samgraph/3rdparty/collcachelib/coll_cache_lib/coll_cache/asymm_link_desc.cc:225] remote time is 24.3333
[2023-04-14 22:11:53.628174: E /samgraph/3rdparty/collcachelib/coll_cache_lib/coll_cache/asymm_link_desc.cc:226] cpu time is 91.25
[2023-04-14 22:11:53.628205: E /samgraph/3rdparty/collcachelib/coll_cache_lib/facade.cc:425] registering cpu data with 16.00 GB
[2023-04-14 22:11:53.628238: E /samgraph/3rdparty/collcachelib/coll_cache_lib/coll_cache/asymm_link_desc.cc:207] assigning 10 to cpu
[2023-04-14 22:11:53.628273: E /samgraph/3rdparty/collcachelib/coll_cache_lib/coll_cache/asymm_link_desc.cc:224] build symm link desc with 8X NVIDIA A100-SXM4-80GB out of 8
[2023-04-14 22:11:53.628290: E /samgraph/3rdparty/collcachelib/coll_cache_lib/coll_cache/asymm_link_desc.cc:225] remote time is 24.3333
[2023-04-14 22:11:53.628300: E /samgraph/3rdparty/collcachelib/coll_cache_lib/coll_cache/asymm_link_desc.cc:226] cpu time is 91.25
[2023-04-14 22:11:53.628328: E /samgraph/3rdparty/collcachelib/coll_cache_lib/facade.cc:425] registering cpu data with 16.00 GB
[2023-04-14 22:11:53.628581: E /samgraph/3rdparty/collcachelib/coll_cache_lib/coll_cache/asymm_link_desc.cc:207] assigning 10 to cpu
[2023-04-14 22:11:53.628614: E /samgraph/3rdparty/collcachelib/coll_cache_lib/coll_cache/asymm_link_desc.cc:224] build symm link desc with 8X NVIDIA A100-SXM4-80GB out of 8
[2023-04-14 22:11:53.628630: E /samgraph/3rdparty/collcachelib/coll_cache_lib/coll_cache/asymm_link_desc.cc:225] remote time is 24.3333
[2023-04-14 22:11:53.628640: E [/samgraph/3rdparty/collcachelib/coll_cache_lib/coll_cache/asymm_link_desc.cc2023-04-14 22:11:53:.226628642] : cpu time is 91.25E
 /samgraph/3rdparty/collcachelib/coll_cache_lib/coll_cache/asymm_link_desc.cc:207] assigning 10 to cpu
[2023-04-14 22:11:53.628682: E /samgraph/3rdparty/collcachelib/coll_cache_lib/facade.cc:425] registering cpu data with 16.00 GB
[2023-04-14 22:11:53.628693: E /samgraph/3rdparty/collcachelib/coll_cache_lib/coll_cache/asymm_link_desc.cc:224] build symm link desc with 8X NVIDIA A100-SXM4-80GB out of 8
[2023-04-14 22:11:53.628717: E /samgraph/3rdparty/collcachelib/coll_cache_lib/coll_cache/asymm_link_desc.cc:225] remote time is 24.3333
[2023-04-14 22:11:53.628728: E /samgraph/3rdparty/collcachelib/coll_cache_lib/coll_cache/asymm_link_desc.cc:226] cpu time is 91.25
[2023-04-14 22:11:53.628770: E /samgraph/3rdparty/collcachelib/coll_cache_lib/facade.cc:425] registering cpu data with 16.00 GB
[2023-04-14 22:11:53.629134: E /samgraph/3rdparty/collcachelib/coll_cache_lib/coll_cache/asymm_link_desc.cc:207] assigning 10 to cpu
[2023-04-14 22:11:53.629170: E /samgraph/3rdparty/collcachelib/coll_cache_lib/coll_cache/asymm_link_desc.cc:224] build symm link desc with 8X NVIDIA A100-SXM4-80GB out of 8
[2023-04-14 22:11:53.629187: E /samgraph/3rdparty/collcachelib/coll_cache_lib/coll_cache/asymm_link_desc.cc:225] remote time is 24.3333
[2023-04-14 22:11:53.629198: E /samgraph/3rdparty/collcachelib/coll_cache_lib/coll_cache/asymm_link_desc.cc:226] cpu time is 91.25
[2023-04-14 22:11:53.629216: E /samgraph/3rdparty/collcachelib/coll_cache_lib/coll_cache/asymm_link_desc.cc:207] assigning 10 to cpu
[2023-04-14 22:11:53.629225: E /samgraph/3rdparty/collcachelib/coll_cache_lib/facade.cc:425] registering cpu data with 16.00 GB
[2023-04-14 22:11:53.629250: E /samgraph/3rdparty/collcachelib/coll_cache_lib/coll_cache/asymm_link_desc.cc:224] build symm link desc with 8X NVIDIA A100-SXM4-80GB out of 8
[2023-04-14 22:11:53.629267: E /samgraph/3rdparty/collcachelib/coll_cache_lib/coll_cache/asymm_link_desc.cc:225] remote time is 24.3333
[2023-04-14 22:11:53.629278: E /samgraph/3rdparty/collcachelib/coll_cache_lib/coll_cache/asymm_link_desc.cc:226] cpu time is 91.25
[2023-04-14 22:11:53.629305: E /samgraph/3rdparty/collcachelib/coll_cache_lib/facade.cc:425] registering cpu data with 16.00 GB
[2023-04-14 22:11:53.629433: E /samgraph/3rdparty/collcachelib/coll_cache_lib/coll_cache/asymm_link_desc.cc:207] assigning 10 to cpu
[2023-04-14 22:11:53.629497: E /samgraph/3rdparty/collcachelib/coll_cache_lib/coll_cache/asymm_link_desc.cc:224] build symm link desc with 8X NVIDIA A100-SXM4-80GB out of 8
[2023-04-14 22:11:53.629514: E /samgraph/3rdparty/collcachelib/coll_cache_lib/coll_cache/asymm_link_desc.cc:225] remote time is 24.3333
[2023-04-14 22:11:53.629524: E /samgraph/3rdparty/collcachelib/coll_cache_lib/coll_cache/asymm_link_desc.cc:226] cpu time is 91.25
[2023-04-14 22:11:53.629553: E /samgraph/3rdparty/collcachelib/coll_cache_lib/facade.cc:425] registering cpu data with 16.00 GB
[2023-04-14 22:11:56.525658: E /samgraph/3rdparty/collcachelib/coll_cache_lib/facade.cc:427] registering cpu data done.
[[2023-04-14 22:11:56.2023-04-14 22:11:56.525960525984: : EE  /samgraph/3rdparty/collcachelib/coll_cache_lib/facade.cc/samgraph/3rdparty/collcachelib/coll_cache_lib/facade.cc::427427] ] registering cpu data done.registering cpu data done.

[2023-04-14 22:11:56.526204: E /samgraph/3rdparty/collcachelib/coll_cache_lib/facade.cc:427] registering cpu data done.
[2023-04-14 22:11:56.529357: E /samgraph/3rdparty/collcachelib/coll_cache_lib/facade.cc:427] registering cpu data done.
[2023-04-14 22:11:56.535544: E /samgraph/3rdparty/collcachelib/coll_cache_lib/facade.cc:427] registering cpu data done.
[2023-04-14 22:11:56.538009: E /samgraph/3rdparty/collcachelib/coll_cache_lib/facade.cc:427] registering cpu data done.
[2023-04-14 22:12:01.525083: E /samgraph/3rdparty/collcachelib/coll_cache_lib/freq_recorder.cc:269] freq recorder global combine from 343562915 to 62141243
[2023-04-14 22:12:02.535963: E /samgraph/3rdparty/collcachelib/coll_cache_lib/freq_recorder.cc:286] top 5 freq is 1941,1921,1913,1905,1895
[2023-04-14 22:12:02.536082: E /samgraph/3rdparty/collcachelib/coll_cache_lib/run_config.cc:141] using concurrent impl MPSPhase
[2023-04-14 22:12:02.536097: E /samgraph/3rdparty/collcachelib/coll_cache_lib/facade.cc:409] before scale, dtype is 0, dim is 256
[2023-04-14 22:12:02.536109: E /samgraph/3rdparty/collcachelib/coll_cache_lib/facade.cc:415] after scale, dtype is 7, new dim is 64
[2023-04-14 22:12:02.537241: E /samgraph/3rdparty/collcachelib/coll_cache_lib/coll_cache/asymm_link_desc.cc:207] assigning 10 to cpu
[2023-04-14 22:12:02.537292: E /samgraph/3rdparty/collcachelib/coll_cache_lib/coll_cache/asymm_link_desc.cc:224] build symm link desc with 8X NVIDIA A100-SXM4-80GB out of 8
[2023-04-14 22:12:02.537325: E /samgraph/3rdparty/collcachelib/coll_cache_lib/coll_cache/asymm_link_desc.cc:225] remote time is 24.3333
[2023-04-14 22:12:02.537335: E /samgraph/3rdparty/collcachelib/coll_cache_lib/coll_cache/asymm_link_desc.cc:226] cpu time is 91.25
[2023-04-14 22:12:02.537369: E /samgraph/3rdparty/collcachelib/coll_cache_lib/facade.cc:425] registering cpu data with 16.00 GB
[2023-04-14 22:12:03.310257: E /samgraph/3rdparty/collcachelib/coll_cache_lib/facade.cc:427] registering cpu data done.
[2023-04-14 22:12:03.310315: E /samgraph/3rdparty/collcachelib/coll_cache_lib/facade.cc:174] creating solver
[2023-04-14 22:12:03.310325: E /samgraph/3rdparty/collcachelib/coll_cache_lib/facade.cc:214] solver created. now build & solve
[2023-04-14 22:12:03.523954: E /samgraph/3rdparty/collcachelib/coll_cache_lib/facade.cc:218] solver built. now solve
[2023-04-14 22:12:03.524027: E /samgraph/3rdparty/collcachelib/coll_cache_lib/coll_cache/optimal_solver_class.cc:1474] num_cached_nodes = 5248669
[2023-04-14 22:12:03.627697: E /samgraph/3rdparty/collcachelib/coll_cache_lib/facade.cc:222] solver solved
[2023-04-14 22:12:03.629069: E /samgraph/3rdparty/collcachelib/coll_cache_lib/facade.cc:437] 0 solved master
[2023-04-14 22:12:03.629096: E /samgraph/3rdparty/collcachelib/coll_cache_lib/facade.cc:444] 0 solved
[2023-04-14 22:12:03.629110: E /samgraph/3rdparty/collcachelib/coll_cache_lib/facade.cc:447] worker 0 thread 0 initing device 0
[2023-04-14 22:12:03.629821: E /samgraph/3rdparty/collcachelib/coll_cache_lib/cache_context.cu:2320] Building Coll Cache with ... num gpu device is 8
[2023-04-14 22:12:03.629899: E /samgraph/3rdparty/collcachelib/coll_cache_lib/cuda/cache_hashtable.cuh:611] per src size local is 5773635
[[2023-04-14 22:12:03.638970: 2023-04-14 22:12:03E. 638970/samgraph/3rdparty/collcachelib/coll_cache_lib/facade.cc: :E444 ] /samgraph/3rdparty/collcachelib/coll_cache_lib/facade.cc:4443 solved] 
2 solved
[2023-04-14 22:12:03[.2023-04-14 22:12:03639035.: 639036E:  E/samgraph/3rdparty/collcachelib/coll_cache_lib/facade.cc :/samgraph/3rdparty/collcachelib/coll_cache_lib/facade.cc447:] 447] worker 0 thread 3 initing device 3
worker 0 thread 2 initing device 2
[2023-04-14 22:12:03.639958: E /samgraph/3rdparty/collcachelib/coll_cache_lib/facade.cc:444] 1 solved
[2023-04-14 22:12:03.639996: E /samgraph/3rdparty/collcachelib/coll_cache_lib/facade.cc:447] worker 0 thread 1 initing device 1
[2023-04-14 22:12:03.640394: E /samgraph/3rdparty/collcachelib/coll_cache_lib/cache_context.cu:2320] Building Coll Cache with ... num gpu device is 8
[2023-04-14 22:12:03.651554: E /samgraph/3rdparty/collcachelib/coll_cache_lib/facade.cc:444] 7 solved
[2023-04-14 22:12:03.651608: E /samgraph/3rdparty/collcachelib/coll_cache_lib/facade.cc:447] worker 0 thread 7 initing device 7
[2023-04-14 22:12:03.651889: E /samgraph/3rdparty/collcachelib/coll_cache_lib/cache_context.cu:2320] Building Coll Cache with ... num gpu device is 8
[2023-04-14 22:12:03.654882: E /samgraph/3rdparty/collcachelib/coll_cache_lib/cache_context.cu:2320] Building Coll Cache with ... num gpu device is 8
[2023-04-14 22:12:03.655096: E /samgraph/3rdparty/collcachelib/coll_cache_lib/cache_context.cu:2320] Building Coll Cache with ... num gpu device is 8
[2023-04-14 22:12:03.656155: E /samgraph/3rdparty/collcachelib/coll_cache_lib/common.cc:261] making a tensor with 0 num item
[2023-04-14 22:12:03.656195: E /samgraph/3rdparty/collcachelib/coll_cache_lib/cache_context.cu:2362] num cpu nodes is 60359697
[2023-04-14 22:12:03.657832: E /samgraph/3rdparty/collcachelib/coll_cache_lib/facade.cc:444] 4 solved
[2023-04-14 22:12:03.657869: E /samgraph/3rdparty/collcachelib/coll_cache_lib/facade.cc:447] worker 0 thread 4 initing device 4
[2023-04-14 22:12:03.658207: E /samgraph/3rdparty/collcachelib/coll_cache_lib/cache_context.cu:2320] Building Coll Cache with ... num gpu device is 8
[2023-04-14 22:12:03.664166: E /samgraph/3rdparty/collcachelib/coll_cache_lib/facade.cc:444] 6 solved
[2023-04-14 22:12:03.664250: E /samgraph/3rdparty/collcachelib/coll_cache_lib/facade.cc:447] worker 0 thread 6 initing device 6
[2023-04-14 22:12:03.664232: E /samgraph/3rdparty/collcachelib/coll_cache_lib/facade.cc:444] 5 solved
[2023-04-14 22:12:03.664308: E /samgraph/3rdparty/collcachelib/coll_cache_lib/facade.cc:447] worker 0 thread 5 initing device 5
[2023-04-14 22:12:03.664756: E /samgraph/3rdparty/collcachelib/coll_cache_lib/cache_context.cu:2320] Building Coll Cache with ... num gpu device is 8
[2023-04-14 22:12:03.665104: E /samgraph/3rdparty/collcachelib/coll_cache_lib/cache_context.cu:2320] Building Coll Cache with ... num gpu device is 8
[2023-04-14 22:12:03.665340: E /samgraph/3rdparty/collcachelib/coll_cache_lib/common.cc:261] making a tensor with 0 num item
[2023-04-14 22:12:03.665374: E /samgraph/3rdparty/collcachelib/coll_cache_lib/cache_context.cu:2362] num cpu nodes is 60359697
[2023-04-14 22:12:03.682289: E /samgraph/3rdparty/collcachelib/coll_cache_lib/common.cc:261] making a tensor with 0 num item
[2023-04-14 22:12:03.682351: E /samgraph/3rdparty/collcachelib/coll_cache_lib/cache_context.cu:2362] num cpu nodes is 60359697
[2023-04-14 22:12:03.683259: E /samgraph/3rdparty/collcachelib/coll_cache_lib/common.cc:261] making a tensor with 0 num item
[2023-04-14 22:12:03.683309: E /samgraph/3rdparty/collcachelib/coll_cache_lib/cache_context.cu:2362] num cpu nodes is 60359697
[2023-04-14 22:12:03.683475: E /samgraph/3rdparty/collcachelib/coll_cache_lib/common.cc:261] making a tensor with 0 num item
[2023-04-14 22:12:03.683513: E /samgraph/3rdparty/collcachelib/coll_cache_lib/cache_context.cu:2362] num cpu nodes is 60359697
[2023-04-14 22:12:03.685860: E /samgraph/3rdparty/collcachelib/coll_cache_lib/common.cc:261] making a tensor with 0 num item
[2023-04-14 22:12:03.685900: E /samgraph/3rdparty/collcachelib/coll_cache_lib/cache_context.cu:2362] num cpu nodes is 60359697
[2023-04-14 22:12:03.695138: E /samgraph/3rdparty/collcachelib/coll_cache_lib/common.cc:261] making a tensor with 0 num item
[2023-04-14 22:12:03.695178: E /samgraph/3rdparty/collcachelib/coll_cache_lib/cache_context.cu:2362] num cpu nodes is 60359697
[2023-04-14 22:12:03.697841: E /samgraph/3rdparty/collcachelib/coll_cache_lib/common.cc:261] making a tensor with 0 num item
[2023-04-14 22:12:03.697891: E /samgraph/3rdparty/collcachelib/coll_cache_lib/cache_context.cu:2362] num cpu nodes is 60359697
[2023-04-14 22:12:04. 78713: E /samgraph/3rdparty/collcachelib/coll_cache_lib/cuda/cache_hashtable.cu:355] create a hashtable with 5248669 possible elem, scale to 16777216
[2023-04-14 22:12:04. 78769: E /samgraph/3rdparty/collcachelib/coll_cache_lib/cuda/cache_hashtable.cu:360] SimpleHashTable allocating 128.00 MB
[2023-04-14 22:12:04. 86845: E /samgraph/3rdparty/collcachelib/coll_cache_lib/cuda/cache_hashtable.cu:355] create a hashtable with 5248669 possible elem, scale to 16777216
[2023-04-14 22:12:04. 86894: E /samgraph/3rdparty/collcachelib/coll_cache_lib/cuda/cache_hashtable.cu:360] SimpleHashTable allocating 128.00 MB
[2023-04-14 22:12:04.135548: E /samgraph/3rdparty/collcachelib/coll_cache_lib/cuda/cache_hashtable.cu:355] create a hashtable with 5248669 possible elem, scale to 16777216
[2023-04-14 22:12:04.135587: E /samgraph/3rdparty/collcachelib/coll_cache_lib/cuda/cache_hashtable.cu:360] SimpleHashTable allocating 128.00 MB
[2023-04-14 22:12:04.135795: E /samgraph/3rdparty/collcachelib/coll_cache_lib/cuda/cache_hashtable.cu:355] create a hashtable with 5248669 possible elem, scale to 16777216
[2023-04-14 22:12:04.135836: E /samgraph/3rdparty/collcachelib/coll_cache_lib/cuda/cache_hashtable.cu:360] SimpleHashTable allocating 128.00 MB
[2023-04-14 22:12:04.136177: E /samgraph/3rdparty/collcachelib/coll_cache_lib/cuda/cache_hashtable.cu:355] create a hashtable with 5248669 possible elem, scale to 16777216
[2023-04-14 22:12:04.136208: E /samgraph/3rdparty/collcachelib/coll_cache_lib/cuda/cache_hashtable.cu:360] SimpleHashTable allocating 128.00 MB
[2023-04-14 22:12:04.136231: E /samgraph/3rdparty/collcachelib/coll_cache_lib/cuda/cache_hashtable.cu:355] create a hashtable with 5248669 possible elem, scale to 16777216
[2023-04-14 22:12:04.136259: E /samgraph/3rdparty/collcachelib/coll_cache_lib/cuda/cache_hashtable.cu:360] SimpleHashTable allocating 128.00 MB
[2023-04-14 22:12:04.136448: E /samgraph/3rdparty/collcachelib/coll_cache_lib/cuda/cache_hashtable.cu:355] create a hashtable with 5248669 possible elem, scale to 16777216
[2023-04-14 22:12:04.136478: E /samgraph/3rdparty/collcachelib/coll_cache_lib/cuda/cache_hashtable.cu:360] SimpleHashTable allocating 128.00 MB
[2023-04-14 22:12:04.136628: E /samgraph/3rdparty/collcachelib/coll_cache_lib/cuda/cache_hashtable.cu:355] create a hashtable with 5248669 possible elem, scale to 16777216
[2023-04-14 22:12:04.136661: E /samgraph/3rdparty/collcachelib/coll_cache_lib/cuda/cache_hashtable.cu:360] SimpleHashTable allocating 128.00 MB
[2023-04-14 22:12:04.160374: E /samgraph/3rdparty/collcachelib/coll_cache_lib/common.cc:107] too many mem allocated for forcescale?5314277->65608
[2023-04-14 22:12:04.160567: E /samgraph/3rdparty/collcachelib/coll_cache_lib/common.cc:107] too many mem allocated for forcescale?5314277->65608
[2023-04-14 22:12:04.160726: E /samgraph/3rdparty/collcachelib/coll_cache_lib/common.cc:107] too many mem allocated for forcescale?5314277->65608
[2023-04-14 22:12:04.160893: E /samgraph/3rdparty/collcachelib/coll_cache_lib/common.cc:107] too many mem allocated for forcescale?5314277->65608
[2023-04-14 22:12:04.161062: E /samgraph/3rdparty/collcachelib/coll_cache_lib/common.cc:107] too many mem allocated for forcescale?5314277->65608
[2023-04-14 22:12:04.161232: E /samgraph/3rdparty/collcachelib/coll_cache_lib/common.cc:107] too many mem allocated for forcescale?5314277->65608
[2023-04-14 22:12:04.161459: E /samgraph/3rdparty/collcachelib/coll_cache_lib/common.cc:107] too many mem allocated for forcescale?5314277->65608
[2023-04-14 22:12:04.161663: E /samgraph/3rdparty/collcachelib/coll_cache_lib/common.cc:107] too many mem allocated for forcescale?5314277->65608
[2023-04-14 22:12:04.181134: E /samgraph/3rdparty/collcachelib/coll_cache_lib/cache_context.cu:2439] Asymm Coll cache (policy: rep_cache) | local 5248669 / 65608366 nodes ( 8.00 %~8.00 %) | remote 0 / 65608366 nodes ( 0.00 %) | cpu 60359697 / 65608366 nodes ( 92.00 %) | 5.07 GB | 0.529228 secs 
[2023-04-14 22:12:04.196423: E /samgraph/3rdparty/collcachelib/coll_cache_lib/cache_context.cu:2439] Asymm Coll cache (policy: rep_cache) | local 5248669 / 65608366 nodes ( 8.00 %~8.00 %) | remote 0 / 65608366 nodes ( 0.00 %) | cpu 60359697 / 65608366 nodes ( 92.00 %) | 5.07 GB | 0.538202 secs 
[2023-04-14 22:12:04.196938: E /samgraph/3rdparty/collcachelib/coll_cache_lib/cache_context.cu:2439] Asymm Coll cache (policy: rep_cache) | local 5248669 / 65608366 nodes ( 8.00 %~8.00 %) | remote 0 / 65608366 nodes ( 0.00 %) | cpu 60359697 / 65608366 nodes ( 92.00 %) | 5.07 GB | 0.532159 secs 
[2023-04-14 22:12:04.197518: E /samgraph/3rdparty/collcachelib/coll_cache_lib/cache_context.cu:2439] Asymm Coll cache (policy: rep_cache) | local 5248669 / 65608366 nodes ( 8.00 %~8.00 %) | remote 0 / 65608366 nodes ( 0.00 %) | cpu 60359697 / 65608366 nodes ( 92.00 %) | 5.07 GB | 0.542594 secs 
[2023-04-14 22:12:04.201548: E /samgraph/3rdparty/collcachelib/coll_cache_lib/cache_context.cu:2439] Asymm Coll cache (policy: rep_cache) | local 5248669 / 65608366 nodes ( 8.00 %~8.00 %) | remote 0 / 65608366 nodes ( 0.00 %) | cpu 60359697 / 65608366 nodes ( 92.00 %) | 5.07 GB | 0.536415 secs 
[2023-04-14 22:12:04.202082: E /samgraph/3rdparty/collcachelib/coll_cache_lib/cache_context.cu:2439] Asymm Coll cache (policy: rep_cache) | local 5248669 / 65608366 nodes ( 8.00 %~8.00 %) | remote 0 / 65608366 nodes ( 0.00 %) | cpu 60359697 / 65608366 nodes ( 92.00 %) | 5.07 GB | 0.572242 secs 
[2023-04-14 22:12:04.206487: E /samgraph/3rdparty/collcachelib/coll_cache_lib/cache_context.cu:2439] Asymm Coll cache (policy: rep_cache) | local 5248669 / 65608366 nodes ( 8.00 %~8.00 %) | remote 0 / 65608366 nodes ( 0.00 %) | cpu 60359697 / 65608366 nodes ( 92.00 %) | 5.07 GB | 0.551353 secs 
[2023-04-14 22:12:04.209041: W /samgraph/3rdparty/collcachelib/coll_cache_lib/cache_context.cu:3958] before create ctx, mem is 11.76 GB
[2023-04-14 22:12:04.210039: W /samgraph/3rdparty/collcachelib/coll_cache_lib/cache_context.cu:3958] before create ctx, mem is 11.76 GB
[2023-04-14 22:12:04.211119: W /samgraph/3rdparty/collcachelib/coll_cache_lib/cache_context.cu:3958] before create ctx, mem is 11.76 GB
[2023-04-14 22:12:04.211517: W /samgraph/3rdparty/collcachelib/coll_cache_lib/cache_context.cu:3958] before create ctx, mem is 11.76 GB
[2023-04-14 22:12:04.212688: W /samgraph/3rdparty/collcachelib/coll_cache_lib/cache_context.cu:3958] before create ctx, mem is 11.76 GB
[2023-04-14 22:12:04.215111: E /samgraph/3rdparty/collcachelib/coll_cache_lib/cache_context.cu:2439] Asymm Coll cache (policy: rep_cache) | local 5248669 / 65608366 nodes ( 8.00 %~8.00 %) | remote 0 / 65608366 nodes ( 0.00 %) | cpu 60359697 / 65608366 nodes ( 92.00 %) | 5.07 GB | 0.574702 secs 
[2023-04-14 22:12:04.215884: W /samgraph/3rdparty/collcachelib/coll_cache_lib/cache_context.cu:3958] before create ctx, mem is 11.76 GB
[2023-04-14 22:12:04.216334: W /samgraph/3rdparty/collcachelib/coll_cache_lib/cache_context.cu:3958] before create ctx, mem is 11.76 GB
[2023-04-14 22:12:04.217568: W /samgraph/3rdparty/collcachelib/coll_cache_lib/cache_context.cu:3958] before create ctx, mem is 11.76 GB
[2023-04-14 22:12:17.198997: W /samgraph/3rdparty/collcachelib/coll_cache_lib/cache_context.cu:3958] after create ctx, mem is 14.36 GB
[2023-04-14 22:12:17.199291: W /samgraph/3rdparty/collcachelib/coll_cache_lib/cache_context.cu:3958] after create stream, mem is 14.36 GB
[2023-04-14 22:12:17.443375: W /samgraph/3rdparty/collcachelib/coll_cache_lib/cache_context.cu:3958] after create ctx, mem is 14.46 GB
[2023-04-14 22:12:17.443710: W /samgraph/3rdparty/collcachelib/coll_cache_lib/cache_context.cu:3958] after create stream, mem is 14.46 GB
[2023-04-14 22:12:17.531400: W /samgraph/3rdparty/collcachelib/coll_cache_lib/cache_context.cu:3958] after create ctx, mem is 14.49 GB
[2023-04-14 22:12:17.531635: W /samgraph/3rdparty/collcachelib/coll_cache_lib/cache_context.cu:3958] after create stream, mem is 14.49 GB
[2023-04-14 22:12:17.554240: W /samgraph/3rdparty/collcachelib/coll_cache_lib/cache_context.cu:3958] after create ctx, mem is 14.50 GB
[2023-04-14 22:12:17.554340: W /samgraph/3rdparty/collcachelib/coll_cache_lib/cache_context.cu:3958] after create stream, mem is 14.50 GB
[2023-04-14 22:12:17.954555: W /samgraph/3rdparty/collcachelib/coll_cache_lib/cache_context.cu:3958] after create ctx, mem is 14.68 GB
[2023-04-14 22:12:17.954673: W /samgraph/3rdparty/collcachelib/coll_cache_lib/cache_context.cu:3958] after create stream, mem is 14.68 GB
[2023-04-14 22:12:18.120189: W /samgraph/3rdparty/collcachelib/coll_cache_lib/cache_context.cu:3958] after create ctx, mem is 14.75 GB
[2023-04-14 22:12:18.120281: W /samgraph/3rdparty/collcachelib/coll_cache_lib/cache_context.cu:3958] after create stream, mem is 14.75 GB
[2023-04-14 22:12:18.232659: W /samgraph/3rdparty/collcachelib/coll_cache_lib/cache_context.cu:3958] after create ctx, mem is 14.82 GB
[2023-04-14 22:12:18.232849: W /samgraph/3rdparty/collcachelib/coll_cache_lib/cache_context.cu:3958] after create stream, mem is 14.82 GB
[2023-04-14 22:12:18.260961: W /samgraph/3rdparty/collcachelib/coll_cache_lib/cache_context.cu:3958] after create ctx, mem is 14.83 GB
[2023-04-14 22:12:18.261049: W /samgraph/3rdparty/collcachelib/coll_cache_lib/cache_context.cu:3958] after create stream, mem is 14.83 GB
/usr/local/lib/python3.8/dist-packages/torch/nn/parallel/scatter_gather.py:9: UserWarning: is_namedtuple is deprecated, please use the python checks instead
  warnings.warn("is_namedtuple is deprecated, please use the python checks instead")
/usr/local/lib/python3.8/dist-packages/torch/nn/parallel/scatter_gather.py:9: UserWarning: is_namedtuple is deprecated, please use the python checks instead
  warnings.warn("is_namedtuple is deprecated, please use the python checks instead")
/usr/local/lib/python3.8/dist-packages/torch/nn/parallel/scatter_gather.py:9: UserWarning: is_namedtuple is deprecated, please use the python checks instead
  warnings.warn("is_namedtuple is deprecated, please use the python checks instead")
/usr/local/lib/python3.8/dist-packages/torch/nn/parallel/scatter_gather.py:9: UserWarning: is_namedtuple is deprecated, please use the python checks instead
  warnings.warn("is_namedtuple is deprecated, please use the python checks instead")
/usr/local/lib/python3.8/dist-packages/torch/nn/parallel/scatter_gather.py:9: UserWarning: is_namedtuple is deprecated, please use the python checks instead
  warnings.warn("is_namedtuple is deprecated, please use the python checks instead")
/usr/local/lib/python3.8/dist-packages/torch/nn/parallel/scatter_gather.py:9: UserWarning: is_namedtuple is deprecated, please use the python checks instead
  warnings.warn("is_namedtuple is deprecated, please use the python checks instead")
/usr/local/lib/python3.8/dist-packages/torch/nn/parallel/scatter_gather.py:9: UserWarning: is_namedtuple is deprecated, please use the python checks instead
  warnings.warn("is_namedtuple is deprecated, please use the python checks instead")
/usr/local/lib/python3.8/dist-packages/torch/nn/parallel/scatter_gather.py:9: UserWarning: is_namedtuple is deprecated, please use the python checks instead
  warnings.warn("is_namedtuple is deprecated, please use the python checks instead")
