/usr/lib/python3/dist-packages/requests/__init__.py:89: RequestsDependencyWarning: urllib3 (1.26.12) or chardet (3.0.4) doesn't match a supported version!
  warnings.warn("urllib3 ({}) or chardet ({}) doesn't match a supported "
Rank=3 done reading 13882495 embedding vectors from file /nvme/songxiaoniu/graph-learning/wholegraph/ogbn_papers100M/converted/homograph_csr_row_ptr
Rank=2 done reading 13882495 embedding vectors from file /nvme/songxiaoniu/graph-learning/wholegraph/ogbn_papers100M/converted/homograph_csr_row_ptr
Rank=6 done reading 13882495 embedding vectors from file /nvme/songxiaoniu/graph-learning/wholegraph/ogbn_papers100M/converted/homograph_csr_row_ptr
Rank=7 done reading 13882492 embedding vectors from file /nvme/songxiaoniu/graph-learning/wholegraph/ogbn_papers100M/converted/homograph_csr_row_ptr
Rank=1 done reading 13882495 embedding vectors from file /nvme/songxiaoniu/graph-learning/wholegraph/ogbn_papers100M/converted/homograph_csr_row_ptr
Rank=5 done reading 13882495 embedding vectors from file /nvme/songxiaoniu/graph-learning/wholegraph/ogbn_papers100M/converted/homograph_csr_row_ptr
Rank=0 done reading 13882495 embedding vectors from file /nvme/songxiaoniu/graph-learning/wholegraph/ogbn_papers100M/converted/homograph_csr_row_ptr
Rank=4 done reading 13882495 embedding vectors from file /nvme/songxiaoniu/graph-learning/wholegraph/ogbn_papers100M/converted/homograph_csr_row_ptr
Rank=1 done reading 403921468 embedding vectors from file /nvme/songxiaoniu/graph-learning/wholegraph/ogbn_papers100M/converted/homograph_csr_col_idx
Rank=5 done reading 403921468 embedding vectors from file /nvme/songxiaoniu/graph-learning/wholegraph/ogbn_papers100M/converted/homograph_csr_col_idx
Rank=0 done reading 403921468 embedding vectors from file /nvme/songxiaoniu/graph-learning/wholegraph/ogbn_papers100M/converted/homograph_csr_col_idx
Rank=4 done reading 403921468 embedding vectors from file /nvme/songxiaoniu/graph-learning/wholegraph/ogbn_papers100M/converted/homograph_csr_col_idx
Rank=7 done reading 403921468 embedding vectors from file /nvme/songxiaoniu/graph-learning/wholegraph/ogbn_papers100M/converted/homograph_csr_col_idx
Rank=6 done reading 403921468 embedding vectors from file /nvme/songxiaoniu/graph-learning/wholegraph/ogbn_papers100M/converted/homograph_csr_col_idx
Rank=2 done reading 403921468 embedding vectors from file /nvme/songxiaoniu/graph-learning/wholegraph/ogbn_papers100M/converted/homograph_csr_col_idx
Rank=3 done reading 403921468 embedding vectors from file /nvme/songxiaoniu/graph-learning/wholegraph/ogbn_papers100M/converted/homograph_csr_col_idx
[2023-04-11 21:45:13.149582: E /samgraph/3rdparty/collcachelib/coll_cache_lib/freq_recorder.cc:337] bulk append 6386894 into 0
[2023-04-11 21:45:13.174076: E /samgraph/3rdparty/collcachelib/coll_cache_lib/freq_recorder.cc:347] bulk append 28150377
[2023-04-11 21:45:13.174822: E /samgraph/3rdparty/collcachelib/coll_cache_lib/freq_recorder.cc:337] bulk append 6392712 into 6386894
[2023-04-11 21:45:13.199256: E /samgraph/3rdparty/collcachelib/coll_cache_lib/freq_recorder.cc:347] bulk append 28186253
[2023-04-11 21:45:13.199995: E /samgraph/3rdparty/collcachelib/coll_cache_lib/freq_recorder.cc:337] bulk append 6386936 into 12779606
[2023-04-11 21:45:13.224411: E /samgraph/3rdparty/collcachelib/coll_cache_lib/freq_recorder.cc:347] bulk append 28150870
[2023-04-11 21:45:13.225135: E /samgraph/3rdparty/collcachelib/coll_cache_lib/freq_recorder.cc:337] bulk append 6391152 into 19166542
[2023-04-11 21:45:13.249504: E /samgraph/3rdparty/collcachelib/coll_cache_lib/freq_recorder.cc:347] bulk append 28183014
[2023-04-11 21:45:13.250167: E /samgraph/3rdparty/collcachelib/coll_cache_lib/freq_recorder.cc:337] bulk append 6386493 into 25557694
[2023-04-11 21:45:13.274512: E /samgraph/3rdparty/collcachelib/coll_cache_lib/freq_recorder.cc:347] bulk append 28153109
[2023-04-11 21:45:13.275208: E /samgraph/3rdparty/collcachelib/coll_cache_lib/freq_recorder.cc:337] bulk append 6392820 into 31944187
[2023-04-11 21:45:13.299619: E /samgraph/3rdparty/collcachelib/coll_cache_lib/freq_recorder.cc:347] bulk append 28183415
[2023-04-11 21:45:13.300364: E /samgraph/3rdparty/collcachelib/coll_cache_lib/freq_recorder.cc:337] bulk append 6388515 into 38337007
[2023-04-11 21:45:13.324752: E /samgraph/3rdparty/collcachelib/coll_cache_lib/freq_recorder.cc:347] bulk append 28176465
[2023-04-11 21:45:13.325454: E /samgraph/3rdparty/collcachelib/coll_cache_lib/freq_recorder.cc:337] bulk append 6392949 into 44725522
[2023-04-11 21:45:13.349818: E /samgraph/3rdparty/collcachelib/coll_cache_lib/freq_recorder.cc:347] bulk append 28175081
[2023-04-11 21:45:13.350424: E /samgraph/3rdparty/collcachelib/coll_cache_lib/freq_recorder.cc:337] bulk append 6386407 into 51118471
[2023-04-11 21:45:13.374661: E /samgraph/3rdparty/collcachelib/coll_cache_lib/freq_recorder.cc:347] bulk append 28131564
[2023-04-11 21:45:13.375247: E /samgraph/3rdparty/collcachelib/coll_cache_lib/freq_recorder.cc:337] bulk append 6391260 into 57504878
[2023-04-11 21:45:13.399487: E /samgraph/3rdparty/collcachelib/coll_cache_lib/freq_recorder.cc:347] bulk append 28154675
[2023-04-11 21:45:13.645313: E /samgraph/3rdparty/collcachelib/coll_cache_lib/freq_recorder.cc:337] bulk append 6187610 into 63896138
[2023-04-11 21:45:13.668943: E /samgraph/3rdparty/collcachelib/coll_cache_lib/freq_recorder.cc:347] bulk append 29530718
[2023-04-11 21:45:13.669507: E /samgraph/3rdparty/collcachelib/coll_cache_lib/freq_recorder.cc:337] bulk append 6190920 into 70083748
[2023-04-11 21:45:13.693081: E /samgraph/3rdparty/collcachelib/coll_cache_lib/freq_recorder.cc:347] bulk append 29586996
[2023-04-11 21:45:13.693627: E /samgraph/3rdparty/collcachelib/coll_cache_lib/freq_recorder.cc:337] bulk append 6185271 into 76274668
[2023-04-11 21:45:13.717507: E /samgraph/3rdparty/collcachelib/coll_cache_lib/freq_recorder.cc:347] bulk append 29554120
[2023-04-11 21:45:13.718256: E /samgraph/3rdparty/collcachelib/coll_cache_lib/freq_recorder.cc:337] bulk append 6191849 into 82459939
[2023-04-11 21:45:13.741781: E /samgraph/3rdparty/collcachelib/coll_cache_lib/freq_recorder.cc:347] bulk append 29579323
[2023-04-11 21:45:13.742329: E /samgraph/3rdparty/collcachelib/coll_cache_lib/freq_recorder.cc:337] bulk append 6185013 into 88651788
[2023-04-11 21:45:13.765867: E /samgraph/3rdparty/collcachelib/coll_cache_lib/freq_recorder.cc:347] bulk append 29528266
[2023-04-11 21:45:13.766402: E /samgraph/3rdparty/collcachelib/coll_cache_lib/freq_recorder.cc:337] bulk append 6195856 into 94836801
[2023-04-11 21:45:13.789946: E /samgraph/3rdparty/collcachelib/coll_cache_lib/freq_recorder.cc:347] bulk append 29589815
[2023-04-11 21:45:13.790491: E /samgraph/3rdparty/collcachelib/coll_cache_lib/freq_recorder.cc:337] bulk append 6185826 into 101032657
[2023-04-11 21:45:13.813998: E /samgraph/3rdparty/collcachelib/coll_cache_lib/freq_recorder.cc:347] bulk append 29558144
[2023-04-11 21:45:13.814541: E /samgraph/3rdparty/collcachelib/coll_cache_lib/freq_recorder.cc:337] bulk append 6191180 into 107218483
[2023-04-11 21:45:13.838088: E /samgraph/3rdparty/collcachelib/coll_cache_lib/freq_recorder.cc:347] bulk append 29569648
[2023-04-11 21:45:13.838631: E /samgraph/3rdparty/collcachelib/coll_cache_lib/freq_recorder.cc:337] bulk append 6185760 into 113409663
[2023-04-11 21:45:13.862094: E /samgraph/3rdparty/collcachelib/coll_cache_lib/freq_recorder.cc:347] bulk append 29527874
[2023-04-11 21:45:13.862629: E /samgraph/3rdparty/collcachelib/coll_cache_lib/freq_recorder.cc:337] bulk append 6191765 into 119595423
[2023-04-11 21:45:13.886201: E /samgraph/3rdparty/collcachelib/coll_cache_lib/freq_recorder.cc:347] bulk append 29572169
[2023-04-11 21:45:13.886750: E /samgraph/3rdparty/collcachelib/coll_cache_lib/freq_recorder.cc:337] bulk append 6055855 into 125787188
[2023-04-11 21:45:13.909961: E /samgraph/3rdparty/collcachelib/coll_cache_lib/freq_recorder.cc:347] bulk append 29614202
[2023-04-11 21:45:13.910515: E /samgraph/3rdparty/collcachelib/coll_cache_lib/freq_recorder.cc:337] bulk append 6059921 into 131843043
[2023-04-11 21:45:13.933494: E /samgraph/3rdparty/collcachelib/coll_cache_lib/freq_recorder.cc:347] bulk append 29675419
[2023-04-11 21:45:13.934064: E /samgraph/3rdparty/collcachelib/coll_cache_lib/freq_recorder.cc:337] bulk append 6053344 into 137902964
[2023-04-11 21:45:13.957071: E /samgraph/3rdparty/collcachelib/coll_cache_lib/freq_recorder.cc:347] bulk append 29646048
[2023-04-11 21:45:13.957626: E /samgraph/3rdparty/collcachelib/coll_cache_lib/freq_recorder.cc:337] bulk append 6059936 into 143956308
[2023-04-11 21:45:13.980624: E /samgraph/3rdparty/collcachelib/coll_cache_lib/freq_recorder.cc:347] bulk append 29666970
[2023-04-11 21:45:13.981181: E /samgraph/3rdparty/collcachelib/coll_cache_lib/freq_recorder.cc:337] bulk append 6053299 into 150016244
[2023-04-11 21:45:14.  4120: E /samgraph/3rdparty/collcachelib/coll_cache_lib/freq_recorder.cc:347] bulk append 29623640
[2023-04-11 21:45:14.  4680: E /samgraph/3rdparty/collcachelib/coll_cache_lib/freq_recorder.cc:337] bulk append 6062491 into 156069543
[2023-04-11 21:45:14. 27727: E /samgraph/3rdparty/collcachelib/coll_cache_lib/freq_recorder.cc:347] bulk append 29682480
[2023-04-11 21:45:14. 28275: E /samgraph/3rdparty/collcachelib/coll_cache_lib/freq_recorder.cc:337] bulk append 6054729 into 162132034
[2023-04-11 21:45:14. 51254: E /samgraph/3rdparty/collcachelib/coll_cache_lib/freq_recorder.cc:347] bulk append 29636987
[2023-04-11 21:45:14. 51810: E /samgraph/3rdparty/collcachelib/coll_cache_lib/freq_recorder.cc:337] bulk append 6060094 into 168186763
[2023-04-11 21:45:14. 74819: E /samgraph/3rdparty/collcachelib/coll_cache_lib/freq_recorder.cc:347] bulk append 29650238
[2023-04-11 21:45:14. 75375: E /samgraph/3rdparty/collcachelib/coll_cache_lib/freq_recorder.cc:337] bulk append 6055578 into 174246857
[2023-04-11 21:45:14. 98353: E /samgraph/3rdparty/collcachelib/coll_cache_lib/freq_recorder.cc:347] bulk append 29619703
[2023-04-11 21:45:14. 98893: E /samgraph/3rdparty/collcachelib/coll_cache_lib/freq_recorder.cc:337] bulk append 6059992 into 180302435
[2023-04-11 21:45:14.121867: E /samgraph/3rdparty/collcachelib/coll_cache_lib/freq_recorder.cc:347] bulk append 29655602
[2023-04-11 21:45:14.122439: E /samgraph/3rdparty/collcachelib/coll_cache_lib/freq_recorder.cc:337] bulk append 6047698 into 186362427
[2023-04-11 21:45:14.145598: E /samgraph/3rdparty/collcachelib/coll_cache_lib/freq_recorder.cc:347] bulk append 29607053
[2023-04-11 21:45:14.146150: E /samgraph/3rdparty/collcachelib/coll_cache_lib/freq_recorder.cc:337] bulk append 6052952 into 192410125
[2023-04-11 21:45:14.169203: E /samgraph/3rdparty/collcachelib/coll_cache_lib/freq_recorder.cc:347] bulk append 29673711
[2023-04-11 21:45:14.169750: E /samgraph/3rdparty/collcachelib/coll_cache_lib/freq_recorder.cc:337] bulk append 6047344 into 198463077
[2023-04-11 21:45:14.192754: E /samgraph/3rdparty/collcachelib/coll_cache_lib/freq_recorder.cc:347] bulk append 29645094
[2023-04-11 21:45:14.193294: E /samgraph/3rdparty/collcachelib/coll_cache_lib/freq_recorder.cc:337] bulk append 6052131 into 204510421
[2023-04-11 21:45:14.216369: E /samgraph/3rdparty/collcachelib/coll_cache_lib/freq_recorder.cc:347] bulk append 29684079
[2023-04-11 21:45:14.216911: E /samgraph/3rdparty/collcachelib/coll_cache_lib/freq_recorder.cc:337] bulk append 6047673 into 210562552
[2023-04-11 21:45:14.239962: E /samgraph/3rdparty/collcachelib/coll_cache_lib/freq_recorder.cc:347] bulk append 29615633
[2023-04-11 21:45:14.240510: E /samgraph/3rdparty/collcachelib/coll_cache_lib/freq_recorder.cc:337] bulk append 6055911 into 216610225
[2023-04-11 21:45:14.263565: E /samgraph/3rdparty/collcachelib/coll_cache_lib/freq_recorder.cc:347] bulk append 29683181
[2023-04-11 21:45:14.264110: E /samgraph/3rdparty/collcachelib/coll_cache_lib/freq_recorder.cc:337] bulk append 6045467 into 222666136
[2023-04-11 21:45:14.287131: E /samgraph/3rdparty/collcachelib/coll_cache_lib/freq_recorder.cc:347] bulk append 29634679
[2023-04-11 21:45:14.287670: E /samgraph/3rdparty/collcachelib/coll_cache_lib/freq_recorder.cc:337] bulk append 6054956 into 228711603
[2023-04-11 21:45:14.310766: E /samgraph/3rdparty/collcachelib/coll_cache_lib/freq_recorder.cc:347] bulk append 29657642
[2023-04-11 21:45:14.311406: E /samgraph/3rdparty/collcachelib/coll_cache_lib/freq_recorder.cc:337] bulk append 6045617 into 234766559
[2023-04-11 21:45:14.334410: E /samgraph/3rdparty/collcachelib/coll_cache_lib/freq_recorder.cc:347] bulk append 29611694
[2023-04-11 21:45:14.334954: E /samgraph/3rdparty/collcachelib/coll_cache_lib/freq_recorder.cc:337] bulk append 6051704 into 240812176
[2023-04-11 21:45:14.358002: E /samgraph/3rdparty/collcachelib/coll_cache_lib/freq_recorder.cc:347] bulk append 29657583
[2023-04-11 21:45:14.358571: E /samgraph/3rdparty/collcachelib/coll_cache_lib/freq_recorder.cc:337] bulk append 6103344 into 246863880
[2023-04-11 21:45:14.382259: E /samgraph/3rdparty/collcachelib/coll_cache_lib/freq_recorder.cc:347] bulk append 29768587
[2023-04-11 21:45:14.383101: E /samgraph/3rdparty/collcachelib/coll_cache_lib/freq_recorder.cc:337] bulk append 6108912 into 252967224
[2023-04-11 21:45:14.407076: E /samgraph/3rdparty/collcachelib/coll_cache_lib/freq_recorder.cc:347] bulk append 29838539
[2023-04-11 21:45:14.407828: E /samgraph/3rdparty/collcachelib/coll_cache_lib/freq_recorder.cc:337] bulk append 6104911 into 259076136
[2023-04-11 21:45:14.431176: E /samgraph/3rdparty/collcachelib/coll_cache_lib/freq_recorder.cc:347] bulk append 29802588
[2023-04-11 21:45:14.431755: E /samgraph/3rdparty/collcachelib/coll_cache_lib/freq_recorder.cc:337] bulk append 6107138 into 265181047
[2023-04-11 21:45:14.455031: E /samgraph/3rdparty/collcachelib/coll_cache_lib/freq_recorder.cc:347] bulk append 29830581
[2023-04-11 21:45:14.455600: E /samgraph/3rdparty/collcachelib/coll_cache_lib/freq_recorder.cc:337] bulk append 6102953 into 271288185
[2023-04-11 21:45:14.478846: E /samgraph/3rdparty/collcachelib/coll_cache_lib/freq_recorder.cc:347] bulk append 29772949
[2023-04-11 21:45:14.479418: E /samgraph/3rdparty/collcachelib/coll_cache_lib/freq_recorder.cc:337] bulk append 6110351 into 277391138
[2023-04-11 21:45:14.502637: E /samgraph/3rdparty/collcachelib/coll_cache_lib/freq_recorder.cc:347] bulk append 29832016
[2023-04-11 21:45:14.503226: E /samgraph/3rdparty/collcachelib/coll_cache_lib/freq_recorder.cc:337] bulk append 6102182 into 283501489
[2023-04-11 21:45:14.526499: E /samgraph/3rdparty/collcachelib/coll_cache_lib/freq_recorder.cc:347] bulk append 29793846
[2023-04-11 21:45:14.527084: E /samgraph/3rdparty/collcachelib/coll_cache_lib/freq_recorder.cc:337] bulk append 6108715 into 289603671
[2023-04-11 21:45:14.550347: E /samgraph/3rdparty/collcachelib/coll_cache_lib/freq_recorder.cc:347] bulk append 29820157
[2023-04-11 21:45:14.550914: E /samgraph/3rdparty/collcachelib/coll_cache_lib/freq_recorder.cc:337] bulk append 6102666 into 295712386
[2023-04-11 21:45:14.574193: E /samgraph/3rdparty/collcachelib/coll_cache_lib/freq_recorder.cc:347] bulk append 29777898
[2023-04-11 21:45:14.574767: E /samgraph/3rdparty/collcachelib/coll_cache_lib/freq_recorder.cc:337] bulk append 6108870 into 301815052
[2023-04-11 21:45:14.598024: E /samgraph/3rdparty/collcachelib/coll_cache_lib/freq_recorder.cc:347] bulk append 29814052
[2023-04-11 21:45:14.598619: E /samgraph/3rdparty/collcachelib/coll_cache_lib/freq_recorder.cc:337] bulk append 6207525 into 307923922
[2023-04-11 21:45:14.622306: E /samgraph/3rdparty/collcachelib/coll_cache_lib/freq_recorder.cc:347] bulk append 29296373
[2023-04-11 21:45:14.622882: E /samgraph/3rdparty/collcachelib/coll_cache_lib/freq_recorder.cc:337] bulk append 6214839 into 314131447
[2023-04-11 21:45:14.646487: E /samgraph/3rdparty/collcachelib/coll_cache_lib/freq_recorder.cc:347] bulk append 29356421
[2023-04-11 21:45:14.647046: E /samgraph/3rdparty/collcachelib/coll_cache_lib/freq_recorder.cc:337] bulk append 6209354 into 320346286
[2023-04-11 21:45:14.670717: E /samgraph/3rdparty/collcachelib/coll_cache_lib/freq_recorder.cc:347] bulk append 29321297
[2023-04-11 21:45:14.671262: E /samgraph/3rdparty/collcachelib/coll_cache_lib/freq_recorder.cc:337] bulk append 6213217 into 326555640
[2023-04-11 21:45:14.694902: E /samgraph/3rdparty/collcachelib/coll_cache_lib/freq_recorder.cc:347] bulk append 29345623
[2023-04-11 21:45:14.695471: E /samgraph/3rdparty/collcachelib/coll_cache_lib/freq_recorder.cc:337] bulk append 6209959 into 332768857
[2023-04-11 21:45:14.719094: E /samgraph/3rdparty/collcachelib/coll_cache_lib/freq_recorder.cc:347] bulk append 29304022
[2023-04-11 21:45:14.719646: E /samgraph/3rdparty/collcachelib/coll_cache_lib/freq_recorder.cc:337] bulk append 6213933 into 338978816
[2023-04-11 21:45:14.743291: E /samgraph/3rdparty/collcachelib/coll_cache_lib/freq_recorder.cc:347] bulk append 29347235
[2023-04-11 21:45:14.743858: E /samgraph/3rdparty/collcachelib/coll_cache_lib/freq_recorder.cc:337] bulk append 6206364 into 345192749
[2023-04-11 21:45:14.767461: E /samgraph/3rdparty/collcachelib/coll_cache_lib/freq_recorder.cc:347] bulk append 29317188
[2023-04-11 21:45:14.768021: E /samgraph/3rdparty/collcachelib/coll_cache_lib/freq_recorder.cc:337] bulk append 6215708 into 351399113
[2023-04-11 21:45:14.791659: E /samgraph/3rdparty/collcachelib/coll_cache_lib/freq_recorder.cc:347] bulk append 29342699
[2023-04-11 21:45:14.792214: E /samgraph/3rdparty/collcachelib/coll_cache_lib/freq_recorder.cc:337] bulk append 6206688 into 357614821
[2023-04-11 21:45:14.815863: E /samgraph/3rdparty/collcachelib/coll_cache_lib/freq_recorder.cc:347] bulk append 29304827
[2023-04-11 21:45:14.816430: E /samgraph/3rdparty/collcachelib/coll_cache_lib/freq_recorder.cc:337] bulk append 6212643 into 363821509
[2023-04-11 21:45:14.840103: E /samgraph/3rdparty/collcachelib/coll_cache_lib/freq_recorder.cc:347] bulk append 29342616
[2023-04-11 21:45:14.840657: E /samgraph/3rdparty/collcachelib/coll_cache_lib/freq_recorder.cc:337] bulk append 6315133 into 370034152
[2023-04-11 21:45:14.864695: E /samgraph/3rdparty/collcachelib/coll_cache_lib/freq_recorder.cc:347] bulk append 27966881
[2023-04-11 21:45:14.865267: E /samgraph/3rdparty/collcachelib/coll_cache_lib/freq_recorder.cc:337] bulk append 6322050 into 376349285
[2023-04-11 21:45:14.889284: E /samgraph/3rdparty/collcachelib/coll_cache_lib/freq_recorder.cc:347] bulk append 28016090
[2023-04-11 21:45:14.889846: E /samgraph/3rdparty/collcachelib/coll_cache_lib/freq_recorder.cc:337] bulk append 6316268 into 382671335
[2023-04-11 21:45:14.913788: E /samgraph/3rdparty/collcachelib/coll_cache_lib/freq_recorder.cc:347] bulk append 27986051
[2023-04-11 21:45:14.914350: E /samgraph/3rdparty/collcachelib/coll_cache_lib/freq_recorder.cc:337] bulk append 6318785 into 388987603
[2023-04-11 21:45:14.938353: E /samgraph/3rdparty/collcachelib/coll_cache_lib/freq_recorder.cc:347] bulk append 27999923
[2023-04-11 21:45:14.938909: E /samgraph/3rdparty/collcachelib/coll_cache_lib/freq_recorder.cc:337] bulk append 6314463 into 395306388
[2023-04-11 21:45:14.962889: E /samgraph/3rdparty/collcachelib/coll_cache_lib/freq_recorder.cc:347] bulk append 27967135
[2023-04-11 21:45:14.963440: E /samgraph/3rdparty/collcachelib/coll_cache_lib/freq_recorder.cc:337] bulk append 6321512 into 401620851
[2023-04-11 21:45:14.987412: E /samgraph/3rdparty/collcachelib/coll_cache_lib/freq_recorder.cc:347] bulk append 28008098
[2023-04-11 21:45:14.987966: E /samgraph/3rdparty/collcachelib/coll_cache_lib/freq_recorder.cc:337] bulk append 6314200 into 407942363
[2023-04-11 21:45:15. 11962: E /samgraph/3rdparty/collcachelib/coll_cache_lib/freq_recorder.cc:347] bulk append 27972965
[2023-04-11 21:45:15. 12529: E /samgraph/3rdparty/collcachelib/coll_cache_lib/freq_recorder.cc:337] bulk append 6319287 into 414256563
[2023-04-11 21:45:15. 36485: E /samgraph/3rdparty/collcachelib/coll_cache_lib/freq_recorder.cc:347] bulk append 28009991
[2023-04-11 21:45:15. 37037: E /samgraph/3rdparty/collcachelib/coll_cache_lib/freq_recorder.cc:337] bulk append 6315077 into 420575850
[2023-04-11 21:45:15. 60996: E /samgraph/3rdparty/collcachelib/coll_cache_lib/freq_recorder.cc:347] bulk append 27964958
[2023-04-11 21:45:15. 61555: E /samgraph/3rdparty/collcachelib/coll_cache_lib/freq_recorder.cc:337] bulk append 6320892 into 426890927
[2023-04-11 21:45:15. 85526: E /samgraph/3rdparty/collcachelib/coll_cache_lib/freq_recorder.cc:347] bulk append 28004658
[2023-04-11 21:45:15. 86115: E /samgraph/3rdparty/collcachelib/coll_cache_lib/freq_recorder.cc:337] bulk append 6090310 into 433211819
[2023-04-11 21:45:15.109303: E /samgraph/3rdparty/collcachelib/coll_cache_lib/freq_recorder.cc:347] bulk append 26356999
[2023-04-11 21:45:15.109868: E /samgraph/3rdparty/collcachelib/coll_cache_lib/freq_recorder.cc:337] bulk append 6096653 into 439302129
[2023-04-11 21:45:15.133105: E /samgraph/3rdparty/collcachelib/coll_cache_lib/freq_recorder.cc:347] bulk append 26423389
[2023-04-11 21:45:15.133669: E /samgraph/3rdparty/collcachelib/coll_cache_lib/freq_recorder.cc:337] bulk append 6092287 into 445398782
[2023-04-11 21:45:15.156822: E /samgraph/3rdparty/collcachelib/coll_cache_lib/freq_recorder.cc:347] bulk append 26399088
[2023-04-11 21:45:15.157371: E /samgraph/3rdparty/collcachelib/coll_cache_lib/freq_recorder.cc:337] bulk append 6096896 into 451491069
[2023-04-11 21:45:15.180531: E /samgraph/3rdparty/collcachelib/coll_cache_lib/freq_recorder.cc:347] bulk append 26414238
[2023-04-11 21:45:15.181101: E /samgraph/3rdparty/collcachelib/coll_cache_lib/freq_recorder.cc:337] bulk append 6092465 into 457587965
[2023-04-11 21:45:15.204405: E /samgraph/3rdparty/collcachelib/coll_cache_lib/freq_recorder.cc:347] bulk append 26374675
[2023-04-11 21:45:15.204983: E /samgraph/3rdparty/collcachelib/coll_cache_lib/freq_recorder.cc:337] bulk append 6098901 into 463680430
[2023-04-11 21:45:15.228183: E /samgraph/3rdparty/collcachelib/coll_cache_lib/freq_recorder.cc:347] bulk append 26438907
[2023-04-11 21:45:15.228742: E /samgraph/3rdparty/collcachelib/coll_cache_lib/freq_recorder.cc:337] bulk append 6093124 into 469779331
[2023-04-11 21:45:15.251926: E /samgraph/3rdparty/collcachelib/coll_cache_lib/freq_recorder.cc:347] bulk append 26385817
[2023-04-11 21:45:15.252490: E /samgraph/3rdparty/collcachelib/coll_cache_lib/freq_recorder.cc:337] bulk append 6097355 into 475872455
[2023-04-11 21:45:15.275760: E /samgraph/3rdparty/collcachelib/coll_cache_lib/freq_recorder.cc:347] bulk append 26412872
[2023-04-11 21:45:15.276317: E /samgraph/3rdparty/collcachelib/coll_cache_lib/freq_recorder.cc:337] bulk append 6090490 into 481969810
[2023-04-11 21:45:15.299500: E /samgraph/3rdparty/collcachelib/coll_cache_lib/freq_recorder.cc:347] bulk append 26371192
[2023-04-11 21:45:15.300072: E /samgraph/3rdparty/collcachelib/coll_cache_lib/freq_recorder.cc:337] bulk append 6097264 into 488060300
[2023-04-11 21:45:15.323284: E /samgraph/3rdparty/collcachelib/coll_cache_lib/freq_recorder.cc:347] bulk append 26403735
[2023-04-11 21:45:15.323847: E /samgraph/3rdparty/collcachelib/coll_cache_lib/freq_recorder.cc:266] freq recorder global combining
[[2023-04-11 21:45:152023-04-11 21:45:15[[..2023-04-11 21:45:152023-04-11 21:45:15323889[323888..: : 2023-04-11 21:45:15323894[323894EE.[: : 2023-04-11 21:45:15  323900E2023-04-11 21:45:15E./samgraph/3rdparty/collcachelib/coll_cache_lib/run_config.cc/samgraph/3rdparty/collcachelib/coll_cache_lib/run_config.cc:  . 323903::E/samgraph/3rdparty/collcachelib/coll_cache_lib/run_config.cc323918/samgraph/3rdparty/collcachelib/coll_cache_lib/run_config.cc: 140140 :: :E] ] /samgraph/3rdparty/collcachelib/coll_cache_lib/run_config.cc140E140 using concurrent impl MPSPhaseusing concurrent impl MPSPhase:]  ] /samgraph/3rdparty/collcachelib/coll_cache_lib/run_config.cc

140using concurrent impl MPSPhase/samgraph/3rdparty/collcachelib/coll_cache_lib/run_config.ccusing concurrent impl MPSPhase[:] 
[:
2023-04-11 21:45:15140[using concurrent impl MPSPhase2023-04-11 21:45:15140.] 2023-04-11 21:45:15[
.] 324028using concurrent impl MPSPhase.2023-04-11 21:45:15324026using concurrent impl MPSPhase: [
324041.: 
E2023-04-11 21:45:15: 324045E[ .E: [ 2023-04-11 21:45:15/samgraph/3rdparty/collcachelib/coll_cache_lib/facade.cc324061 E2023-04-11 21:45:15/samgraph/3rdparty/collcachelib/coll_cache_lib/facade.cc.:: /samgraph/3rdparty/collcachelib/coll_cache_lib/facade.cc .:324077409E:/samgraph/3rdparty/collcachelib/coll_cache_lib/facade.cc324084409: ]  409:: ] Ebefore scale, dtype is 0, dim is 128/samgraph/3rdparty/collcachelib/coll_cache_lib/facade.cc] 409Ebefore scale, dtype is 0, dim is 128 
:before scale, dtype is 0, dim is 128]  
/samgraph/3rdparty/collcachelib/coll_cache_lib/facade.cc409
[before scale, dtype is 0, dim is 128/samgraph/3rdparty/collcachelib/coll_cache_lib/facade.cc:] [2023-04-11 21:45:15
[:409[before scale, dtype is 0, dim is 1282023-04-11 21:45:15.2023-04-11 21:45:15409] 2023-04-11 21:45:15
.324156.] before scale, dtype is 0, dim is 128.324163: [324165before scale, dtype is 0, dim is 128
324175: E2023-04-11 21:45:15: 
: [E .EE2023-04-11 21:45:15[ /samgraph/3rdparty/collcachelib/coll_cache_lib/facade.cc324191  .2023-04-11 21:45:15/samgraph/3rdparty/collcachelib/coll_cache_lib/facade.cc:: /samgraph/3rdparty/collcachelib/coll_cache_lib/facade.cc/samgraph/3rdparty/collcachelib/coll_cache_lib/facade.cc324209.:415E::: 324220415]  415415E: ] after scale, dtype is 7, new dim is 32/samgraph/3rdparty/collcachelib/coll_cache_lib/facade.cc] ]  Eafter scale, dtype is 7, new dim is 32
:after scale, dtype is 7, new dim is 32after scale, dtype is 7, new dim is 32/samgraph/3rdparty/collcachelib/coll_cache_lib/facade.cc 
415

:/samgraph/3rdparty/collcachelib/coll_cache_lib/facade.cc] 415:after scale, dtype is 7, new dim is 32] 415
after scale, dtype is 7, new dim is 32] 
after scale, dtype is 7, new dim is 32
[2023-04-11 21:45:15.325883: E /samgraph/3rdparty/collcachelib/coll_cache_lib/coll_cache/asymm_link_desc.cc:201] assigning 10 to cpu
[2023-04-11 21:45:15.325926: E /samgraph/3rdparty/collcachelib/coll_cache_lib/coll_cache/asymm_link_desc.cc:218] build symm link desc with 8X NVIDIA A100-SXM4-80GB out of 8
[2023-04-11 21:45:15.325951: E /samgraph/3rdparty/collcachelib/coll_cache_lib/coll_cache/asymm_link_desc.cc:219] remote time is 24.3333
[2023-04-11 21:45:15.325962: E /samgraph/3rdparty/collcachelib/coll_cache_lib/coll_cache/asymm_link_desc.cc:220] cpu time is 91.25
[2023-04-11 21:45:15.325988: E /samgraph/3rdparty/collcachelib/coll_cache_lib/facade.cc:425] registering cpu data with 8.00 GB
[2023-04-11 21:45:15.326015: E /samgraph/3rdparty/collcachelib/coll_cache_lib/coll_cache/asymm_link_desc.cc:201] assigning 10 to cpu
[2023-04-11 21:45:15.326050: E /samgraph/3rdparty/collcachelib/coll_cache_lib/coll_cache/asymm_link_desc.cc:218] build symm link desc with 8X NVIDIA A100-SXM4-80GB out of 8
[2023-04-11 21:45:15.326068: E /samgraph/3rdparty/collcachelib/coll_cache_lib/coll_cache/asymm_link_desc.cc:219] remote time is 24.3333
[2023-04-11 21:45:15.326079: E /samgraph/3rdparty/collcachelib/coll_cache_lib/coll_cache/asymm_link_desc.cc:220] cpu time is 91.25
[2023-04-11 21:45:15.326104: E /samgraph/3rdparty/collcachelib/coll_cache_lib/facade.cc:425] registering cpu data with 8.00 GB
[2023-04-11 21:45:15.326286: E /samgraph/3rdparty/collcachelib/coll_cache_lib/coll_cache/asymm_link_desc.cc:201] assigning 10 to cpu
[2023-04-11 21:45:15.326318: E /samgraph/3rdparty/collcachelib/coll_cache_lib/coll_cache/asymm_link_desc.cc:218] build symm link desc with 8X NVIDIA A100-SXM4-80GB out of 8
[2023-04-11 21:45:15.326334: E /samgraph/3rdparty/collcachelib/coll_cache_lib/coll_cache/asymm_link_desc.cc:219] remote time is 24.3333
[2023-04-11 21:45:15.326345: E /samgraph/3rdparty/collcachelib/coll_cache_lib/coll_cache/asymm_link_desc.cc:220] cpu time is 91.25
[2023-04-11 21:45:15.326355: E /samgraph/3rdparty/collcachelib/coll_cache_lib/coll_cache/asymm_link_desc.cc:201] assigning 10 to cpu
[2023-04-11 21:45:15.326370: E /samgraph/3rdparty/collcachelib/coll_cache_lib/facade.cc:425] registering cpu data with 8.00 GB
[2023-04-11 21:45:15.326394: E /samgraph/3rdparty/collcachelib/coll_cache_lib/coll_cache/asymm_link_desc.cc:218] build symm link desc with 8X NVIDIA A100-SXM4-80GB out of 8
[2023-04-11 21:45:15.326417: E /samgraph/3rdparty/collcachelib/coll_cache_lib/coll_cache/asymm_link_desc.cc:219] remote time is 24.3333
[2023-04-11 21:45:15.326428: E /samgraph/3rdparty/collcachelib/coll_cache_lib/coll_cache/asymm_link_desc.cc:220] cpu time is 91.25
[2023-04-11 21:45:15.326453: E /samgraph/3rdparty/collcachelib/coll_cache_lib/facade.cc:425] registering cpu data with 8.00 GB
[2023-04-11 21:45:15.326830: E /samgraph/3rdparty/collcachelib/coll_cache_lib/coll_cache/asymm_link_desc.cc:201] assigning 10 to cpu
[2023-04-11 21:45:15.326869: E /samgraph/3rdparty/collcachelib/coll_cache_lib/coll_cache/asymm_link_desc.cc:218] build symm link desc with 8X NVIDIA A100-SXM4-80GB out of 8
[2023-04-11 21:45:15.326889: E /samgraph/3rdparty/collcachelib/coll_cache_lib/coll_cache/asymm_link_desc.cc:219] remote time is 24.3333
[2023-04-11 21:45:15.326900: E /samgraph/3rdparty/collcachelib/coll_cache_lib/coll_cache/asymm_link_desc.cc:220] cpu time is 91.25
[2023-04-11 21:45:15.326925: E /samgraph/3rdparty/collcachelib/coll_cache_lib/facade.cc:425] registering cpu data with 8.00 GB
[2023-04-11 21:45:15.327122: E[ 2023-04-11 21:45:15/samgraph/3rdparty/collcachelib/coll_cache_lib/coll_cache/asymm_link_desc.cc.:327126201: ] Eassigning 10 to cpu 
/samgraph/3rdparty/collcachelib/coll_cache_lib/coll_cache/asymm_link_desc.cc:201] assigning 10 to cpu
[2023-04-11 21:45:15.327163: E /samgraph/3rdparty/collcachelib/coll_cache_lib/coll_cache/asymm_link_desc.cc:218] build symm link desc with 8X NVIDIA A100-SXM4-80GB out of 8
[2023-04-11 21:45:15.327180: E /samgraph/3rdparty/collcachelib/coll_cache_lib/coll_cache/asymm_link_desc.cc:219] remote time is 24.3333
[2023-04-11 21:45:15.327187[: 2023-04-11 21:45:15E. 327191/samgraph/3rdparty/collcachelib/coll_cache_lib/coll_cache/asymm_link_desc.cc: :E218 ] /samgraph/3rdparty/collcachelib/coll_cache_lib/coll_cache/asymm_link_desc.cc:220] build symm link desc with 8X NVIDIA A100-SXM4-80GB out of 8cpu time is 91.25

[2023-04-11 21:45:15.327211: E /samgraph/3rdparty/collcachelib/coll_cache_lib/coll_cache/asymm_link_desc.cc:219] remote time is 24.3333
[2023-04-11 21:45:15.327223: E /samgraph/3rdparty/collcachelib/coll_cache_lib/coll_cache/asymm_link_desc.cc:220] [cpu time is 91.252023-04-11 21:45:15
.327223: E /samgraph/3rdparty/collcachelib/coll_cache_lib/facade.cc:425] registering cpu data with 8.00 GB
[2023-04-11 21:45:15.327252: E /samgraph/3rdparty/collcachelib/coll_cache_lib/facade.cc:425] registering cpu data with 8.00 GB
[2023-04-11 21:45:16.782173: E /samgraph/3rdparty/collcachelib/coll_cache_lib/facade.cc:427] registering cpu data done.
[2023-04-11 21:45:16.782443: E /samgraph/3rdparty/collcachelib/coll_cache_lib/facade.cc:427] registering cpu data done.
[2023-04-11 21:45:16.782558: E /samgraph/3rdparty/collcachelib/coll_cache_lib/facade.cc:427] registering cpu data done.
[2023-04-11 21:45:16.782874: E /samgraph/3rdparty/collcachelib/coll_cache_lib/facade.cc:427] registering cpu data done.
[2023-04-11 21:45:16.784876: E /samgraph/3rdparty/collcachelib/coll_cache_lib/facade.cc:427] registering cpu data done.
[2023-04-11 21:45:16.787767: E /samgraph/3rdparty/collcachelib/coll_cache_lib/facade.cc:427] registering cpu data done.
[2023-04-11 21:45:16.789479: E /samgraph/3rdparty/collcachelib/coll_cache_lib/facade.cc:427] registering cpu data done.
[2023-04-11 21:45:26.942211: E /samgraph/3rdparty/collcachelib/coll_cache_lib/freq_recorder.cc:269] freq recorder global combine from 494157564 to 96368110
[2023-04-11 21:45:36.199871: E /samgraph/3rdparty/collcachelib/coll_cache_lib/freq_recorder.cc:286] top 5 freq is 2000,2000,2000,2000,2000
[2023-04-11 21:45:36.199978: E /samgraph/3rdparty/collcachelib/coll_cache_lib/run_config.cc:140] using concurrent impl MPSPhase
[2023-04-11 21:45:36.199993: E /samgraph/3rdparty/collcachelib/coll_cache_lib/facade.cc:409] before scale, dtype is 0, dim is 128
[2023-04-11 21:45:36.200004: E /samgraph/3rdparty/collcachelib/coll_cache_lib/facade.cc:415] after scale, dtype is 7, new dim is 32
[2023-04-11 21:45:36.201120: E /samgraph/3rdparty/collcachelib/coll_cache_lib/coll_cache/asymm_link_desc.cc:201] assigning 10 to cpu
[2023-04-11 21:45:36.201153: E /samgraph/3rdparty/collcachelib/coll_cache_lib/coll_cache/asymm_link_desc.cc:218] build symm link desc with 8X NVIDIA A100-SXM4-80GB out of 8
[2023-04-11 21:45:36.201178: E /samgraph/3rdparty/collcachelib/coll_cache_lib/coll_cache/asymm_link_desc.cc:219] remote time is 24.3333
[2023-04-11 21:45:36.201196: E /samgraph/3rdparty/collcachelib/coll_cache_lib/coll_cache/asymm_link_desc.cc:220] cpu time is 91.25
[2023-04-11 21:45:36.201223: E /samgraph/3rdparty/collcachelib/coll_cache_lib/facade.cc:425] registering cpu data with 8.00 GB
[2023-04-11 21:45:36.613892: E /samgraph/3rdparty/collcachelib/coll_cache_lib/facade.cc:427] registering cpu data done.
[2023-04-11 21:45:36.613956: E /samgraph/3rdparty/collcachelib/coll_cache_lib/facade.cc:174] creating solver
[2023-04-11 21:45:36.613968: E /samgraph/3rdparty/collcachelib/coll_cache_lib/facade.cc:214] solver created. now build & solve
[2023-04-11 21:45:37.  8316: E /samgraph/3rdparty/collcachelib/coll_cache_lib/facade.cc:218] solver built. now solve
[2023-04-11 21:45:37.  8377: E /samgraph/3rdparty/collcachelib/coll_cache_lib/coll_cache/optimal_solver_class.cc:1432] num_cached_nodes = 13327194
[2023-04-11 21:45:37.192167: E /samgraph/3rdparty/collcachelib/coll_cache_lib/facade.cc:222] solver solved
[2023-04-11 21:45:37.194009: E /samgraph/3rdparty/collcachelib/coll_cache_lib/facade.cc:437] 0 solved master
[2023-04-11 21:45:37.194032: E /samgraph/3rdparty/collcachelib/coll_cache_lib/facade.cc:444] 0 solved
[2023-04-11 21:45:37.194042: E /samgraph/3rdparty/collcachelib/coll_cache_lib/facade.cc:447] worker 0 thread 0 initing device 0
[2023-04-11 21:45:37.194539: E /samgraph/3rdparty/collcachelib/coll_cache_lib/cache_context.cu:2308] Building Coll Cache with ... num gpu device is 8
[2023-04-11 21:45:37.194589: E /samgraph/3rdparty/collcachelib/coll_cache_lib/cuda/cache_hashtable.cuh:611] per src size local is 14660013
[2023-04-11 21:45:37.207098: E /samgraph/3rdparty/collcachelib/coll_cache_lib/facade.cc:444] 5 solved
[2023-04-11 21:45:37.207151: E /samgraph/3rdparty/collcachelib/coll_cache_lib/facade.cc:447] worker 0 thread 5 initing device 5
[2023-04-11 21:45:37.207487: E /samgraph/3rdparty/collcachelib/coll_cache_lib/cache_context.cu:2308] Building Coll Cache with ... num gpu device is 8
[2023-04-11 21:45:37.208708: E /samgraph/3rdparty/collcachelib/coll_cache_lib/facade.cc:444] 3 solved
[2023-04-11 21:45:37.208742: E /samgraph/3rdparty/collcachelib/coll_cache_lib/facade.cc:447] worker 0 thread 3 initing device 3
[2023-04-11 21:45:37.214244: E /samgraph/3rdparty/collcachelib/coll_cache_lib/facade.cc:444] 6 solved
[2023-04-11 21:45:37.214303: E /samgraph/3rdparty/collcachelib/coll_cache_lib/facade.cc:447] worker 0 thread 6 initing device 6
[[2023-04-11 21:45:37.214275: E 2023-04-11 21:45:37/samgraph/3rdparty/collcachelib/coll_cache_lib/facade.cc.:214274444: ] E1 solved 
/samgraph/3rdparty/collcachelib/coll_cache_lib/facade.cc:444] 2 solved[
2023-04-11 21:45:37.214342: E /samgraph/3rdparty/collcachelib/coll_cache_lib/facade.cc[:2023-04-11 21:45:37447.] 214347: E /samgraph/3rdparty/collcachelib/coll_cache_lib/facade.cc:447] worker 0 thread 1 initing device 1worker 0 thread 2 initing device 2

[2023-04-11 21:45:37.214651: E /samgraph/3rdparty/collcachelib/coll_cache_lib/facade.cc:444] 7 solved
[2023-04-11 21:45:37.214687: E /samgraph/3rdparty/collcachelib/coll_cache_lib/facade.cc:447] worker 0 thread 7 initing device 7
[2023-04-11 21:45:37.214859: E /samgraph/3rdparty/collcachelib/coll_cache_lib/cache_context.cu:2308] Building Coll Cache with ... num gpu device is 8
[2023-04-11 21:45:37.215065: E /samgraph/3rdparty/collcachelib/coll_cache_lib/cache_context.cu:2308] Building Coll Cache with ... num gpu device is 8
[2023-04-11 21:45:37.215090: E /samgraph/3rdparty/collcachelib/coll_cache_lib/cache_context.cu:2308] Building Coll Cache with ... num gpu device is 8
[2023-04-11 21:45:37.225903: E /samgraph/3rdparty/collcachelib/coll_cache_lib/cache_context.cu:2308] Building Coll Cache with ... num gpu device is 8
[2023-04-11 21:45:37.225942: E /samgraph/3rdparty/collcachelib/coll_cache_lib/facade.cc:444] 4 solved
[2023-04-11 21:45:37.226009: E /samgraph/3rdparty/collcachelib/coll_cache_lib/facade.cc:447] worker 0 thread 4 initing device 4
[2023-04-11 21:45:37.226489: E /samgraph/3rdparty/collcachelib/coll_cache_lib/cache_context.cu:2308] Building Coll Cache with ... num gpu device is 8
[2023-04-11 21:45:37.234032: E /samgraph/3rdparty/collcachelib/coll_cache_lib/cache_context.cu:2308] Building Coll Cache with ... num gpu device is 8
[2023-04-11 21:45:37.268222: E /samgraph/3rdparty/collcachelib/coll_cache_lib/common.cc:261] making a tensor with 0 num item
[2023-04-11 21:45:37.268288: E /samgraph/3rdparty/collcachelib/coll_cache_lib/cache_context.cu:2350] num cpu nodes is 97732762
[2023-04-11 21:45:37.282011: E /samgraph/3rdparty/collcachelib/coll_cache_lib/common.cc:261] making a tensor with 0 num item
[2023-04-11 21:45:37.282080: E /samgraph/3rdparty/collcachelib/coll_cache_lib/cache_context.cu:2350] num cpu nodes is 97732762
[[2023-04-11 21:45:372023-04-11 21:45:37..289191289198: : EE  /samgraph/3rdparty/collcachelib/coll_cache_lib/common.cc/samgraph/3rdparty/collcachelib/coll_cache_lib/common.cc::261261] ] making a tensor with 0 num itemmaking a tensor with 0 num item

[[2023-04-11 21:45:372023-04-11 21:45:37..289256289257: : EE  /samgraph/3rdparty/collcachelib/coll_cache_lib/cache_context.cu/samgraph/3rdparty/collcachelib/coll_cache_lib/cache_context.cu::23502350] ] num cpu nodes is 97732762num cpu nodes is 97732762

[2023-04-11 21:45:37.301166: E /samgraph/3rdparty/collcachelib/coll_cache_lib/common.cc:261] making a tensor with 0 num item
[2023-04-11 21:45:37.301233: E /samgraph/3rdparty/collcachelib/coll_cache_lib/cache_context.cu:2350] num cpu nodes is 97732762
[2023-04-11 21:45:37.302988: E /samgraph/3rdparty/collcachelib/coll_cache_lib/common.cc:261] making a tensor with 0 num item
[2023-04-11 21:45:37.303041: E /samgraph/3rdparty/collcachelib/coll_cache_lib/cache_context.cu:2350] num cpu nodes is 97732762
[2023-04-11 21:45:37.303191: E /samgraph/3rdparty/collcachelib/coll_cache_lib/common.cc:261] making a tensor with 0 num item
[2023-04-11 21:45:37.303227: E /samgraph/3rdparty/collcachelib/coll_cache_lib/cache_context.cu:2350] num cpu nodes is 97732762
[2023-04-11 21:45:37.317160: E /samgraph/3rdparty/collcachelib/coll_cache_lib/common.cc:261] making a tensor with 0 num item
[2023-04-11 21:45:37.317202: E /samgraph/3rdparty/collcachelib/coll_cache_lib/cache_context.cu:2350] num cpu nodes is 97732762
[2023-04-11 21:45:37.788670: E /samgraph/3rdparty/collcachelib/coll_cache_lib/cuda/cache_hashtable.cu:355] create a hashtable with 13327194 possible elem, scale to 33554432
[2023-04-11 21:45:37.788735: E /samgraph/3rdparty/collcachelib/coll_cache_lib/cuda/cache_hashtable.cu:360] SimpleHashTable allocating 256.00 MB
[2023-04-11 21:45:37.797370: E /samgraph/3rdparty/collcachelib/coll_cache_lib/cuda/cache_hashtable.cu:355] create a hashtable with 13327194 possible elem, scale to 33554432
[2023-04-11 21:45:37.797408: E /samgraph/3rdparty/collcachelib/coll_cache_lib/cuda/cache_hashtable.cu:360] SimpleHashTable allocating 256.00 MB
[2023-04-11 21:45:37.818242: E /samgraph/3rdparty/collcachelib/coll_cache_lib/cuda/cache_hashtable.cu:355] create a hashtable with 13327194 possible elem, scale to 33554432
[2023-04-11 21:45:37.818302: E /samgraph/3rdparty/collcachelib/coll_cache_lib/cuda/cache_hashtable.cu:360] SimpleHashTable allocating 256.00 MB
[2023-04-11 21:45:37.833897: E /samgraph/3rdparty/collcachelib/coll_cache_lib/cuda/cache_hashtable.cu:355] create a hashtable with 13327194 possible elem, scale to 33554432
[2023-04-11 21:45:37.833934: E /samgraph/3rdparty/collcachelib/coll_cache_lib/cuda/cache_hashtable.cu:360] SimpleHashTable allocating 256.00 MB
[2023-04-11 21:45:37.852336: E /samgraph/3rdparty/collcachelib/coll_cache_lib/cuda/cache_hashtable.cu:355] create a hashtable with 13327194 possible elem, scale to 33554432
[2023-04-11 21:45:37.852375: E /samgraph/3rdparty/collcachelib/coll_cache_lib/cuda/cache_hashtable.cu:360] SimpleHashTable allocating 256.00 MB
[2023-04-11 21:45:37.859900: E /samgraph/3rdparty/collcachelib/coll_cache_lib/cuda/cache_hashtable.cu:355] create a hashtable with 13327194 possible elem, scale to 33554432
[2023-04-11 21:45:37.859935: E /samgraph/3rdparty/collcachelib/coll_cache_lib/cuda/cache_hashtable.cu:360] SimpleHashTable allocating 256.00 MB
[2023-04-11 21:45:37.866687: E /samgraph/3rdparty/collcachelib/coll_cache_lib/cuda/cache_hashtable.cu:355] create a hashtable with 13327194 possible elem, scale to 33554432
[2023-04-11 21:45:37.866724: E /samgraph/3rdparty/collcachelib/coll_cache_lib/cuda/cache_hashtable.cu:360] SimpleHashTable allocating 256.00 MB
[2023-04-11 21:45:37.866957: E /samgraph/3rdparty/collcachelib/coll_cache_lib/cuda/cache_hashtable.cu:355] create a hashtable with 13327194 possible elem, scale to 33554432
[2023-04-11 21:45:37.866994: E /samgraph/3rdparty/collcachelib/coll_cache_lib/cuda/cache_hashtable.cu:360] SimpleHashTable allocating 256.00 MB
[2023-04-11 21:45:37.890682: E /samgraph/3rdparty/collcachelib/coll_cache_lib/common.cc:107] too many mem allocated for forcescale?13438254->111060
[2023-04-11 21:45:37.890876: E /samgraph/3rdparty/collcachelib/coll_cache_lib/common.cc:107] too many mem allocated for forcescale?13438254->111060
[2023-04-11 21:45:37.891039: E /samgraph/3rdparty/collcachelib/coll_cache_lib/common.cc:107] too many mem allocated for forcescale?13438254->111060
[2023-04-11 21:45:37.891205: E /samgraph/3rdparty/collcachelib/coll_cache_lib/common.cc:107] too many mem allocated for forcescale?13438254->111060
[2023-04-11 21:45:37.891376: E /samgraph/3rdparty/collcachelib/coll_cache_lib/common.cc:107] too many mem allocated for forcescale?13438254->111060
[2023-04-11 21:45:37.891603: E /samgraph/3rdparty/collcachelib/coll_cache_lib/common.cc:107] too many mem allocated for forcescale?13438254->111060
[2023-04-11 21:45:37.891770: E /samgraph/3rdparty/collcachelib/coll_cache_lib/common.cc:107] too many mem allocated for forcescale?13438254->111060
[2023-04-11 21:45:37.891982: E /samgraph/3rdparty/collcachelib/coll_cache_lib/common.cc:107] too many mem allocated for forcescale?13438254->111060
[2023-04-11 21:45:37.910644: E /samgraph/3rdparty/collcachelib/coll_cache_lib/cache_context.cu:2427] Asymm Coll cache (policy: rep_cache) | local 13327194 / 111059956 nodes ( 12.00 %~12.00 %) | remote 0 / 111059956 nodes ( 0.00 %) | cpu 97732762 / 111059956 nodes ( 88.00 %) | 6.41 GB | 0.695561 secs 
[2023-04-11 21:45:37.911927: E /samgraph/3rdparty/collcachelib/coll_cache_lib/cache_context.cu:2427] Asymm Coll cache (policy: rep_cache) | local 13327194 / 111059956 nodes ( 12.00 %~12.00 %) | remote 0 / 111059956 nodes ( 0.00 %) | cpu 97732762 / 111059956 nodes ( 88.00 %) | 6.41 GB | 0.685975 secs 
[2023-04-11 21:45:37.917046: E /samgraph/3rdparty/collcachelib/coll_cache_lib/cache_context.cu:2427] Asymm Coll cache (policy: rep_cache) | local 13327194 / 111059956 nodes ( 12.00 %~12.00 %) | remote 0 / 111059956 nodes ( 0.00 %) | cpu 97732762 / 111059956 nodes ( 88.00 %) | 6.41 GB | 0.690534 secs 
[2023-04-11 21:45:37.917501: E /samgraph/3rdparty/collcachelib/coll_cache_lib/cache_context.cu:2427] Asymm Coll cache (policy: rep_cache) | local 13327194 / 111059956 nodes ( 12.00 %~12.00 %) | remote 0 / 111059956 nodes ( 0.00 %) | cpu 97732762 / 111059956 nodes ( 88.00 %) | 6.41 GB | 0.683402 secs 
[2023-04-11 21:45:37.921961: E /samgraph/3rdparty/collcachelib/coll_cache_lib/cache_context.cu:2427] Asymm Coll cache (policy: rep_cache) | local 13327194 / 111059956 nodes ( 12.00 %~12.00 %) | remote 0 / 111059956 nodes ( 0.00 %) | cpu 97732762 / 111059956 nodes ( 88.00 %) | 6.41 GB | 0.727408 secs 
[2023-04-11 21:45:37[.2023-04-11 21:45:37922156.: 922152E:  E/samgraph/3rdparty/collcachelib/coll_cache_lib/cache_context.cu :/samgraph/3rdparty/collcachelib/coll_cache_lib/cache_context.cu2427:] 2427Asymm Coll cache (policy: rep_cache) | local 13327194 / 111059956 nodes ( 12.00 %~12.00 %) | remote 0 / 111059956 nodes ( 0.00 %) | cpu 97732762 / 111059956 nodes ( 88.00 %) | 6.41 GB | 0.707047 secs ] 
Asymm Coll cache (policy: rep_cache) | local 13327194 / 111059956 nodes ( 12.00 %~12.00 %) | remote 0 / 111059956 nodes ( 0.00 %) | cpu 97732762 / 111059956 nodes ( 88.00 %) | 6.41 GB | 0.707271 secs 
[2023-04-11 21:45:37.925249: E /samgraph/3rdparty/collcachelib/coll_cache_lib/cache_context.cu:2427] Asymm Coll cache (policy: rep_cache) | local 13327194 / 111059956 nodes ( 12.00 %~12.00 %) | remote 0 / 111059956 nodes ( 0.00 %) | cpu 97732762 / 111059956 nodes ( 88.00 %) | 6.41 GB | 0.717748 secs 
[2023-04-11 21:45:37.927287: W /samgraph/3rdparty/collcachelib/coll_cache_lib/cache_context.cu:3946] before create ctx, mem is 12.95 GB
[2023-04-11 21:45:37.927938: W /samgraph/3rdparty/collcachelib/coll_cache_lib/cache_context.cu:3946] before create ctx, mem is 12.95 GB
[2023-04-11 21:45:37.929271: W /samgraph/3rdparty/collcachelib/coll_cache_lib/cache_context.cu:3946] before create ctx, mem is 12.95 GB
[2023-04-11 21:45:37.929726: W /samgraph/3rdparty/collcachelib/coll_cache_lib/cache_context.cu:3946] before create ctx, mem is 12.95 GB
[2023-04-11 21:45:37.930161: W /samgraph/3rdparty/collcachelib/coll_cache_lib/cache_context.cu:3946] before create ctx, mem is 12.95 GB
[2023-04-11 21:45:37.930585: W /samgraph/3rdparty/collcachelib/coll_cache_lib/cache_context.cu:3946] before create ctx, mem is 12.95 GB
[2023-04-11 21:45:37.931017: W /samgraph/3rdparty/collcachelib/coll_cache_lib/cache_context.cu:3946] before create ctx, mem is 12.95 GB
[2023-04-11 21:45:37.931399: W /samgraph/3rdparty/collcachelib/coll_cache_lib/cache_context.cu:3946] before create ctx, mem is 12.95 GB
[2023-04-11 21:45:47.748672: W /samgraph/3rdparty/collcachelib/coll_cache_lib/cache_context.cu:3946] after create ctx, mem is 15.42 GB
[2023-04-11 21:45:47.748782: W /samgraph/3rdparty/collcachelib/coll_cache_lib/cache_context.cu:3946] after create stream, mem is 15.42 GB
[2023-04-11 21:45:47.847122: W /samgraph/3rdparty/collcachelib/coll_cache_lib/cache_context.cu:3946] after create ctx, mem is 15.46 GB
[2023-04-11 21:45:47.847200: W /samgraph/3rdparty/collcachelib/coll_cache_lib/cache_context.cu:3946] after create stream, mem is 15.46 GB
[2023-04-11 21:45:47.903358: W /samgraph/3rdparty/collcachelib/coll_cache_lib/cache_context.cu:3946] after create ctx, mem is 15.50 GB
[2023-04-11 21:45:47.903446: W /samgraph/3rdparty/collcachelib/coll_cache_lib/cache_context.cu:3946] after create stream, mem is 15.50 GB
[2023-04-11 21:45:48. 87633: W /samgraph/3rdparty/collcachelib/coll_cache_lib/cache_context.cu:3946] after create ctx, mem is 15.60 GB
[2023-04-11 21:45:48. 87728: W /samgraph/3rdparty/collcachelib/coll_cache_lib/cache_context.cu:3946] after create stream, mem is 15.60 GB
[2023-04-11 21:45:48.437342: W /samgraph/3rdparty/collcachelib/coll_cache_lib/cache_context.cu:3946] after create ctx, mem is 15.77 GB
[2023-04-11 21:45:48.437434: W /samgraph/3rdparty/collcachelib/coll_cache_lib/cache_context.cu:3946] after create stream, mem is 15.77 GB
[2023-04-11 21:45:48.658746: W /samgraph/3rdparty/collcachelib/coll_cache_lib/cache_context.cu:3946] after create ctx, mem is 15.88 GB
[2023-04-11 21:45:48.658839: W /samgraph/3rdparty/collcachelib/coll_cache_lib/cache_context.cu:3946] after create stream, mem is 15.88 GB
[2023-04-11 21:45:48.943317: W /samgraph/3rdparty/collcachelib/coll_cache_lib/cache_context.cu:3946] after create ctx, mem is 16.00 GB
[2023-04-11 21:45:48.943387: W /samgraph/3rdparty/collcachelib/coll_cache_lib/cache_context.cu:3946] after create stream, mem is 16.00 GB
[2023-04-11 21:45:48.971452: W /samgraph/3rdparty/collcachelib/coll_cache_lib/cache_context.cu:3946] after create ctx, mem is 16.02 GB
[2023-04-11 21:45:48.971572: W /samgraph/3rdparty/collcachelib/coll_cache_lib/cache_context.cu:3946] after create stream, mem is 16.02 GB
Warning, found a larger batch, re allocating emb output now11417201141676
/usr/local/lib/python3.8/dist-packages/torch/nn/parallel/scatter_gather.py:9: UserWarning: is_namedtuple is deprecated, please use the python checks instead
  warnings.warn("is_namedtuple is deprecated, please use the python checks instead")
/usr/local/lib/python3.8/dist-packages/torch/nn/parallel/scatter_gather.py:9: UserWarning: is_namedtuple is deprecated, please use the python checks instead
  warnings.warn("is_namedtuple is deprecated, please use the python checks instead")
/usr/local/lib/python3.8/dist-packages/torch/nn/parallel/scatter_gather.py:9: UserWarning: is_namedtuple is deprecated, please use the python checks instead
  warnings.warn("is_namedtuple is deprecated, please use the python checks instead")
/usr/local/lib/python3.8/dist-packages/torch/nn/parallel/scatter_gather.py:9: UserWarning: is_namedtuple is deprecated, please use the python checks instead
  warnings.warn("is_namedtuple is deprecated, please use the python checks instead")
/usr/local/lib/python3.8/dist-packages/torch/nn/parallel/scatter_gather.py:9: UserWarning: is_namedtuple is deprecated, please use the python checks instead
  warnings.warn("is_namedtuple is deprecated, please use the python checks instead")
/usr/local/lib/python3.8/dist-packages/torch/nn/parallel/scatter_gather.py:9: UserWarning: is_namedtuple is deprecated, please use the python checks instead
  warnings.warn("is_namedtuple is deprecated, please use the python checks instead")
/usr/local/lib/python3.8/dist-packages/torch/nn/parallel/scatter_gather.py:9: UserWarning: is_namedtuple is deprecated, please use the python checks instead
  warnings.warn("is_namedtuple is deprecated, please use the python checks instead")
/usr/local/lib/python3.8/dist-packages/torch/nn/parallel/scatter_gather.py:9: UserWarning: is_namedtuple is deprecated, please use the python checks instead
  warnings.warn("is_namedtuple is deprecated, please use the python checks instead")
