succeed=True
[CUDA] cuda: usage: 6.53 GB
0 :  {link #0 : 1}, {link #1 : 2}, {link #2 : 3}, {link #3 : 4}, {link #4 : 5}, {link #5 : 6}, {link #6 : 7},
1 :  {link #0 : 2}, {link #1 : 3}, {link #2 : 4}, {link #3 : 5}, {link #4 : 6}, {link #5 : 7}, {link #6 : 0},
2 :  {link #0 : 3}, {link #1 : 4}, {link #2 : 5}, {link #3 : 6}, {link #4 : 7}, {link #5 : 0}, {link #6 : 1},
3 :  {link #0 : 4}, {link #1 : 5}, {link #2 : 6}, {link #3 : 7}, {link #4 : 0}, {link #5 : 1}, {link #6 : 2},
4 :  {link #0 : 5}, {link #1 : 6}, {link #2 : 7}, {link #3 : 0}, {link #4 : 1}, {link #5 : 2}, {link #6 : 3},
5 :  {link #0 : 6}, {link #1 : 7}, {link #2 : 0}, {link #3 : 1}, {link #4 : 2}, {link #5 : 3}, {link #6 : 4},
6 :  {link #0 : 7}, {link #1 : 0}, {link #2 : 1}, {link #3 : 2}, {link #4 : 3}, {link #5 : 4}, {link #6 : 5},
7 :  {link #0 : 0}, {link #1 : 1}, {link #2 : 2}, {link #3 : 3}, {link #4 : 4}, {link #5 : 5}, {link #6 : 6},
0 : local 98, cpu 10 {link #0 : g1 8}, {link #1 : g2 8}, {link #2 : g3 8}, {link #3 : g4 8}, {link #4 : g5 8}, {link #5 : g6 8}, {link #6 : g7 8},
1 : local 98, cpu 10 {link #0 : g2 8}, {link #1 : g3 8}, {link #2 : g4 8}, {link #3 : g5 8}, {link #4 : g6 8}, {link #5 : g7 8}, {link #6 : g0 8},
2 : local 98, cpu 10 {link #0 : g3 8}, {link #1 : g4 8}, {link #2 : g5 8}, {link #3 : g6 8}, {link #4 : g7 8}, {link #5 : g0 8}, {link #6 : g1 8},
3 : local 98, cpu 10 {link #0 : g4 8}, {link #1 : g5 8}, {link #2 : g6 8}, {link #3 : g7 8}, {link #4 : g0 8}, {link #5 : g1 8}, {link #6 : g2 8},
4 : local 98, cpu 10 {link #0 : g5 8}, {link #1 : g6 8}, {link #2 : g7 8}, {link #3 : g0 8}, {link #4 : g1 8}, {link #5 : g2 8}, {link #6 : g3 8},
5 : local 98, cpu 10 {link #0 : g6 8}, {link #1 : g7 8}, {link #2 : g0 8}, {link #3 : g1 8}, {link #4 : g2 8}, {link #5 : g3 8}, {link #6 : g4 8},
6 : local 98, cpu 10 {link #0 : g7 8}, {link #1 : g0 8}, {link #2 : g1 8}, {link #3 : g2 8}, {link #4 : g3 8}, {link #5 : g4 8}, {link #6 : g5 8},
7 : local 98, cpu 10 {link #0 : g0 8}, {link #1 : g1 8}, {link #2 : g2 8}, {link #3 : g3 8}, {link #4 : g4 8}, {link #5 : g5 8}, {link #6 : g6 8},
0 :  {link #0 : 1}, {link #1 : 2}, {link #2 : 3}, {link #3 : 4}, {link #4 : 5}, {link #5 : 6}, {link #6 : 7},
1 :  {link #0 : 2}, {link #1 : 3}, {link #2 : 4}, {link #3 : 5}, {link #4 : 6}, {link #5 : 7}, {link #6 : 0},
2 :  {link #0 : 3}, {link #1 : 4}, {link #2 : 5}, {link #3 : 6}, {link #4 : 7}, {link #5 : 0}, {link #6 : 1},
3 :  {link #0 : 4}, {link #1 : 5}, {link #2 : 6}, {link #3 : 7}, {link #4 : 0}, {link #5 : 1}, {link #6 : 2},
4 :  {link #0 : 5}, {link #1 : 6}, {link #2 : 7}, {link #3 : 0}, {link #4 : 1}, {link #5 : 2}, {link #6 : 3},
5 :  {link #0 : 6}, {link #1 : 7}, {link #2 : 0}, {link #3 : 1}, {link #4 : 2}, {link #5 : 3}, {link #6 : 4},
6 :  {link #0 : 7}, {link #1 : 0}, {link #2 : 1}, {link #3 : 2}, {link #4 : 3}, {link #5 : 4}, {link #6 : 5},
7 :  {link #0 : 0}, {link #1 : 1}, {link #2 : 2}, {link #3 : 3}, {link #4 : 4}, {link #5 : 5}, {link #6 : 6},
0 : local 98, cpu 10 {link #0 : g1 8}, {link #1 : g2 8}, {link #2 : g3 8}, {link #3 : g4 8}, {link #4 : g5 8}, {link #5 : g6 8}, {link #6 : g7 8},
1 : local 98, cpu 10 {link #0 : g2 8}, {link #1 : g3 8}, {link #2 : g4 8}, {link #3 : g5 8}, {link #4 : g6 8}, {link #5 : g7 8}, {link #6 : g0 8},
2 : local 98, cpu 10 {link #0 : g3 8}, {link #1 : g4 8}, {link #2 : g5 8}, {link #3 : g6 8}, {link #4 : g7 8}, {link #5 : g0 8}, {link #6 : g1 8},
3 : local 98, cpu 10 {link #0 : g4 8}, {link #1 : g5 8}, {link #2 : g6 8}, {link #3 : g7 8}, {link #4 : g0 8}, {link #5 : g1 8}, {link #6 : g2 8},
4 : local 98, cpu 10 {link #0 : g5 8}, {link #1 : g6 8}, {link #2 : g7 8}, {link #3 : g0 8}, {link #4 : g1 8}, {link #5 : g2 8}, {link #6 : g3 8},
5 : local 98, cpu 10 {link #0 : g6 8}, {link #1 : g7 8}, {link #2 : g0 8}, {link #3 : g1 8}, {link #4 : g2 8}, {link #5 : g3 8}, {link #6 : g4 8},
6 : local 98, cpu 10 {link #0 : g7 8}, {link #1 : g0 8}, {link #2 : g1 8}, {link #3 : g2 8}, {link #4 : g3 8}, {link #5 : g4 8}, {link #6 : g5 8},
7 : local 98, cpu 10 {link #0 : g0 8}, {link #1 : g1 8}, {link #2 : g2 8}, {link #3 : g3 8}, {link #4 : g4 8}, {link #5 : g5 8}, {link #6 : g6 8},
0 :  {link #0 : 1}, {link #1 : 2}, {link #2 : 3}, {link #3 : 4}, {link #4 : 5}, {link #5 : 6}, {link #6 : 7},
1 :  {link #0 : 2}, {link #1 : 3}, {link #2 : 4}, {link #3 : 5}, {link #4 : 6}, {link #5 : 7}, {link #6 : 0},
2 :  {link #0 : 3}, {link #1 : 4}, {link #2 : 5}, {link #3 : 6}, {link #4 : 7}, {link #5 : 0}, {link #6 : 1},
3 :  {link #0 : 4}, {link #1 : 5}, {link #2 : 6}, {link #3 : 7}, {link #4 : 0}, {link #5 : 1}, {link #6 : 2},
4 :  {link #0 : 5}, {link #1 : 6}, {link #2 : 7}, {link #3 : 0}, {link #4 : 1}, {link #5 : 2}, {link #6 : 3},
5 :  {link #0 : 6}, {link #1 : 7}, {link #2 : 0}, {link #3 : 1}, {link #4 : 2}, {link #5 : 3}, {link #6 : 4},
6 :  {link #0 : 7}, {link #1 : 0}, {link #2 : 1}, {link #3 : 2}, {link #4 : 3}, {link #5 : 4}, {link #6 : 5},
7 :  {link #0 : 0}, {link #1 : 1}, {link #2 : 2}, {link #3 : 3}, {link #4 : 4}, {link #5 : 5}, {link #6 : 6},
0 :  {link #0 : 1}, {link #1 : 2}, {link #2 : 3}, {link #3 : 4}, {link #4 : 5}, {link #5 : 6}, {link #6 : 7},
1 :  {link #0 : 2}, {link #1 : 3}, {link #2 : 4}, {link #3 : 5}, {link #4 : 6}, {link #5 : 7}, {link #6 : 0},
2 :  {link #0 : 3}, {link #1 : 4}, {link #2 : 5}, {link #3 : 6}, {link #4 : 7}, {link #5 : 0}, {link #6 : 1},
3 :  {link #0 : 4}, {link #1 : 5}, {link #2 : 6}, {link #3 : 7}, {link #4 : 0}, {link #5 : 1}, {link #6 : 2},
4 :  {link #0 : 5}, {link #1 : 6}, {link #2 : 7}, {link #3 : 0}, {link #4 : 1}, {link #5 : 2}, {link #6 : 3},
5 :  {link #0 : 6}, {link #1 : 7}, {link #2 : 0}, {link #3 : 1}, {link #4 : 2}, {link #5 : 3}, {link #6 : 4},
6 :  {link #0 : 7}, {link #1 : 0}, {link #2 : 1}, {link #3 : 2}, {link #4 : 3}, {link #5 : 4}, {link #6 : 5},
7 :  {link #0 : 0}, {link #1 : 1}, {link #2 : 2}, {link #3 : 3}, {link #4 : 4}, {link #5 : 5}, {link #6 : 6},
0 : local 98, cpu 10 {link #0 : g1 8}, {link #1 : g2 8}, {link #2 : g3 8}, {link #3 : g4 8}, {link #4 : g5 8}, {link #5 : g6 8}, {link #6 : g7 8},
1 : local 98, cpu 10 {link #0 : g2 8}, {link #1 : g3 8}, {link #2 : g4 8}, {link #3 : g5 8}, {link #4 : g6 8}, {link #5 : g7 8}, {link #6 : g0 8},
2 : local 98, cpu 10 {link #0 : g3 8}, {link #1 : g4 8}, {link #2 : g5 8}, {link #3 : g6 8}, {link #4 : g7 8}, {link #5 : g0 8}, {link #6 : g1 8},
3 : local 98, cpu 10 {link #0 : g4 8}, {link #1 : g5 8}, {link #2 : g6 8}, {link #3 : g7 8}, {link #4 : g0 8}, {link #5 : g1 8}, {link #6 : g2 8},
4 : local 98, cpu 10 {link #0 : g5 8}, {link #1 : g6 8}, {link #2 : g7 8}, {link #3 : g0 8}, {link #4 : g1 8}, {link #5 : g2 8}, {link #6 : g3 8},
5 : local 98, cpu 10 {link #0 : g6 8}, {link #1 : g7 8}, {link #2 : g0 8}, {link #3 : g1 8}, {link #4 : g2 8}, {link #5 : g3 8}, {link #6 : g4 8},
6 : local 98, cpu 10 {link #0 : g7 8}, {link #1 : g0 8}, {link #2 : g1 8}, {link #3 : g2 8}, {link #4 : g3 8}, {link #5 : g4 8}, {link #6 : g5 8},
7 : local 98, cpu 10 {link #0 : g0 8}, {link #1 : g1 8}, {link #2 : g2 8}, {link #3 : g3 8}, {link #4 : g4 8}, {link #5 : g5 8}, {link #6 : g6 8},
0 : local 98, cpu 10 {link #0 : g1 8}, {link #1 : g2 8}, {link #2 : g3 8}, {link #3 : g4 8}, {link #4 : g5 8}, {link #5 : g6 8}, {link #6 : g7 8},
1 : local 98, cpu 10 {link #0 : g2 8}, {link #1 : g3 8}, {link #2 : g4 8}, {link #3 : g5 8}, {link #4 : g6 8}, {link #5 : g7 8}, {link #6 : g0 8},
2 : local 98, cpu 10 {link #0 : g3 8}, {link #1 : g4 8}, {link #2 : g5 8}, {link #3 : g6 8}, {link #4 : g7 8}, {link #5 : g0 8}, {link #6 : g1 8},
3 : local 98, cpu 10 {link #0 : g4 8}, {link #1 : g5 8}, {link #2 : g6 8}, {link #3 : g7 8}, {link #4 : g0 8}, {link #5 : g1 8}, {link #6 : g2 8},
4 : local 98, cpu 10 {link #0 : g5 8}, {link #1 : g6 8}, {link #2 : g7 8}, {link #3 : g0 8}, {link #4 : g1 8}, {link #5 : g2 8}, {link #6 : g3 8},
5 : local 98, cpu 10 {link #0 : g6 8}, {link #1 : g7 8}, {link #2 : g0 8}, {link #3 : g1 8}, {link #4 : g2 8}, {link #5 : g3 8}, {link #6 : g4 8},
6 : local 98, cpu 10 {link #0 : g7 8}, {link #1 : g0 8}, {link #2 : g1 8}, {link #3 : g2 8}, {link #4 : g3 8}, {link #5 : g4 8}, {link #6 : g5 8},
7 : local 98, cpu 10 {link #0 : g0 8}, {link #1 : g1 8}, {link #2 : g2 8}, {link #3 : g3 8}, {link #4 : g4 8}, {link #5 : g5 8}, {link #6 : g6 8},
0 :  {link #0 : 1}, {link #1 : 2}, {link #2 : 3}, {link #3 : 4}, {link #4 : 5}, {link #5 : 6}, {link #6 : 7},
1 :  {link #0 : 2}, {link #1 : 3}, {link #2 : 4}, {link #3 : 5}, {link #4 : 6}, {link #5 : 7}, {link #6 : 0},
2 :  {link #0 : 3}, {link #1 : 4}, {link #2 : 5}, {link #3 : 6}, {link #4 : 7}, {link #5 : 0}, {link #6 : 1},
3 :  {link #0 : 4}, {link #1 : 5}, {link #2 : 6}, {link #3 : 7}, {link #4 : 0}, {link #5 : 1}, {link #6 : 2},
4 :  {link #0 : 5}, {link #1 : 6}, {link #2 : 7}, {link #3 : 0}, {link #4 : 1}, {link #5 : 2}, {link #6 : 3},
5 :  {link #0 : 6}, {link #1 : 7}, {link #2 : 0}, {link #3 : 1}, {link #4 : 2}, {link #5 : 3}, {link #6 : 4},
6 :  {link #0 : 7}, {link #1 : 0}, {link #2 : 1}, {link #3 : 2}, {link #4 : 3}, {link #5 : 4}, {link #6 : 5},
7 :  {link #0 : 0}, {link #1 : 1}, {link #2 : 2}, {link #3 : 3}, {link #4 : 4}, {link #5 : 5}, {link #6 : 6},
0 : local 98, cpu 10 {link #0 : g1 8}, {link #1 : g2 8}, {link #2 : g3 8}, {link #3 : g4 8}, {link #4 : g5 8}, {link #5 : g6 8}, {link #6 : g7 8},
1 : local 98, cpu 10 {link #0 : g2 8}, {link #1 : g3 8}, {link #2 : g4 8}, {link #3 : g5 8}, {link #4 : g6 8}, {link #5 : g7 8}, {link #6 : g0 8},
2 : local 98, cpu 10 {link #0 : g3 8}, {link #1 : g4 8}, {link #2 : g5 8}, {link #3 : g6 8}, {link #4 : g7 8}, {link #5 : g0 8}, {link #6 : g1 8},
3 : local 98, cpu 10 {link #0 : g4 8}, {link #1 : g5 8}, {link #2 : g6 8}, {link #3 : g7 8}, {link #4 : g0 8}, {link #5 : g1 8}, {link #6 : g2 8},
4 : local 98, cpu 10 {link #0 : g5 8}, {link #1 : g6 8}, {link #2 : g7 8}, {link #3 : g0 8}, {link #4 : g1 8}, {link #5 : g2 8}, {link #6 : g3 8},
5 : local 98, cpu 10 {link #0 : g6 8}, {link #1 : g7 8}, {link #2 : g0 8}, {link #3 : g1 8}, {link #4 : g2 8}, {link #5 : g3 8}, {link #6 : g4 8},
6 : local 98, cpu 10 {link #0 : g7 8}, {link #1 : g0 8}, {link #2 : g1 8}, {link #3 : g2 8}, {link #4 : g3 8}, {link #5 : g4 8}, {link #6 : g5 8},
7 : local 98, cpu 10 {link #0 : g0 8}, {link #1 : g1 8}, {link #2 : g2 8}, {link #3 : g3 8}, {link #4 : g4 8}, {link #5 : g5 8}, {link #6 : g6 8},
0 :  {link #0 : 1}, {link #1 : 2}, {link #2 : 3}, {link #3 : 4}, {link #4 : 5}, {link #5 : 6}, {link #6 : 7},
1 :  {link #0 : 2}, {link #1 : 3}, {link #2 : 4}, {link #3 : 5}, {link #4 : 6}, {link #5 : 7}, {link #6 : 0},
2 :  {link #0 : 3}, {link #1 : 4}, {link #2 : 5}, {link #3 : 6}, {link #4 : 7}, {link #5 : 0}, {link #6 : 1},
3 :  {link #0 : 4}, {link #1 : 5}, {link #2 : 6}, {link #3 : 7}, {link #4 : 0}, {link #5 : 1}, {link #6 : 2},
4 :  {link #0 : 5}, {link #1 : 6}, {link #2 : 7}, {link #3 : 0}, {link #4 : 1}, {link #5 : 2}, {link #6 : 3},
5 :  {link #0 : 6}, {link #1 : 7}, {link #2 : 0}, {link #3 : 1}, {link #4 : 2}, {link #5 : 3}, {link #6 : 4},
6 :  {link #0 : 7}, {link #1 : 0}, {link #2 : 1}, {link #3 : 2}, {link #4 : 3}, {link #5 : 4}, {link #6 : 5},
7 :  {link #0 : 0}, {link #1 : 1}, {link #2 : 2}, {link #3 : 3}, {link #4 : 4}, {link #5 : 5}, {link #6 : 6},
0 : local 98, cpu 10 {link #0 : g1 8}, {link #1 : g2 8}, {link #2 : g3 8}, {link #3 : g4 8}, {link #4 : g5 8}, {link #5 : g6 8}, {link #6 : g7 8},
1 : local 98, cpu 10 {link #0 : g2 8}, {link #1 : g3 8}, {link #2 : g4 8}, {link #3 : g5 8}, {link #4 : g6 8}, {link #5 : g7 8}, {link #6 : g0 8},
2 : local 98, cpu 10 {link #0 : g3 8}, {link #1 : g4 8}, {link #2 : g5 8}, {link #3 : g6 8}, {link #4 : g7 8}, {link #5 : g0 8}, {link #6 : g1 8},
3 : local 98, cpu 10 {link #0 : g4 8}, {link #1 : g5 8}, {link #2 : g6 8}, {link #3 : g7 8}, {link #4 : g0 8}, {link #5 : g1 8}, {link #6 : g2 8},
4 : local 98, cpu 10 {link #0 : g5 8}, {link #1 : g6 8}, {link #2 : g7 8}, {link #3 : g0 8}, {link #4 : g1 8}, {link #5 : g2 8}, {link #6 : g3 8},
5 : local 98, cpu 10 {link #0 : g6 8}, {link #1 : g7 8}, {link #2 : g0 8}, {link #3 : g1 8}, {link #4 : g2 8}, {link #5 : g3 8}, {link #6 : g4 8},
6 : local 98, cpu 10 {link #0 : g7 8}, {link #1 : g0 8}, {link #2 : g1 8}, {link #3 : g2 8}, {link #4 : g3 8}, {link #5 : g4 8}, {link #6 : g5 8},
7 : local 98, cpu 10 {link #0 : g0 8}, {link #1 : g1 8}, {link #2 : g2 8}, {link #3 : g3 8}, {link #4 : g4 8}, {link #5 : g5 8}, {link #6 : g6 8},
0 :  {link #0 : 1}, {link #1 : 2}, {link #2 : 3}, {link #3 : 4}, {link #4 : 5}, {link #5 : 6}, {link #6 : 7},
1 :  {link #0 : 2}, {link #1 : 3}, {link #2 : 4}, {link #3 : 5}, {link #4 : 6}, {link #5 : 7}, {link #6 : 0},
2 :  {link #0 : 3}, {link #1 : 4}, {link #2 : 5}, {link #3 : 6}, {link #4 : 7}, {link #5 : 0}, {link #6 : 1},
3 :  {link #0 : 4}, {link #1 : 5}, {link #2 : 6}, {link #3 : 7}, {link #4 : 0}, {link #5 : 1}, {link #6 : 2},
4 :  {link #0 : 5}, {link #1 : 6}, {link #2 : 7}, {link #3 : 0}, {link #4 : 1}, {link #5 : 2}, {link #6 : 3},
5 :  {link #0 : 6}, {link #1 : 7}, {link #2 : 0}, {link #3 : 1}, {link #4 : 2}, {link #5 : 3}, {link #6 : 4},
6 :  {link #0 : 7}, {link #1 : 0}, {link #2 : 1}, {link #3 : 2}, {link #4 : 3}, {link #5 : 4}, {link #6 : 5},
7 :  {link #0 : 0}, {link #1 : 1}, {link #2 : 2}, {link #3 : 3}, {link #4 : 4}, {link #5 : 5}, {link #6 : 6},
0 : local 98, cpu 10 {link #0 : g1 8}, {link #1 : g2 8}, {link #2 : g3 8}, {link #3 : g4 8}, {link #4 : g5 8}, {link #5 : g6 8}, {link #6 : g7 8},
1 : local 98, cpu 10 {link #0 : g2 8}, {link #1 : g3 8}, {link #2 : g4 8}, {link #3 : g5 8}, {link #4 : g6 8}, {link #5 : g7 8}, {link #6 : g0 8},
2 : local 98, cpu 10 {link #0 : g3 8}, {link #1 : g4 8}, {link #2 : g5 8}, {link #3 : g6 8}, {link #4 : g7 8}, {link #5 : g0 8}, {link #6 : g1 8},
3 : local 98, cpu 10 {link #0 : g4 8}, {link #1 : g5 8}, {link #2 : g6 8}, {link #3 : g7 8}, {link #4 : g0 8}, {link #5 : g1 8}, {link #6 : g2 8},
4 : local 98, cpu 10 {link #0 : g5 8}, {link #1 : g6 8}, {link #2 : g7 8}, {link #3 : g0 8}, {link #4 : g1 8}, {link #5 : g2 8}, {link #6 : g3 8},
5 : local 98, cpu 10 {link #0 : g6 8}, {link #1 : g7 8}, {link #2 : g0 8}, {link #3 : g1 8}, {link #4 : g2 8}, {link #5 : g3 8}, {link #6 : g4 8},
6 : local 98, cpu 10 {link #0 : g7 8}, {link #1 : g0 8}, {link #2 : g1 8}, {link #3 : g2 8}, {link #4 : g3 8}, {link #5 : g4 8}, {link #6 : g5 8},
7 : local 98, cpu 10 {link #0 : g0 8}, {link #1 : g1 8}, {link #2 : g2 8}, {link #3 : g3 8}, {link #4 : g4 8}, {link #5 : g5 8}, {link #6 : g6 8},
0 :  {link #0 : 1}, {link #1 : 2}, {link #2 : 3}, {link #3 : 4}, {link #4 : 5}, {link #5 : 6}, {link #6 : 7},
1 :  {link #0 : 2}, {link #1 : 3}, {link #2 : 4}, {link #3 : 5}, {link #4 : 6}, {link #5 : 7}, {link #6 : 0},
2 :  {link #0 : 3}, {link #1 : 4}, {link #2 : 5}, {link #3 : 6}, {link #4 : 7}, {link #5 : 0}, {link #6 : 1},
3 :  {link #0 : 4}, {link #1 : 5}, {link #2 : 6}, {link #3 : 7}, {link #4 : 0}, {link #5 : 1}, {link #6 : 2},
4 :  {link #0 : 5}, {link #1 : 6}, {link #2 : 7}, {link #3 : 0}, {link #4 : 1}, {link #5 : 2}, {link #6 : 3},
5 :  {link #0 : 6}, {link #1 : 7}, {link #2 : 0}, {link #3 : 1}, {link #4 : 2}, {link #5 : 3}, {link #6 : 4},
6 :  {link #0 : 7}, {link #1 : 0}, {link #2 : 1}, {link #3 : 2}, {link #4 : 3}, {link #5 : 4}, {link #6 : 5},
7 :  {link #0 : 0}, {link #1 : 1}, {link #2 : 2}, {link #3 : 3}, {link #4 : 4}, {link #5 : 5}, {link #6 : 6},
0 : local 98, cpu 10 {link #0 : g1 8}, {link #1 : g2 8}, {link #2 : g3 8}, {link #3 : g4 8}, {link #4 : g5 8}, {link #5 : g6 8}, {link #6 : g7 8},
1 : local 98, cpu 10 {link #0 : g2 8}, {link #1 : g3 8}, {link #2 : g4 8}, {link #3 : g5 8}, {link #4 : g6 8}, {link #5 : g7 8}, {link #6 : g0 8},
2 : local 98, cpu 10 {link #0 : g3 8}, {link #1 : g4 8}, {link #2 : g5 8}, {link #3 : g6 8}, {link #4 : g7 8}, {link #5 : g0 8}, {link #6 : g1 8},
3 : local 98, cpu 10 {link #0 : g4 8}, {link #1 : g5 8}, {link #2 : g6 8}, {link #3 : g7 8}, {link #4 : g0 8}, {link #5 : g1 8}, {link #6 : g2 8},
4 : local 98, cpu 10 {link #0 : g5 8}, {link #1 : g6 8}, {link #2 : g7 8}, {link #3 : g0 8}, {link #4 : g1 8}, {link #5 : g2 8}, {link #6 : g3 8},
5 : local 98, cpu 10 {link #0 : g6 8}, {link #1 : g7 8}, {link #2 : g0 8}, {link #3 : g1 8}, {link #4 : g2 8}, {link #5 : g3 8}, {link #6 : g4 8},
6 : local 98, cpu 10 {link #0 : g7 8}, {link #1 : g0 8}, {link #2 : g1 8}, {link #3 : g2 8}, {link #4 : g3 8}, {link #5 : g4 8}, {link #6 : g5 8},
7 : local 98, cpu 10 {link #0 : g0 8}, {link #1 : g1 8}, {link #2 : g2 8}, {link #3 : g3 8}, {link #4 : g4 8}, {link #5 : g5 8}, {link #6 : g6 8},
Set parameter WLSAccessID
Set parameter WLSSecret
Set parameter LicenseID
Set parameter TimeLimit to value 200
Set parameter MIPGap to value 0.05
Set parameter LogFile to value "cppsolver.log"
Set parameter Threads to value 56
Academic license - for non-commercial use only - registered to xiaoniu.sxn@sjtu.edu.cn
Gurobi Optimizer version 9.5.1 build v9.5.1rc2 (linux64)
Thread count: 56 physical cores, 112 logical processors, using up to 56 threads
Academic license - for non-commercial use only - registered to xiaoniu.sxn@sjtu.edu.cn
Optimize a model with 128224 rows, 18274 columns and 314800 nonzeros
Model fingerprint: 0xb1fa0733
Variable types: 9 continuous, 18265 integer (18265 binary)
Coefficient statistics:
  Matrix range     [8e-09, 3e+05]
  Objective range  [1e+00, 1e+00]
  Bounds range     [1e+00, 1e+00]
  RHS range        [1e+00, 1e+05]
Warning: Model contains large matrix coefficient range
         Consider reformulating model or setting NumericFocus parameter
         to avoid numerical issues.
Found heuristic solution: objective 584229.51828
Presolve removed 111512 rows and 1309 columns
Presolve time: 0.17s
Presolved: 16712 rows, 16965 columns, 50112 nonzeros
Variable types: 0 continuous, 16965 integer (16965 binary)
Found heuristic solution: objective 578719.87407

Root relaxation: objective 1.948946e+05, 14543 iterations, 0.43 seconds (0.42 work units)

    Nodes    |    Current Node    |     Objective Bounds      |     Work
 Expl Unexpl |  Obj  Depth IntInf | Incumbent    BestBd   Gap | It/Node Time

     0     0 194894.625    0  105 578719.874 194894.625  66.3%     -    0s
H    0     0                    275533.75352 194894.625  29.3%     -    0s
H    0     0                    203259.16723 194894.625  4.12%     -    0s

Explored 1 nodes (29510 simplex iterations) in 0.88 seconds (0.93 work units)
Thread count was 56 (of 112 available processors)

Solution count 4: 203259 275534 578720 584230 

Optimal solution found (tolerance 5.00e-02)
Best objective 2.032591672251e+05, best bound 1.948946251103e+05, gap 4.1152%
coll_cache:optimal_local_rate=0.0905182,0.0945919,0.0960527,0.0870535,0.0672603,0.120993,0.0755473,0.0930182,
coll_cache:optimal_remote_rate=0.614301,0.610227,0.608766,0.617766,0.637559,0.583826,0.629272,0.611801,
coll_cache:optimal_cpu_rate=0.295181,0.295181,0.295181,0.295181,0.295181,0.295181,0.295181,0.295181,
z=203259
test_result:init:feat_nbytes=67182966784
test_result:init:cache_nbytes=1410841600
test_result:init:feat_nbytes=67182966784
test_result:init:cache_nbytes=1410841600
test_result:init:feat_nbytes=67182966784
test_result:init:cache_nbytes=1410841600
test_result:init:feat_nbytes=67182966784
test_result:init:cache_nbytes=1410841600
test_result:init:feat_nbytes=67182966784
test_result:init:cache_nbytes=1410841600
test_result:init:feat_nbytes=67182966784
test_result:init:cache_nbytes=1410841600
test_result:init:feat_nbytes=67182966784
test_result:init:cache_nbytes=1410841600
test_result:init:feat_nbytes=67182966784
test_result:init:cache_nbytes=1410841600
    [Step(average) Profiler Level 1 E3 S999]
        L1  sample           0.003613 | send           0.000000
        L1  recv             0.000000 | copy           0.055393 | convert time 0.000000 | train  0.010385
        L1  feature nbytes    2.21 GB | label nbytes 0.00 Bytes
        L1  id nbytes      0.00 Bytes | graph nbytes 0.00 Bytes
        L1  miss nbytes     672.20 MB | remote nbytes    1.36 GB
        L1  num nodes               0 | num samples           0
        L1  seq duration     0.000000 | refresh duration   0.000000
    [Step(average) Profiler Level 2 E3 S999]
        L2  shuffle     0.000000 | core sample  0.000000 | id remap        0.000000
        L2  graph copy  0.000000 | id copy      0.000000 | cache feat copy 0.055393
        L2  last layer sample time 0.000000 | size 0.000000
    [Step(average) Profiler Level 3 E3 S999]
        L3  khop sample coo  0.000000 | khop sort coo      0.000000 | khop count edge     0.000000 | khop compact edge 0.000000
        L3  walk sample coo  0.000000 | walk topk total    0.000000 | walk topk step1     0.000000 | walk topk step2   0.000000
        L3  walk topk step3  0.000000 | walk topk step4    0.000000 | walk topk step5     0.000000
        L3  walk topk step6  0.000000 | walk topk step7    0.000000
        L3  remap unique     0.000000 | remap populate     0.000000 | remap mapnode       0.000000 | remap mapedge     0.000000
        L3  cache get_index  0.000579 | cache copy_index   0.000000 | cache extract_miss  0.000000
        L3  cache copy_miss  0.000000 | cache combine_miss 0.054776 | cache combine cache 0.001388 | cache combine remote 0.006691
        L3  label extract  0.000000
    [Profiler Level Percentiles E3 S999]
        p50.00_tail_logl2featcopy=0.055254
        p90.00_tail_logl2featcopy=0.058994
        p95.00_tail_logl2featcopy=0.059209
        p99.00_tail_logl2featcopy=0.059435
        p99.90_tail_logl2featcopy=0.072836
[CUDA] cuda: usage: 15.19 GB
Rank=1, Graph loaded.
!!!!dist_homo_graph enumerate latency per epoch: 0.006323, per step: 0.000051
presamping
presamping takes 10.608621835708618
config:eval_tsp="2023-04-14 21:48:53"
config:num_worker=8
config:num_intra_size=8
config:root_dir=/nvme/songxiaoniu/graph-learning/wholegraph
config:graph_name=com-friendster
config:epochs=4
config:batchsize=4000
config:skip_epoch=2
config:local_step=125
config:presc_epoch=2
config:neighbors=10,25
config:hiddensize=256
config:num_layer=2
config:model=sage
config:framework=dgl
config:dataloaderworkers=0
config:dropout=0.5
config:lr=0.003
config:use_nccl=False
config:use_amp=False
config:use_collcache=True
config:cache_percentage=0.02
config:cache_policy=coll_cache_asymm_link
config:omp_thread_num=56
config:unsupervised=True
config:classnum=100
config:global_barrier=<multiprocessing.synchronize.Barrier object at 0x7fa2114ff370>
config:worker_id=0
creating_intra_node_communicator root=0, local_size=8, world_size=8
Rank=0, Graph loaded.
!!!!dist_homo_graph enumerate latency per epoch: 0.006374, per step: 0.000051
epoch=4 total_steps=500
presamping
presamping takes 10.702274322509766
start training...
[Epoch 0], time=9.96196699142456, loss=0.6931472420692444
[Epoch 1], time=8.679401159286499, loss=0.6931472420692444
[Epoch 2], time=8.679839372634888, loss=0.6931472420692444
[Epoch 3], time=8.679067850112915, loss=0.6931472420692444
|===========================================================================|
|                  PyTorch CUDA memory summary, device ID 0                 |
|---------------------------------------------------------------------------|
|            CUDA OOMs: 0            |        cudaMalloc retries: 0         |
|===========================================================================|
|        Metric         | Cur Usage  | Peak Usage | Tot Alloc  | Tot Freed  |
|---------------------------------------------------------------------------|
| Allocated memory      |  150848 KB |  756482 KB |    1038 GB |    1038 GB |
|       from large pool |  140232 KB |  746343 KB |    1024 GB |    1024 GB |
|       from small pool |   10616 KB |   14831 KB |      14 GB |      14 GB |
|---------------------------------------------------------------------------|
| Active memory         |  150848 KB |  756482 KB |    1038 GB |    1038 GB |
|       from large pool |  140232 KB |  746343 KB |    1024 GB |    1024 GB |
|       from small pool |   10616 KB |   14831 KB |      14 GB |      14 GB |
|---------------------------------------------------------------------------|
| GPU reserved memory   |    1374 MB |    1374 MB |    1374 MB |       0 B  |
|       from large pool |    1354 MB |    1354 MB |    1354 MB |       0 B  |
|       from small pool |      20 MB |      20 MB |      20 MB |       0 B  |
|---------------------------------------------------------------------------|
| Non-releasable memory |   96960 KB |  198171 KB |  246177 MB |  246082 MB |
|       from large pool |   91192 KB |  191901 KB |  230570 MB |  230481 MB |
|       from small pool |    5768 KB |   10528 KB |   15606 MB |   15601 MB |
|---------------------------------------------------------------------------|
| Allocations           |      62    |      78    |   95940    |   95878    |
|       from large pool |      12    |      20    |   26277    |   26265    |
|       from small pool |      50    |      61    |   69663    |   69613    |
|---------------------------------------------------------------------------|
| Active allocs         |      62    |      78    |   95940    |   95878    |
|       from large pool |      12    |      20    |   26277    |   26265    |
|       from small pool |      50    |      61    |   69663    |   69613    |
|---------------------------------------------------------------------------|
| GPU reserved segments |      31    |      31    |      31    |       0    |
|       from large pool |      21    |      21    |      21    |       0    |
|       from small pool |      10    |      10    |      10    |       0    |
|---------------------------------------------------------------------------|
| Non-releasable allocs |      27    |      44    |   31059    |   31032    |
|       from large pool |       6    |      19    |   15036    |   15030    |
|       from small pool |      21    |      29    |   16023    |   16002    |
|---------------------------------------------------------------------------|
| Oversize allocations  |       0    |       0    |       0    |       0    |
|---------------------------------------------------------------------------|
| Oversize GPU segments |       0    |       0    |       0    |       0    |
|===========================================================================|

[TRAIN_TIME] train time is 36.001419 seconds
[EPOCH_TIME] 9.000355 seconds, maybe large due to not enough epoch skipped.
[EPOCH_TIME] 8.679581 seconds
Rank=4, Graph loaded.
!!!!dist_homo_graph enumerate latency per epoch: 0.005534, per step: 0.000044
presamping
presamping takes 11.138078927993774
Rank=6, Graph loaded.
!!!!dist_homo_graph enumerate latency per epoch: 0.006374, per step: 0.000051
presamping
presamping takes 11.542142868041992
Rank=3, Graph loaded.
!!!!dist_homo_graph enumerate latency per epoch: 0.007246, per step: 0.000058
presamping
presamping takes 12.461941003799438
Rank=5, Graph loaded.
!!!!dist_homo_graph enumerate latency per epoch: 0.005253, per step: 0.000042
presamping
presamping takes 11.299842119216919
Rank=2, Graph loaded.
!!!!dist_homo_graph enumerate latency per epoch: 0.007278, per step: 0.000058
presamping
presamping takes 10.599234342575073
Rank=7, Graph loaded.
!!!!dist_homo_graph enumerate latency per epoch: 0.004807, per step: 0.000038
presamping
presamping takes 9.859861373901367

