succeed=True
[CUDA] cuda: usage: 6.53 GB
0 :  {link #0 : 1}, {link #1 : 2}, {link #2 : 3}, {link #3 : 4}, {link #4 : 5}, {link #5 : 6}, {link #6 : 7},
1 :  {link #0 : 2}, {link #1 : 3}, {link #2 : 4}, {link #3 : 5}, {link #4 : 6}, {link #5 : 7}, {link #6 : 0},
2 :  {link #0 : 3}, {link #1 : 4}, {link #2 : 5}, {link #3 : 6}, {link #4 : 7}, {link #5 : 0}, {link #6 : 1},
3 :  {link #0 : 4}, {link #1 : 5}, {link #2 : 6}, {link #3 : 7}, {link #4 : 0}, {link #5 : 1}, {link #6 : 2},
4 :  {link #0 : 5}, {link #1 : 6}, {link #2 : 7}, {link #3 : 0}, {link #4 : 1}, {link #5 : 2}, {link #6 : 3},
5 :  {link #0 : 6}, {link #1 : 7}, {link #2 : 0}, {link #3 : 1}, {link #4 : 2}, {link #5 : 3}, {link #6 : 4},
6 :  {link #0 : 7}, {link #1 : 0}, {link #2 : 1}, {link #3 : 2}, {link #4 : 3}, {link #5 : 4}, {link #6 : 5},
7 :  {link #0 : 0}, {link #1 : 1}, {link #2 : 2}, {link #3 : 3}, {link #4 : 4}, {link #5 : 5}, {link #6 : 6},
0 : local 108, cpu 0 {link #0 : g1 0}, {link #1 : g2 0}, {link #2 : g3 0}, {link #3 : g4 0}, {link #4 : g5 0}, {link #5 : g6 0}, {link #6 : g7 0},
1 : local 108, cpu 0 {link #0 : g2 0}, {link #1 : g3 0}, {link #2 : g4 0}, {link #3 : g5 0}, {link #4 : g6 0}, {link #5 : g7 0}, {link #6 : g0 0},
2 : local 108, cpu 0 {link #0 : g3 0}, {link #1 : g4 0}, {link #2 : g5 0}, {link #3 : g6 0}, {link #4 : g7 0}, {link #5 : g0 0}, {link #6 : g1 0},
3 : local 108, cpu 0 {link #0 : g4 0}, {link #1 : g5 0}, {link #2 : g6 0}, {link #3 : g7 0}, {link #4 : g0 0}, {link #5 : g1 0}, {link #6 : g2 0},
4 : local 108, cpu 0 {link #0 : g5 0}, {link #1 : g6 0}, {link #2 : g7 0}, {link #3 : g0 0}, {link #4 : g1 0}, {link #5 : g2 0}, {link #6 : g3 0},
5 : local 108, cpu 0 {link #0 : g6 0}, {link #1 : g7 0}, {link #2 : g0 0}, {link #3 : g1 0}, {link #4 : g2 0}, {link #5 : g3 0}, {link #6 : g4 0},
6 : local 108, cpu 0 {link #0 : g7 0}, {link #1 : g0 0}, {link #2 : g1 0}, {link #3 : g2 0}, {link #4 : g3 0}, {link #5 : g4 0}, {link #6 : g5 0},
7 : local 108, cpu 0 {link #0 : g0 0}, {link #1 : g1 0}, {link #2 : g2 0}, {link #3 : g3 0}, {link #4 : g4 0}, {link #5 : g5 0}, {link #6 : g6 0},
0 :  {link #0 : 1}, {link #1 : 2}, {link #2 : 3}, {link #3 : 4}, {link #4 : 5}, {link #5 : 6}, {link #6 : 7},
1 :  {link #0 : 2}, {link #1 : 3}, {link #2 : 4}, {link #3 : 5}, {link #4 : 6}, {link #5 : 7}, {link #6 : 0},
2 :  {link #0 : 3}, {link #1 : 4}, {link #2 : 5}, {link #3 : 6}, {link #4 : 7}, {link #5 : 0}, {link #6 : 1},
3 :  {link #0 : 4}, {link #1 : 5}, {link #2 : 6}, {link #3 : 7}, {link #4 : 0}, {link #5 : 1}, {link #6 : 2},
4 :  {link #0 : 5}, {link #1 : 6}, {link #2 : 7}, {link #3 : 0}, {link #4 : 1}, {link #5 : 2}, {link #6 : 3},
5 :  {link #0 : 6}, {link #1 : 7}, {link #2 : 0}, {link #3 : 1}, {link #4 : 2}, {link #5 : 3}, {link #6 : 4},
6 :  {link #0 : 7}, {link #1 : 0}, {link #2 : 1}, {link #3 : 2}, {link #4 : 3}, {link #5 : 4}, {link #6 : 5},
7 :  {link #0 : 0}, {link #1 : 1}, {link #2 : 2}, {link #3 : 3}, {link #4 : 4}, {link #5 : 5}, {link #6 : 6},
0 : local 108, cpu 0 {link #0 : g1 0}, {link #1 : g2 0}, {link #2 : g3 0}, {link #3 : g4 0}, {link #4 : g5 0}, {link #5 : g6 0}, {link #6 : g7 0},
1 : local 108, cpu 0 {link #0 : g2 0}, {link #1 : g3 0}, {link #2 : g4 0}, {link #3 : g5 0}, {link #4 : g6 0}, {link #5 : g7 0}, {link #6 : g0 0},
2 : local 108, cpu 0 {link #0 : g3 0}, {link #1 : g4 0}, {link #2 : g5 0}, {link #3 : g6 0}, {link #4 : g7 0}, {link #5 : g0 0}, {link #6 : g1 0},
3 : local 108, cpu 0 {link #0 : g4 0}, {link #1 : g5 0}, {link #2 : g6 0}, {link #3 : g7 0}, {link #4 : g0 0}, {link #5 : g1 0}, {link #6 : g2 0},
4 : local 108, cpu 0 {link #0 : g5 0}, {link #1 : g6 0}, {link #2 : g7 0}, {link #3 : g0 0}, {link #4 : g1 0}, {link #5 : g2 0}, {link #6 : g3 0},
5 : local 108, cpu 0 {link #0 : g6 0}, {link #1 : g7 0}, {link #2 : g0 0}, {link #3 : g1 0}, {link #4 : g2 0}, {link #5 : g3 0}, {link #6 : g4 0},
6 : local 108, cpu 0 {link #0 : g7 0}, {link #1 : g0 0}, {link #2 : g1 0}, {link #3 : g2 0}, {link #4 : g3 0}, {link #5 : g4 0}, {link #6 : g5 0},
7 : local 108, cpu 0 {link #0 : g0 0}, {link #1 : g1 0}, {link #2 : g2 0}, {link #3 : g3 0}, {link #4 : g4 0}, {link #5 : g5 0}, {link #6 : g6 0},
0 :  {link #0 : 1}, {link #1 : 2}, {link #2 : 3}, {link #3 : 4}, {link #4 : 5}, {link #5 : 6}, {link #6 : 7},
1 :  {link #0 : 2}, {link #1 : 3}, {link #2 : 4}, {link #3 : 5}, {link #4 : 6}, {link #5 : 7}, {link #6 : 0},
2 :  {link #0 : 3}, {link #1 : 4}, {link #2 : 5}, {link #3 : 6}, {link #4 : 7}, {link #5 : 0}, {link #6 : 1},
3 :  {link #0 : 4}, {link #1 : 5}, {link #2 : 6}, {link #3 : 7}, {link #4 : 0}, {link #5 : 1}, {link #6 : 2},
4 :  {link #0 : 5}, {link #1 : 6}, {link #2 : 7}, {link #3 : 0}, {link #4 : 1}, {link #5 : 2}, {link #6 : 3},
5 :  {link #0 : 6}, {link #1 : 7}, {link #2 : 0}, {link #3 : 1}, {link #4 : 2}, {link #5 : 3}, {link #6 : 4},
6 :  {link #0 : 7}, {link #1 : 0}, {link #2 : 1}, {link #3 : 2}, {link #4 : 3}, {link #5 : 4}, {link #6 : 5},
7 :  {link #0 : 0}, {link #1 : 1}, {link #2 : 2}, {link #3 : 3}, {link #4 : 4}, {link #5 : 5}, {link #6 : 6},
0 :  {link #0 : 1}, {link #1 : 2}, {link #2 : 3}, {link #3 : 4}, {link #4 : 5}, {link #5 : 6}, {link #6 : 7},
1 :  {link #0 : 2}, {link #1 : 3}, {link #2 : 4}, {link #3 : 5}, {link #4 : 6}, {link #5 : 7}, {link #6 : 0},
2 :  {link #0 : 3}, {link #1 : 4}, {link #2 : 5}, {link #3 : 6}, {link #4 : 7}, {link #5 : 0}, {link #6 : 1},
3 :  {link #0 : 4}, {link #1 : 5}, {link #2 : 6}, {link #3 : 7}, {link #4 : 0}, {link #5 : 1}, {link #6 : 2},
4 :  {link #0 : 5}, {link #1 : 6}, {link #2 : 7}, {link #3 : 0}, {link #4 : 1}, {link #5 : 2}, {link #6 : 3},
5 :  {link #0 : 6}, {link #1 : 7}, {link #2 : 0}, {link #3 : 1}, {link #4 : 2}, {link #5 : 3}, {link #6 : 4},
6 :  {link #0 : 7}, {link #1 : 0}, {link #2 : 1}, {link #3 : 2}, {link #4 : 3}, {link #5 : 4}, {link #6 : 5},
7 :  {link #0 : 0}, {link #1 : 1}, {link #2 : 2}, {link #3 : 3}, {link #4 : 4}, {link #5 : 5}, {link #6 : 6},
0 : local 108, cpu 0 {link #0 : g1 0}, {link #1 : g2 0}, {link #2 : g3 0}, {link #3 : g4 0}, {link #4 : g5 0}, {link #5 : g6 0}, {link #6 : g7 0},
1 : local 108, cpu 0 {link #0 : g2 0}, {link #1 : g3 0}, {link #2 : g4 0}, {link #3 : g5 0}, {link #4 : g6 0}, {link #5 : g7 0}, {link #6 : g0 0},
2 : local 108, cpu 0 {link #0 : g3 0}, {link #1 : g4 0}, {link #2 : g5 0}, {link #3 : g6 0}, {link #4 : g7 0}, {link #5 : g0 0}, {link #6 : g1 0},
3 : local 108, cpu 0 {link #0 : g4 0}, {link #1 : g5 0}, {link #2 : g6 0}, {link #3 : g7 0}, {link #4 : g0 0}, {link #5 : g1 0}, {link #6 : g2 0},
4 : local 108, cpu 0 {link #0 : g5 0}, {link #1 : g6 0}, {link #2 : g7 0}, {link #3 : g0 0}, {link #4 : g1 0}, {link #5 : g2 0}, {link #6 : g3 0},
5 : local 108, cpu 0 {link #0 : g6 0}, {link #1 : g7 0}, {link #2 : g0 0}, {link #3 : g1 0}, {link #4 : g2 0}, {link #5 : g3 0}, {link #6 : g4 0},
6 : local 108, cpu 0 {link #0 : g7 0}, {link #1 : g0 0}, {link #2 : g1 0}, {link #3 : g2 0}, {link #4 : g3 0}, {link #5 : g4 0}, {link #6 : g5 0},
7 : local 108, cpu 0 {link #0 : g0 0}, {link #1 : g1 0}, {link #2 : g2 0}, {link #3 : g3 0}, {link #4 : g4 0}, {link #5 : g5 0}, {link #6 : g6 0},
0 : local 108, cpu 0 {link #0 : g1 0}, {link #1 : g2 0}, {link #2 : g3 0}, {link #3 : g4 0}, {link #4 : g5 0}, {link #5 : g6 0}, {link #6 : g7 0},
1 : local 108, cpu 0 {link #0 : g2 0}, {link #1 : g3 0}, {link #2 : g4 0}, {link #3 : g5 0}, {link #4 : g6 0}, {link #5 : g7 0}, {link #6 : g0 0},
2 : local 108, cpu 0 {link #0 : g3 0}, {link #1 : g4 0}, {link #2 : g5 0}, {link #3 : g6 0}, {link #4 : g7 0}, {link #5 : g0 0}, {link #6 : g1 0},
3 : local 108, cpu 0 {link #0 : g4 0}, {link #1 : g5 0}, {link #2 : g6 0}, {link #3 : g7 0}, {link #4 : g0 0}, {link #5 : g1 0}, {link #6 : g2 0},
4 : local 108, cpu 0 {link #0 : g5 0}, {link #1 : g6 0}, {link #2 : g7 0}, {link #3 : g0 0}, {link #4 : g1 0}, {link #5 : g2 0}, {link #6 : g3 0},
5 : local 108, cpu 0 {link #0 : g6 0}, {link #1 : g7 0}, {link #2 : g0 0}, {link #3 : g1 0}, {link #4 : g2 0}, {link #5 : g3 0}, {link #6 : g4 0},
6 : local 108, cpu 0 {link #0 : g7 0}, {link #1 : g0 0}, {link #2 : g1 0}, {link #3 : g2 0}, {link #4 : g3 0}, {link #5 : g4 0}, {link #6 : g5 0},
7 : local 108, cpu 0 {link #0 : g0 0}, {link #1 : g1 0}, {link #2 : g2 0}, {link #3 : g3 0}, {link #4 : g4 0}, {link #5 : g5 0}, {link #6 : g6 0},
0 :  {link #0 : 1}, {link #1 : 2}, {link #2 : 3}, {link #3 : 4}, {link #4 : 5}, {link #5 : 6}, {link #6 : 7},
1 :  {link #0 : 2}, {link #1 : 3}, {link #2 : 4}, {link #3 : 5}, {link #4 : 6}, {link #5 : 7}, {link #6 : 0},
2 :  {link #0 : 3}, {link #1 : 4}, {link #2 : 5}, {link #3 : 6}, {link #4 : 7}, {link #5 : 0}, {link #6 : 1},
3 :  {link #0 : 4}, {link #1 : 5}, {link #2 : 6}, {link #3 : 7}, {link #4 : 0}, {link #5 : 1}, {link #6 : 2},
4 :  {link #0 : 5}, {link #1 : 6}, {link #2 : 7}, {link #3 : 0}, {link #4 : 1}, {link #5 : 2}, {link #6 : 3},
5 :  {link #0 : 6}, {link #1 : 7}, {link #2 : 0}, {link #3 : 1}, {link #4 : 2}, {link #5 : 3}, {link #6 : 4},
6 :  {link #0 : 7}, {link #1 : 0}, {link #2 : 1}, {link #3 : 2}, {link #4 : 3}, {link #5 : 4}, {link #6 : 5},
7 :  {link #0 : 0}, {link #1 : 1}, {link #2 : 2}, {link #3 : 3}, {link #4 : 4}, {link #5 : 5}, {link #6 : 6},
0 : local 108, cpu 0 {link #0 : g1 0}, {link #1 : g2 0}, {link #2 : g3 0}, {link #3 : g4 0}, {link #4 : g5 0}, {link #5 : g6 0}, {link #6 : g7 0},
1 : local 108, cpu 0 {link #0 : g2 0}, {link #1 : g3 0}, {link #2 : g4 0}, {link #3 : g5 0}, {link #4 : g6 0}, {link #5 : g7 0}, {link #6 : g0 0},
2 : local 108, cpu 0 {link #0 : g3 0}, {link #1 : g4 0}, {link #2 : g5 0}, {link #3 : g6 0}, {link #4 : g7 0}, {link #5 : g0 0}, {link #6 : g1 0},
3 : local 108, cpu 0 {link #0 : g4 0}, {link #1 : g5 0}, {link #2 : g6 0}, {link #3 : g7 0}, {link #4 : g0 0}, {link #5 : g1 0}, {link #6 : g2 0},
4 : local 108, cpu 0 {link #0 : g5 0}, {link #1 : g6 0}, {link #2 : g7 0}, {link #3 : g0 0}, {link #4 : g1 0}, {link #5 : g2 0}, {link #6 : g3 0},
5 : local 108, cpu 0 {link #0 : g6 0}, {link #1 : g7 0}, {link #2 : g0 0}, {link #3 : g1 0}, {link #4 : g2 0}, {link #5 : g3 0}, {link #6 : g4 0},
6 : local 108, cpu 0 {link #0 : g7 0}, {link #1 : g0 0}, {link #2 : g1 0}, {link #3 : g2 0}, {link #4 : g3 0}, {link #5 : g4 0}, {link #6 : g5 0},
7 : local 108, cpu 0 {link #0 : g0 0}, {link #1 : g1 0}, {link #2 : g2 0}, {link #3 : g3 0}, {link #4 : g4 0}, {link #5 : g5 0}, {link #6 : g6 0},
0 :  {link #0 : 1}, {link #1 : 2}, {link #2 : 3}, {link #3 : 4}, {link #4 : 5}, {link #5 : 6}, {link #6 : 7},
1 :  {link #0 : 2}, {link #1 : 3}, {link #2 : 4}, {link #3 : 5}, {link #4 : 6}, {link #5 : 7}, {link #6 : 0},
2 :  {link #0 : 3}, {link #1 : 4}, {link #2 : 5}, {link #3 : 6}, {link #4 : 7}, {link #5 : 0}, {link #6 : 1},
3 :  {link #0 : 4}, {link #1 : 5}, {link #2 : 6}, {link #3 : 7}, {link #4 : 0}, {link #5 : 1}, {link #6 : 2},
4 :  {link #0 : 5}, {link #1 : 6}, {link #2 : 7}, {link #3 : 0}, {link #4 : 1}, {link #5 : 2}, {link #6 : 3},
5 :  {link #0 : 6}, {link #1 : 7}, {link #2 : 0}, {link #3 : 1}, {link #4 : 2}, {link #5 : 3}, {link #6 : 4},
6 :  {link #0 : 7}, {link #1 : 0}, {link #2 : 1}, {link #3 : 2}, {link #4 : 3}, {link #5 : 4}, {link #6 : 5},
7 :  {link #0 : 0}, {link #1 : 1}, {link #2 : 2}, {link #3 : 3}, {link #4 : 4}, {link #5 : 5}, {link #6 : 6},
0 : local 108, cpu 0 {link #0 : g1 0}, {link #1 : g2 0}, {link #2 : g3 0}, {link #3 : g4 0}, {link #4 : g5 0}, {link #5 : g6 0}, {link #6 : g7 0},
1 : local 108, cpu 0 {link #0 : g2 0}, {link #1 : g3 0}, {link #2 : g4 0}, {link #3 : g5 0}, {link #4 : g6 0}, {link #5 : g7 0}, {link #6 : g0 0},
2 : local 108, cpu 0 {link #0 : g3 0}, {link #1 : g4 0}, {link #2 : g5 0}, {link #3 : g6 0}, {link #4 : g7 0}, {link #5 : g0 0}, {link #6 : g1 0},
3 : local 108, cpu 0 {link #0 : g4 0}, {link #1 : g5 0}, {link #2 : g6 0}, {link #3 : g7 0}, {link #4 : g0 0}, {link #5 : g1 0}, {link #6 : g2 0},
4 : local 108, cpu 0 {link #0 : g5 0}, {link #1 : g6 0}, {link #2 : g7 0}, {link #3 : g0 0}, {link #4 : g1 0}, {link #5 : g2 0}, {link #6 : g3 0},
5 : local 108, cpu 0 {link #0 : g6 0}, {link #1 : g7 0}, {link #2 : g0 0}, {link #3 : g1 0}, {link #4 : g2 0}, {link #5 : g3 0}, {link #6 : g4 0},
6 : local 108, cpu 0 {link #0 : g7 0}, {link #1 : g0 0}, {link #2 : g1 0}, {link #3 : g2 0}, {link #4 : g3 0}, {link #5 : g4 0}, {link #6 : g5 0},
7 : local 108, cpu 0 {link #0 : g0 0}, {link #1 : g1 0}, {link #2 : g2 0}, {link #3 : g3 0}, {link #4 : g4 0}, {link #5 : g5 0}, {link #6 : g6 0},
0 :  {link #0 : 1}, {link #1 : 2}, {link #2 : 3}, {link #3 : 4}, {link #4 : 5}, {link #5 : 6}, {link #6 : 7},
1 :  {link #0 : 2}, {link #1 : 3}, {link #2 : 4}, {link #3 : 5}, {link #4 : 6}, {link #5 : 7}, {link #6 : 0},
2 :  {link #0 : 3}, {link #1 : 4}, {link #2 : 5}, {link #3 : 6}, {link #4 : 7}, {link #5 : 0}, {link #6 : 1},
3 :  {link #0 : 4}, {link #1 : 5}, {link #2 : 6}, {link #3 : 7}, {link #4 : 0}, {link #5 : 1}, {link #6 : 2},
4 :  {link #0 : 5}, {link #1 : 6}, {link #2 : 7}, {link #3 : 0}, {link #4 : 1}, {link #5 : 2}, {link #6 : 3},
5 :  {link #0 : 6}, {link #1 : 7}, {link #2 : 0}, {link #3 : 1}, {link #4 : 2}, {link #5 : 3}, {link #6 : 4},
6 :  {link #0 : 7}, {link #1 : 0}, {link #2 : 1}, {link #3 : 2}, {link #4 : 3}, {link #5 : 4}, {link #6 : 5},
7 :  {link #0 : 0}, {link #1 : 1}, {link #2 : 2}, {link #3 : 3}, {link #4 : 4}, {link #5 : 5}, {link #6 : 6},
0 : local 108, cpu 0 {link #0 : g1 0}, {link #1 : g2 0}, {link #2 : g3 0}, {link #3 : g4 0}, {link #4 : g5 0}, {link #5 : g6 0}, {link #6 : g7 0},
1 : local 108, cpu 0 {link #0 : g2 0}, {link #1 : g3 0}, {link #2 : g4 0}, {link #3 : g5 0}, {link #4 : g6 0}, {link #5 : g7 0}, {link #6 : g0 0},
2 : local 108, cpu 0 {link #0 : g3 0}, {link #1 : g4 0}, {link #2 : g5 0}, {link #3 : g6 0}, {link #4 : g7 0}, {link #5 : g0 0}, {link #6 : g1 0},
3 : local 108, cpu 0 {link #0 : g4 0}, {link #1 : g5 0}, {link #2 : g6 0}, {link #3 : g7 0}, {link #4 : g0 0}, {link #5 : g1 0}, {link #6 : g2 0},
4 : local 108, cpu 0 {link #0 : g5 0}, {link #1 : g6 0}, {link #2 : g7 0}, {link #3 : g0 0}, {link #4 : g1 0}, {link #5 : g2 0}, {link #6 : g3 0},
5 : local 108, cpu 0 {link #0 : g6 0}, {link #1 : g7 0}, {link #2 : g0 0}, {link #3 : g1 0}, {link #4 : g2 0}, {link #5 : g3 0}, {link #6 : g4 0},
6 : local 108, cpu 0 {link #0 : g7 0}, {link #1 : g0 0}, {link #2 : g1 0}, {link #3 : g2 0}, {link #4 : g3 0}, {link #5 : g4 0}, {link #6 : g5 0},
7 : local 108, cpu 0 {link #0 : g0 0}, {link #1 : g1 0}, {link #2 : g2 0}, {link #3 : g3 0}, {link #4 : g4 0}, {link #5 : g5 0}, {link #6 : g6 0},
0 :  {link #0 : 1}, {link #1 : 2}, {link #2 : 3}, {link #3 : 4}, {link #4 : 5}, {link #5 : 6}, {link #6 : 7},
1 :  {link #0 : 2}, {link #1 : 3}, {link #2 : 4}, {link #3 : 5}, {link #4 : 6}, {link #5 : 7}, {link #6 : 0},
2 :  {link #0 : 3}, {link #1 : 4}, {link #2 : 5}, {link #3 : 6}, {link #4 : 7}, {link #5 : 0}, {link #6 : 1},
3 :  {link #0 : 4}, {link #1 : 5}, {link #2 : 6}, {link #3 : 7}, {link #4 : 0}, {link #5 : 1}, {link #6 : 2},
4 :  {link #0 : 5}, {link #1 : 6}, {link #2 : 7}, {link #3 : 0}, {link #4 : 1}, {link #5 : 2}, {link #6 : 3},
5 :  {link #0 : 6}, {link #1 : 7}, {link #2 : 0}, {link #3 : 1}, {link #4 : 2}, {link #5 : 3}, {link #6 : 4},
6 :  {link #0 : 7}, {link #1 : 0}, {link #2 : 1}, {link #3 : 2}, {link #4 : 3}, {link #5 : 4}, {link #6 : 5},
7 :  {link #0 : 0}, {link #1 : 1}, {link #2 : 2}, {link #3 : 3}, {link #4 : 4}, {link #5 : 5}, {link #6 : 6},
0 : local 108, cpu 0 {link #0 : g1 0}, {link #1 : g2 0}, {link #2 : g3 0}, {link #3 : g4 0}, {link #4 : g5 0}, {link #5 : g6 0}, {link #6 : g7 0},
1 : local 108, cpu 0 {link #0 : g2 0}, {link #1 : g3 0}, {link #2 : g4 0}, {link #3 : g5 0}, {link #4 : g6 0}, {link #5 : g7 0}, {link #6 : g0 0},
2 : local 108, cpu 0 {link #0 : g3 0}, {link #1 : g4 0}, {link #2 : g5 0}, {link #3 : g6 0}, {link #4 : g7 0}, {link #5 : g0 0}, {link #6 : g1 0},
3 : local 108, cpu 0 {link #0 : g4 0}, {link #1 : g5 0}, {link #2 : g6 0}, {link #3 : g7 0}, {link #4 : g0 0}, {link #5 : g1 0}, {link #6 : g2 0},
4 : local 108, cpu 0 {link #0 : g5 0}, {link #1 : g6 0}, {link #2 : g7 0}, {link #3 : g0 0}, {link #4 : g1 0}, {link #5 : g2 0}, {link #6 : g3 0},
5 : local 108, cpu 0 {link #0 : g6 0}, {link #1 : g7 0}, {link #2 : g0 0}, {link #3 : g1 0}, {link #4 : g2 0}, {link #5 : g3 0}, {link #6 : g4 0},
6 : local 108, cpu 0 {link #0 : g7 0}, {link #1 : g0 0}, {link #2 : g1 0}, {link #3 : g2 0}, {link #4 : g3 0}, {link #5 : g4 0}, {link #6 : g5 0},
7 : local 108, cpu 0 {link #0 : g0 0}, {link #1 : g1 0}, {link #2 : g2 0}, {link #3 : g3 0}, {link #4 : g4 0}, {link #5 : g5 0}, {link #6 : g6 0},
coll_cache:optimal_rep_storage=0.02
coll_cache:optimal_part_storage=0
coll_cache:optimal_cpu_storage=0.98
coll_cache:optimal_local_storage=0.02
coll_cache:optimal_remote_storage=0
coll_cache:optimal_local_rate=0.218707
coll_cache:optimal_remote_rate=0
coll_cache:optimal_cpu_rate=0.781293
z=505406
test_result:init:feat_nbytes=67182966784
test_result:init:cache_nbytes=1410841600
test_result:init:feat_nbytes=67182966784
test_result:init:cache_nbytes=1410841600
test_result:init:feat_nbytes=67182966784
test_result:init:cache_nbytes=1410841600
test_result:init:feat_nbytes=67182966784
test_result:init:cache_nbytes=1410841600
test_result:init:feat_nbytes=67182966784
test_result:init:cache_nbytes=1410841600
test_result:init:feat_nbytes=67182966784
test_result:init:cache_nbytes=1410841600
test_result:init:feat_nbytes=67182966784
test_result:init:cache_nbytes=1410841600
test_result:init:feat_nbytes=67182966784
test_result:init:cache_nbytes=1410841600
    [Step(average) Profiler Level 1 E3 S999]
        L1  sample           0.003567 | send           0.000000
        L1  recv             0.000000 | copy           0.145149 | convert time 0.000000 | train  0.015691
        L1  feature nbytes    2.21 GB | label nbytes 0.00 Bytes
        L1  id nbytes      0.00 Bytes | graph nbytes 0.00 Bytes
        L1  miss nbytes    0.00 Bytes | remote nbytes 0.00 Bytes
        L1  num nodes               0 | num samples           0
        L1  seq duration     0.000000 | refresh duration   0.000000
    [Step(average) Profiler Level 2 E3 S999]
        L2  shuffle     0.000000 | core sample  0.000000 | id remap        0.000000
        L2  graph copy  0.000000 | id copy      0.000000 | cache feat copy 0.145149
        L2  last layer sample time 0.000000 | size 0.000000
    [Step(average) Profiler Level 3 E3 S999]
        L3  khop sample coo  0.000000 | khop sort coo      0.000000 | khop count edge     0.000000 | khop compact edge 0.000000
        L3  walk sample coo  0.000000 | walk topk total    0.000000 | walk topk step1     0.000000 | walk topk step2   0.000000
        L3  walk topk step3  0.000000 | walk topk step4    0.000000 | walk topk step5     0.000000
        L3  walk topk step6  0.000000 | walk topk step7    0.000000
        L3  remap unique     0.000000 | remap populate     0.000000 | remap mapnode       0.000000 | remap mapedge     0.000000
        L3  cache get_index  0.000406 | cache copy_index   0.000000 | cache extract_miss  0.000000
        L3  cache copy_miss  0.000000 | cache combine_miss 0.000000 | cache combine cache 0.144708 | cache combine remote 0.000000
        L3  label extract  0.000000
    [Profiler Level Percentiles E3 S999]
        p50.00_tail_logl2featcopy=0.145437
        p90.00_tail_logl2featcopy=0.153910
        p95.00_tail_logl2featcopy=0.154281
        p99.00_tail_logl2featcopy=0.154675
        p99.90_tail_logl2featcopy=0.163022
[CUDA] cuda: usage: 12.01 GB
Rank=5, Graph loaded.
!!!!dist_homo_graph enumerate latency per epoch: 0.008581, per step: 0.000069
presamping
presamping takes 10.717169284820557
config:eval_tsp="2023-04-14 21:43:08"
config:num_worker=8
config:num_intra_size=8
config:root_dir=/nvme/songxiaoniu/graph-learning/wholegraph
config:graph_name=com-friendster
config:epochs=4
config:batchsize=4000
config:skip_epoch=2
config:local_step=125
config:presc_epoch=2
config:neighbors=10,25
config:hiddensize=256
config:num_layer=2
config:model=sage
config:framework=dgl
config:dataloaderworkers=0
config:dropout=0.5
config:lr=0.003
config:use_nccl=False
config:use_amp=False
config:use_collcache=True
config:cache_percentage=0.02
config:cache_policy=rep
config:omp_thread_num=56
config:unsupervised=True
config:classnum=100
config:global_barrier=<multiprocessing.synchronize.Barrier object at 0x7f496bb75370>
config:worker_id=0
creating_intra_node_communicator root=0, local_size=8, world_size=8
Rank=0, Graph loaded.
!!!!dist_homo_graph enumerate latency per epoch: 0.006172, per step: 0.000049
epoch=4 total_steps=500
presamping
presamping takes 10.35645842552185
start training...
[Epoch 0], time=21.797334909439087, loss=0.6931472420692444
[Epoch 1], time=20.55782675743103, loss=0.6931472420692444
[Epoch 2], time=20.555299758911133, loss=0.6931472420692444
[Epoch 3], time=20.55772352218628, loss=0.6931472420692444
|===========================================================================|
|                  PyTorch CUDA memory summary, device ID 0                 |
|---------------------------------------------------------------------------|
|            CUDA OOMs: 0            |        cudaMalloc retries: 0         |
|===========================================================================|
|        Metric         | Cur Usage  | Peak Usage | Tot Alloc  | Tot Freed  |
|---------------------------------------------------------------------------|
| Allocated memory      |  148874 KB |  755107 KB |    1038 GB |    1038 GB |
|       from large pool |  138267 KB |  744979 KB |    1024 GB |    1024 GB |
|       from small pool |   10607 KB |   14826 KB |      14 GB |      14 GB |
|---------------------------------------------------------------------------|
| Active memory         |  148874 KB |  755107 KB |    1038 GB |    1038 GB |
|       from large pool |  138267 KB |  744979 KB |    1024 GB |    1024 GB |
|       from small pool |   10607 KB |   14826 KB |      14 GB |      14 GB |
|---------------------------------------------------------------------------|
| GPU reserved memory   |    1486 MB |    1486 MB |    1486 MB |       0 B  |
|       from large pool |    1466 MB |    1466 MB |    1466 MB |       0 B  |
|       from small pool |      20 MB |      20 MB |      20 MB |       0 B  |
|---------------------------------------------------------------------------|
| Non-releasable memory |  158326 KB |  202043 KB |  237346 MB |  237191 MB |
|       from large pool |  150501 KB |  197792 KB |  221852 MB |  221705 MB |
|       from small pool |    7825 KB |   10528 KB |   15493 MB |   15485 MB |
|---------------------------------------------------------------------------|
| Allocations           |      62    |      78    |   95936    |   95874    |
|       from large pool |      12    |      20    |   26273    |   26261    |
|       from small pool |      50    |      61    |   69663    |   69613    |
|---------------------------------------------------------------------------|
| Active allocs         |      62    |      78    |   95936    |   95874    |
|       from large pool |      12    |      20    |   26273    |   26261    |
|       from small pool |      50    |      61    |   69663    |   69613    |
|---------------------------------------------------------------------------|
| GPU reserved segments |      32    |      32    |      32    |       0    |
|       from large pool |      22    |      22    |      22    |       0    |
|       from small pool |      10    |      10    |      10    |       0    |
|---------------------------------------------------------------------------|
| Non-releasable allocs |      37    |      45    |   30830    |   30793    |
|       from large pool |      13    |      21    |   13787    |   13774    |
|       from small pool |      24    |      30    |   17043    |   17019    |
|---------------------------------------------------------------------------|
| Oversize allocations  |       0    |       0    |       0    |       0    |
|---------------------------------------------------------------------------|
| Oversize GPU segments |       0    |       0    |       0    |       0    |
|===========================================================================|

[TRAIN_TIME] train time is 83.473777 seconds
[EPOCH_TIME] 20.868444 seconds, maybe large due to not enough epoch skipped.
[EPOCH_TIME] 20.556643 seconds
Rank=3, Graph loaded.
!!!!dist_homo_graph enumerate latency per epoch: 0.008831, per step: 0.000071
presamping
presamping takes 11.074816465377808
Rank=4, Graph loaded.
!!!!dist_homo_graph enumerate latency per epoch: 0.004949, per step: 0.000040
presamping
presamping takes 10.620307207107544
Rank=2, Graph loaded.
!!!!dist_homo_graph enumerate latency per epoch: 0.007044, per step: 0.000056
presamping
presamping takes 10.780913829803467
Rank=7, Graph loaded.
!!!!dist_homo_graph enumerate latency per epoch: 0.008469, per step: 0.000068
presamping
presamping takes 10.677244901657104
Rank=1, Graph loaded.
!!!!dist_homo_graph enumerate latency per epoch: 0.004905, per step: 0.000039
presamping
presamping takes 10.411065101623535
Rank=6, Graph loaded.
!!!!dist_homo_graph enumerate latency per epoch: 0.005484, per step: 0.000044
presamping
presamping takes 10.339580297470093

