succeed=True
[CUDA] cuda: usage: 6.41 GB
0 :  {link #0 : 1}, {link #1 : 2}, {link #2 : 3}, {link #3 : 4}, {link #4 : 5}, {link #5 : 6}, {link #6 : 7},
1 :  {link #0 : 2}, {link #1 : 3}, {link #2 : 4}, {link #3 : 5}, {link #4 : 6}, {link #5 : 7}, {link #6 : 0},
2 :  {link #0 : 3}, {link #1 : 4}, {link #2 : 5}, {link #3 : 6}, {link #4 : 7}, {link #5 : 0}, {link #6 : 1},
3 :  {link #0 : 4}, {link #1 : 5}, {link #2 : 6}, {link #3 : 7}, {link #4 : 0}, {link #5 : 1}, {link #6 : 2},
4 :  {link #0 : 5}, {link #1 : 6}, {link #2 : 7}, {link #3 : 0}, {link #4 : 1}, {link #5 : 2}, {link #6 : 3},
5 :  {link #0 : 6}, {link #1 : 7}, {link #2 : 0}, {link #3 : 1}, {link #4 : 2}, {link #5 : 3}, {link #6 : 4},
6 :  {link #0 : 7}, {link #1 : 0}, {link #2 : 1}, {link #3 : 2}, {link #4 : 3}, {link #5 : 4}, {link #6 : 5},
7 :  {link #0 : 0}, {link #1 : 1}, {link #2 : 2}, {link #3 : 3}, {link #4 : 4}, {link #5 : 5}, {link #6 : 6},
0 :  {link #0 : 1}, {link #1 : 2}, {link #2 : 3}, {link #3 : 4}, {link #4 : 5}, {link #5 : 6}, {link #6 : 7},
1 :  {link #0 : 2}, {link #1 : 3}, {link #2 : 4}, {link #3 : 5}, {link #4 : 6}, {link #5 : 7}, {link #6 : 0},
2 :  {link #0 : 3}, {link #1 : 4}, {link #2 : 5}, {link #3 : 6}, {link #4 : 7}, {link #5 : 0}, {link #6 : 1},
3 :  {link #0 : 4}, {link #1 : 5}, {link #2 : 6}, {link #3 : 7}, {link #4 : 0}, {link #5 : 1}, {link #6 : 2},
4 :  {link #0 : 5}, {link #1 : 6}, {link #2 : 7}, {link #3 : 0}, {link #4 : 1}, {link #5 : 2}, {link #6 : 3},
5 :  {link #0 : 6}, {link #1 : 7}, {link #2 : 0}, {link #3 : 1}, {link #4 : 2}, {link #5 : 3}, {link #6 : 4},
6 :  {link #0 : 7}, {link #1 : 0}, {link #2 : 1}, {link #3 : 2}, {link #4 : 3}, {link #5 : 4}, {link #6 : 5},
7 :  {link #0 : 0}, {link #1 : 1}, {link #2 : 2}, {link #3 : 3}, {link #4 : 4}, {link #5 : 5}, {link #6 : 6},
0 : local 108, cpu 0 {link #0 : g1 0}, {link #1 : g2 0}, {link #2 : g3 0}, {link #3 : g4 0}, {link #4 : g5 0}, {link #5 : g6 0}, {link #6 : g7 0},
1 : local 108, cpu 0 {link #0 : g2 0}, {link #1 : g3 0}, {link #2 : g4 0}, {link #3 : g5 0}, {link #4 : g6 0}, {link #5 : g7 0}, {link #6 : g0 0},
2 : local 108, cpu 0 {link #0 : g3 0}, {link #1 : g4 0}, {link #2 : g5 0}, {link #3 : g6 0}, {link #4 : g7 0}, {link #5 : g0 0}, {link #6 : g1 0},
3 : local 108, cpu 0 {link #0 : g4 0}, {link #1 : g5 0}, {link #2 : g6 0}, {link #3 : g7 0}, {link #4 : g0 0}, {link #5 : g1 0}, {link #6 : g2 0},
4 : local 108, cpu 0 {link #0 : g5 0}, {link #1 : g6 0}, {link #2 : g7 0}, {link #3 : g0 0}, {link #4 : g1 0}, {link #5 : g2 0}, {link #6 : g3 0},
5 : local 108, cpu 0 {link #0 : g6 0}, {link #1 : g7 0}, {link #2 : g0 0}, {link #3 : g1 0}, {link #4 : g2 0}, {link #5 : g3 0}, {link #6 : g4 0},
6 : local 108, cpu 0 {link #0 : g7 0}, {link #1 : g0 0}, {link #2 : g1 0}, {link #3 : g2 0}, {link #4 : g3 0}, {link #5 : g4 0}, {link #6 : g5 0},
7 : local 108, cpu 0 {link #0 : g0 0}, {link #1 : g1 0}, {link #2 : g2 0}, {link #3 : g3 0}, {link #4 : g4 0}, {link #5 : g5 0}, {link #6 : g6 0},
0 : local 108, cpu 0 {link #0 : g1 0}, {link #1 : g2 0}, {link #2 : g3 0}, {link #3 : g4 0}, {link #4 : g5 0}, {link #5 : g6 0}, {link #6 : g7 0},
1 : local 108, cpu 0 {link #0 : g2 0}, {link #1 : g3 0}, {link #2 : g4 0}, {link #3 : g5 0}, {link #4 : g6 0}, {link #5 : g7 0}, {link #6 : g0 0},
2 : local 108, cpu 0 {link #0 : g3 0}, {link #1 : g4 0}, {link #2 : g5 0}, {link #3 : g6 0}, {link #4 : g7 0}, {link #5 : g0 0}, {link #6 : g1 0},
3 : local 108, cpu 0 {link #0 : g4 0}, {link #1 : g5 0}, {link #2 : g6 0}, {link #3 : g7 0}, {link #4 : g0 0}, {link #5 : g1 0}, {link #6 : g2 0},
4 : local 108, cpu 0 {link #0 : g5 0}, {link #1 : g6 0}, {link #2 : g7 0}, {link #3 : g0 0}, {link #4 : g1 0}, {link #5 : g2 0}, {link #6 : g3 0},
5 : local 108, cpu 0 {link #0 : g6 0}, {link #1 : g7 0}, {link #2 : g0 0}, {link #3 : g1 0}, {link #4 : g2 0}, {link #5 : g3 0}, {link #6 : g4 0},
6 : local 108, cpu 0 {link #0 : g7 0}, {link #1 : g0 0}, {link #2 : g1 0}, {link #3 : g2 0}, {link #4 : g3 0}, {link #5 : g4 0}, {link #6 : g5 0},
7 : local 108, cpu 0 {link #0 : g0 0}, {link #1 : g1 0}, {link #2 : g2 0}, {link #3 : g3 0}, {link #4 : g4 0}, {link #5 : g5 0}, {link #6 : g6 0},
0 :  {link #0 : 1}, {link #1 : 2}, {link #2 : 3}, {link #3 : 4}, {link #4 : 5}, {link #5 : 6}, {link #6 : 7},
1 :  {link #0 : 2}, {link #1 : 3}, {link #2 : 4}, {link #3 : 5}, {link #4 : 6}, {link #5 : 7}, {link #6 : 0},
2 :  {link #0 : 3}, {link #1 : 4}, {link #2 : 5}, {link #3 : 6}, {link #4 : 7}, {link #5 : 0}, {link #6 : 1},
3 :  {link #0 : 4}, {link #1 : 5}, {link #2 : 6}, {link #3 : 7}, {link #4 : 0}, {link #5 : 1}, {link #6 : 2},
4 :  {link #0 : 5}, {link #1 : 6}, {link #2 : 7}, {link #3 : 0}, {link #4 : 1}, {link #5 : 2}, {link #6 : 3},
5 :  {link #0 : 6}, {link #1 : 7}, {link #2 : 0}, {link #3 : 1}, {link #4 : 2}, {link #5 : 3}, {link #6 : 4},
6 :  {link #0 : 7}, {link #1 : 0}, {link #2 : 1}, {link #3 : 2}, {link #4 : 3}, {link #5 : 4}, {link #6 : 5},
7 :  {link #0 : 0}, {link #1 : 1}, {link #2 : 2}, {link #3 : 3}, {link #4 : 4}, {link #5 : 5}, {link #6 : 6},
0 : local 108, cpu 0 {link #0 : g1 0}, {link #1 : g2 0}, {link #2 : g3 0}, {link #3 : g4 0}, {link #4 : g5 0}, {link #5 : g6 0}, {link #6 : g7 0},
1 : local 108, cpu 0 {link #0 : g2 0}, {link #1 : g3 0}, {link #2 : g4 0}, {link #3 : g5 0}, {link #4 : g6 0}, {link #5 : g7 0}, {link #6 : g0 0},
2 : local 108, cpu 0 {link #0 : g3 0}, {link #1 : g4 0}, {link #2 : g5 0}, {link #3 : g6 0}, {link #4 : g7 0}, {link #5 : g0 0}, {link #6 : g1 0},
3 : local 108, cpu 0 {link #0 : g4 0}, {link #1 : g5 0}, {link #2 : g6 0}, {link #3 : g7 0}, {link #4 : g0 0}, {link #5 : g1 0}, {link #6 : g2 0},
4 : local 108, cpu 0 {link #0 : g5 0}, {link #1 : g6 0}, {link #2 : g7 0}, {link #3 : g0 0}, {link #4 : g1 0}, {link #5 : g2 0}, {link #6 : g3 0},
5 : local 108, cpu 0 {link #0 : g6 0}, {link #1 : g7 0}, {link #2 : g0 0}, {link #3 : g1 0}, {link #4 : g2 0}, {link #5 : g3 0}, {link #6 : g4 0},
6 : local 108, cpu 0 {link #0 : g7 0}, {link #1 : g0 0}, {link #2 : g1 0}, {link #3 : g2 0}, {link #4 : g3 0}, {link #5 : g4 0}, {link #6 : g5 0},
7 : local 108, cpu 0 {link #0 : g0 0}, {link #1 : g1 0}, {link #2 : g2 0}, {link #3 : g3 0}, {link #4 : g4 0}, {link #5 : g5 0}, {link #6 : g6 0},
0 :  {link #0 : 1}, {link #1 : 2}, {link #2 : 3}, {link #3 : 4}, {link #4 : 5}, {link #5 : 6}, {link #6 : 7},
1 :  {link #0 : 2}, {link #1 : 3}, {link #2 : 4}, {link #3 : 5}, {link #4 : 6}, {link #5 : 7}, {link #6 : 0},
2 :  {link #0 : 3}, {link #1 : 4}, {link #2 : 5}, {link #3 : 6}, {link #4 : 7}, {link #5 : 0}, {link #6 : 1},
3 :  {link #0 : 4}, {link #1 : 5}, {link #2 : 6}, {link #3 : 7}, {link #4 : 0}, {link #5 : 1}, {link #6 : 2},
4 :  {link #0 : 5}, {link #1 : 6}, {link #2 : 7}, {link #3 : 0}, {link #4 : 1}, {link #5 : 2}, {link #6 : 3},
5 :  {link #0 : 6}, {link #1 : 7}, {link #2 : 0}, {link #3 : 1}, {link #4 : 2}, {link #5 : 3}, {link #6 : 4},
6 :  {link #0 : 7}, {link #1 : 0}, {link #2 : 1}, {link #3 : 2}, {link #4 : 3}, {link #5 : 4}, {link #6 : 5},
7 :  {link #0 : 0}, {link #1 : 1}, {link #2 : 2}, {link #3 : 3}, {link #4 : 4}, {link #5 : 5}, {link #6 : 6},
0 : local 108, cpu 0 {link #0 : g1 0}, {link #1 : g2 0}, {link #2 : g3 0}, {link #3 : g4 0}, {link #4 : g5 0}, {link #5 : g6 0}, {link #6 : g7 0},
1 : local 108, cpu 0 {link #0 : g2 0}, {link #1 : g3 0}, {link #2 : g4 0}, {link #3 : g5 0}, {link #4 : g6 0}, {link #5 : g7 0}, {link #6 : g0 0},
2 : local 108, cpu 0 {link #0 : g3 0}, {link #1 : g4 0}, {link #2 : g5 0}, {link #3 : g6 0}, {link #4 : g7 0}, {link #5 : g0 0}, {link #6 : g1 0},
3 : local 108, cpu 0 {link #0 : g4 0}, {link #1 : g5 0}, {link #2 : g6 0}, {link #3 : g7 0}, {link #4 : g0 0}, {link #5 : g1 0}, {link #6 : g2 0},
4 : local 108, cpu 0 {link #0 : g5 0}, {link #1 : g6 0}, {link #2 : g7 0}, {link #3 : g0 0}, {link #4 : g1 0}, {link #5 : g2 0}, {link #6 : g3 0},
5 : local 108, cpu 0 {link #0 : g6 0}, {link #1 : g7 0}, {link #2 : g0 0}, {link #3 : g1 0}, {link #4 : g2 0}, {link #5 : g3 0}, {link #6 : g4 0},
6 : local 108, cpu 0 {link #0 : g7 0}, {link #1 : g0 0}, {link #2 : g1 0}, {link #3 : g2 0}, {link #4 : g3 0}, {link #5 : g4 0}, {link #6 : g5 0},
7 : local 108, cpu 0 {link #0 : g0 0}, {link #1 : g1 0}, {link #2 : g2 0}, {link #3 : g3 0}, {link #4 : g4 0}, {link #5 : g5 0}, {link #6 : g6 0},
0 :  {link #0 : 1}, {link #1 : 2}, {link #2 : 3}, {link #3 : 4}, {link #4 : 5}, {link #5 : 6}, {link #6 : 7},
1 :  {link #0 : 2}, {link #1 : 3}, {link #2 : 4}, {link #3 : 5}, {link #4 : 6}, {link #5 : 7}, {link #6 : 0},
2 :  {link #0 : 3}, {link #1 : 4}, {link #2 : 5}, {link #3 : 6}, {link #4 : 7}, {link #5 : 0}, {link #6 : 1},
3 :  {link #0 : 4}, {link #1 : 5}, {link #2 : 6}, {link #3 : 7}, {link #4 : 0}, {link #5 : 1}, {link #6 : 2},
4 :  {link #0 : 5}, {link #1 : 6}, {link #2 : 7}, {link #3 : 0}, {link #4 : 1}, {link #5 : 2}, {link #6 : 3},
5 :  {link #0 : 6}, {link #1 : 7}, {link #2 : 0}, {link #3 : 1}, {link #4 : 2}, {link #5 : 3}, {link #6 : 4},
6 :  {link #0 : 7}, {link #1 : 0}, {link #2 : 1}, {link #3 : 2}, {link #4 : 3}, {link #5 : 4}, {link #6 : 5},
7 :  {link #0 : 0}, {link #1 : 1}, {link #2 : 2}, {link #3 : 3}, {link #4 : 4}, {link #5 : 5}, {link #6 : 6},
0 :  {link #0 : 1}, {link #1 : 2}, {link #2 : 3}, {link #3 : 4}, {link #4 : 5}, {link #5 : 6}, {link #6 : 7},
1 :  {link #0 : 2}, {link #1 : 3}, {link #2 : 4}, {link #3 : 5}, {link #4 : 6}, {link #5 : 7}, {link #6 : 0},
2 :  {link #0 : 3}, {link #1 : 4}, {link #2 : 5}, {link #3 : 6}, {link #4 : 7}, {link #5 : 0}, {link #6 : 1},
3 :  {link #0 : 4}, {link #1 : 5}, {link #2 : 6}, {link #3 : 7}, {link #4 : 0}, {link #5 : 1}, {link #6 : 2},
4 :  {link #0 : 5}, {link #1 : 6}, {link #2 : 7}, {link #3 : 0}, {link #4 : 1}, {link #5 : 2}, {link #6 : 3},
5 :  {link #0 : 6}, {link #1 : 7}, {link #2 : 0}, {link #3 : 1}, {link #4 : 2}, {link #5 : 3}, {link #6 : 4},
6 :  {link #0 : 7}, {link #1 : 0}, {link #2 : 1}, {link #3 : 2}, {link #4 : 3}, {link #5 : 4}, {link #6 : 5},
7 :  {link #0 : 0}, {link #1 : 1}, {link #2 : 2}, {link #3 : 3}, {link #4 : 4}, {link #5 : 5}, {link #6 : 6},
0 : local 108, cpu 0 {link #0 : g1 0}, {link #1 : g2 0}, {link #2 : g3 0}, {link #3 : g4 0}, {link #4 : g5 0}, {link #5 : g6 0}, {link #6 : g7 0},
1 : local 108, cpu 0 {link #0 : g2 0}, {link #1 : g3 0}, {link #2 : g4 0}, {link #3 : g5 0}, {link #4 : g6 0}, {link #5 : g7 0}, {link #6 : g0 0},
2 : local 108, cpu 0 {link #0 : g3 0}, {link #1 : g4 0}, {link #2 : g5 0}, {link #3 : g6 0}, {link #4 : g7 0}, {link #5 : g0 0}, {link #6 : g1 0},
3 : local 108, cpu 0 {link #0 : g4 0}, {link #1 : g5 0}, {link #2 : g6 0}, {link #3 : g7 0}, {link #4 : g0 0}, {link #5 : g1 0}, {link #6 : g2 0},
4 : local 108, cpu 0 {link #0 : g5 0}, {link #1 : g6 0}, {link #2 : g7 0}, {link #3 : g0 0}, {link #4 : g1 0}, {link #5 : g2 0}, {link #6 : g3 0},
5 : local 108, cpu 0 {link #0 : g6 0}, {link #1 : g7 0}, {link #2 : g0 0}, {link #3 : g1 0}, {link #4 : g2 0}, {link #5 : g3 0}, {link #6 : g4 0},
6 : local 108, cpu 0 {link #0 : g7 0}, {link #1 : g0 0}, {link #2 : g1 0}, {link #3 : g2 0}, {link #4 : g3 0}, {link #5 : g4 0}, {link #6 : g5 0},
7 : local 108, cpu 0 {link #0 : g0 0}, {link #1 : g1 0}, {link #2 : g2 0}, {link #3 : g3 0}, {link #4 : g4 0}, {link #5 : g5 0}, {link #6 : g6 0},
0 : local 108, cpu 0 {link #0 : g1 0}, {link #1 : g2 0}, {link #2 : g3 0}, {link #3 : g4 0}, {link #4 : g5 0}, {link #5 : g6 0}, {link #6 : g7 0},
1 : local 108, cpu 0 {link #0 : g2 0}, {link #1 : g3 0}, {link #2 : g4 0}, {link #3 : g5 0}, {link #4 : g6 0}, {link #5 : g7 0}, {link #6 : g0 0},
2 : local 108, cpu 0 {link #0 : g3 0}, {link #1 : g4 0}, {link #2 : g5 0}, {link #3 : g6 0}, {link #4 : g7 0}, {link #5 : g0 0}, {link #6 : g1 0},
3 : local 108, cpu 0 {link #0 : g4 0}, {link #1 : g5 0}, {link #2 : g6 0}, {link #3 : g7 0}, {link #4 : g0 0}, {link #5 : g1 0}, {link #6 : g2 0},
4 : local 108, cpu 0 {link #0 : g5 0}, {link #1 : g6 0}, {link #2 : g7 0}, {link #3 : g0 0}, {link #4 : g1 0}, {link #5 : g2 0}, {link #6 : g3 0},
5 : local 108, cpu 0 {link #0 : g6 0}, {link #1 : g7 0}, {link #2 : g0 0}, {link #3 : g1 0}, {link #4 : g2 0}, {link #5 : g3 0}, {link #6 : g4 0},
6 : local 108, cpu 0 {link #0 : g7 0}, {link #1 : g0 0}, {link #2 : g1 0}, {link #3 : g2 0}, {link #4 : g3 0}, {link #5 : g4 0}, {link #6 : g5 0},
7 : local 108, cpu 0 {link #0 : g0 0}, {link #1 : g1 0}, {link #2 : g2 0}, {link #3 : g3 0}, {link #4 : g4 0}, {link #5 : g5 0}, {link #6 : g6 0},
0 :  {link #0 : 1}, {link #1 : 2}, {link #2 : 3}, {link #3 : 4}, {link #4 : 5}, {link #5 : 6}, {link #6 : 7},
1 :  {link #0 : 2}, {link #1 : 3}, {link #2 : 4}, {link #3 : 5}, {link #4 : 6}, {link #5 : 7}, {link #6 : 0},
2 :  {link #0 : 3}, {link #1 : 4}, {link #2 : 5}, {link #3 : 6}, {link #4 : 7}, {link #5 : 0}, {link #6 : 1},
3 :  {link #0 : 4}, {link #1 : 5}, {link #2 : 6}, {link #3 : 7}, {link #4 : 0}, {link #5 : 1}, {link #6 : 2},
4 :  {link #0 : 5}, {link #1 : 6}, {link #2 : 7}, {link #3 : 0}, {link #4 : 1}, {link #5 : 2}, {link #6 : 3},
5 :  {link #0 : 6}, {link #1 : 7}, {link #2 : 0}, {link #3 : 1}, {link #4 : 2}, {link #5 : 3}, {link #6 : 4},
6 :  {link #0 : 7}, {link #1 : 0}, {link #2 : 1}, {link #3 : 2}, {link #4 : 3}, {link #5 : 4}, {link #6 : 5},
7 :  {link #0 : 0}, {link #1 : 1}, {link #2 : 2}, {link #3 : 3}, {link #4 : 4}, {link #5 : 5}, {link #6 : 6},
0 : local 108, cpu 0 {link #0 : g1 0}, {link #1 : g2 0}, {link #2 : g3 0}, {link #3 : g4 0}, {link #4 : g5 0}, {link #5 : g6 0}, {link #6 : g7 0},
1 : local 108, cpu 0 {link #0 : g2 0}, {link #1 : g3 0}, {link #2 : g4 0}, {link #3 : g5 0}, {link #4 : g6 0}, {link #5 : g7 0}, {link #6 : g0 0},
2 : local 108, cpu 0 {link #0 : g3 0}, {link #1 : g4 0}, {link #2 : g5 0}, {link #3 : g6 0}, {link #4 : g7 0}, {link #5 : g0 0}, {link #6 : g1 0},
3 : local 108, cpu 0 {link #0 : g4 0}, {link #1 : g5 0}, {link #2 : g6 0}, {link #3 : g7 0}, {link #4 : g0 0}, {link #5 : g1 0}, {link #6 : g2 0},
4 : local 108, cpu 0 {link #0 : g5 0}, {link #1 : g6 0}, {link #2 : g7 0}, {link #3 : g0 0}, {link #4 : g1 0}, {link #5 : g2 0}, {link #6 : g3 0},
5 : local 108, cpu 0 {link #0 : g6 0}, {link #1 : g7 0}, {link #2 : g0 0}, {link #3 : g1 0}, {link #4 : g2 0}, {link #5 : g3 0}, {link #6 : g4 0},
6 : local 108, cpu 0 {link #0 : g7 0}, {link #1 : g0 0}, {link #2 : g1 0}, {link #3 : g2 0}, {link #4 : g3 0}, {link #5 : g4 0}, {link #6 : g5 0},
7 : local 108, cpu 0 {link #0 : g0 0}, {link #1 : g1 0}, {link #2 : g2 0}, {link #3 : g3 0}, {link #4 : g4 0}, {link #5 : g5 0}, {link #6 : g6 0},
0 :  {link #0 : 1}, {link #1 : 2}, {link #2 : 3}, {link #3 : 4}, {link #4 : 5}, {link #5 : 6}, {link #6 : 7},
1 :  {link #0 : 2}, {link #1 : 3}, {link #2 : 4}, {link #3 : 5}, {link #4 : 6}, {link #5 : 7}, {link #6 : 0},
2 :  {link #0 : 3}, {link #1 : 4}, {link #2 : 5}, {link #3 : 6}, {link #4 : 7}, {link #5 : 0}, {link #6 : 1},
3 :  {link #0 : 4}, {link #1 : 5}, {link #2 : 6}, {link #3 : 7}, {link #4 : 0}, {link #5 : 1}, {link #6 : 2},
4 :  {link #0 : 5}, {link #1 : 6}, {link #2 : 7}, {link #3 : 0}, {link #4 : 1}, {link #5 : 2}, {link #6 : 3},
5 :  {link #0 : 6}, {link #1 : 7}, {link #2 : 0}, {link #3 : 1}, {link #4 : 2}, {link #5 : 3}, {link #6 : 4},
6 :  {link #0 : 7}, {link #1 : 0}, {link #2 : 1}, {link #3 : 2}, {link #4 : 3}, {link #5 : 4}, {link #6 : 5},
7 :  {link #0 : 0}, {link #1 : 1}, {link #2 : 2}, {link #3 : 3}, {link #4 : 4}, {link #5 : 5}, {link #6 : 6},
0 : local 108, cpu 0 {link #0 : g1 0}, {link #1 : g2 0}, {link #2 : g3 0}, {link #3 : g4 0}, {link #4 : g5 0}, {link #5 : g6 0}, {link #6 : g7 0},
1 : local 108, cpu 0 {link #0 : g2 0}, {link #1 : g3 0}, {link #2 : g4 0}, {link #3 : g5 0}, {link #4 : g6 0}, {link #5 : g7 0}, {link #6 : g0 0},
2 : local 108, cpu 0 {link #0 : g3 0}, {link #1 : g4 0}, {link #2 : g5 0}, {link #3 : g6 0}, {link #4 : g7 0}, {link #5 : g0 0}, {link #6 : g1 0},
3 : local 108, cpu 0 {link #0 : g4 0}, {link #1 : g5 0}, {link #2 : g6 0}, {link #3 : g7 0}, {link #4 : g0 0}, {link #5 : g1 0}, {link #6 : g2 0},
4 : local 108, cpu 0 {link #0 : g5 0}, {link #1 : g6 0}, {link #2 : g7 0}, {link #3 : g0 0}, {link #4 : g1 0}, {link #5 : g2 0}, {link #6 : g3 0},
5 : local 108, cpu 0 {link #0 : g6 0}, {link #1 : g7 0}, {link #2 : g0 0}, {link #3 : g1 0}, {link #4 : g2 0}, {link #5 : g3 0}, {link #6 : g4 0},
6 : local 108, cpu 0 {link #0 : g7 0}, {link #1 : g0 0}, {link #2 : g1 0}, {link #3 : g2 0}, {link #4 : g3 0}, {link #5 : g4 0}, {link #6 : g5 0},
7 : local 108, cpu 0 {link #0 : g0 0}, {link #1 : g1 0}, {link #2 : g2 0}, {link #3 : g3 0}, {link #4 : g4 0}, {link #5 : g5 0}, {link #6 : g6 0},
Set parameter WLSAccessID
Set parameter WLSSecret
Set parameter LicenseID
Set parameter TimeLimit to value 200
Set parameter MIPGap to value 0.05
Set parameter LogFile to value "cppsolver.log"
Set parameter Threads to value 56
Academic license - for non-commercial use only - registered to xiaoniu.sxn@sjtu.edu.cn
Gurobi Optimizer version 9.5.1 build v9.5.1rc2 (linux64)
Thread count: 56 physical cores, 112 logical processors, using up to 56 threads
Academic license - for non-commercial use only - registered to xiaoniu.sxn@sjtu.edu.cn
Optimize a model with 386768 rows, 55129 columns and 888784 nonzeros
Model fingerprint: 0x39579fe6
Variable types: 9 continuous, 55120 integer (55120 binary)
Coefficient statistics:
  Matrix range     [5e-09, 2e+03]
  Objective range  [1e+00, 1e+00]
  Bounds range     [1e+00, 1e+00]
  RHS range        [1e+00, 7e+03]
Found heuristic solution: objective 354448.59006
Presolve removed 332423 rows and 0 columns
Presolve time: 0.59s
Presolved: 54345 rows, 55129 columns, 217857 nonzeros
Variable types: 9 continuous, 55120 integer (55120 binary)

Deterministic concurrent LP optimizer: primal and dual simplex
Showing first log only...


Use crossover to convert LP symmetric solution to basic solution...
Concurrent spin time: 0.01s

Solved with primal simplex

Root relaxation: objective 1.586103e+04, 12356 iterations, 0.88 seconds (1.40 work units)

    Nodes    |    Current Node    |     Objective Bounds      |     Work
 Expl Unexpl |  Obj  Depth IntInf | Incumbent    BestBd   Gap | It/Node Time

     0     0 15861.0337    0  105 354448.590 15861.0337  95.5%     -    3s
H    0     0                    20431.719773 15861.0337  22.4%     -    3s
H    0     0                    19221.950851 15861.0337  17.5%     -    4s
H    0     0                    18141.890906 15861.0337  12.6%     -    7s
     0     0 15861.0337    0  161 18141.8909 15861.0337  12.6%     -    7s
H    0     0                    18044.508976 15861.0337  12.1%     -    7s
H    0     0                    17619.193181 15861.0337  10.0%     -    9s
     0     0 15861.0337    0  169 17619.1932 15861.0337  10.0%     -   10s
H    0     0                    17609.707976 15861.0337  9.93%     -   10s
H    0     0                    16347.964000 15861.0337  2.98%     -   12s
     0     0 15861.0337    0  105 16347.9640 15861.0337  2.98%     -   12s

Cutting planes:
  Gomory: 2
  Cover: 4
  MIR: 5
  StrongCG: 3
  RLT: 4

Explored 1 nodes (119747 simplex iterations) in 12.52 seconds (15.31 work units)
Thread count was 56 (of 112 available processors)

Solution count 8: 16348 17609.7 17619.2 ... 354449

Optimal solution found (tolerance 5.00e-02)
Best objective 1.634796399964e+04, best bound 1.586103370077e+04, gap 2.9785%
coll_cache:optimal_local_rate=0.127702,0.119816,0.12119,0.120907,0.117912,0.126264,0.122195,0.128859,
coll_cache:optimal_remote_rate=0.847808,0.855694,0.85432,0.854603,0.857598,0.849247,0.853315,0.846651,
coll_cache:optimal_cpu_rate=0.0244899,0.0244899,0.0244899,0.0244899,0.0244899,0.0244899,0.0244899,0.0244899,
z=16348
test_result:init:feat_nbytes=56862697472
test_result:init:cache_nbytes=4605878272
test_result:init:feat_nbytes=56862697472
test_result:init:cache_nbytes=4605878272
test_result:init:feat_nbytes=56862697472
test_result:init:cache_nbytes=4605878272
test_result:init:feat_nbytes=56862697472
test_result:init:cache_nbytes=4605878272
test_result:init:feat_nbytes=56862697472
test_result:init:cache_nbytes=4605878272
test_result:init:feat_nbytes=56862697472
test_result:init:cache_nbytes=4605878272
test_result:init:feat_nbytes=56862697472
test_result:init:cache_nbytes=4605878272
test_result:init:feat_nbytes=56862697472
test_result:init:cache_nbytes=4605878272
    [Step(average) Profiler Level 1 E3 S999]
        L1  sample           0.003357 | send           0.000000
        L1  recv             0.000000 | copy           0.010055 | convert time 0.000000 | train  0.005936
        L1  feature nbytes    1.07 GB | label nbytes 0.00 Bytes
        L1  id nbytes      0.00 Bytes | graph nbytes 0.00 Bytes
        L1  miss nbytes    0.00 Bytes | remote nbytes 0.00 Bytes
        L1  num nodes               0 | num samples           0
        L1  seq duration     0.000000 | refresh duration   0.000000
    [Step(average) Profiler Level 2 E3 S999]
        L2  shuffle     0.000000 | core sample  0.000000 | id remap        0.000000
        L2  graph copy  0.000000 | id copy      0.000000 | cache feat copy 0.010055
        L2  last layer sample time 0.000000 | size 0.000000
    [Step(average) Profiler Level 3 E3 S999]
        L3  khop sample coo  0.000000 | khop sort coo      0.000000 | khop count edge     0.000000 | khop compact edge 0.000000
        L3  walk sample coo  0.000000 | walk topk total    0.000000 | walk topk step1     0.000000 | walk topk step2   0.000000
        L3  walk topk step3  0.000000 | walk topk step4    0.000000 | walk topk step5     0.000000
        L3  walk topk step6  0.000000 | walk topk step7    0.000000
        L3  remap unique     0.000000 | remap populate     0.000000 | remap mapnode       0.000000 | remap mapedge     0.000000
        L3  cache get_index  0.000572 | cache copy_index   0.000000 | cache extract_miss  0.000000
        L3  cache copy_miss  0.000000 | cache combine_miss 0.000000 | cache combine cache 0.009458 | cache combine remote 0.000000
        L3  label extract  0.000000
    [Profiler Level Percentiles E3 S999]
        p50.00_tail_logl2featcopy=0.010187
        p90.00_tail_logl2featcopy=0.010350
        p95.00_tail_logl2featcopy=0.010386
        p99.00_tail_logl2featcopy=0.010467
        p99.90_tail_logl2featcopy=0.018878
[CUDA] cuda: usage: 15.47 GB
Rank=5, Graph loaded.
!!!!dist_homo_graph enumerate latency per epoch: 0.008370, per step: 0.000067
presamping
presamping takes 12.003160238265991
Rank=2, Graph loaded.
!!!!dist_homo_graph enumerate latency per epoch: 0.004992, per step: 0.000040
presamping
presamping takes 11.895924091339111
Rank=4, Graph loaded.
!!!!dist_homo_graph enumerate latency per epoch: 0.006688, per step: 0.000054
presamping
presamping takes 11.756054162979126
Rank=7, Graph loaded.
!!!!dist_homo_graph enumerate latency per epoch: 0.005921, per step: 0.000047
presamping
presamping takes 11.348394393920898
Rank=1, Graph loaded.
!!!!dist_homo_graph enumerate latency per epoch: 0.005303, per step: 0.000042
presamping
presamping takes 12.512224674224854
Rank=6, Graph loaded.
!!!!dist_homo_graph enumerate latency per epoch: 0.007803, per step: 0.000062
presamping
presamping takes 13.717609405517578
config:eval_tsp="2023-04-14 20:28:25"
config:num_worker=8
config:num_intra_size=8
config:root_dir=/nvme/songxiaoniu/graph-learning/wholegraph
config:graph_name=ogbn-papers100M
config:epochs=4
config:batchsize=4000
config:skip_epoch=2
config:local_step=125
config:presc_epoch=2
config:neighbors=10,25
config:hiddensize=256
config:num_layer=2
config:model=sage
config:framework=dgl
config:dataloaderworkers=0
config:dropout=0.5
config:lr=0.003
config:use_nccl=False
config:use_amp=False
config:use_collcache=True
config:cache_percentage=0.08
config:cache_policy=coll_cache_asymm_link
config:omp_thread_num=56
config:unsupervised=True
config:classnum=172
config:global_barrier=<multiprocessing.synchronize.Barrier object at 0x7fa95c858370>
config:worker_id=0
creating_intra_node_communicator root=0, local_size=8, world_size=8
Rank=0, Graph loaded.
!!!!dist_homo_graph enumerate latency per epoch: 0.005058, per step: 0.000040
epoch=4 total_steps=500
presamping
presamping takes 12.5549156665802
start training...
[Epoch 0], time=3.664888381958008, loss=0.6931472420692444
[Epoch 1], time=2.4243180751800537, loss=0.6931472420692444
[Epoch 2], time=2.4240500926971436, loss=0.6931472420692444
[Epoch 3], time=2.42336368560791, loss=0.6931472420692444
|===========================================================================|
|                  PyTorch CUDA memory summary, device ID 0                 |
|---------------------------------------------------------------------------|
|            CUDA OOMs: 0            |        cudaMalloc retries: 0         |
|===========================================================================|
|        Metric         | Cur Usage  | Peak Usage | Tot Alloc  | Tot Freed  |
|---------------------------------------------------------------------------|
| Allocated memory      |  141987 KB |  689406 KB |     973 GB |     973 GB |
|       from large pool |  131644 KB |  679263 KB |     959 GB |     959 GB |
|       from small pool |   10343 KB |   14854 KB |      14 GB |      14 GB |
|---------------------------------------------------------------------------|
| Active memory         |  141987 KB |  689406 KB |     973 GB |     973 GB |
|       from large pool |  131644 KB |  679263 KB |     959 GB |     959 GB |
|       from small pool |   10343 KB |   14854 KB |      14 GB |      14 GB |
|---------------------------------------------------------------------------|
| GPU reserved memory   |    1386 MB |    1386 MB |    1386 MB |       0 B  |
|       from large pool |    1366 MB |    1366 MB |    1366 MB |       0 B  |
|       from small pool |      20 MB |      20 MB |      20 MB |       0 B  |
|---------------------------------------------------------------------------|
| Non-releasable memory |   91485 KB |  226907 KB |  226742 MB |  226653 MB |
|       from large pool |   83396 KB |  219504 KB |  211813 MB |  211731 MB |
|       from small pool |    8089 KB |   10538 KB |   14929 MB |   14921 MB |
|---------------------------------------------------------------------------|
| Allocations           |      62    |      78    |   95927    |   95865    |
|       from large pool |      11    |      19    |   26262    |   26251    |
|       from small pool |      51    |      62    |   69665    |   69614    |
|---------------------------------------------------------------------------|
| Active allocs         |      62    |      78    |   95927    |   95865    |
|       from large pool |      11    |      19    |   26262    |   26251    |
|       from small pool |      51    |      62    |   69665    |   69614    |
|---------------------------------------------------------------------------|
| GPU reserved segments |      32    |      32    |      32    |       0    |
|       from large pool |      22    |      22    |      22    |       0    |
|       from small pool |      10    |      10    |      10    |       0    |
|---------------------------------------------------------------------------|
| Non-releasable allocs |      28    |      42    |   31323    |   31295    |
|       from large pool |       6    |      17    |   14770    |   14764    |
|       from small pool |      22    |      31    |   16553    |   16531    |
|---------------------------------------------------------------------------|
| Oversize allocations  |       0    |       0    |       0    |       0    |
|---------------------------------------------------------------------------|
| Oversize GPU segments |       0    |       0    |       0    |       0    |
|===========================================================================|

[TRAIN_TIME] train time is 10.942369 seconds
[EPOCH_TIME] 2.735592 seconds, maybe large due to not enough epoch skipped.
[EPOCH_TIME] 2.423897 seconds
Rank=3, Graph loaded.
!!!!dist_homo_graph enumerate latency per epoch: 0.007434, per step: 0.000059
presamping
presamping takes 12.119762897491455

