/usr/lib/python3/dist-packages/requests/__init__.py:89: RequestsDependencyWarning: urllib3 (1.26.12) or chardet (3.0.4) doesn't match a supported version!
  warnings.warn("urllib3 ({}) or chardet ({}) doesn't match a supported "
[W socket.cpp:601] [c10d] The client socket has failed to connect to [localhost]:12335 (errno: 99 - Cannot assign requested address).
Rank=4 done reading 8201046 embedding vectors from file /nvme/songxiaoniu/graph-learning/wholegraph/com_friendster/converted/homograph_csr_row_ptr
Rank=5 done reading 8201046 embedding vectors from file /nvme/songxiaoniu/graph-learning/wholegraph/com_friendster/converted/homograph_csr_row_ptr
Rank=7 done reading 8201045 embedding vectors from file /nvme/songxiaoniu/graph-learning/wholegraph/com_friendster/converted/homograph_csr_row_ptr
Rank=2 done reading 8201046 embedding vectors from file /nvme/songxiaoniu/graph-learning/wholegraph/com_friendster/converted/homograph_csr_row_ptr
Rank=3 done reading 8201046 embedding vectors from file /nvme/songxiaoniu/graph-learning/wholegraph/com_friendster/converted/homograph_csr_row_ptr
Rank=6 done reading 8201046 embedding vectors from file /nvme/songxiaoniu/graph-learning/wholegraph/com_friendster/converted/homograph_csr_row_ptr
Rank=1 done reading 8201046 embedding vectors from file /nvme/songxiaoniu/graph-learning/wholegraph/com_friendster/converted/homograph_csr_row_ptr
Rank=0 done reading 8201046 embedding vectors from file /nvme/songxiaoniu/graph-learning/wholegraph/com_friendster/converted/homograph_csr_row_ptr
Rank=4 done reading 451516784 embedding vectors from file /nvme/songxiaoniu/graph-learning/wholegraph/com_friendster/converted/homograph_csr_col_idx
Rank=5 done reading 451516784 embedding vectors from file /nvme/songxiaoniu/graph-learning/wholegraph/com_friendster/converted/homograph_csr_col_idx
Rank=3 done reading 451516784 embedding vectors from file /nvme/songxiaoniu/graph-learning/wholegraph/com_friendster/converted/homograph_csr_col_idx
Rank=2 done reading 451516784 embedding vectors from file /nvme/songxiaoniu/graph-learning/wholegraph/com_friendster/converted/homograph_csr_col_idx
Rank=0 done reading 451516784 embedding vectors from file /nvme/songxiaoniu/graph-learning/wholegraph/com_friendster/converted/homograph_csr_col_idx
Rank=7 done reading 451516782 embedding vectors from file /nvme/songxiaoniu/graph-learning/wholegraph/com_friendster/converted/homograph_csr_col_idx
Rank=1 done reading 451516784 embedding vectors from file /nvme/songxiaoniu/graph-learning/wholegraph/com_friendster/converted/homograph_csr_col_idx
Rank=6 done reading 451516784 embedding vectors from file /nvme/songxiaoniu/graph-learning/wholegraph/com_friendster/converted/homograph_csr_col_idx
[2023-04-14 22:06:08.703425: E /samgraph/3rdparty/collcachelib/coll_cache_lib/freq_recorder.cc:337] bulk append 4211106 into 0
[2023-04-14 22:06:08.720426: E /samgraph/3rdparty/collcachelib/coll_cache_lib/freq_recorder.cc:347] bulk append 57911085
[2023-04-14 22:06:08.720990: E /samgraph/3rdparty/collcachelib/coll_cache_lib/freq_recorder.cc:337] bulk append 4215557 into 4211106
[2023-04-14 22:06:08.738013: E /samgraph/3rdparty/collcachelib/coll_cache_lib/freq_recorder.cc:347] bulk append 57889625
[2023-04-14 22:06:08.738557: E /samgraph/3rdparty/collcachelib/coll_cache_lib/freq_recorder.cc:337] bulk append 4209135 into 8426663
[2023-04-14 22:06:08.755541: E /samgraph/3rdparty/collcachelib/coll_cache_lib/freq_recorder.cc:347] bulk append 57808497
[2023-04-14 22:06:08.756082: E /samgraph/3rdparty/collcachelib/coll_cache_lib/freq_recorder.cc:337] bulk append 4214372 into 12635798
[2023-04-14 22:06:08.773079: E /samgraph/3rdparty/collcachelib/coll_cache_lib/freq_recorder.cc:347] bulk append 57841543
[2023-04-14 22:06:08.773626: E /samgraph/3rdparty/collcachelib/coll_cache_lib/freq_recorder.cc:337] bulk append 4209885 into 16850170
[2023-04-14 22:06:08.790606: E /samgraph/3rdparty/collcachelib/coll_cache_lib/freq_recorder.cc:347] bulk append 57872781
[2023-04-14 22:06:08.791142: E /samgraph/3rdparty/collcachelib/coll_cache_lib/freq_recorder.cc:337] bulk append 4214616 into 21060055
[2023-04-14 22:06:08.808152: E /samgraph/3rdparty/collcachelib/coll_cache_lib/freq_recorder.cc:347] bulk append 57835118
[2023-04-14 22:06:08.808693: E /samgraph/3rdparty/collcachelib/coll_cache_lib/freq_recorder.cc:337] bulk append 4207636 into 25274671
[2023-04-14 22:06:08.825691: E /samgraph/3rdparty/collcachelib/coll_cache_lib/freq_recorder.cc:347] bulk append 57863744
[2023-04-14 22:06:08.826237: E /samgraph/3rdparty/collcachelib/coll_cache_lib/freq_recorder.cc:337] bulk append 4216634 into 29482307
[2023-04-14 22:06:08.843232: E /samgraph/3rdparty/collcachelib/coll_cache_lib/freq_recorder.cc:347] bulk append 57900087
[2023-04-14 22:06:08.843765: E /samgraph/3rdparty/collcachelib/coll_cache_lib/freq_recorder.cc:337] bulk append 4210202 into 33698941
[2023-04-14 22:06:08.860666: E /samgraph/3rdparty/collcachelib/coll_cache_lib/freq_recorder.cc:347] bulk append 57880256
[2023-04-14 22:06:08.861212: E /samgraph/3rdparty/collcachelib/coll_cache_lib/freq_recorder.cc:337] bulk append 4214691 into 37909143
[2023-04-14 22:06:08.878212: E /samgraph/3rdparty/collcachelib/coll_cache_lib/freq_recorder.cc:347] bulk append 57887001
[2023-04-14 22:06:08.878798: E /samgraph/3rdparty/collcachelib/coll_cache_lib/freq_recorder.cc:337] bulk append 4302440 into 42123834
[2023-04-14 22:06:08.895989: E /samgraph/3rdparty/collcachelib/coll_cache_lib/freq_recorder.cc:347] bulk append 59070722
[2023-04-14 22:06:08.896576: E /samgraph/3rdparty/collcachelib/coll_cache_lib/freq_recorder.cc:337] bulk append 4309331 into 46426274
[2023-04-14 22:06:08.913900: E /samgraph/3rdparty/collcachelib/coll_cache_lib/freq_recorder.cc:347] bulk append 59008183
[2023-04-14 22:06:08.914476: E /samgraph/3rdparty/collcachelib/coll_cache_lib/freq_recorder.cc:337] bulk append 4302232 into 50735605
[2023-04-14 22:06:08.931610: E /samgraph/3rdparty/collcachelib/coll_cache_lib/freq_recorder.cc:347] bulk append 58913853
[2023-04-14 22:06:08.932194: E /samgraph/3rdparty/collcachelib/coll_cache_lib/freq_recorder.cc:337] bulk append 4306446 into 55037837
[2023-04-14 22:06:08.949382: E /samgraph/3rdparty/collcachelib/coll_cache_lib/freq_recorder.cc:347] bulk append 58961379
[2023-04-14 22:06:08.949961: E /samgraph/3rdparty/collcachelib/coll_cache_lib/freq_recorder.cc:337] bulk append 4302441 into 59344283
[2023-04-14 22:06:08.967154: E /samgraph/3rdparty/collcachelib/coll_cache_lib/freq_recorder.cc:347] bulk append 59036306
[2023-04-14 22:06:08.967730: E /samgraph/3rdparty/collcachelib/coll_cache_lib/freq_recorder.cc:337] bulk append 4305049 into 63646724
[2023-04-14 22:06:08.984965: E /samgraph/3rdparty/collcachelib/coll_cache_lib/freq_recorder.cc:347] bulk append 59018461
[2023-04-14 22:06:08.985528: E /samgraph/3rdparty/collcachelib/coll_cache_lib/freq_recorder.cc:337] bulk append 4302977 into 67951773
[2023-04-14 22:06:09.  2672: E /samgraph/3rdparty/collcachelib/coll_cache_lib/freq_recorder.cc:347] bulk append 58982217
[2023-04-14 22:06:09.  3252: E /samgraph/3rdparty/collcachelib/coll_cache_lib/freq_recorder.cc:337] bulk append 4309345 into 72254750
[2023-04-14 22:06:09. 20525: E /samgraph/3rdparty/collcachelib/coll_cache_lib/freq_recorder.cc:347] bulk append 59043542
[2023-04-14 22:06:09. 21110: E /samgraph/3rdparty/collcachelib/coll_cache_lib/freq_recorder.cc:337] bulk append 4303286 into 76564095
[2023-04-14 22:06:09. 38304: E /samgraph/3rdparty/collcachelib/coll_cache_lib/freq_recorder.cc:347] bulk append 58989566
[2023-04-14 22:06:09. 38873: E /samgraph/3rdparty/collcachelib/coll_cache_lib/freq_recorder.cc:337] bulk append 4305524 into 80867381
[2023-04-14 22:06:09. 55996: E /samgraph/3rdparty/collcachelib/coll_cache_lib/freq_recorder.cc:347] bulk append 59063520
[2023-04-14 22:06:09. 56586: E /samgraph/3rdparty/collcachelib/coll_cache_lib/freq_recorder.cc:337] bulk append 4347122 into 85172905
[2023-04-14 22:06:09. 73981: E /samgraph/3rdparty/collcachelib/coll_cache_lib/freq_recorder.cc:347] bulk append 58997533
[2023-04-14 22:06:09. 74536: E /samgraph/3rdparty/collcachelib/coll_cache_lib/freq_recorder.cc:337] bulk append 4353873 into 89520027
[2023-04-14 22:06:09. 91928: E /samgraph/3rdparty/collcachelib/coll_cache_lib/freq_recorder.cc:347] bulk append 58917558
[2023-04-14 22:06:09. 92474: E /samgraph/3rdparty/collcachelib/coll_cache_lib/freq_recorder.cc:337] bulk append 4345616 into 93873900
[2023-04-14 22:06:09.109809: E /samgraph/3rdparty/collcachelib/coll_cache_lib/freq_recorder.cc:347] bulk append 58822779
[2023-04-14 22:06:09.110360: E /samgraph/3rdparty/collcachelib/coll_cache_lib/freq_recorder.cc:337] bulk append 4351715 into 98219516
[2023-04-14 22:06:09.127732: E /samgraph/3rdparty/collcachelib/coll_cache_lib/freq_recorder.cc:347] bulk append 58885306
[2023-04-14 22:06:09.128288: E /samgraph/3rdparty/collcachelib/coll_cache_lib/freq_recorder.cc:337] bulk append 4347683 into 102571231
[2023-04-14 22:06:09.145566: E /samgraph/3rdparty/collcachelib/coll_cache_lib/freq_recorder.cc:347] bulk append 58952688
[2023-04-14 22:06:09.146125: E /samgraph/3rdparty/collcachelib/coll_cache_lib/freq_recorder.cc:337] bulk append 4352128 into 106918914
[2023-04-14 22:06:09.163388: E /samgraph/3rdparty/collcachelib/coll_cache_lib/freq_recorder.cc:347] bulk append 58934557
[2023-04-14 22:06:09.163933: E /samgraph/3rdparty/collcachelib/coll_cache_lib/freq_recorder.cc:337] bulk append 4346636 into 111271042
[2023-04-14 22:06:09.181261: E /samgraph/3rdparty/collcachelib/coll_cache_lib/freq_recorder.cc:347] bulk append 58913008
[2023-04-14 22:06:09.181800: E /samgraph/3rdparty/collcachelib/coll_cache_lib/freq_recorder.cc:337] bulk append 4354307 into 115617678
[2023-04-14 22:06:09.199164: E /samgraph/3rdparty/collcachelib/coll_cache_lib/freq_recorder.cc:347] bulk append 59005782
[2023-04-14 22:06:09.199713: E /samgraph/3rdparty/collcachelib/coll_cache_lib/freq_recorder.cc:337] bulk append 4347715 into 119971985
[2023-04-14 22:06:09.217036: E /samgraph/3rdparty/collcachelib/coll_cache_lib/freq_recorder.cc:347] bulk append 58915588
[2023-04-14 22:06:09.217587: E /samgraph/3rdparty/collcachelib/coll_cache_lib/freq_recorder.cc:337] bulk append 4350276 into 124319700
[2023-04-14 22:06:09.234919: E /samgraph/3rdparty/collcachelib/coll_cache_lib/freq_recorder.cc:347] bulk append 59001825
[2023-04-14 22:06:09.235472: E /samgraph/3rdparty/collcachelib/coll_cache_lib/freq_recorder.cc:337] bulk append 4357227 into 128669976
[2023-04-14 22:06:09.252821: E /samgraph/3rdparty/collcachelib/coll_cache_lib/freq_recorder.cc:347] bulk append 58958672
[2023-04-14 22:06:09.253405: E /samgraph/3rdparty/collcachelib/coll_cache_lib/freq_recorder.cc:337] bulk append 4361877 into 133027203
[2023-04-14 22:06:09.271143: E /samgraph/3rdparty/collcachelib/coll_cache_lib/freq_recorder.cc:347] bulk append 58915145
[2023-04-14 22:06:09.271702: E /samgraph/3rdparty/collcachelib/coll_cache_lib/freq_recorder.cc:337] bulk append 4357896 into 137389080
[2023-04-14 22:06:09.289064: E /samgraph/3rdparty/collcachelib/coll_cache_lib/freq_recorder.cc:347] bulk append 58837340
[2023-04-14 22:06:09.289621: E /samgraph/3rdparty/collcachelib/coll_cache_lib/freq_recorder.cc:337] bulk append 4360982 into 141746976
[2023-04-14 22:06:09.307422: E /samgraph/3rdparty/collcachelib/coll_cache_lib/freq_recorder.cc:347] bulk append 58886619
[2023-04-14 22:06:09.308005: E /samgraph/3rdparty/collcachelib/coll_cache_lib/freq_recorder.cc:337] bulk append 4358491 into 146107958
[2023-04-14 22:06:09.325402: E /samgraph/3rdparty/collcachelib/coll_cache_lib/freq_recorder.cc:347] bulk append 58940413
[2023-04-14 22:06:09.325963: E /samgraph/3rdparty/collcachelib/coll_cache_lib/freq_recorder.cc:337] bulk append 4361038 into 150466449
[2023-04-14 22:06:09.343316: E /samgraph/3rdparty/collcachelib/coll_cache_lib/freq_recorder.cc:347] bulk append 58930737
[2023-04-14 22:06:09.343891: E /samgraph/3rdparty/collcachelib/coll_cache_lib/freq_recorder.cc:337] bulk append 4358251 into 154827487
[2023-04-14 22:06:09.361315: E /samgraph/3rdparty/collcachelib/coll_cache_lib/freq_recorder.cc:347] bulk append 58922018
[2023-04-14 22:06:09.361877: E /samgraph/3rdparty/collcachelib/coll_cache_lib/freq_recorder.cc:337] bulk append 4363146 into 159185738
[2023-04-14 22:06:09.379332: E /samgraph/3rdparty/collcachelib/coll_cache_lib/freq_recorder.cc:347] bulk append 59021251
[2023-04-14 22:06:09.379897: E /samgraph/3rdparty/collcachelib/coll_cache_lib/freq_recorder.cc:337] bulk append 4358127 into 163548884
[2023-04-14 22:06:09.397326: E /samgraph/3rdparty/collcachelib/coll_cache_lib/freq_recorder.cc:347] bulk append 58952955
[2023-04-14 22:06:09.397903: E /samgraph/3rdparty/collcachelib/coll_cache_lib/freq_recorder.cc:337] bulk append 4360144 into 167907011
[2023-04-14 22:06:09.415666: E /samgraph/3rdparty/collcachelib/coll_cache_lib/freq_recorder.cc:347] bulk append 59006199
[2023-04-14 22:06:09.416251: E /samgraph/3rdparty/collcachelib/coll_cache_lib/freq_recorder.cc:337] bulk append 4363205 into 172267155
[2023-04-14 22:06:09.433867: E /samgraph/3rdparty/collcachelib/coll_cache_lib/freq_recorder.cc:347] bulk append 58868031
[2023-04-14 22:06:09.434519: E /samgraph/3rdparty/collcachelib/coll_cache_lib/freq_recorder.cc:337] bulk append 4366182 into 176630360
[2023-04-14 22:06:09.451951: E /samgraph/3rdparty/collcachelib/coll_cache_lib/freq_recorder.cc:347] bulk append 58795658
[2023-04-14 22:06:09.452522: E /samgraph/3rdparty/collcachelib/coll_cache_lib/freq_recorder.cc:337] bulk append 4363164 into 180996542
[2023-04-14 22:06:09.471507: E /samgraph/3rdparty/collcachelib/coll_cache_lib/freq_recorder.cc:347] bulk append 58752573
[2023-04-14 22:06:09.472107: E /samgraph/3rdparty/collcachelib/coll_cache_lib/freq_recorder.cc:337] bulk append 4365509 into 185359706
[2023-04-14 22:06:09.490046: E /samgraph/3rdparty/collcachelib/coll_cache_lib/freq_recorder.cc:347] bulk append 58800746
[2023-04-14 22:06:09.490876: E /samgraph/3rdparty/collcachelib/coll_cache_lib/freq_recorder.cc:337] bulk append 4364875 into 189725215
[2023-04-14 22:06:09.508187: E /samgraph/3rdparty/collcachelib/coll_cache_lib/freq_recorder.cc:347] bulk append 58841934
[2023-04-14 22:06:09.508762: E /samgraph/3rdparty/collcachelib/coll_cache_lib/freq_recorder.cc:337] bulk append 4365123 into 194090090
[2023-04-14 22:06:09.526181: E /samgraph/3rdparty/collcachelib/coll_cache_lib/freq_recorder.cc:347] bulk append 58827442
[2023-04-14 22:06:09.526758: E /samgraph/3rdparty/collcachelib/coll_cache_lib/freq_recorder.cc:337] bulk append 4363418 into 198455213
[2023-04-14 22:06:09.544044: E /samgraph/3rdparty/collcachelib/coll_cache_lib/freq_recorder.cc:347] bulk append 58828419
[2023-04-14 22:06:09.544606: E /samgraph/3rdparty/collcachelib/coll_cache_lib/freq_recorder.cc:337] bulk append 4368204 into 202818631
[2023-04-14 22:06:09.562061: E /samgraph/3rdparty/collcachelib/coll_cache_lib/freq_recorder.cc:347] bulk append 58928825
[2023-04-14 22:06:09.562632: E /samgraph/3rdparty/collcachelib/coll_cache_lib/freq_recorder.cc:337] bulk append 4363268 into 207186835
[2023-04-14 22:06:09.580015: E /samgraph/3rdparty/collcachelib/coll_cache_lib/freq_recorder.cc:347] bulk append 58873987
[2023-04-14 22:06:09.580581: E /samgraph/3rdparty/collcachelib/coll_cache_lib/freq_recorder.cc:337] bulk append 4364561 into 211550103
[2023-04-14 22:06:09.597954: E /samgraph/3rdparty/collcachelib/coll_cache_lib/freq_recorder.cc:347] bulk append 58910123
[2023-04-14 22:06:09.598539: E /samgraph/3rdparty/collcachelib/coll_cache_lib/freq_recorder.cc:337] bulk append 4318432 into 215914664
[2023-04-14 22:06:09.616349: E /samgraph/3rdparty/collcachelib/coll_cache_lib/freq_recorder.cc:347] bulk append 58168003
[2023-04-14 22:06:09.616909: E /samgraph/3rdparty/collcachelib/coll_cache_lib/freq_recorder.cc:337] bulk append 4324795 into 220233096
[2023-04-14 22:06:09.634608: E /samgraph/3rdparty/collcachelib/coll_cache_lib/freq_recorder.cc:347] bulk append 58063632
[2023-04-14 22:06:09.635168: E /samgraph/3rdparty/collcachelib/coll_cache_lib/freq_recorder.cc:337] bulk append 4318285 into 224557891
[2023-04-14 22:06:09.653105: E /samgraph/3rdparty/collcachelib/coll_cache_lib/freq_recorder.cc:347] bulk append 58027134
[2023-04-14 22:06:09.653680: E /samgraph/3rdparty/collcachelib/coll_cache_lib/freq_recorder.cc:337] bulk append 4322672 into 228876176
[2023-04-14 22:06:09.671369: E /samgraph/3rdparty/collcachelib/coll_cache_lib/freq_recorder.cc:347] bulk append 58079741
[2023-04-14 22:06:09.671928: E /samgraph/3rdparty/collcachelib/coll_cache_lib/freq_recorder.cc:337] bulk append 4320304 into 233198848
[2023-04-14 22:06:09.689615: E /samgraph/3rdparty/collcachelib/coll_cache_lib/freq_recorder.cc:347] bulk append 58083608
[2023-04-14 22:06:09.690175: E /samgraph/3rdparty/collcachelib/coll_cache_lib/freq_recorder.cc:337] bulk append 4323824 into 237519152
[2023-04-14 22:06:09.707860: E /samgraph/3rdparty/collcachelib/coll_cache_lib/freq_recorder.cc:347] bulk append 58105238
[2023-04-14 22:06:09.708410: E /samgraph/3rdparty/collcachelib/coll_cache_lib/freq_recorder.cc:337] bulk append 4318469 into 241842976
[2023-04-14 22:06:09.725685: E /samgraph/3rdparty/collcachelib/coll_cache_lib/freq_recorder.cc:347] bulk append 58104845
[2023-04-14 22:06:09.726248: E /samgraph/3rdparty/collcachelib/coll_cache_lib/freq_recorder.cc:337] bulk append 4324905 into 246161445
[2023-04-14 22:06:09.743926: E /samgraph/3rdparty/collcachelib/coll_cache_lib/freq_recorder.cc:347] bulk append 58208207
[2023-04-14 22:06:09.744489: E /samgraph/3rdparty/collcachelib/coll_cache_lib/freq_recorder.cc:337] bulk append 4319421 into 250486350
[2023-04-14 22:06:09.762100: E /samgraph/3rdparty/collcachelib/coll_cache_lib/freq_recorder.cc:347] bulk append 58146485
[2023-04-14 22:06:09.762656: E /samgraph/3rdparty/collcachelib/coll_cache_lib/freq_recorder.cc:337] bulk append 4321790 into 254805771
[2023-04-14 22:06:09.780290: E /samgraph/3rdparty/collcachelib/coll_cache_lib/freq_recorder.cc:347] bulk append 58180559
[2023-04-14 22:06:09.782009: E /samgraph/3rdparty/collcachelib/coll_cache_lib/freq_recorder.cc:337] bulk append 4265058 into 259127561
[2023-04-14 22:06:09.799136: E /samgraph/3rdparty/collcachelib/coll_cache_lib/freq_recorder.cc:347] bulk append 57157057
[2023-04-14 22:06:09.799691: E /samgraph/3rdparty/collcachelib/coll_cache_lib/freq_recorder.cc:337] bulk append 4267836 into 263392619
[2023-04-14 22:06:09.816855: E /samgraph/3rdparty/collcachelib/coll_cache_lib/freq_recorder.cc:347] bulk append 57046652
[2023-04-14 22:06:09.817402: E /samgraph/3rdparty/collcachelib/coll_cache_lib/freq_recorder.cc:337] bulk append 4264142 into 267660455
[2023-04-14 22:06:09.834341: E /samgraph/3rdparty/collcachelib/coll_cache_lib/freq_recorder.cc:347] bulk append 57008894
[2023-04-14 22:06:09.834883: E /samgraph/3rdparty/collcachelib/coll_cache_lib/freq_recorder.cc:337] bulk append 4267879 into 271924597
[2023-04-14 22:06:09.851911: E /samgraph/3rdparty/collcachelib/coll_cache_lib/freq_recorder.cc:347] bulk append 57069493
[2023-04-14 22:06:09.852457: E /samgraph/3rdparty/collcachelib/coll_cache_lib/freq_recorder.cc:337] bulk append 4265448 into 276192476
[2023-04-14 22:06:09.869602: E /samgraph/3rdparty/collcachelib/coll_cache_lib/freq_recorder.cc:347] bulk append 57078931
[2023-04-14 22:06:09.870151: E /samgraph/3rdparty/collcachelib/coll_cache_lib/freq_recorder.cc:337] bulk append 4267872 into 280457924
[2023-04-14 22:06:09.887111: E /samgraph/3rdparty/collcachelib/coll_cache_lib/freq_recorder.cc:347] bulk append 57092486
[2023-04-14 22:06:09.887643: E /samgraph/3rdparty/collcachelib/coll_cache_lib/freq_recorder.cc:337] bulk append 4264226 into 284725796
[2023-04-14 22:06:09.904710: E /samgraph/3rdparty/collcachelib/coll_cache_lib/freq_recorder.cc:347] bulk append 57076181
[2023-04-14 22:06:09.905240: E /samgraph/3rdparty/collcachelib/coll_cache_lib/freq_recorder.cc:337] bulk append 4268072 into 288990022
[2023-04-14 22:06:09.922274: E /samgraph/3rdparty/collcachelib/coll_cache_lib/freq_recorder.cc:347] bulk append 57197381
[2023-04-14 22:06:09.922823: E /samgraph/3rdparty/collcachelib/coll_cache_lib/freq_recorder.cc:337] bulk append 4264733 into 293258094
[2023-04-14 22:06:09.939878: E /samgraph/3rdparty/collcachelib/coll_cache_lib/freq_recorder.cc:347] bulk append 57137237
[2023-04-14 22:06:09.940410: E /samgraph/3rdparty/collcachelib/coll_cache_lib/freq_recorder.cc:337] bulk append 4266481 into 297522827
[2023-04-14 22:06:09.958000: E /samgraph/3rdparty/collcachelib/coll_cache_lib/freq_recorder.cc:347] bulk append 57166983
[2023-04-14 22:06:09.958814: E /samgraph/3rdparty/collcachelib/coll_cache_lib/freq_recorder.cc:337] bulk append 4174921 into 301789308
[2023-04-14 22:06:09.975731: E /samgraph/3rdparty/collcachelib/coll_cache_lib/freq_recorder.cc:347] bulk append 54888756
[2023-04-14 22:06:09.976299: E /samgraph/3rdparty/collcachelib/coll_cache_lib/freq_recorder.cc:337] bulk append 4181861 into 305964229
[2023-04-14 22:06:09.993078: E /samgraph/3rdparty/collcachelib/coll_cache_lib/freq_recorder.cc:347] bulk append 54779442
[2023-04-14 22:06:09.993635: E /samgraph/3rdparty/collcachelib/coll_cache_lib/freq_recorder.cc:337] bulk append 4175628 into 310146090
[2023-04-14 22:06:10. 10428: E /samgraph/3rdparty/collcachelib/coll_cache_lib/freq_recorder.cc:347] bulk append 54757312
[2023-04-14 22:06:10. 10995: E /samgraph/3rdparty/collcachelib/coll_cache_lib/freq_recorder.cc:337] bulk append 4179611 into 314321718
[2023-04-14 22:06:10. 27808: E /samgraph/3rdparty/collcachelib/coll_cache_lib/freq_recorder.cc:347] bulk append 54818937
[2023-04-14 22:06:10. 28371: E /samgraph/3rdparty/collcachelib/coll_cache_lib/freq_recorder.cc:337] bulk append 4177893 into 318501329
[2023-04-14 22:06:10. 45104: E /samgraph/3rdparty/collcachelib/coll_cache_lib/freq_recorder.cc:347] bulk append 54817479
[2023-04-14 22:06:10. 45654: E /samgraph/3rdparty/collcachelib/coll_cache_lib/freq_recorder.cc:337] bulk append 4179756 into 322679222
[2023-04-14 22:06:10. 62466: E /samgraph/3rdparty/collcachelib/coll_cache_lib/freq_recorder.cc:347] bulk append 54820930
[2023-04-14 22:06:10. 63031: E /samgraph/3rdparty/collcachelib/coll_cache_lib/freq_recorder.cc:337] bulk append 4175347 into 326858978
[2023-04-14 22:06:10. 79833: E /samgraph/3rdparty/collcachelib/coll_cache_lib/freq_recorder.cc:347] bulk append 54825654
[2023-04-14 22:06:10. 80398: E /samgraph/3rdparty/collcachelib/coll_cache_lib/freq_recorder.cc:337] bulk append 4183822 into 331034325
[2023-04-14 22:06:10. 97318: E /samgraph/3rdparty/collcachelib/coll_cache_lib/freq_recorder.cc:347] bulk append 54948953
[2023-04-14 22:06:10. 97891: E /samgraph/3rdparty/collcachelib/coll_cache_lib/freq_recorder.cc:337] bulk append 4176269 into 335218147
[2023-04-14 22:06:10.114764: E /samgraph/3rdparty/collcachelib/coll_cache_lib/freq_recorder.cc:347] bulk append 54915449
[2023-04-14 22:06:10.115317: E /samgraph/3rdparty/collcachelib/coll_cache_lib/freq_recorder.cc:337] bulk append 4178182 into 339394416
[2023-04-14 22:06:10.132214: E /samgraph/3rdparty/collcachelib/coll_cache_lib/freq_recorder.cc:347] bulk append 54895254
[2023-04-14 22:06:10.132779: E /samgraph/3rdparty/collcachelib/coll_cache_lib/freq_recorder.cc:266] freq recorder global combining
[[[[2023-04-14 22:06:102023-04-14 22:06:102023-04-14 22:06:102023-04-14 22:06:10....132800132800132800132801: : [: [: EEE2023-04-14 22:06:102023-04-14 22:06:10E   [.. /samgraph/3rdparty/collcachelib/coll_cache_lib/facade.cc/samgraph/3rdparty/collcachelib/coll_cache_lib/facade.cc/samgraph/3rdparty/collcachelib/coll_cache_lib/facade.cc1328262023-04-14 22:06:10132827./samgraph/3rdparty/collcachelib/coll_cache_lib/facade.cc:::: : 132825:409409409EE: 409] ] ]   E] before scale, dtype is 0, dim is 256before scale, dtype is 0, dim is 256before scale, dtype is 0, dim is 256/samgraph/3rdparty/collcachelib/coll_cache_lib/facade.cc/samgraph/3rdparty/collcachelib/coll_cache_lib/facade.cc before scale, dtype is 0, dim is 256


::/samgraph/3rdparty/collcachelib/coll_cache_lib/facade.cc
[[409409:[2023-04-14 22:06:10[2023-04-14 22:06:10] ] 4092023-04-14 22:06:10.2023-04-14 22:06:10.before scale, dtype is 0, dim is 256before scale, dtype is 0, dim is 256] .132910.132908

before scale, dtype is 0, dim is 256132909: 132915: 
: [[E: EE[2023-04-14 22:06:102023-04-14 22:06:10 E  2023-04-14 22:06:10../samgraph/3rdparty/collcachelib/coll_cache_lib/facade.cc /samgraph/3rdparty/collcachelib/coll_cache_lib/facade.cc/samgraph/3rdparty/collcachelib/coll_cache_lib/facade.cc.132950132949:/samgraph/3rdparty/collcachelib/coll_cache_lib/facade.cc::132959: : 415:415415: EE] 415] ] E  after scale, dtype is 7, new dim is 64] after scale, dtype is 7, new dim is 64after scale, dtype is 7, new dim is 64 /samgraph/3rdparty/collcachelib/coll_cache_lib/facade.cc/samgraph/3rdparty/collcachelib/coll_cache_lib/facade.cc
after scale, dtype is 7, new dim is 64

/samgraph/3rdparty/collcachelib/coll_cache_lib/facade.cc::
:415415415] ] ] after scale, dtype is 7, new dim is 64after scale, dtype is 7, new dim is 64after scale, dtype is 7, new dim is 64


[2023-04-14 22:06:10.134318: E /samgraph/3rdparty/collcachelib/coll_cache_lib/coll_cache/asymm_link_desc.cc:207] assigning 0 to cpu
[2023-04-14 22:06:10.134374: E /samgraph/3rdparty/collcachelib/coll_cache_lib/coll_cache/asymm_link_desc.cc:224] build symm link desc with 8X NVIDIA A100-SXM4-80GB out of 8
[2023-04-14 22:06:10.134402: E /samgraph/3rdparty/collcachelib/coll_cache_lib/coll_cache/asymm_link_desc.cc:225] remote time is 24.3333
[2023-04-14 22:06:10.134414: E /samgraph/3rdparty/collcachelib/coll_cache_lib/coll_cache/asymm_link_desc.cc:226] cpu time is 91.25
[2023-04-14 22:06:10.134439: E /samgraph/3rdparty/collcachelib/coll_cache_lib/facade.cc:425] registering cpu data with 16.00 GB
[2023-04-14 22:06:10.134994: E /samgraph/3rdparty/collcachelib/coll_cache_lib/coll_cache/asymm_link_desc.cc:207] assigning 0 to cpu
[2023-04-14 22:06:10.135045: E /samgraph/3rdparty/collcachelib/coll_cache_lib/coll_cache/asymm_link_desc.cc:224] build symm link desc with 8X NVIDIA A100-SXM4-80GB out of 8
[2023-04-14 22:06:10.135074: E /samgraph/3rdparty/collcachelib/coll_cache_lib/coll_cache/asymm_link_desc.cc:225] remote time is 24.3333
[2023-04-14 22:06:10.135085: E /samgraph/3rdparty/collcachelib/coll_cache_lib/coll_cache/asymm_link_desc.cc:226] cpu time is 91.25[
2023-04-14 22:06:10.135090: E /samgraph/3rdparty/collcachelib/coll_cache_lib/coll_cache/asymm_link_desc.cc:207] assigning 0 to cpu
[2023-04-14 22:06:10.135113: E /samgraph/3rdparty/collcachelib/coll_cache_lib/facade.cc:425] registering cpu data with 16.00 GB
[2023-04-14 22:06:10.135135: E /samgraph/3rdparty/collcachelib/coll_cache_lib/coll_cache/asymm_link_desc.cc:224] build symm link desc with 8X NVIDIA A100-SXM4-80GB out of 8
[2023-04-14 22:06:10.135161: E /samgraph/3rdparty/collcachelib/coll_cache_lib/coll_cache/asymm_link_desc.cc:225] remote time is 24.3333
[2023-04-14 22:06:10.135172: E /samgraph/3rdparty/collcachelib/coll_cache_lib/coll_cache/asymm_link_desc.cc:226] cpu time is 91.25
[2023-04-14 22:06:10.135197: E /samgraph/3rdparty/collcachelib/coll_cache_lib/facade.cc:425] registering cpu data with 16.00 GB
[2023-04-14 22:06:10.135478: E /samgraph/3rdparty/collcachelib/coll_cache_lib/coll_cache/asymm_link_desc.cc:207] assigning 0 to cpu
[2023-04-14 22:06:10.135495: E /samgraph/3rdparty/collcachelib/coll_cache_lib/coll_cache/asymm_link_desc.cc:207] assigning 0 to cpu
[2023-04-14 22:06:10.135525: E /samgraph/3rdparty/collcachelib/coll_cache_lib/coll_cache/asymm_link_desc.cc:224] build symm link desc with 8X NVIDIA A100-SXM4-80GB out of 8
[2023-04-14 22:06:10.135551: E /samgraph/3rdparty/collcachelib/coll_cache_lib/coll_cache/asymm_link_desc.cc:225] remote time is 24.3333
[2023-04-14 22:06:10.[1355572023-04-14 22:06:10: .E135562 : /samgraph/3rdparty/collcachelib/coll_cache_lib/coll_cache/asymm_link_desc.ccE: 224/samgraph/3rdparty/collcachelib/coll_cache_lib/coll_cache/asymm_link_desc.cc] :226build symm link desc with 8X NVIDIA A100-SXM4-80GB out of 8] 
cpu time is 91.25
[2023-04-14 22:06:10.135607: E /samgraph/3rdparty/collcachelib/coll_cache_lib/coll_cache/asymm_link_desc.cc:225] remote time is 24.3333
[2023-04-14 22:06:10.[1356202023-04-14 22:06:10: .E135615 : /samgraph/3rdparty/collcachelib/coll_cache_lib/coll_cache/asymm_link_desc.ccE: 226/samgraph/3rdparty/collcachelib/coll_cache_lib/facade.cc] :cpu time is 91.25425
] registering cpu data with 16.00 GB
[2023-04-14 22:06:10.135673: E /samgraph/3rdparty/collcachelib/coll_cache_lib/facade.cc:425] registering cpu data with 16.00 GB
[2023-04-14 22:06:10.135718: E /samgraph/3rdparty/collcachelib/coll_cache_lib/coll_cache/asymm_link_desc.cc:207] assigning 0 to cpu
[2023-04-14 22:06:10.135789: E /samgraph/3rdparty/collcachelib/coll_cache_lib/coll_cache/asymm_link_desc.cc:224] build symm link desc with 8X NVIDIA A100-SXM4-80GB out of 8
[2023-04-14 22:06:10.135813: E /samgraph/3rdparty/collcachelib/coll_cache_lib/coll_cache/asymm_link_desc.cc:225] remote time is 24.3333
[2023-04-14 22:06:10.135824: E /samgraph/3rdparty/collcachelib/coll_cache_lib/coll_cache/asymm_link_desc.cc:226] cpu time is 91.25
[2023-04-14 22:06:10.135849: E /samgraph/3rdparty/collcachelib/coll_cache_lib/facade.cc:425] registering cpu data with 16.00 GB
[2023-04-14 22:06:10.135942: E /samgraph/3rdparty/collcachelib/coll_cache_lib/coll_cache/asymm_link_desc.cc:207] assigning 0 to cpu
[2023-04-14 22:06:10.136010: E /samgraph/3rdparty/collcachelib/coll_cache_lib/coll_cache/asymm_link_desc.cc:224] build symm link desc with 8X NVIDIA A100-SXM4-80GB out of 8
[2023-04-14 22:06:10.136029: E /samgraph/3rdparty/collcachelib/coll_cache_lib/coll_cache/asymm_link_desc.cc:225] remote time is 24.3333
[2023-04-14 22:06:10.136040: E /samgraph/3rdparty/collcachelib/coll_cache_lib/coll_cache/asymm_link_desc.cc:226] cpu time is 91.25
[2023-04-14 22:06:10.136065: E /samgraph/3rdparty/collcachelib/coll_cache_lib/facade.cc:425] registering cpu data with 16.00 GB
[2023-04-14 22:06:13. 78644: E /samgraph/3rdparty/collcachelib/coll_cache_lib/facade.cc:427] registering cpu data done.
[2023-04-14 22:06:13. 78706: E /samgraph/3rdparty/collcachelib/coll_cache_lib/facade.cc:427] registering cpu data done.
[2023-04-14 22:06:13. 78753: E /samgraph/3rdparty/collcachelib/coll_cache_lib/facade.cc:427] registering cpu data done.
[2023-04-14 22:06:13. 82161: E /samgraph/3rdparty/collcachelib/coll_cache_lib/facade.cc:427] registering cpu data done.
[2023-04-14 22:06:13. 82501: E /samgraph/3rdparty/collcachelib/coll_cache_lib/facade.cc:427] registering cpu data done.
[2023-04-14 22:06:13. 88329: E /samgraph/3rdparty/collcachelib/coll_cache_lib/facade.cc:427] registering cpu data done.
[2023-04-14 22:06:13. 91318: E /samgraph/3rdparty/collcachelib/coll_cache_lib/facade.cc:427] registering cpu data done.
[2023-04-14 22:06:17.906173: E /samgraph/3rdparty/collcachelib/coll_cache_lib/freq_recorder.cc:269] freq recorder global combine from 343572598 to 62139433
[2023-04-14 22:06:18.969458: E /samgraph/3rdparty/collcachelib/coll_cache_lib/freq_recorder.cc:286] top 5 freq is 1945,1905,1904,1899,1898
[2023-04-14 22:06:18.969562: E /samgraph/3rdparty/collcachelib/coll_cache_lib/facade.cc:409] before scale, dtype is 0, dim is 256
[2023-04-14 22:06:18.969577: E /samgraph/3rdparty/collcachelib/coll_cache_lib/facade.cc:415] after scale, dtype is 7, new dim is 64
[2023-04-14 22:06:18.970711: E /samgraph/3rdparty/collcachelib/coll_cache_lib/coll_cache/asymm_link_desc.cc:207] assigning 0 to cpu
[2023-04-14 22:06:18.970778: E /samgraph/3rdparty/collcachelib/coll_cache_lib/coll_cache/asymm_link_desc.cc:224] build symm link desc with 8X NVIDIA A100-SXM4-80GB out of 8
[2023-04-14 22:06:18.970819: E /samgraph/3rdparty/collcachelib/coll_cache_lib/coll_cache/asymm_link_desc.cc:225] remote time is 24.3333
[2023-04-14 22:06:18.970833: E /samgraph/3rdparty/collcachelib/coll_cache_lib/coll_cache/asymm_link_desc.cc:226] cpu time is 91.25
[2023-04-14 22:06:18.970881: E /samgraph/3rdparty/collcachelib/coll_cache_lib/facade.cc:425] registering cpu data with 16.00 GB
[2023-04-14 22:06:19.769546: E /samgraph/3rdparty/collcachelib/coll_cache_lib/facade.cc:427] registering cpu data done.
[2023-04-14 22:06:19.769609: E /samgraph/3rdparty/collcachelib/coll_cache_lib/facade.cc:174] creating solver
[2023-04-14 22:06:19.769621: E /samgraph/3rdparty/collcachelib/coll_cache_lib/facade.cc:214] solver created. now build & solve
[2023-04-14 22:06:19.970304: E /samgraph/3rdparty/collcachelib/coll_cache_lib/facade.cc:218] solver built. now solve
block 0 storage is 00000001
	access is	0	0	0	0	0	0	0	0	
block 1 storage is 00000010
	access is	1	1	1	1	1	1	1	1	
block 2 storage is 00000100
	access is	2	2	2	2	2	2	2	2	
block 3 storage is 00001000
	access is	3	3	3	3	3	3	3	3	
block 4 storage is 00010000
	access is	4	4	4	4	4	4	4	4	
block 5 storage is 00100000
	access is	5	5	5	5	5	5	5	5	
block 6 storage is 01000000
	access is	6	6	6	6	6	6	6	6	
block 7 storage is 10000000
	access is	7	7	7	7	7	7	7	7	
block 8 storage is 00000000
	access is	8	8	8	8	8	8	8	8	
[2023-04-14 22:06:20.105018: E /samgraph/3rdparty/collcachelib/coll_cache_lib/facade.cc:222] solver solved
[2023-04-14 22:06:20.106337: E /samgraph/3rdparty/collcachelib/coll_cache_lib/facade.cc:437] 0 solved master
[2023-04-14 22:06:20.106366: E /samgraph/3rdparty/collcachelib/coll_cache_lib/facade.cc:444] 0 solved
[2023-04-14 22:06:20.106379: E /samgraph/3rdparty/collcachelib/coll_cache_lib/facade.cc:447] worker 0 thread 0 initing device 0
[2023-04-14 22:06:20.107073: E /samgraph/3rdparty/collcachelib/coll_cache_lib/cache_context.cu:2320] Building Coll Cache with ... num gpu device is 8
[2023-04-14 22:06:20.107174: E /samgraph/3rdparty/collcachelib/coll_cache_lib/cuda/cache_hashtable.cuh:611] per src size local is 5773635
[2023-04-14 22:06:20.115007: E /samgraph/3rdparty/collcachelib/coll_cache_lib/facade.cc:444] 2 solved
[2023-04-14 22:06:20.115042: E /samgraph/3rdparty/collcachelib/coll_cache_lib/facade.cc:447] worker 0 thread 2 initing device 2
[2023-04-14 22:06:20.115124: E /samgraph/3rdparty/collcachelib/coll_cache_lib/facade.cc:444] 1 solved
[2023-04-14 22:06:20.115164: E /samgraph/3rdparty/collcachelib/coll_cache_lib/facade.cc:447] worker 0 thread 1 initing device 1
[2023-04-14 22:06:20.115466: E /samgraph/3rdparty/collcachelib/coll_cache_lib/cache_context.cu:2320] Building Coll Cache with ... num gpu device is 8
[2023-04-14 22:06:20.118877: E /samgraph/3rdparty/collcachelib/coll_cache_lib/facade.cc:444] 3 solved
[2023-04-14 22:06:20.118934: E /samgraph/3rdparty/collcachelib/coll_cache_lib/facade.cc:447] worker 0 thread 3 initing device 3
[2023-04-14 22:06:20.128002: E /samgraph/3rdparty/collcachelib/coll_cache_lib/facade.cc:444] 7 solved
[2023-04-14 22:06:20.128071: E /samgraph/3rdparty/collcachelib/coll_cache_lib/facade.cc:447] worker 0 thread 7 initing device 7
[2023-04-14 22:06:20.128444: E /samgraph/3rdparty/collcachelib/coll_cache_lib/cache_context.cu:2320] Building Coll Cache with ... num gpu device is 8
[2023-04-14 22:06:20.129001: E /samgraph/3rdparty/collcachelib/coll_cache_lib/facade.cc:444] 5 solved
[2023-04-14 22:06:20.129074: E /samgraph/3rdparty/collcachelib/coll_cache_lib/facade.cc:447] worker 0 thread 5 initing device 5
[2023-04-14 22:06:20.129609: E /samgraph/3rdparty/collcachelib/coll_cache_lib/cache_context.cu:2320] Building Coll Cache with ... num gpu device is 8
[2023-04-14 22:06:20.132884: E /samgraph/3rdparty/collcachelib/coll_cache_lib/cache_context.cu:2320] Building Coll Cache with ... num gpu device is 8
[2023-04-14 22:06:20.136869: E /samgraph/3rdparty/collcachelib/coll_cache_lib/facade.cc:444] 4 solved
[2023-04-14 22:06:20.136961: E /samgraph/3rdparty/collcachelib/coll_cache_lib/facade.cc:447] worker 0 thread 4 initing device 4
[2023-04-14 22:06:20.137009: E /samgraph/3rdparty/collcachelib/coll_cache_lib/cache_context.cu:2320] Building Coll Cache with ... num gpu device is 8
[2023-04-14 22:06:20.137098: E /samgraph/3rdparty/collcachelib/coll_cache_lib/facade.cc:444] 6 solved
[2023-04-14 22:06:20.137156: E /samgraph/3rdparty/collcachelib/coll_cache_lib/facade.cc:447] worker 0 thread 6 initing device 6
[2023-04-14 22:06:20.137524: E /samgraph/3rdparty/collcachelib/coll_cache_lib/cache_context.cu:2320] Building Coll Cache with ... num gpu device is 8
[2023-04-14 22:06:20.137615: E /samgraph/3rdparty/collcachelib/coll_cache_lib/cache_context.cu:2320] Building Coll Cache with ... num gpu device is 8
[2023-04-14 22:06:20.227797: E /samgraph/3rdparty/collcachelib/coll_cache_lib/cache_context.cu:2362] num cpu nodes is 23619014
[2023-04-14 22:06:20.245299: E /samgraph/3rdparty/collcachelib/coll_cache_lib/cache_context.cu:2362] num cpu nodes is 23619014
[2023-04-14 22:06:20.252663: E /samgraph/3rdparty/collcachelib/coll_cache_lib/cache_context.cu:2362] num cpu nodes is 23619014
[2023-04-14 22:06:20.255740: E /samgraph/3rdparty/collcachelib/coll_cache_lib/cache_context.cu:2362] num cpu nodes is 23619014
[2023-04-14 22:06:20.257003: E /samgraph/3rdparty/collcachelib/coll_cache_lib/cache_context.cu:2362] num cpu nodes is 23619014
[2023-04-14 22:06:20.258110: E /samgraph/3rdparty/collcachelib/coll_cache_lib/cache_context.cu:2362] num cpu nodes is 23619014
[2023-04-14 22:06:20.261375: E /samgraph/3rdparty/collcachelib/coll_cache_lib/cache_context.cu:2362] num cpu nodes is 23619014
[2023-04-14 22:06:20.262674: E /samgraph/3rdparty/collcachelib/coll_cache_lib/cache_context.cu:2362] num cpu nodes is 23619014
[2023-04-14 22:06:20.640107: E /samgraph/3rdparty/collcachelib/coll_cache_lib/cuda/cache_hashtable.cu:355] create a hashtable with 41989352 possible elem, scale to 134217728
[2023-04-14 22:06:20.640148: E /samgraph/3rdparty/collcachelib/coll_cache_lib/cuda/cache_hashtable.cu:360] SimpleHashTable allocating 1024.00 MB
[2023-04-14 22:06:20.657603: E /samgraph/3rdparty/collcachelib/coll_cache_lib/cuda/cache_hashtable.cu:355] create a hashtable with 41989352 possible elem, scale to 134217728
[2023-04-14 22:06:20.657643: E /samgraph/3rdparty/collcachelib/coll_cache_lib/cuda/cache_hashtable.cu:360] SimpleHashTable allocating 1024.00 MB
[2023-04-14 22:06:20.705789: E /samgraph/3rdparty/collcachelib/coll_cache_lib/cuda/cache_hashtable.cu:355] create a hashtable with 41989352 possible elem, scale to 134217728
[2023-04-14 22:06:20.705827: E /samgraph/3rdparty/collcachelib/coll_cache_lib/cuda/cache_hashtable.cu:360] SimpleHashTable allocating 1024.00 MB
[2023-04-14 22:06:20.705896: E /samgraph/3rdparty/collcachelib/coll_cache_lib/cuda/cache_hashtable.cu:355] create a hashtable with 41989352 possible elem, scale to 134217728
[2023-04-14 22:06:20.705928: E /samgraph/3rdparty/collcachelib/coll_cache_lib/cuda/cache_hashtable.cu:360] SimpleHashTable allocating 1024.00 MB
[2023-04-14 22:06:20.706091: E /samgraph/3rdparty/collcachelib/coll_cache_lib/cuda/cache_hashtable.cu:355] create a hashtable with 41989352 possible elem, scale to 134217728
[2023-04-14 22:06:20.706125: E /samgraph/3rdparty/collcachelib/coll_cache_lib/cuda/cache_hashtable.cu:360] SimpleHashTable allocating 1024.00 MB
[2023-04-14 22:06:20.706266: E /samgraph/3rdparty/collcachelib/coll_cache_lib/cuda/cache_hashtable.cu:[3552023-04-14 22:06:20] .706271create a hashtable with 41989352 possible elem, scale to 134217728: 
E /samgraph/3rdparty/collcachelib/coll_cache_lib/cuda/cache_hashtable.cu:355] create a hashtable with 41989352 possible elem, scale to 134217728
[2023-04-14 22:06:20.706307: E /samgraph/3rdparty/collcachelib/coll_cache_lib/cuda/cache_hashtable.cu:360] SimpleHashTable allocating 1024.00 MB
[2023-04-14 22:06:20.706316: E /samgraph/3rdparty/collcachelib/coll_cache_lib/cuda/cache_hashtable.cu:360] SimpleHashTable allocating 1024.00 MB
[2023-04-14 22:06:20.706497: E /samgraph/3rdparty/collcachelib/coll_cache_lib/cuda/cache_hashtable.cu:355] create a hashtable with 41989352 possible elem, scale to 134217728
[2023-04-14 22:06:20.706530: E /samgraph/3rdparty/collcachelib/coll_cache_lib/cuda/cache_hashtable.cu:360] SimpleHashTable allocating 1024.00 MB
[2023-04-14 22:06:20.783743: E /samgraph/3rdparty/collcachelib/coll_cache_lib/common.cc:107] too many mem allocated for forcescale?5314277->65608
[2023-04-14 22:06:20.783853: E /samgraph/3rdparty/collcachelib/coll_cache_lib/common.cc:107] too many mem allocated for forcescale?5314277->65608
[2023-04-14 22:06:20.784012: E /samgraph/3rdparty/collcachelib/coll_cache_lib/common.cc:107] too many mem allocated for forcescale?5314277->65608
[2023-04-14 22:06:20.784343: E /samgraph/3rdparty/collcachelib/coll_cache_lib/common.cc:107] too many mem allocated for forcescale?5314277->65608
[2023-04-14 22:06:20.784379: E /samgraph/3rdparty/collcachelib/coll_cache_lib/common.cc:107] too many mem allocated for forcescale?5314277->65608
[2023-04-14 22:06:20.784485: E /samgraph/3rdparty/collcachelib/coll_cache_lib/common.cc:107] too many mem allocated for forcescale?5314277->65608
[2023-04-14 22:06:20.784628: E /samgraph/3rdparty/collcachelib/coll_cache_lib/common.cc:107] too many mem allocated for forcescale?5314277->65608
[2023-04-14 22:06:20.785712: E /samgraph/3rdparty/collcachelib/coll_cache_lib/common.cc:107] too many mem allocated for forcescale?5314277->65608
[2023-04-14 22:06:20.808880: E /samgraph/3rdparty/collcachelib/coll_cache_lib/cache_context.cu:2439] Asymm Coll cache (policy: clique_part) | local 5248669 / 65608366 nodes ( 8.00 %~8.00 %) | remote 36740683 / 65608366 nodes ( 56.00 %) | cpu 23619014 / 65608366 nodes ( 36.00 %) | 5.07 GB | 0.675955 secs 
[2023-04-14 22:06:20.810243: E /samgraph/3rdparty/collcachelib/coll_cache_lib/cache_context.cu:2439] Asymm Coll cache (policy: clique_part) | local 5248669 / 65608366 nodes ( 8.00 %~8.00 %) | remote 36740683 / 65608366 nodes ( 56.00 %) | cpu 23619014 / 65608366 nodes ( 36.00 %) | 5.07 GB | 0.703152 secs 
[2023-04-14 22:06:20.815788: E /samgraph/3rdparty/collcachelib/coll_cache_lib/cache_context.cu:2439] Asymm Coll cache (policy: clique_part) | local 5248669 / 65608366 nodes ( 8.00 %~8.00 %) | remote 36740683 / 65608366 nodes ( 56.00 %) | cpu 23619014 / 65608366 nodes ( 36.00 %) | 5.07 GB | 0.687327 secs 
[2023-04-14 22:06:20.820817: E /samgraph/3rdparty/collcachelib/coll_cache_lib/cache_context.cu:2439] Asymm Coll cache (policy: clique_part) | local 5248669 / 65608366 nodes ( 8.00 %~8.00 %) | remote 36740683 / 65608366 nodes ( 56.00 %) | cpu 23619014 / 65608366 nodes ( 36.00 %) | 5.07 GB | 0.691186 secs 
[2023-04-14 22:06:20.825584: E /samgraph/3rdparty/collcachelib/coll_cache_lib/cache_context.cu:2439] Asymm Coll cache (policy: clique_part) | local 5248669 / 65608366 nodes ( 8.00 %~8.00 %) | remote 36740683 / 65608366 nodes ( 56.00 %) | cpu 23619014 / 65608366 nodes ( 36.00 %) | 5.07 GB | 0.688036 secs 
[2023-04-14 22:06:20.825994: E /samgraph/3rdparty/collcachelib/coll_cache_lib/cache_context.cu:2439] Asymm Coll cache (policy: clique_part) | local 5248669 / 65608366 nodes ( 8.00 %~8.00 %) | remote 36740683 / 65608366 nodes ( 56.00 %) | cpu 23619014 / 65608366 nodes ( 36.00 %) | 5.07 GB | 0.710514 secs 
[[2023-04-14 22:06:202023-04-14 22:06:20..834303834304: : EE  /samgraph/3rdparty/collcachelib/coll_cache_lib/cache_context.cu/samgraph/3rdparty/collcachelib/coll_cache_lib/cache_context.cu::24392439] ] Asymm Coll cache (policy: clique_part) | local 5248669 / 65608366 nodes ( 8.00 %~8.00 %) | remote 36740683 / 65608366 nodes ( 56.00 %) | cpu 23619014 / 65608366 nodes ( 36.00 %) | 5.07 GB | 0.697263 secs Asymm Coll cache (policy: clique_part) | local 5248669 / 65608366 nodes ( 8.00 %~8.00 %) | remote 36740683 / 65608366 nodes ( 56.00 %) | cpu 23619014 / 65608366 nodes ( 36.00 %) | 5.07 GB | 0.696673 secs 

/usr/local/lib/python3.8/dist-packages/torch/nn/parallel/scatter_gather.py:9: UserWarning: is_namedtuple is deprecated, please use the python checks instead
  warnings.warn("is_namedtuple is deprecated, please use the python checks instead")
/usr/local/lib/python3.8/dist-packages/torch/nn/parallel/scatter_gather.py:9: UserWarning: is_namedtuple is deprecated, please use the python checks instead
  warnings.warn("is_namedtuple is deprecated, please use the python checks instead")
/usr/local/lib/python3.8/dist-packages/torch/nn/parallel/scatter_gather.py:9: UserWarning: is_namedtuple is deprecated, please use the python checks instead
  warnings.warn("is_namedtuple is deprecated, please use the python checks instead")
/usr/local/lib/python3.8/dist-packages/torch/nn/parallel/scatter_gather.py:9: UserWarning: is_namedtuple is deprecated, please use the python checks instead
  warnings.warn("is_namedtuple is deprecated, please use the python checks instead")
/usr/local/lib/python3.8/dist-packages/torch/nn/parallel/scatter_gather.py:9: UserWarning: is_namedtuple is deprecated, please use the python checks instead
  warnings.warn("is_namedtuple is deprecated, please use the python checks instead")
/usr/local/lib/python3.8/dist-packages/torch/nn/parallel/scatter_gather.py:9: UserWarning: is_namedtuple is deprecated, please use the python checks instead
  warnings.warn("is_namedtuple is deprecated, please use the python checks instead")
/usr/local/lib/python3.8/dist-packages/torch/nn/parallel/scatter_gather.py:9: UserWarning: is_namedtuple is deprecated, please use the python checks instead
  warnings.warn("is_namedtuple is deprecated, please use the python checks instead")
/usr/local/lib/python3.8/dist-packages/torch/nn/parallel/scatter_gather.py:9: UserWarning: is_namedtuple is deprecated, please use the python checks instead
  warnings.warn("is_namedtuple is deprecated, please use the python checks instead")
