/usr/lib/python3/dist-packages/requests/__init__.py:89: RequestsDependencyWarning: urllib3 (1.26.12) or chardet (3.0.4) doesn't match a supported version!
  warnings.warn("urllib3 ({}) or chardet ({}) doesn't match a supported "
[W socket.cpp:601] [c10d] The client socket has failed to connect to [localhost]:12335 (errno: 99 - Cannot assign requested address).
Rank=3 done reading 16402091 embedding vectors from file /nvme/songxiaoniu/graph-learning/wholegraph/com_friendster/converted/homograph_csr_row_ptr
Rank=1 done reading 16402092 embedding vectors from file /nvme/songxiaoniu/graph-learning/wholegraph/com_friendster/converted/homograph_csr_row_ptr
Rank=0 done reading 16402092 embedding vectors from file /nvme/songxiaoniu/graph-learning/wholegraph/com_friendster/converted/homograph_csr_row_ptr
Rank=2 done reading 16402092 embedding vectors from file /nvme/songxiaoniu/graph-learning/wholegraph/com_friendster/converted/homograph_csr_row_ptr
Rank=3 done reading 903033566 embedding vectors from file /nvme/songxiaoniu/graph-learning/wholegraph/com_friendster/converted/homograph_csr_col_idx
Rank=2 done reading 903033568 embedding vectors from file /nvme/songxiaoniu/graph-learning/wholegraph/com_friendster/converted/homograph_csr_col_idx
Rank=1 done reading 903033568 embedding vectors from file /nvme/songxiaoniu/graph-learning/wholegraph/com_friendster/converted/homograph_csr_col_idx
Rank=0 done reading 903033568 embedding vectors from file /nvme/songxiaoniu/graph-learning/wholegraph/com_friendster/converted/homograph_csr_col_idx
[2023-04-12 04:14:38. 94323: E /samgraph/3rdparty/collcachelib/coll_cache_lib/freq_recorder.cc:337] bulk append 2350902 into 0
[2023-04-12 04:14:38.105841: E /samgraph/3rdparty/collcachelib/coll_cache_lib/freq_recorder.cc:347] bulk append 7365510
[2023-04-12 04:14:38.106446: E /samgraph/3rdparty/collcachelib/coll_cache_lib/freq_recorder.cc:337] bulk append 2349486 into 2350902
[2023-04-12 04:14:38.117896: E /samgraph/3rdparty/collcachelib/coll_cache_lib/freq_recorder.cc:347] bulk append 7350895
[2023-04-12 04:14:38.118483: E /samgraph/3rdparty/collcachelib/coll_cache_lib/freq_recorder.cc:337] bulk append 2348954 into 4700388
[2023-04-12 04:14:38.129931: E /samgraph/3rdparty/collcachelib/coll_cache_lib/freq_recorder.cc:347] bulk append 7351698
[2023-04-12 04:14:38.130544: E /samgraph/3rdparty/collcachelib/coll_cache_lib/freq_recorder.cc:337] bulk append 2351001 into 7049342
[2023-04-12 04:14:38.141998: E /samgraph/3rdparty/collcachelib/coll_cache_lib/freq_recorder.cc:347] bulk append 7351114
[2023-04-12 04:14:38.142590: E /samgraph/3rdparty/collcachelib/coll_cache_lib/freq_recorder.cc:337] bulk append 2350955 into 9400343
[2023-04-12 04:14:38.154040: E /samgraph/3rdparty/collcachelib/coll_cache_lib/freq_recorder.cc:347] bulk append 7355350
[2023-04-12 04:14:38.154652: E /samgraph/3rdparty/collcachelib/coll_cache_lib/freq_recorder.cc:337] bulk append 2349042 into 11751298
[2023-04-12 04:14:38.166089: E /samgraph/3rdparty/collcachelib/coll_cache_lib/freq_recorder.cc:347] bulk append 7352602
[2023-04-12 04:14:38.166681: E /samgraph/3rdparty/collcachelib/coll_cache_lib/freq_recorder.cc:337] bulk append 2350415 into 14100340
[2023-04-12 04:14:38.178131: E /samgraph/3rdparty/collcachelib/coll_cache_lib/freq_recorder.cc:347] bulk append 7357248
[2023-04-12 04:14:38.178720: E /samgraph/3rdparty/collcachelib/coll_cache_lib/freq_recorder.cc:337] bulk append 2352084 into 16450755
[2023-04-12 04:14:38.190193: E /samgraph/3rdparty/collcachelib/coll_cache_lib/freq_recorder.cc:347] bulk append 7364478
[2023-04-12 04:14:38.190811: E /samgraph/3rdparty/collcachelib/coll_cache_lib/freq_recorder.cc:337] bulk append 2350085 into 18802839
[2023-04-12 04:14:38.202261: E /samgraph/3rdparty/collcachelib/coll_cache_lib/freq_recorder.cc:347] bulk append 7362227
[2023-04-12 04:14:38.202858: E /samgraph/3rdparty/collcachelib/coll_cache_lib/freq_recorder.cc:337] bulk append 2349341 into 21152924
[2023-04-12 04:14:38.214288: E /samgraph/3rdparty/collcachelib/coll_cache_lib/freq_recorder.cc:347] bulk append 7361914
[2023-04-12 04:14:38.214918: E /samgraph/3rdparty/collcachelib/coll_cache_lib/freq_recorder.cc:337] bulk append 2350337 into 23502265
[2023-04-12 04:14:38.226420: E /samgraph/3rdparty/collcachelib/coll_cache_lib/freq_recorder.cc:347] bulk append 7364519
[2023-04-12 04:14:38.227043: E /samgraph/3rdparty/collcachelib/coll_cache_lib/freq_recorder.cc:337] bulk append 2349911 into 25852602
[2023-04-12 04:14:38.238471: E /samgraph/3rdparty/collcachelib/coll_cache_lib/freq_recorder.cc:347] bulk append 7351161
[2023-04-12 04:14:38.239091: E /samgraph/3rdparty/collcachelib/coll_cache_lib/freq_recorder.cc:337] bulk append 2347659 into 28202513
[2023-04-12 04:14:38.250527: E /samgraph/3rdparty/collcachelib/coll_cache_lib/freq_recorder.cc:347] bulk append 7351632
[2023-04-12 04:14:38.251132: E /samgraph/3rdparty/collcachelib/coll_cache_lib/freq_recorder.cc:337] bulk append 2349703 into 30550172
[2023-04-12 04:14:38.262582: E /samgraph/3rdparty/collcachelib/coll_cache_lib/freq_recorder.cc:347] bulk append 7347692
[2023-04-12 04:14:38.263187: E /samgraph/3rdparty/collcachelib/coll_cache_lib/freq_recorder.cc:337] bulk append 2350086 into 32899875
[2023-04-12 04:14:38.274638: E /samgraph/3rdparty/collcachelib/coll_cache_lib/freq_recorder.cc:347] bulk append 7355823
[2023-04-12 04:14:38.275243: E /samgraph/3rdparty/collcachelib/coll_cache_lib/freq_recorder.cc:337] bulk append 2348759 into 35249961
[2023-04-12 04:14:38.286676: E /samgraph/3rdparty/collcachelib/coll_cache_lib/freq_recorder.cc:347] bulk append 7348095
[2023-04-12 04:14:38.287281: E /samgraph/3rdparty/collcachelib/coll_cache_lib/freq_recorder.cc:337] bulk append 2348780 into 37598720
[2023-04-12 04:14:38.298716: E /samgraph/3rdparty/collcachelib/coll_cache_lib/freq_recorder.cc:347] bulk append 7356537
[2023-04-12 04:14:38.299323: E /samgraph/3rdparty/collcachelib/coll_cache_lib/freq_recorder.cc:337] bulk append 2352246 into 39947500
[2023-04-12 04:14:38.310780: E /samgraph/3rdparty/collcachelib/coll_cache_lib/freq_recorder.cc:347] bulk append 7368306
[2023-04-12 04:14:38.311386: E /samgraph/3rdparty/collcachelib/coll_cache_lib/freq_recorder.cc:337] bulk append 2349343 into 42299746
[2023-04-12 04:14:38.322829: E /samgraph/3rdparty/collcachelib/coll_cache_lib/freq_recorder.cc:347] bulk append 7356726
[2023-04-12 04:14:38.323435: E /samgraph/3rdparty/collcachelib/coll_cache_lib/freq_recorder.cc:337] bulk append 2348782 into 44649089
[2023-04-12 04:14:38.334883: E /samgraph/3rdparty/collcachelib/coll_cache_lib/freq_recorder.cc:347] bulk append 7357781
[2023-04-12 04:14:38.335509: E /samgraph/3rdparty/collcachelib/coll_cache_lib/freq_recorder.cc:337] bulk append 2353585 into 46997871
[2023-04-12 04:14:38.347050: E /samgraph/3rdparty/collcachelib/coll_cache_lib/freq_recorder.cc:347] bulk append 7394510
[2023-04-12 04:14:38.347662: E /samgraph/3rdparty/collcachelib/coll_cache_lib/freq_recorder.cc:337] bulk append 2353729 into 49351456
[2023-04-12 04:14:38.359164: E /samgraph/3rdparty/collcachelib/coll_cache_lib/freq_recorder.cc:347] bulk append 7383722
[2023-04-12 04:14:38.359768: E /samgraph/3rdparty/collcachelib/coll_cache_lib/freq_recorder.cc:337] bulk append 2353426 into 51705185
[2023-04-12 04:14:38.371245: E /samgraph/3rdparty/collcachelib/coll_cache_lib/freq_recorder.cc:347] bulk append 7379934
[2023-04-12 04:14:38.371836: E /samgraph/3rdparty/collcachelib/coll_cache_lib/freq_recorder.cc:337] bulk append 2352169 into 54058611
[2023-04-12 04:14:38.383324: E /samgraph/3rdparty/collcachelib/coll_cache_lib/freq_recorder.cc:347] bulk append 7380559
[2023-04-12 04:14:38.383914: E /samgraph/3rdparty/collcachelib/coll_cache_lib/freq_recorder.cc:337] bulk append 2354741 into 56410780
[2023-04-12 04:14:38.395398: E /samgraph/3rdparty/collcachelib/coll_cache_lib/freq_recorder.cc:347] bulk append 7385267
[2023-04-12 04:14:38.395991: E /samgraph/3rdparty/collcachelib/coll_cache_lib/freq_recorder.cc:337] bulk append 2351514 into 58765521
[2023-04-12 04:14:38.407478: E /samgraph/3rdparty/collcachelib/coll_cache_lib/freq_recorder.cc:347] bulk append 7383516
[2023-04-12 04:14:38.408077: E /samgraph/3rdparty/collcachelib/coll_cache_lib/freq_recorder.cc:337] bulk append 2353333 into 61117035
[2023-04-12 04:14:38.419586: E /samgraph/3rdparty/collcachelib/coll_cache_lib/freq_recorder.cc:347] bulk append 7385798
[2023-04-12 04:14:38.420200: E /samgraph/3rdparty/collcachelib/coll_cache_lib/freq_recorder.cc:337] bulk append 2354691 into 63470368
[2023-04-12 04:14:38.431700: E /samgraph/3rdparty/collcachelib/coll_cache_lib/freq_recorder.cc:347] bulk append 7395613
[2023-04-12 04:14:38.432307: E /samgraph/3rdparty/collcachelib/coll_cache_lib/freq_recorder.cc:337] bulk append 2352616 into 65825059
[2023-04-12 04:14:38.443788: E /samgraph/3rdparty/collcachelib/coll_cache_lib/freq_recorder.cc:347] bulk append 7390464
[2023-04-12 04:14:38.444398: E /samgraph/3rdparty/collcachelib/coll_cache_lib/freq_recorder.cc:337] bulk append 2353683 into 68177675
[2023-04-12 04:14:38.455881: E /samgraph/3rdparty/collcachelib/coll_cache_lib/freq_recorder.cc:347] bulk append 7395444
[2023-04-12 04:14:38.456500: E /samgraph/3rdparty/collcachelib/coll_cache_lib/freq_recorder.cc:337] bulk append 2353713 into 70531358
[2023-04-12 04:14:38.467982: E /samgraph/3rdparty/collcachelib/coll_cache_lib/freq_recorder.cc:347] bulk append 7389715
[2023-04-12 04:14:38.468598: E /samgraph/3rdparty/collcachelib/coll_cache_lib/freq_recorder.cc:337] bulk append 2354217 into 72885071
[2023-04-12 04:14:38.480080: E /samgraph/3rdparty/collcachelib/coll_cache_lib/freq_recorder.cc:347] bulk append 7379237
[2023-04-12 04:14:38.480694: E /samgraph/3rdparty/collcachelib/coll_cache_lib/freq_recorder.cc:337] bulk append 2350268 into 75239288
[2023-04-12 04:14:38.492138: E /samgraph/3rdparty/collcachelib/coll_cache_lib/freq_recorder.cc:347] bulk append 7372367
[2023-04-12 04:14:38.492755: E /samgraph/3rdparty/collcachelib/coll_cache_lib/freq_recorder.cc:337] bulk append 2352445 into 77589556
[2023-04-12 04:14:38.504213: E /samgraph/3rdparty/collcachelib/coll_cache_lib/freq_recorder.cc:347] bulk append 7378176
[2023-04-12 04:14:38.504827: E /samgraph/3rdparty/collcachelib/coll_cache_lib/freq_recorder.cc:337] bulk append 2355314 into 79942001
[2023-04-12 04:14:38.516287: E /samgraph/3rdparty/collcachelib/coll_cache_lib/freq_recorder.cc:347] bulk append 7383294
[2023-04-12 04:14:38.516899: E /samgraph/3rdparty/collcachelib/coll_cache_lib/freq_recorder.cc:337] bulk append 2349909 into 82297315
[2023-04-12 04:14:38.528334: E /samgraph/3rdparty/collcachelib/coll_cache_lib/freq_recorder.cc:347] bulk append 7376480
[2023-04-12 04:14:38.528951: E /samgraph/3rdparty/collcachelib/coll_cache_lib/freq_recorder.cc:337] bulk append 2354320 into 84647224
[2023-04-12 04:14:38.540423: E /samgraph/3rdparty/collcachelib/coll_cache_lib/freq_recorder.cc:347] bulk append 7385645
[2023-04-12 04:14:38.541036: E /samgraph/3rdparty/collcachelib/coll_cache_lib/freq_recorder.cc:337] bulk append 2352760 into 87001544
[2023-04-12 04:14:38.552499: E /samgraph/3rdparty/collcachelib/coll_cache_lib/freq_recorder.cc:347] bulk append 7390860
[2023-04-12 04:14:38.553112: E /samgraph/3rdparty/collcachelib/coll_cache_lib/freq_recorder.cc:337] bulk append 2354738 into 89354304
[2023-04-12 04:14:38.564569: E /samgraph/3rdparty/collcachelib/coll_cache_lib/freq_recorder.cc:347] bulk append 7388692
[2023-04-12 04:14:38.565186: E /samgraph/3rdparty/collcachelib/coll_cache_lib/freq_recorder.cc:337] bulk append 2350703 into 91709042
[2023-04-12 04:14:38.576649: E /samgraph/3rdparty/collcachelib/coll_cache_lib/freq_recorder.cc:347] bulk append 7389994
[2023-04-12 04:14:38.577273: E /samgraph/3rdparty/collcachelib/coll_cache_lib/freq_recorder.cc:266] freq recorder global combining
[2023-04-12 04:14:38.[[5773092023-04-12 04:14:382023-04-12 04:14:38: ..E577310577310 : : /samgraph/3rdparty/collcachelib/coll_cache_lib/run_config.ccEE:  140/samgraph/3rdparty/collcachelib/coll_cache_lib/run_config.cc/samgraph/3rdparty/collcachelib/coll_cache_lib/run_config.cc] ::using concurrent impl MPSPhase140140
] ] using concurrent impl MPSPhaseusing concurrent impl MPSPhase
[
2023-04-12 04:14:38[.2023-04-12 04:14:38577437.[: 5774542023-04-12 04:14:38E: . E577462/samgraph/3rdparty/collcachelib/coll_cache_lib/facade.cc : :/samgraph/3rdparty/collcachelib/coll_cache_lib/facade.ccE409: ] 409/samgraph/3rdparty/collcachelib/coll_cache_lib/facade.ccbefore scale, dtype is 0, dim is 256] :
before scale, dtype is 0, dim is 256409
[] 2023-04-12 04:14:38[before scale, dtype is 0, dim is 256.2023-04-12 04:14:38
577574.: 577584[E: 2023-04-12 04:14:38 E./samgraph/3rdparty/collcachelib/coll_cache_lib/facade.cc 577612:/samgraph/3rdparty/collcachelib/coll_cache_lib/facade.cc: 415:E] 415 after scale, dtype is 7, new dim is 64] /samgraph/3rdparty/collcachelib/coll_cache_lib/facade.cc
after scale, dtype is 7, new dim is 64:
415] after scale, dtype is 7, new dim is 64
[2023-04-12 04:14:38.578602: E /samgraph/3rdparty/collcachelib/coll_cache_lib/coll_cache/asymm_link_desc.cc:[2012023-04-12 04:14:38] .assigning 8 to cpu578622
: E /samgraph/3rdparty/collcachelib/coll_cache_lib/coll_cache/asymm_link_desc.cc:201] [assigning 8 to cpu2023-04-12 04:14:38
.[5786492023-04-12 04:14:38: .E[578660 2023-04-12 04:14:38: /samgraph/3rdparty/collcachelib/coll_cache_lib/coll_cache/asymm_link_desc.cc.E:578684 201: /samgraph/3rdparty/collcachelib/coll_cache_lib/coll_cache/asymm_link_desc.cc] E:assigning 8 to cpu 218
/samgraph/3rdparty/collcachelib/coll_cache_lib/coll_cache/asymm_link_desc.cc] :build symm link desc with 4X Tesla V100-SXM2-16GB out of 4218
] build symm link desc with 4X Tesla V100-SXM2-16GB out of 4
[2023-04-12 04:14:38.[[5787842023-04-12 04:14:382023-04-12 04:14:38: ..E578793578795 : : /samgraph/3rdparty/collcachelib/coll_cache_lib/coll_cache/asymm_link_desc.ccEE:  218/samgraph/3rdparty/collcachelib/coll_cache_lib/coll_cache/asymm_link_desc.cc/samgraph/3rdparty/collcachelib/coll_cache_lib/coll_cache/asymm_link_desc.cc] ::build symm link desc with 4X Tesla V100-SXM2-16GB out of 4219219
] ] remote time is 9.21053remote time is 9.21053

[[2023-04-12 04:14:38[2023-04-12 04:14:38.2023-04-12 04:14:38.578919.578923: 578925: E: E E /samgraph/3rdparty/collcachelib/coll_cache_lib/coll_cache/asymm_link_desc.cc /samgraph/3rdparty/collcachelib/coll_cache_lib/coll_cache/asymm_link_desc.cc:/samgraph/3rdparty/collcachelib/coll_cache_lib/coll_cache/asymm_link_desc.cc:219:220] 220] remote time is 9.21053] cpu time is 31.8182
cpu time is 31.8182

[2023-04-12 04:14:38.579058: E /samgraph/3rdparty/collcachelib/coll_cache_lib/coll_cache/asymm_link_desc.cc:220[[] 2023-04-12 04:14:382023-04-12 04:14:38cpu time is 31.8182..
579072579072: : EE  /samgraph/3rdparty/collcachelib/coll_cache_lib/facade.cc/samgraph/3rdparty/collcachelib/coll_cache_lib/facade.cc::[4254252023-04-12 04:14:38] ] .registering cpu data with 16.00 GBregistering cpu data with 16.00 GB579128

: E /samgraph/3rdparty/collcachelib/coll_cache_lib/facade.cc:425] registering cpu data with 16.00 GB
[2023-04-12 04:14:41.752676: E /samgraph/3rdparty/collcachelib/coll_cache_lib/facade.cc:427] registering cpu data done.
[2023-04-12 04:14:41.753797: E /samgraph/3rdparty/collcachelib/coll_cache_lib/facade.cc:427] registering cpu data done.
[2023-04-12 04:14:41.761807: E /samgraph/3rdparty/collcachelib/coll_cache_lib/facade.cc:427] registering cpu data done.
[2023-04-12 04:14:43.299908: E /samgraph/3rdparty/collcachelib/coll_cache_lib/freq_recorder.cc:269] freq recorder global combine from 94059745 to 37947359
[2023-04-12 04:14:47.528902: E /samgraph/3rdparty/collcachelib/coll_cache_lib/freq_recorder.cc:286] top 5 freq is 215,213,211,211,211
[2023-04-12 04:14:47.529084: E /samgraph/3rdparty/collcachelib/coll_cache_lib/run_config.cc:140] using concurrent impl MPSPhase
[2023-04-12 04:14:47.529124: E /samgraph/3rdparty/collcachelib/coll_cache_lib/facade.cc:409] before scale, dtype is 0, dim is 256
[2023-04-12 04:14:47.529158: E /samgraph/3rdparty/collcachelib/coll_cache_lib/facade.cc:415] after scale, dtype is 7, new dim is 64
[2023-04-12 04:14:47.529493: E /samgraph/3rdparty/collcachelib/coll_cache_lib/coll_cache/asymm_link_desc.cc:201] assigning 8 to cpu
[2023-04-12 04:14:47.529540: E /samgraph/3rdparty/collcachelib/coll_cache_lib/coll_cache/asymm_link_desc.cc:218] build symm link desc with 4X Tesla V100-SXM2-16GB out of 4
[2023-04-12 04:14:47.529605: E /samgraph/3rdparty/collcachelib/coll_cache_lib/coll_cache/asymm_link_desc.cc:219] remote time is 9.21053
[2023-04-12 04:14:47.529639: E /samgraph/3rdparty/collcachelib/coll_cache_lib/coll_cache/asymm_link_desc.cc:220] cpu time is 31.8182
[2023-04-12 04:14:47.529698: E /samgraph/3rdparty/collcachelib/coll_cache_lib/facade.cc:425] registering cpu data with 16.00 GB
[2023-04-12 04:14:49.180543: E /samgraph/3rdparty/collcachelib/coll_cache_lib/facade.cc:427] registering cpu data done.
[2023-04-12 04:14:49.180627: E /samgraph/3rdparty/collcachelib/coll_cache_lib/facade.cc:174] creating solver
[2023-04-12 04:14:49.180655: E /samgraph/3rdparty/collcachelib/coll_cache_lib/facade.cc:214] solver created. now build & solve
[2023-04-12 04:14:49.511768: E /samgraph/3rdparty/collcachelib/coll_cache_lib/facade.cc:218] solver built. now solve
[2023-04-12 04:14:49.511872: E /samgraph/3rdparty/collcachelib/coll_cache_lib/coll_cache/optimal_solver_class.cc:1432] num_cached_nodes = 3936501
[2023-04-12 04:14:49.658178: E /samgraph/3rdparty/collcachelib/coll_cache_lib/facade.cc:222] solver solved
[2023-04-12 04:14:49.659717: E /samgraph/3rdparty/collcachelib/coll_cache_lib/facade.cc:437] 0 solved master
[2023-04-12 04:14:49.659770: E /samgraph/3rdparty/collcachelib/coll_cache_lib/facade.cc:444] 0 solved
[2023-04-12 04:14:49.659804: E /samgraph/3rdparty/collcachelib/coll_cache_lib/facade.cc:447] worker 0 thread 0 initing device 0
[2023-04-12 04:14:49.660590: E /samgraph/3rdparty/collcachelib/coll_cache_lib/cache_context.cu:2308] Building Coll Cache with ... num gpu device is 4
[2023-04-12 04:14:49.660692: E /samgraph/3rdparty/collcachelib/coll_cache_lib/cuda/cache_hashtable.cuh:611] per src size local is 4330251
[[2023-04-12 04:14:49.672507: E2023-04-12 04:14:49 ./samgraph/3rdparty/collcachelib/coll_cache_lib/facade.cc672486:: 444E]  1 solved/samgraph/3rdparty/collcachelib/coll_cache_lib/facade.cc
:444] 2 solved[
2023-04-12 04:14:49.672605: [E2023-04-12 04:14:49 ./samgraph/3rdparty/collcachelib/coll_cache_lib/facade.cc672616:: 447E]  worker 0 thread 1 initing device 1/samgraph/3rdparty/collcachelib/coll_cache_lib/facade.cc
:447] worker 0 thread 2 initing device 2
[2023-04-12 04:14:49.673209: E /samgraph/3rdparty/collcachelib/coll_cache_lib/cache_context.cu:2308] Building Coll Cache with ... num gpu device is 4
[2023-04-12 04:14:49.673320: E /samgraph/3rdparty/collcachelib/coll_cache_lib/cache_context.cu:2308] Building Coll Cache with ... num gpu device is 4
[2023-04-12 04:14:49.681991: E /samgraph/3rdparty/collcachelib/coll_cache_lib/facade.cc:444] 3 solved
[2023-04-12 04:14:49.682076: E /samgraph/3rdparty/collcachelib/coll_cache_lib/facade.cc:447] worker 0 thread 3 initing device 3
[2023-04-12 04:14:49.682685: E /samgraph/3rdparty/collcachelib/coll_cache_lib/cache_context.cu:2308] Building Coll Cache with ... num gpu device is 4
[2023-04-12 04:14:49.687438: E /samgraph/3rdparty/collcachelib/coll_cache_lib/common.cc:261] making a tensor with 0 num item
[2023-04-12 04:14:49.687502: E /samgraph/3rdparty/collcachelib/coll_cache_lib/cache_context.cu:2350] num cpu nodes is 61671865
[2023-04-12 04:14:49.700737: E /samgraph/3rdparty/collcachelib/coll_cache_lib/common.cc:261] making a tensor with 0 num item
[2023-04-12 04:14:49.700821: E /samgraph/3rdparty/collcachelib/coll_cache_lib/cache_context.cu:2350] num cpu nodes is 61671865
[2023-04-12 04:14:49.702751: E /samgraph/3rdparty/collcachelib/coll_cache_lib/common.cc:261] making a tensor with 0 num item
[2023-04-12 04:14:49.702845: E /samgraph/3rdparty/collcachelib/coll_cache_lib/cache_context.cu:2350] num cpu nodes is 61671865
[2023-04-12 04:14:49.714298: E /samgraph/3rdparty/collcachelib/coll_cache_lib/common.cc:261] making a tensor with 0 num item
[2023-04-12 04:14:49.714403: E /samgraph/3rdparty/collcachelib/coll_cache_lib/cache_context.cu:2350] num cpu nodes is 61671865
[2023-04-12 04:14:50. 23707: E /samgraph/3rdparty/collcachelib/coll_cache_lib/cuda/cache_hashtable.cu:355] create a hashtable with 3936501 possible elem, scale to 8388608
[2023-04-12 04:14:50. 23782: E /samgraph/3rdparty/collcachelib/coll_cache_lib/cuda/cache_hashtable.cu:360] SimpleHashTable allocating 64.00 MB
[2023-04-12 04:14:50. 41408: E /samgraph/3rdparty/collcachelib/coll_cache_lib/cuda/cache_hashtable.cu:355] create a hashtable with 3936501 possible elem, scale to 8388608
[2023-04-12 04:14:50. 41477: E /samgraph/3rdparty/collcachelib/coll_cache_lib/cuda/cache_hashtable.cu:360] SimpleHashTable allocating 64.00 MB
[2023-04-12 04:14:50. 44190: E /samgraph/3rdparty/collcachelib/coll_cache_lib/cuda/cache_hashtable.cu:355] create a hashtable with 3936501 possible elem, scale to 8388608
[2023-04-12 04:14:50. 44249: E /samgraph/3rdparty/collcachelib/coll_cache_lib/cuda/cache_hashtable.cu:360] SimpleHashTable allocating 64.00 MB
[2023-04-12 04:14:50. 52062: E /samgraph/3rdparty/collcachelib/coll_cache_lib/cuda/cache_hashtable.cu:355] create a hashtable with 3936501 possible elem, scale to 8388608
[2023-04-12 04:14:50. 52115: E /samgraph/3rdparty/collcachelib/coll_cache_lib/cuda/cache_hashtable.cu:360] SimpleHashTable allocating 64.00 MB
[2023-04-12 04:14:50. 62375: E /samgraph/3rdparty/collcachelib/coll_cache_lib/common.cc:[1072023-04-12 04:14:50] .too many mem allocated for forcescale?4002110->65609 62419
: E /samgraph/3rdparty/collcachelib/coll_cache_lib/common.cc:107] too many mem allocated for forcescale?4002110->65609
[2023-04-12 04:14:50. 62472: E /samgraph/3rdparty/collcachelib/coll_cache_lib/common.cc:107] too many mem allocated for forcescale?4002110->65609
[2023-04-12 04:14:50. 62531: E /samgraph/3rdparty/collcachelib/coll_cache_lib/common.cc:107] too many mem allocated for forcescale?4002110->65609
[2023-04-12 04:14:50. 80220: E /samgraph/3rdparty/collcachelib/coll_cache_lib/cache_context.cu:2427] Asymm Coll cache (policy: rep_cache) | local 3936501 / 65608366 nodes ( 6.00 %~6.00 %) | remote 0 / 65608366 nodes ( 0.00 %) | cpu 61671865 / 65608366 nodes ( 94.00 %) | 3.82 GB | 0.406974 secs 
[2023-04-12 04:14:50.105138: E /samgraph/3rdparty/collcachelib/coll_cache_lib/cache_context.cu:2427] Asymm Coll cache (policy: rep_cache) | local 3936501 / 65608366 nodes ( 6.00 %~6.00 %) | remote 0 / 65608366 nodes ( 0.00 %) | cpu 61671865 / 65608366 nodes ( 94.00 %) | 3.82 GB | 0.444508 secs 
[2023-04-12 04:14:50.113601: E /samgraph/3rdparty/collcachelib/coll_cache_lib/cache_context.cu:2427] Asymm Coll cache (policy: rep_cache) | local 3936501 / 65608366 nodes ( 6.00 %~6.00 %) | remote 0 / 65608366 nodes ( 0.00 %) | cpu 61671865 / 65608366 nodes ( 94.00 %) | 3.82 GB | 0.440203 secs 
[2023-04-12 04:14:50.124913: E /samgraph/3rdparty/collcachelib/coll_cache_lib/cache_context.cu:2427] Asymm Coll cache (policy: rep_cache) | local 3936501 / 65608366 nodes ( 6.00 %~6.00 %) | remote 0 / 65608366 nodes ( 0.00 %) | cpu 61671865 / 65608366 nodes ( 94.00 %) | 3.82 GB | 0.442175 secs 
[2023-04-12 04:14:50.132247: W /samgraph/3rdparty/collcachelib/coll_cache_lib/cache_context.cu:3946] before create ctx, mem is 9.26 GB
[2023-04-12 04:14:50.136447: W /samgraph/3rdparty/collcachelib/coll_cache_lib/cache_context.cu:3946] before create ctx, mem is 9.26 GB
[2023-04-12 04:14:50.136501: W /samgraph/3rdparty/collcachelib/coll_cache_lib/cache_context.cu:3946] before create ctx, mem is 9.26 GB
[2023-04-12 04:14:50.136584: W /samgraph/3rdparty/collcachelib/coll_cache_lib/cache_context.cu:3946] before create ctx, mem is 9.26 GB
[2023-04-12 04:14:55.404625: W /samgraph/3rdparty/collcachelib/coll_cache_lib/cache_context.cu:3946] after create ctx, mem is 10.95 GB
[2023-04-12 04:14:55.404762: W /samgraph/3rdparty/collcachelib/coll_cache_lib/cache_context.cu:3946] after create stream, mem is 10.95 GB
[2023-04-12 04:14:55.411511: W /samgraph/3rdparty/collcachelib/coll_cache_lib/cache_context.cu:3946] after create ctx, mem is 10.95 GB
[2023-04-12 04:14:55.411629: W /samgraph/3rdparty/collcachelib/coll_cache_lib/cache_context.cu:3946] after create stream, mem is 10.95 GB
[2023-04-12 04:14:55.457441: W /samgraph/3rdparty/collcachelib/coll_cache_lib/cache_context.cu:3946] after create ctx, mem is 10.97 GB
[2023-04-12 04:14:55.457559: W /samgraph/3rdparty/collcachelib/coll_cache_lib/cache_context.cu:3946] after create stream, mem is 10.97 GB
[2023-04-12 04:14:55.500020: W /samgraph/3rdparty/collcachelib/coll_cache_lib/cache_context.cu:3946] after create ctx, mem is 10.98 GB
[2023-04-12 04:14:55.500128: W /samgraph/3rdparty/collcachelib/coll_cache_lib/cache_context.cu:3946] after create stream, mem is 10.98 GB
/usr/local/lib/python3.8/dist-packages/torch/nn/parallel/scatter_gather.py:9: UserWarning: is_namedtuple is deprecated, please use the python checks instead
  warnings.warn("is_namedtuple is deprecated, please use the python checks instead")
/usr/local/lib/python3.8/dist-packages/torch/nn/parallel/scatter_gather.py:9: UserWarning: is_namedtuple is deprecated, please use the python checks instead
  warnings.warn("is_namedtuple is deprecated, please use the python checks instead")
/usr/local/lib/python3.8/dist-packages/torch/nn/parallel/scatter_gather.py:9: UserWarning: is_namedtuple is deprecated, please use the python checks instead
  warnings.warn("is_namedtuple is deprecated, please use the python checks instead")
/usr/local/lib/python3.8/dist-packages/torch/nn/parallel/scatter_gather.py:9: UserWarning: is_namedtuple is deprecated, please use the python checks instead
  warnings.warn("is_namedtuple is deprecated, please use the python checks instead")
