/usr/lib/python3/dist-packages/requests/__init__.py:89: RequestsDependencyWarning: urllib3 (1.26.12) or chardet (3.0.4) doesn't match a supported version!
  warnings.warn("urllib3 ({}) or chardet ({}) doesn't match a supported "
[W socket.cpp:601] [c10d] The client socket has failed to connect to [localhost]:12335 (errno: 99 - Cannot assign requested address).
Rank=3 done reading 27764987 embedding vectors from file /nvme/songxiaoniu/graph-learning/wholegraph/ogbn_papers100M/converted/homograph_csr_row_ptr
Rank=1 done reading 27764990 embedding vectors from file /nvme/songxiaoniu/graph-learning/wholegraph/ogbn_papers100M/converted/homograph_csr_row_ptr
Rank=0 done reading 27764990 embedding vectors from file /nvme/songxiaoniu/graph-learning/wholegraph/ogbn_papers100M/converted/homograph_csr_row_ptr
Rank=2 done reading 27764990 embedding vectors from file /nvme/songxiaoniu/graph-learning/wholegraph/ogbn_papers100M/converted/homograph_csr_row_ptr
Rank=3 done reading 807842936 embedding vectors from file /nvme/songxiaoniu/graph-learning/wholegraph/ogbn_papers100M/converted/homograph_csr_col_idx
Rank=1 done reading 807842936 embedding vectors from file /nvme/songxiaoniu/graph-learning/wholegraph/ogbn_papers100M/converted/homograph_csr_col_idx
Rank=2 done reading 807842936 embedding vectors from file /nvme/songxiaoniu/graph-learning/wholegraph/ogbn_papers100M/converted/homograph_csr_col_idx
Rank=0 done reading 807842936 embedding vectors from file /nvme/songxiaoniu/graph-learning/wholegraph/ogbn_papers100M/converted/homograph_csr_col_idx
[2023-04-14 19:46:44.103098: E /samgraph/3rdparty/collcachelib/coll_cache_lib/freq_recorder.cc:337] bulk append 1271241 into 0
[2023-04-14 19:46:44.109334: E /samgraph/3rdparty/collcachelib/coll_cache_lib/freq_recorder.cc:347] bulk append 7456352
[2023-04-14 19:46:44.109653: E /samgraph/3rdparty/collcachelib/coll_cache_lib/freq_recorder.cc:337] bulk append 1271652 into 1271241
[2023-04-14 19:46:44.115821: E /samgraph/3rdparty/collcachelib/coll_cache_lib/freq_recorder.cc:347] bulk append 7470015
[2023-04-14 19:46:44.116138: E /samgraph/3rdparty/collcachelib/coll_cache_lib/freq_recorder.cc:337] bulk append 1270674 into 2542893
[2023-04-14 19:46:44.122305: E /samgraph/3rdparty/collcachelib/coll_cache_lib/freq_recorder.cc:347] bulk append 7449052
[2023-04-14 19:46:44.122608: E /samgraph/3rdparty/collcachelib/coll_cache_lib/freq_recorder.cc:337] bulk append 1269158 into 3813567
[2023-04-14 19:46:44.128772: E /samgraph/3rdparty/collcachelib/coll_cache_lib/freq_recorder.cc:347] bulk append 7431929
[2023-04-14 19:46:44.129077: E /samgraph/3rdparty/collcachelib/coll_cache_lib/freq_recorder.cc:337] bulk append 1269256 into 5082725
[2023-04-14 19:46:44.135231: E /samgraph/3rdparty/collcachelib/coll_cache_lib/freq_recorder.cc:347] bulk append 7450592
[2023-04-14 19:46:44.135534: E /samgraph/3rdparty/collcachelib/coll_cache_lib/freq_recorder.cc:337] bulk append 1272373 into 6351981
[2023-04-14 19:46:44.141713: E /samgraph/3rdparty/collcachelib/coll_cache_lib/freq_recorder.cc:347] bulk append 7471167
[2023-04-14 19:46:44.142021: E /samgraph/3rdparty/collcachelib/coll_cache_lib/freq_recorder.cc:337] bulk append 1273169 into 7624354
[2023-04-14 19:46:44.148198: E /samgraph/3rdparty/collcachelib/coll_cache_lib/freq_recorder.cc:347] bulk append 7463732
[2023-04-14 19:46:44.148502: E /samgraph/3rdparty/collcachelib/coll_cache_lib/freq_recorder.cc:337] bulk append 1271588 into 8897523
[2023-04-14 19:46:44.154668: E /samgraph/3rdparty/collcachelib/coll_cache_lib/freq_recorder.cc:347] bulk append 7477805
[2023-04-14 19:46:44.154970: E /samgraph/3rdparty/collcachelib/coll_cache_lib/freq_recorder.cc:337] bulk append 1269600 into 10169111
[2023-04-14 19:46:44.161132: E /samgraph/3rdparty/collcachelib/coll_cache_lib/freq_recorder.cc:347] bulk append 7471175
[2023-04-14 19:46:44.161435: E /samgraph/3rdparty/collcachelib/coll_cache_lib/freq_recorder.cc:337] bulk append 1270821 into 11438711
[2023-04-14 19:46:44.167611: E /samgraph/3rdparty/collcachelib/coll_cache_lib/freq_recorder.cc:347] bulk append 7468087
[2023-04-14 19:46:44.167957: E /samgraph/3rdparty/collcachelib/coll_cache_lib/freq_recorder.cc:337] bulk append 1060754 into 12709532
[2023-04-14 19:46:44.173345: E /samgraph/3rdparty/collcachelib/coll_cache_lib/freq_recorder.cc:347] bulk append 7824566
[2023-04-14 19:46:44.173668: E /samgraph/3rdparty/collcachelib/coll_cache_lib/freq_recorder.cc:337] bulk append 1059532 into 13770286
[2023-04-14 19:46:44.179625: E /samgraph/3rdparty/collcachelib/coll_cache_lib/freq_recorder.cc:347] bulk append 7838889
[2023-04-14 19:46:44.179940: E /samgraph/3rdparty/collcachelib/coll_cache_lib/freq_recorder.cc:337] bulk append 1060512 into 14829818
[2023-04-14 19:46:44.185882: E /samgraph/3rdparty/collcachelib/coll_cache_lib/freq_recorder.cc:347] bulk append 7822031
[2023-04-14 19:46:44.186191: E /samgraph/3rdparty/collcachelib/coll_cache_lib/freq_recorder.cc:337] bulk append 1060072 into 15890330
[2023-04-14 19:46:44.192148: E /samgraph/3rdparty/collcachelib/coll_cache_lib/freq_recorder.cc:347] bulk append 7803676
[2023-04-14 19:46:44.192469: E /samgraph/3rdparty/collcachelib/coll_cache_lib/freq_recorder.cc:337] bulk append 1057998 into 16950402
[2023-04-14 19:46:44.197753: E /samgraph/3rdparty/collcachelib/coll_cache_lib/freq_recorder.cc:347] bulk append 7820828
[2023-04-14 19:46:44.198071: E /samgraph/3rdparty/collcachelib/coll_cache_lib/freq_recorder.cc:337] bulk append 1061074 into 18008400
[2023-04-14 19:46:44.203386: E /samgraph/3rdparty/collcachelib/coll_cache_lib/freq_recorder.cc:347] bulk append 7849985
[2023-04-14 19:46:44.203705: E /samgraph/3rdparty/collcachelib/coll_cache_lib/freq_recorder.cc:337] bulk append 1060731 into 19069474
[2023-04-14 19:46:44.209642: E /samgraph/3rdparty/collcachelib/coll_cache_lib/freq_recorder.cc:347] bulk append 7830106
[2023-04-14 19:46:44.209953: E /samgraph/3rdparty/collcachelib/coll_cache_lib/freq_recorder.cc:337] bulk append 1060673 into 20130205
[2023-04-14 19:46:44.215260: E /samgraph/3rdparty/collcachelib/coll_cache_lib/freq_recorder.cc:347] bulk append 7843148
[2023-04-14 19:46:44.215576: E /samgraph/3rdparty/collcachelib/coll_cache_lib/freq_recorder.cc:337] bulk append 1060769 into 21190878
[2023-04-14 19:46:44.220857: E /samgraph/3rdparty/collcachelib/coll_cache_lib/freq_recorder.cc:347] bulk append 7843481
[2023-04-14 19:46:44.221174: E /samgraph/3rdparty/collcachelib/coll_cache_lib/freq_recorder.cc:337] bulk append 1059532 into 22251647
[2023-04-14 19:46:44.227109: E /samgraph/3rdparty/collcachelib/coll_cache_lib/freq_recorder.cc:347] bulk append 7854786
[2023-04-14 19:46:44.227440: E /samgraph/3rdparty/collcachelib/coll_cache_lib/freq_recorder.cc:337] bulk append 1317973 into 23311179
[2023-04-14 19:46:44.233881: E /samgraph/3rdparty/collcachelib/coll_cache_lib/freq_recorder.cc:347] bulk append 8371696
[2023-04-14 19:46:44.234213: E /samgraph/3rdparty/collcachelib/coll_cache_lib/freq_recorder.cc:337] bulk append 1316208 into 24629152
[2023-04-14 19:46:44.240576: E /samgraph/3rdparty/collcachelib/coll_cache_lib/freq_recorder.cc:347] bulk append 8371381
[2023-04-14 19:46:44.240880: E /samgraph/3rdparty/collcachelib/coll_cache_lib/freq_recorder.cc:337] bulk append 1316841 into 25945360
[2023-04-14 19:46:44.247252: E /samgraph/3rdparty/collcachelib/coll_cache_lib/freq_recorder.cc:347] bulk append 8349681
[2023-04-14 19:46:44.247555: E /samgraph/3rdparty/collcachelib/coll_cache_lib/freq_recorder.cc:337] bulk append 1315737 into 27262201
[2023-04-14 19:46:44.253917: E /samgraph/3rdparty/collcachelib/coll_cache_lib/freq_recorder.cc:347] bulk append 8333139
[2023-04-14 19:46:44.254236: E /samgraph/3rdparty/collcachelib/coll_cache_lib/freq_recorder.cc:337] bulk append 1316291 into 28577938
[2023-04-14 19:46:44.260599: E /samgraph/3rdparty/collcachelib/coll_cache_lib/freq_recorder.cc:347] bulk append 8355692
[2023-04-14 19:46:44.260903: E /samgraph/3rdparty/collcachelib/coll_cache_lib/freq_recorder.cc:337] bulk append 1317998 into 29894229
[2023-04-14 19:46:44.267283: E /samgraph/3rdparty/collcachelib/coll_cache_lib/freq_recorder.cc:347] bulk append 8382683
[2023-04-14 19:46:44.267583: E /samgraph/3rdparty/collcachelib/coll_cache_lib/freq_recorder.cc:337] bulk append 1317448 into 31212227
[2023-04-14 19:46:44.273978: E /samgraph/3rdparty/collcachelib/coll_cache_lib/freq_recorder.cc:347] bulk append 8361151
[2023-04-14 19:46:44.274294: E /samgraph/3rdparty/collcachelib/coll_cache_lib/freq_recorder.cc:337] bulk append 1318738 into 32529675
[2023-04-14 19:46:44.280666: E /samgraph/3rdparty/collcachelib/coll_cache_lib/freq_recorder.cc:347] bulk append 8381083
[2023-04-14 19:46:44.280974: E /samgraph/3rdparty/collcachelib/coll_cache_lib/freq_recorder.cc:337] bulk append 1316226 into 33848413
[2023-04-14 19:46:44.287343: E /samgraph/3rdparty/collcachelib/coll_cache_lib/freq_recorder.cc:347] bulk append 8383780
[2023-04-14 19:46:44.287644: E /samgraph/3rdparty/collcachelib/coll_cache_lib/freq_recorder.cc:337] bulk append 1314353 into 35164639
[2023-04-14 19:46:44.293999: E /samgraph/3rdparty/collcachelib/coll_cache_lib/freq_recorder.cc:347] bulk append 8378311
[2023-04-14 19:46:44.294335: E /samgraph/3rdparty/collcachelib/coll_cache_lib/freq_recorder.cc:337] bulk append 1335469 into 36478992
[2023-04-14 19:46:44.300838: E /samgraph/3rdparty/collcachelib/coll_cache_lib/freq_recorder.cc:347] bulk append 7896892
[2023-04-14 19:46:44.301161: E /samgraph/3rdparty/collcachelib/coll_cache_lib/freq_recorder.cc:337] bulk append 1333088 into 37814461
[2023-04-14 19:46:44.307593: E /samgraph/3rdparty/collcachelib/coll_cache_lib/freq_recorder.cc:347] bulk append 7886503
[2023-04-14 19:46:44.307902: E /samgraph/3rdparty/collcachelib/coll_cache_lib/freq_recorder.cc:337] bulk append 1334124 into 39147549
[2023-04-14 19:46:44.314326: E /samgraph/3rdparty/collcachelib/coll_cache_lib/freq_recorder.cc:347] bulk append 7875692
[2023-04-14 19:46:44.314638: E /samgraph/3rdparty/collcachelib/coll_cache_lib/freq_recorder.cc:337] bulk append 1333399 into 40481673
[2023-04-14 19:46:44.321737: E /samgraph/3rdparty/collcachelib/coll_cache_lib/freq_recorder.cc:347] bulk append 7866070
[2023-04-14 19:46:44.322042: E /samgraph/3rdparty/collcachelib/coll_cache_lib/freq_recorder.cc:337] bulk append 1332340 into 41815072
[2023-04-14 19:46:44.329141: E /samgraph/3rdparty/collcachelib/coll_cache_lib/freq_recorder.cc:347] bulk append 7885718
[2023-04-14 19:46:44.329452: E /samgraph/3rdparty/collcachelib/coll_cache_lib/freq_recorder.cc:337] bulk append 1334908 into 43147412
[2023-04-14 19:46:44.336565: E /samgraph/3rdparty/collcachelib/coll_cache_lib/freq_recorder.cc:347] bulk append 7905545
[2023-04-14 19:46:44.336892: E /samgraph/3rdparty/collcachelib/coll_cache_lib/freq_recorder.cc:337] bulk append 1333384 into 44482320
[2023-04-14 19:46:44.343983: E /samgraph/3rdparty/collcachelib/coll_cache_lib/freq_recorder.cc:347] bulk append 7882244
[2023-04-14 19:46:44.344294: E /samgraph/3rdparty/collcachelib/coll_cache_lib/freq_recorder.cc:337] bulk append 1334989 into 45815704
[2023-04-14 19:46:44.351409: E /samgraph/3rdparty/collcachelib/coll_cache_lib/freq_recorder.cc:347] bulk append 7901272
[2023-04-14 19:46:44.351731: E /samgraph/3rdparty/collcachelib/coll_cache_lib/freq_recorder.cc:337] bulk append 1333458 into 47150693
[2023-04-14 19:46:44.358155: E /samgraph/3rdparty/collcachelib/coll_cache_lib/freq_recorder.cc:347] bulk append 7891504
[2023-04-14 19:46:44.358464: E /samgraph/3rdparty/collcachelib/coll_cache_lib/freq_recorder.cc:337] bulk append 1334451 into 48484151
[2023-04-14 19:46:44.364906: E /samgraph/3rdparty/collcachelib/coll_cache_lib/freq_recorder.cc:347] bulk append 7885316
[2023-04-14 19:46:44.365221: E /samgraph/3rdparty/collcachelib/coll_cache_lib/freq_recorder.cc:266] freq recorder global combining
[2023-04-14 19:46:44.365251: E[[ 2023-04-14 19:46:442023-04-14 19:46:44/samgraph/3rdparty/collcachelib/coll_cache_lib/facade.cc..:365256365256409: : ] EEbefore scale, dtype is 0, dim is 128  
/samgraph/3rdparty/collcachelib/coll_cache_lib/facade.cc/samgraph/3rdparty/collcachelib/coll_cache_lib/facade.cc::[4094092023-04-14 19:46:44] ] .before scale, dtype is 0, dim is 128before scale, dtype is 0, dim is 128365343

: E[ [2023-04-14 19:46:44/samgraph/3rdparty/collcachelib/coll_cache_lib/facade.cc2023-04-14 19:46:44.:.365390415365393: ] : Eafter scale, dtype is 7, new dim is 32E 
 /samgraph/3rdparty/collcachelib/coll_cache_lib/facade.cc/samgraph/3rdparty/collcachelib/coll_cache_lib/facade.cc::415415] ] after scale, dtype is 7, new dim is 32after scale, dtype is 7, new dim is 32

[2023-04-14 19:46:44.366375: E /samgraph/3rdparty/collcachelib/coll_cache_lib/coll_cache/asymm_link_desc.cc:207] assigning 0 to cpu[
2023-04-14 19:46:44.366400: E [/samgraph/3rdparty/collcachelib/coll_cache_lib/coll_cache/asymm_link_desc.cc2023-04-14 19:46:44:.207366421] : assigning 0 to cpu[E
2023-04-14 19:46:44 ./samgraph/3rdparty/collcachelib/coll_cache_lib/coll_cache/asymm_link_desc.cc366435:: 207E[]  2023-04-14 19:46:44assigning 0 to cpu
.366473/samgraph/3rdparty/collcachelib/coll_cache_lib/coll_cache/asymm_link_desc.cc: :E224 ] [/samgraph/3rdparty/collcachelib/coll_cache_lib/coll_cache/asymm_link_desc.ccbuild symm link desc with 4X Tesla V100-SXM2-16GB out of 42023-04-14 19:46:44:
.224366527] : build symm link desc with 4X Tesla V100-SXM2-16GB out of 4E
 [/samgraph/3rdparty/collcachelib/coll_cache_lib/coll_cache/asymm_link_desc.cc2023-04-14 19:46:44:.[2243665762023-04-14 19:46:44] : .build symm link desc with 4X Tesla V100-SXM2-16GB out of 4E366591
 : /samgraph/3rdparty/collcachelib/coll_cache_lib/coll_cache/asymm_link_desc.ccE:[ 2252023-04-14 19:46:44/samgraph/3rdparty/collcachelib/coll_cache_lib/coll_cache/asymm_link_desc.cc] .:remote time is 9.21053366644225
: ] Eremote time is 9.21053 [
/samgraph/3rdparty/collcachelib/coll_cache_lib/coll_cache/asymm_link_desc.cc2023-04-14 19:46:44:.[2253667002023-04-14 19:46:44] : .remote time is 9.21053E366720
 : /samgraph/3rdparty/collcachelib/coll_cache_lib/coll_cache/asymm_link_desc.cc[E:2023-04-14 19:46:44 226./samgraph/3rdparty/collcachelib/coll_cache_lib/coll_cache/asymm_link_desc.cc] 366769:cpu time is 31.8182: 226
E]  cpu time is 31.8182/samgraph/3rdparty/collcachelib/coll_cache_lib/coll_cache/asymm_link_desc.cc
:226] cpu time is 31.8182[
2023-04-14 19:46:44.[3668412023-04-14 19:46:44: .[E3668532023-04-14 19:46:44 : ./samgraph/3rdparty/collcachelib/coll_cache_lib/facade.ccE366868: : 425/samgraph/3rdparty/collcachelib/coll_cache_lib/facade.ccE] : registering cpu data with 8.00 GB425/samgraph/3rdparty/collcachelib/coll_cache_lib/facade.cc
] :registering cpu data with 8.00 GB425
] registering cpu data with 8.00 GB
[2023-04-14 19:46:45.724908: E /samgraph/3rdparty/collcachelib/coll_cache_lib/facade.cc:427] registering cpu data done.
[2023-04-14 19:46:45.725131: E /samgraph/3rdparty/collcachelib/coll_cache_lib/facade.cc:427] registering cpu data done.
[2023-04-14 19:46:45.732275: E /samgraph/3rdparty/collcachelib/coll_cache_lib/facade.cc:427] registering cpu data done.
[2023-04-14 19:46:46.857005: E /samgraph/3rdparty/collcachelib/coll_cache_lib/freq_recorder.cc:269] freq recorder global combine from 49818602 to 21806607
[2023-04-14 19:46:47.226354: E /samgraph/3rdparty/collcachelib/coll_cache_lib/freq_recorder.cc:286] top 5 freq is 296,296,296,296,296
[2023-04-14 19:46:47.226498: E /samgraph/3rdparty/collcachelib/coll_cache_lib/facade.cc:409] before scale, dtype is 0, dim is 128
[2023-04-14 19:46:47.226543: E /samgraph/3rdparty/collcachelib/coll_cache_lib/facade.cc:415] after scale, dtype is 7, new dim is 32
[2023-04-14 19:46:47.226881: E /samgraph/3rdparty/collcachelib/coll_cache_lib/coll_cache/asymm_link_desc.cc:207] assigning 0 to cpu
[2023-04-14 19:46:47.226927: E /samgraph/3rdparty/collcachelib/coll_cache_lib/coll_cache/asymm_link_desc.cc:224] build symm link desc with 4X Tesla V100-SXM2-16GB out of 4
[2023-04-14 19:46:47.226980: E /samgraph/3rdparty/collcachelib/coll_cache_lib/coll_cache/asymm_link_desc.cc:225] remote time is 9.21053
[2023-04-14 19:46:47.227015: E /samgraph/3rdparty/collcachelib/coll_cache_lib/coll_cache/asymm_link_desc.cc:226] cpu time is 31.8182
[2023-04-14 19:46:47.227061: E /samgraph/3rdparty/collcachelib/coll_cache_lib/facade.cc:425] registering cpu data with 8.00 GB
[2023-04-14 19:46:47.949215: E /samgraph/3rdparty/collcachelib/coll_cache_lib/facade.cc:427] registering cpu data done.
[2023-04-14 19:46:47.949318: E /samgraph/3rdparty/collcachelib/coll_cache_lib/facade.cc:174] creating solver
[2023-04-14 19:46:47.949349: E /samgraph/3rdparty/collcachelib/coll_cache_lib/facade.cc:214] solver created. now build & solve
[2023-04-14 19:46:47.995820: E /samgraph/3rdparty/collcachelib/coll_cache_lib/coll_cache/optimal_solver_class.cc:309] reconfigured max freq to be 296
[2023-04-14 19:46:47.995865: E /samgraph/3rdparty/collcachelib/coll_cache_lib/coll_cache/optimal_solver_class.cc:311] reconfigured num slot to be 32
[2023-04-14 19:46:47.995892: W /samgraph/3rdparty/collcachelib/coll_cache_lib/coll_cache/optimal_solver_class.cc:318] counting slots...
[2023-04-14 19:46:48.464950: W /samgraph/3rdparty/collcachelib/coll_cache_lib/coll_cache/optimal_solver_class.cc:367] Final num slot is 46
[2023-04-14 19:46:48.465049: W /samgraph/3rdparty/collcachelib/coll_cache_lib/coll_cache/optimal_solver_class.cc:371] preparing block granularity...
[2023-04-14 19:46:48.465085: E /samgraph/3rdparty/collcachelib/coll_cache_lib/coll_cache/optimal_solver_class.cc:399] slot 0 has 44288 nodes, max_size set to 11072, #slice=4
[2023-04-14 19:46:48.465117: E /samgraph/3rdparty/collcachelib/coll_cache_lib/coll_cache/optimal_solver_class.cc:399] slot 1 has 71916 nodes, max_size set to 17979, #slice=4
[2023-04-14 19:46:48.465149: E /samgraph/3rdparty/collcachelib/coll_cache_lib/coll_cache/optimal_solver_class.cc:399] slot 2 has 107596 nodes, max_size set to 26899, #slice=4
[2023-04-14 19:46:48.465181: E /samgraph/3rdparty/collcachelib/coll_cache_lib/coll_cache/optimal_solver_class.cc:399] slot 3 has 141661 nodes, max_size set to 35416, #slice=4
[2023-04-14 19:46:48.465213: E /samgraph/3rdparty/collcachelib/coll_cache_lib/coll_cache/optimal_solver_class.cc:399] slot 4 has 166996 nodes, max_size set to 41749, #slice=4
[2023-04-14 19:46:48.465245: E /samgraph/3rdparty/collcachelib/coll_cache_lib/coll_cache/optimal_solver_class.cc:399] slot 5 has 181155 nodes, max_size set to 45289, #slice=4
[2023-04-14 19:46:48.465277: E /samgraph/3rdparty/collcachelib/coll_cache_lib/coll_cache/optimal_solver_class.cc:399] slot 6 has 218175 nodes, max_size set to 54544, #slice=4
[2023-04-14 19:46:48.465309: E /samgraph/3rdparty/collcachelib/coll_cache_lib/coll_cache/optimal_solver_class.cc:399] slot 7 has 245074 nodes, max_size set to 61269, #slice=4
[2023-04-14 19:46:48.465341: E /samgraph/3rdparty/collcachelib/coll_cache_lib/coll_cache/optimal_solver_class.cc:399] slot 8 has 255203 nodes, max_size set to 63801, #slice=4
[2023-04-14 19:46:48.465373: E /samgraph/3rdparty/collcachelib/coll_cache_lib/coll_cache/optimal_solver_class.cc:399] slot 9 has 311791 nodes, max_size set to 77948, #slice=4
[2023-04-14 19:46:48.465405: E /samgraph/3rdparty/collcachelib/coll_cache_lib/coll_cache/optimal_solver_class.cc:399] slot 10 has 332308 nodes, max_size set to 83077, #slice=4
[2023-04-14 19:46:48.465437: E /samgraph/3rdparty/collcachelib/coll_cache_lib/coll_cache/optimal_solver_class.cc:399] slot 11 has 323690 nodes, max_size set to 80923, #slice=4
[2023-04-14 19:46:48.465469: E /samgraph/3rdparty/collcachelib/coll_cache_lib/coll_cache/optimal_solver_class.cc:399] slot 12 has 424204 nodes, max_size set to 106051, #slice=4
[2023-04-14 19:46:48.465500: E /samgraph/3rdparty/collcachelib/coll_cache_lib/coll_cache/optimal_solver_class.cc:399] slot 13 has 366375 nodes, max_size set to 91594, #slice=4
[2023-04-14 19:46:48.465532: E /samgraph/3rdparty/collcachelib/coll_cache_lib/coll_cache/optimal_solver_class.cc:399] slot 14 has 472410 nodes, max_size set to 111059, #slice=8
[2023-04-14 19:46:48.465564: E /samgraph/3rdparty/collcachelib/coll_cache_lib/coll_cache/optimal_solver_class.cc:399] slot 15 has 459954 nodes, max_size set to 111059, #slice=8
[2023-04-14 19:46:48.465596: E /samgraph/3rdparty/collcachelib/coll_cache_lib/coll_cache/optimal_solver_class.cc:399] slot 16 has 599505 nodes, max_size set to 111059, #slice=8
[2023-04-14 19:46:48.465628: E /samgraph/3rdparty/collcachelib/coll_cache_lib/coll_cache/optimal_solver_class.cc:399] slot 17 has 517873 nodes, max_size set to 517873, #slice=1
[2023-04-14 19:46:48.465676: E /samgraph/3rdparty/collcachelib/coll_cache_lib/coll_cache/optimal_solver_class.cc:399] slot 18 has 668008 nodes, max_size set to 668008, #slice=1
[2023-04-14 19:46:48.465708: E /samgraph/3rdparty/collcachelib/coll_cache_lib/coll_cache/optimal_solver_class.cc:399] slot 19 has 905627 nodes, max_size set to 905627, #slice=1
[2023-04-14 19:46:48.465740: E /samgraph/3rdparty/collcachelib/coll_cache_lib/coll_cache/optimal_solver_class.cc:399] slot 20 has 588065 nodes, max_size set to 588065, #slice=1
[2023-04-14 19:46:48.465772: E /samgraph/3rdparty/collcachelib/coll_cache_lib/coll_cache/optimal_solver_class.cc:399] slot 21 has 732727 nodes, max_size set to 732727, #slice=1
[2023-04-14 19:46:48.465804: E /samgraph/3rdparty/collcachelib/coll_cache_lib/coll_cache/optimal_solver_class.cc:399] slot 22 has 933161 nodes, max_size set to 933161, #slice=1
[2023-04-14 19:46:48.465836: E /samgraph/3rdparty/collcachelib/coll_cache_lib/coll_cache/optimal_solver_class.cc:399] slot 23 has 1270915 nodes, max_size set to 1270915, #slice=1
[2023-04-14 19:46:48.465868: E /samgraph/3rdparty/collcachelib/coll_cache_lib/coll_cache/optimal_solver_class.cc:399] slot 25 has 1820867 nodes, max_size set to 1820867, #slice=1
[2023-04-14 19:46:48.465900: E /samgraph/3rdparty/collcachelib/coll_cache_lib/coll_cache/optimal_solver_class.cc:399] slot 27 has 3197578 nodes, max_size set to 3197578, #slice=1
[2023-04-14 19:46:48.465932: E /samgraph/3rdparty/collcachelib/coll_cache_lib/coll_cache/optimal_solver_class.cc:399] slot 30 has 6449485 nodes, max_size set to 6449485, #slice=1
[2023-04-14 19:46:48.465964: E /samgraph/3rdparty/collcachelib/coll_cache_lib/coll_cache/optimal_solver_class.cc:399] slot 31 has 893879 nodes, max_size set to 893879, #slice=1
[2023-04-14 19:46:48.465996: E /samgraph/3rdparty/collcachelib/coll_cache_lib/coll_cache/optimal_solver_class.cc:399] slot 32 has 891574 nodes, max_size set to 891574, #slice=1
[2023-04-14 19:46:48.466028: E /samgraph/3rdparty/collcachelib/coll_cache_lib/coll_cache/optimal_solver_class.cc:399] slot 33 has 892055 nodes, max_size set to 892055, #slice=1
[2023-04-14 19:46:48.466060: E /samgraph/3rdparty/collcachelib/coll_cache_lib/coll_cache/optimal_solver_class.cc:399] slot 34 has 892944 nodes, max_size set to 892944, #slice=1
[2023-04-14 19:46:48.466092: E /samgraph/3rdparty/collcachelib/coll_cache_lib/coll_cache/optimal_solver_class.cc:399] slot 35 has 892543 nodes, max_size set to 892543, #slice=1
[2023-04-14 19:46:48.466124: E /samgraph/3rdparty/collcachelib/coll_cache_lib/coll_cache/optimal_solver_class.cc:399] slot 36 has 892703 nodes, max_size set to 892703, #slice=1
[2023-04-14 19:46:48.466156: E /samgraph/3rdparty/collcachelib/coll_cache_lib/coll_cache/optimal_solver_class.cc:399] slot 37 has 893847 nodes, max_size set to 893847, #slice=1
[2023-04-14 19:46:48.466188: E /samgraph/3rdparty/collcachelib/coll_cache_lib/coll_cache/optimal_solver_class.cc:399] slot 38 has 892813 nodes, max_size set to 892813, #slice=1
[2023-04-14 19:46:48.466220: E /samgraph/3rdparty/collcachelib/coll_cache_lib/coll_cache/optimal_solver_class.cc:399] slot 39 has 893258 nodes, max_size set to 893258, #slice=1
[2023-04-14 19:46:48.466252: E /samgraph/3rdparty/collcachelib/coll_cache_lib/coll_cache/optimal_solver_class.cc:399] slot 40 has 893510 nodes, max_size set to 893510, #slice=1
[2023-04-14 19:46:48.466284: E /samgraph/3rdparty/collcachelib/coll_cache_lib/coll_cache/optimal_solver_class.cc:399] slot 41 has 8928607 nodes, max_size set to 8928607, #slice=1
[2023-04-14 19:46:48.466316: E /samgraph/3rdparty/collcachelib/coll_cache_lib/coll_cache/optimal_solver_class.cc:399] slot 42 has 8921658 nodes, max_size set to 8921658, #slice=1
[2023-04-14 19:46:48.466348: E /samgraph/3rdparty/collcachelib/coll_cache_lib/coll_cache/optimal_solver_class.cc:399] slot 43 has 8922320 nodes, max_size set to 8922320, #slice=1
[2023-04-14 19:46:48.466380: E /samgraph/3rdparty/collcachelib/coll_cache_lib/coll_cache/optimal_solver_class.cc:399] slot 44 has 8924336 nodes, max_size set to 8924336, #slice=1
[2023-04-14 19:46:48.466416: E /samgraph/3rdparty/collcachelib/coll_cache_lib/coll_cache/optimal_solver_class.cc:399] slot 45 has 8925963 nodes, max_size set to 8925963, #slice=1
[2023-04-14 19:46:48.466448: E /samgraph/3rdparty/collcachelib/coll_cache_lib/coll_cache/optimal_solver_class.cc:399] slot 46 has 8924651 nodes, max_size set to 8924651, #slice=1
[2023-04-14 19:46:48.466480: E /samgraph/3rdparty/collcachelib/coll_cache_lib/coll_cache/optimal_solver_class.cc:399] slot 47 has 8924239 nodes, max_size set to 8924239, #slice=1
[2023-04-14 19:46:48.466530: E /samgraph/3rdparty/collcachelib/coll_cache_lib/coll_cache/optimal_solver_class.cc:399] slot 48 has 8927337 nodes, max_size set to 8927337, #slice=1
[2023-04-14 19:46:48.466563: E /samgraph/3rdparty/collcachelib/coll_cache_lib/coll_cache/optimal_solver_class.cc:399] slot 49 has 8925112 nodes, max_size set to 8925112, #slice=1
[2023-04-14 19:46:48.466595: W /samgraph/3rdparty/collcachelib/coll_cache_lib/coll_cache/optimal_solver_class.cc:405] counting blocks...
[2023-04-14 19:46:48.646360: W /samgraph/3rdparty/collcachelib/coll_cache_lib/coll_cache/optimal_solver_class.cc:425] Final num block is 109
[2023-04-14 19:46:48.646446: W /samgraph/3rdparty/collcachelib/coll_cache_lib/coll_cache/optimal_solver_class.cc:430] counting freq and density...
[2023-04-14 19:46:48.660678: W /samgraph/3rdparty/collcachelib/coll_cache_lib/coll_cache/optimal_solver_class.cc:479] averaging freq and density...
[2023-04-14 19:46:48.660770: W /samgraph/3rdparty/collcachelib/coll_cache_lib/coll_cache/optimal_solver_class.cc:480] 109
[2023-04-14 19:46:48.662620: E /samgraph/3rdparty/collcachelib/coll_cache_lib/facade.cc:218] solver built. now solve
[2023-04-14 19:46:48.662675: W /samgraph/3rdparty/collcachelib/coll_cache_lib/coll_cache/optimal_solver_class.cc:893] constructing optimal solver, device=4, stream=1
109 blocks, 4 devices
[2023-04-14 19:46:48.686882: W /samgraph/3rdparty/collcachelib/coll_cache_lib/coll_cache/optimal_solver_class.cc:1078] Add Var...
[2023-04-14 19:46:48.688151: W /samgraph/3rdparty/collcachelib/coll_cache_lib/coll_cache/optimal_solver_class.cc:1096] Capacity...
[2023-04-14 19:46:48.688279: W /samgraph/3rdparty/collcachelib/coll_cache_lib/coll_cache/optimal_solver_class.cc:1099] Connect CPU...
[2023-04-14 19:46:48.689335: W /samgraph/3rdparty/collcachelib/coll_cache_lib/coll_cache/optimal_solver_class.cc:1101] Connect Access To Storage...
[2023-04-14 19:46:48.699488: W /samgraph/3rdparty/collcachelib/coll_cache_lib/coll_cache/optimal_solver_class.cc:1105] Time...
[2023-04-14 19:46:48.781295: W /samgraph/3rdparty/collcachelib/coll_cache_lib/coll_cache/optimal_solver_class.cc:1124] Coll Cache init block placement array
[2023-04-14 19:46:48.781744: W /samgraph/3rdparty/collcachelib/coll_cache_lib/coll_cache/optimal_solver_class.cc:1200] Coll Cache init block placement array done
[2023-04-14 19:46:48.781813: W /samgraph/3rdparty/collcachelib/coll_cache_lib/coll_cache/optimal_solver_class.cc:1202] Coll Cache model reset done
[2023-04-14 19:46:48.782766: E /samgraph/3rdparty/collcachelib/coll_cache_lib/facade.cc:222] solver solved
[2023-04-14 19:46:48.782806: E /samgraph/3rdparty/collcachelib/coll_cache_lib/facade.cc:437] 0 solved master
[2023-04-14 19:46:48.782834: E /samgraph/3rdparty/collcachelib/coll_cache_lib/facade.cc:444] 0 solved
[2023-04-14 19:46:48.782862: E /samgraph/3rdparty/collcachelib/coll_cache_lib/facade.cc:447] worker 0 thread 0 initing device 0
[2023-04-14 19:46:48.783494: E /samgraph/3rdparty/collcachelib/coll_cache_lib/cache_context.cu:2320] Building Coll Cache with ... num gpu device is 4
[2023-04-14 19:46:48.783624: E /samgraph/3rdparty/collcachelib/coll_cache_lib/cuda/cache_hashtable.cuh:611] per src size local is 1219101
[2023-04-14 19:46:48.803713: E /samgraph/3rdparty/collcachelib/coll_cache_lib/facade.cc:444] 3 solved
[2023-04-14 19:46:48.803764: E /samgraph/3rdparty/collcachelib/coll_cache_lib/facade.cc:447] worker 0 thread 3 initing device 3
[2023-04-14 19:46:48.804213: E /samgraph/3rdparty/collcachelib/coll_cache_lib/cache_context.cu:2320] Building Coll Cache with ... num gpu device is 4
[2023-04-14 19:46:48.804714: E /samgraph/3rdparty/collcachelib/coll_cache_lib/facade.cc:444] 1 solved
[[2023-04-14 19:46:482023-04-14 19:46:48..804765804781: : EE  /samgraph/3rdparty/collcachelib/coll_cache_lib/facade.cc/samgraph/3rdparty/collcachelib/coll_cache_lib/facade.cc::444447] ] 2 solvedworker 0 thread 1 initing device 1

[2023-04-14 19:46:48.804842: E /samgraph/3rdparty/collcachelib/coll_cache_lib/facade.cc:447] worker 0 thread 2 initing device 2
[2023-04-14 19:46:48.805200: E /samgraph/3rdparty/collcachelib/coll_cache_lib/cache_context.cu:2320] Building Coll Cache with ... num gpu device is 4
[2023-04-14 19:46:48.806846: E /samgraph/3rdparty/collcachelib/coll_cache_lib/cache_context.cu:2320] Building Coll Cache with ... num gpu device is 4
[2023-04-14 19:46:48.816265: E /samgraph/3rdparty/collcachelib/coll_cache_lib/cache_context.cu:2362] num cpu nodes is 106636975
[2023-04-14 19:46:48.852619: E /samgraph/3rdparty/collcachelib/coll_cache_lib/cache_context.cu:2362] num cpu nodes is 106636975
[2023-04-14 19:46:48.852875: E /samgraph/3rdparty/collcachelib/coll_cache_lib/cache_context.cu:2362] num cpu nodes is 106636975
[2023-04-14 19:46:48.868984: E /samgraph/3rdparty/collcachelib/coll_cache_lib/cuda/cache_hashtable.cu:355] create a hashtable with 4422981 possible elem, scale to 16777216
[2023-04-14 19:46:48.869043: E /samgraph/3rdparty/collcachelib/coll_cache_lib/cuda/cache_hashtable.cu:360] SimpleHashTable allocating 128.00 MB
[2023-04-14 19:46:48.870331: E /samgraph/3rdparty/collcachelib/coll_cache_lib/cache_context.cu:2362] num cpu nodes is 106636975
[2023-04-14 19:46:48.901515: E /samgraph/3rdparty/collcachelib/coll_cache_lib/cuda/cache_hashtable.cu:355] create a hashtable with 4422981 possible elem, scale to 16777216
[2023-04-14 19:46:48.901572: E /samgraph/3rdparty/collcachelib/coll_cache_lib/cuda/cache_hashtable.cu:360] SimpleHashTable allocating 128.00 MB
[2023-04-14 19:46:48.901648: E /samgraph/3rdparty/collcachelib/coll_cache_lib/cuda/cache_hashtable.cu:355] create a hashtable with 4422981 possible elem, scale to 16777216
[2023-04-14 19:46:48.901708: E /samgraph/3rdparty/collcachelib/coll_cache_lib/cuda/cache_hashtable.cu:360] SimpleHashTable allocating 128.00 MB
[2023-04-14 19:46:48.919404: E /samgraph/3rdparty/collcachelib/coll_cache_lib/cuda/cache_hashtable.cu:355] create a hashtable with 4422981 possible elem, scale to 16777216
[2023-04-14 19:46:48.919455: E /samgraph/3rdparty/collcachelib/coll_cache_lib/cuda/cache_hashtable.cu:360] SimpleHashTable allocating 128.00 MB
[2023-04-14 19:46:48.946461: E /samgraph/3rdparty/collcachelib/coll_cache_lib/common.cc:107] too many mem allocated for forcescale?1221659->122091
[2023-04-14 19:46:48.946772: E /samgraph/3rdparty/collcachelib/coll_cache_lib/common.cc:107] too many mem allocated for forcescale?1221659->111159
[2023-04-14 19:46:48.946932: E /samgraph/3rdparty/collcachelib/coll_cache_lib/common.cc:107] too many mem allocated for forcescale?1221659->113476
[2023-04-14 19:46:48.947029: E /samgraph/3rdparty/collcachelib/coll_cache_lib/common.cc:107] too many mem allocated for forcescale?1221659->116929
[2023-04-14 19:46:48.966536: E /samgraph/3rdparty/collcachelib/coll_cache_lib/cache_context.cu:2439] Asymm Coll cache (policy: coll_cache_asymm_link) | local 1099568 / 111059956 nodes ( 0.99 %~1.00 %) | remote 3323413 / 111059956 nodes ( 2.99 %) | cpu 106636975 / 111059956 nodes ( 96.02 %) | 596.51 MB | 0.162279 secs 
[2023-04-14 19:46:48.990535: E /samgraph/3rdparty/collcachelib/coll_cache_lib/cache_context.cu:2439] Asymm Coll cache (policy: coll_cache_asymm_link) | local 1110500 / 111059956 nodes ( 1.00 %~1.00 %) | remote 3312481 / 111059956 nodes ( 2.98 %) | cpu 106636975 / 111059956 nodes ( 96.02 %) | 596.51 MB | 0.183637 secs 
[2023-04-14 19:46:48.991740: E /samgraph/3rdparty/collcachelib/coll_cache_lib/cache_context.cu:2439] Asymm Coll cache (policy: coll_cache_asymm_link) | local 1108183 / 111059956 nodes ( 1.00 %~1.00 %) | remote 3314798 / 111059956 nodes ( 2.98 %) | cpu 106636975 / 111059956 nodes ( 96.02 %) | 596.51 MB | 0.208212 secs 
[2023-04-14 19:46:49.  8315: E /samgraph/3rdparty/collcachelib/coll_cache_lib/cache_context.cu:2439] Asymm Coll cache (policy: coll_cache_asymm_link) | local 1104730 / 111059956 nodes ( 0.99 %~1.00 %) | remote 3318251 / 111059956 nodes ( 2.99 %) | cpu 106636975 / 111059956 nodes ( 96.02 %) | 596.51 MB | 0.203081 secs 
/usr/local/lib/python3.8/dist-packages/torch/nn/parallel/scatter_gather.py:9: UserWarning: is_namedtuple is deprecated, please use the python checks instead
  warnings.warn("is_namedtuple is deprecated, please use the python checks instead")
/usr/local/lib/python3.8/dist-packages/torch/nn/parallel/scatter_gather.py:9: UserWarning: is_namedtuple is deprecated, please use the python checks instead
  warnings.warn("is_namedtuple is deprecated, please use the python checks instead")
/usr/local/lib/python3.8/dist-packages/torch/nn/parallel/scatter_gather.py:9: UserWarning: is_namedtuple is deprecated, please use the python checks instead
  warnings.warn("is_namedtuple is deprecated, please use the python checks instead")
/usr/local/lib/python3.8/dist-packages/torch/nn/parallel/scatter_gather.py:9: UserWarning: is_namedtuple is deprecated, please use the python checks instead
  warnings.warn("is_namedtuple is deprecated, please use the python checks instead")
