/usr/lib/python3/dist-packages/requests/__init__.py:89: RequestsDependencyWarning: urllib3 (1.26.12) or chardet (3.0.4) doesn't match a supported version!
  warnings.warn("urllib3 ({}) or chardet ({}) doesn't match a supported "
[W socket.cpp:601] [c10d] The client socket has failed to connect to [localhost]:12335 (errno: 99 - Cannot assign requested address).
Rank=1 done reading 61040125 embedding vectors from file /nvme/songxiaoniu/graph-learning/wholegraph/mag240m_homo/converted/homograph_csr_row_ptr
Rank=0 done reading 61040125 embedding vectors from file /nvme/songxiaoniu/graph-learning/wholegraph/mag240m_homo/converted/homograph_csr_row_ptr
Rank=3 done reading 61040125 embedding vectors from file /nvme/songxiaoniu/graph-learning/wholegraph/mag240m_homo/converted/homograph_csr_row_ptr
Rank=2 done reading 61040125 embedding vectors from file /nvme/songxiaoniu/graph-learning/wholegraph/mag240m_homo/converted/homograph_csr_row_ptr
Rank=1 done reading 863617956 embedding vectors from file /nvme/songxiaoniu/graph-learning/wholegraph/mag240m_homo/converted/homograph_csr_col_idx
Rank=3 done reading 863617956 embedding vectors from file /nvme/songxiaoniu/graph-learning/wholegraph/mag240m_homo/converted/homograph_csr_col_idx
Rank=2 done reading 863617956 embedding vectors from file /nvme/songxiaoniu/graph-learning/wholegraph/mag240m_homo/converted/homograph_csr_col_idx
Rank=0 done reading 863617956 embedding vectors from file /nvme/songxiaoniu/graph-learning/wholegraph/mag240m_homo/converted/homograph_csr_col_idx
[2023-04-12 04:31:11.650425: E /samgraph/3rdparty/collcachelib/coll_cache_lib/freq_recorder.cc:337] bulk append 1399601 into 0
[2023-04-12 04:31:11.657231: E /samgraph/3rdparty/collcachelib/coll_cache_lib/freq_recorder.cc:347] bulk append 7941031
[2023-04-12 04:31:11.657550: E /samgraph/3rdparty/collcachelib/coll_cache_lib/freq_recorder.cc:337] bulk append 1396970 into 1399601
[2023-04-12 04:31:11.664289: E /samgraph/3rdparty/collcachelib/coll_cache_lib/freq_recorder.cc:347] bulk append 7933779
[2023-04-12 04:31:11.664605: E /samgraph/3rdparty/collcachelib/coll_cache_lib/freq_recorder.cc:337] bulk append 1398418 into 2796571
[2023-04-12 04:31:11.671349: E /samgraph/3rdparty/collcachelib/coll_cache_lib/freq_recorder.cc:347] bulk append 7935256
[2023-04-12 04:31:11.671667: E /samgraph/3rdparty/collcachelib/coll_cache_lib/freq_recorder.cc:337] bulk append 1398194 into 4194989
[2023-04-12 04:31:11.678398: E /samgraph/3rdparty/collcachelib/coll_cache_lib/freq_recorder.cc:347] bulk append 7940948
[2023-04-12 04:31:11.678724: E /samgraph/3rdparty/collcachelib/coll_cache_lib/freq_recorder.cc:337] bulk append 1397030 into 5593183
[2023-04-12 04:31:11.685444: E /samgraph/3rdparty/collcachelib/coll_cache_lib/freq_recorder.cc:347] bulk append 7958469
[2023-04-12 04:31:11.685759: E /samgraph/3rdparty/collcachelib/coll_cache_lib/freq_recorder.cc:337] bulk append 1396205 into 6990213
[2023-04-12 04:31:11.692489: E /samgraph/3rdparty/collcachelib/coll_cache_lib/freq_recorder.cc:347] bulk append 7940824
[2023-04-12 04:31:11.692805: E /samgraph/3rdparty/collcachelib/coll_cache_lib/freq_recorder.cc:337] bulk append 1395567 into 8386418
[2023-04-12 04:31:11.699534: E /samgraph/3rdparty/collcachelib/coll_cache_lib/freq_recorder.cc:347] bulk append 7914396
[2023-04-12 04:31:11.699847: E /samgraph/3rdparty/collcachelib/coll_cache_lib/freq_recorder.cc:337] bulk append 1396586 into 9781985
[2023-04-12 04:31:11.706580: E /samgraph/3rdparty/collcachelib/coll_cache_lib/freq_recorder.cc:347] bulk append 7955210
[2023-04-12 04:31:11.706892: E /samgraph/3rdparty/collcachelib/coll_cache_lib/freq_recorder.cc:337] bulk append 1397869 into 11178571
[2023-04-12 04:31:11.713608: E /samgraph/3rdparty/collcachelib/coll_cache_lib/freq_recorder.cc:347] bulk append 7944879
[2023-04-12 04:31:11.713920: E /samgraph/3rdparty/collcachelib/coll_cache_lib/freq_recorder.cc:337] bulk append 1398233 into 12576440
[2023-04-12 04:31:11.720659: E /samgraph/3rdparty/collcachelib/coll_cache_lib/freq_recorder.cc:347] bulk append 7939017
[2023-04-12 04:31:11.721017: E /samgraph/3rdparty/collcachelib/coll_cache_lib/freq_recorder.cc:337] bulk append 1399900 into 13974673
[2023-04-12 04:31:11.727836: E /samgraph/3rdparty/collcachelib/coll_cache_lib/freq_recorder.cc:347] bulk append 7937204
[2023-04-12 04:31:11.728159: E /samgraph/3rdparty/collcachelib/coll_cache_lib/freq_recorder.cc:337] bulk append 1398936 into 15374573
[2023-04-12 04:31:11.734895: E /samgraph/3rdparty/collcachelib/coll_cache_lib/freq_recorder.cc:347] bulk append 7931633
[2023-04-12 04:31:11.735214: E /samgraph/3rdparty/collcachelib/coll_cache_lib/freq_recorder.cc:337] bulk append 1398130 into 16773509
[2023-04-12 04:31:11.742638: E /samgraph/3rdparty/collcachelib/coll_cache_lib/freq_recorder.cc:347] bulk append 7937598
[2023-04-12 04:31:11.742956: E /samgraph/3rdparty/collcachelib/coll_cache_lib/freq_recorder.cc:337] bulk append 1399656 into 18171639
[2023-04-12 04:31:11.750373: E /samgraph/3rdparty/collcachelib/coll_cache_lib/freq_recorder.cc:347] bulk append 7941286
[2023-04-12 04:31:11.750703: E /samgraph/3rdparty/collcachelib/coll_cache_lib/freq_recorder.cc:337] bulk append 1398456 into 19571295
[2023-04-12 04:31:11.758108: E /samgraph/3rdparty/collcachelib/coll_cache_lib/freq_recorder.cc:347] bulk append 7957120
[2023-04-12 04:31:11.758426: E /samgraph/3rdparty/collcachelib/coll_cache_lib/freq_recorder.cc:337] bulk append 1399286 into 20969751
[2023-04-12 04:31:11.765845: E /samgraph/3rdparty/collcachelib/coll_cache_lib/freq_recorder.cc:347] bulk append 7945519
[2023-04-12 04:31:11.766163: E /samgraph/3rdparty/collcachelib/coll_cache_lib/freq_recorder.cc:337] bulk append 1396717 into 22369037
[2023-04-12 04:31:11.772882: E /samgraph/3rdparty/collcachelib/coll_cache_lib/freq_recorder.cc:347] bulk append 7916532
[2023-04-12 04:31:11.773199: E /samgraph/3rdparty/collcachelib/coll_cache_lib/freq_recorder.cc:337] bulk append 1398275 into 23765754
[2023-04-12 04:31:11.779935: E /samgraph/3rdparty/collcachelib/coll_cache_lib/freq_recorder.cc:347] bulk append 7958445
[2023-04-12 04:31:11.780248: E /samgraph/3rdparty/collcachelib/coll_cache_lib/freq_recorder.cc:337] bulk append 1397184 into 25164029
[2023-04-12 04:31:11.787659: E /samgraph/3rdparty/collcachelib/coll_cache_lib/freq_recorder.cc:347] bulk append 7945514
[2023-04-12 04:31:11.787970: E /samgraph/3rdparty/collcachelib/coll_cache_lib/freq_recorder.cc:337] bulk append 1398481 into 26561213
[2023-04-12 04:31:11.794704: E /samgraph/3rdparty/collcachelib/coll_cache_lib/freq_recorder.cc:347] bulk append 7940958
[2023-04-12 04:31:11.795037: E /samgraph/3rdparty/collcachelib/coll_cache_lib/freq_recorder.cc:337] bulk append 1397897 into 27959694
[2023-04-12 04:31:11.802794: E /samgraph/3rdparty/collcachelib/coll_cache_lib/freq_recorder.cc:347] bulk append 7942968
[2023-04-12 04:31:11.803121: E /samgraph/3rdparty/collcachelib/coll_cache_lib/freq_recorder.cc:337] bulk append 1396795 into 29357591
[2023-04-12 04:31:11.809840: E /samgraph/3rdparty/collcachelib/coll_cache_lib/freq_recorder.cc:347] bulk append 7934199
[2023-04-12 04:31:11.810163: E /samgraph/3rdparty/collcachelib/coll_cache_lib/freq_recorder.cc:337] bulk append 1396464 into 30754386
[2023-04-12 04:31:11.816879: E /samgraph/3rdparty/collcachelib/coll_cache_lib/freq_recorder.cc:347] bulk append 7934183
[2023-04-12 04:31:11.817200: E /samgraph/3rdparty/collcachelib/coll_cache_lib/freq_recorder.cc:337] bulk append 1396908 into 32150850
[2023-04-12 04:31:11.823928: E /samgraph/3rdparty/collcachelib/coll_cache_lib/freq_recorder.cc:347] bulk append 7944641
[2023-04-12 04:31:11.824250: E /samgraph/3rdparty/collcachelib/coll_cache_lib/freq_recorder.cc:337] bulk append 1397063 into 33547758
[2023-04-12 04:31:11.830969: E /samgraph/3rdparty/collcachelib/coll_cache_lib/freq_recorder.cc:347] bulk append 7958877
[2023-04-12 04:31:11.831291: E /samgraph/3rdparty/collcachelib/coll_cache_lib/freq_recorder.cc:337] bulk append 1396855 into 34944821
[2023-04-12 04:31:11.837997: E /samgraph/3rdparty/collcachelib/coll_cache_lib/freq_recorder.cc:347] bulk append 7941516
[2023-04-12 04:31:11.838320: E /samgraph/3rdparty/collcachelib/coll_cache_lib/freq_recorder.cc:337] bulk append 1395806 into 36341676
[2023-04-12 04:31:11.845054: E /samgraph/3rdparty/collcachelib/coll_cache_lib/freq_recorder.cc:347] bulk append 7916084
[2023-04-12 04:31:11.845368: E /samgraph/3rdparty/collcachelib/coll_cache_lib/freq_recorder.cc:337] bulk append 1396275 into 37737482
[2023-04-12 04:31:11.852077: E /samgraph/3rdparty/collcachelib/coll_cache_lib/freq_recorder.cc:347] bulk append 7954524
[2023-04-12 04:31:11.852388: E /samgraph/3rdparty/collcachelib/coll_cache_lib/freq_recorder.cc:337] bulk append 1396479 into 39133757
[2023-04-12 04:31:11.859113: E /samgraph/3rdparty/collcachelib/coll_cache_lib/freq_recorder.cc:347] bulk append 7948468
[2023-04-12 04:31:11.859435: E /samgraph/3rdparty/collcachelib/coll_cache_lib/freq_recorder.cc:337] bulk append 1397352 into 40530236
[2023-04-12 04:31:11.866150: E /samgraph/3rdparty/collcachelib/coll_cache_lib/freq_recorder.cc:347] bulk append 7944480
[2023-04-12 04:31:11.866485: E /samgraph/3rdparty/collcachelib/coll_cache_lib/freq_recorder.cc:337] bulk append 1400721 into 41927588
[2023-04-12 04:31:11.874311: E /samgraph/3rdparty/collcachelib/coll_cache_lib/freq_recorder.cc:347] bulk append 7943373
[2023-04-12 04:31:11.874648: E /samgraph/3rdparty/collcachelib/coll_cache_lib/freq_recorder.cc:337] bulk append 1399383 into 43328309
[2023-04-12 04:31:11.881387: E /samgraph/3rdparty/collcachelib/coll_cache_lib/freq_recorder.cc:347] bulk append 7934971
[2023-04-12 04:31:11.881708: E /samgraph/3rdparty/collcachelib/coll_cache_lib/freq_recorder.cc:337] bulk append 1399272 into 44727692
[2023-04-12 04:31:11.889113: E /samgraph/3rdparty/collcachelib/coll_cache_lib/freq_recorder.cc:347] bulk append 7940112
[2023-04-12 04:31:11.889435: E /samgraph/3rdparty/collcachelib/coll_cache_lib/freq_recorder.cc:337] bulk append 1400173 into 46126964
[2023-04-12 04:31:11.896189: E /samgraph/3rdparty/collcachelib/coll_cache_lib/freq_recorder.cc:347] bulk append 7944951
[2023-04-12 04:31:11.896513: E /samgraph/3rdparty/collcachelib/coll_cache_lib/freq_recorder.cc:337] bulk append 1400116 into 47527137
[2023-04-12 04:31:11.903264: E /samgraph/3rdparty/collcachelib/coll_cache_lib/freq_recorder.cc:347] bulk append 7960514
[2023-04-12 04:31:11.903586: E /samgraph/3rdparty/collcachelib/coll_cache_lib/freq_recorder.cc:337] bulk append 1398771 into 48927253
[2023-04-12 04:31:11.910986: E /samgraph/3rdparty/collcachelib/coll_cache_lib/freq_recorder.cc:347] bulk append 7944999
[2023-04-12 04:31:11.911312: E /samgraph/3rdparty/collcachelib/coll_cache_lib/freq_recorder.cc:337] bulk append 1398833 into 50326024
[2023-04-12 04:31:11.918704: E /samgraph/3rdparty/collcachelib/coll_cache_lib/freq_recorder.cc:347] bulk append 7926376
[2023-04-12 04:31:11.919026: E /samgraph/3rdparty/collcachelib/coll_cache_lib/freq_recorder.cc:337] bulk append 1399278 into 51724857
[2023-04-12 04:31:11.926411: E /samgraph/3rdparty/collcachelib/coll_cache_lib/freq_recorder.cc:347] bulk append 7958991
[2023-04-12 04:31:11.926739: E /samgraph/3rdparty/collcachelib/coll_cache_lib/freq_recorder.cc:337] bulk append 1399224 into 53124135
[2023-04-12 04:31:11.933472: E /samgraph/3rdparty/collcachelib/coll_cache_lib/freq_recorder.cc:347] bulk append 7947912
[2023-04-12 04:31:11.933788: E /samgraph/3rdparty/collcachelib/coll_cache_lib/freq_recorder.cc:337] bulk append 1399740 into 54523359
[2023-04-12 04:31:11.940543: E /samgraph/3rdparty/collcachelib/coll_cache_lib/freq_recorder.cc:347] bulk append 7947311
[2023-04-12 04:31:11.940863: E /samgraph/3rdparty/collcachelib/coll_cache_lib/freq_recorder.cc:266] freq recorder global combining
[2023-04-12 04:31:11.940898: E [/samgraph/3rdparty/collcachelib/coll_cache_lib/run_config.cc[2023-04-12 04:31:11:2023-04-12 04:31:11.140.940915] 940917: using concurrent impl MPSPhase: E
E  /samgraph/3rdparty/collcachelib/coll_cache_lib/run_config.cc/samgraph/3rdparty/collcachelib/coll_cache_lib/run_config.cc::[1401402023-04-12 04:31:11] ] .using concurrent impl MPSPhaseusing concurrent impl MPSPhase940991

: E [/samgraph/3rdparty/collcachelib/coll_cache_lib/facade.cc[2023-04-12 04:31:11:2023-04-12 04:31:11.409.941045] 941048: before scale, dtype is 0, dim is 384: E
E  /samgraph/3rdparty/collcachelib/coll_cache_lib/facade.cc[/samgraph/3rdparty/collcachelib/coll_cache_lib/facade.cc:2023-04-12 04:31:11:409.409] 941125] before scale, dtype is 0, dim is 384: before scale, dtype is 0, dim is 384
E
 [/samgraph/3rdparty/collcachelib/coll_cache_lib/facade.cc[2023-04-12 04:31:11:2023-04-12 04:31:11.415.941186] 941193: after scale, dtype is 7, new dim is 96: E
E  /samgraph/3rdparty/collcachelib/coll_cache_lib/facade.cc/samgraph/3rdparty/collcachelib/coll_cache_lib/facade.cc::415415] ] after scale, dtype is 7, new dim is 96after scale, dtype is 7, new dim is 96

[2023-04-12 04:31:11.942146: E /samgraph/3rdparty/collcachelib/coll_cache_lib/coll_cache/asymm_link_desc.cc:201] assigning 8 to cpu
[2023-04-12 04:31:11.942176: E /samgraph/3rdparty/collcachelib/coll_cache_lib/coll_cache/asymm_link_desc.cc:201[[] 2023-04-12 04:31:112023-04-12 04:31:11assigning 8 to cpu..
942193942198: : EE  /samgraph/3rdparty/collcachelib/coll_cache_lib/coll_cache/asymm_link_desc.cc[/samgraph/3rdparty/collcachelib/coll_cache_lib/coll_cache/asymm_link_desc.cc:2023-04-12 04:31:11:218.201] 942256] build symm link desc with 4X Tesla V100-SXM2-16GB out of 4: assigning 8 to cpu
E
 /samgraph/3rdparty/collcachelib/coll_cache_lib/coll_cache/asymm_link_desc.cc:218] build symm link desc with 4X Tesla V100-SXM2-16GB out of 4
[2023-04-12 04:31:11.942333: [E[2023-04-12 04:31:11 2023-04-12 04:31:11./samgraph/3rdparty/collcachelib/coll_cache_lib/coll_cache/asymm_link_desc.cc.942340:942350: 219: E] E remote time is 9.21053 /samgraph/3rdparty/collcachelib/coll_cache_lib/coll_cache/asymm_link_desc.cc
/samgraph/3rdparty/collcachelib/coll_cache_lib/coll_cache/asymm_link_desc.cc::218219[] ] 2023-04-12 04:31:11build symm link desc with 4X Tesla V100-SXM2-16GB out of 4remote time is 9.21053.

942437: E [/samgraph/3rdparty/collcachelib/coll_cache_lib/coll_cache/asymm_link_desc.cc[2023-04-12 04:31:11:.2202023-04-12 04:31:11942482] .: cpu time is 31.8182942484E
:  E/samgraph/3rdparty/collcachelib/coll_cache_lib/coll_cache/asymm_link_desc.cc :/samgraph/3rdparty/collcachelib/coll_cache_lib/coll_cache/asymm_link_desc.cc220:] 219[cpu time is 31.8182] 2023-04-12 04:31:11
remote time is 9.21053.
942573: E /samgraph/3rdparty/collcachelib/coll_cache_lib/facade.cc[:2023-04-12 04:31:11[425.2023-04-12 04:31:11] 942617.registering cpu data with 24.00 GB: 942619
E:  E/samgraph/3rdparty/collcachelib/coll_cache_lib/coll_cache/asymm_link_desc.cc :/samgraph/3rdparty/collcachelib/coll_cache_lib/facade.cc220:] 425cpu time is 31.8182] 
registering cpu data with 24.00 GB
[2023-04-12 04:31:11.942716: E /samgraph/3rdparty/collcachelib/coll_cache_lib/facade.cc:425] registering cpu data with 24.00 GB
[2023-04-12 04:31:14.651744: E /samgraph/3rdparty/collcachelib/coll_cache_lib/freq_recorder.cc:269] freq recorder global combine from 55923099 to 23665040
[2023-04-12 04:31:15.710607: E /samgraph/3rdparty/collcachelib/coll_cache_lib/facade.cc:427] registering cpu data done.
[2023-04-12 04:31:15.711383: E /samgraph/3rdparty/collcachelib/coll_cache_lib/facade.cc:427] registering cpu data done.
[2023-04-12 04:31:15.728245: E /samgraph/3rdparty/collcachelib/coll_cache_lib/facade.cc:427] registering cpu data done.
[2023-04-12 04:31:17.226739: E /samgraph/3rdparty/collcachelib/coll_cache_lib/freq_recorder.cc:286] top 5 freq is 552,552,552,552,552
[2023-04-12 04:31:17.226901: E /samgraph/3rdparty/collcachelib/coll_cache_lib/run_config.cc:140] using concurrent impl MPSPhase
[2023-04-12 04:31:17.226934: E /samgraph/3rdparty/collcachelib/coll_cache_lib/facade.cc:409] before scale, dtype is 0, dim is 384
[2023-04-12 04:31:17.226962: E /samgraph/3rdparty/collcachelib/coll_cache_lib/facade.cc:415] after scale, dtype is 7, new dim is 96
[2023-04-12 04:31:17.227262: E /samgraph/3rdparty/collcachelib/coll_cache_lib/coll_cache/asymm_link_desc.cc:201] assigning 8 to cpu
[2023-04-12 04:31:17.227303: E /samgraph/3rdparty/collcachelib/coll_cache_lib/coll_cache/asymm_link_desc.cc:218] build symm link desc with 4X Tesla V100-SXM2-16GB out of 4
[2023-04-12 04:31:17.227359: E /samgraph/3rdparty/collcachelib/coll_cache_lib/coll_cache/asymm_link_desc.cc:219] remote time is 9.21053
[2023-04-12 04:31:17.227388: E /samgraph/3rdparty/collcachelib/coll_cache_lib/coll_cache/asymm_link_desc.cc:220] cpu time is 31.8182
[2023-04-12 04:31:17.227435: E /samgraph/3rdparty/collcachelib/coll_cache_lib/facade.cc:425] registering cpu data with 24.00 GB
[2023-04-12 04:31:19.157214: E /samgraph/3rdparty/collcachelib/coll_cache_lib/facade.cc:427] registering cpu data done.
[2023-04-12 04:31:19.157310: E /samgraph/3rdparty/collcachelib/coll_cache_lib/facade.cc:174] creating solver
[2023-04-12 04:31:19.157344: E /samgraph/3rdparty/collcachelib/coll_cache_lib/facade.cc:214] solver created. now build & solve
[2023-04-12 04:31:19.258688: W /samgraph/3rdparty/collcachelib/coll_cache_lib/cpu/cpu_device.cc:43] WORKER[0] alloc host memory 931.40 MB
[2023-04-12 04:31:19.258765: E /samgraph/3rdparty/collcachelib/coll_cache_lib/coll_cache/optimal_solver_class.cc:296] reconfigured max freq to be 552
[2023-04-12 04:31:19.258795: E /samgraph/3rdparty/collcachelib/coll_cache_lib/coll_cache/optimal_solver_class.cc:298] reconfigured num slot to be 35
[2023-04-12 04:31:19.258822: W /samgraph/3rdparty/collcachelib/coll_cache_lib/coll_cache/optimal_solver_class.cc:305] counting slots...
[2023-04-12 04:31:19.849578: W /samgraph/3rdparty/collcachelib/coll_cache_lib/coll_cache/optimal_solver_class.cc:345] Final num slot is 31
[2023-04-12 04:31:19.849699: W /samgraph/3rdparty/collcachelib/coll_cache_lib/coll_cache/optimal_solver_class.cc:349] preparing block granularity...
[2023-04-12 04:31:19.849734: E /samgraph/3rdparty/collcachelib/coll_cache_lib/coll_cache/optimal_solver_class.cc:377] slot 0 has 4930 nodes, max_size set to 1233, #slice=4
[2023-04-12 04:31:19.849766: E /samgraph/3rdparty/collcachelib/coll_cache_lib/coll_cache/optimal_solver_class.cc:377] slot 1 has 6467 nodes, max_size set to 1617, #slice=4
[2023-04-12 04:31:19.849798: E /samgraph/3rdparty/collcachelib/coll_cache_lib/coll_cache/optimal_solver_class.cc:377] slot 2 has 11016 nodes, max_size set to 2754, #slice=4
[2023-04-12 04:31:19.849830: E /samgraph/3rdparty/collcachelib/coll_cache_lib/coll_cache/optimal_solver_class.cc:377] slot 3 has 18494 nodes, max_size set to 4624, #slice=4
[2023-04-12 04:31:19.849862: E /samgraph/3rdparty/collcachelib/coll_cache_lib/coll_cache/optimal_solver_class.cc:377] slot 4 has 32055 nodes, max_size set to 8014, #slice=4
[2023-04-12 04:31:19.849893: E /samgraph/3rdparty/collcachelib/coll_cache_lib/coll_cache/optimal_solver_class.cc:377] slot 5 has 52558 nodes, max_size set to 13140, #slice=4
[2023-04-12 04:31:19.849925: E /samgraph/3rdparty/collcachelib/coll_cache_lib/coll_cache/optimal_solver_class.cc:377] slot 6 has 79991 nodes, max_size set to 19998, #slice=4
[2023-04-12 04:31:19.849956: E /samgraph/3rdparty/collcachelib/coll_cache_lib/coll_cache/optimal_solver_class.cc:377] slot 7 has 119757 nodes, max_size set to 29940, #slice=4
[2023-04-12 04:31:19.849988: E /samgraph/3rdparty/collcachelib/coll_cache_lib/coll_cache/optimal_solver_class.cc:377] slot 8 has 166342 nodes, max_size set to 41586, #slice=4
[2023-04-12 04:31:19.850020: E /samgraph/3rdparty/collcachelib/coll_cache_lib/coll_cache/optimal_solver_class.cc:377] slot 9 has 193629 nodes, max_size set to 48408, #slice=4
[2023-04-12 04:31:19.850051: E /samgraph/3rdparty/collcachelib/coll_cache_lib/coll_cache/optimal_solver_class.cc:377] slot 10 has 245459 nodes, max_size set to 61365, #slice=4
[2023-04-12 04:31:19.850083: E /samgraph/3rdparty/collcachelib/coll_cache_lib/coll_cache/optimal_solver_class.cc:377] slot 11 has 297009 nodes, max_size set to 74253, #slice=4
[2023-04-12 04:31:19.850114: E /samgraph/3rdparty/collcachelib/coll_cache_lib/coll_cache/optimal_solver_class.cc:377] slot 12 has 313146 nodes, max_size set to 78287, #slice=4
[2023-04-12 04:31:19.850146: E /samgraph/3rdparty/collcachelib/coll_cache_lib/coll_cache/optimal_solver_class.cc:377] slot 13 has 378512 nodes, max_size set to 94628, #slice=4
[2023-04-12 04:31:19.850192: E /samgraph/3rdparty/collcachelib/coll_cache_lib/coll_cache/optimal_solver_class.cc:377] slot 14 has 394873 nodes, max_size set to 98719, #slice=4
[2023-04-12 04:31:19.850224: E /samgraph/3rdparty/collcachelib/coll_cache_lib/coll_cache/optimal_solver_class.cc:377] slot 15 has 447051 nodes, max_size set to 447051, #slice=1
[2023-04-12 04:31:19.850256: E /samgraph/3rdparty/collcachelib/coll_cache_lib/coll_cache/optimal_solver_class.cc:377] slot 16 has 492379 nodes, max_size set to 492379, #slice=1
[2023-04-12 04:31:19.850287: E /samgraph/3rdparty/collcachelib/coll_cache_lib/coll_cache/optimal_solver_class.cc:377] slot 17 has 515374 nodes, max_size set to 515374, #slice=1
[2023-04-12 04:31:19.850319: E /samgraph/3rdparty/collcachelib/coll_cache_lib/coll_cache/optimal_solver_class.cc:377] slot 18 has 493193 nodes, max_size set to 493193, #slice=1
[2023-04-12 04:31:19.850351: E /samgraph/3rdparty/collcachelib/coll_cache_lib/coll_cache/optimal_solver_class.cc:377] slot 19 has 627703 nodes, max_size set to 627703, #slice=1
[2023-04-12 04:31:19.850382: E /samgraph/3rdparty/collcachelib/coll_cache_lib/coll_cache/optimal_solver_class.cc:377] slot 20 has 842932 nodes, max_size set to 842932, #slice=1
[2023-04-12 04:31:19.850414: E /samgraph/3rdparty/collcachelib/coll_cache_lib/coll_cache/optimal_solver_class.cc:377] slot 21 has 750403 nodes, max_size set to 750403, #slice=1
[2023-04-12 04:31:19.850445: E /samgraph/3rdparty/collcachelib/coll_cache_lib/coll_cache/optimal_solver_class.cc:377] slot 22 has 456313 nodes, max_size set to 456313, #slice=1
[2023-04-12 04:31:19.850477: E /samgraph/3rdparty/collcachelib/coll_cache_lib/coll_cache/optimal_solver_class.cc:377] slot 23 has 1183212 nodes, max_size set to 1183212, #slice=1
[2023-04-12 04:31:19.850529: E /samgraph/3rdparty/collcachelib/coll_cache_lib/coll_cache/optimal_solver_class.cc:377] slot 24 has 806565 nodes, max_size set to 806565, #slice=1
[2023-04-12 04:31:19.850562: E /samgraph/3rdparty/collcachelib/coll_cache_lib/coll_cache/optimal_solver_class.cc:377] slot 25 has 997534 nodes, max_size set to 997534, #slice=1
[2023-04-12 04:31:19.850593: E /samgraph/3rdparty/collcachelib/coll_cache_lib/coll_cache/optimal_solver_class.cc:377] slot 27 has 1404608 nodes, max_size set to 1404608, #slice=1
[2023-04-12 04:31:19.850625: E /samgraph/3rdparty/collcachelib/coll_cache_lib/coll_cache/optimal_solver_class.cc:377] slot 28 has 1923074 nodes, max_size set to 1923074, #slice=1
[2023-04-12 04:31:19.850657: E /samgraph/3rdparty/collcachelib/coll_cache_lib/coll_cache/optimal_solver_class.cc:377] slot 30 has 3749475 nodes, max_size set to 3749475, #slice=1
[2023-04-12 04:31:19.850689: E /samgraph/3rdparty/collcachelib/coll_cache_lib/coll_cache/optimal_solver_class.cc:377] slot 33 has 6660986 nodes, max_size set to 6660986, #slice=1
[2023-04-12 04:31:19.850720: E /samgraph/3rdparty/collcachelib/coll_cache_lib/coll_cache/optimal_solver_class.cc:377] slot 34 has 220495459 nodes, max_size set to 220495459, #slice=1
[2023-04-12 04:31:19.850752: W /samgraph/3rdparty/collcachelib/coll_cache_lib/coll_cache/optimal_solver_class.cc:383] counting blocks...
[2023-04-12 04:31:20.254355: W /samgraph/3rdparty/collcachelib/coll_cache_lib/coll_cache/optimal_solver_class.cc:403] Final num block is 76
[2023-04-12 04:31:20.254441: W /samgraph/3rdparty/collcachelib/coll_cache_lib/coll_cache/optimal_solver_class.cc:408] counting freq and density...
[2023-04-12 04:31:20.307905: W /samgraph/3rdparty/collcachelib/coll_cache_lib/coll_cache/optimal_solver_class.cc:458] averaging freq and density...
[2023-04-12 04:31:20.307997: W /samgraph/3rdparty/collcachelib/coll_cache_lib/coll_cache/optimal_solver_class.cc:459] 76
[2023-04-12 04:31:20.310793: E /samgraph/3rdparty/collcachelib/coll_cache_lib/facade.cc:218] solver built. now solve
[2023-04-12 04:31:20.310849: W /samgraph/3rdparty/collcachelib/coll_cache_lib/coll_cache/optimal_solver_class.cc:858] constructing optimal solver, device=4, stream=1
76 blocks, 4 devices
[2023-04-12 04:31:21.390717: W /samgraph/3rdparty/collcachelib/coll_cache_lib/coll_cache/optimal_solver_class.cc:1036] Add Var...
[2023-04-12 04:31:21.391609: W /samgraph/3rdparty/collcachelib/coll_cache_lib/coll_cache/optimal_solver_class.cc:1054] Capacity...
[2023-04-12 04:31:21.391714: W /samgraph/3rdparty/collcachelib/coll_cache_lib/coll_cache/optimal_solver_class.cc:1057] Connect CPU...
[2023-04-12 04:31:21.392466: W /samgraph/3rdparty/collcachelib/coll_cache_lib/coll_cache/optimal_solver_class.cc:1059] Connect Access To Storage...
[2023-04-12 04:31:21.399308: W /samgraph/3rdparty/collcachelib/coll_cache_lib/coll_cache/optimal_solver_class.cc:1063] Time...
[2023-04-12 04:31:21.399468: E /samgraph/3rdparty/collcachelib/coll_cache_lib/coll_cache/optimal_solver_class.cc:1025] dst 0, total sm is 80
[2023-04-12 04:31:21.399664: E /samgraph/3rdparty/collcachelib/coll_cache_lib/coll_cache/optimal_solver_class.cc:1025] dst 1, total sm is 80
[2023-04-12 04:31:21.399866: E /samgraph/3rdparty/collcachelib/coll_cache_lib/coll_cache/optimal_solver_class.cc:1025] dst 2, total sm is 80
[2023-04-12 04:31:21.400047: E /samgraph/3rdparty/collcachelib/coll_cache_lib/coll_cache/optimal_solver_class.cc:1025] dst 3, total sm is 80
[2023-04-12 04:31:21.450002: W /samgraph/3rdparty/collcachelib/coll_cache_lib/coll_cache/optimal_solver_class.cc:1082] Coll Cache init block placement array
[2023-04-12 04:31:21.450337: W /samgraph/3rdparty/collcachelib/coll_cache_lib/coll_cache/optimal_solver_class.cc:1158] Coll Cache init block placement array done
[2023-04-12 04:31:21.450401: W /samgraph/3rdparty/collcachelib/coll_cache_lib/coll_cache/optimal_solver_class.cc:1160] Coll Cache model reset done
[2023-04-12 04:31:21.452837: E /samgraph/3rdparty/collcachelib/coll_cache_lib/facade.cc:222] solver solved
[2023-04-12 04:31:21.452882: E /samgraph/3rdparty/collcachelib/coll_cache_lib/facade.cc:437] 0 solved master
[2023-04-12 04:31:21.452911: E /samgraph/3rdparty/collcachelib/coll_cache_lib/facade.cc:444] 0 solved
[2023-04-12 04:31:21.452938: E /samgraph/3rdparty/collcachelib/coll_cache_lib/facade.cc:447] worker 0 thread 0 initing device 0
[2023-04-12 04:31:21.453677: E /samgraph/3rdparty/collcachelib/coll_cache_lib/cache_context.cu:2308] Building Coll Cache with ... num gpu device is 4
[2023-04-12 04:31:21.453793: E /samgraph/3rdparty/collcachelib/coll_cache_lib/cuda/cache_hashtable.cuh:611] per src size local is 527490
[2023-04-12 04:31:21.497179: E /samgraph/3rdparty/collcachelib/coll_cache_lib/facade.cc:444] 2 solved
[2023-04-12 04:31:21.497232: E /samgraph/3rdparty/collcachelib/coll_cache_lib/facade.cc:447] worker 0 thread 2 initing device 2
[2023-04-12 04:31:21.497675: E /samgraph/3rdparty/collcachelib/coll_cache_lib/cache_context.cu:2308] Building Coll Cache with ... num gpu device is 4
[2023-04-12 04:31:21.497788: E /samgraph/3rdparty/collcachelib/coll_cache_lib/facade.cc:444] 3 solved
[2023-04-12 04:31:21.497842: E /samgraph/3rdparty/collcachelib/coll_cache_lib/facade.cc:447] worker 0 thread 3 initing device 3
[2023-04-12 04:31:21.497884: E /samgraph/3rdparty/collcachelib/coll_cache_lib/facade.cc:444] 1 solved
[2023-04-12 04:31:21.497949: E /samgraph/3rdparty/collcachelib/coll_cache_lib/facade.cc:447] worker 0 thread 1 initing device 1
[2023-04-12 04:31:21.498514: E /samgraph/3rdparty/collcachelib/coll_cache_lib/cache_context.cu:2308] Building Coll Cache with ... num gpu device is 4
[2023-04-12 04:31:21.499358: E /samgraph/3rdparty/collcachelib/coll_cache_lib/cache_context.cu:2308] Building Coll Cache with ... num gpu device is 4
[2023-04-12 04:31:21.523386: E /samgraph/3rdparty/collcachelib/coll_cache_lib/cache_context.cu:2350] num cpu nodes is 242241134
[2023-04-12 04:31:21.566455: E /samgraph/3rdparty/collcachelib/coll_cache_lib/cache_context.cu:2350] num cpu nodes is 242241134
[2023-04-12 04:31:21.574141: E /samgraph/3rdparty/collcachelib/coll_cache_lib/cache_context.cu:2350] num cpu nodes is 242241134
[2023-04-12 04:31:21.574779: E /samgraph/3rdparty/collcachelib/coll_cache_lib/cache_context.cu:2350] num cpu nodes is 242241134
[2023-04-12 04:31:21.593953: E /samgraph/3rdparty/collcachelib/coll_cache_lib/cuda/cache_hashtable.cu:355] create a hashtable with 1919365 possible elem, scale to 4194304
[2023-04-12 04:31:21.594027: E /samgraph/3rdparty/collcachelib/coll_cache_lib/cuda/cache_hashtable.cu:360] SimpleHashTable allocating 32.00 MB
[2023-04-12 04:31:21.628438: E /samgraph/3rdparty/collcachelib/coll_cache_lib/cuda/cache_hashtable.cu:355] create a hashtable with 1919365 possible elem, scale to 4194304
[2023-04-12 04:31:21.628496: E /samgraph/3rdparty/collcachelib/coll_cache_lib/cuda/cache_hashtable.cu:360] SimpleHashTable allocating 32.00 MB
[2023-04-12 04:31:21.638564: E /samgraph/3rdparty/collcachelib/coll_cache_lib/cuda/cache_hashtable.cu:355] create a hashtable with 1919365 possible elem, scale to 4194304
[2023-04-12 04:31:21.638617: E /samgraph/3rdparty/collcachelib/coll_cache_lib/cuda/cache_hashtable.cu:360] SimpleHashTable allocating 32.00 MB
[2023-04-12 04:31:21.639369: E /samgraph/3rdparty/collcachelib/coll_cache_lib/cuda/cache_hashtable.cu:355] create a hashtable with 1919365 possible elem, scale to 4194304
[2023-04-12 04:31:21.639418: E /samgraph/3rdparty/collcachelib/coll_cache_lib/cuda/cache_hashtable.cu:360] SimpleHashTable allocating 32.00 MB
[2023-04-12 04:31:21.654560: E /samgraph/3rdparty/collcachelib/coll_cache_lib/common.cc:107] too many mem allocated for forcescale?732481->252654
[2023-04-12 04:31:21.654932: E /samgraph/3rdparty/collcachelib/coll_cache_lib/common.cc:107] too many mem allocated for forcescale?732481->247899
[2023-04-12 04:31:21.655175: E /samgraph/3rdparty/collcachelib/coll_cache_lib/common.cc:107] too many mem allocated for forcescale?732481->244272
[2023-04-12 04:31:21.655376: E /samgraph/3rdparty/collcachelib/coll_cache_lib/common.cc:107] too many mem allocated for forcescale?732481->253035
[2023-04-12 04:31:21.673318: E /samgraph/3rdparty/collcachelib/coll_cache_lib/cache_context.cu:2427] Asymm Coll cache (policy: coll_cache_asymm_link) | local 479827 / 244160499 nodes ( 0.20 %~0.20 %) | remote 1439538 / 244160499 nodes ( 0.59 %) | cpu 242241134 / 244160499 nodes ( 99.21 %) | 1.05 GB | 0.174768 secs 
[[2023-04-12 04:31:212023-04-12 04:31:21..710556710555: : EE  /samgraph/3rdparty/collcachelib/coll_cache_lib/cache_context.cu/samgraph/3rdparty/collcachelib/coll_cache_lib/cache_context.cu::24272427] ] Asymm Coll cache (policy: coll_cache_asymm_link) | local 488209 / 244160499 nodes ( 0.20 %~0.20 %) | remote 1431156 / 244160499 nodes ( 0.59 %) | cpu 242241134 / 244160499 nodes ( 99.21 %) | 1.05 GB | 0.211137 secs Asymm Coll cache (policy: coll_cache_asymm_link) | local 479446 / 244160499 nodes ( 0.20 %~0.20 %) | remote 1439919 / 244160499 nodes ( 0.59 %) | cpu 242241134 / 244160499 nodes ( 99.21 %) | 1.05 GB | 0.256843 secs 

[2023-04-12 04:31:21.711042: W /samgraph/3rdparty/collcachelib/coll_cache_lib/cache_context.cu:3946] before create ctx, mem is 6.75 GB
[2023-04-12 04:31:21.711269: E /samgraph/3rdparty/collcachelib/coll_cache_lib/cache_context.cu:2427] Asymm Coll cache (policy: coll_cache_asymm_link) | local 484582 / 244160499 nodes ( 0.20 %~0.20 %) | remote 1434783 / 244160499 nodes ( 0.59 %) | cpu 242241134 / 244160499 nodes ( 99.21 %) | 1.05 GB | 0.213561 secs 
[2023-04-12 04:31:21.742984: W /samgraph/3rdparty/collcachelib/coll_cache_lib/cache_context.cu:3946] before create ctx, mem is 6.75 GB
[2023-04-12 04:31:21.743074: W /samgraph/3rdparty/collcachelib/coll_cache_lib/cache_context.cu:3946] before create ctx, mem is 6.75 GB
[2023-04-12 04:31:21.743273: W /samgraph/3rdparty/collcachelib/coll_cache_lib/cache_context.cu:3946] before create ctx, mem is 6.75 GB
[2023-04-12 04:31:26.390290: W /samgraph/3rdparty/collcachelib/coll_cache_lib/cache_context.cu:3946] after create ctx, mem is 8.28 GB
[2023-04-12 04:31:26.390478: W /samgraph/3rdparty/collcachelib/coll_cache_lib/cache_context.cu:3946] after create stream, mem is 8.29 GB
[2023-04-12 04:31:26.774252: W /samgraph/3rdparty/collcachelib/coll_cache_lib/cache_context.cu:3946] after create ctx, mem is 8.41 GB
[2023-04-12 04:31:26.774367: W /samgraph/3rdparty/collcachelib/coll_cache_lib/cache_context.cu:3946] after create stream, mem is 8.41 GB
[2023-04-12 04:31:26.807468: W /samgraph/3rdparty/collcachelib/coll_cache_lib/cache_context.cu:3946] after create ctx, mem is 8.42 GB
[2023-04-12 04:31:26.807602: W /samgraph/3rdparty/collcachelib/coll_cache_lib/cache_context.cu:3946] after create stream, mem is 8.42 GB
[2023-04-12 04:31:27.  7633: W /samgraph/3rdparty/collcachelib/coll_cache_lib/cache_context.cu:3946] after create ctx, mem is 8.48 GB
[2023-04-12 04:31:27.  7745: W /samgraph/3rdparty/collcachelib/coll_cache_lib/cache_context.cu:3946] after create stream, mem is 8.48 GB
/usr/local/lib/python3.8/dist-packages/torch/nn/parallel/scatter_gather.py:9: UserWarning: is_namedtuple is deprecated, please use the python checks instead
  warnings.warn("is_namedtuple is deprecated, please use the python checks instead")
/usr/local/lib/python3.8/dist-packages/torch/nn/parallel/scatter_gather.py:9: UserWarning: is_namedtuple is deprecated, please use the python checks instead
  warnings.warn("is_namedtuple is deprecated, please use the python checks instead")
/usr/local/lib/python3.8/dist-packages/torch/nn/parallel/scatter_gather.py:9: UserWarning: is_namedtuple is deprecated, please use the python checks instead
  warnings.warn("is_namedtuple is deprecated, please use the python checks instead")
/usr/local/lib/python3.8/dist-packages/torch/nn/parallel/scatter_gather.py:9: UserWarning: is_namedtuple is deprecated, please use the python checks instead
  warnings.warn("is_namedtuple is deprecated, please use the python checks instead")
