succeed=True
[CUDA] cuda: usage: 5.63 GB
0 :  {link #0 : 1}, {link #1 : 2}, {link #2 : 3},
1 :  {link #0 : 2}, {link #1 : 3}, {link #2 : 0},
2 :  {link #0 : 3}, {link #1 : 0}, {link #2 : 1},
3 :  {link #0 : 0}, {link #1 : 1}, {link #2 : 2},
0 :  {link #0 : 1}, {link #1 : 2}, {link #2 : 3},
1 :  {link #0 : 2}, {link #1 : 3}, {link #2 : 0},
2 :  {link #0 : 3}, {link #1 : 0}, {link #2 : 1},
3 :  {link #0 : 0}, {link #1 : 1}, {link #2 : 2},
0 :  {link #0 : 1}, {link #1 : 2}, {link #2 : 3},
1 :  {link #0 : 2}, {link #1 : 3}, {link #2 : 0},
2 :  {link #0 : 3}, {link #1 : 0}, {link #2 : 1},
3 :  {link #0 : 0}, {link #1 : 1}, {link #2 : 2},
0 : local 80, cpu 0 {link #0 : g1 0}, {link #1 : g2 0}, {link #2 : g3 0},
1 : local 80, cpu 0 {link #0 : g2 0}, {link #1 : g3 0}, {link #2 : g0 0},
2 : local 80, cpu 0 {link #0 : g3 0}, {link #1 : g0 0}, {link #2 : g1 0},
3 : local 80, cpu 0 {link #0 : g0 0}, {link #1 : g1 0}, {link #2 : g2 0},
0 : local 80, cpu 0 {link #0 : g1 0}, {link #1 : g2 0}, {link #2 : g3 0},
1 : local 80, cpu 0 {link #0 : g2 0}, {link #1 : g3 0}, {link #2 : g0 0},
2 : local 80, cpu 0 {link #0 : g3 0}, {link #1 : g0 0}, {link #2 : g1 0},
3 : local 80, cpu 0 {link #0 : g0 0}, {link #1 : g1 0}, {link #2 : g2 0},
0 : local 80, cpu 0 {link #0 : g1 0}, {link #1 : g2 0}, {link #2 : g3 0},
1 : local 80, cpu 0 {link #0 : g2 0}, {link #1 : g3 0}, {link #2 : g0 0},
2 : local 80, cpu 0 {link #0 : g3 0}, {link #1 : g0 0}, {link #2 : g1 0},
3 : local 80, cpu 0 {link #0 : g0 0}, {link #1 : g1 0}, {link #2 : g2 0},
0 :  {link #0 : 1}, {link #1 : 2}, {link #2 : 3},
1 :  {link #0 : 2}, {link #1 : 3}, {link #2 : 0},
2 :  {link #0 : 3}, {link #1 : 0}, {link #2 : 1},
3 :  {link #0 : 0}, {link #1 : 1}, {link #2 : 2},
0 : local 80, cpu 0 {link #0 : g1 0}, {link #1 : g2 0}, {link #2 : g3 0},
1 : local 80, cpu 0 {link #0 : g2 0}, {link #1 : g3 0}, {link #2 : g0 0},
2 : local 80, cpu 0 {link #0 : g3 0}, {link #1 : g0 0}, {link #2 : g1 0},
3 : local 80, cpu 0 {link #0 : g0 0}, {link #1 : g1 0}, {link #2 : g2 0},
Set parameter WLSAccessID
Set parameter WLSSecret
Set parameter LicenseID
Set parameter TimeLimit to value 200
Set parameter MIPGap to value 0.05
Set parameter LogFile to value "cppsolver.log"
Set parameter Threads to value 40
Academic license - for non-commercial use only - registered to xiaoniu.sxn@sjtu.edu.cn
Gurobi Optimizer version 9.5.1 build v9.5.1rc2 (linux64)
Thread count: 40 physical cores, 80 logical processors, using up to 40 threads
Academic license - for non-commercial use only - registered to xiaoniu.sxn@sjtu.edu.cn
Optimize a model with 4912 rows, 1603 columns and 13184 nonzeros
Model fingerprint: 0x8f723cef
Variable types: 5 continuous, 1598 integer (1598 binary)
Coefficient statistics:
  Matrix range     [2e-09, 2e+02]
  Objective range  [1e+00, 1e+00]
  Bounds range     [1e+00, 1e+00]
  RHS range        [2e-01, 8e+01]
Found heuristic solution: objective 2.000000e+09
Presolve removed 3916 rows and 549 columns
Presolve time: 0.01s
Presolved: 996 rows, 1054 columns, 2976 nonzeros
Found heuristic solution: objective 3514.9177463
Variable types: 0 continuous, 1054 integer (1054 binary)

Root relaxation: objective 1.903012e+03, 806 iterations, 0.01 seconds (0.00 work units)

    Nodes    |    Current Node    |     Objective Bounds      |     Work
 Expl Unexpl |  Obj  Depth IntInf | Incumbent    BestBd   Gap | It/Node Time

     0     0 1903.01220    0   21 3514.91775 1903.01220  45.9%     -    0s
H    0     0                    2029.0645616 1903.01220  6.21%     -    0s
H    0     0                    1920.0491464 1903.01220  0.89%     -    0s

Explored 1 nodes (1250 simplex iterations) in 0.03 seconds (0.02 work units)
Thread count was 40 (of 80 available processors)

Solution count 4: 1920.05 2029.06 3514.92 2e+09 

Optimal solution found (tolerance 5.00e-02)
Best objective 1.920049146402e+03, best bound 1.903012195681e+03, gap 0.8873%
coll_cache:optimal_local_rate=0.160333,0.144625,0.1569,0.115892,
coll_cache:optimal_remote_rate=0.395856,0.411565,0.39929,0.440298,
coll_cache:optimal_cpu_rate=0.44381,0.44381,0.44381,0.44381,
z=1920.05
test_result:init:feat_nbytes=375030526464
test_result:init:cache_nbytes=1125090816
test_result:init:feat_nbytes=375030526464
test_result:init:cache_nbytes=1125090816
test_result:init:feat_nbytes=375030526464
test_result:init:cache_nbytes=1125090816
test_result:init:feat_nbytes=375030526464
test_result:init:cache_nbytes=1125090816
    [Step(average) Profiler Level 1 E3 S275]
        L1  sample           0.002118 | send           0.000000
        L1  recv             0.000000 | copy           0.032611 | convert time 0.000000 | train  0.013061
        L1  feature nbytes  842.99 MB | label nbytes 0.00 Bytes
        L1  id nbytes      0.00 Bytes | graph nbytes 0.00 Bytes
        L1  miss nbytes    0.00 Bytes | remote nbytes 0.00 Bytes
        L1  num nodes               0 | num samples           0
        L1  seq duration     0.000000 | refresh duration   0.000000
    [Step(average) Profiler Level 2 E3 S275]
        L2  shuffle     0.000000 | core sample  0.000000 | id remap        0.000000
        L2  graph copy  0.000000 | id copy      0.000000 | cache feat copy 0.032611
        L2  last layer sample time 0.000000 | size 0.000000
    [Step(average) Profiler Level 3 E3 S275]
        L3  khop sample coo  0.000000 | khop sort coo      0.000000 | khop count edge     0.000000 | khop compact edge 0.000000
        L3  walk sample coo  0.000000 | walk topk total    0.000000 | walk topk step1     0.000000 | walk topk step2   0.000000
        L3  walk topk step3  0.000000 | walk topk step4    0.000000 | walk topk step5     0.000000
        L3  walk topk step6  0.000000 | walk topk step7    0.000000
        L3  remap unique     0.000000 | remap populate     0.000000 | remap mapnode       0.000000 | remap mapedge     0.000000
        L3  cache get_index  0.000396 | cache copy_index   0.000000 | cache extract_miss  0.000000
        L3  cache copy_miss  0.000000 | cache combine_miss 0.000000 | cache combine cache 0.032177 | cache combine remote 0.000000
        L3  label extract  0.000000
    [Profiler Level Percentiles E3 S275]
        p50.00_tail_logl2featcopy=0.032591
        p90.00_tail_logl2featcopy=0.033214
        p95.00_tail_logl2featcopy=0.033402
        p99.00_tail_logl2featcopy=0.033772
        p99.90_tail_logl2featcopy=0.038060
[CUDA] cuda: usage: 8.87 GB
Rank=3, Graph loaded.
!!!!Train_dataloader(with 69 items) enumerate latency: 0.4983553886413574
!!!!Train_data_list(with 69 items) enumerate latency: 9.298324584960938e-06, transfer latency: 0.4647080898284912
presamping
presamping takes 2.1005330085754395
config:eval_tsp="2023-04-14 20:11:12"
config:num_worker=4
config:num_intra_size=4
config:root_dir=/nvme/songxiaoniu/graph-learning/wholegraph
config:graph_name=mag240m-homo
config:epochs=4
config:batchsize=4000
config:skip_epoch=2
config:local_step=250
config:presc_epoch=2
config:neighbors=10,25
config:hiddensize=256
config:num_layer=2
config:model=sage
config:framework=dgl
config:dataloaderworkers=0
config:dropout=0.5
config:lr=0.003
config:use_nccl=False
config:use_amp=True
config:use_collcache=True
config:cache_percentage=0.002
config:cache_policy=coll_cache_asymm_link
config:omp_thread_num=40
config:unsupervised=False
config:classnum=153
config:global_barrier=<multiprocessing.synchronize.Barrier object at 0x7f76f2266430>
config:worker_id=0
creating_intra_node_communicator root=0, local_size=4, world_size=4
Rank=0, Graph loaded.
!!!!Train_dataloader(with 69 items) enumerate latency: 0.4913055896759033
!!!!Train_data_list(with 69 items) enumerate latency: 8.58306884765625e-06, transfer latency: 0.45772385597229004
epoch=4 total_steps=276
presamping
presamping takes 2.3141250610351562
start training...
[Epoch 0], time=4.419555425643921, loss=4.86312198638916
[Epoch 1], time=3.301891565322876, loss=4.733381748199463
[Epoch 2], time=3.3004860877990723, loss=4.635107040405273
[Epoch 3], time=3.302152395248413, loss=4.56096887588501
|===========================================================================|
|                  PyTorch CUDA memory summary, device ID 0                 |
|---------------------------------------------------------------------------|
|            CUDA OOMs: 0            |        cudaMalloc retries: 0         |
|===========================================================================|
|        Metric         | Cur Usage  | Peak Usage | Tot Alloc  | Tot Freed  |
|---------------------------------------------------------------------------|
| Allocated memory      |   56135 KB |  432942 KB |  335714 MB |  335659 MB |
|       from large pool |   46221 KB |  423646 KB |  331772 MB |  331727 MB |
|       from small pool |    9914 KB |   12258 KB |    3941 MB |    3931 MB |
|---------------------------------------------------------------------------|
| Active memory         |   56135 KB |  432942 KB |  335714 MB |  335659 MB |
|       from large pool |   46221 KB |  423646 KB |  331772 MB |  331727 MB |
|       from small pool |    9914 KB |   12258 KB |    3941 MB |    3931 MB |
|---------------------------------------------------------------------------|
| GPU reserved memory   |    1038 MB |    1038 MB |    1038 MB |       0 B  |
|       from large pool |    1022 MB |    1022 MB |    1022 MB |       0 B  |
|       from small pool |      16 MB |      16 MB |      16 MB |       0 B  |
|---------------------------------------------------------------------------|
| Non-releasable memory |   38073 KB |  650401 KB |  324402 MB |  324365 MB |
|       from large pool |   35699 KB |  647393 KB |  320071 MB |  320036 MB |
|       from small pool |    2374 KB |    5701 KB |    4331 MB |    4328 MB |
|---------------------------------------------------------------------------|
| Allocations           |      59    |      76    |   45745    |   45686    |
|       from large pool |      15    |      27    |   18109    |   18094    |
|       from small pool |      44    |      51    |   27636    |   27592    |
|---------------------------------------------------------------------------|
| Active allocs         |      59    |      76    |   45745    |   45686    |
|       from large pool |      15    |      27    |   18109    |   18094    |
|       from small pool |      44    |      51    |   27636    |   27592    |
|---------------------------------------------------------------------------|
| GPU reserved segments |      18    |      18    |      18    |       0    |
|       from large pool |      10    |      10    |      10    |       0    |
|       from small pool |       8    |       8    |       8    |       0    |
|---------------------------------------------------------------------------|
| Non-releasable allocs |      24    |      38    |   20095    |   20071    |
|       from large pool |       7    |      17    |   12262    |   12255    |
|       from small pool |      17    |      25    |    7833    |    7816    |
|---------------------------------------------------------------------------|
| Oversize allocations  |       0    |       0    |       0    |       0    |
|---------------------------------------------------------------------------|
| Oversize GPU segments |       0    |       0    |       0    |       0    |
|===========================================================================|

[TRAIN_TIME] train time is 14.329036 seconds
[EPOCH_TIME] 3.582259 seconds, maybe large due to not enough epoch skipped.
[EPOCH_TIME] 3.301455 seconds
Rank=1, Graph loaded.
!!!!Train_dataloader(with 69 items) enumerate latency: 0.507411003112793
!!!!Train_data_list(with 69 items) enumerate latency: 1.049041748046875e-05, transfer latency: 0.4783749580383301
presamping
presamping takes 2.1132988929748535
Rank=2, Graph loaded.
!!!!Train_dataloader(with 69 items) enumerate latency: 0.5157201290130615
!!!!Train_data_list(with 69 items) enumerate latency: 8.344650268554688e-06, transfer latency: 0.47034168243408203
presamping
presamping takes 2.1021924018859863

