succeed=True
[CUDA] cuda: usage: 5.43 GB
0 :  {link #0 : 1}, {link #1 : 2}, {link #2 : 3},
1 :  {link #0 : 2}, {link #1 : 3}, {link #2 : 0},
2 :  {link #0 : 3}, {link #1 : 0}, {link #2 : 1},
3 :  {link #0 : 0}, {link #1 : 1}, {link #2 : 2},
0 :  {link #0 : 1}, {link #1 : 2}, {link #2 : 3},
1 :  {link #0 : 2}, {link #1 : 3}, {link #2 : 0},
2 :  {link #0 : 3}, {link #1 : 0}, {link #2 : 1},
3 :  {link #0 : 0}, {link #1 : 1}, {link #2 : 2},
0 :  {link #0 : 1}, {link #1 : 2}, {link #2 : 3},
1 :  {link #0 : 2}, {link #1 : 3}, {link #2 : 0},
2 :  {link #0 : 3}, {link #1 : 0}, {link #2 : 1},
3 :  {link #0 : 0}, {link #1 : 1}, {link #2 : 2},
0 : local 72, cpu 8 {link #0 : g1 24}, {link #1 : g2 24}, {link #2 : g3 24},
1 : local 72, cpu 8 {link #0 : g2 24}, {link #1 : g3 24}, {link #2 : g0 24},
2 : local 72, cpu 8 {link #0 : g3 24}, {link #1 : g0 24}, {link #2 : g1 24},
3 : local 72, cpu 8 {link #0 : g0 24}, {link #1 : g1 24}, {link #2 : g2 24},
0 : local 72, cpu 8 {link #0 : g1 24}, {link #1 : g2 24}, {link #2 : g3 24},
1 : local 72, cpu 8 {link #0 : g2 24}, {link #1 : g3 24}, {link #2 : g0 24},
2 : local 72, cpu 8 {link #0 : g3 24}, {link #1 : g0 24}, {link #2 : g1 24},
3 : local 72, cpu 8 {link #0 : g0 24}, {link #1 : g1 24}, {link #2 : g2 24},
0 : local 72, cpu 8 {link #0 : g1 24}, {link #1 : g2 24}, {link #2 : g3 24},
1 : local 72, cpu 8 {link #0 : g2 24}, {link #1 : g3 24}, {link #2 : g0 24},
2 : local 72, cpu 8 {link #0 : g3 24}, {link #1 : g0 24}, {link #2 : g1 24},
3 : local 72, cpu 8 {link #0 : g0 24}, {link #1 : g1 24}, {link #2 : g2 24},
0 :  {link #0 : 1}, {link #1 : 2}, {link #2 : 3},
1 :  {link #0 : 2}, {link #1 : 3}, {link #2 : 0},
2 :  {link #0 : 3}, {link #1 : 0}, {link #2 : 1},
3 :  {link #0 : 0}, {link #1 : 1}, {link #2 : 2},
0 : local 72, cpu 8 {link #0 : g1 24}, {link #1 : g2 24}, {link #2 : g3 24},
1 : local 72, cpu 8 {link #0 : g2 24}, {link #1 : g3 24}, {link #2 : g0 24},
2 : local 72, cpu 8 {link #0 : g3 24}, {link #1 : g0 24}, {link #2 : g1 24},
3 : local 72, cpu 8 {link #0 : g0 24}, {link #1 : g1 24}, {link #2 : g2 24},
Set parameter WLSAccessID
Set parameter WLSSecret
Set parameter LicenseID
Set parameter TimeLimit to value 200
Set parameter MIPGap to value 0.05
Set parameter LogFile to value "cppsolver.log"
Set parameter Threads to value 40
Academic license - for non-commercial use only - registered to xiaoniu.sxn@sjtu.edu.cn
Gurobi Optimizer version 9.5.1 build v9.5.1rc2 (linux64)
Thread count: 40 physical cores, 80 logical processors, using up to 40 threads
Academic license - for non-commercial use only - registered to xiaoniu.sxn@sjtu.edu.cn
Optimize a model with 14536 rows, 4748 columns and 44664 nonzeros
Model fingerprint: 0xffde152b
Variable types: 5 continuous, 4743 integer (4743 binary)
Coefficient statistics:
  Matrix range     [5e-09, 1e+03]
  Objective range  [1e+00, 1e+00]
  Bounds range     [1e+00, 1e+00]
  RHS range        [1e+00, 1e+03]
Found heuristic solution: objective 6072.5936699
Presolve removed 10195 rows and 157 columns
Presolve time: 0.05s
Presolved: 4341 rows, 4591 columns, 20823 nonzeros
Variable types: 1 continuous, 4590 integer (4590 binary)

Root relaxation: objective 4.710322e+02, 4082 iterations, 0.06 seconds (0.05 work units)

    Nodes    |    Current Node    |     Objective Bounds      |     Work
 Expl Unexpl |  Obj  Depth IntInf | Incumbent    BestBd   Gap | It/Node Time

     0     0  471.03223    0   39 6072.59367  471.03223  92.2%     -    0s
H    0     0                     474.8771082  471.03223  0.81%     -    0s

Explored 1 nodes (5398 simplex iterations) in 0.51 seconds (0.31 work units)
Thread count was 40 (of 80 available processors)

Solution count 2: 474.877 6072.59 

Optimal solution found (tolerance 5.00e-02)
Best objective 4.748771081744e+02, best bound 4.710322282445e+02, gap 0.8097%
coll_cache:optimal_local_rate=0.62982,0.627109,0.633898,0.628389,
coll_cache:optimal_remote_rate=0.337719,0.34043,0.333641,0.33915,
coll_cache:optimal_cpu_rate=0.032461,0.032461,0.032461,0.032461,
z=474.877
test_result:init:feat_nbytes=56862697472
test_result:init:cache_nbytes=2331370496
test_result:init:feat_nbytes=56862697472
test_result:init:cache_nbytes=2331370496
test_result:init:feat_nbytes=56862697472
test_result:init:cache_nbytes=2331370496
test_result:init:feat_nbytes=56862697472
test_result:init:cache_nbytes=2331370496
    [Step(average) Profiler Level 1 E3 S147]
        L1  sample           0.004330 | send           0.000000
        L1  recv             0.000000 | copy           0.003745 | convert time 0.000000 | train  0.008747
        L1  feature nbytes  520.41 MB | label nbytes 0.00 Bytes
        L1  id nbytes      0.00 Bytes | graph nbytes 0.00 Bytes
        L1  miss nbytes      24.54 MB | remote nbytes  171.34 MB
        L1  num nodes               0 | num samples           0
        L1  seq duration     0.000000 | refresh duration   0.000000
    [Step(average) Profiler Level 2 E3 S147]
        L2  shuffle     0.000000 | core sample  0.000000 | id remap        0.000000
        L2  graph copy  0.000000 | id copy      0.000000 | cache feat copy 0.003745
        L2  last layer sample time 0.000000 | size 0.000000
    [Step(average) Profiler Level 3 E3 S147]
        L3  khop sample coo  0.000000 | khop sort coo      0.000000 | khop count edge     0.000000 | khop compact edge 0.000000
        L3  walk sample coo  0.000000 | walk topk total    0.000000 | walk topk step1     0.000000 | walk topk step2   0.000000
        L3  walk topk step3  0.000000 | walk topk step4    0.000000 | walk topk step5     0.000000
        L3  walk topk step6  0.000000 | walk topk step7    0.000000
        L3  remap unique     0.000000 | remap populate     0.000000 | remap mapnode       0.000000 | remap mapedge     0.000000
        L3  cache get_index  0.000840 | cache copy_index   0.000000 | cache extract_miss  0.000000
        L3  cache copy_miss  0.000000 | cache combine_miss 0.002859 | cache combine cache 0.000785 | cache combine remote 0.001604
        L3  label extract  0.000000
    [Profiler Level Percentiles E3 S147]
        p50.00_tail_logl2featcopy=0.003808
        p90.00_tail_logl2featcopy=0.004136
        p95.00_tail_logl2featcopy=0.004171
        p99.00_tail_logl2featcopy=0.006580
        p99.90_tail_logl2featcopy=0.008201
[CUDA] cuda: usage: 11.04 GB
config:eval_tsp="2023-04-14 19:49:10"
config:num_worker=4
config:num_intra_size=4
config:root_dir=/nvme/songxiaoniu/graph-learning/wholegraph
config:graph_name=ogbn-papers100M
config:epochs=4
config:batchsize=8000
config:skip_epoch=2
config:local_step=250
config:presc_epoch=2
config:neighbors=10,25
config:hiddensize=256
config:num_layer=2
config:model=sage
config:framework=dgl
config:dataloaderworkers=0
config:dropout=0.5
config:lr=0.003
config:use_nccl=False
config:use_amp=True
config:use_collcache=True
config:cache_percentage=0.04
config:cache_policy=coll_cache_asymm_link
config:omp_thread_num=40
config:unsupervised=False
config:classnum=172
config:global_barrier=<multiprocessing.synchronize.Barrier object at 0x7f9b474c7430>
config:worker_id=0
creating_intra_node_communicator root=0, local_size=4, world_size=4
Rank=0, Graph loaded.
!!!!Train_dataloader(with 37 items) enumerate latency: 1.520684003829956
!!!!Train_data_list(with 37 items) enumerate latency: 7.3909759521484375e-06, transfer latency: 1.438237190246582
epoch=4 total_steps=148
presamping
presamping takes 2.1211726665496826
start training...
[Epoch 0], time=1.7423880100250244, loss=5.044694900512695
[Epoch 1], time=0.6135895252227783, loss=4.950143337249756
[Epoch 2], time=0.6176455020904541, loss=4.866272449493408
[Epoch 3], time=0.6432738304138184, loss=4.792121887207031
|===========================================================================|
|                  PyTorch CUDA memory summary, device ID 0                 |
|---------------------------------------------------------------------------|
|            CUDA OOMs: 0            |        cudaMalloc retries: 0         |
|===========================================================================|
|        Metric         | Cur Usage  | Peak Usage | Tot Alloc  | Tot Freed  |
|---------------------------------------------------------------------------|
| Allocated memory      |   74248 KB |  395347 KB |  208880 MB |  208807 MB |
|       from large pool |   67682 KB |  389160 KB |  206390 MB |  206324 MB |
|       from small pool |    6566 KB |    9180 KB |    2490 MB |    2483 MB |
|---------------------------------------------------------------------------|
| Active memory         |   74248 KB |  395347 KB |  208880 MB |  208807 MB |
|       from large pool |   67682 KB |  389160 KB |  206390 MB |  206324 MB |
|       from small pool |    6566 KB |    9180 KB |    2490 MB |    2483 MB |
|---------------------------------------------------------------------------|
| GPU reserved memory   |     786 MB |     786 MB |     786 MB |       0 B  |
|       from large pool |     774 MB |     774 MB |     774 MB |       0 B  |
|       from small pool |      12 MB |      12 MB |      12 MB |       0 B  |
|---------------------------------------------------------------------------|
| Non-releasable memory |   13815 KB |  556356 KB |  218585 MB |  218572 MB |
|       from large pool |   10141 KB |  551494 KB |  215922 MB |  215912 MB |
|       from small pool |    3674 KB |    6902 KB |    2662 MB |    2659 MB |
|---------------------------------------------------------------------------|
| Allocations           |      55    |      69    |   23507    |   23452    |
|       from large pool |      11    |      22    |    8522    |    8511    |
|       from small pool |      44    |      49    |   14985    |   14941    |
|---------------------------------------------------------------------------|
| Active allocs         |      55    |      69    |   23507    |   23452    |
|       from large pool |      11    |      22    |    8522    |    8511    |
|       from small pool |      44    |      49    |   14985    |   14941    |
|---------------------------------------------------------------------------|
| GPU reserved segments |      19    |      19    |      19    |       0    |
|       from large pool |      13    |      13    |      13    |       0    |
|       from small pool |       6    |       6    |       6    |       0    |
|---------------------------------------------------------------------------|
| Non-releasable allocs |      20    |      35    |    9492    |    9472    |
|       from large pool |       4    |      16    |    5345    |    5341    |
|       from small pool |      16    |      22    |    4147    |    4131    |
|---------------------------------------------------------------------------|
| Oversize allocations  |       0    |       0    |       0    |       0    |
|---------------------------------------------------------------------------|
| Oversize GPU segments |       0    |       0    |       0    |       0    |
|===========================================================================|

[TRAIN_TIME] train time is 3.617516 seconds
[EPOCH_TIME] 0.904379 seconds, maybe large due to not enough epoch skipped.
[EPOCH_TIME] 0.630567 seconds
Rank=1, Graph loaded.
!!!!Train_dataloader(with 37 items) enumerate latency: 1.4835550785064697
!!!!Train_data_list(with 37 items) enumerate latency: 6.9141387939453125e-06, transfer latency: 1.487553358078003
presamping
presamping takes 2.529581308364868
Rank=2, Graph loaded.
!!!!Train_dataloader(with 37 items) enumerate latency: 1.4635553359985352
!!!!Train_data_list(with 37 items) enumerate latency: 6.4373016357421875e-06, transfer latency: 1.4670720100402832
presamping
presamping takes 2.103278398513794
Rank=3, Graph loaded.
!!!!Train_dataloader(with 37 items) enumerate latency: 1.4408533573150635
!!!!Train_data_list(with 37 items) enumerate latency: 7.3909759521484375e-06, transfer latency: 1.4390103816986084
presamping
presamping takes 1.62709641456604

