/usr/lib/python3/dist-packages/requests/__init__.py:89: RequestsDependencyWarning: urllib3 (1.26.12) or chardet (3.0.4) doesn't match a supported version!
  warnings.warn("urllib3 ({}) or chardet ({}) doesn't match a supported "
[W socket.cpp:601] [c10d] The client socket has failed to connect to [localhost]:12335 (errno: 99 - Cannot assign requested address).
[W socket.cpp:601] [c10d] The client socket has failed to connect to [localhost]:12335 (errno: 99 - Cannot assign requested address).
[W socket.cpp:601] [c10d] The client socket has failed to connect to [localhost]:12335 (errno: 99 - Cannot assign requested address).
Rank=1 done reading 16402092 embedding vectors from file /nvme/songxiaoniu/graph-learning/wholegraph/com_friendster/converted/homograph_csr_row_ptr
Rank=3 done reading 16402091 embedding vectors from file /nvme/songxiaoniu/graph-learning/wholegraph/com_friendster/converted/homograph_csr_row_ptr
Rank=2 done reading 16402092 embedding vectors from file /nvme/songxiaoniu/graph-learning/wholegraph/com_friendster/converted/homograph_csr_row_ptr
Rank=0 done reading 16402092 embedding vectors from file /nvme/songxiaoniu/graph-learning/wholegraph/com_friendster/converted/homograph_csr_row_ptr
Rank=1 done reading 903033568 embedding vectors from file /nvme/songxiaoniu/graph-learning/wholegraph/com_friendster/converted/homograph_csr_col_idx
Rank=3 done reading 903033566 embedding vectors from file /nvme/songxiaoniu/graph-learning/wholegraph/com_friendster/converted/homograph_csr_col_idx
Rank=0 done reading 903033568 embedding vectors from file /nvme/songxiaoniu/graph-learning/wholegraph/com_friendster/converted/homograph_csr_col_idx
Rank=2 done reading 903033568 embedding vectors from file /nvme/songxiaoniu/graph-learning/wholegraph/com_friendster/converted/homograph_csr_col_idx
[2023-04-12 04:07:16.675092: E /samgraph/3rdparty/collcachelib/coll_cache_lib/freq_recorder.cc:337] bulk append 2350478 into 0
[2023-04-12 04:07:16.686614: E /samgraph/3rdparty/collcachelib/coll_cache_lib/freq_recorder.cc:347] bulk append 7367826
[2023-04-12 04:07:16.687228: E /samgraph/3rdparty/collcachelib/coll_cache_lib/freq_recorder.cc:337] bulk append 2349549 into 2350478
[2023-04-12 04:07:16.698673: E /samgraph/3rdparty/collcachelib/coll_cache_lib/freq_recorder.cc:347] bulk append 7351988
[2023-04-12 04:07:16.699288: E /samgraph/3rdparty/collcachelib/coll_cache_lib/freq_recorder.cc:337] bulk append 2347808 into 4700027
[2023-04-12 04:07:16.710750: E /samgraph/3rdparty/collcachelib/coll_cache_lib/freq_recorder.cc:347] bulk append 7346180
[2023-04-12 04:07:16.711359: E /samgraph/3rdparty/collcachelib/coll_cache_lib/freq_recorder.cc:337] bulk append 2349422 into 7047835
[2023-04-12 04:07:16.722817: E /samgraph/3rdparty/collcachelib/coll_cache_lib/freq_recorder.cc:347] bulk append 7349641
[2023-04-12 04:07:16.723431: E /samgraph/3rdparty/collcachelib/coll_cache_lib/freq_recorder.cc:337] bulk append 2351275 into 9397257
[2023-04-12 04:07:16.734879: E /samgraph/3rdparty/collcachelib/coll_cache_lib/freq_recorder.cc:347] bulk append 7357462
[2023-04-12 04:07:16.735494: E /samgraph/3rdparty/collcachelib/coll_cache_lib/freq_recorder.cc:337] bulk append 2347347 into 11748532
[2023-04-12 04:07:16.746938: E /samgraph/3rdparty/collcachelib/coll_cache_lib/freq_recorder.cc:347] bulk append 7352769
[2023-04-12 04:07:16.747539: E /samgraph/3rdparty/collcachelib/coll_cache_lib/freq_recorder.cc:337] bulk append 2349702 into 14095879
[2023-04-12 04:07:16.758991: E /samgraph/3rdparty/collcachelib/coll_cache_lib/freq_recorder.cc:347] bulk append 7353178
[2023-04-12 04:07:16.759603: E /samgraph/3rdparty/collcachelib/coll_cache_lib/freq_recorder.cc:337] bulk append 2351663 into 16445581
[2023-04-12 04:07:16.771151: E /samgraph/3rdparty/collcachelib/coll_cache_lib/freq_recorder.cc:347] bulk append 7362874
[2023-04-12 04:07:16.771757: E /samgraph/3rdparty/collcachelib/coll_cache_lib/freq_recorder.cc:337] bulk append 2349261 into 18797244
[2023-04-12 04:07:16.783208: E /samgraph/3rdparty/collcachelib/coll_cache_lib/freq_recorder.cc:347] bulk append 7359883
[2023-04-12 04:07:16.783807: E /samgraph/3rdparty/collcachelib/coll_cache_lib/freq_recorder.cc:337] bulk append 2348714 into 21146505
[2023-04-12 04:07:16.795269: E /samgraph/3rdparty/collcachelib/coll_cache_lib/freq_recorder.cc:347] bulk append 7363608
[2023-04-12 04:07:16.795910: E /samgraph/3rdparty/collcachelib/coll_cache_lib/freq_recorder.cc:337] bulk append 2350494 into 23495219
[2023-04-12 04:07:16.807423: E /samgraph/3rdparty/collcachelib/coll_cache_lib/freq_recorder.cc:347] bulk append 7364870
[2023-04-12 04:07:16.808038: E /samgraph/3rdparty/collcachelib/coll_cache_lib/freq_recorder.cc:337] bulk append 2350026 into 25845713
[2023-04-12 04:07:16.820246: E /samgraph/3rdparty/collcachelib/coll_cache_lib/freq_recorder.cc:347] bulk append 7352137
[2023-04-12 04:07:16.820858: E /samgraph/3rdparty/collcachelib/coll_cache_lib/freq_recorder.cc:337] bulk append 2349854 into 28195739
[2023-04-12 04:07:16.833051: E /samgraph/3rdparty/collcachelib/coll_cache_lib/freq_recorder.cc:347] bulk append 7351653
[2023-04-12 04:07:16.833660: E /samgraph/3rdparty/collcachelib/coll_cache_lib/freq_recorder.cc:337] bulk append 2350192 into 30545593
[2023-04-12 04:07:16.845853: E /samgraph/3rdparty/collcachelib/coll_cache_lib/freq_recorder.cc:347] bulk append 7353817
[2023-04-12 04:07:16.846462: E /samgraph/3rdparty/collcachelib/coll_cache_lib/freq_recorder.cc:337] bulk append 2351811 into 32895785
[2023-04-12 04:07:16.857922: E /samgraph/3rdparty/collcachelib/coll_cache_lib/freq_recorder.cc:347] bulk append 7357609
[2023-04-12 04:07:16.858536: E /samgraph/3rdparty/collcachelib/coll_cache_lib/freq_recorder.cc:337] bulk append 2349770 into 35247596
[2023-04-12 04:07:16.870716: E /samgraph/3rdparty/collcachelib/coll_cache_lib/freq_recorder.cc:347] bulk append 7353692
[2023-04-12 04:07:16.871326: E /samgraph/3rdparty/collcachelib/coll_cache_lib/freq_recorder.cc:337] bulk append 2349850 into 37597366
[2023-04-12 04:07:16.882777: E /samgraph/3rdparty/collcachelib/coll_cache_lib/freq_recorder.cc:347] bulk append 7355873
[2023-04-12 04:07:16.883386: E /samgraph/3rdparty/collcachelib/coll_cache_lib/freq_recorder.cc:337] bulk append 2352506 into 39947216
[2023-04-12 04:07:16.894863: E /samgraph/3rdparty/collcachelib/coll_cache_lib/freq_recorder.cc:347] bulk append 7367680
[2023-04-12 04:07:16.895477: E /samgraph/3rdparty/collcachelib/coll_cache_lib/freq_recorder.cc:337] bulk append 2349526 into 42299722
[2023-04-12 04:07:16.906961: E /samgraph/3rdparty/collcachelib/coll_cache_lib/freq_recorder.cc:347] bulk append 7361272
[2023-04-12 04:07:16.907574: E /samgraph/3rdparty/collcachelib/coll_cache_lib/freq_recorder.cc:337] bulk append 2348397 into 44649248
[2023-04-12 04:07:16.919036: E /samgraph/3rdparty/collcachelib/coll_cache_lib/freq_recorder.cc:347] bulk append 7361746
[2023-04-12 04:07:16.919663: E /samgraph/3rdparty/collcachelib/coll_cache_lib/freq_recorder.cc:337] bulk append 2353484 into 46997645
[2023-04-12 04:07:16.931232: E /samgraph/3rdparty/collcachelib/coll_cache_lib/freq_recorder.cc:347] bulk append 7395976
[2023-04-12 04:07:16.931847: E /samgraph/3rdparty/collcachelib/coll_cache_lib/freq_recorder.cc:337] bulk append 2353322 into 49351129
[2023-04-12 04:07:16.944166: E /samgraph/3rdparty/collcachelib/coll_cache_lib/freq_recorder.cc:347] bulk append 7381259
[2023-04-12 04:07:16.944785: E /samgraph/3rdparty/collcachelib/coll_cache_lib/freq_recorder.cc:337] bulk append 2354574 into 51704451
[2023-04-12 04:07:16.956286: E /samgraph/3rdparty/collcachelib/coll_cache_lib/freq_recorder.cc:347] bulk append 7384214
[2023-04-12 04:07:16.956889: E /samgraph/3rdparty/collcachelib/coll_cache_lib/freq_recorder.cc:337] bulk append 2352631 into 54059025
[2023-04-12 04:07:16.968384: E /samgraph/3rdparty/collcachelib/coll_cache_lib/freq_recorder.cc:347] bulk append 7383512
[2023-04-12 04:07:16.968986: E /samgraph/3rdparty/collcachelib/coll_cache_lib/freq_recorder.cc:337] bulk append 2353932 into 56411656
[2023-04-12 04:07:16.980482: E /samgraph/3rdparty/collcachelib/coll_cache_lib/freq_recorder.cc:347] bulk append 7388107
[2023-04-12 04:07:16.981087: E /samgraph/3rdparty/collcachelib/coll_cache_lib/freq_recorder.cc:337] bulk append 2352104 into 58765588
[2023-04-12 04:07:16.992668: E /samgraph/3rdparty/collcachelib/coll_cache_lib/freq_recorder.cc:347] bulk append 7380128
[2023-04-12 04:07:16.993274: E /samgraph/3rdparty/collcachelib/coll_cache_lib/freq_recorder.cc:337] bulk append 2354611 into 61117692
[2023-04-12 04:07:17.  4784: E /samgraph/3rdparty/collcachelib/coll_cache_lib/freq_recorder.cc:347] bulk append 7386037
[2023-04-12 04:07:17.  5389: E /samgraph/3rdparty/collcachelib/coll_cache_lib/freq_recorder.cc:337] bulk append 2355204 into 63472303
[2023-04-12 04:07:17. 16898: E /samgraph/3rdparty/collcachelib/coll_cache_lib/freq_recorder.cc:347] bulk append 7399933
[2023-04-12 04:07:17. 17499: E /samgraph/3rdparty/collcachelib/coll_cache_lib/freq_recorder.cc:337] bulk append 2352446 into 65827507
[2023-04-12 04:07:17. 29087: E /samgraph/3rdparty/collcachelib/coll_cache_lib/freq_recorder.cc:347] bulk append 7392032
[2023-04-12 04:07:17. 29685: E /samgraph/3rdparty/collcachelib/coll_cache_lib/freq_recorder.cc:337] bulk append 2352383 into 68179953
[2023-04-12 04:07:17. 41175: E /samgraph/3rdparty/collcachelib/coll_cache_lib/freq_recorder.cc:347] bulk append 7394185
[2023-04-12 04:07:17. 41787: E /samgraph/3rdparty/collcachelib/coll_cache_lib/freq_recorder.cc:337] bulk append 2353204 into 70532336
[2023-04-12 04:07:17. 53299: E /samgraph/3rdparty/collcachelib/coll_cache_lib/freq_recorder.cc:347] bulk append 7386185
[2023-04-12 04:07:17. 53914: E /samgraph/3rdparty/collcachelib/coll_cache_lib/freq_recorder.cc:337] bulk append 2353795 into 72885540
[2023-04-12 04:07:17. 65393: E /samgraph/3rdparty/collcachelib/coll_cache_lib/freq_recorder.cc:347] bulk append 7378304
[2023-04-12 04:07:17. 66006: E /samgraph/3rdparty/collcachelib/coll_cache_lib/freq_recorder.cc:337] bulk append 2351884 into 75239335
[2023-04-12 04:07:17. 77481: E /samgraph/3rdparty/collcachelib/coll_cache_lib/freq_recorder.cc:347] bulk append 7375126
[2023-04-12 04:07:17. 78076: E /samgraph/3rdparty/collcachelib/coll_cache_lib/freq_recorder.cc:337] bulk append 2352884 into 77591219
[2023-04-12 04:07:17. 89554: E /samgraph/3rdparty/collcachelib/coll_cache_lib/freq_recorder.cc:347] bulk append 7377576
[2023-04-12 04:07:17. 90147: E /samgraph/3rdparty/collcachelib/coll_cache_lib/freq_recorder.cc:337] bulk append 2353822 into 79944103
[2023-04-12 04:07:17.101622: E /samgraph/3rdparty/collcachelib/coll_cache_lib/freq_recorder.cc:347] bulk append 7382474
[2023-04-12 04:07:17.102235: E /samgraph/3rdparty/collcachelib/coll_cache_lib/freq_recorder.cc:337] bulk append 2352151 into 82297925
[2023-04-12 04:07:17.113721: E /samgraph/3rdparty/collcachelib/coll_cache_lib/freq_recorder.cc:347] bulk append 7380796
[2023-04-12 04:07:17.114315: E /samgraph/3rdparty/collcachelib/coll_cache_lib/freq_recorder.cc:337] bulk append 2352970 into 84650076
[2023-04-12 04:07:17.125798: E /samgraph/3rdparty/collcachelib/coll_cache_lib/freq_recorder.cc:347] bulk append 7381458
[2023-04-12 04:07:17.126390: E /samgraph/3rdparty/collcachelib/coll_cache_lib/freq_recorder.cc:337] bulk append 2354591 into 87003046
[2023-04-12 04:07:17.137884: E /samgraph/3rdparty/collcachelib/coll_cache_lib/freq_recorder.cc:347] bulk append 7394999
[2023-04-12 04:07:17.138483: E /samgraph/3rdparty/collcachelib/coll_cache_lib/freq_recorder.cc:337] bulk append 2354203 into 89357637
[2023-04-12 04:07:17.150048: E /samgraph/3rdparty/collcachelib/coll_cache_lib/freq_recorder.cc:347] bulk append 7389900
[2023-04-12 04:07:17.150650: E /samgraph/3rdparty/collcachelib/coll_cache_lib/freq_recorder.cc:337] bulk append 2351370 into 91711840
[2023-04-12 04:07:17.162123: E /samgraph/3rdparty/collcachelib/coll_cache_lib/freq_recorder.cc:347] bulk append 7385352
[2023-04-12 04:07:17.162759: E /samgraph/3rdparty/collcachelib/coll_cache_lib/freq_recorder.cc:266[[] [2023-04-12 04:07:172023-04-12 04:07:17freq recorder global combining2023-04-12 04:07:17..
.162794162794162795: : : EEE   /samgraph/3rdparty/collcachelib/coll_cache_lib/run_config.cc/samgraph/3rdparty/collcachelib/coll_cache_lib/run_config.cc/samgraph/3rdparty/collcachelib/coll_cache_lib/run_config.cc:::140140140] ] ] using concurrent impl MPSPhaseusing concurrent impl MPSPhaseusing concurrent impl MPSPhase


[[2023-04-12 04:07:17[2023-04-12 04:07:17.2023-04-12 04:07:17.162962.162964: 162967: E: E E /samgraph/3rdparty/collcachelib/coll_cache_lib/facade.cc /samgraph/3rdparty/collcachelib/coll_cache_lib/facade.cc:/samgraph/3rdparty/collcachelib/coll_cache_lib/facade.cc:409:409] 409] before scale, dtype is 0, dim is 256] before scale, dtype is 0, dim is 256
before scale, dtype is 0, dim is 256

[[2023-04-12 04:07:17[2023-04-12 04:07:17.2023-04-12 04:07:17.163098.163105: 163110: E: E E /samgraph/3rdparty/collcachelib/coll_cache_lib/facade.cc /samgraph/3rdparty/collcachelib/coll_cache_lib/facade.cc:/samgraph/3rdparty/collcachelib/coll_cache_lib/facade.cc:415:415] 415] after scale, dtype is 7, new dim is 64] after scale, dtype is 7, new dim is 64
after scale, dtype is 7, new dim is 64

[2023-04-12 04:07:17.164129: E /samgraph/3rdparty/collcachelib/coll_cache_lib/coll_cache/asymm_link_desc.cc:201] [assigning 8 to cpu2023-04-12 04:07:17
.164152: E /samgraph/3rdparty/collcachelib/coll_cache_lib/coll_cache/asymm_link_desc.cc:201] [assigning 8 to cpu2023-04-12 04:07:17[
.2023-04-12 04:07:17164177.: 164181E: [ E2023-04-12 04:07:17/samgraph/3rdparty/collcachelib/coll_cache_lib/coll_cache/asymm_link_desc.cc .:/samgraph/3rdparty/collcachelib/coll_cache_lib/coll_cache/asymm_link_desc.cc164218201:: ] 218Eassigning 8 to cpu]  
build symm link desc with 4X Tesla V100-SXM2-16GB out of 4/samgraph/3rdparty/collcachelib/coll_cache_lib/coll_cache/asymm_link_desc.cc
:218] build symm link desc with 4X Tesla V100-SXM2-16GB out of 4
[[2023-04-12 04:07:172023-04-12 04:07:17[..2023-04-12 04:07:17164320164327.: : 164335EE:   E/samgraph/3rdparty/collcachelib/coll_cache_lib/coll_cache/asymm_link_desc.cc/samgraph/3rdparty/collcachelib/coll_cache_lib/coll_cache/asymm_link_desc.cc ::/samgraph/3rdparty/collcachelib/coll_cache_lib/coll_cache/asymm_link_desc.cc218219:] ] 219build symm link desc with 4X Tesla V100-SXM2-16GB out of 4remote time is 9.21053] 

remote time is 9.21053
[2023-04-12 04:07:17.[[1644612023-04-12 04:07:172023-04-12 04:07:17: ..E164465164466 : : /samgraph/3rdparty/collcachelib/coll_cache_lib/coll_cache/asymm_link_desc.ccEE:  220/samgraph/3rdparty/collcachelib/coll_cache_lib/coll_cache/asymm_link_desc.cc/samgraph/3rdparty/collcachelib/coll_cache_lib/coll_cache/asymm_link_desc.cc] ::cpu time is 31.8182220219
] ] cpu time is 31.8182remote time is 9.21053

[2023-04-12 04:07:17.[1645912023-04-12 04:07:17[: .2023-04-12 04:07:17E164601. : 164606/samgraph/3rdparty/collcachelib/coll_cache_lib/facade.ccE: : E425/samgraph/3rdparty/collcachelib/coll_cache_lib/coll_cache/asymm_link_desc.cc ] :/samgraph/3rdparty/collcachelib/coll_cache_lib/facade.ccregistering cpu data with 16.00 GB220:
] 425cpu time is 31.8182] 
registering cpu data with 16.00 GB
[2023-04-12 04:07:17.164744: E /samgraph/3rdparty/collcachelib/coll_cache_lib/facade.cc:425] registering cpu data with 16.00 GB
[2023-04-12 04:07:20.316914: E /samgraph/3rdparty/collcachelib/coll_cache_lib/facade.cc:427] registering cpu data done.
[2023-04-12 04:07:20.317118: E /samgraph/3rdparty/collcachelib/coll_cache_lib/facade.cc:427] registering cpu data done.
[2023-04-12 04:07:20.327782: E /samgraph/3rdparty/collcachelib/coll_cache_lib/facade.cc:427] registering cpu data done.
[2023-04-12 04:07:21.950885: E /samgraph/3rdparty/collcachelib/coll_cache_lib/freq_recorder.cc:269] freq recorder global combine from 94063210 to 37948932
[2023-04-12 04:07:26.237279: E /samgraph/3rdparty/collcachelib/coll_cache_lib/freq_recorder.cc:286] top 5 freq is 216,214,212,211,210
[2023-04-12 04:07:26.237476: E /samgraph/3rdparty/collcachelib/coll_cache_lib/run_config.cc:140] using concurrent impl MPSPhase
[2023-04-12 04:07:26.237515: E /samgraph/3rdparty/collcachelib/coll_cache_lib/facade.cc:409] before scale, dtype is 0, dim is 256
[2023-04-12 04:07:26.237549: E /samgraph/3rdparty/collcachelib/coll_cache_lib/facade.cc:415] after scale, dtype is 7, new dim is 64
[2023-04-12 04:07:26.237936: E /samgraph/3rdparty/collcachelib/coll_cache_lib/coll_cache/asymm_link_desc.cc:201] assigning 8 to cpu
[2023-04-12 04:07:26.237984: E /samgraph/3rdparty/collcachelib/coll_cache_lib/coll_cache/asymm_link_desc.cc:218] build symm link desc with 4X Tesla V100-SXM2-16GB out of 4
[2023-04-12 04:07:26.238033: E /samgraph/3rdparty/collcachelib/coll_cache_lib/coll_cache/asymm_link_desc.cc:219] remote time is 9.21053
[2023-04-12 04:07:26.238067: E /samgraph/3rdparty/collcachelib/coll_cache_lib/coll_cache/asymm_link_desc.cc:220] cpu time is 31.8182
[2023-04-12 04:07:26.238120: E /samgraph/3rdparty/collcachelib/coll_cache_lib/facade.cc:425] registering cpu data with 16.00 GB
[2023-04-12 04:07:27.816568: E /samgraph/3rdparty/collcachelib/coll_cache_lib/facade.cc:427] registering cpu data done.
[2023-04-12 04:07:27.816662: E /samgraph/3rdparty/collcachelib/coll_cache_lib/facade.cc:174] creating solver
[2023-04-12 04:07:27.816691: E /samgraph/3rdparty/collcachelib/coll_cache_lib/facade.cc:214] solver created. now build & solve
[2023-04-12 04:07:28.172737: E /samgraph/3rdparty/collcachelib/coll_cache_lib/facade.cc:218] solver built. now solve
[2023-04-12 04:07:28.172843: E /samgraph/3rdparty/collcachelib/coll_cache_lib/coll_cache/optimal_solver_class.cc:1432] num_cached_nodes = 2624334
[2023-04-12 04:07:28.334587: E /samgraph/3rdparty/collcachelib/coll_cache_lib/facade.cc:222] solver solved
[2023-04-12 04:07:28.337059: E /samgraph/3rdparty/collcachelib/coll_cache_lib/facade.cc:437] 0 solved master
[2023-04-12 04:07:28.337105: E /samgraph/3rdparty/collcachelib/coll_cache_lib/facade.cc:444] 0 solved
[2023-04-12 04:07:28.337133: E /samgraph/3rdparty/collcachelib/coll_cache_lib/facade.cc:447] worker 0 thread 0 initing device 0
[2023-04-12 04:07:28.337851: E /samgraph/3rdparty/collcachelib/coll_cache_lib/cache_context.cu:2308] Building Coll Cache with ... num gpu device is 4
[2023-04-12 04:07:28.337941: E /samgraph/3rdparty/collcachelib/coll_cache_lib/cuda/cache_hashtable.cuh:611] per src size local is 2886867
[2023-04-12 04:07:28.349658: E /samgraph/3rdparty/collcachelib/coll_cache_lib/facade.cc:444] 3 solved
[2023-04-12 04:07:28.349754: E /samgraph/3rdparty/collcachelib/coll_cache_lib/facade.cc:447] worker 0 thread 3 initing device 3
[2023-04-12 04:07:28.350004: E /samgraph/3rdparty/collcachelib/coll_cache_lib/facade.cc:444] 1 solved
[2023-04-12 04:07:28.350077: E /samgraph/3rdparty/collcachelib/coll_cache_lib/facade.cc:447] worker 0 thread 1 initing device 1
[2023-04-12 04:07:28.350408: E /samgraph/3rdparty/collcachelib/coll_cache_lib/cache_context.cu:2308] Building Coll Cache with ... num gpu device is 4
[2023-04-12 04:07:28.350637: E /samgraph/3rdparty/collcachelib/coll_cache_lib/facade.cc:444] 2 solved
[2023-04-12 04:07:28.350720: E /samgraph/3rdparty/collcachelib/coll_cache_lib/facade.cc:447] worker 0 thread 2 initing device 2
[2023-04-12 04:07:28.350771: E /samgraph/3rdparty/collcachelib/coll_cache_lib/cache_context.cu:2308] Building Coll Cache with ... num gpu device is 4
[2023-04-12 04:07:28.351378: E /samgraph/3rdparty/collcachelib/coll_cache_lib/cache_context.cu:2308] Building Coll Cache with ... num gpu device is 4
[2023-04-12 04:07:28.356402: E /samgraph/3rdparty/collcachelib/coll_cache_lib/common.cc:261] making a tensor with 0 num item
[2023-04-12 04:07:28.356465: E /samgraph/3rdparty/collcachelib/coll_cache_lib/cache_context.cu:2350] num cpu nodes is 62984032
[2023-04-12 04:07:28.373328: E /samgraph/3rdparty/collcachelib/coll_cache_lib/common.cc:261] making a tensor with 0 num item
[2023-04-12 04:07:28.373389: E /samgraph/3rdparty/collcachelib/coll_cache_lib/cache_context.cu:2350] num cpu nodes is 62984032
[2023-04-12 04:07:28.376425: E /samgraph/3rdparty/collcachelib/coll_cache_lib/common.cc:261] making a tensor with 0 num item
[2023-04-12 04:07:28.376516: E /samgraph/3rdparty/collcachelib/coll_cache_lib/cache_context.cu:2350] num cpu nodes is 62984032
[2023-04-12 04:07:28.377605: E /samgraph/3rdparty/collcachelib/coll_cache_lib/common.cc:261] making a tensor with 0 num item
[2023-04-12 04:07:28.377675: E /samgraph/3rdparty/collcachelib/coll_cache_lib/cache_context.cu:2350] num cpu nodes is 62984032
[2023-04-12 04:07:28.580100: E /samgraph/3rdparty/collcachelib/coll_cache_lib/cuda/cache_hashtable.cu:355] create a hashtable with 2624334 possible elem, scale to 8388608
[2023-04-12 04:07:28.580163: E /samgraph/3rdparty/collcachelib/coll_cache_lib/cuda/cache_hashtable.cu:360] SimpleHashTable allocating 64.00 MB
[2023-04-12 04:07:28.599916: E /samgraph/3rdparty/collcachelib/coll_cache_lib/cuda/cache_hashtable.cu:355] create a hashtable with 2624334 possible elem, scale to 8388608
[2023-04-12 04:07:28.599971: E /samgraph/3rdparty/collcachelib/coll_cache_lib/cuda/cache_hashtable.cu:360] SimpleHashTable allocating 64.00 MB
[2023-04-12 04:07:28.604036: E /samgraph/3rdparty/collcachelib/coll_cache_lib/cuda/cache_hashtable.cu:355] create a hashtable with 2624334 possible elem, scale to 8388608
[2023-04-12 04:07:28.604093: E /samgraph/3rdparty/collcachelib/coll_cache_lib/cuda/cache_hashtable.cu:360] SimpleHashTable allocating 64.00 MB
[2023-04-12 04:07:28.604144: E /samgraph/3rdparty/collcachelib/coll_cache_lib/cuda/cache_hashtable.cu:355] create a hashtable with 2624334 possible elem, scale to 8388608
[2023-04-12 04:07:28.604199: E /samgraph/3rdparty/collcachelib/coll_cache_lib/cuda/cache_hashtable.cu:360] SimpleHashTable allocating 64.00 MB
[2023-04-12 04:07:28.614044: E /samgraph/3rdparty/collcachelib/coll_cache_lib/common.cc:107] too many mem allocated for forcescale?2689943->65609
[2023-04-12 04:07:28.614086: E /samgraph/3rdparty/collcachelib/coll_cache_lib/common.cc:107] too many mem allocated for forcescale?2689943->65609
[2023-04-12 04:07:28.614163: E /samgraph/3rdparty/collcachelib/coll_cache_lib/common.cc:107] too many mem allocated for forcescale?2689943->65609
[2023-04-12 04:07:28.614218: E /samgraph/3rdparty/collcachelib/coll_cache_lib/common.cc:107] too many mem allocated for forcescale?2689943->65609
[2023-04-12 04:07:28.630547: E /samgraph/3rdparty/collcachelib/coll_cache_lib/cache_context.cu:2427] Asymm Coll cache (policy: rep_cache) | local 2624334 / 65608366 nodes ( 4.00 %~4.00 %) | remote 0 / 65608366 nodes ( 0.00 %) | cpu 62984032 / 65608366 nodes ( 96.00 %) | 2.57 GB | 0.279735 secs 
[2023-04-12 04:07:28.647150: E /samgraph/3rdparty/collcachelib/coll_cache_lib/cache_context.cu:2427] Asymm Coll cache (policy: rep_cache) | local 2624334 / 65608366 nodes ( 4.00 %~4.00 %) | remote 0 / 65608366 nodes ( 0.00 %) | cpu 62984032 / 65608366 nodes ( 96.00 %) | 2.57 GB | 0.295734 secs 
[2023-04-12 04:07:28.662536: E /samgraph/3rdparty/collcachelib/coll_cache_lib/cache_context.cu:2427] Asymm Coll cache (policy: rep_cache) | local 2624334 / 65608366 nodes ( 4.00 %~4.00 %) | remote 0 / 65608366 nodes ( 0.00 %) | cpu 62984032 / 65608366 nodes ( 96.00 %) | 2.57 GB | 0.31209 secs 
[2023-04-12 04:07:28.663882: E /samgraph/3rdparty/collcachelib/coll_cache_lib/cache_context.cu:2427] Asymm Coll cache (policy: rep_cache) | local 2624334 / 65608366 nodes ( 4.00 %~4.00 %) | remote 0 / 65608366 nodes ( 0.00 %) | cpu 62984032 / 65608366 nodes ( 96.00 %) | 2.57 GB | 0.325996 secs 
[2023-04-12 04:07:28.664254: W /samgraph/3rdparty/collcachelib/coll_cache_lib/cache_context.cu:3946] before create ctx, mem is 7.99 GB
[2023-04-12 04:07:28.664433: W /samgraph/3rdparty/collcachelib/coll_cache_lib/cache_context.cu:3946] before create ctx, mem is 7.99 GB
[2023-04-12 04:07:28.667891: W /samgraph/3rdparty/collcachelib/coll_cache_lib/cache_context.cu:3946] before create ctx, mem is 7.99 GB
[2023-04-12 04:07:28.672558: W /samgraph/3rdparty/collcachelib/coll_cache_lib/cache_context.cu:3946] before create ctx, mem is 7.99 GB
[2023-04-12 04:07:33.684544: W /samgraph/3rdparty/collcachelib/coll_cache_lib/cache_context.cu:3946] after create ctx, mem is 9.58 GB
[2023-04-12 04:07:33.684692: W /samgraph/3rdparty/collcachelib/coll_cache_lib/cache_context.cu:3946] after create stream, mem is 9.58 GB
[2023-04-12 04:07:33.838051: W /samgraph/3rdparty/collcachelib/coll_cache_lib/cache_context.cu:3946] after create ctx, mem is 9.64 GB
[2023-04-12 04:07:33.838158: W /samgraph/3rdparty/collcachelib/coll_cache_lib/cache_context.cu:3946] after create stream, mem is 9.64 GB
[2023-04-12 04:07:34.  3542: W /samgraph/3rdparty/collcachelib/coll_cache_lib/cache_context.cu:3946] after create ctx, mem is 9.70 GB
[2023-04-12 04:07:34.  3666: W /samgraph/3rdparty/collcachelib/coll_cache_lib/cache_context.cu:3946] after create stream, mem is 9.70 GB
[2023-04-12 04:07:34. 51977: W /samgraph/3rdparty/collcachelib/coll_cache_lib/cache_context.cu:3946] after create ctx, mem is 9.71 GB
[2023-04-12 04:07:34. 52069: W /samgraph/3rdparty/collcachelib/coll_cache_lib/cache_context.cu:3946] after create stream, mem is 9.71 GB
/usr/local/lib/python3.8/dist-packages/torch/nn/parallel/scatter_gather.py:9: UserWarning: is_namedtuple is deprecated, please use the python checks instead
  warnings.warn("is_namedtuple is deprecated, please use the python checks instead")
/usr/local/lib/python3.8/dist-packages/torch/nn/parallel/scatter_gather.py:9: UserWarning: is_namedtuple is deprecated, please use the python checks instead
  warnings.warn("is_namedtuple is deprecated, please use the python checks instead")
/usr/local/lib/python3.8/dist-packages/torch/nn/parallel/scatter_gather.py:9: UserWarning: is_namedtuple is deprecated, please use the python checks instead
  warnings.warn("is_namedtuple is deprecated, please use the python checks instead")
/usr/local/lib/python3.8/dist-packages/torch/nn/parallel/scatter_gather.py:9: UserWarning: is_namedtuple is deprecated, please use the python checks instead
  warnings.warn("is_namedtuple is deprecated, please use the python checks instead")
