/usr/lib/python3/dist-packages/requests/__init__.py:89: RequestsDependencyWarning: urllib3 (1.26.12) or chardet (3.0.4) doesn't match a supported version!
  warnings.warn("urllib3 ({}) or chardet ({}) doesn't match a supported "
[W socket.cpp:601] [c10d] The client socket has failed to connect to [localhost]:12335 (errno: 99 - Cannot assign requested address).
Rank=3 done reading 16402091 embedding vectors from file /nvme/songxiaoniu/graph-learning/wholegraph/com_friendster/converted/homograph_csr_row_ptr
Rank=1 done reading 16402092 embedding vectors from file /nvme/songxiaoniu/graph-learning/wholegraph/com_friendster/converted/homograph_csr_row_ptr
Rank=0 done reading 16402092 embedding vectors from file /nvme/songxiaoniu/graph-learning/wholegraph/com_friendster/converted/homograph_csr_row_ptr
Rank=2 done reading 16402092 embedding vectors from file /nvme/songxiaoniu/graph-learning/wholegraph/com_friendster/converted/homograph_csr_row_ptr
Rank=3 done reading 903033566 embedding vectors from file /nvme/songxiaoniu/graph-learning/wholegraph/com_friendster/converted/homograph_csr_col_idx
Rank=1 done reading 903033568 embedding vectors from file /nvme/songxiaoniu/graph-learning/wholegraph/com_friendster/converted/homograph_csr_col_idx
Rank=2 done reading 903033568 embedding vectors from file /nvme/songxiaoniu/graph-learning/wholegraph/com_friendster/converted/homograph_csr_col_idx
Rank=0 done reading 903033568 embedding vectors from file /nvme/songxiaoniu/graph-learning/wholegraph/com_friendster/converted/homograph_csr_col_idx
[2023-04-12 03:49:53.650730: E /samgraph/3rdparty/collcachelib/coll_cache_lib/freq_recorder.cc:337] bulk append 2350860 into 0
[2023-04-12 03:49:53.662235: E /samgraph/3rdparty/collcachelib/coll_cache_lib/freq_recorder.cc:347] bulk append 7367988
[2023-04-12 03:49:53.662865: E /samgraph/3rdparty/collcachelib/coll_cache_lib/freq_recorder.cc:337] bulk append 2349978 into 2350860
[2023-04-12 03:49:53.674283: E /samgraph/3rdparty/collcachelib/coll_cache_lib/freq_recorder.cc:347] bulk append 7350193
[2023-04-12 03:49:53.674910: E /samgraph/3rdparty/collcachelib/coll_cache_lib/freq_recorder.cc:337] bulk append 2349548 into 4700838
[2023-04-12 03:49:53.686339: E /samgraph/3rdparty/collcachelib/coll_cache_lib/freq_recorder.cc:347] bulk append 7347465
[2023-04-12 03:49:53.686964: E /samgraph/3rdparty/collcachelib/coll_cache_lib/freq_recorder.cc:337] bulk append 2348508 into 7050386
[2023-04-12 03:49:53.698386: E /samgraph/3rdparty/collcachelib/coll_cache_lib/freq_recorder.cc:347] bulk append 7345752
[2023-04-12 03:49:53.699012: E /samgraph/3rdparty/collcachelib/coll_cache_lib/freq_recorder.cc:337] bulk append 2350683 into 9398894
[2023-04-12 03:49:53.710454: E /samgraph/3rdparty/collcachelib/coll_cache_lib/freq_recorder.cc:347] bulk append 7354769
[2023-04-12 03:49:53.711070: E /samgraph/3rdparty/collcachelib/coll_cache_lib/freq_recorder.cc:337] bulk append 2349615 into 11749577
[2023-04-12 03:49:53.722512: E /samgraph/3rdparty/collcachelib/coll_cache_lib/freq_recorder.cc:347] bulk append 7356968
[2023-04-12 03:49:53.723120: E /samgraph/3rdparty/collcachelib/coll_cache_lib/freq_recorder.cc:337] bulk append 2349667 into 14099192
[2023-04-12 03:49:53.734649: E /samgraph/3rdparty/collcachelib/coll_cache_lib/freq_recorder.cc:347] bulk append 7355543
[2023-04-12 03:49:53.735259: E /samgraph/3rdparty/collcachelib/coll_cache_lib/freq_recorder.cc:337] bulk append 2351104 into 16448859
[2023-04-12 03:49:53.746719: E /samgraph/3rdparty/collcachelib/coll_cache_lib/freq_recorder.cc:347] bulk append 7365206
[2023-04-12 03:49:53.747330: E /samgraph/3rdparty/collcachelib/coll_cache_lib/freq_recorder.cc:337] bulk append 2350714 into 18799963
[2023-04-12 03:49:53.758877: E /samgraph/3rdparty/collcachelib/coll_cache_lib/freq_recorder.cc:347] bulk append 7364324
[2023-04-12 03:49:53.759483: E /samgraph/3rdparty/collcachelib/coll_cache_lib/freq_recorder.cc:337] bulk append 2348996 into 21150677
[2023-04-12 03:49:53.770929: E /samgraph/3rdparty/collcachelib/coll_cache_lib/freq_recorder.cc:347] bulk append 7362150
[2023-04-12 03:49:53.771585: E /samgraph/3rdparty/collcachelib/coll_cache_lib/freq_recorder.cc:337] bulk append 2350286 into 23499673
[2023-04-12 03:49:53.783941: E /samgraph/3rdparty/collcachelib/coll_cache_lib/freq_recorder.cc:347] bulk append 7366573
[2023-04-12 03:49:53.784557: E /samgraph/3rdparty/collcachelib/coll_cache_lib/freq_recorder.cc:337] bulk append 2351014 into 25849959
[2023-04-12 03:49:53.796063: E /samgraph/3rdparty/collcachelib/coll_cache_lib/freq_recorder.cc:347] bulk append 7354102
[2023-04-12 03:49:53.796677: E /samgraph/3rdparty/collcachelib/coll_cache_lib/freq_recorder.cc:337] bulk append 2347762 into 28200973
[2023-04-12 03:49:53.808142: E /samgraph/3rdparty/collcachelib/coll_cache_lib/freq_recorder.cc:347] bulk append 7348744
[2023-04-12 03:49:53.808756: E /samgraph/3rdparty/collcachelib/coll_cache_lib/freq_recorder.cc:337] bulk append 2348931 into 30548735
[2023-04-12 03:49:53.820219: E /samgraph/3rdparty/collcachelib/coll_cache_lib/freq_recorder.cc:347] bulk append 7351841
[2023-04-12 03:49:53.820830: E /samgraph/3rdparty/collcachelib/coll_cache_lib/freq_recorder.cc:337] bulk append 2351720 into 32897666
[2023-04-12 03:49:53.832305: E /samgraph/3rdparty/collcachelib/coll_cache_lib/freq_recorder.cc:347] bulk append 7359758
[2023-04-12 03:49:53.832918: E /samgraph/3rdparty/collcachelib/coll_cache_lib/freq_recorder.cc:337] bulk append 2350037 into 35249386
[2023-04-12 03:49:53.845176: E /samgraph/3rdparty/collcachelib/coll_cache_lib/freq_recorder.cc:347] bulk append 7349011
[2023-04-12 03:49:53.845791: E /samgraph/3rdparty/collcachelib/coll_cache_lib/freq_recorder.cc:337] bulk append 2351105 into 37599423
[2023-04-12 03:49:53.858042: E /samgraph/3rdparty/collcachelib/coll_cache_lib/freq_recorder.cc:347] bulk append 7356920
[2023-04-12 03:49:53.858664: E /samgraph/3rdparty/collcachelib/coll_cache_lib/freq_recorder.cc:337] bulk append 2352099 into 39950528
[2023-04-12 03:49:53.870133: E /samgraph/3rdparty/collcachelib/coll_cache_lib/freq_recorder.cc:347] bulk append 7373310
[2023-04-12 03:49:53.870752: E /samgraph/3rdparty/collcachelib/coll_cache_lib/freq_recorder.cc:337] bulk append 2350627 into 42302627
[2023-04-12 03:49:53.883007: E /samgraph/3rdparty/collcachelib/coll_cache_lib/freq_recorder.cc:347] bulk append 7363422
[2023-04-12 03:49:53.883623: E /samgraph/3rdparty/collcachelib/coll_cache_lib/freq_recorder.cc:337] bulk append 2348389 into 44653254
[2023-04-12 03:49:53.895870: E /samgraph/3rdparty/collcachelib/coll_cache_lib/freq_recorder.cc:347] bulk append 7360753
[2023-04-12 03:49:53.896491: E /samgraph/3rdparty/collcachelib/coll_cache_lib/freq_recorder.cc:337] bulk append 2354773 into 47001643
[2023-04-12 03:49:53.908000: E /samgraph/3rdparty/collcachelib/coll_cache_lib/freq_recorder.cc:347] bulk append 7393879
[2023-04-12 03:49:53.908607: E /samgraph/3rdparty/collcachelib/coll_cache_lib/freq_recorder.cc:337] bulk append 2352997 into 49356416
[2023-04-12 03:49:53.920158: E /samgraph/3rdparty/collcachelib/coll_cache_lib/freq_recorder.cc:347] bulk append 7385588
[2023-04-12 03:49:53.920758: E /samgraph/3rdparty/collcachelib/coll_cache_lib/freq_recorder.cc:337] bulk append 2351380 into 51709413
[2023-04-12 03:49:53.932914: E /samgraph/3rdparty/collcachelib/coll_cache_lib/freq_recorder.cc:347] bulk append 7379009
[2023-04-12 03:49:53.933504: E /samgraph/3rdparty/collcachelib/coll_cache_lib/freq_recorder.cc:337] bulk append 2351984 into 54060793
[2023-04-12 03:49:53.945672: E /samgraph/3rdparty/collcachelib/coll_cache_lib/freq_recorder.cc:347] bulk append 7379265
[2023-04-12 03:49:53.946270: E /samgraph/3rdparty/collcachelib/coll_cache_lib/freq_recorder.cc:337] bulk append 2353609 into 56412777
[2023-04-12 03:49:53.957750: E /samgraph/3rdparty/collcachelib/coll_cache_lib/freq_recorder.cc:347] bulk append 7386489
[2023-04-12 03:49:53.958357: E /samgraph/3rdparty/collcachelib/coll_cache_lib/freq_recorder.cc:337] bulk append 2351821 into 58766386
[2023-04-12 03:49:53.970533: E /samgraph/3rdparty/collcachelib/coll_cache_lib/freq_recorder.cc:347] bulk append 7380249
[2023-04-12 03:49:53.971140: E /samgraph/3rdparty/collcachelib/coll_cache_lib/freq_recorder.cc:337] bulk append 2352518 into 61118207
[2023-04-12 03:49:53.982608: E /samgraph/3rdparty/collcachelib/coll_cache_lib/freq_recorder.cc:347] bulk append 7387919
[2023-04-12 03:49:53.983214: E /samgraph/3rdparty/collcachelib/coll_cache_lib/freq_recorder.cc:337] bulk append 2354630 into 63470725
[2023-04-12 03:49:53.994677: E /samgraph/3rdparty/collcachelib/coll_cache_lib/freq_recorder.cc:347] bulk append 7396054
[2023-04-12 03:49:53.995270: E /samgraph/3rdparty/collcachelib/coll_cache_lib/freq_recorder.cc:337] bulk append 2352330 into 65825355
[2023-04-12 03:49:54.  7434: E /samgraph/3rdparty/collcachelib/coll_cache_lib/freq_recorder.cc:347] bulk append 7385463
[2023-04-12 03:49:54.  8039: E /samgraph/3rdparty/collcachelib/coll_cache_lib/freq_recorder.cc:337] bulk append 2353518 into 68177685
[2023-04-12 03:49:54. 19496: E /samgraph/3rdparty/collcachelib/coll_cache_lib/freq_recorder.cc:347] bulk append 7396772
[2023-04-12 03:49:54. 20120: E /samgraph/3rdparty/collcachelib/coll_cache_lib/freq_recorder.cc:337] bulk append 2353452 into 70531203
[2023-04-12 03:49:54. 31630: E /samgraph/3rdparty/collcachelib/coll_cache_lib/freq_recorder.cc:347] bulk append 7391684
[2023-04-12 03:49:54. 32245: E /samgraph/3rdparty/collcachelib/coll_cache_lib/freq_recorder.cc:337] bulk append 2354441 into 72884655
[2023-04-12 03:49:54. 43721: E /samgraph/3rdparty/collcachelib/coll_cache_lib/freq_recorder.cc:347] bulk append 7379088
[2023-04-12 03:49:54. 44327: E /samgraph/3rdparty/collcachelib/coll_cache_lib/freq_recorder.cc:337] bulk append 2351080 into 75239096
[2023-04-12 03:49:54. 55780: E /samgraph/3rdparty/collcachelib/coll_cache_lib/freq_recorder.cc:347] bulk append 7374322
[2023-04-12 03:49:54. 56388: E /samgraph/3rdparty/collcachelib/coll_cache_lib/freq_recorder.cc:337] bulk append 2350754 into 77590176
[2023-04-12 03:49:54. 67833: E /samgraph/3rdparty/collcachelib/coll_cache_lib/freq_recorder.cc:347] bulk append 7376694
[2023-04-12 03:49:54. 68434: E /samgraph/3rdparty/collcachelib/coll_cache_lib/freq_recorder.cc:337] bulk append 2354702 into 79940930
[2023-04-12 03:49:54. 79902: E /samgraph/3rdparty/collcachelib/coll_cache_lib/freq_recorder.cc:347] bulk append 7382691
[2023-04-12 03:49:54. 80496: E /samgraph/3rdparty/collcachelib/coll_cache_lib/freq_recorder.cc:337] bulk append 2353014 into 82295632
[2023-04-12 03:49:54. 91944: E /samgraph/3rdparty/collcachelib/coll_cache_lib/freq_recorder.cc:347] bulk append 7379162
[2023-04-12 03:49:54. 92552: E /samgraph/3rdparty/collcachelib/coll_cache_lib/freq_recorder.cc:337] bulk append 2352982 into 84648646
[2023-04-12 03:49:54.104013: E /samgraph/3rdparty/collcachelib/coll_cache_lib/freq_recorder.cc:347] bulk append 7383446
[2023-04-12 03:49:54.104604: E /samgraph/3rdparty/collcachelib/coll_cache_lib/freq_recorder.cc:337] bulk append 2355144 into 87001628
[2023-04-12 03:49:54.116074: E /samgraph/3rdparty/collcachelib/coll_cache_lib/freq_recorder.cc:347] bulk append 7392208
[2023-04-12 03:49:54.116664: E /samgraph/3rdparty/collcachelib/coll_cache_lib/freq_recorder.cc:337] bulk append 2354184 into 89356772
[2023-04-12 03:49:54.128123: E /samgraph/3rdparty/collcachelib/coll_cache_lib/freq_recorder.cc:347] bulk append 7388765
[2023-04-12 03:49:54.128732: E /samgraph/3rdparty/collcachelib/coll_cache_lib/freq_recorder.cc:337] bulk append 2351148 into 91710956
[2023-04-12 03:49:54.140173: E /samgraph/3rdparty/collcachelib/coll_cache_lib/freq_recorder.cc:347] bulk append 7387883
[2023-04-12 03:49:54.140761: E /samgraph/3rdparty/collcachelib/coll_cache_lib/freq_recorder.cc:266] freq recorder global combining
[[2023-04-12 03:49:542023-04-12 03:49:54.[.1407912023-04-12 03:49:54140796: .: E140809E :  /samgraph/3rdparty/collcachelib/coll_cache_lib/run_config.ccE/samgraph/3rdparty/collcachelib/coll_cache_lib/run_config.cc: :140/samgraph/3rdparty/collcachelib/coll_cache_lib/run_config.cc140] :] using concurrent impl MPSPhase140using concurrent impl MPSPhase
] 
using concurrent impl MPSPhase
[2023-04-12 03:49:54.[[1409322023-04-12 03:49:542023-04-12 03:49:54: ..E140938140940 : : /samgraph/3rdparty/collcachelib/coll_cache_lib/facade.ccEE:  409/samgraph/3rdparty/collcachelib/coll_cache_lib/facade.cc/samgraph/3rdparty/collcachelib/coll_cache_lib/facade.cc] ::before scale, dtype is 0, dim is 256409409
] ] before scale, dtype is 0, dim is 256before scale, dtype is 0, dim is 256[

2023-04-12 03:49:54.[141058[2023-04-12 03:49:54: 2023-04-12 03:49:54.E.141075 141077: /samgraph/3rdparty/collcachelib/coll_cache_lib/facade.cc: E:E 415 /samgraph/3rdparty/collcachelib/coll_cache_lib/facade.cc] /samgraph/3rdparty/collcachelib/coll_cache_lib/facade.cc:after scale, dtype is 7, new dim is 64:415
415] ] after scale, dtype is 7, new dim is 64after scale, dtype is 7, new dim is 64

[2023-04-12 03:49:54.142069: E /samgraph/3rdparty/collcachelib/coll_cache_lib/coll_cache/asymm_link_desc.cc:201] assigning 8 to cpu
[2023-04-12 03:49:54.142098: E /samgraph/3rdparty/collcachelib/coll_cache_lib/coll_cache/asymm_link_desc.cc[:2023-04-12 03:49:54201[.] 2023-04-12 03:49:54142116assigning 8 to cpu.: 
142119E:  E/samgraph/3rdparty/collcachelib/coll_cache_lib/coll_cache/asymm_link_desc.cc :/samgraph/3rdparty/collcachelib/coll_cache_lib/coll_cache/asymm_link_desc.cc201:] 218[assigning 8 to cpu] 2023-04-12 03:49:54
build symm link desc with 4X Tesla V100-SXM2-16GB out of 4.
142195: E /samgraph/3rdparty/collcachelib/coll_cache_lib/coll_cache/asymm_link_desc.cc[:2023-04-12 03:49:54218.] 142241build symm link desc with 4X Tesla V100-SXM2-16GB out of 4: [
E2023-04-12 03:49:54 ./samgraph/3rdparty/collcachelib/coll_cache_lib/coll_cache/asymm_link_desc.cc142258:[: 2182023-04-12 03:49:54E] . build symm link desc with 4X Tesla V100-SXM2-16GB out of 4142295/samgraph/3rdparty/collcachelib/coll_cache_lib/coll_cache/asymm_link_desc.cc
: :E219 ] /samgraph/3rdparty/collcachelib/coll_cache_lib/coll_cache/asymm_link_desc.cc[remote time is 9.21053:2023-04-12 03:49:54
219.] 142356[remote time is 9.21053: 2023-04-12 03:49:54
E. 142385[/samgraph/3rdparty/collcachelib/coll_cache_lib/coll_cache/asymm_link_desc.cc: 2023-04-12 03:49:54:E.219 142411] /samgraph/3rdparty/collcachelib/coll_cache_lib/coll_cache/asymm_link_desc.cc: remote time is 9.21053:E
220 ] [/samgraph/3rdparty/collcachelib/coll_cache_lib/coll_cache/asymm_link_desc.cccpu time is 31.8182
2023-04-12 03:49:54.:142481220: ] E[cpu time is 31.8182 2023-04-12 03:49:54
/samgraph/3rdparty/collcachelib/coll_cache_lib/coll_cache/asymm_link_desc.cc.:142523220: ] Ecpu time is 31.8182[ 
2023-04-12 03:49:54/samgraph/3rdparty/collcachelib/coll_cache_lib/facade.cc.:142574425: [] E2023-04-12 03:49:54registering cpu data with 16.00 GB .
/samgraph/3rdparty/collcachelib/coll_cache_lib/facade.cc142609:: 425E]  registering cpu data with 16.00 GB/samgraph/3rdparty/collcachelib/coll_cache_lib/facade.cc
:425] registering cpu data with 16.00 GB
[2023-04-12 03:49:57.264258: E /samgraph/3rdparty/collcachelib/coll_cache_lib/facade.cc:427[] 2023-04-12 03:49:57registering cpu data done..
264313: E /samgraph/3rdparty/collcachelib/coll_cache_lib/facade.cc:427] registering cpu data done.
[2023-04-12 03:49:57.275032: E /samgraph/3rdparty/collcachelib/coll_cache_lib/facade.cc:427] registering cpu data done.
[2023-04-12 03:49:58.874842: E /samgraph/3rdparty/collcachelib/coll_cache_lib/freq_recorder.cc:269] freq recorder global combine from 94062104 to 37944175
[2023-04-12 03:50:03.123715: E /samgraph/3rdparty/collcachelib/coll_cache_lib/freq_recorder.cc:286] top 5 freq is 218,216,215,214,212
[2023-04-12 03:50:03.123865: E /samgraph/3rdparty/collcachelib/coll_cache_lib/run_config.cc:140] using concurrent impl MPSPhase
[2023-04-12 03:50:03.123905: E /samgraph/3rdparty/collcachelib/coll_cache_lib/facade.cc:409] before scale, dtype is 0, dim is 256
[2023-04-12 03:50:03.123939: E /samgraph/3rdparty/collcachelib/coll_cache_lib/facade.cc:415] after scale, dtype is 7, new dim is 64
[2023-04-12 03:50:03.124292: E /samgraph/3rdparty/collcachelib/coll_cache_lib/coll_cache/asymm_link_desc.cc:201] assigning 8 to cpu
[2023-04-12 03:50:03.124345: E /samgraph/3rdparty/collcachelib/coll_cache_lib/coll_cache/asymm_link_desc.cc:218] build symm link desc with 4X Tesla V100-SXM2-16GB out of 4
[2023-04-12 03:50:03.124422: E /samgraph/3rdparty/collcachelib/coll_cache_lib/coll_cache/asymm_link_desc.cc:219] remote time is 9.21053
[2023-04-12 03:50:03.124457: E /samgraph/3rdparty/collcachelib/coll_cache_lib/coll_cache/asymm_link_desc.cc:220] cpu time is 31.8182
[2023-04-12 03:50:03.124504: E /samgraph/3rdparty/collcachelib/coll_cache_lib/facade.cc:425] registering cpu data with 16.00 GB
[2023-04-12 03:50:04.775388: E /samgraph/3rdparty/collcachelib/coll_cache_lib/facade.cc:427] registering cpu data done.
[2023-04-12 03:50:04.775478: E /samgraph/3rdparty/collcachelib/coll_cache_lib/facade.cc:174] creating solver
[2023-04-12 03:50:04.775508: E /samgraph/3rdparty/collcachelib/coll_cache_lib/facade.cc:214] solver created. now build & solve
[2023-04-12 03:50:05.110341: E /samgraph/3rdparty/collcachelib/coll_cache_lib/facade.cc:218] solver built. now solve
block 0 storage is 00000001
	access is	0	0	0	0	
block 1 storage is 00000010
	access is	1	1	1	1	
block 2 storage is 00000100
	access is	2	2	2	2	
block 3 storage is 00001000
	access is	3	3	3	3	
block 4 storage is 00000000
	access is	4	4	4	4	
[2023-04-12 03:50:05.263505: E /samgraph/3rdparty/collcachelib/coll_cache_lib/facade.cc:222] solver solved
[2023-04-12 03:50:05.264964: E /samgraph/3rdparty/collcachelib/coll_cache_lib/facade.cc:437] 0 solved master
[2023-04-12 03:50:05.265011: E /samgraph/3rdparty/collcachelib/coll_cache_lib/facade.cc:444] 0 solved
[2023-04-12 03:50:05.265043: E /samgraph/3rdparty/collcachelib/coll_cache_lib/facade.cc:447] worker 0 thread 0 initing device 0
[2023-04-12 03:50:05.265811: E /samgraph/3rdparty/collcachelib/coll_cache_lib/cache_context.cu:2308] Building Coll Cache with ... num gpu device is 4
[2023-04-12 03:50:05.265923: E /samgraph/3rdparty/collcachelib/coll_cache_lib/cuda/cache_hashtable.cuh:611] per src size local is 721791
[2023-04-12 03:50:05.277607: E /samgraph/3rdparty/collcachelib/coll_cache_lib/facade.cc:444] 1 solved
[2023-04-12 03:50:05.277678: E /samgraph/3rdparty/collcachelib/coll_cache_lib/facade.cc:447] worker 0 thread 1 initing device 1
[2023-04-12 03:50:05.278205: E /samgraph/3rdparty/collcachelib/coll_cache_lib/cache_context.cu:2308] Building Coll Cache with ... num gpu device is 4
[2023-04-12 03:50:05.285921: E /samgraph/3rdparty/collcachelib/coll_cache_lib/facade.cc:444] 2 solved
[2023-04-12 03:50:05.285990: E /samgraph/3rdparty/collcachelib/coll_cache_lib/facade.cc:447] worker 0 thread 2 initing device 2
[2023-04-12 03:50:05.286448: E /samgraph/3rdparty/collcachelib/coll_cache_lib/cache_context.cu:2308] Building Coll Cache with ... num gpu device is 4
[2023-04-12 03:50:05.287349: E /samgraph/3rdparty/collcachelib/coll_cache_lib/facade.cc:444] 3 solved
[2023-04-12 03:50:05.287422: E /samgraph/3rdparty/collcachelib/coll_cache_lib/facade.cc:447] worker 0 thread 3 initing device 3
[2023-04-12 03:50:05.288012: E /samgraph/3rdparty/collcachelib/coll_cache_lib/cache_context.cu:2308] Building Coll Cache with ... num gpu device is 4
[2023-04-12 03:50:05.292981: E /samgraph/3rdparty/collcachelib/coll_cache_lib/cache_context.cu:2350] num cpu nodes is 62984034
[2023-04-12 03:50:05.306880: E /samgraph/3rdparty/collcachelib/coll_cache_lib/cache_context.cu:2350] num cpu nodes is 62984034
[2023-04-12 03:50:05.317171: E /samgraph/3rdparty/collcachelib/coll_cache_lib/cache_context.cu:2350] num cpu nodes is 62984034
[2023-04-12 03:50:05.317735: E /samgraph/3rdparty/collcachelib/coll_cache_lib/cache_context.cu:2350] num cpu nodes is 62984034
[2023-04-12 03:50:05.351495: E /samgraph/3rdparty/collcachelib/coll_cache_lib/cuda/cache_hashtable.cu:355] create a hashtable with 2624332 possible elem, scale to 8388608
[2023-04-12 03:50:05.351558: E /samgraph/3rdparty/collcachelib/coll_cache_lib/cuda/cache_hashtable.cu:360] SimpleHashTable allocating 64.00 MB
[2023-04-12 03:50:05.363331: E /samgraph/3rdparty/collcachelib/coll_cache_lib/cuda/cache_hashtable.cu:355] create a hashtable with 2624332 possible elem, scale to 8388608
[2023-04-12 03:50:05.363389: E /samgraph/3rdparty/collcachelib/coll_cache_lib/cuda/cache_hashtable.cu:360] SimpleHashTable allocating 64.00 MB
[2023-04-12 03:50:05.374582: E /samgraph/3rdparty/collcachelib/coll_cache_lib/cuda/cache_hashtable.cu:355] create a hashtable with 2624332 possible elem, scale to 8388608
[2023-04-12 03:50:05.374636: E /samgraph/3rdparty/collcachelib/coll_cache_lib/cuda/cache_hashtable.cu:360] SimpleHashTable allocating 64.00 MB
[2023-04-12 03:50:05.374670: E /samgraph/3rdparty/collcachelib/coll_cache_lib/cuda/cache_hashtable.cu:355] create a hashtable with 2624332 possible elem, scale to 8388608
[2023-04-12 03:50:05.374720: E /samgraph/3rdparty/collcachelib/coll_cache_lib/cuda/cache_hashtable.cu:360] SimpleHashTable allocating 64.00 MB
[2023-04-12 03:50:05.394494: E /samgraph/3rdparty/collcachelib/coll_cache_lib/common.cc:107] too many mem allocated for forcescale?721692->65609
[2023-04-12 03:50:05.395172: E /samgraph/3rdparty/collcachelib/coll_cache_lib/common.cc:107] too many mem allocated for forcescale?721692->65609
[2023-04-12 03:50:05.395279: E /samgraph/3rdparty/collcachelib/coll_cache_lib/common.cc:107] too many mem allocated for forcescale?721692->65609
[2023-04-12 03:50:05.395322: E /samgraph/3rdparty/collcachelib/coll_cache_lib/common.cc:107] too many mem allocated for forcescale?721692->65609
[2023-04-12 03:50:05.395767: E /samgraph/3rdparty/collcachelib/coll_cache_lib/cache_context.cu:2427] Asymm Coll cache (policy: clique_part) | local 656083 / 65608366 nodes ( 1.00 %~1.00 %) | remote 1968249 / 65608366 nodes ( 3.00 %) | cpu 62984034 / 65608366 nodes ( 96.00 %) | 704.78 MB | 0.117527 secs 
[2023-04-12 03:50:05.430549: E /samgraph/3rdparty/collcachelib/coll_cache_lib/cache_context.cu:2427] Asymm Coll cache (policy: clique_part) | local 656083 / 65608366 nodes ( 1.00 %~1.00 %) | remote 1968249 / 65608366 nodes ( 3.00 %) | cpu 62984034 / 65608366 nodes ( 96.00 %) | 704.78 MB | 0.144062 secs 
[2023-04-12 03:50:05.440740: E /samgraph/3rdparty/collcachelib/coll_cache_lib/cache_context.cu:2427] Asymm Coll cache (policy: clique_part) | local 656083 / 65608366 nodes ( 1.00 %~1.00 %) | remote 1968249 / 65608366 nodes ( 3.00 %) | cpu 62984034 / 65608366 nodes ( 96.00 %) | 704.78 MB | 0.151643 secs 
[2023-04-12 03:50:05.446632: E /samgraph/3rdparty/collcachelib/coll_cache_lib/cache_context.cu:2427] Asymm Coll cache (policy: clique_part) | local 656083 / 65608366 nodes ( 1.00 %~1.00 %) | remote 1968249 / 65608366 nodes ( 3.00 %) | cpu 62984034 / 65608366 nodes ( 96.00 %) | 704.78 MB | 0.180783 secs 
[2023-04-12 03:50:05.471443: W /samgraph/3rdparty/collcachelib/coll_cache_lib/cache_context.cu:3946] before create ctx, mem is 6.11 GB
[2023-04-12 03:50:05.471671: W /samgraph/3rdparty/collcachelib/coll_cache_lib/cache_context.cu:3946] before create ctx, mem is 6.11 GB
[2023-04-12 03:50:05.472007: W /samgraph/3rdparty/collcachelib/coll_cache_lib/cache_context.cu:3946] before create ctx, mem is 6.11 GB
[2023-04-12 03:50:05.472276: W /samgraph/3rdparty/collcachelib/coll_cache_lib/cache_context.cu:3946] before create ctx, mem is 6.11 GB
[2023-04-12 03:50:10.476913: W /samgraph/3rdparty/collcachelib/coll_cache_lib/cache_context.cu:3946] after create ctx, mem is 7.77 GB
[2023-04-12 03:50:10.477420: W /samgraph/3rdparty/collcachelib/coll_cache_lib/cache_context.cu:3946] after create stream, mem is 7.77 GB
[2023-04-12 03:50:10.555059: W /samgraph/3rdparty/collcachelib/coll_cache_lib/cache_context.cu:3946] after create ctx, mem is 7.80 GB
[2023-04-12 03:50:10.555167: W /samgraph/3rdparty/collcachelib/coll_cache_lib/cache_context.cu:3946] after create stream, mem is 7.80 GB
[2023-04-12 03:50:10.641693: W /samgraph/3rdparty/collcachelib/coll_cache_lib/cache_context.cu:3946] after create ctx, mem is 7.83 GB
[2023-04-12 03:50:10.642015: W /samgraph/3rdparty/collcachelib/coll_cache_lib/cache_context.cu:3946] after create stream, mem is 7.83 GB
[2023-04-12 03:50:10.667579: W /samgraph/3rdparty/collcachelib/coll_cache_lib/cache_context.cu:3946] after create ctx, mem is 7.84 GB
[2023-04-12 03:50:10.667689: W /samgraph/3rdparty/collcachelib/coll_cache_lib/cache_context.cu:3946] after create stream, mem is 7.84 GB
/usr/local/lib/python3.8/dist-packages/torch/nn/parallel/scatter_gather.py:9: UserWarning: is_namedtuple is deprecated, please use the python checks instead
  warnings.warn("is_namedtuple is deprecated, please use the python checks instead")
/usr/local/lib/python3.8/dist-packages/torch/nn/parallel/scatter_gather.py:9: UserWarning: is_namedtuple is deprecated, please use the python checks instead
  warnings.warn("is_namedtuple is deprecated, please use the python checks instead")
/usr/local/lib/python3.8/dist-packages/torch/nn/parallel/scatter_gather.py:9: UserWarning: is_namedtuple is deprecated, please use the python checks instead
  warnings.warn("is_namedtuple is deprecated, please use the python checks instead")
/usr/local/lib/python3.8/dist-packages/torch/nn/parallel/scatter_gather.py:9: UserWarning: is_namedtuple is deprecated, please use the python checks instead
  warnings.warn("is_namedtuple is deprecated, please use the python checks instead")
