succeed=True
[CUDA] cuda: usage: 5.43 GB
0 :  {link #0 : 1}, {link #1 : 2}, {link #2 : 3},
1 :  {link #0 : 2}, {link #1 : 3}, {link #2 : 0},
2 :  {link #0 : 3}, {link #1 : 0}, {link #2 : 1},
3 :  {link #0 : 0}, {link #1 : 1}, {link #2 : 2},
0 :  {link #0 : 1}, {link #1 : 2}, {link #2 : 3},
1 :  {link #0 : 2}, {link #1 : 3}, {link #2 : 0},
2 :  {link #0 : 3}, {link #1 : 0}, {link #2 : 1},
3 :  {link #0 : 0}, {link #1 : 1}, {link #2 : 2},
0 :  {link #0 : 1}, {link #1 : 2}, {link #2 : 3},
1 :  {link #0 : 2}, {link #1 : 3}, {link #2 : 0},
2 :  {link #0 : 3}, {link #1 : 0}, {link #2 : 1},
3 :  {link #0 : 0}, {link #1 : 1}, {link #2 : 2},
0 : local 72, cpu 8 {link #0 : g1 24}, {link #1 : g2 24}, {link #2 : g3 24},
1 : local 72, cpu 8 {link #0 : g2 24}, {link #1 : g3 24}, {link #2 : g0 24},
2 : local 72, cpu 8 {link #0 : g3 24}, {link #1 : g0 24}, {link #2 : g1 24},
3 : local 72, cpu 8 {link #0 : g0 24}, {link #1 : g1 24}, {link #2 : g2 24},
0 : local 72, cpu 8 {link #0 : g1 24}, {link #1 : g2 24}, {link #2 : g3 24},
1 : local 72, cpu 8 {link #0 : g2 24}, {link #1 : g3 24}, {link #2 : g0 24},
2 : local 72, cpu 8 {link #0 : g3 24}, {link #1 : g0 24}, {link #2 : g1 24},
3 : local 72, cpu 8 {link #0 : g0 24}, {link #1 : g1 24}, {link #2 : g2 24},
0 : local 72, cpu 8 {link #0 : g1 24}, {link #1 : g2 24}, {link #2 : g3 24},
1 : local 72, cpu 8 {link #0 : g2 24}, {link #1 : g3 24}, {link #2 : g0 24},
2 : local 72, cpu 8 {link #0 : g3 24}, {link #1 : g0 24}, {link #2 : g1 24},
3 : local 72, cpu 8 {link #0 : g0 24}, {link #1 : g1 24}, {link #2 : g2 24},
0 :  {link #0 : 1}, {link #1 : 2}, {link #2 : 3},
1 :  {link #0 : 2}, {link #1 : 3}, {link #2 : 0},
2 :  {link #0 : 3}, {link #1 : 0}, {link #2 : 1},
3 :  {link #0 : 0}, {link #1 : 1}, {link #2 : 2},
0 : local 72, cpu 8 {link #0 : g1 24}, {link #1 : g2 24}, {link #2 : g3 24},
1 : local 72, cpu 8 {link #0 : g2 24}, {link #1 : g3 24}, {link #2 : g0 24},
2 : local 72, cpu 8 {link #0 : g3 24}, {link #1 : g0 24}, {link #2 : g1 24},
3 : local 72, cpu 8 {link #0 : g0 24}, {link #1 : g1 24}, {link #2 : g2 24},
coll_cache:optimal_rep_storage=0
coll_cache:optimal_part_storage=0.24
coll_cache:optimal_cpu_storage=0.76
coll_cache:optimal_local_storage=0.06
coll_cache:optimal_remote_storage=0.18
coll_cache:optimal_local_rate=0.25
coll_cache:optimal_remote_rate=0.75
coll_cache:optimal_cpu_rate=0
z=2033.67,2033.67,2033.67,2033.67,
test_result:init:feat_nbytes=56862697472
test_result:init:cache_nbytes=3468624384
test_result:init:feat_nbytes=56862697472
test_result:init:cache_nbytes=3468624384
test_result:init:feat_nbytes=56862697472
test_result:init:cache_nbytes=3468624384
test_result:init:feat_nbytes=56862697472
test_result:init:cache_nbytes=3468624384
    [Step(average) Profiler Level 1 E3 S147]
        L1  sample           0.004358 | send           0.000000
        L1  recv             0.000000 | copy           0.004281 | convert time 0.000000 | train  0.008985
        L1  feature nbytes  520.49 MB | label nbytes 0.00 Bytes
        L1  id nbytes      0.00 Bytes | graph nbytes 0.00 Bytes
        L1  miss nbytes       8.97 MB | remote nbytes  383.66 MB
        L1  num nodes               0 | num samples           0
    [Step(average) Profiler Level 2 E3 S147]
        L2  shuffle     0.000000 | core sample  0.000000 | id remap        0.000000
        L2  graph copy  0.000000 | id copy      0.000000 | cache feat copy 0.004281
        L2  last layer sample time 0.000000 | size 0.000000
    [Step(average) Profiler Level 3 E3 S147]
        L3  khop sample coo  0.000000 | khop sort coo      0.000000 | khop count edge     0.000000 | khop compact edge 0.000000
        L3  walk sample coo  0.000000 | walk topk total    0.000000 | walk topk step1     0.000000 | walk topk step2   0.000000
        L3  walk topk step3  0.000000 | walk topk step4    0.000000 | walk topk step5     0.000000
        L3  walk topk step6  0.000000 | walk topk step7    0.000000
        L3  remap unique     0.000000 | remap populate     0.000000 | remap mapnode       0.000000 | remap mapedge     0.000000
        L3  cache get_index  0.000876 | cache copy_index   0.000000 | cache extract_miss  0.000000
        L3  cache copy_miss  0.000000 | cache combine_miss 0.000894 | cache combine cache 0.000065 | cache combine remote 0.003298
        L3  label extract  0.000000
    [Profiler Level Percentiles E3 S147]
        p50.00_tail_logl2featcopy=0.004267
        p90.00_tail_logl2featcopy=0.004466
        p95.00_tail_logl2featcopy=0.004483
        p99.00_tail_logl2featcopy=0.005968
        p99.90_tail_logl2featcopy=0.008504
[CUDA] cuda: usage: 12.58 GB
Rank=2, Graph loaded.
!!!!Train_dataloader(with 37 items) enumerate latency: 1.472616195678711
!!!!Train_data_list(with 37 items) enumerate latency: 3.62396240234375e-05, transfer latency: 1.441868543624878
presamping
presamping takes 2.132307767868042
config:eval_tsp="2023-04-12 03:26:29"
config:num_worker=4
config:root_dir=/nvme/songxiaoniu/graph-learning/wholegraph
config:graph_name=ogbn-papers100M
config:epochs=4
config:batchsize=8000
config:skip_epoch=2
config:local_step=250
config:presc_epoch=2
config:neighbors=10,25
config:hiddensize=256
config:num_layer=2
config:model=sage
config:framework=dgl
config:dataloaderworkers=0
config:dropout=0.5
config:lr=0.003
config:use_nccl=False
config:use_amp=True
config:use_collcache=True
config:cache_percentage=0.06
config:cache_policy=clique_part
config:omp_thread_num=40
config:unsupervised=False
config:classnum=172
config:global_barrier=<multiprocessing.synchronize.Barrier object at 0x7f62530e3430>
config:worker_id=0
creating_intra_node_communicator root=0, local_size=4, world_size=4
Rank=0, Graph loaded.
!!!!Train_dataloader(with 37 items) enumerate latency: 1.4234397411346436
!!!!Train_data_list(with 37 items) enumerate latency: 6.9141387939453125e-06, transfer latency: 1.4200410842895508
epoch=4 total_steps=148
presamping
presamping takes 1.9938666820526123
start training...
[Epoch 0], time=1.7824528217315674, loss=5.043973445892334
[Epoch 1], time=0.6568043231964111, loss=4.948236465454102
[Epoch 2], time=0.6566660404205322, loss=4.863015651702881
[Epoch 3], time=0.6502084732055664, loss=4.787501811981201
|===========================================================================|
|                  PyTorch CUDA memory summary, device ID 0                 |
|---------------------------------------------------------------------------|
|            CUDA OOMs: 0            |        cudaMalloc retries: 0         |
|===========================================================================|
|        Metric         | Cur Usage  | Peak Usage | Tot Alloc  | Tot Freed  |
|---------------------------------------------------------------------------|
| Allocated memory      |   75433 KB |  395817 KB |  209223 MB |  209150 MB |
|       from large pool |   68862 KB |  389625 KB |  206732 MB |  206665 MB |
|       from small pool |    6571 KB |    9183 KB |    2490 MB |    2484 MB |
|---------------------------------------------------------------------------|
| Active memory         |   75433 KB |  395817 KB |  209223 MB |  209150 MB |
|       from large pool |   68862 KB |  389625 KB |  206732 MB |  206665 MB |
|       from small pool |    6571 KB |    9183 KB |    2490 MB |    2484 MB |
|---------------------------------------------------------------------------|
| GPU reserved memory   |    1026 MB |    1026 MB |    1026 MB |       0 B  |
|       from large pool |    1014 MB |    1014 MB |    1014 MB |       0 B  |
|       from small pool |      12 MB |      12 MB |      12 MB |       0 B  |
|---------------------------------------------------------------------------|
| Non-releasable memory |   43350 KB |  471117 KB |  228061 MB |  228019 MB |
|       from large pool |   39682 KB |  466766 KB |  225460 MB |  225421 MB |
|       from small pool |    3668 KB |    6922 KB |    2600 MB |    2597 MB |
|---------------------------------------------------------------------------|
| Allocations           |      55    |      69    |   23528    |   23473    |
|       from large pool |      11    |      22    |    8542    |    8531    |
|       from small pool |      44    |      49    |   14986    |   14942    |
|---------------------------------------------------------------------------|
| Active allocs         |      55    |      69    |   23528    |   23473    |
|       from large pool |      11    |      22    |    8542    |    8531    |
|       from small pool |      44    |      49    |   14986    |   14942    |
|---------------------------------------------------------------------------|
| GPU reserved segments |      20    |      20    |      20    |       0    |
|       from large pool |      14    |      14    |      14    |       0    |
|       from small pool |       6    |       6    |       6    |       0    |
|---------------------------------------------------------------------------|
| Non-releasable allocs |      18    |      33    |    9509    |    9491    |
|       from large pool |       5    |      16    |    5132    |    5127    |
|       from small pool |      13    |      22    |    4377    |    4364    |
|---------------------------------------------------------------------------|
| Oversize allocations  |       0    |       0    |       0    |       0    |
|---------------------------------------------------------------------------|
| Oversize GPU segments |       0    |       0    |       0    |       0    |
|===========================================================================|

[TRAIN_TIME] train time is 3.747011 seconds
[EPOCH_TIME] 0.936753 seconds, maybe large due to not enough epoch skipped.
[EPOCH_TIME] 0.653590 seconds
Rank=3, Graph loaded.
!!!!Train_dataloader(with 37 items) enumerate latency: 1.861379861831665
!!!!Train_data_list(with 37 items) enumerate latency: 6.4373016357421875e-06, transfer latency: 1.7929589748382568
presamping
presamping takes 2.0599896907806396
Rank=1, Graph loaded.
!!!!Train_dataloader(with 37 items) enumerate latency: 1.5012691020965576
!!!!Train_data_list(with 37 items) enumerate latency: 7.3909759521484375e-06, transfer latency: 1.4302163124084473
presamping
presamping takes 1.5552754402160645

