/usr/lib/python3/dist-packages/requests/__init__.py:89: RequestsDependencyWarning: urllib3 (1.26.12) or chardet (3.0.4) doesn't match a supported version!
  warnings.warn("urllib3 ({}) or chardet ({}) doesn't match a supported "
[W socket.cpp:601] [c10d] The client socket has failed to connect to [localhost]:12335 (errno: 99 - Cannot assign requested address).
[W socket.cpp:601] [c10d] The client socket has failed to connect to [localhost]:12335 (errno: 99 - Cannot assign requested address).
Rank=3 done reading 27764987 embedding vectors from file /nvme/songxiaoniu/graph-learning/wholegraph/ogbn_papers100M/converted/homograph_csr_row_ptr
Rank=1 done reading 27764990 embedding vectors from file /nvme/songxiaoniu/graph-learning/wholegraph/ogbn_papers100M/converted/homograph_csr_row_ptr
Rank=0 done reading 27764990 embedding vectors from file /nvme/songxiaoniu/graph-learning/wholegraph/ogbn_papers100M/converted/homograph_csr_row_ptr
Rank=2 done reading 27764990 embedding vectors from file /nvme/songxiaoniu/graph-learning/wholegraph/ogbn_papers100M/converted/homograph_csr_row_ptr
Rank=1 done reading 807842936 embedding vectors from file /nvme/songxiaoniu/graph-learning/wholegraph/ogbn_papers100M/converted/homograph_csr_col_idx
Rank=3 done reading 807842936 embedding vectors from file /nvme/songxiaoniu/graph-learning/wholegraph/ogbn_papers100M/converted/homograph_csr_col_idx
Rank=2 done reading 807842936 embedding vectors from file /nvme/songxiaoniu/graph-learning/wholegraph/ogbn_papers100M/converted/homograph_csr_col_idx
Rank=0 done reading 807842936 embedding vectors from file /nvme/songxiaoniu/graph-learning/wholegraph/ogbn_papers100M/converted/homograph_csr_col_idx
[2023-04-13 07:51:32.987416: E /samgraph/3rdparty/collcachelib/coll_cache_lib/freq_recorder.cc:337] bulk append 1271091 into 0
[2023-04-13 07:51:32.993647: E /samgraph/3rdparty/collcachelib/coll_cache_lib/freq_recorder.cc:347] bulk append 7457461
[2023-04-13 07:51:32.993975: E /samgraph/3rdparty/collcachelib/coll_cache_lib/freq_recorder.cc:337] bulk append 1270916 into 1271091
[2023-04-13 07:51:33.   169: E /samgraph/3rdparty/collcachelib/coll_cache_lib/freq_recorder.cc:347] bulk append 7466884
[2023-04-13 07:51:33.   496: E /samgraph/3rdparty/collcachelib/coll_cache_lib/freq_recorder.cc:337] bulk append 1271588 into 2542007
[2023-04-13 07:51:33.  6685: E /samgraph/3rdparty/collcachelib/coll_cache_lib/freq_recorder.cc:347] bulk append 7452845
[2023-04-13 07:51:33.  7007: E /samgraph/3rdparty/collcachelib/coll_cache_lib/freq_recorder.cc:337] bulk append 1270434 into 3813595
[2023-04-13 07:51:33. 13182: E /samgraph/3rdparty/collcachelib/coll_cache_lib/freq_recorder.cc:347] bulk append 7433082
[2023-04-13 07:51:33. 13506: E /samgraph/3rdparty/collcachelib/coll_cache_lib/freq_recorder.cc:337] bulk append 1268657 into 5084029
[2023-04-13 07:51:33. 19681: E /samgraph/3rdparty/collcachelib/coll_cache_lib/freq_recorder.cc:347] bulk append 7452387
[2023-04-13 07:51:33. 20006: E /samgraph/3rdparty/collcachelib/coll_cache_lib/freq_recorder.cc:337] bulk append 1270808 into 6352686
[2023-04-13 07:51:33. 26176: E /samgraph/3rdparty/collcachelib/coll_cache_lib/freq_recorder.cc:347] bulk append 7473228
[2023-04-13 07:51:33. 26501: E /samgraph/3rdparty/collcachelib/coll_cache_lib/freq_recorder.cc:337] bulk append 1271546 into 7623494
[2023-04-13 07:51:33. 32693: E /samgraph/3rdparty/collcachelib/coll_cache_lib/freq_recorder.cc:347] bulk append 7462580
[2023-04-13 07:51:33. 33014: E /samgraph/3rdparty/collcachelib/coll_cache_lib/freq_recorder.cc:337] bulk append 1271111 into 8895040
[2023-04-13 07:51:33. 39202: E /samgraph/3rdparty/collcachelib/coll_cache_lib/freq_recorder.cc:347] bulk append 7473907
[2023-04-13 07:51:33. 39527: E /samgraph/3rdparty/collcachelib/coll_cache_lib/freq_recorder.cc:337] bulk append 1269778 into 10166151
[2023-04-13 07:51:33. 45691: E /samgraph/3rdparty/collcachelib/coll_cache_lib/freq_recorder.cc:347] bulk append 7469775
[2023-04-13 07:51:33. 46015: E /samgraph/3rdparty/collcachelib/coll_cache_lib/freq_recorder.cc:337] bulk append 1269916 into 11435929
[2023-04-13 07:51:33. 52206: E /samgraph/3rdparty/collcachelib/coll_cache_lib/freq_recorder.cc:347] bulk append 7468225
[2023-04-13 07:51:33. 52562: E /samgraph/3rdparty/collcachelib/coll_cache_lib/freq_recorder.cc:337] bulk append 1061725 into 12705845
[2023-04-13 07:51:33. 57914: E /samgraph/3rdparty/collcachelib/coll_cache_lib/freq_recorder.cc:347] bulk append 7827277
[2023-04-13 07:51:33. 58231: E /samgraph/3rdparty/collcachelib/coll_cache_lib/freq_recorder.cc:337] bulk append 1058644 into 13767570
[2023-04-13 07:51:33. 63516: E /samgraph/3rdparty/collcachelib/coll_cache_lib/freq_recorder.cc:347] bulk append 7835828
[2023-04-13 07:51:33. 63832: E /samgraph/3rdparty/collcachelib/coll_cache_lib/freq_recorder.cc:337] bulk append 1059434 into 14826214
[2023-04-13 07:51:33. 69096: E /samgraph/3rdparty/collcachelib/coll_cache_lib/freq_recorder.cc:347] bulk append 7813758
[2023-04-13 07:51:33. 69413: E /samgraph/3rdparty/collcachelib/coll_cache_lib/freq_recorder.cc:337] bulk append 1058332 into 15885648
[2023-04-13 07:51:33. 74691: E /samgraph/3rdparty/collcachelib/coll_cache_lib/freq_recorder.cc:347] bulk append 7797801
[2023-04-13 07:51:33. 75010: E /samgraph/3rdparty/collcachelib/coll_cache_lib/freq_recorder.cc:337] bulk append 1057800 into 16943980
[2023-04-13 07:51:33. 80270: E /samgraph/3rdparty/collcachelib/coll_cache_lib/freq_recorder.cc:347] bulk append 7817460
[2023-04-13 07:51:33. 80587: E /samgraph/3rdparty/collcachelib/coll_cache_lib/freq_recorder.cc:337] bulk append 1060030 into 18001780
[2023-04-13 07:51:33. 85866: E /samgraph/3rdparty/collcachelib/coll_cache_lib/freq_recorder.cc:347] bulk append 7846520
[2023-04-13 07:51:33. 86184: E /samgraph/3rdparty/collcachelib/coll_cache_lib/freq_recorder.cc:337] bulk append 1059927 into 19061810
[2023-04-13 07:51:33. 91466: E /samgraph/3rdparty/collcachelib/coll_cache_lib/freq_recorder.cc:347] bulk append 7824139
[2023-04-13 07:51:33. 91784: E /samgraph/3rdparty/collcachelib/coll_cache_lib/freq_recorder.cc:337] bulk append 1059742 into 20121737
[2023-04-13 07:51:33. 97060: E /samgraph/3rdparty/collcachelib/coll_cache_lib/freq_recorder.cc:347] bulk append 7841473
[2023-04-13 07:51:33. 97379: E /samgraph/3rdparty/collcachelib/coll_cache_lib/freq_recorder.cc:337] bulk append 1059417 into 21181479
[2023-04-13 07:51:33.102665: E /samgraph/3rdparty/collcachelib/coll_cache_lib/freq_recorder.cc:347] bulk append 7842482
[2023-04-13 07:51:33.102983: E /samgraph/3rdparty/collcachelib/coll_cache_lib/freq_recorder.cc:337] bulk append 1058691 into 22240896
[2023-04-13 07:51:33.108247: E /samgraph/3rdparty/collcachelib/coll_cache_lib/freq_recorder.cc:347] bulk append 7854243
[2023-04-13 07:51:33.108578: E /samgraph/3rdparty/collcachelib/coll_cache_lib/freq_recorder.cc:337] bulk append 1317806 into 23299587
[2023-04-13 07:51:33.114989: E /samgraph/3rdparty/collcachelib/coll_cache_lib/freq_recorder.cc:347] bulk append 8371724
[2023-04-13 07:51:33.115313: E /samgraph/3rdparty/collcachelib/coll_cache_lib/freq_recorder.cc:337] bulk append 1317612 into 24617393
[2023-04-13 07:51:33.121669: E /samgraph/3rdparty/collcachelib/coll_cache_lib/freq_recorder.cc:347] bulk append 8371108
[2023-04-13 07:51:33.121976: E /samgraph/3rdparty/collcachelib/coll_cache_lib/freq_recorder.cc:337] bulk append 1316325 into 25935005
[2023-04-13 07:51:33.128984: E /samgraph/3rdparty/collcachelib/coll_cache_lib/freq_recorder.cc:347] bulk append 8349407
[2023-04-13 07:51:33.129295: E /samgraph/3rdparty/collcachelib/coll_cache_lib/freq_recorder.cc:337] bulk append 1316465 into 27251330
[2023-04-13 07:51:33.136303: E /samgraph/3rdparty/collcachelib/coll_cache_lib/freq_recorder.cc:347] bulk append 8331921
[2023-04-13 07:51:33.136603: E /samgraph/3rdparty/collcachelib/coll_cache_lib/freq_recorder.cc:337] bulk append 1315400 into 28567795
[2023-04-13 07:51:33.142966: E /samgraph/3rdparty/collcachelib/coll_cache_lib/freq_recorder.cc:347] bulk append 8356362
[2023-04-13 07:51:33.143271: E /samgraph/3rdparty/collcachelib/coll_cache_lib/freq_recorder.cc:337] bulk append 1318561 into 29883195
[2023-04-13 07:51:33.149631: E /samgraph/3rdparty/collcachelib/coll_cache_lib/freq_recorder.cc:347] bulk append 8387868
[2023-04-13 07:51:33.149942: E /samgraph/3rdparty/collcachelib/coll_cache_lib/freq_recorder.cc:337] bulk append 1317572 into 31201756
[2023-04-13 07:51:33.156954: E /samgraph/3rdparty/collcachelib/coll_cache_lib/freq_recorder.cc:347] bulk append 8362169
[2023-04-13 07:51:33.157266: E /samgraph/3rdparty/collcachelib/coll_cache_lib/freq_recorder.cc:337] bulk append 1318278 into 32519328
[2023-04-13 07:51:33.164362: E /samgraph/3rdparty/collcachelib/coll_cache_lib/freq_recorder.cc:347] bulk append 8382549
[2023-04-13 07:51:33.164668: E /samgraph/3rdparty/collcachelib/coll_cache_lib/freq_recorder.cc:337] bulk append 1316382 into 33837606
[2023-04-13 07:51:33.171030: E /samgraph/3rdparty/collcachelib/coll_cache_lib/freq_recorder.cc:347] bulk append 8386713
[2023-04-13 07:51:33.171338: E /samgraph/3rdparty/collcachelib/coll_cache_lib/freq_recorder.cc:337] bulk append 1316149 into 35153988
[2023-04-13 07:51:33.177700: E /samgraph/3rdparty/collcachelib/coll_cache_lib/freq_recorder.cc:347] bulk append 8380596
[2023-04-13 07:51:33.178020: E /samgraph/3rdparty/collcachelib/coll_cache_lib/freq_recorder.cc:337] bulk append 1335667 into 36470137
[2023-04-13 07:51:33.184512: E /samgraph/3rdparty/collcachelib/coll_cache_lib/freq_recorder.cc:347] bulk append 7901704
[2023-04-13 07:51:33.184832: E /samgraph/3rdparty/collcachelib/coll_cache_lib/freq_recorder.cc:337] bulk append 1333403 into 37805804
[2023-04-13 07:51:33.191271: E /samgraph/3rdparty/collcachelib/coll_cache_lib/freq_recorder.cc:347] bulk append 7890057
[2023-04-13 07:51:33.191579: E /samgraph/3rdparty/collcachelib/coll_cache_lib/freq_recorder.cc:337] bulk append 1334100 into 39139207
[2023-04-13 07:51:33.198662: E /samgraph/3rdparty/collcachelib/coll_cache_lib/freq_recorder.cc:347] bulk append 7881737
[2023-04-13 07:51:33.198977: E /samgraph/3rdparty/collcachelib/coll_cache_lib/freq_recorder.cc:337] bulk append 1333296 into 40473307
[2023-04-13 07:51:33.205404: E /samgraph/3rdparty/collcachelib/coll_cache_lib/freq_recorder.cc:347] bulk append 7866755
[2023-04-13 07:51:33.205723: E /samgraph/3rdparty/collcachelib/coll_cache_lib/freq_recorder.cc:337] bulk append 1332103 into 41806603
[2023-04-13 07:51:33.212799: E /samgraph/3rdparty/collcachelib/coll_cache_lib/freq_recorder.cc:347] bulk append 7882591
[2023-04-13 07:51:33.213117: E /samgraph/3rdparty/collcachelib/coll_cache_lib/freq_recorder.cc:337] bulk append 1336327 into 43138706
[2023-04-13 07:51:33.220210: E /samgraph/3rdparty/collcachelib/coll_cache_lib/freq_recorder.cc:347] bulk append 7909209
[2023-04-13 07:51:33.220528: E /samgraph/3rdparty/collcachelib/coll_cache_lib/freq_recorder.cc:337] bulk append 1334364 into 44475033
[2023-04-13 07:51:33.226980: E /samgraph/3rdparty/collcachelib/coll_cache_lib/freq_recorder.cc:347] bulk append 7889612
[2023-04-13 07:51:33.227298: E /samgraph/3rdparty/collcachelib/coll_cache_lib/freq_recorder.cc:337] bulk append 1336212 into 45809397
[2023-04-13 07:51:33.234395: E /samgraph/3rdparty/collcachelib/coll_cache_lib/freq_recorder.cc:347] bulk append 7910021
[2023-04-13 07:51:33.234715: E /samgraph/3rdparty/collcachelib/coll_cache_lib/freq_recorder.cc:337] bulk append 1333915 into 47145609
[2023-04-13 07:51:33.241149: E /samgraph/3rdparty/collcachelib/coll_cache_lib/freq_recorder.cc:347] bulk append 7893461
[2023-04-13 07:51:33.241466: E /samgraph/3rdparty/collcachelib/coll_cache_lib/freq_recorder.cc:337] bulk append 1333774 into 48479524
[2023-04-13 07:51:33.247898: E /samgraph/3rdparty/collcachelib/coll_cache_lib/freq_recorder.cc:347] bulk append 7888407
[2023-04-13 07:51:33.248218: E /samgraph/3rdparty/collcachelib/coll_cache_lib/freq_recorder.cc:266] freq recorder global combining
[2023-04-13 07:51:33.[2482532023-04-13 07:51:33: .[E2482552023-04-13 07:51:33 : ./samgraph/3rdparty/collcachelib/coll_cache_lib/facade.ccE248261: : 409/samgraph/3rdparty/collcachelib/coll_cache_lib/facade.ccE] : before scale, dtype is 0, dim is 128409/samgraph/3rdparty/collcachelib/coll_cache_lib/facade.cc
] :before scale, dtype is 0, dim is 128[409
2023-04-13 07:51:33] .[before scale, dtype is 0, dim is 1282483652023-04-13 07:51:33
: .E248394[ : 2023-04-13 07:51:33/samgraph/3rdparty/collcachelib/coll_cache_lib/facade.ccE.: 248423415/samgraph/3rdparty/collcachelib/coll_cache_lib/facade.cc: ] :Eafter scale, dtype is 7, new dim is 32415 
] /samgraph/3rdparty/collcachelib/coll_cache_lib/facade.ccafter scale, dtype is 7, new dim is 32:
415] after scale, dtype is 7, new dim is 32
[2023-04-13 07:51:33.249408: E /samgraph/3rdparty/collcachelib/coll_cache_lib/coll_cache/asymm_link_desc.cc:201[] 2023-04-13 07:51:33assigning 0 to cpu.
249429: E /samgraph/3rdparty/collcachelib/coll_cache_lib/coll_cache/asymm_link_desc.cc:201] [assigning 0 to cpu2023-04-13 07:51:33
[.2023-04-13 07:51:33249455.: 249462E: [ E2023-04-13 07:51:33/samgraph/3rdparty/collcachelib/coll_cache_lib/coll_cache/asymm_link_desc.cc .:/samgraph/3rdparty/collcachelib/coll_cache_lib/coll_cache/asymm_link_desc.cc249495201:: ] 218Eassigning 0 to cpu]  
build symm link desc with 4X Tesla V100-SXM2-16GB out of 4/samgraph/3rdparty/collcachelib/coll_cache_lib/coll_cache/asymm_link_desc.cc
:218] build symm link desc with 4X Tesla V100-SXM2-16GB out of 4
[[2023-04-13 07:51:33[2023-04-13 07:51:33.2023-04-13 07:51:33.249600.249596: 249605: E: E E /samgraph/3rdparty/collcachelib/coll_cache_lib/coll_cache/asymm_link_desc.cc /samgraph/3rdparty/collcachelib/coll_cache_lib/coll_cache/asymm_link_desc.cc:/samgraph/3rdparty/collcachelib/coll_cache_lib/coll_cache/asymm_link_desc.cc:219:218] 219] remote time is 9.21053] build symm link desc with 4X Tesla V100-SXM2-16GB out of 4
remote time is 9.21053

[2023-04-13 07:51:33.249738[: 2023-04-13 07:51:33[E.2023-04-13 07:51:33 249748./samgraph/3rdparty/collcachelib/coll_cache_lib/coll_cache/asymm_link_desc.cc: 249753:E: 220 E] /samgraph/3rdparty/collcachelib/coll_cache_lib/coll_cache/asymm_link_desc.cc cpu time is 31.8182:/samgraph/3rdparty/collcachelib/coll_cache_lib/coll_cache/asymm_link_desc.cc
220:] 219cpu time is 31.8182] 
[remote time is 9.210532023-04-13 07:51:33
.249855[: [2023-04-13 07:51:33E2023-04-13 07:51:33. .249879/samgraph/3rdparty/collcachelib/coll_cache_lib/facade.cc249884: :: E425E ]  /samgraph/3rdparty/collcachelib/coll_cache_lib/facade.ccregistering cpu data with 8.00 GB/samgraph/3rdparty/collcachelib/coll_cache_lib/coll_cache/asymm_link_desc.cc:
:425220] ] registering cpu data with 8.00 GBcpu time is 31.8182

[2023-04-13 07:51:33.250020: E /samgraph/3rdparty/collcachelib/coll_cache_lib/facade.cc:425] registering cpu data with 8.00 GB
[2023-04-13 07:51:34.656803: E /samgraph/3rdparty/collcachelib/coll_cache_lib/facade.cc:427] registering cpu data done.
[2023-04-13 07:51:34.657002: E /samgraph/3rdparty/collcachelib/coll_cache_lib/facade.cc:427] registering cpu data done.
[2023-04-13 07:51:34.663218: E /samgraph/3rdparty/collcachelib/coll_cache_lib/facade.cc:427] registering cpu data done.
[2023-04-13 07:51:35.773950: E /samgraph/3rdparty/collcachelib/coll_cache_lib/freq_recorder.cc:269] freq recorder global combine from 49813298 to 21802111
[2023-04-13 07:51:36.186295: E /samgraph/3rdparty/collcachelib/coll_cache_lib/freq_recorder.cc:286] top 5 freq is 296,296,296,296,296
[2023-04-13 07:51:36.186473: E /samgraph/3rdparty/collcachelib/coll_cache_lib/facade.cc:409] before scale, dtype is 0, dim is 128
[2023-04-13 07:51:36.186534: E /samgraph/3rdparty/collcachelib/coll_cache_lib/facade.cc:415] after scale, dtype is 7, new dim is 32
[2023-04-13 07:51:36.186880: E /samgraph/3rdparty/collcachelib/coll_cache_lib/coll_cache/asymm_link_desc.cc:201] assigning 0 to cpu
[2023-04-13 07:51:36.186927: E /samgraph/3rdparty/collcachelib/coll_cache_lib/coll_cache/asymm_link_desc.cc:218] build symm link desc with 4X Tesla V100-SXM2-16GB out of 4
[2023-04-13 07:51:36.186979: E /samgraph/3rdparty/collcachelib/coll_cache_lib/coll_cache/asymm_link_desc.cc:219] remote time is 9.21053
[2023-04-13 07:51:36.187015: E /samgraph/3rdparty/collcachelib/coll_cache_lib/coll_cache/asymm_link_desc.cc:220] cpu time is 31.8182
[2023-04-13 07:51:36.187071: E /samgraph/3rdparty/collcachelib/coll_cache_lib/facade.cc:425] registering cpu data with 8.00 GB
[2023-04-13 07:51:36.908422: E /samgraph/3rdparty/collcachelib/coll_cache_lib/facade.cc:427] registering cpu data done.
[2023-04-13 07:51:36.908510: E /samgraph/3rdparty/collcachelib/coll_cache_lib/facade.cc:174] creating solver
[2023-04-13 07:51:36.908542: E /samgraph/3rdparty/collcachelib/coll_cache_lib/facade.cc:214] solver created. now build & solve
[2023-04-13 07:51:36.955190: E /samgraph/3rdparty/collcachelib/coll_cache_lib/coll_cache/optimal_solver_class.cc:296] reconfigured max freq to be 296
[2023-04-13 07:51:36.955239: E /samgraph/3rdparty/collcachelib/coll_cache_lib/coll_cache/optimal_solver_class.cc:298] reconfigured num slot to be 32
[2023-04-13 07:51:36.955266: W /samgraph/3rdparty/collcachelib/coll_cache_lib/coll_cache/optimal_solver_class.cc:305] counting slots...
[2023-04-13 07:51:37.320749: W /samgraph/3rdparty/collcachelib/coll_cache_lib/coll_cache/optimal_solver_class.cc:345] Final num slot is 28
[2023-04-13 07:51:37.320865: W /samgraph/3rdparty/collcachelib/coll_cache_lib/coll_cache/optimal_solver_class.cc:349] preparing block granularity...
[2023-04-13 07:51:37.320900: E /samgraph/3rdparty/collcachelib/coll_cache_lib/coll_cache/optimal_solver_class.cc:377] slot 0 has 44251 nodes, max_size set to 11063, #slice=4
[2023-04-13 07:51:37.320933: E /samgraph/3rdparty/collcachelib/coll_cache_lib/coll_cache/optimal_solver_class.cc:377] slot 1 has 71802 nodes, max_size set to 17951, #slice=4
[2023-04-13 07:51:37.320965: E /samgraph/3rdparty/collcachelib/coll_cache_lib/coll_cache/optimal_solver_class.cc:377] slot 2 has 107415 nodes, max_size set to 26854, #slice=4
[2023-04-13 07:51:37.320998: E /samgraph/3rdparty/collcachelib/coll_cache_lib/coll_cache/optimal_solver_class.cc:377] slot 3 has 141808 nodes, max_size set to 35452, #slice=4
[2023-04-13 07:51:37.321030: E /samgraph/3rdparty/collcachelib/coll_cache_lib/coll_cache/optimal_solver_class.cc:377] slot 4 has 167369 nodes, max_size set to 41843, #slice=4
[2023-04-13 07:51:37.321062: E /samgraph/3rdparty/collcachelib/coll_cache_lib/coll_cache/optimal_solver_class.cc:377] slot 5 has 180604 nodes, max_size set to 45151, #slice=4
[2023-04-13 07:51:37.321094: E /samgraph/3rdparty/collcachelib/coll_cache_lib/coll_cache/optimal_solver_class.cc:377] slot 6 has 218145 nodes, max_size set to 54537, #slice=4
[2023-04-13 07:51:37.321126: E /samgraph/3rdparty/collcachelib/coll_cache_lib/coll_cache/optimal_solver_class.cc:377] slot 7 has 244593 nodes, max_size set to 61149, #slice=4
[2023-04-13 07:51:37.321158: E /samgraph/3rdparty/collcachelib/coll_cache_lib/coll_cache/optimal_solver_class.cc:377] slot 8 has 256023 nodes, max_size set to 64006, #slice=4
[2023-04-13 07:51:37.321190: E /samgraph/3rdparty/collcachelib/coll_cache_lib/coll_cache/optimal_solver_class.cc:377] slot 9 has 311576 nodes, max_size set to 77894, #slice=4
[2023-04-13 07:51:37.321222: E /samgraph/3rdparty/collcachelib/coll_cache_lib/coll_cache/optimal_solver_class.cc:377] slot 10 has 332937 nodes, max_size set to 83235, #slice=4
[2023-04-13 07:51:37.321254: E /samgraph/3rdparty/collcachelib/coll_cache_lib/coll_cache/optimal_solver_class.cc:377] slot 11 has 325032 nodes, max_size set to 81258, #slice=4
[2023-04-13 07:51:37.321286: E /samgraph/3rdparty/collcachelib/coll_cache_lib/coll_cache/optimal_solver_class.cc:377] slot 12 has 423283 nodes, max_size set to 105821, #slice=4
[2023-04-13 07:51:37.321319: E /samgraph/3rdparty/collcachelib/coll_cache_lib/coll_cache/optimal_solver_class.cc:377] slot 13 has 367900 nodes, max_size set to 91975, #slice=4
[2023-04-13 07:51:37.321351: E /samgraph/3rdparty/collcachelib/coll_cache_lib/coll_cache/optimal_solver_class.cc:377] slot 14 has 472282 nodes, max_size set to 111059, #slice=8
[2023-04-13 07:51:37.321383: E /samgraph/3rdparty/collcachelib/coll_cache_lib/coll_cache/optimal_solver_class.cc:377] slot 15 has 459098 nodes, max_size set to 111059, #slice=8
[2023-04-13 07:51:37.321415: E /samgraph/3rdparty/collcachelib/coll_cache_lib/coll_cache/optimal_solver_class.cc:377] slot 16 has 598864 nodes, max_size set to 111059, #slice=8
[2023-04-13 07:51:37.321461: E /samgraph/3rdparty/collcachelib/coll_cache_lib/coll_cache/optimal_solver_class.cc:377] slot 17 has 519164 nodes, max_size set to 111059, #slice=8
[2023-04-13 07:51:37.321493: E /samgraph/3rdparty/collcachelib/coll_cache_lib/coll_cache/optimal_solver_class.cc:377] slot 18 has 668552 nodes, max_size set to 111059, #slice=8
[2023-04-13 07:51:37.321525: E /samgraph/3rdparty/collcachelib/coll_cache_lib/coll_cache/optimal_solver_class.cc:377] slot 19 has 903143 nodes, max_size set to 111059, #slice=12
[2023-04-13 07:51:37.321557: E /samgraph/3rdparty/collcachelib/coll_cache_lib/coll_cache/optimal_solver_class.cc:377] slot 20 has 589994 nodes, max_size set to 111059, #slice=8
[2023-04-13 07:51:37.321589: E /samgraph/3rdparty/collcachelib/coll_cache_lib/coll_cache/optimal_solver_class.cc:377] slot 21 has 732206 nodes, max_size set to 111059, #slice=8
[2023-04-13 07:51:37.321621: E /samgraph/3rdparty/collcachelib/coll_cache_lib/coll_cache/optimal_solver_class.cc:377] slot 22 has 932821 nodes, max_size set to 111059, #slice=12
[2023-04-13 07:51:37.321653: E /samgraph/3rdparty/collcachelib/coll_cache_lib/coll_cache/optimal_solver_class.cc:377] slot 23 has 1270921 nodes, max_size set to 111059, #slice=12
[2023-04-13 07:51:37.321685: E /samgraph/3rdparty/collcachelib/coll_cache_lib/coll_cache/optimal_solver_class.cc:377] slot 25 has 1822466 nodes, max_size set to 111059, #slice=20
[2023-04-13 07:51:37.321717: E /samgraph/3rdparty/collcachelib/coll_cache_lib/coll_cache/optimal_solver_class.cc:377] slot 27 has 3196221 nodes, max_size set to 111059, #slice=32
[2023-04-13 07:51:37.321749: E /samgraph/3rdparty/collcachelib/coll_cache_lib/coll_cache/optimal_solver_class.cc:377] slot 30 has 6443641 nodes, max_size set to 111059, #slice=60
[2023-04-13 07:51:37.321781: E /samgraph/3rdparty/collcachelib/coll_cache_lib/coll_cache/optimal_solver_class.cc:377] slot 31 has 89257845 nodes, max_size set to 111059, #slice=804
[2023-04-13 07:51:37.321813: W /samgraph/3rdparty/collcachelib/coll_cache_lib/coll_cache/optimal_solver_class.cc:383] counting blocks...
[2023-04-13 07:51:37.512388: W /samgraph/3rdparty/collcachelib/coll_cache_lib/coll_cache/optimal_solver_class.cc:403] Final num block is 1064
[2023-04-13 07:51:37.512468: W /samgraph/3rdparty/collcachelib/coll_cache_lib/coll_cache/optimal_solver_class.cc:408] counting freq and density...
[2023-04-13 07:51:37.542727: W /samgraph/3rdparty/collcachelib/coll_cache_lib/coll_cache/optimal_solver_class.cc:458] averaging freq and density...
[2023-04-13 07:51:37.542833: W /samgraph/3rdparty/collcachelib/coll_cache_lib/coll_cache/optimal_solver_class.cc:459] 1064
[2023-04-13 07:51:37.544700: E /samgraph/3rdparty/collcachelib/coll_cache_lib/facade.cc:218] solver built. now solve
[2023-04-13 07:51:37.544763: W /samgraph/3rdparty/collcachelib/coll_cache_lib/coll_cache/optimal_solver_class.cc:858] constructing optimal solver, device=4, stream=1
1064 blocks, 4 devices
[2023-04-13 07:51:37.567069: W /samgraph/3rdparty/collcachelib/coll_cache_lib/coll_cache/optimal_solver_class.cc:1036] Add Var...
[2023-04-13 07:51:37.579535: W /samgraph/3rdparty/collcachelib/coll_cache_lib/coll_cache/optimal_solver_class.cc:1054] Capacity...
[2023-04-13 07:51:37.580295: W /samgraph/3rdparty/collcachelib/coll_cache_lib/coll_cache/optimal_solver_class.cc:1057] Connect CPU...
[2023-04-13 07:51:37.591603: W /samgraph/3rdparty/collcachelib/coll_cache_lib/coll_cache/optimal_solver_class.cc:1059] Connect Access To Storage...
[2023-04-13 07:51:37.690338: W /samgraph/3rdparty/collcachelib/coll_cache_lib/coll_cache/optimal_solver_class.cc:1063] Time...
[2023-04-13 07:51:40.195545: W /samgraph/3rdparty/collcachelib/coll_cache_lib/coll_cache/optimal_solver_class.cc:1082] Coll Cache init block placement array
[2023-04-13 07:51:40.199167: W /samgraph/3rdparty/collcachelib/coll_cache_lib/coll_cache/optimal_solver_class.cc:1158] Coll Cache init block placement array done
[2023-04-13 07:51:40.199274: W /samgraph/3rdparty/collcachelib/coll_cache_lib/coll_cache/optimal_solver_class.cc:1160] Coll Cache model reset done
[2023-04-13 07:51:40.207070: E /samgraph/3rdparty/collcachelib/coll_cache_lib/facade.cc:222] solver solved
[2023-04-13 07:51:40.207120: E /samgraph/3rdparty/collcachelib/coll_cache_lib/facade.cc:437] 0 solved master
[2023-04-13 07:51:40.207148: E /samgraph/3rdparty/collcachelib/coll_cache_lib/facade.cc:444] 0 solved
[2023-04-13 07:51:40.207176: E /samgraph/3rdparty/collcachelib/coll_cache_lib/facade.cc:447] worker 0 thread 0 initing device 0
[2023-04-13 07:51:40.207814: E /samgraph/3rdparty/collcachelib/coll_cache_lib/cache_context.cu:2308] Building Coll Cache with ... num gpu device is 4
[2023-04-13 07:51:40.208904: E /samgraph/3rdparty/collcachelib/coll_cache_lib/cuda/cache_hashtable.cuh:611] per src size local is 7315698
[2023-04-13 07:51:40.227827: E /samgraph/3rdparty/collcachelib/coll_cache_lib/facade.cc:444] 2 solved
[2023-04-13 07:51:40.227882: E /samgraph/3rdparty/collcachelib/coll_cache_lib/facade.cc:447] worker 0 thread 2 initing device 2
[2023-04-13 07:51:40.228351: E /samgraph/3rdparty/collcachelib/coll_cache_lib/cache_context.cu:2308] Building Coll Cache with ... num gpu device is 4
[2023-04-13 07:51:40.228439: E /samgraph/3rdparty/collcachelib/coll_cache_lib/facade.cc:444] 1 solved
[2023-04-13 07:51:40.228508: E /samgraph/3rdparty/collcachelib/coll_cache_lib/facade.cc:447] worker 0 thread 1 initing device 1
[2023-04-13 07:51:40.228704: E /samgraph/3rdparty/collcachelib/coll_cache_lib/facade.cc:444] 3 solved
[2023-04-13 07:51:40.228756: E /samgraph/3rdparty/collcachelib/coll_cache_lib/facade.cc:447] worker 0 thread 3 initing device 3
[2023-04-13 07:51:40.228999: E /samgraph/3rdparty/collcachelib/coll_cache_lib/cache_context.cu:2308] Building Coll Cache with ... num gpu device is 4
[2023-04-13 07:51:40.229161: E /samgraph/3rdparty/collcachelib/coll_cache_lib/cache_context.cu:2308] Building Coll Cache with ... num gpu device is 4
[2023-04-13 07:51:40.307158: E /samgraph/3rdparty/collcachelib/coll_cache_lib/cache_context.cu:2350] num cpu nodes is 95271699
[2023-04-13 07:51:40.318845: E /samgraph/3rdparty/collcachelib/coll_cache_lib/cache_context.cu:2350] num cpu nodes is 95271699
[2023-04-13 07:51:40.329427: E /samgraph/3rdparty/collcachelib/coll_cache_lib/cache_context.cu:2350] num cpu nodes is 95271699
[2023-04-13 07:51:40.330468: E /samgraph/3rdparty/collcachelib/coll_cache_lib/cache_context.cu:2350] num cpu nodes is 95271699
[2023-04-13 07:51:40.594546: E /samgraph/3rdparty/collcachelib/coll_cache_lib/cuda/cache_hashtable.cu:355] create a hashtable with 15788257 possible elem, scale to 33554432
[2023-04-13 07:51:40.594616: E /samgraph/3rdparty/collcachelib/coll_cache_lib/cuda/cache_hashtable.cu:360] SimpleHashTable allocating 256.00 MB
[2023-04-13 07:51:40.602456: E /samgraph/3rdparty/collcachelib/coll_cache_lib/cuda/cache_hashtable.cu:355] create a hashtable with 15788257 possible elem, scale to 33554432
[2023-04-13 07:51:40.602524: E /samgraph/3rdparty/collcachelib/coll_cache_lib/cuda/cache_hashtable.cu:360] SimpleHashTable allocating 256.00 MB
[2023-04-13 07:51:40.619749: E /samgraph/3rdparty/collcachelib/coll_cache_lib/cuda/cache_hashtable.cu:355] create a hashtable with 15788257 possible elem, scale to 33554432
[2023-04-13 07:51:40.619807: E /samgraph/3rdparty/collcachelib/coll_cache_lib/cuda/cache_hashtable.cu:360] SimpleHashTable allocating 256.00 MB
[2023-04-13 07:51:40.619936: E /samgraph/3rdparty/collcachelib/coll_cache_lib/cuda/cache_hashtable.cu:355] create a hashtable with 15788257 possible elem, scale to 33554432
[2023-04-13 07:51:40.619988: E /samgraph/3rdparty/collcachelib/coll_cache_lib/cuda/cache_hashtable.cu:360] SimpleHashTable allocating 256.00 MB
[2023-04-13 07:51:40.684105: E /samgraph/3rdparty/collcachelib/coll_cache_lib/common.cc:107] too many mem allocated for forcescale?6774657->133560
[2023-04-13 07:51:40.685248: E /samgraph/3rdparty/collcachelib/coll_cache_lib/cache_context.cu:2427] Asymm Coll cache (policy: coll_cache_asymm_link) | local 6641097 / 111059956 nodes ( 5.98 %~6.00 %) | remote 9147160 / 111059956 nodes ( 8.24 %) | cpu 95271699 / 111059956 nodes ( 85.78 %) | 3.23 GB | 0.45621 secs 
[2023-04-13 07:51:40.685890: E /samgraph/3rdparty/collcachelib/coll_cache_lib/common.cc:107] too many mem allocated for forcescale?6774657->115404
[2023-04-13 07:51:40.686382: E /samgraph/3rdparty/collcachelib/coll_cache_lib/common.cc:107] too many mem allocated for forcescale?6774657->124113
[2023-04-13 07:51:40.686648: E /samgraph/3rdparty/collcachelib/coll_cache_lib/common.cc:107] too many mem allocated for forcescale?6774657->119741
[2023-04-13 07:51:40.726568: E /samgraph/3rdparty/collcachelib/coll_cache_lib/cache_context.cu:2427] Asymm Coll cache (policy: coll_cache_asymm_link) | local 6650544 / 111059956 nodes ( 5.99 %~6.00 %) | remote 9137713 / 111059956 nodes ( 8.23 %) | cpu 95271699 / 111059956 nodes ( 85.78 %) | 3.23 GB | 0.518718 secs 
[2023-04-13 07:51:40.727261: E /samgraph/3rdparty/collcachelib/coll_cache_lib/cache_context.cu:2427] Asymm Coll cache (policy: coll_cache_asymm_link) | local 6659253 / 111059956 nodes ( 6.00 %~6.00 %) | remote 9129004 / 111059956 nodes ( 8.22 %) | cpu 95271699 / 111059956 nodes ( 85.78 %) | 3.23 GB | 0.498063 secs 
[2023-04-13 07:51:40.742667: E /samgraph/3rdparty/collcachelib/coll_cache_lib/cache_context.cu:2427] Asymm Coll cache (policy: coll_cache_asymm_link) | local 6654916 / 111059956 nodes ( 5.99 %~6.00 %) | remote 9133341 / 111059956 nodes ( 8.22 %) | cpu 95271699 / 111059956 nodes ( 85.78 %) | 3.23 GB | 0.51428 secs 
/usr/local/lib/python3.8/dist-packages/torch/nn/parallel/scatter_gather.py:9: UserWarning: is_namedtuple is deprecated, please use the python checks instead
  warnings.warn("is_namedtuple is deprecated, please use the python checks instead")
/usr/local/lib/python3.8/dist-packages/torch/nn/parallel/scatter_gather.py:9: UserWarning: is_namedtuple is deprecated, please use the python checks instead
  warnings.warn("is_namedtuple is deprecated, please use the python checks instead")
/usr/local/lib/python3.8/dist-packages/torch/nn/parallel/scatter_gather.py:9: UserWarning: is_namedtuple is deprecated, please use the python checks instead
  warnings.warn("is_namedtuple is deprecated, please use the python checks instead")
/usr/local/lib/python3.8/dist-packages/torch/nn/parallel/scatter_gather.py:9: UserWarning: is_namedtuple is deprecated, please use the python checks instead
  warnings.warn("is_namedtuple is deprecated, please use the python checks instead")
