/usr/lib/python3/dist-packages/requests/__init__.py:89: RequestsDependencyWarning: urllib3 (1.26.12) or chardet (3.0.4) doesn't match a supported version!
  warnings.warn("urllib3 ({}) or chardet ({}) doesn't match a supported "
[W socket.cpp:601] [c10d] The client socket has failed to connect to [localhost]:12335 (errno: 99 - Cannot assign requested address).
[W socket.cpp:601] [c10d] The client socket has failed to connect to [localhost]:12335 (errno: 99 - Cannot assign requested address).
Rank=1 done reading 16402092 embedding vectors from file /nvme/songxiaoniu/graph-learning/wholegraph/com_friendster/converted/homograph_csr_row_ptr
Rank=2 done reading 16402092 embedding vectors from file /nvme/songxiaoniu/graph-learning/wholegraph/com_friendster/converted/homograph_csr_row_ptr
Rank=3 done reading 16402091 embedding vectors from file /nvme/songxiaoniu/graph-learning/wholegraph/com_friendster/converted/homograph_csr_row_ptr
Rank=0 done reading 16402092 embedding vectors from file /nvme/songxiaoniu/graph-learning/wholegraph/com_friendster/converted/homograph_csr_row_ptr
Rank=1 done reading 903033568 embedding vectors from file /nvme/songxiaoniu/graph-learning/wholegraph/com_friendster/converted/homograph_csr_col_idx
Rank=2 done reading 903033568 embedding vectors from file /nvme/songxiaoniu/graph-learning/wholegraph/com_friendster/converted/homograph_csr_col_idx
Rank=0 done reading 903033568 embedding vectors from file /nvme/songxiaoniu/graph-learning/wholegraph/com_friendster/converted/homograph_csr_col_idx
Rank=3 done reading 903033566 embedding vectors from file /nvme/songxiaoniu/graph-learning/wholegraph/com_friendster/converted/homograph_csr_col_idx
[2023-04-12 04:19:50.767112: E /samgraph/3rdparty/collcachelib/coll_cache_lib/freq_recorder.cc:337] bulk append 2350009 into 0
[2023-04-12 04:19:50.778610: E /samgraph/3rdparty/collcachelib/coll_cache_lib/freq_recorder.cc:347] bulk append 7365460
[2023-04-12 04:19:50.779214: E /samgraph/3rdparty/collcachelib/coll_cache_lib/freq_recorder.cc:337] bulk append 2349440 into 2350009
[2023-04-12 04:19:50.790651: E /samgraph/3rdparty/collcachelib/coll_cache_lib/freq_recorder.cc:347] bulk append 7352693
[2023-04-12 04:19:50.791252: E /samgraph/3rdparty/collcachelib/coll_cache_lib/freq_recorder.cc:337] bulk append 2350155 into 4699449
[2023-04-12 04:19:50.802678: E /samgraph/3rdparty/collcachelib/coll_cache_lib/freq_recorder.cc:347] bulk append 7351264
[2023-04-12 04:19:50.803269: E /samgraph/3rdparty/collcachelib/coll_cache_lib/freq_recorder.cc:337] bulk append 2350889 into 7049604
[2023-04-12 04:19:50.814714: E /samgraph/3rdparty/collcachelib/coll_cache_lib/freq_recorder.cc:347] bulk append 7350990
[2023-04-12 04:19:50.815313: E /samgraph/3rdparty/collcachelib/coll_cache_lib/freq_recorder.cc:337] bulk append 2351738 into 9400493
[2023-04-12 04:19:50.826767: E /samgraph/3rdparty/collcachelib/coll_cache_lib/freq_recorder.cc:347] bulk append 7357613
[2023-04-12 04:19:50.827369: E /samgraph/3rdparty/collcachelib/coll_cache_lib/freq_recorder.cc:337] bulk append 2349286 into 11752231
[2023-04-12 04:19:50.838814: E /samgraph/3rdparty/collcachelib/coll_cache_lib/freq_recorder.cc:347] bulk append 7355834
[2023-04-12 04:19:50.839401: E /samgraph/3rdparty/collcachelib/coll_cache_lib/freq_recorder.cc:337] bulk append 2349652 into 14101517
[2023-04-12 04:19:50.850846: E /samgraph/3rdparty/collcachelib/coll_cache_lib/freq_recorder.cc:347] bulk append 7354926
[2023-04-12 04:19:50.851427: E /samgraph/3rdparty/collcachelib/coll_cache_lib/freq_recorder.cc:337] bulk append 2353037 into 16451169
[2023-04-12 04:19:50.862975: E /samgraph/3rdparty/collcachelib/coll_cache_lib/freq_recorder.cc:347] bulk append 7366446
[2023-04-12 04:19:50.863577: E /samgraph/3rdparty/collcachelib/coll_cache_lib/freq_recorder.cc:337] bulk append 2350626 into 18804206
[2023-04-12 04:19:50.875038: E /samgraph/3rdparty/collcachelib/coll_cache_lib/freq_recorder.cc:347] bulk append 7360750
[2023-04-12 04:19:50.875642: E /samgraph/3rdparty/collcachelib/coll_cache_lib/freq_recorder.cc:337] bulk append 2350727 into 21154832
[2023-04-12 04:19:50.887083: E /samgraph/3rdparty/collcachelib/coll_cache_lib/freq_recorder.cc:347] bulk append 7365037
[2023-04-12 04:19:50.887713: E /samgraph/3rdparty/collcachelib/coll_cache_lib/freq_recorder.cc:337] bulk append 2348716 into 23505559
[2023-04-12 04:19:50.899924: E /samgraph/3rdparty/collcachelib/coll_cache_lib/freq_recorder.cc:347] bulk append 7361548
[2023-04-12 04:19:50.900536: E /samgraph/3rdparty/collcachelib/coll_cache_lib/freq_recorder.cc:337] bulk append 2349617 into 25854275
[2023-04-12 04:19:50.911995: E /samgraph/3rdparty/collcachelib/coll_cache_lib/freq_recorder.cc:347] bulk append 7352204
[2023-04-12 04:19:50.912603: E /samgraph/3rdparty/collcachelib/coll_cache_lib/freq_recorder.cc:337] bulk append 2349463 into 28203892
[2023-04-12 04:19:50.924119: E /samgraph/3rdparty/collcachelib/coll_cache_lib/freq_recorder.cc:347] bulk append 7350661
[2023-04-12 04:19:50.924721: E /samgraph/3rdparty/collcachelib/coll_cache_lib/freq_recorder.cc:337] bulk append 2349887 into 30553355
[2023-04-12 04:19:50.936182: E /samgraph/3rdparty/collcachelib/coll_cache_lib/freq_recorder.cc:347] bulk append 7350739
[2023-04-12 04:19:50.936781: E /samgraph/3rdparty/collcachelib/coll_cache_lib/freq_recorder.cc:337] bulk append 2351807 into 32903242
[2023-04-12 04:19:50.948237: E /samgraph/3rdparty/collcachelib/coll_cache_lib/freq_recorder.cc:347] bulk append 7354545
[2023-04-12 04:19:50.948834: E /samgraph/3rdparty/collcachelib/coll_cache_lib/freq_recorder.cc:337] bulk append 2349102 into 35255049
[2023-04-12 04:19:50.961001: E /samgraph/3rdparty/collcachelib/coll_cache_lib/freq_recorder.cc:347] bulk append 7349770
[2023-04-12 04:19:50.961605: E /samgraph/3rdparty/collcachelib/coll_cache_lib/freq_recorder.cc:337] bulk append 2349830 into 37604151
[2023-04-12 04:19:50.973059: E /samgraph/3rdparty/collcachelib/coll_cache_lib/freq_recorder.cc:347] bulk append 7357549
[2023-04-12 04:19:50.973665: E /samgraph/3rdparty/collcachelib/coll_cache_lib/freq_recorder.cc:337] bulk append 2352105 into 39953981
[2023-04-12 04:19:50.985137: E /samgraph/3rdparty/collcachelib/coll_cache_lib/freq_recorder.cc:347] bulk append 7363519
[2023-04-12 04:19:50.985746: E /samgraph/3rdparty/collcachelib/coll_cache_lib/freq_recorder.cc:337] bulk append 2348817 into 42306086
[2023-04-12 04:19:50.997917: E /samgraph/3rdparty/collcachelib/coll_cache_lib/freq_recorder.cc:347] bulk append 7357944
[2023-04-12 04:19:50.998534: E /samgraph/3rdparty/collcachelib/coll_cache_lib/freq_recorder.cc:337] bulk append 2348869 into 44654903
[2023-04-12 04:19:51. 10722: E /samgraph/3rdparty/collcachelib/coll_cache_lib/freq_recorder.cc:347] bulk append 7363449
[2023-04-12 04:19:51. 11357: E /samgraph/3rdparty/collcachelib/coll_cache_lib/freq_recorder.cc:337] bulk append 2353410 into 47003772
[2023-04-12 04:19:51. 22890: E /samgraph/3rdparty/collcachelib/coll_cache_lib/freq_recorder.cc:347] bulk append 7391746
[2023-04-12 04:19:51. 23499: E /samgraph/3rdparty/collcachelib/coll_cache_lib/freq_recorder.cc:337] bulk append 2353165 into 49357182
[2023-04-12 04:19:51. 34977: E /samgraph/3rdparty/collcachelib/coll_cache_lib/freq_recorder.cc:347] bulk append 7381262
[2023-04-12 04:19:51. 35569: E /samgraph/3rdparty/collcachelib/coll_cache_lib/freq_recorder.cc:337] bulk append 2352692 into 51710347
[2023-04-12 04:19:51. 47045: E /samgraph/3rdparty/collcachelib/coll_cache_lib/freq_recorder.cc:347] bulk append 7377610
[2023-04-12 04:19:51. 47637: E /samgraph/3rdparty/collcachelib/coll_cache_lib/freq_recorder.cc:337] bulk append 2352701 into 54063039
[2023-04-12 04:19:51. 59110: E /samgraph/3rdparty/collcachelib/coll_cache_lib/freq_recorder.cc:347] bulk append 7382442
[2023-04-12 04:19:51. 59708: E /samgraph/3rdparty/collcachelib/coll_cache_lib/freq_recorder.cc:337] bulk append 2353959 into 56415740
[2023-04-12 04:19:51. 71185: E /samgraph/3rdparty/collcachelib/coll_cache_lib/freq_recorder.cc:347] bulk append 7383311
[2023-04-12 04:19:51. 71775: E /samgraph/3rdparty/collcachelib/coll_cache_lib/freq_recorder.cc:337] bulk append 2351585 into 58769699
[2023-04-12 04:19:51. 83221: E /samgraph/3rdparty/collcachelib/coll_cache_lib/freq_recorder.cc:347] bulk append 7381917
[2023-04-12 04:19:51. 83828: E /samgraph/3rdparty/collcachelib/coll_cache_lib/freq_recorder.cc:337] bulk append 2353993 into 61121284
[2023-04-12 04:19:51. 95300: E /samgraph/3rdparty/collcachelib/coll_cache_lib/freq_recorder.cc:347] bulk append 7382494
[2023-04-12 04:19:51. 95890: E /samgraph/3rdparty/collcachelib/coll_cache_lib/freq_recorder.cc:337] bulk append 2356686 into 63475277
[2023-04-12 04:19:51.107381: E /samgraph/3rdparty/collcachelib/coll_cache_lib/freq_recorder.cc:347] bulk append 7396137
[2023-04-12 04:19:51.107973: E /samgraph/3rdparty/collcachelib/coll_cache_lib/freq_recorder.cc:337] bulk append 2354073 into 65831963
[2023-04-12 04:19:51.119439: E /samgraph/3rdparty/collcachelib/coll_cache_lib/freq_recorder.cc:347] bulk append 7393269
[2023-04-12 04:19:51.120036: E /samgraph/3rdparty/collcachelib/coll_cache_lib/freq_recorder.cc:337] bulk append 2353380 into 68186036
[2023-04-12 04:19:51.131502: E /samgraph/3rdparty/collcachelib/coll_cache_lib/freq_recorder.cc:347] bulk append 7394876
[2023-04-12 04:19:51.132111: E /samgraph/3rdparty/collcachelib/coll_cache_lib/freq_recorder.cc:337] bulk append 2353957 into 70539416
[2023-04-12 04:19:51.143616: E /samgraph/3rdparty/collcachelib/coll_cache_lib/freq_recorder.cc:347] bulk append 7389130
[2023-04-12 04:19:51.144232: E /samgraph/3rdparty/collcachelib/coll_cache_lib/freq_recorder.cc:337] bulk append 2352991 into 72893373
[2023-04-12 04:19:51.155703: E /samgraph/3rdparty/collcachelib/coll_cache_lib/freq_recorder.cc:347] bulk append 7377977
[2023-04-12 04:19:51.156316: E /samgraph/3rdparty/collcachelib/coll_cache_lib/freq_recorder.cc:337] bulk append 2351689 into 75246364
[2023-04-12 04:19:51.167782: E /samgraph/3rdparty/collcachelib/coll_cache_lib/freq_recorder.cc:347] bulk append 7370057
[2023-04-12 04:19:51.168395: E /samgraph/3rdparty/collcachelib/coll_cache_lib/freq_recorder.cc:337] bulk append 2352282 into 77598053
[2023-04-12 04:19:51.179856: E /samgraph/3rdparty/collcachelib/coll_cache_lib/freq_recorder.cc:347] bulk append 7379234
[2023-04-12 04:19:51.180467: E /samgraph/3rdparty/collcachelib/coll_cache_lib/freq_recorder.cc:337] bulk append 2354512 into 79950335
[2023-04-12 04:19:51.191931: E /samgraph/3rdparty/collcachelib/coll_cache_lib/freq_recorder.cc:347] bulk append 7380244
[2023-04-12 04:19:51.192540: E /samgraph/3rdparty/collcachelib/coll_cache_lib/freq_recorder.cc:337] bulk append 2352176 into 82304847
[2023-04-12 04:19:51.203995: E /samgraph/3rdparty/collcachelib/coll_cache_lib/freq_recorder.cc:347] bulk append 7378208
[2023-04-12 04:19:51.204604: E /samgraph/3rdparty/collcachelib/coll_cache_lib/freq_recorder.cc:337] bulk append 2351736 into 84657023
[2023-04-12 04:19:51.216089: E /samgraph/3rdparty/collcachelib/coll_cache_lib/freq_recorder.cc:347] bulk append 7380185
[2023-04-12 04:19:51.216695: E /samgraph/3rdparty/collcachelib/coll_cache_lib/freq_recorder.cc:337] bulk append 2355093 into 87008759
[2023-04-12 04:19:51.228171: E /samgraph/3rdparty/collcachelib/coll_cache_lib/freq_recorder.cc:347] bulk append 7388279
[2023-04-12 04:19:51.228784: E /samgraph/3rdparty/collcachelib/coll_cache_lib/freq_recorder.cc:337] bulk append 2354537 into 89363852
[2023-04-12 04:19:51.240257: E /samgraph/3rdparty/collcachelib/coll_cache_lib/freq_recorder.cc:347] bulk append 7391513
[2023-04-12 04:19:51.240870: E /samgraph/3rdparty/collcachelib/coll_cache_lib/freq_recorder.cc:337] bulk append 2352708 into 91718389
[2023-04-12 04:19:51.252337: E /samgraph/3rdparty/collcachelib/coll_cache_lib/freq_recorder.cc:347] bulk append 7389932
[2023-04-12 04:19:51.252953: E /samgraph/3rdparty/collcachelib/coll_cache_lib/freq_recorder.cc:266] freq recorder global combining
[2023-04-12 04:19:51[.[2023-04-12 04:19:512529962023-04-12 04:19:51.: .253002E253003:  : E/samgraph/3rdparty/collcachelib/coll_cache_lib/facade.ccE : /samgraph/3rdparty/collcachelib/coll_cache_lib/facade.cc409/samgraph/3rdparty/collcachelib/coll_cache_lib/facade.cc:] :409before scale, dtype is 0, dim is 256409] 
] before scale, dtype is 0, dim is 256before scale, dtype is 0, dim is 256[

2023-04-12 04:19:51[.2023-04-12 04:19:51[253115.2023-04-12 04:19:51: 253143.E: 253146 E: /samgraph/3rdparty/collcachelib/coll_cache_lib/facade.cc E:/samgraph/3rdparty/collcachelib/coll_cache_lib/facade.cc 415:/samgraph/3rdparty/collcachelib/coll_cache_lib/facade.cc] 415:after scale, dtype is 7, new dim is 64] 415
after scale, dtype is 7, new dim is 64] 
after scale, dtype is 7, new dim is 64
[2023-04-12 04:19:51.254144: E /samgraph/3rdparty/collcachelib/coll_cache_lib/coll_cache/asymm_link_desc.cc:201] [assigning 0 to cpu2023-04-12 04:19:51
.254168: E /samgraph/3rdparty/collcachelib/coll_cache_lib/coll_cache/asymm_link_desc.cc:201] assigning 0 to cpu
[[2023-04-12 04:19:512023-04-12 04:19:51..254197254197: : EE [ /samgraph/3rdparty/collcachelib/coll_cache_lib/coll_cache/asymm_link_desc.cc2023-04-12 04:19:51/samgraph/3rdparty/collcachelib/coll_cache_lib/coll_cache/asymm_link_desc.cc:.:201254240218] : ] assigning 0 to cpuEbuild symm link desc with 4X Tesla V100-SXM2-16GB out of 4
 
/samgraph/3rdparty/collcachelib/coll_cache_lib/coll_cache/asymm_link_desc.cc:218] build symm link desc with 4X Tesla V100-SXM2-16GB out of 4
[2023-04-12 04:19:51.254338[: 2023-04-12 04:19:51E.[ 2543462023-04-12 04:19:51/samgraph/3rdparty/collcachelib/coll_cache_lib/coll_cache/asymm_link_desc.cc: .:E254350219 : ] /samgraph/3rdparty/collcachelib/coll_cache_lib/coll_cache/asymm_link_desc.ccEremote time is 9.21053: 
219/samgraph/3rdparty/collcachelib/coll_cache_lib/coll_cache/asymm_link_desc.cc] :[remote time is 9.210532182023-04-12 04:19:51
] .build symm link desc with 4X Tesla V100-SXM2-16GB out of 4[254432
2023-04-12 04:19:51: .E254463 : /samgraph/3rdparty/collcachelib/coll_cache_lib/coll_cache/asymm_link_desc.ccE:220 [] /samgraph/3rdparty/collcachelib/coll_cache_lib/coll_cache/asymm_link_desc.cc2023-04-12 04:19:51cpu time is 31.8182:.
220254500] : cpu time is 31.8182E
 [/samgraph/3rdparty/collcachelib/coll_cache_lib/coll_cache/asymm_link_desc.cc2023-04-12 04:19:51:.219[254561] 2023-04-12 04:19:51: remote time is 9.21053.E
254588 : /samgraph/3rdparty/collcachelib/coll_cache_lib/facade.cc[E:2023-04-12 04:19:51 425./samgraph/3rdparty/collcachelib/coll_cache_lib/facade.cc] 254635:registering cpu data with 16.00 GB: 425
E]  registering cpu data with 16.00 GB/samgraph/3rdparty/collcachelib/coll_cache_lib/coll_cache/asymm_link_desc.cc
:220] cpu time is 31.8182
[2023-04-12 04:19:51.254740: E /samgraph/3rdparty/collcachelib/coll_cache_lib/facade.cc:425] registering cpu data with 16.00 GB
[2023-04-12 04:19:54.356450: E /samgraph/3rdparty/collcachelib/coll_cache_lib/facade.cc:427] registering cpu data done.
[2023-04-12 04:19:54.357008: E /samgraph/3rdparty/collcachelib/coll_cache_lib/facade.cc:427] registering cpu data done.
[2023-04-12 04:19:54.370727: E /samgraph/3rdparty/collcachelib/coll_cache_lib/facade.cc:427] registering cpu data done.
[2023-04-12 04:19:56. 14073: E /samgraph/3rdparty/collcachelib/coll_cache_lib/freq_recorder.cc:269] freq recorder global combine from 94071097 to 37949610
[2023-04-12 04:20:00.301219: E /samgraph/3rdparty/collcachelib/coll_cache_lib/freq_recorder.cc:286] top 5 freq is 211,211,211,210,209
[2023-04-12 04:20:00.301381: E /samgraph/3rdparty/collcachelib/coll_cache_lib/facade.cc:409] before scale, dtype is 0, dim is 256
[2023-04-12 04:20:00.301416: E /samgraph/3rdparty/collcachelib/coll_cache_lib/facade.cc:415] after scale, dtype is 7, new dim is 64
[2023-04-12 04:20:00.301765: E /samgraph/3rdparty/collcachelib/coll_cache_lib/coll_cache/asymm_link_desc.cc:201] assigning 0 to cpu
[2023-04-12 04:20:00.301811: E /samgraph/3rdparty/collcachelib/coll_cache_lib/coll_cache/asymm_link_desc.cc:218] build symm link desc with 4X Tesla V100-SXM2-16GB out of 4
[2023-04-12 04:20:00.301871: E /samgraph/3rdparty/collcachelib/coll_cache_lib/coll_cache/asymm_link_desc.cc:219] remote time is 9.21053
[2023-04-12 04:20:00.301905: E /samgraph/3rdparty/collcachelib/coll_cache_lib/coll_cache/asymm_link_desc.cc:220] cpu time is 31.8182
[2023-04-12 04:20:00.301950: E /samgraph/3rdparty/collcachelib/coll_cache_lib/facade.cc:425] registering cpu data with 16.00 GB
[2023-04-12 04:20:01.880538: E /samgraph/3rdparty/collcachelib/coll_cache_lib/facade.cc:427] registering cpu data done.
[2023-04-12 04:20:01.880620: E /samgraph/3rdparty/collcachelib/coll_cache_lib/facade.cc:174] creating solver
[2023-04-12 04:20:01.880649: E /samgraph/3rdparty/collcachelib/coll_cache_lib/facade.cc:214] solver created. now build & solve
[2023-04-12 04:20:02.221271: E /samgraph/3rdparty/collcachelib/coll_cache_lib/facade.cc:218] solver built. now solve
[2023-04-12 04:20:02.221379: E /samgraph/3rdparty/collcachelib/coll_cache_lib/coll_cache/optimal_solver_class.cc:1432] num_cached_nodes = 5248669
[2023-04-12 04:20:02.432133: E /samgraph/3rdparty/collcachelib/coll_cache_lib/facade.cc:222] solver solved
[2023-04-12 04:20:02.433654: E /samgraph/3rdparty/collcachelib/coll_cache_lib/facade.cc:437] 0 solved master
[2023-04-12 04:20:02.433703: E /samgraph/3rdparty/collcachelib/coll_cache_lib/facade.cc:444] 0 solved
[2023-04-12 04:20:02.433736: E /samgraph/3rdparty/collcachelib/coll_cache_lib/facade.cc:447] worker 0 thread 0 initing device 0
[2023-04-12 04:20:02.434485: E /samgraph/3rdparty/collcachelib/coll_cache_lib/cache_context.cu:2308] Building Coll Cache with ... num gpu device is 4
[2023-04-12 04:20:02.435136: E /samgraph/3rdparty/collcachelib/coll_cache_lib/cuda/cache_hashtable.cuh:611] per src size local is 5773635
[2023-04-12 04:20:02.446235: E /samgraph/3rdparty/collcachelib/coll_cache_lib/facade.cc:444] 1 solved
[2023-04-12 04:20:02.446298: E /samgraph/3rdparty/collcachelib/coll_cache_lib/facade.cc:447] worker 0 thread 1 initing device 1
[2023-04-12 04:20:02.446625: E /samgraph/3rdparty/collcachelib/coll_cache_lib/facade.cc:444] 2 solved
[2023-04-12 04:20:02.446698: E /samgraph/3rdparty/collcachelib/coll_cache_lib/facade.cc:447] worker 0 thread 2 initing device 2
[2023-04-12 04:20:02.446722: E /samgraph/3rdparty/collcachelib/coll_cache_lib/cache_context.cu:2308] Building Coll Cache with ... num gpu device is 4
[2023-04-12 04:20:02.447243: E /samgraph/3rdparty/collcachelib/coll_cache_lib/cache_context.cu:2308] Building Coll Cache with ... num gpu device is 4
[2023-04-12 04:20:02.448013: E /samgraph/3rdparty/collcachelib/coll_cache_lib/facade.cc:444] 3 solved
[2023-04-12 04:20:02.448066: E /samgraph/3rdparty/collcachelib/coll_cache_lib/facade.cc:447] worker 0 thread 3 initing device 3
[2023-04-12 04:20:02.450073: E /samgraph/3rdparty/collcachelib/coll_cache_lib/cache_context.cu:2308] Building Coll Cache with ... num gpu device is 4
[2023-04-12 04:20:02.471296: E /samgraph/3rdparty/collcachelib/coll_cache_lib/common.cc:261] making a tensor with 0 num item
[2023-04-12 04:20:02.471414: E /samgraph/3rdparty/collcachelib/coll_cache_lib/cache_context.cu:2350] num cpu nodes is 60359697
[2023-04-12 04:20:02.478893: E /samgraph/3rdparty/collcachelib/coll_cache_lib/common.cc:261] making a tensor with 0 num item
[2023-04-12 04:20:02.478973: E /samgraph/3rdparty/collcachelib/coll_cache_lib/cache_context.cu:2350] num cpu nodes is 60359697
[2023-04-12 04:20:02.479737: E /samgraph/3rdparty/collcachelib/coll_cache_lib/common.cc:261] making a tensor with 0 num item
[2023-04-12 04:20:02.479819: E /samgraph/3rdparty/collcachelib/coll_cache_lib/cache_context.cu:2350] num cpu nodes is 60359697
[2023-04-12 04:20:02.484738: E /samgraph/3rdparty/collcachelib/coll_cache_lib/common.cc:261] making a tensor with 0 num item
[2023-04-12 04:20:02.484799: E /samgraph/3rdparty/collcachelib/coll_cache_lib/cache_context.cu:2350] num cpu nodes is 60359697
[2023-04-12 04:20:02.937344: E /samgraph/3rdparty/collcachelib/coll_cache_lib/cuda/cache_hashtable.cu:355] create a hashtable with 5248669 possible elem, scale to 16777216
[2023-04-12 04:20:02.937415: E /samgraph/3rdparty/collcachelib/coll_cache_lib/cuda/cache_hashtable.cu:360] SimpleHashTable allocating 128.00 MB
[2023-04-12 04:20:02.939779: E /samgraph/3rdparty/collcachelib/coll_cache_lib/cuda/cache_hashtable.cu:355] create a hashtable with 5248669 possible elem, scale to 16777216
[2023-04-12 04:20:02[.2023-04-12 04:20:02939808.: 939844E:  E/samgraph/3rdparty/collcachelib/coll_cache_lib/cuda/cache_hashtable.cu :/samgraph/3rdparty/collcachelib/coll_cache_lib/cuda/cache_hashtable.cu355:] 360create a hashtable with 5248669 possible elem, scale to 16777216] 
SimpleHashTable allocating 128.00 MB
[2023-04-12 04:20:02.939912: E /samgraph/3rdparty/collcachelib/coll_cache_lib/cuda/cache_hashtable.cu:360] SimpleHashTable allocating 128.00 MB
[2023-04-12 04:20:02.940354: E /samgraph/3rdparty/collcachelib/coll_cache_lib/cuda/cache_hashtable.cu:355] create a hashtable with 5248669 possible elem, scale to 16777216
[2023-04-12 04:20:02.940408: E /samgraph/3rdparty/collcachelib/coll_cache_lib/cuda/cache_hashtable.cu:360] SimpleHashTable allocating 128.00 MB
[2023-04-12 04:20:02.954508: E /samgraph/3rdparty/collcachelib/coll_cache_lib/common.cc:107] [too many mem allocated for forcescale?5314277->656082023-04-12 04:20:02
.954539: E /samgraph/3rdparty/collcachelib/coll_cache_lib/common.cc:107] too many mem allocated for forcescale?5314277->65608
[2023-04-12 04:20:02.954611: E /samgraph/3rdparty/collcachelib/coll_cache_lib/common.cc:107] too many mem allocated for forcescale?5314277->65608
[2023-04-12 04:20:02.954716: E /samgraph/3rdparty/collcachelib/coll_cache_lib/common.cc:107] too many mem allocated for forcescale?5314277->65608
[2023-04-12 04:20:02.956057: E /samgraph/3rdparty/collcachelib/coll_cache_lib/cache_context.cu:2427] Asymm Coll cache (policy: rep_cache) | local 5248669 / 65608366 nodes ( 8.00 %~8.00 %) | remote 0 / 65608366 nodes ( 0.00 %) | cpu 60359697 / 65608366 nodes ( 92.00 %) | 5.07 GB | 0.508775 secs 
[2023-04-12 04:20:02.986538: E /samgraph/3rdparty/collcachelib/coll_cache_lib/cache_context.cu:2427] Asymm Coll cache (policy: rep_cache) | local 5248669 / 65608366 nodes ( 8.00 %~8.00 %) | remote 0 / 65608366 nodes ( 0.00 %) | cpu 60359697 / 65608366 nodes ( 92.00 %) | 5.07 GB | 0.539776 secs 
[2023-04-12 04:20:02.995272: E /samgraph/3rdparty/collcachelib/coll_cache_lib/cache_context.cu:2427] Asymm Coll cache (policy: rep_cache) | local 5248669 / 65608366 nodes ( 8.00 %~8.00 %) | remote 0 / 65608366 nodes ( 0.00 %) | cpu 60359697 / 65608366 nodes ( 92.00 %) | 5.07 GB | 0.545154 secs 
[2023-04-12 04:20:02.998582: E /samgraph/3rdparty/collcachelib/coll_cache_lib/cache_context.cu:2427] Asymm Coll cache (policy: rep_cache) | local 5248669 / 65608366 nodes ( 8.00 %~8.00 %) | remote 0 / 65608366 nodes ( 0.00 %) | cpu 60359697 / 65608366 nodes ( 92.00 %) | 5.07 GB | 0.564046 secs 
/usr/local/lib/python3.8/dist-packages/torch/nn/parallel/scatter_gather.py:9: UserWarning: is_namedtuple is deprecated, please use the python checks instead
  warnings.warn("is_namedtuple is deprecated, please use the python checks instead")
/usr/local/lib/python3.8/dist-packages/torch/nn/parallel/scatter_gather.py:9: UserWarning: is_namedtuple is deprecated, please use the python checks instead
  warnings.warn("is_namedtuple is deprecated, please use the python checks instead")
/usr/local/lib/python3.8/dist-packages/torch/nn/parallel/scatter_gather.py:9: UserWarning: is_namedtuple is deprecated, please use the python checks instead
  warnings.warn("is_namedtuple is deprecated, please use the python checks instead")
/usr/local/lib/python3.8/dist-packages/torch/nn/parallel/scatter_gather.py:9: UserWarning: is_namedtuple is deprecated, please use the python checks instead
  warnings.warn("is_namedtuple is deprecated, please use the python checks instead")
