/usr/lib/python3/dist-packages/requests/__init__.py:89: RequestsDependencyWarning: urllib3 (1.26.12) or chardet (3.0.4) doesn't match a supported version!
  warnings.warn("urllib3 ({}) or chardet ({}) doesn't match a supported "
Rank=3 done reading 27764987 embedding vectors from file /nvme/songxiaoniu/graph-learning/wholegraph/ogbn_papers100M/converted/homograph_csr_row_ptr
Rank=2 done reading 27764990 embedding vectors from file /nvme/songxiaoniu/graph-learning/wholegraph/ogbn_papers100M/converted/homograph_csr_row_ptr
Rank=1 done reading 27764990 embedding vectors from file /nvme/songxiaoniu/graph-learning/wholegraph/ogbn_papers100M/converted/homograph_csr_row_ptr
Rank=0 done reading 27764990 embedding vectors from file /nvme/songxiaoniu/graph-learning/wholegraph/ogbn_papers100M/converted/homograph_csr_row_ptr
Rank=2 done reading 807842936 embedding vectors from file /nvme/songxiaoniu/graph-learning/wholegraph/ogbn_papers100M/converted/homograph_csr_col_idx
Rank=3 done reading 807842936 embedding vectors from file /nvme/songxiaoniu/graph-learning/wholegraph/ogbn_papers100M/converted/homograph_csr_col_idx
Rank=0 done reading 807842936 embedding vectors from file /nvme/songxiaoniu/graph-learning/wholegraph/ogbn_papers100M/converted/homograph_csr_col_idx
Rank=1 done reading 807842936 embedding vectors from file /nvme/songxiaoniu/graph-learning/wholegraph/ogbn_papers100M/converted/homograph_csr_col_idx
[2023-04-11 05:37:18. 39489: E /samgraph/3rdparty/collcachelib/coll_cache_lib/freq_recorder.cc:337] bulk append 982432 into 0
[2023-04-11 05:37:18. 44628: E /samgraph/3rdparty/collcachelib/coll_cache_lib/freq_recorder.cc:347] bulk append 3729032
[2023-04-11 05:37:18. 44948: E /samgraph/3rdparty/collcachelib/coll_cache_lib/freq_recorder.cc:337] bulk append 982329 into 982432
[2023-04-11 05:37:18. 50002: E /samgraph/3rdparty/collcachelib/coll_cache_lib/freq_recorder.cc:347] bulk append 3729028
[2023-04-11 05:37:18. 50320: E /samgraph/3rdparty/collcachelib/coll_cache_lib/freq_recorder.cc:337] bulk append 982076 into 1964761
[2023-04-11 05:37:18. 55389: E /samgraph/3rdparty/collcachelib/coll_cache_lib/freq_recorder.cc:347] bulk append 3723784
[2023-04-11 05:37:18. 55704: E /samgraph/3rdparty/collcachelib/coll_cache_lib/freq_recorder.cc:337] bulk append 982699 into 2946837
[2023-04-11 05:37:18. 60759: E /samgraph/3rdparty/collcachelib/coll_cache_lib/freq_recorder.cc:347] bulk append 3715625
[2023-04-11 05:37:18. 61074: E /samgraph/3rdparty/collcachelib/coll_cache_lib/freq_recorder.cc:337] bulk append 981179 into 3929536
[2023-04-11 05:37:18. 66121: E /samgraph/3rdparty/collcachelib/coll_cache_lib/freq_recorder.cc:347] bulk append 3724919
[2023-04-11 05:37:18. 66437: E /samgraph/3rdparty/collcachelib/coll_cache_lib/freq_recorder.cc:337] bulk append 982601 into 4910715
[2023-04-11 05:37:18. 71501: E /samgraph/3rdparty/collcachelib/coll_cache_lib/freq_recorder.cc:347] bulk append 3734407
[2023-04-11 05:37:18. 71809: E /samgraph/3rdparty/collcachelib/coll_cache_lib/freq_recorder.cc:337] bulk append 983506 into 5893316
[2023-04-11 05:37:18. 76858: E /samgraph/3rdparty/collcachelib/coll_cache_lib/freq_recorder.cc:347] bulk append 3730726
[2023-04-11 05:37:18. 77156: E /samgraph/3rdparty/collcachelib/coll_cache_lib/freq_recorder.cc:337] bulk append 983352 into 6876822
[2023-04-11 05:37:18. 82212: E /samgraph/3rdparty/collcachelib/coll_cache_lib/freq_recorder.cc:347] bulk append 3737408
[2023-04-11 05:37:18. 82525: E /samgraph/3rdparty/collcachelib/coll_cache_lib/freq_recorder.cc:337] bulk append 981814 into 7860174
[2023-04-11 05:37:18. 87576: E /samgraph/3rdparty/collcachelib/coll_cache_lib/freq_recorder.cc:347] bulk append 3734891
[2023-04-11 05:37:18. 87888: E /samgraph/3rdparty/collcachelib/coll_cache_lib/freq_recorder.cc:337] bulk append 981881 into 8841988
[2023-04-11 05:37:18. 92941: E /samgraph/3rdparty/collcachelib/coll_cache_lib/freq_recorder.cc:347] bulk append 3732118
[2023-04-11 05:37:18. 93277: E /samgraph/3rdparty/collcachelib/coll_cache_lib/freq_recorder.cc:337] bulk append 819814 into 9823869
[2023-04-11 05:37:18. 97430: E /samgraph/3rdparty/collcachelib/coll_cache_lib/freq_recorder.cc:347] bulk append 3914604
[2023-04-11 05:37:18. 97720: E /samgraph/3rdparty/collcachelib/coll_cache_lib/freq_recorder.cc:337] bulk append 820152 into 10643683
[2023-04-11 05:37:18.101799: E /samgraph/3rdparty/collcachelib/coll_cache_lib/freq_recorder.cc:347] bulk append 3920611
[2023-04-11 05:37:18.102071: E /samgraph/3rdparty/collcachelib/coll_cache_lib/freq_recorder.cc:337] bulk append 818910 into 11463835
[2023-04-11 05:37:18.106136: E /samgraph/3rdparty/collcachelib/coll_cache_lib/freq_recorder.cc:347] bulk append 3907994
[2023-04-11 05:37:18.106409: E /samgraph/3rdparty/collcachelib/coll_cache_lib/freq_recorder.cc:337] bulk append 819514 into 12282745
[2023-04-11 05:37:18.110469: E /samgraph/3rdparty/collcachelib/coll_cache_lib/freq_recorder.cc:347] bulk append 3901504
[2023-04-11 05:37:18.110755: E /samgraph/3rdparty/collcachelib/coll_cache_lib/freq_recorder.cc:337] bulk append 817411 into 13102259
[2023-04-11 05:37:18.114804: E /samgraph/3rdparty/collcachelib/coll_cache_lib/freq_recorder.cc:347] bulk append 3911345
[2023-04-11 05:37:18.115077: E /samgraph/3rdparty/collcachelib/coll_cache_lib/freq_recorder.cc:337] bulk append 820097 into 13919670
[2023-04-11 05:37:18.119150: E /samgraph/3rdparty/collcachelib/coll_cache_lib/freq_recorder.cc:347] bulk append 3923314
[2023-04-11 05:37:18.119423: E /samgraph/3rdparty/collcachelib/coll_cache_lib/freq_recorder.cc:337] bulk append 820270 into 14739767
[2023-04-11 05:37:18.123491: E /samgraph/3rdparty/collcachelib/coll_cache_lib/freq_recorder.cc:347] bulk append 3913871
[2023-04-11 05:37:18.123764: E /samgraph/3rdparty/collcachelib/coll_cache_lib/freq_recorder.cc:337] bulk append 819870 into 15560037
[2023-04-11 05:37:18.127834: E /samgraph/3rdparty/collcachelib/coll_cache_lib/freq_recorder.cc:347] bulk append 3923122
[2023-04-11 05:37:18.128109: E /samgraph/3rdparty/collcachelib/coll_cache_lib/freq_recorder.cc:337] bulk append 819082 into 16379907
[2023-04-11 05:37:18.132167: E /samgraph/3rdparty/collcachelib/coll_cache_lib/freq_recorder.cc:347] bulk append 3922533
[2023-04-11 05:37:18.132439: E /samgraph/3rdparty/collcachelib/coll_cache_lib/freq_recorder.cc:337] bulk append 819075 into 17198989
[2023-04-11 05:37:18.136503: E /samgraph/3rdparty/collcachelib/coll_cache_lib/freq_recorder.cc:347] bulk append 3926734
[2023-04-11 05:37:18.136786: E /samgraph/3rdparty/collcachelib/coll_cache_lib/freq_recorder.cc:337] bulk append 1017792 into 18018064
[2023-04-11 05:37:18.142082: E /samgraph/3rdparty/collcachelib/coll_cache_lib/freq_recorder.cc:347] bulk append 4185297
[2023-04-11 05:37:18.142402: E /samgraph/3rdparty/collcachelib/coll_cache_lib/freq_recorder.cc:337] bulk append 1017782 into 19035856
[2023-04-11 05:37:18.147607: E /samgraph/3rdparty/collcachelib/coll_cache_lib/freq_recorder.cc:347] bulk append 4183559
[2023-04-11 05:37:18.147903: E /samgraph/3rdparty/collcachelib/coll_cache_lib/freq_recorder.cc:337] bulk append 1018536 into 20053638
[2023-04-11 05:37:18.153138: E /samgraph/3rdparty/collcachelib/coll_cache_lib/freq_recorder.cc:347] bulk append 4177337
[2023-04-11 05:37:18.153454: E /samgraph/3rdparty/collcachelib/coll_cache_lib/freq_recorder.cc:337] bulk append 1017175 into 21072174
[2023-04-11 05:37:18.158651: E /samgraph/3rdparty/collcachelib/coll_cache_lib/freq_recorder.cc:347] bulk append 4167762
[2023-04-11 05:37:18.158948: E /samgraph/3rdparty/collcachelib/coll_cache_lib/freq_recorder.cc:337] bulk append 1016705 into 22089349
[2023-04-11 05:37:18.164144: E /samgraph/3rdparty/collcachelib/coll_cache_lib/freq_recorder.cc:347] bulk append 4177451
[2023-04-11 05:37:18.164440: E /samgraph/3rdparty/collcachelib/coll_cache_lib/freq_recorder.cc:337] bulk append 1018209 into 23106054
[2023-04-11 05:37:18.169636: E /samgraph/3rdparty/collcachelib/coll_cache_lib/freq_recorder.cc:347] bulk append 4190530
[2023-04-11 05:37:18.169942: E /samgraph/3rdparty/collcachelib/coll_cache_lib/freq_recorder.cc:337] bulk append 1016457 into 24124263
[2023-04-11 05:37:18.175165: E /samgraph/3rdparty/collcachelib/coll_cache_lib/freq_recorder.cc:347] bulk append 4178182
[2023-04-11 05:37:18.175498: E /samgraph/3rdparty/collcachelib/coll_cache_lib/freq_recorder.cc:337] bulk append 1018791 into 25140720
[2023-04-11 05:37:18.180773: E /samgraph/3rdparty/collcachelib/coll_cache_lib/freq_recorder.cc:347] bulk append 4193124
[2023-04-11 05:37:18.181277: E /samgraph/3rdparty/collcachelib/coll_cache_lib/freq_recorder.cc:337] bulk append 1016925 into 26159511
[2023-04-11 05:37:18.186484: E /samgraph/3rdparty/collcachelib/coll_cache_lib/freq_recorder.cc:347] bulk append 4191002
[2023-04-11 05:37:18.186805: E /samgraph/3rdparty/collcachelib/coll_cache_lib/freq_recorder.cc:337] bulk append 1016885 into 27176436
[2023-04-11 05:37:18.191996: E /samgraph/3rdparty/collcachelib/coll_cache_lib/freq_recorder.cc:347] bulk append 4188605
[2023-04-11 05:37:18.192319: E /samgraph/3rdparty/collcachelib/coll_cache_lib/freq_recorder.cc:337] bulk append 1036489 into 28193321
[2023-04-11 05:37:18.197672: E /samgraph/3rdparty/collcachelib/coll_cache_lib/freq_recorder.cc:347] bulk append 3951126
[2023-04-11 05:37:18.197994: E /samgraph/3rdparty/collcachelib/coll_cache_lib/freq_recorder.cc:337] bulk append 1036029 into 29229810
[2023-04-11 05:37:18.204945: E /samgraph/3rdparty/collcachelib/coll_cache_lib/freq_recorder.cc:347] bulk append 3946427
[2023-04-11 05:37:18.205276: E /samgraph/3rdparty/collcachelib/coll_cache_lib/freq_recorder.cc:337] bulk append 1034951 into 30265839
[2023-04-11 05:37:18.211200: E /samgraph/3rdparty/collcachelib/coll_cache_lib/freq_recorder.cc:347] bulk append 3938516
[2023-04-11 05:37:18.211517: E /samgraph/3rdparty/collcachelib/coll_cache_lib/freq_recorder.cc:337] bulk append 1033824 into 31300790
[2023-04-11 05:37:18.216769: E /samgraph/3rdparty/collcachelib/coll_cache_lib/freq_recorder.cc:347] bulk append 3930620
[2023-04-11 05:37:18.217083: E /samgraph/3rdparty/collcachelib/coll_cache_lib/freq_recorder.cc:337] bulk append 1034709 into 32334614
[2023-04-11 05:37:18.222374: E /samgraph/3rdparty/collcachelib/coll_cache_lib/freq_recorder.cc:347] bulk append 3941394
[2023-04-11 05:37:18.222701: E /samgraph/3rdparty/collcachelib/coll_cache_lib/freq_recorder.cc:337] bulk append 1036867 into 33369323
[2023-04-11 05:37:18.228633: E /samgraph/3rdparty/collcachelib/coll_cache_lib/freq_recorder.cc:347] bulk append 3952197
[2023-04-11 05:37:18.228948: E /samgraph/3rdparty/collcachelib/coll_cache_lib/freq_recorder.cc:337] bulk append 1035679 into 34406190
[2023-04-11 05:37:18.234238: E /samgraph/3rdparty/collcachelib/coll_cache_lib/freq_recorder.cc:347] bulk append 3941630
[2023-04-11 05:37:18.234562: E /samgraph/3rdparty/collcachelib/coll_cache_lib/freq_recorder.cc:337] bulk append 1037169 into 35441869
[2023-04-11 05:37:18.240486: E /samgraph/3rdparty/collcachelib/coll_cache_lib/freq_recorder.cc:347] bulk append 3954066
[2023-04-11 05:37:18.240802: E /samgraph/3rdparty/collcachelib/coll_cache_lib/freq_recorder.cc:337] bulk append 1035198 into 36479038
[2023-04-11 05:37:18.246753: E /samgraph/3rdparty/collcachelib/coll_cache_lib/freq_recorder.cc:347] bulk append 3947786
[2023-04-11 05:37:18.247069: E /samgraph/3rdparty/collcachelib/coll_cache_lib/freq_recorder.cc:337] bulk append 1035914 into 37514236
[2023-04-11 05:37:18.252977: E /samgraph/3rdparty/collcachelib/coll_cache_lib/freq_recorder.cc:347] bulk append 3942282
[2023-04-11 05:37:18.253298: E /samgraph/3rdparty/collcachelib/coll_cache_lib/freq_recorder.cc:266] freq recorder global combining
[2023-04-11 05:37:18.[2533322023-04-11 05:37:18: [.E2023-04-11 05:37:18253337 .: /samgraph/3rdparty/collcachelib/coll_cache_lib/facade.cc253339E::  409E/samgraph/3rdparty/collcachelib/coll_cache_lib/facade.cc]  :before scale, dtype is 0, dim is 128/samgraph/3rdparty/collcachelib/coll_cache_lib/facade.cc409
:] [409before scale, dtype is 0, dim is 1282023-04-11 05:37:18] 
.before scale, dtype is 0, dim is 128253445[
: 2023-04-11 05:37:18E.[ 2534732023-04-11 05:37:18/samgraph/3rdparty/collcachelib/coll_cache_lib/facade.cc: .:E253490415 : ] /samgraph/3rdparty/collcachelib/coll_cache_lib/facade.ccEafter scale, dtype is 7, new dim is 32: 
415/samgraph/3rdparty/collcachelib/coll_cache_lib/facade.cc] :after scale, dtype is 7, new dim is 32415
] after scale, dtype is 7, new dim is 32
[2023-04-11 05:37:18.254452: E /samgraph/3rdparty/collcachelib/coll_cache_lib/coll_cache/asymm_link_desc.cc:201[] 2023-04-11 05:37:18assigning 0 to cpu.
254475: E /samgraph/3rdparty/collcachelib/coll_cache_lib/coll_cache/asymm_link_desc.cc:201[] 2023-04-11 05:37:18assigning 0 to cpu.
[2545002023-04-11 05:37:18: .E254520 : /samgraph/3rdparty/collcachelib/coll_cache_lib/coll_cache/asymm_link_desc.ccE[: 2023-04-11 05:37:18201/samgraph/3rdparty/collcachelib/coll_cache_lib/coll_cache/asymm_link_desc.cc.] :254558assigning 0 to cpu218: 
] Ebuild symm link desc with 4X Tesla V100-SXM2-16GB out of 4 
/samgraph/3rdparty/collcachelib/coll_cache_lib/coll_cache/asymm_link_desc.cc:218] build symm link desc with 4X Tesla V100-SXM2-16GB out of 4
[2023-04-11 05:37:18.254644[[: 2023-04-11 05:37:182023-04-11 05:37:18E.. 254652254646/samgraph/3rdparty/collcachelib/coll_cache_lib/coll_cache/asymm_link_desc.cc: : :EE219  ] /samgraph/3rdparty/collcachelib/coll_cache_lib/coll_cache/asymm_link_desc.cc/samgraph/3rdparty/collcachelib/coll_cache_lib/coll_cache/asymm_link_desc.ccremote time is 9.21053::
219218] [] remote time is 9.210532023-04-11 05:37:18build symm link desc with 4X Tesla V100-SXM2-16GB out of 4
.
254754[: 2023-04-11 05:37:18E. 254784[/samgraph/3rdparty/collcachelib/coll_cache_lib/coll_cache/asymm_link_desc.cc: 2023-04-11 05:37:18:E.220 254799] /samgraph/3rdparty/collcachelib/coll_cache_lib/coll_cache/asymm_link_desc.cc: cpu time is 31.8182:E
220 ] /samgraph/3rdparty/collcachelib/coll_cache_lib/coll_cache/asymm_link_desc.cccpu time is 31.8182:
[2192023-04-11 05:37:18] .remote time is 9.21053[254880
2023-04-11 05:37:18: .E[254903 2023-04-11 05:37:18: /samgraph/3rdparty/collcachelib/coll_cache_lib/facade.cc.E:254927 425: /samgraph/3rdparty/collcachelib/coll_cache_lib/facade.cc] E:registering cpu data with 8.00 GB 425
/samgraph/3rdparty/collcachelib/coll_cache_lib/coll_cache/asymm_link_desc.cc] :registering cpu data with 8.00 GB220
] cpu time is 31.8182
[2023-04-11 05:37:18.255050: E /samgraph/3rdparty/collcachelib/coll_cache_lib/facade.cc:425] registering cpu data with 8.00 GB
[2023-04-11 05:37:19.611960: E /samgraph/3rdparty/collcachelib/coll_cache_lib/facade.cc:427] registering cpu data done.
[2023-04-11 05:37:19.612599: E /samgraph/3rdparty/collcachelib/coll_cache_lib/facade.cc:427] registering cpu data done.
[2023-04-11 05:37:19.618828: E /samgraph/3rdparty/collcachelib/coll_cache_lib/facade.cc:427] registering cpu data done.
[2023-04-11 05:37:20.436331: E /samgraph/3rdparty/collcachelib/coll_cache_lib/freq_recorder.cc:269] freq recorder global combine from 38550150 to 17741327
[2023-04-11 05:37:22.355605: E /samgraph/3rdparty/collcachelib/coll_cache_lib/freq_recorder.cc:286] top 5 freq is 148,148,148,148,148
[2023-04-11 05:37:22.355776: E /samgraph/3rdparty/collcachelib/coll_cache_lib/facade.cc:409] before scale, dtype is 0, dim is 128
[2023-04-11 05:37:22.355812: E /samgraph/3rdparty/collcachelib/coll_cache_lib/facade.cc:415] after scale, dtype is 7, new dim is 32
[2023-04-11 05:37:22.356149: E /samgraph/3rdparty/collcachelib/coll_cache_lib/coll_cache/asymm_link_desc.cc:201] assigning 0 to cpu
[2023-04-11 05:37:22.356205: E /samgraph/3rdparty/collcachelib/coll_cache_lib/coll_cache/asymm_link_desc.cc:218] build symm link desc with 4X Tesla V100-SXM2-16GB out of 4
[2023-04-11 05:37:22.356257: E /samgraph/3rdparty/collcachelib/coll_cache_lib/coll_cache/asymm_link_desc.cc:219] remote time is 9.21053
[2023-04-11 05:37:22.356292: E /samgraph/3rdparty/collcachelib/coll_cache_lib/coll_cache/asymm_link_desc.cc:220] cpu time is 31.8182
[2023-04-11 05:37:22.356348: E /samgraph/3rdparty/collcachelib/coll_cache_lib/facade.cc:425] registering cpu data with 8.00 GB
[2023-04-11 05:37:23. 73035: E /samgraph/3rdparty/collcachelib/coll_cache_lib/facade.cc:427] registering cpu data done.
[2023-04-11 05:37:23. 73125: E /samgraph/3rdparty/collcachelib/coll_cache_lib/facade.cc:174] creating solver
[2023-04-11 05:37:23. 73167: E /samgraph/3rdparty/collcachelib/coll_cache_lib/facade.cc:214] solver created. now build & solve
[2023-04-11 05:37:23.516649: E /samgraph/3rdparty/collcachelib/coll_cache_lib/facade.cc:218] solver built. now solve
block 0 storage is 00000001
	access is	0	0	0	0	
block 1 storage is 00000010
	access is	1	1	1	1	
block 2 storage is 00000100
	access is	2	2	2	2	
block 3 storage is 00001000
	access is	3	3	3	3	
block 4 storage is 00000000
	access is	4	4	4	4	
[2023-04-11 05:37:23.713152: E /samgraph/3rdparty/collcachelib/coll_cache_lib/facade.cc:222] solver solved
[2023-04-11 05:37:23.715455: E /samgraph/3rdparty/collcachelib/coll_cache_lib/facade.cc:437] 0 solved master
[2023-04-11 05:37:23.715509: E /samgraph/3rdparty/collcachelib/coll_cache_lib/facade.cc:444] 0 solved
[2023-04-11 05:37:23.715542: E /samgraph/3rdparty/collcachelib/coll_cache_lib/facade.cc:447] worker 0 thread 0 initing device 0
[2023-04-11 05:37:23.716323: E /samgraph/3rdparty/collcachelib/coll_cache_lib/cache_context.cu:2301] Building Coll Cache with ... num gpu device is 4
[2023-04-11 05:37:23.716461: E /samgraph/3rdparty/collcachelib/coll_cache_lib/cuda/cache_hashtable.cuh:611] per src size local is 14660013
[2023-04-11 05:37:23.736309: E /samgraph/3rdparty/collcachelib/coll_cache_lib/facade.cc:444] 2 solved
[2023-04-11 05:37:23.736399: E /samgraph/3rdparty/collcachelib/coll_cache_lib/facade.cc:447] worker 0 thread 2 initing device 2
[2023-04-11 05:37:23.736477: E /samgraph/3rdparty/collcachelib/coll_cache_lib/facade.cc:444] 1 solved
[2023-04-11 05:37:23.736566: E /samgraph/3rdparty/collcachelib/coll_cache_lib/facade.cc:447] worker 0 thread 1 initing device 1
[2023-04-11 05:37:23.736832: E /samgraph/3rdparty/collcachelib/coll_cache_lib/cache_context.cu:2301] Building Coll Cache with ... num gpu device is 4
[2023-04-11 05:37:23.737410: E /samgraph/3rdparty/collcachelib/coll_cache_lib/cache_context.cu:2301] Building Coll Cache with ... num gpu device is 4
[2023-04-11 05:37:23.749624: E /samgraph/3rdparty/collcachelib/coll_cache_lib/facade.cc:444] 3 solved
[2023-04-11 05:37:23.749727: E /samgraph/3rdparty/collcachelib/coll_cache_lib/facade.cc:447] worker 0 thread 3 initing device 3
[2023-04-11 05:37:23.750284: E /samgraph/3rdparty/collcachelib/coll_cache_lib/cache_context.cu:2301] Building Coll Cache with ... num gpu device is 4
[2023-04-11 05:37:23.909033: E /samgraph/3rdparty/collcachelib/coll_cache_lib/cache_context.cu:2343] num cpu nodes is 57751180
[2023-04-11 05:37:23.934490: E /samgraph/3rdparty/collcachelib/coll_cache_lib/cache_context.cu:2343] num cpu nodes is 57751180
[2023-04-11 05:37:23.935172: E /samgraph/3rdparty/collcachelib/coll_cache_lib/cache_context.cu:2343] num cpu nodes is 57751180
[2023-04-11 05:37:23.949583: E /samgraph/3rdparty/collcachelib/coll_cache_lib/cache_context.cu:2343] num cpu nodes is 57751180
[2023-04-11 05:37:24.481887: E /samgraph/3rdparty/collcachelib/coll_cache_lib/cuda/cache_hashtable.cu:355] create a hashtable with 53308776 possible elem, scale to 134217728
[2023-04-11 05:37:24.481953: E /samgraph/3rdparty/collcachelib/coll_cache_lib/cuda/cache_hashtable.cu:360] SimpleHashTable allocating 1024.00 MB
[2023-04-11 05:37:24.514001: E /samgraph/3rdparty/collcachelib/coll_cache_lib/cuda/cache_hashtable.cu:355] create a hashtable with 53308776 possible elem, scale to 134217728
[2023-04-11 05:37:24.514055: E /samgraph/3rdparty/collcachelib/coll_cache_lib/cuda/cache_hashtable.cu:360] SimpleHashTable allocating 1024.00 MB
[2023-04-11 05:37:24.515384: E /samgraph/3rdparty/collcachelib/coll_cache_lib/cuda/cache_hashtable.cu:355] create a hashtable with 53308776 possible elem, scale to 134217728
[2023-04-11 05:37:24.515436: E /samgraph/3rdparty/collcachelib/coll_cache_lib/cuda/cache_hashtable.cu:360] SimpleHashTable allocating 1024.00 MB
[2023-04-11 05:37:24.521881: E /samgraph/3rdparty/collcachelib/coll_cache_lib/cuda/cache_hashtable.cu:355] create a hashtable with 53308776 possible elem, scale to 134217728
[2023-04-11 05:37:24.521934: E /samgraph/3rdparty/collcachelib/coll_cache_lib/cuda/cache_hashtable.cu:360] SimpleHashTable allocating 1024.00 MB
[2023-04-11 05:37:24.711650: E /samgraph/3rdparty/collcachelib/coll_cache_lib/common.cc:107] too many mem allocated for forcescale?13438254->111060
[2023-04-11 05:37:24.711745: E /samgraph/3rdparty/collcachelib/coll_cache_lib/common.cc:107] too many mem allocated for forcescale?13438254->111060
[2023-04-11 05:37:24.711843: E /samgraph/3rdparty/collcachelib/coll_cache_lib/common.cc:107] too many mem allocated for forcescale?13438254->111060
[2023-04-11 05:37:24.711962: E /samgraph/3rdparty/collcachelib/coll_cache_lib/common.cc:107] too many mem allocated for forcescale?13438254->111060
[2023-04-11 05:37:24.759013: E /samgraph/3rdparty/collcachelib/coll_cache_lib/cache_context.cu:2420] Asymm Coll cache (policy: clique_part) | local 13327194 / 111059956 nodes ( 12.00 %~12.00 %) | remote 39981582 / 111059956 nodes ( 36.00 %) | cpu 57751180 / 111059956 nodes ( 52.00 %) | 6.41 GB | 1.02214 secs 
[2023-04-11 05:37:24.766541: E /samgraph/3rdparty/collcachelib/coll_cache_lib/cache_context.cu:2420] Asymm Coll cache (policy: clique_part) | local 13327194 / 111059956 nodes ( 12.00 %~12.00 %) | remote 39981582 / 111059956 nodes ( 36.00 %) | cpu 57751180 / 111059956 nodes ( 52.00 %) | 6.41 GB | 1.01622 secs 
[2023-04-11 05:37:24.770559: E /samgraph/3rdparty/collcachelib/coll_cache_lib/cache_context.cu:2420] Asymm Coll cache (policy: clique_part) | local 13327194 / 111059956 nodes ( 12.00 %~12.00 %) | remote 39981582 / 111059956 nodes ( 36.00 %) | cpu 57751180 / 111059956 nodes ( 52.00 %) | 6.41 GB | 1.0542 secs 
[2023-04-11 05:37:24.786537: E /samgraph/3rdparty/collcachelib/coll_cache_lib/cache_context.cu:2420] Asymm Coll cache (policy: clique_part) | local 13327194 / 111059956 nodes ( 12.00 %~12.00 %) | remote 39981582 / 111059956 nodes ( 36.00 %) | cpu 57751180 / 111059956 nodes ( 52.00 %) | 6.41 GB | 1.04907 secs 
/usr/local/lib/python3.8/dist-packages/torch/nn/parallel/scatter_gather.py:9: UserWarning: is_namedtuple is deprecated, please use the python checks instead
  warnings.warn("is_namedtuple is deprecated, please use the python checks instead")
/usr/local/lib/python3.8/dist-packages/torch/nn/parallel/scatter_gather.py:9: UserWarning: is_namedtuple is deprecated, please use the python checks instead
  warnings.warn("is_namedtuple is deprecated, please use the python checks instead")
/usr/local/lib/python3.8/dist-packages/torch/nn/parallel/scatter_gather.py:9: UserWarning: is_namedtuple is deprecated, please use the python checks instead
  warnings.warn("is_namedtuple is deprecated, please use the python checks instead")
/usr/local/lib/python3.8/dist-packages/torch/nn/parallel/scatter_gather.py:9: UserWarning: is_namedtuple is deprecated, please use the python checks instead
  warnings.warn("is_namedtuple is deprecated, please use the python checks instead")
