/usr/lib/python3/dist-packages/requests/__init__.py:89: RequestsDependencyWarning: urllib3 (1.26.12) or chardet (3.0.4) doesn't match a supported version!
  warnings.warn("urllib3 ({}) or chardet ({}) doesn't match a supported "
[W socket.cpp:601] [c10d] The client socket has failed to connect to [localhost]:12335 (errno: 99 - Cannot assign requested address).
Rank=3 done reading 27764987 embedding vectors from file /nvme/songxiaoniu/graph-learning/wholegraph/ogbn_papers100M/converted/homograph_csr_row_ptr
Rank=1 done reading 27764990 embedding vectors from file /nvme/songxiaoniu/graph-learning/wholegraph/ogbn_papers100M/converted/homograph_csr_row_ptr
Rank=2 done reading 27764990 embedding vectors from file /nvme/songxiaoniu/graph-learning/wholegraph/ogbn_papers100M/converted/homograph_csr_row_ptr
Rank=0 done reading 27764990 embedding vectors from file /nvme/songxiaoniu/graph-learning/wholegraph/ogbn_papers100M/converted/homograph_csr_row_ptr
Rank=1 done reading 807842936 embedding vectors from file /nvme/songxiaoniu/graph-learning/wholegraph/ogbn_papers100M/converted/homograph_csr_col_idx
Rank=3 done reading 807842936 embedding vectors from file /nvme/songxiaoniu/graph-learning/wholegraph/ogbn_papers100M/converted/homograph_csr_col_idx
Rank=0 done reading 807842936 embedding vectors from file /nvme/songxiaoniu/graph-learning/wholegraph/ogbn_papers100M/converted/homograph_csr_col_idx
Rank=2 done reading 807842936 embedding vectors from file /nvme/songxiaoniu/graph-learning/wholegraph/ogbn_papers100M/converted/homograph_csr_col_idx
[2023-04-12 03:34:44.412874: E /samgraph/3rdparty/collcachelib/coll_cache_lib/freq_recorder.cc:337] bulk append 1269942 into 0
[2023-04-12 03:34:44.419114: E /samgraph/3rdparty/collcachelib/coll_cache_lib/freq_recorder.cc:347] bulk append 7458376
[2023-04-12 03:34:44.419435: E /samgraph/3rdparty/collcachelib/coll_cache_lib/freq_recorder.cc:337] bulk append 1270445 into 1269942
[2023-04-12 03:34:44.425592: E /samgraph/3rdparty/collcachelib/coll_cache_lib/freq_recorder.cc:347] bulk append 7468478
[2023-04-12 03:34:44.425908: E /samgraph/3rdparty/collcachelib/coll_cache_lib/freq_recorder.cc:337] bulk append 1270261 into 2540387
[2023-04-12 03:34:44.432084: E /samgraph/3rdparty/collcachelib/coll_cache_lib/freq_recorder.cc:347] bulk append 7447926
[2023-04-12 03:34:44.432401: E /samgraph/3rdparty/collcachelib/coll_cache_lib/freq_recorder.cc:337] bulk append 1269351 into 3810648
[2023-04-12 03:34:44.438593: E /samgraph/3rdparty/collcachelib/coll_cache_lib/freq_recorder.cc:347] bulk append 7430460
[2023-04-12 03:34:44.438914: E /samgraph/3rdparty/collcachelib/coll_cache_lib/freq_recorder.cc:337] bulk append 1268272 into 5079999
[2023-04-12 03:34:44.445064: E /samgraph/3rdparty/collcachelib/coll_cache_lib/freq_recorder.cc:347] bulk append 7450645
[2023-04-12 03:34:44.445382: E /samgraph/3rdparty/collcachelib/coll_cache_lib/freq_recorder.cc:337] bulk append 1270169 into 6348271
[2023-04-12 03:34:44.451556: E /samgraph/3rdparty/collcachelib/coll_cache_lib/freq_recorder.cc:347] bulk append 7469136
[2023-04-12 03:34:44.451873: E /samgraph/3rdparty/collcachelib/coll_cache_lib/freq_recorder.cc:337] bulk append 1271806 into 7618440
[2023-04-12 03:34:44.458041: E /samgraph/3rdparty/collcachelib/coll_cache_lib/freq_recorder.cc:347] bulk append 7460906
[2023-04-12 03:34:44.458361: E /samgraph/3rdparty/collcachelib/coll_cache_lib/freq_recorder.cc:337] bulk append 1271244 into 8890246
[2023-04-12 03:34:44.464538: E /samgraph/3rdparty/collcachelib/coll_cache_lib/freq_recorder.cc:347] bulk append 7479657
[2023-04-12 03:34:44.464859: E /samgraph/3rdparty/collcachelib/coll_cache_lib/freq_recorder.cc:337] bulk append 1270577 into 10161490
[2023-04-12 03:34:44.471041: E /samgraph/3rdparty/collcachelib/coll_cache_lib/freq_recorder.cc:347] bulk append 7470379
[2023-04-12 03:34:44.471364: E /samgraph/3rdparty/collcachelib/coll_cache_lib/freq_recorder.cc:337] bulk append 1269973 into 11432067
[2023-04-12 03:34:44.477519: E /samgraph/3rdparty/collcachelib/coll_cache_lib/freq_recorder.cc:347] bulk append 7467521
[2023-04-12 03:34:44.477871: E /samgraph/3rdparty/collcachelib/coll_cache_lib/freq_recorder.cc:337] bulk append 1060857 into 12702040
[2023-04-12 03:34:44.484508: E /samgraph/3rdparty/collcachelib/coll_cache_lib/freq_recorder.cc:347] bulk append 7825103
[2023-04-12 03:34:44.484827: E /samgraph/3rdparty/collcachelib/coll_cache_lib/freq_recorder.cc:337] bulk append 1059787 into 13762897
[2023-04-12 03:34:44.490759: E /samgraph/3rdparty/collcachelib/coll_cache_lib/freq_recorder.cc:347] bulk append 7838591
[2023-04-12 03:34:44.491076: E /samgraph/3rdparty/collcachelib/coll_cache_lib/freq_recorder.cc:337] bulk append 1060443 into 14822684
[2023-04-12 03:34:44.497018: E /samgraph/3rdparty/collcachelib/coll_cache_lib/freq_recorder.cc:347] bulk append 7820124
[2023-04-12 03:34:44.497337: E /samgraph/3rdparty/collcachelib/coll_cache_lib/freq_recorder.cc:337] bulk append 1059263 into 15883127
[2023-04-12 03:34:44.502617: E /samgraph/3rdparty/collcachelib/coll_cache_lib/freq_recorder.cc:347] bulk append 7803671
[2023-04-12 03:34:44.502936: E /samgraph/3rdparty/collcachelib/coll_cache_lib/freq_recorder.cc:337] bulk append 1058060 into 16942390
[2023-04-12 03:34:44.508195: E /samgraph/3rdparty/collcachelib/coll_cache_lib/freq_recorder.cc:347] bulk append 7824535
[2023-04-12 03:34:44.508511: E /samgraph/3rdparty/collcachelib/coll_cache_lib/freq_recorder.cc:337] bulk append 1061982 into 18000450
[2023-04-12 03:34:44.514435: E /samgraph/3rdparty/collcachelib/coll_cache_lib/freq_recorder.cc:347] bulk append 7851062
[2023-04-12 03:34:44.514764: E /samgraph/3rdparty/collcachelib/coll_cache_lib/freq_recorder.cc:337] bulk append 1061031 into 19062432
[2023-04-12 03:34:44.520693: E /samgraph/3rdparty/collcachelib/coll_cache_lib/freq_recorder.cc:347] bulk append 7831734
[2023-04-12 03:34:44.521008: E /samgraph/3rdparty/collcachelib/coll_cache_lib/freq_recorder.cc:337] bulk append 1060379 into 20123463
[2023-04-12 03:34:44.526277: E /samgraph/3rdparty/collcachelib/coll_cache_lib/freq_recorder.cc:347] bulk append 7844004
[2023-04-12 03:34:44.526608: E /samgraph/3rdparty/collcachelib/coll_cache_lib/freq_recorder.cc:337] bulk append 1059877 into 21183842
[2023-04-12 03:34:44.531870: E /samgraph/3rdparty/collcachelib/coll_cache_lib/freq_recorder.cc:347] bulk append 7847857
[2023-04-12 03:34:44.532188: E /samgraph/3rdparty/collcachelib/coll_cache_lib/freq_recorder.cc:337] bulk append 1060831 into 22243719
[2023-04-12 03:34:44.537461: E /samgraph/3rdparty/collcachelib/coll_cache_lib/freq_recorder.cc:347] bulk append 7855115
[2023-04-12 03:34:44.537793: E /samgraph/3rdparty/collcachelib/coll_cache_lib/freq_recorder.cc:337] bulk append 1316636 into 23304550
[2023-04-12 03:34:44.544247: E /samgraph/3rdparty/collcachelib/coll_cache_lib/freq_recorder.cc:347] bulk append 8370706
[2023-04-12 03:34:44.544568: E /samgraph/3rdparty/collcachelib/coll_cache_lib/freq_recorder.cc:337] bulk append 1315991 into 24621186
[2023-04-12 03:34:44.550948: E /samgraph/3rdparty/collcachelib/coll_cache_lib/freq_recorder.cc:347] bulk append 8368259
[2023-04-12 03:34:44.551269: E /samgraph/3rdparty/collcachelib/coll_cache_lib/freq_recorder.cc:337] bulk append 1317391 into 25937177
[2023-04-12 03:34:44.557666: E /samgraph/3rdparty/collcachelib/coll_cache_lib/freq_recorder.cc:347] bulk append 8351990
[2023-04-12 03:34:44.557987: E /samgraph/3rdparty/collcachelib/coll_cache_lib/freq_recorder.cc:337] bulk append 1315427 into 27254568
[2023-04-12 03:34:44.564381: E /samgraph/3rdparty/collcachelib/coll_cache_lib/freq_recorder.cc:347] bulk append 8332802
[2023-04-12 03:34:44.564699: E /samgraph/3rdparty/collcachelib/coll_cache_lib/freq_recorder.cc:337] bulk append 1315468 into 28569995
[2023-04-12 03:34:44.571092: E /samgraph/3rdparty/collcachelib/coll_cache_lib/freq_recorder.cc:347] bulk append 8359277
[2023-04-12 03:34:44.571394: E /samgraph/3rdparty/collcachelib/coll_cache_lib/freq_recorder.cc:337] bulk append 1317469 into 29885463
[2023-04-12 03:34:44.577771: E /samgraph/3rdparty/collcachelib/coll_cache_lib/freq_recorder.cc:347] bulk append 8386348
[2023-04-12 03:34:44.578079: E /samgraph/3rdparty/collcachelib/coll_cache_lib/freq_recorder.cc:337] bulk append 1315446 into 31202932
[2023-04-12 03:34:44.584483: E /samgraph/3rdparty/collcachelib/coll_cache_lib/freq_recorder.cc:347] bulk append 8356699
[2023-04-12 03:34:44.584786: E /samgraph/3rdparty/collcachelib/coll_cache_lib/freq_recorder.cc:337] bulk append 1317687 into 32518378
[2023-04-12 03:34:44.591178: E /samgraph/3rdparty/collcachelib/coll_cache_lib/freq_recorder.cc:347] bulk append 8385444
[2023-04-12 03:34:44.591482: E /samgraph/3rdparty/collcachelib/coll_cache_lib/freq_recorder.cc:337] bulk append 1315454 into 33836065
[2023-04-12 03:34:44.597869: E /samgraph/3rdparty/collcachelib/coll_cache_lib/freq_recorder.cc:347] bulk append 8381348
[2023-04-12 03:34:44.598169: E /samgraph/3rdparty/collcachelib/coll_cache_lib/freq_recorder.cc:337] bulk append 1315062 into 35151519
[2023-04-12 03:34:44.604551: E /samgraph/3rdparty/collcachelib/coll_cache_lib/freq_recorder.cc:347] bulk append 8380996
[2023-04-12 03:34:44.604864: E /samgraph/3rdparty/collcachelib/coll_cache_lib/freq_recorder.cc:337] bulk append 1334680 into 36466581
[2023-04-12 03:34:44.611364: E /samgraph/3rdparty/collcachelib/coll_cache_lib/freq_recorder.cc:347] bulk append 7901946
[2023-04-12 03:34:44.611683: E /samgraph/3rdparty/collcachelib/coll_cache_lib/freq_recorder.cc:337] bulk append 1333711 into 37801261
[2023-04-12 03:34:44.618114: E /samgraph/3rdparty/collcachelib/coll_cache_lib/freq_recorder.cc:347] bulk append 7891248
[2023-04-12 03:34:44.618430: E /samgraph/3rdparty/collcachelib/coll_cache_lib/freq_recorder.cc:337] bulk append 1334136 into 39134972
[2023-04-12 03:34:44.624883: E /samgraph/3rdparty/collcachelib/coll_cache_lib/freq_recorder.cc:347] bulk append 7882476
[2023-04-12 03:34:44.625194: E /samgraph/3rdparty/collcachelib/coll_cache_lib/freq_recorder.cc:337] bulk append 1334104 into 40469108
[2023-04-12 03:34:44.631655: E /samgraph/3rdparty/collcachelib/coll_cache_lib/freq_recorder.cc:347] bulk append 7866342
[2023-04-12 03:34:44.631957: E /samgraph/3rdparty/collcachelib/coll_cache_lib/freq_recorder.cc:337] bulk append 1333125 into 41803212
[2023-04-12 03:34:44.638393: E /samgraph/3rdparty/collcachelib/coll_cache_lib/freq_recorder.cc:347] bulk append 7886718
[2023-04-12 03:34:44.638713: E /samgraph/3rdparty/collcachelib/coll_cache_lib/freq_recorder.cc:337] bulk append 1335174 into 43136337
[2023-04-12 03:34:44.645154: E /samgraph/3rdparty/collcachelib/coll_cache_lib/freq_recorder.cc:347] bulk append 7907086
[2023-04-12 03:34:44.645462: E /samgraph/3rdparty/collcachelib/coll_cache_lib/freq_recorder.cc:337] bulk append 1334873 into 44471511
[2023-04-12 03:34:44.651917: E /samgraph/3rdparty/collcachelib/coll_cache_lib/freq_recorder.cc:347] bulk append 7889184
[2023-04-12 03:34:44.652217: E /samgraph/3rdparty/collcachelib/coll_cache_lib/freq_recorder.cc:337] bulk append 1335555 into 45806384
[2023-04-12 03:34:44.658677: E /samgraph/3rdparty/collcachelib/coll_cache_lib/freq_recorder.cc:347] bulk append 7908007
[2023-04-12 03:34:44.658977: E /samgraph/3rdparty/collcachelib/coll_cache_lib/freq_recorder.cc:337] bulk append 1333601 into 47141939
[2023-04-12 03:34:44.665411: E /samgraph/3rdparty/collcachelib/coll_cache_lib/freq_recorder.cc:347] bulk append 7894082
[2023-04-12 03:34:44.665726: E /samgraph/3rdparty/collcachelib/coll_cache_lib/freq_recorder.cc:337] bulk append 1334573 into 48475540
[2023-04-12 03:34:44.672180: E /samgraph/3rdparty/collcachelib/coll_cache_lib/freq_recorder.cc:347] bulk append 7888272
[2023-04-12 03:34:44.672491: E /samgraph/3rdparty/collcachelib/coll_cache_lib/freq_recorder.cc:266] freq recorder global combining
[2023-04-12 03:34:44.672524: E /samgraph/3rdparty/collcachelib/coll_cache_lib/run_config.cc:[140[2023-04-12 03:34:44] 2023-04-12 03:34:44.using concurrent impl MPSPhase.672532
672540: : E[E 2023-04-12 03:34:44 /samgraph/3rdparty/collcachelib/coll_cache_lib/run_config.cc./samgraph/3rdparty/collcachelib/coll_cache_lib/run_config.cc:672594:140: 140] E] using concurrent impl MPSPhase using concurrent impl MPSPhase
/samgraph/3rdparty/collcachelib/coll_cache_lib/facade.cc
[:2023-04-12 03:34:44409.[] 6726822023-04-12 03:34:44before scale, dtype is 0, dim is 128: .
E672710 [: /samgraph/3rdparty/collcachelib/coll_cache_lib/facade.cc2023-04-12 03:34:44E:. 409672748/samgraph/3rdparty/collcachelib/coll_cache_lib/facade.cc] : :before scale, dtype is 0, dim is 128E409
 ] /samgraph/3rdparty/collcachelib/coll_cache_lib/facade.cc[before scale, dtype is 0, dim is 128:2023-04-12 03:34:44
415.] 672820[after scale, dtype is 7, new dim is 32: 2023-04-12 03:34:44
E. 672850/samgraph/3rdparty/collcachelib/coll_cache_lib/facade.cc: :E415 ] /samgraph/3rdparty/collcachelib/coll_cache_lib/facade.ccafter scale, dtype is 7, new dim is 32:
415] after scale, dtype is 7, new dim is 32
[2023-04-12 03:34:44.673726: E /samgraph/3rdparty/collcachelib/coll_cache_lib/coll_cache/asymm_link_desc.cc:201] assigning 8 to cpu
[2023-04-12 03:34:44[.2023-04-12 03:34:44673772.: 673778E:  E/samgraph/3rdparty/collcachelib/coll_cache_lib/coll_cache/asymm_link_desc.cc :[/samgraph/3rdparty/collcachelib/coll_cache_lib/coll_cache/asymm_link_desc.cc2182023-04-12 03:34:44:] .201build symm link desc with 4X Tesla V100-SXM2-16GB out of 4673804] 
: assigning 8 to cpuE
 /samgraph/3rdparty/collcachelib/coll_cache_lib/coll_cache/asymm_link_desc.cc:201[] 2023-04-12 03:34:44assigning 8 to cpu.[
6738742023-04-12 03:34:44: .E673884 : /samgraph/3rdparty/collcachelib/coll_cache_lib/coll_cache/asymm_link_desc.ccE: 219/samgraph/3rdparty/collcachelib/coll_cache_lib/coll_cache/asymm_link_desc.cc] :remote time is 9.21053218
] [build symm link desc with 4X Tesla V100-SXM2-16GB out of 4[2023-04-12 03:34:44
2023-04-12 03:34:44..673931673943: : [EE2023-04-12 03:34:44  ./samgraph/3rdparty/collcachelib/coll_cache_lib/coll_cache/asymm_link_desc.cc/samgraph/3rdparty/collcachelib/coll_cache_lib/coll_cache/asymm_link_desc.cc673973::: 218220E] ]  build symm link desc with 4X Tesla V100-SXM2-16GB out of 4cpu time is 31.8182/samgraph/3rdparty/collcachelib/coll_cache_lib/coll_cache/asymm_link_desc.cc

:219] remote time is 9.21053
[2023-04-12 03:34:44.[[6740772023-04-12 03:34:442023-04-12 03:34:44: ..E674077674080 : : /samgraph/3rdparty/collcachelib/coll_cache_lib/coll_cache/asymm_link_desc.ccEE:  220/samgraph/3rdparty/collcachelib/coll_cache_lib/facade.cc/samgraph/3rdparty/collcachelib/coll_cache_lib/coll_cache/asymm_link_desc.cc] ::cpu time is 31.8182425219
] ] registering cpu data with 8.00 GBremote time is 9.21053

[2023-04-12 03:34:44.674205[: 2023-04-12 03:34:44E. 674217/samgraph/3rdparty/collcachelib/coll_cache_lib/facade.cc: :E425 ] /samgraph/3rdparty/collcachelib/coll_cache_lib/coll_cache/asymm_link_desc.ccregistering cpu data with 8.00 GB:
220] cpu time is 31.8182
[2023-04-12 03:34:44.674311: E /samgraph/3rdparty/collcachelib/coll_cache_lib/facade.cc:425] registering cpu data with 8.00 GB
[2023-04-12 03:34:46. 75630: E /samgraph/3rdparty/collcachelib/coll_cache_lib/facade.cc:427] registering cpu data done.
[2023-04-12 03:34:46. 76250: E /samgraph/3rdparty/collcachelib/coll_cache_lib/facade.cc:427] registering cpu data done.
[2023-04-12 03:34:46. 81499: E /samgraph/3rdparty/collcachelib/coll_cache_lib/facade.cc:427] registering cpu data done.
[2023-04-12 03:34:47.191465: E /samgraph/3rdparty/collcachelib/coll_cache_lib/freq_recorder.cc:269] freq recorder global combine from 49810113 to 21795778
[2023-04-12 03:34:49.574893: E /samgraph/3rdparty/collcachelib/coll_cache_lib/freq_recorder.cc:286] top 5 freq is 296,296,296,296,296
[2023-04-12 03:34:49.575069: E /samgraph/3rdparty/collcachelib/coll_cache_lib/run_config.cc:140] using concurrent impl MPSPhase
[2023-04-12 03:34:49.575108: E /samgraph/3rdparty/collcachelib/coll_cache_lib/facade.cc:409] before scale, dtype is 0, dim is 128
[2023-04-12 03:34:49.575142: E /samgraph/3rdparty/collcachelib/coll_cache_lib/facade.cc:415] after scale, dtype is 7, new dim is 32
[2023-04-12 03:34:49.575492: E /samgraph/3rdparty/collcachelib/coll_cache_lib/coll_cache/asymm_link_desc.cc:201] assigning 8 to cpu
[2023-04-12 03:34:49.575541: E /samgraph/3rdparty/collcachelib/coll_cache_lib/coll_cache/asymm_link_desc.cc:218] build symm link desc with 4X Tesla V100-SXM2-16GB out of 4
[2023-04-12 03:34:49.575614: E /samgraph/3rdparty/collcachelib/coll_cache_lib/coll_cache/asymm_link_desc.cc:219] remote time is 9.21053
[2023-04-12 03:34:49.575649: E /samgraph/3rdparty/collcachelib/coll_cache_lib/coll_cache/asymm_link_desc.cc:220] cpu time is 31.8182
[2023-04-12 03:34:49.575694: E /samgraph/3rdparty/collcachelib/coll_cache_lib/facade.cc:425] registering cpu data with 8.00 GB
[2023-04-12 03:34:50.295463: E /samgraph/3rdparty/collcachelib/coll_cache_lib/facade.cc:427] registering cpu data done.
[2023-04-12 03:34:50.295550: E /samgraph/3rdparty/collcachelib/coll_cache_lib/facade.cc:174] creating solver
[2023-04-12 03:34:50.295578: E /samgraph/3rdparty/collcachelib/coll_cache_lib/facade.cc:214] solver created. now build & solve
[2023-04-12 03:34:50.764786: E /samgraph/3rdparty/collcachelib/coll_cache_lib/facade.cc:218] solver built. now solve
[2023-04-12 03:34:50.764893: E /samgraph/3rdparty/collcachelib/coll_cache_lib/coll_cache/optimal_solver_class.cc:1432] num_cached_nodes = 8884796
[2023-04-12 03:34:51. 18601: E /samgraph/3rdparty/collcachelib/coll_cache_lib/facade.cc:222] solver solved
[2023-04-12 03:34:51. 21022: E /samgraph/3rdparty/collcachelib/coll_cache_lib/facade.cc:437] 0 solved master
[2023-04-12 03:34:51. 21072: E /samgraph/3rdparty/collcachelib/coll_cache_lib/facade.cc:444] 0 solved
[2023-04-12 03:34:51. 21105: E /samgraph/3rdparty/collcachelib/coll_cache_lib/facade.cc:447] worker 0 thread 0 initing device 0
[2023-04-12 03:34:51. 22030: E /samgraph/3rdparty/collcachelib/coll_cache_lib/cache_context.cu:2308] Building Coll Cache with ... num gpu device is 4
[2023-04-12 03:34:51. 22162: E /samgraph/3rdparty/collcachelib/coll_cache_lib/cuda/cache_hashtable.cuh:611] per src size local is 9773375
[2023-04-12 03:34:51. 41906: E /samgraph/3rdparty/collcachelib/coll_cache_lib/facade.cc:444] 2 solved
[2023-04-12 03:34:51. 42001: E /samgraph/3rdparty/collcachelib/coll_cache_lib/facade.cc:447] [worker 0 thread 2 initing device 2
2023-04-12 03:34:51. 41992: E /samgraph/3rdparty/collcachelib/coll_cache_lib/facade.cc:444] 3 solved
[2023-04-12 03:34:51. 42073: E /samgraph/3rdparty/collcachelib/coll_cache_lib/facade.cc:447] worker 0 thread 3 initing device 3
[2023-04-12 03:34:51. 42653: E /samgraph/3rdparty/collcachelib/coll_cache_lib/cache_context.cu:2308] Building Coll Cache with ... num gpu device is 4
[2023-04-12 03:34:51. 42709: E /samgraph/3rdparty/collcachelib/coll_cache_lib/cache_context.cu:2308] Building Coll Cache with ... num gpu device is 4
[2023-04-12 03:34:51. 57362: E /samgraph/3rdparty/collcachelib/coll_cache_lib/facade.cc:444] 1 solved
[2023-04-12 03:34:51. 57484: E /samgraph/3rdparty/collcachelib/coll_cache_lib/facade.cc:447] worker 0 thread 1 initing device 1
[2023-04-12 03:34:51. 58286: E /samgraph/3rdparty/collcachelib/coll_cache_lib/cache_context.cu:2308] Building Coll Cache with ... num gpu device is 4
[2023-04-12 03:34:51. 65240: E /samgraph/3rdparty/collcachelib/coll_cache_lib/common.cc:261] making a tensor with 0 num item
[2023-04-12 03:34:51. 65303: E /samgraph/3rdparty/collcachelib/coll_cache_lib/cache_context.cu:2350] num cpu nodes is 102175160
[2023-04-12 03:34:51. 93844: E /samgraph/3rdparty/collcachelib/coll_cache_lib/common.cc:261] making a tensor with 0 num item
[2023-04-12 03:34:51. 93941: E /samgraph/3rdparty/collcachelib/coll_cache_lib/cache_context.cu:2350] num cpu nodes is 102175160
[2023-04-12 03:34:51. 96008: E /samgraph/3rdparty/collcachelib/coll_cache_lib/common.cc:261] making a tensor with 0 num item
[2023-04-12 03:34:51. 96076: E /samgraph/3rdparty/collcachelib/coll_cache_lib/cache_context.cu:2350] num cpu nodes is 102175160
[2023-04-12 03:34:51.107095: E /samgraph/3rdparty/collcachelib/coll_cache_lib/common.cc:261] making a tensor with 0 num item
[2023-04-12 03:34:51.107167: E /samgraph/3rdparty/collcachelib/coll_cache_lib/cache_context.cu:2350] num cpu nodes is 102175160
[2023-04-12 03:34:51.445380: E /samgraph/3rdparty/collcachelib/coll_cache_lib/cuda/cache_hashtable.cu:355] create a hashtable with 8884796 possible elem, scale to 33554432
[2023-04-12 03:34:51.445459: E /samgraph/3rdparty/collcachelib/coll_cache_lib/cuda/cache_hashtable.cu:360] SimpleHashTable allocating 256.00 MB
[[2023-04-12 03:34:512023-04-12 03:34:51..483928483928: : EE  /samgraph/3rdparty/collcachelib/coll_cache_lib/cuda/cache_hashtable.cu/samgraph/3rdparty/collcachelib/coll_cache_lib/cuda/cache_hashtable.cu::355355] ] create a hashtable with 8884796 possible elem, scale to 33554432create a hashtable with 8884796 possible elem, scale to 33554432

[[2023-04-12 03:34:512023-04-12 03:34:51..484015484016: : EE  /samgraph/3rdparty/collcachelib/coll_cache_lib/cuda/cache_hashtable.cu/samgraph/3rdparty/collcachelib/coll_cache_lib/cuda/cache_hashtable.cu::360360] ] SimpleHashTable allocating 256.00 MBSimpleHashTable allocating 256.00 MB

[2023-04-12 03:34:51.485828: E /samgraph/3rdparty/collcachelib/coll_cache_lib/cuda/cache_hashtable.cu:355] create a hashtable with 8884796 possible elem, scale to 33554432
[2023-04-12 03:34:51.485883: E /samgraph/3rdparty/collcachelib/coll_cache_lib/cuda/cache_hashtable.cu:360] SimpleHashTable allocating 256.00 MB
[2023-04-12 03:34:51.502546: E /samgraph/3rdparty/collcachelib/coll_cache_lib/common.cc:107] too many mem allocated for forcescale?8995856->111060
[2023-04-12 03:34:51.502650: E /samgraph/3rdparty/collcachelib/coll_cache_lib/common.cc:107] too many mem allocated for forcescale?8995856->111060
[2023-04-12 03:34:51.502715: E /samgraph/3rdparty/collcachelib/coll_cache_lib/common.cc:107] too many mem allocated for forcescale?8995856->111060
[2023-04-12 03:34:51.502778: E /samgraph/3rdparty/collcachelib/coll_cache_lib/common.cc:107] too many mem allocated for forcescale?8995856->111060
[2023-04-12 03:34:51.535976: E /samgraph/3rdparty/collcachelib/coll_cache_lib/cache_context.cu:2427] Asymm Coll cache (policy: rep_cache) | local 8884796 / 111059956 nodes ( 8.00 %~8.00 %) | remote 0 / 111059956 nodes ( 0.00 %) | cpu 102175160 / 111059956 nodes ( 92.00 %) | 4.29 GB | 0.513905 secs 
[2023-04-12 03:34:51.536476: W /samgraph/3rdparty/collcachelib/coll_cache_lib/cache_context.cu:3946] before create ctx, mem is 9.98 GB
[2023-04-12 03:34:51.537505: W /samgraph/3rdparty/collcachelib/coll_cache_lib/cache_context.cu:3946] before create ctx, mem is 9.98 GB
[2023-04-12 03:34:51.543096: W /samgraph/3rdparty/collcachelib/coll_cache_lib/cache_context.cu:3946] before create ctx, mem is 9.98 GB
[2023-04-12 03:34:51.543438: E /samgraph/3rdparty/collcachelib/coll_cache_lib/cache_context.cu:2427] Asymm Coll cache (policy: rep_cache) | local 8884796 / 111059956 nodes ( 8.00 %~8.00 %) | remote 0 / 111059956 nodes ( 0.00 %) | cpu 102175160 / 111059956 nodes ( 92.00 %) | 4.29 GB | 0.500749 secs 
[2023-04-12 03:34:51.554534: E /samgraph/3rdparty/collcachelib/coll_cache_lib/cache_context.cu:2427] Asymm Coll cache (policy: rep_cache) | local 8884796 / 111059956 nodes ( 8.00 %~8.00 %) | remote 0 / 111059956 nodes ( 0.00 %) | cpu 102175160 / 111059956 nodes ( 92.00 %) | 4.29 GB | 0.51179 secs 
[2023-04-12 03:34:51.558729: E /samgraph/3rdparty/collcachelib/coll_cache_lib/cache_context.cu:2427] Asymm Coll cache (policy: rep_cache) | local 8884796 / 111059956 nodes ( 8.00 %~8.00 %) | remote 0 / 111059956 nodes ( 0.00 %) | cpu 102175160 / 111059956 nodes ( 92.00 %) | 4.29 GB | 0.500404 secs 
[2023-04-12 03:34:51.560757: W /samgraph/3rdparty/collcachelib/coll_cache_lib/cache_context.cu:3946] before create ctx, mem is 9.98 GB
[2023-04-12 03:34:57.379454: W /samgraph/3rdparty/collcachelib/coll_cache_lib/cache_context.cu:3946] after create ctx, mem is 11.62 GB
[2023-04-12 03:34:57.379604: W /samgraph/3rdparty/collcachelib/coll_cache_lib/cache_context.cu:3946] after create stream, mem is 11.62 GB
[2023-04-12 03:34:57.526423: W /samgraph/3rdparty/collcachelib/coll_cache_lib/cache_context.cu:3946] after create ctx, mem is 11.66 GB
[2023-04-12 03:34:57.526595: W /samgraph/3rdparty/collcachelib/coll_cache_lib/cache_context.cu:3946] after create stream, mem is 11.66 GB
[2023-04-12 03:34:57.587605: W /samgraph/3rdparty/collcachelib/coll_cache_lib/cache_context.cu:3946] after create ctx, mem is 11.69 GB
[2023-04-12 03:34:57.587733: W /samgraph/3rdparty/collcachelib/coll_cache_lib/cache_context.cu:3946] after create stream, mem is 11.69 GB
[2023-04-12 03:34:57.659429: W /samgraph/3rdparty/collcachelib/coll_cache_lib/cache_context.cu:3946] after create ctx, mem is 11.71 GB
[2023-04-12 03:34:57.659547: W /samgraph/3rdparty/collcachelib/coll_cache_lib/cache_context.cu:3946] after create stream, mem is 11.71 GB
/usr/local/lib/python3.8/dist-packages/torch/nn/parallel/scatter_gather.py:9: UserWarning: is_namedtuple is deprecated, please use the python checks instead
  warnings.warn("is_namedtuple is deprecated, please use the python checks instead")
/usr/local/lib/python3.8/dist-packages/torch/nn/parallel/scatter_gather.py:9: UserWarning: is_namedtuple is deprecated, please use the python checks instead
  warnings.warn("is_namedtuple is deprecated, please use the python checks instead")
/usr/local/lib/python3.8/dist-packages/torch/nn/parallel/scatter_gather.py:9: UserWarning: is_namedtuple is deprecated, please use the python checks instead
  warnings.warn("is_namedtuple is deprecated, please use the python checks instead")
/usr/local/lib/python3.8/dist-packages/torch/nn/parallel/scatter_gather.py:9: UserWarning: is_namedtuple is deprecated, please use the python checks instead
  warnings.warn("is_namedtuple is deprecated, please use the python checks instead")
