/usr/lib/python3/dist-packages/requests/__init__.py:89: RequestsDependencyWarning: urllib3 (1.26.12) or chardet (3.0.4) doesn't match a supported version!
  warnings.warn("urllib3 ({}) or chardet ({}) doesn't match a supported "
[W socket.cpp:601] [c10d] The client socket has failed to connect to [localhost]:12335 (errno: 99 - Cannot assign requested address).
[W socket.cpp:601] [c10d] The client socket has failed to connect to [localhost]:12335 (errno: 99 - Cannot assign requested address).
Rank=1 done reading 61040125 embedding vectors from file /nvme/songxiaoniu/graph-learning/wholegraph/mag240m_homo/converted/homograph_csr_row_ptr
Rank=3 done reading 61040125 embedding vectors from file /nvme/songxiaoniu/graph-learning/wholegraph/mag240m_homo/converted/homograph_csr_row_ptr
Rank=0 done reading 61040125 embedding vectors from file /nvme/songxiaoniu/graph-learning/wholegraph/mag240m_homo/converted/homograph_csr_row_ptr
Rank=2 done reading 61040125 embedding vectors from file /nvme/songxiaoniu/graph-learning/wholegraph/mag240m_homo/converted/homograph_csr_row_ptr
Rank=1 done reading 863617956 embedding vectors from file /nvme/songxiaoniu/graph-learning/wholegraph/mag240m_homo/converted/homograph_csr_col_idx
Rank=3 done reading 863617956 embedding vectors from file /nvme/songxiaoniu/graph-learning/wholegraph/mag240m_homo/converted/homograph_csr_col_idx
Rank=2 done reading 863617956 embedding vectors from file /nvme/songxiaoniu/graph-learning/wholegraph/mag240m_homo/converted/homograph_csr_col_idx
Rank=0 done reading 863617956 embedding vectors from file /nvme/songxiaoniu/graph-learning/wholegraph/mag240m_homo/converted/homograph_csr_col_idx
[2023-04-12 07:45:04.218383: E /samgraph/3rdparty/collcachelib/coll_cache_lib/freq_recorder.cc:337] bulk append 1384801 into 0
[2023-04-12 07:45:04.225117: E /samgraph/3rdparty/collcachelib/coll_cache_lib/freq_recorder.cc:347] bulk append 7153136
[2023-04-12 07:45:04.225444: E /samgraph/3rdparty/collcachelib/coll_cache_lib/freq_recorder.cc:337] bulk append 1382717 into 1384801
[2023-04-12 07:45:04.232741: E /samgraph/3rdparty/collcachelib/coll_cache_lib/freq_recorder.cc:347] bulk append 7148302
[2023-04-12 07:45:04.233065: E /samgraph/3rdparty/collcachelib/coll_cache_lib/freq_recorder.cc:337] bulk append 1382278 into 2767518
[2023-04-12 07:45:04.240365: E /samgraph/3rdparty/collcachelib/coll_cache_lib/freq_recorder.cc:347] bulk append 7154477
[2023-04-12 07:45:04.240689: E /samgraph/3rdparty/collcachelib/coll_cache_lib/freq_recorder.cc:337] bulk append 1384058 into 4149796
[2023-04-12 07:45:04.248001: E /samgraph/3rdparty/collcachelib/coll_cache_lib/freq_recorder.cc:347] bulk append 7154614
[2023-04-12 07:45:04.248324: E /samgraph/3rdparty/collcachelib/coll_cache_lib/freq_recorder.cc:337] bulk append 1382275 into 5533854
[2023-04-12 07:45:04.255039: E /samgraph/3rdparty/collcachelib/coll_cache_lib/freq_recorder.cc:347] bulk append 7165796
[2023-04-12 07:45:04.255555: E /samgraph/3rdparty/collcachelib/coll_cache_lib/freq_recorder.cc:337] bulk append 1382294 into 6916129
[2023-04-12 07:45:04.262187: E /samgraph/3rdparty/collcachelib/coll_cache_lib/freq_recorder.cc:347] bulk append 7158898
[2023-04-12 07:45:04.262522: E /samgraph/3rdparty/collcachelib/coll_cache_lib/freq_recorder.cc:337] bulk append 1381148 into 8298423
[2023-04-12 07:45:04.269156: E /samgraph/3rdparty/collcachelib/coll_cache_lib/freq_recorder.cc:347] bulk append 7135934
[2023-04-12 07:45:04.269480: E /samgraph/3rdparty/collcachelib/coll_cache_lib/freq_recorder.cc:337] bulk append 1382286 into 9679571
[2023-04-12 07:45:04.276131: E /samgraph/3rdparty/collcachelib/coll_cache_lib/freq_recorder.cc:347] bulk append 7167413
[2023-04-12 07:45:04.276455: E /samgraph/3rdparty/collcachelib/coll_cache_lib/freq_recorder.cc:337] bulk append 1381454 into 11061857
[2023-04-12 07:45:04.283749: E /samgraph/3rdparty/collcachelib/coll_cache_lib/freq_recorder.cc:347] bulk append 7153456
[2023-04-12 07:45:04.284072: E /samgraph/3rdparty/collcachelib/coll_cache_lib/freq_recorder.cc:337] bulk append 1384129 into 12443311
[2023-04-12 07:45:04.291366: E /samgraph/3rdparty/collcachelib/coll_cache_lib/freq_recorder.cc:347] bulk append 7161869
[2023-04-12 07:45:04.291733: E /samgraph/3rdparty/collcachelib/coll_cache_lib/freq_recorder.cc:337] bulk append 1384325 into 13827440
[2023-04-12 07:45:04.298495: E /samgraph/3rdparty/collcachelib/coll_cache_lib/freq_recorder.cc:347] bulk append 7157899
[2023-04-12 07:45:04.298843: E /samgraph/3rdparty/collcachelib/coll_cache_lib/freq_recorder.cc:337] bulk append 1384867 into 15211765
[2023-04-12 07:45:04.305508: E /samgraph/3rdparty/collcachelib/coll_cache_lib/freq_recorder.cc:347] bulk append 7155113
[2023-04-12 07:45:04.305834: E /samgraph/3rdparty/collcachelib/coll_cache_lib/freq_recorder.cc:337] bulk append 1381726 into 16596632
[2023-04-12 07:45:04.312497: E /samgraph/3rdparty/collcachelib/coll_cache_lib/freq_recorder.cc:347] bulk append 7153931
[2023-04-12 07:45:04.312821: E /samgraph/3rdparty/collcachelib/coll_cache_lib/freq_recorder.cc:337] bulk append 1385505 into 17978358
[2023-04-12 07:45:04.320189: E /samgraph/3rdparty/collcachelib/coll_cache_lib/freq_recorder.cc:347] bulk append 7157885
[2023-04-12 07:45:04.320511: E /samgraph/3rdparty/collcachelib/coll_cache_lib/freq_recorder.cc:337] bulk append 1383076 into 19363863
[2023-04-12 07:45:04.327176: E /samgraph/3rdparty/collcachelib/coll_cache_lib/freq_recorder.cc:347] bulk append 7173861
[2023-04-12 07:45:04.327500: E /samgraph/3rdparty/collcachelib/coll_cache_lib/freq_recorder.cc:337] bulk append 1384094 into 20746939
[2023-04-12 07:45:04.334901: E /samgraph/3rdparty/collcachelib/coll_cache_lib/freq_recorder.cc:347] bulk append 7164752
[2023-04-12 07:45:04.335224: E /samgraph/3rdparty/collcachelib/coll_cache_lib/freq_recorder.cc:337] bulk append 1382532 into 22131033
[2023-04-12 07:45:04.341884: E /samgraph/3rdparty/collcachelib/coll_cache_lib/freq_recorder.cc:347] bulk append 7139855
[2023-04-12 07:45:04.342208: E /samgraph/3rdparty/collcachelib/coll_cache_lib/freq_recorder.cc:337] bulk append 1383168 into 23513565
[2023-04-12 07:45:04.349572: E /samgraph/3rdparty/collcachelib/coll_cache_lib/freq_recorder.cc:347] bulk append 7173748
[2023-04-12 07:45:04.349894: E /samgraph/3rdparty/collcachelib/coll_cache_lib/freq_recorder.cc:337] bulk append 1383975 into 24896733
[2023-04-12 07:45:04.356560: E /samgraph/3rdparty/collcachelib/coll_cache_lib/freq_recorder.cc:347] bulk append 7161842
[2023-04-12 07:45:04.356884: E /samgraph/3rdparty/collcachelib/coll_cache_lib/freq_recorder.cc:337] bulk append 1383946 into 26280708
[2023-04-12 07:45:04.363541: E /samgraph/3rdparty/collcachelib/coll_cache_lib/freq_recorder.cc:347] bulk append 7160854
[2023-04-12 07:45:04.363891: E /samgraph/3rdparty/collcachelib/coll_cache_lib/freq_recorder.cc:337] bulk append 1383130 into 27664654
[2023-04-12 07:45:04.370602: E /samgraph/3rdparty/collcachelib/coll_cache_lib/freq_recorder.cc:347] bulk append 7156557
[2023-04-12 07:45:04.370928: E /samgraph/3rdparty/collcachelib/coll_cache_lib/freq_recorder.cc:337] bulk append 1381773 into 29047784
[2023-04-12 07:45:04.378220: E /samgraph/3rdparty/collcachelib/coll_cache_lib/freq_recorder.cc:347] bulk append 7154023
[2023-04-12 07:45:04.378542: E /samgraph/3rdparty/collcachelib/coll_cache_lib/freq_recorder.cc:337] bulk append 1382187 into 30429557
[2023-04-12 07:45:04.385840: E /samgraph/3rdparty/collcachelib/coll_cache_lib/freq_recorder.cc:347] bulk append 7152174
[2023-04-12 07:45:04.386160: E /samgraph/3rdparty/collcachelib/coll_cache_lib/freq_recorder.cc:337] bulk append 1383138 into 31811744
[2023-04-12 07:45:04.392826: E /samgraph/3rdparty/collcachelib/coll_cache_lib/freq_recorder.cc:347] bulk append 7158115
[2023-04-12 07:45:04.393148: E /samgraph/3rdparty/collcachelib/coll_cache_lib/freq_recorder.cc:337] bulk append 1383186 into 33194882
[2023-04-12 07:45:04.400463: E /samgraph/3rdparty/collcachelib/coll_cache_lib/freq_recorder.cc:347] bulk append 7175727
[2023-04-12 07:45:04.400782: E /samgraph/3rdparty/collcachelib/coll_cache_lib/freq_recorder.cc:337] bulk append 1381734 into 34578068
[2023-04-12 07:45:04.407442: E /samgraph/3rdparty/collcachelib/coll_cache_lib/freq_recorder.cc:347] bulk append 7161375
[2023-04-12 07:45:04.407772: E /samgraph/3rdparty/collcachelib/coll_cache_lib/freq_recorder.cc:337] bulk append 1380251 into 35959802
[2023-04-12 07:45:04.414415: E /samgraph/3rdparty/collcachelib/coll_cache_lib/freq_recorder.cc:347] bulk append 7135330
[2023-04-12 07:45:04.414740: E /samgraph/3rdparty/collcachelib/coll_cache_lib/freq_recorder.cc:337] bulk append 1381532 into 37340053
[2023-04-12 07:45:04.422037: E /samgraph/3rdparty/collcachelib/coll_cache_lib/freq_recorder.cc:347] bulk append 7167953
[2023-04-12 07:45:04.422348: E /samgraph/3rdparty/collcachelib/coll_cache_lib/freq_recorder.cc:337] bulk append 1381884 into 38721585
[2023-04-12 07:45:04.429660: E /samgraph/3rdparty/collcachelib/coll_cache_lib/freq_recorder.cc:347] bulk append 7162785
[2023-04-12 07:45:04.429980: E /samgraph/3rdparty/collcachelib/coll_cache_lib/freq_recorder.cc:337] bulk append 1382747 into 40103469
[2023-04-12 07:45:04.437299: E /samgraph/3rdparty/collcachelib/coll_cache_lib/freq_recorder.cc:347] bulk append 7166264
[2023-04-12 07:45:04.437633: E /samgraph/3rdparty/collcachelib/coll_cache_lib/freq_recorder.cc:337] bulk append 1386394 into 41486216
[2023-04-12 07:45:04.444340: E /samgraph/3rdparty/collcachelib/coll_cache_lib/freq_recorder.cc:347] bulk append 7156436
[2023-04-12 07:45:04.444666: E /samgraph/3rdparty/collcachelib/coll_cache_lib/freq_recorder.cc:337] bulk append 1384500 into 42872610
[2023-04-12 07:45:04.451980: E /samgraph/3rdparty/collcachelib/coll_cache_lib/freq_recorder.cc:347] bulk append 7158414
[2023-04-12 07:45:04.452301: E /samgraph/3rdparty/collcachelib/coll_cache_lib/freq_recorder.cc:337] bulk append 1385914 into 44257110
[2023-04-12 07:45:04.458992: E /samgraph/3rdparty/collcachelib/coll_cache_lib/freq_recorder.cc:347] bulk append 7160899
[2023-04-12 07:45:04.459312: E /samgraph/3rdparty/collcachelib/coll_cache_lib/freq_recorder.cc:337] bulk append 1385447 into 45643024
[2023-04-12 07:45:04.465965: E /samgraph/3rdparty/collcachelib/coll_cache_lib/freq_recorder.cc:347] bulk append 7161476
[2023-04-12 07:45:04.466286: E /samgraph/3rdparty/collcachelib/coll_cache_lib/freq_recorder.cc:337] bulk append 1384591 into 47028471
[2023-04-12 07:45:04.472951: E /samgraph/3rdparty/collcachelib/coll_cache_lib/freq_recorder.cc:347] bulk append 7172952
[2023-04-12 07:45:04.473273: E /samgraph/3rdparty/collcachelib/coll_cache_lib/freq_recorder.cc:337] bulk append 1383937 into 48413062
[2023-04-12 07:45:04.480580: E /samgraph/3rdparty/collcachelib/coll_cache_lib/freq_recorder.cc:347] bulk append 7161641
[2023-04-12 07:45:04.480904: E /samgraph/3rdparty/collcachelib/coll_cache_lib/freq_recorder.cc:337] bulk append 1383457 into 49796999
[2023-04-12 07:45:04.488211: E /samgraph/3rdparty/collcachelib/coll_cache_lib/freq_recorder.cc:347] bulk append 7147021
[2023-04-12 07:45:04.488532: E /samgraph/3rdparty/collcachelib/coll_cache_lib/freq_recorder.cc:337] bulk append 1384469 into 51180456
[2023-04-12 07:45:04.495201: E /samgraph/3rdparty/collcachelib/coll_cache_lib/freq_recorder.cc:347] bulk append 7169495
[2023-04-12 07:45:04.495510: E /samgraph/3rdparty/collcachelib/coll_cache_lib/freq_recorder.cc:337] bulk append 1384341 into 52564925
[2023-04-12 07:45:04.502826: E /samgraph/3rdparty/collcachelib/coll_cache_lib/freq_recorder.cc:347] bulk append 7160952
[2023-04-12 07:45:04.503147: E /samgraph/3rdparty/collcachelib/coll_cache_lib/freq_recorder.cc:337] bulk append 1385459 into 53949266
[2023-04-12 07:45:04.510451: E /samgraph/3rdparty/collcachelib/coll_cache_lib/freq_recorder.cc:347] bulk append 7165456
[2023-04-12 07:45:04.510788: E /samgraph/3rdparty/collcachelib/coll_cache_lib/freq_recorder.cc:266] freq recorder global combining[
2023-04-12 07:45:04[[.2023-04-12 07:45:042023-04-12 07:45:04510814..: 510816510813E: :  EE/samgraph/3rdparty/collcachelib/coll_cache_lib/run_config.cc  :/samgraph/3rdparty/collcachelib/coll_cache_lib/run_config.cc/samgraph/3rdparty/collcachelib/coll_cache_lib/run_config.cc140::] 140140using concurrent impl MPSPhase] ] 
using concurrent impl MPSPhaseusing concurrent impl MPSPhase[

2023-04-12 07:45:04.[5109562023-04-12 07:45:04: [.E2023-04-12 07:45:04510978 .: /samgraph/3rdparty/collcachelib/coll_cache_lib/facade.cc510983E::  409E/samgraph/3rdparty/collcachelib/coll_cache_lib/facade.cc]  :before scale, dtype is 0, dim is 384/samgraph/3rdparty/collcachelib/coll_cache_lib/facade.cc409
:] 409[before scale, dtype is 0, dim is 384] 2023-04-12 07:45:04
before scale, dtype is 0, dim is 384.
[5110782023-04-12 07:45:04: [.E2023-04-12 07:45:04511105 .: /samgraph/3rdparty/collcachelib/coll_cache_lib/facade.cc511117E::  415E/samgraph/3rdparty/collcachelib/coll_cache_lib/facade.cc]  :after scale, dtype is 7, new dim is 96/samgraph/3rdparty/collcachelib/coll_cache_lib/facade.cc415
:] 415after scale, dtype is 7, new dim is 96] 
after scale, dtype is 7, new dim is 96
[2023-04-12 07:45:04.512129: E /samgraph/3rdparty/collcachelib/coll_cache_lib/coll_cache/asymm_link_desc.cc:201[] 2023-04-12 07:45:04assigning 8 to cpu.
512150: E /samgraph/3rdparty/collcachelib/coll_cache_lib/coll_cache/asymm_link_desc.cc:201] [assigning 8 to cpu2023-04-12 07:45:04
.512175: E /samgraph/3rdparty/collcachelib/coll_cache_lib/coll_cache/asymm_link_desc.cc:201] assigning 8 to cpu
[2023-04-12 07:45:04.512212: E [/samgraph/3rdparty/collcachelib/coll_cache_lib/coll_cache/asymm_link_desc.cc2023-04-12 07:45:04:.218512227] : [build symm link desc with 4X Tesla V100-SXM2-16GB out of 4E2023-04-12 07:45:04
 ./samgraph/3rdparty/collcachelib/coll_cache_lib/coll_cache/asymm_link_desc.cc512243:: [218E2023-04-12 07:45:04]  .build symm link desc with 4X Tesla V100-SXM2-16GB out of 4/samgraph/3rdparty/collcachelib/coll_cache_lib/coll_cache/asymm_link_desc.cc512284
:: 218E] [ build symm link desc with 4X Tesla V100-SXM2-16GB out of 42023-04-12 07:45:04/samgraph/3rdparty/collcachelib/coll_cache_lib/coll_cache/asymm_link_desc.cc
.:512338219: ] Eremote time is 9.21053[ 
2023-04-12 07:45:04/samgraph/3rdparty/collcachelib/coll_cache_lib/coll_cache/asymm_link_desc.cc.[:5123782023-04-12 07:45:04219: .] E512398remote time is 9.21053 : 
/samgraph/3rdparty/collcachelib/coll_cache_lib/coll_cache/asymm_link_desc.ccE:[ 2192023-04-12 07:45:04/samgraph/3rdparty/collcachelib/coll_cache_lib/coll_cache/asymm_link_desc.cc] .:remote time is 9.21053512458220
: ] Ecpu time is 31.8182 [
/samgraph/3rdparty/collcachelib/coll_cache_lib/coll_cache/asymm_link_desc.cc2023-04-12 07:45:04:.220512511] : [cpu time is 31.8182E2023-04-12 07:45:04
 ./samgraph/3rdparty/collcachelib/coll_cache_lib/coll_cache/asymm_link_desc.cc512541:: 220[E] 2023-04-12 07:45:04 cpu time is 31.8182./samgraph/3rdparty/collcachelib/coll_cache_lib/facade.cc
512587:: 425E]  registering cpu data with 24.00 GB/samgraph/3rdparty/collcachelib/coll_cache_lib/facade.cc
:[4252023-04-12 07:45:04] .registering cpu data with 24.00 GB512640
: E /samgraph/3rdparty/collcachelib/coll_cache_lib/facade.cc:425] registering cpu data with 24.00 GB
[2023-04-12 07:45:07.227858: E /samgraph/3rdparty/collcachelib/coll_cache_lib/freq_recorder.cc:269] freq recorder global combine from 55334725 to 23506583
[2023-04-12 07:45:08.425071: E /samgraph/3rdparty/collcachelib/coll_cache_lib/facade.cc:427] registering cpu data done.
[2023-04-12 07:45:08.425843: E /samgraph/3rdparty/collcachelib/coll_cache_lib/facade.cc:427] registering cpu data done.
[2023-04-12 07:45:08.438625: E /samgraph/3rdparty/collcachelib/coll_cache_lib/facade.cc:427] registering cpu data done.
[2023-04-12 07:45:09.773503: E /samgraph/3rdparty/collcachelib/coll_cache_lib/freq_recorder.cc:286] top 5 freq is 272,272,272,272,272
[2023-04-12 07:45:09.773691: E /samgraph/3rdparty/collcachelib/coll_cache_lib/run_config.cc:140] using concurrent impl MPSPhase
[2023-04-12 07:45:09.773736: E /samgraph/3rdparty/collcachelib/coll_cache_lib/facade.cc:409] before scale, dtype is 0, dim is 384
[2023-04-12 07:45:09.773770: E /samgraph/3rdparty/collcachelib/coll_cache_lib/facade.cc:415] after scale, dtype is 7, new dim is 96
[2023-04-12 07:45:09.774110: E /samgraph/3rdparty/collcachelib/coll_cache_lib/coll_cache/asymm_link_desc.cc:201] assigning 8 to cpu
[2023-04-12 07:45:09.774188: E /samgraph/3rdparty/collcachelib/coll_cache_lib/coll_cache/asymm_link_desc.cc:218] build symm link desc with 4X Tesla V100-SXM2-16GB out of 4
[2023-04-12 07:45:09.774240: E /samgraph/3rdparty/collcachelib/coll_cache_lib/coll_cache/asymm_link_desc.cc:219] remote time is 9.21053
[2023-04-12 07:45:09.774274: E /samgraph/3rdparty/collcachelib/coll_cache_lib/coll_cache/asymm_link_desc.cc:220] cpu time is 31.8182
[2023-04-12 07:45:09.774333: E /samgraph/3rdparty/collcachelib/coll_cache_lib/facade.cc:425] registering cpu data with 24.00 GB
[2023-04-12 07:45:11.837420: E /samgraph/3rdparty/collcachelib/coll_cache_lib/facade.cc:427] registering cpu data done.
[2023-04-12 07:45:11.837503: E /samgraph/3rdparty/collcachelib/coll_cache_lib/facade.cc:174] creating solver
[2023-04-12 07:45:11.837532: E /samgraph/3rdparty/collcachelib/coll_cache_lib/facade.cc:214] solver created. now build & solve
[2023-04-12 07:45:12.836991: E /samgraph/3rdparty/collcachelib/coll_cache_lib/facade.cc:218] solver built. now solve
[2023-04-12 07:45:12.837097: E /samgraph/3rdparty/collcachelib/coll_cache_lib/coll_cache/optimal_solver_class.cc:1432] num_cached_nodes = 488320
[2023-04-12 07:45:13.247500: E /samgraph/3rdparty/collcachelib/coll_cache_lib/facade.cc:222] solver solved
[2023-04-12 07:45:13.251926: E /samgraph/3rdparty/collcachelib/coll_cache_lib/facade.cc:437] 0 solved master
[2023-04-12 07:45:13.251979: E /samgraph/3rdparty/collcachelib/coll_cache_lib/facade.cc:444] 0 solved
[2023-04-12 07:45:13.252012: E /samgraph/3rdparty/collcachelib/coll_cache_lib/facade.cc:447] worker 0 thread 0 initing device 0
[2023-04-12 07:45:13.252778: E /samgraph/3rdparty/collcachelib/coll_cache_lib/cache_context.cu:2308] Building Coll Cache with ... num gpu device is 4
[2023-04-12 07:45:13.252881: E /samgraph/3rdparty/collcachelib/coll_cache_lib/cuda/cache_hashtable.cuh:611] per src size local is 537252
[2023-04-12 07:45:13.296503: E /samgraph/3rdparty/collcachelib/coll_cache_lib/facade.cc:444] 1 solved
[2023-04-12 07:45:13.296579: E /samgraph/3rdparty/collcachelib/coll_cache_lib/facade.cc:447] worker 0 thread 1 initing device 1
[2023-04-12 07:45:13.297132: E /samgraph/3rdparty/collcachelib/coll_cache_lib/cache_context.cu:2308] Building Coll Cache with ... num gpu device is 4
[2023-04-12 07:45:13.304647: E /samgraph/3rdparty/collcachelib/coll_cache_lib/common.cc:261] making a tensor with 0 num item
[2023-04-12 07:45:13.304708: E /samgraph/3rdparty/collcachelib/coll_cache_lib/cache_context.cu:2350] num cpu nodes is 243672179
[2023-04-12 07:45:13.323760: E /samgraph/3rdparty/collcachelib/coll_cache_lib/facade.cc:444] 2 solved
[2023-04-12 07:45:13.323813: E /samgraph/3rdparty/collcachelib/coll_cache_lib/facade.cc:447] worker 0 thread 2 initing device 2
[2023-04-12 07:45:13.324021: E /samgraph/3rdparty/collcachelib/coll_cache_lib/facade.cc:444] 3 solved
[2023-04-12 07:45:13.324072: E /samgraph/3rdparty/collcachelib/coll_cache_lib/facade.cc:447] worker 0 thread 3 initing device 3
[2023-04-12 07:45:13.324339: E /samgraph/3rdparty/collcachelib/coll_cache_lib/cache_context.cu:2308] Building Coll Cache with ... num gpu device is 4
[2023-04-12 07:45:13.324646: E /samgraph/3rdparty/collcachelib/coll_cache_lib/cache_context.cu:2308] Building Coll Cache with ... num gpu device is 4
[2023-04-12 07:45:13.356421: E /samgraph/3rdparty/collcachelib/coll_cache_lib/common.cc:261] making a tensor with 0 num item
[2023-04-12 07:45:13.356500: E /samgraph/3rdparty/collcachelib/coll_cache_lib/cache_context.cu:2350] num cpu nodes is 243672179
[2023-04-12 07:45:13.379828: E /samgraph/3rdparty/collcachelib/coll_cache_lib/cuda/cache_hashtable.cu:355] create a hashtable with 488320 possible elem, scale to 1048576
[2023-04-12 07:45:13.379956: E /samgraph/3rdparty/collcachelib/coll_cache_lib/cuda/cache_hashtable.cu:360] SimpleHashTable allocating 8.00 MB
[2023-04-12 07:45:13.395357: E /samgraph/3rdparty/collcachelib/coll_cache_lib/common.cc:261] making a tensor with 0 num item
[2023-04-12 07:45:13.395419: E /samgraph/3rdparty/collcachelib/coll_cache_lib/cache_context.cu:2350] num cpu nodes is 243672179
[2023-04-12 07:45:13.395562: E /samgraph/3rdparty/collcachelib/coll_cache_lib/common.cc:261] making a tensor with 0 num item
[2023-04-12 07:45:13.395610: E /samgraph/3rdparty/collcachelib/coll_cache_lib/cache_context.cu:2350] num cpu nodes is 243672179
[2023-04-12 07:45:13.422310: E /samgraph/3rdparty/collcachelib/coll_cache_lib/cuda/cache_hashtable.cu:355] create a hashtable with 488320 possible elem, scale to 1048576
[2023-04-12 07:45:13.422368: E /samgraph/3rdparty/collcachelib/coll_cache_lib/cuda/cache_hashtable.cu:360] SimpleHashTable allocating 8.00 MB
[2023-04-12 07:45:13.460268: E /samgraph/3rdparty/collcachelib/coll_cache_lib/cuda/cache_hashtable.cu:355] create a hashtable with 488320 possible elem, scale to 1048576
[[2023-04-12 07:45:132023-04-12 07:45:13..460308460322: : EE  /samgraph/3rdparty/collcachelib/coll_cache_lib/cuda/cache_hashtable.cu/samgraph/3rdparty/collcachelib/coll_cache_lib/cuda/cache_hashtable.cu::355360] ] create a hashtable with 488320 possible elem, scale to 1048576SimpleHashTable allocating 8.00 MB

[2023-04-12 07:45:13.460378: E /samgraph/3rdparty/collcachelib/coll_cache_lib/cuda/cache_hashtable.cu:360] SimpleHashTable allocating 8.00 MB
[2023-04-12 07:45:13.466971: E /samgraph/3rdparty/collcachelib/coll_cache_lib/common.cc:107] too many mem allocated for forcescale?732481->244161
[2023-04-12 07:45:13[.2023-04-12 07:45:13467093.: 467126E:  E[/samgraph/3rdparty/collcachelib/coll_cache_lib/common.cc 2023-04-12 07:45:13:/samgraph/3rdparty/collcachelib/coll_cache_lib/common.cc.107:467179] 107: too many mem allocated for forcescale?732481->244161] E
too many mem allocated for forcescale?732481->244161 
/samgraph/3rdparty/collcachelib/coll_cache_lib/common.cc:107] too many mem allocated for forcescale?732481->244161
[2023-04-12 07:45:13.478539: E /samgraph/3rdparty/collcachelib/coll_cache_lib/cache_context.cu:2427] Asymm Coll cache (policy: rep_cache) | local 488320 / 244160499 nodes ( 0.20 %~0.20 %) | remote 0 / 244160499 nodes ( 0.00 %) | cpu 243672179 / 244160499 nodes ( 99.80 %) | 1.05 GB | 0.181372 secs 
[2023-04-12 07:45:13.511958: E /samgraph/3rdparty/collcachelib/coll_cache_lib/cache_context.cu:2427] Asymm Coll cache (policy: rep_cache) | local 488320 / 244160499 nodes ( 0.20 %~0.20 %) | remote 0 / 244160499 nodes ( 0.00 %) | cpu 243672179 / 244160499 nodes ( 99.80 %) | 1.05 GB | 0.187583 secs 
[2023-04-12 07:45:13.522544: E /samgraph/3rdparty/collcachelib/coll_cache_lib/cache_context.cu:2427] Asymm Coll cache (policy: rep_cache) | local 488320 / 244160499 nodes ( 0.20 %~0.20 %) | remote 0 / 244160499 nodes ( 0.00 %) | cpu 243672179 / 244160499 nodes ( 99.80 %) | 1.05 GB | 0.197848 secs 
[2023-04-12 07:45:13.526544: E /samgraph/3rdparty/collcachelib/coll_cache_lib/cache_context.cu:2427] Asymm Coll cache (policy: rep_cache) | local 488320 / 244160499 nodes ( 0.20 %~0.20 %) | remote 0 / 244160499 nodes ( 0.00 %) | cpu 243672179 / 244160499 nodes ( 99.80 %) | 1.05 GB | 0.273728 secs 
[2023-04-12 07:45:13.529002: W /samgraph/3rdparty/collcachelib/coll_cache_lib/cache_context.cu:[2023-04-12 07:45:13.529033: W /samgraph/3rdparty/collcachelib/coll_cache_lib/cache_context.cu:3946] before create ctx, mem is 6.78 GB
[2023-04-12 07:45:13.529065: W /samgraph/3rdparty/collcachelib/coll_cache_lib/cache_context.cu:39463946] before create ctx, mem is 6.78 GB
] before create ctx, mem is 6.78 GB
[2023-04-12 07:45:13.529877: W /samgraph/3rdparty/collcachelib/coll_cache_lib/cache_context.cu:3946] before create ctx, mem is 6.78 GB
[2023-04-12 07:45:18.505871: W /samgraph/3rdparty/collcachelib/coll_cache_lib/cache_context.cu:3946] after create ctx, mem is 8.44 GB
[2023-04-12 07:45:18.506036: W /samgraph/3rdparty/collcachelib/coll_cache_lib/cache_context.cu:3946] after create stream, mem is 8.44 GB
[2023-04-12 07:45:18.604105: W /samgraph/3rdparty/collcachelib/coll_cache_lib/cache_context.cu:3946] after create ctx, mem is 8.47 GB
[2023-04-12 07:45:18.604256: W /samgraph/3rdparty/collcachelib/coll_cache_lib/cache_context.cu:3946] after create stream, mem is 8.47 GB
[2023-04-12 07:45:18.650977: W /samgraph/3rdparty/collcachelib/coll_cache_lib/cache_context.cu:3946] after create ctx, mem is 8.48 GB
[2023-04-12 07:45:18.651128: W /samgraph/3rdparty/collcachelib/coll_cache_lib/cache_context.cu:3946] after create stream, mem is 8.48 GB
[2023-04-12 07:45:18.731004: W /samgraph/3rdparty/collcachelib/coll_cache_lib/cache_context.cu:3946] after create ctx, mem is 8.50 GB
[2023-04-12 07:45:18.731120: W /samgraph/3rdparty/collcachelib/coll_cache_lib/cache_context.cu:3946] after create stream, mem is 8.50 GB
/usr/local/lib/python3.8/dist-packages/torch/nn/parallel/scatter_gather.py:9: UserWarning: is_namedtuple is deprecated, please use the python checks instead
  warnings.warn("is_namedtuple is deprecated, please use the python checks instead")
/usr/local/lib/python3.8/dist-packages/torch/nn/parallel/scatter_gather.py:9: UserWarning: is_namedtuple is deprecated, please use the python checks instead
  warnings.warn("is_namedtuple is deprecated, please use the python checks instead")
/usr/local/lib/python3.8/dist-packages/torch/nn/parallel/scatter_gather.py:9: UserWarning: is_namedtuple is deprecated, please use the python checks instead
  warnings.warn("is_namedtuple is deprecated, please use the python checks instead")
/usr/local/lib/python3.8/dist-packages/torch/nn/parallel/scatter_gather.py:9: UserWarning: is_namedtuple is deprecated, please use the python checks instead
  warnings.warn("is_namedtuple is deprecated, please use the python checks instead")
