/usr/lib/python3/dist-packages/requests/__init__.py:89: RequestsDependencyWarning: urllib3 (1.26.12) or chardet (3.0.4) doesn't match a supported version!
  warnings.warn("urllib3 ({}) or chardet ({}) doesn't match a supported "
Rank=3 done reading 27764987 embedding vectors from file /nvme/songxiaoniu/graph-learning/wholegraph/ogbn_papers100M/converted/homograph_csr_row_ptr
Rank=1 done reading 27764990 embedding vectors from file /nvme/songxiaoniu/graph-learning/wholegraph/ogbn_papers100M/converted/homograph_csr_row_ptr
Rank=2 done reading 27764990 embedding vectors from file /nvme/songxiaoniu/graph-learning/wholegraph/ogbn_papers100M/converted/homograph_csr_row_ptr
Rank=0 done reading 27764990 embedding vectors from file /nvme/songxiaoniu/graph-learning/wholegraph/ogbn_papers100M/converted/homograph_csr_row_ptr
Rank=3 done reading 807842936 embedding vectors from file /nvme/songxiaoniu/graph-learning/wholegraph/ogbn_papers100M/converted/homograph_csr_col_idx
Rank=0 done reading 807842936 embedding vectors from file /nvme/songxiaoniu/graph-learning/wholegraph/ogbn_papers100M/converted/homograph_csr_col_idx
Rank=2 done reading 807842936 embedding vectors from file /nvme/songxiaoniu/graph-learning/wholegraph/ogbn_papers100M/converted/homograph_csr_col_idx
Rank=1 done reading 807842936 embedding vectors from file /nvme/songxiaoniu/graph-learning/wholegraph/ogbn_papers100M/converted/homograph_csr_col_idx
[2023-04-14 17:50:43.523387: E /samgraph/3rdparty/collcachelib/coll_cache_lib/freq_recorder.cc:337] bulk append 7637704 into 0
[2023-04-14 17:50:43.562326: E /samgraph/3rdparty/collcachelib/coll_cache_lib/freq_recorder.cc:347] bulk append 57730009
[2023-04-14 17:50:43.564722: E /samgraph/3rdparty/collcachelib/coll_cache_lib/freq_recorder.cc:337] bulk append 7640323 into 7637704
[2023-04-14 17:50:43.603562: E /samgraph/3rdparty/collcachelib/coll_cache_lib/freq_recorder.cc:347] bulk append 57791825
[2023-04-14 17:50:43.605964: E /samgraph/3rdparty/collcachelib/coll_cache_lib/freq_recorder.cc:337] bulk append 7635633 into 15278027
[2023-04-14 17:50:43.644816: E /samgraph/3rdparty/collcachelib/coll_cache_lib/freq_recorder.cc:347] bulk append 57746527
[2023-04-14 17:50:43.647227: E /samgraph/3rdparty/collcachelib/coll_cache_lib/freq_recorder.cc:337] bulk append 7639800 into 22913660
[2023-04-14 17:50:43.686034: E /samgraph/3rdparty/collcachelib/coll_cache_lib/freq_recorder.cc:347] bulk append 57791768
[2023-04-14 17:50:43.688421: E /samgraph/3rdparty/collcachelib/coll_cache_lib/freq_recorder.cc:337] bulk append 7638337 into 30553460
[2023-04-14 17:50:43.727338: E /samgraph/3rdparty/collcachelib/coll_cache_lib/freq_recorder.cc:347] bulk append 57746379
[2023-04-14 17:50:43.729742: E /samgraph/3rdparty/collcachelib/coll_cache_lib/freq_recorder.cc:337] bulk append 7639958 into 38191797
[2023-04-14 17:50:43.768746: E /samgraph/3rdparty/collcachelib/coll_cache_lib/freq_recorder.cc:347] bulk append 57791362
[2023-04-14 17:50:43.771190: E /samgraph/3rdparty/collcachelib/coll_cache_lib/freq_recorder.cc:337] bulk append 7635887 into 45831755
[2023-04-14 17:50:43.810058: E /samgraph/3rdparty/collcachelib/coll_cache_lib/freq_recorder.cc:347] bulk append 57785721
[2023-04-14 17:50:43.812490: E /samgraph/3rdparty/collcachelib/coll_cache_lib/freq_recorder.cc:337] bulk append 7639511 into 53467642
[2023-04-14 17:50:43.851372: E /samgraph/3rdparty/collcachelib/coll_cache_lib/freq_recorder.cc:347] bulk append 57793138
[2023-04-14 17:50:43.853780: E /samgraph/3rdparty/collcachelib/coll_cache_lib/freq_recorder.cc:337] bulk append 7638665 into 61107153
[2023-04-14 17:50:43.892617: E /samgraph/3rdparty/collcachelib/coll_cache_lib/freq_recorder.cc:347] bulk append 57727164
[2023-04-14 17:50:43.895024: E /samgraph/3rdparty/collcachelib/coll_cache_lib/freq_recorder.cc:337] bulk append 7640058 into 68745818
[2023-04-14 17:50:43.933977: E /samgraph/3rdparty/collcachelib/coll_cache_lib/freq_recorder.cc:347] bulk append 57771091
[2023-04-14 17:50:50.203935: E /samgraph/3rdparty/collcachelib/coll_cache_lib/freq_recorder.cc:337] bulk append 7289975 into 76385876
[2023-04-14 17:50:50.241177: E /samgraph/3rdparty/collcachelib/coll_cache_lib/freq_recorder.cc:347] bulk append 59253515
[2023-04-14 17:50:50.243521: E /samgraph/3rdparty/collcachelib/coll_cache_lib/freq_recorder.cc:337] bulk append 7296334 into 83675851
[2023-04-14 17:50:50.321595: E /samgraph/3rdparty/collcachelib/coll_cache_lib/freq_recorder.cc:347] bulk append 59372322
[2023-04-14 17:50:50.325586: E /samgraph/3rdparty/collcachelib/coll_cache_lib/freq_recorder.cc:337] bulk append 7286795 into 90972185
[2023-04-14 17:50:50.363903: E /samgraph/3rdparty/collcachelib/coll_cache_lib/freq_recorder.cc:347] bulk append 59326189
[2023-04-14 17:50:50.367876: E /samgraph/3rdparty/collcachelib/coll_cache_lib/freq_recorder.cc:337] bulk append 7295452 into 98258980
[2023-04-14 17:50:50.406420: E /samgraph/3rdparty/collcachelib/coll_cache_lib/freq_recorder.cc:347] bulk append 59364585
[2023-04-14 17:50:50.410415: E /samgraph/3rdparty/collcachelib/coll_cache_lib/freq_recorder.cc:337] bulk append 7287918 into 105554432
[2023-04-14 17:50:50.451019: E /samgraph/3rdparty/collcachelib/coll_cache_lib/freq_recorder.cc:347] bulk append 59265256
[2023-04-14 17:50:50.455026: E /samgraph/3rdparty/collcachelib/coll_cache_lib/freq_recorder.cc:337] bulk append 7294694 into 112842350
[2023-04-14 17:50:50.538441: E /samgraph/3rdparty/collcachelib/coll_cache_lib/freq_recorder.cc:347] bulk append 59366833
[2023-04-14 17:50:50.542456: E /samgraph/3rdparty/collcachelib/coll_cache_lib/freq_recorder.cc:337] bulk append 7288777 into 120137044
[2023-04-14 17:50:50.579607: E /samgraph/3rdparty/collcachelib/coll_cache_lib/freq_recorder.cc:347] bulk append 59310136
[2023-04-14 17:50:50.581934: E /samgraph/3rdparty/collcachelib/coll_cache_lib/freq_recorder.cc:337] bulk append 7297958 into 127425821
[2023-04-14 17:50:50.620633: E /samgraph/3rdparty/collcachelib/coll_cache_lib/freq_recorder.cc:347] bulk append 59332852
[2023-04-14 17:50:50.622970: E /samgraph/3rdparty/collcachelib/coll_cache_lib/freq_recorder.cc:337] bulk append 7286998 into 134723779
[2023-04-14 17:50:50.660352: E /samgraph/3rdparty/collcachelib/coll_cache_lib/freq_recorder.cc:347] bulk append 59283610
[2023-04-14 17:50:50.662673: E /samgraph/3rdparty/collcachelib/coll_cache_lib/freq_recorder.cc:337] bulk append 7295499 into 142010777
[2023-04-14 17:50:50.702082: E /samgraph/3rdparty/collcachelib/coll_cache_lib/freq_recorder.cc:347] bulk append 59341881
[2023-04-14 17:50:50.704433: E /samgraph/3rdparty/collcachelib/coll_cache_lib/freq_recorder.cc:337] bulk append 7447184 into 149306276
[2023-04-14 17:50:50.742358: E /samgraph/3rdparty/collcachelib/coll_cache_lib/freq_recorder.cc:347] bulk append 59112485
[2023-04-14 17:50:50.744711: E /samgraph/3rdparty/collcachelib/coll_cache_lib/freq_recorder.cc:337] bulk append 7450133 into 156753460
[2023-04-14 17:50:50.782685: E /samgraph/3rdparty/collcachelib/coll_cache_lib/freq_recorder.cc:347] bulk append 59222654
[2023-04-14 17:50:50.785018: E /samgraph/3rdparty/collcachelib/coll_cache_lib/freq_recorder.cc:337] bulk append 7444679 into 164203593
[2023-04-14 17:50:50.824398: E /samgraph/3rdparty/collcachelib/coll_cache_lib/freq_recorder.cc:347] bulk append 59182671
[2023-04-14 17:50:50.828477: E /samgraph/3rdparty/collcachelib/coll_cache_lib/freq_recorder.cc:337] bulk append 7450181 into 171648272
[2023-04-14 17:50:50.866369: E /samgraph/3rdparty/collcachelib/coll_cache_lib/freq_recorder.cc:347] bulk append 59192373
[2023-04-14 17:50:50.868701: E /samgraph/3rdparty/collcachelib/coll_cache_lib/freq_recorder.cc:337] bulk append 7448496 into 179098453
[2023-04-14 17:50:50.906645: E /samgraph/3rdparty/collcachelib/coll_cache_lib/freq_recorder.cc:347] bulk append 59114031
[2023-04-14 17:50:50.908978: E /samgraph/3rdparty/collcachelib/coll_cache_lib/freq_recorder.cc:337] bulk append 7450485 into 186546949
[2023-04-14 17:50:50.947862: E /samgraph/3rdparty/collcachelib/coll_cache_lib/freq_recorder.cc:347] bulk append 59212702
[2023-04-14 17:50:50.950247: E /samgraph/3rdparty/collcachelib/coll_cache_lib/freq_recorder.cc:337] bulk append 7444554 into 193997434
[2023-04-14 17:50:50.988271: E /samgraph/3rdparty/collcachelib/coll_cache_lib/freq_recorder.cc:347] bulk append 59153853
[2023-04-14 17:50:50.990624: E /samgraph/3rdparty/collcachelib/coll_cache_lib/freq_recorder.cc:337] bulk append 7451792 into 201441988
[2023-04-14 17:50:51. 29753: E /samgraph/3rdparty/collcachelib/coll_cache_lib/freq_recorder.cc:347] bulk append 59193103
[2023-04-14 17:50:51. 33798: E /samgraph/3rdparty/collcachelib/coll_cache_lib/freq_recorder.cc:337] bulk append 7444258 into 208893780
[2023-04-14 17:50:51. 71662: E /samgraph/3rdparty/collcachelib/coll_cache_lib/freq_recorder.cc:347] bulk append 59108714
[2023-04-14 17:50:51. 73998: E /samgraph/3rdparty/collcachelib/coll_cache_lib/freq_recorder.cc:337] bulk append 7449324 into 216338038
[2023-04-14 17:50:51.111932: E /samgraph/3rdparty/collcachelib/coll_cache_lib/freq_recorder.cc:347] bulk append 59170115
[2023-04-14 17:50:51.114318: E /samgraph/3rdparty/collcachelib/coll_cache_lib/freq_recorder.cc:337] bulk append 7606172 into 223787362
[2023-04-14 17:50:51.152794: E /samgraph/3rdparty/collcachelib/coll_cache_lib/freq_recorder.cc:347] bulk append 54499308
[2023-04-14 17:50:51.155126: E /samgraph/3rdparty/collcachelib/coll_cache_lib/freq_recorder.cc:337] bulk append 7616106 into 231393534
[2023-04-14 17:50:51.193595: E /samgraph/3rdparty/collcachelib/coll_cache_lib/freq_recorder.cc:347] bulk append 54610172
[2023-04-14 17:50:51.195923: E /samgraph/3rdparty/collcachelib/coll_cache_lib/freq_recorder.cc:337] bulk append 7606890 into 239009640
[2023-04-14 17:50:51.234339: E /samgraph/3rdparty/collcachelib/coll_cache_lib/freq_recorder.cc:347] bulk append 54560461
[2023-04-14 17:50:51.236670: E /samgraph/3rdparty/collcachelib/coll_cache_lib/freq_recorder.cc:337] bulk append 7613822 into 246616530
[2023-04-14 17:50:51.275137: E /samgraph/3rdparty/collcachelib/coll_cache_lib/freq_recorder.cc:347] bulk append 54571161
[2023-04-14 17:50:51.277460: E /samgraph/3rdparty/collcachelib/coll_cache_lib/freq_recorder.cc:337] bulk append 7609249 into 254230352
[2023-04-14 17:50:51.315941: E /samgraph/3rdparty/collcachelib/coll_cache_lib/freq_recorder.cc:347] bulk append 54502883
[2023-04-14 17:50:51.318263: E /samgraph/3rdparty/collcachelib/coll_cache_lib/freq_recorder.cc:337] bulk append 7616291 into 261839601
[2023-04-14 17:50:51.356729: E /samgraph/3rdparty/collcachelib/coll_cache_lib/freq_recorder.cc:347] bulk append 54618907
[2023-04-14 17:50:51.359058: E /samgraph/3rdparty/collcachelib/coll_cache_lib/freq_recorder.cc:337] bulk append 7604930 into 269455892
[2023-04-14 17:50:51.397467: E /samgraph/3rdparty/collcachelib/coll_cache_lib/freq_recorder.cc:347] bulk append 54510134
[2023-04-14 17:50:51.399795: E /samgraph/3rdparty/collcachelib/coll_cache_lib/freq_recorder.cc:337] bulk append 7615134 into 277060822
[2023-04-14 17:50:51.438243: E /samgraph/3rdparty/collcachelib/coll_cache_lib/freq_recorder.cc:347] bulk append 54575010
[2023-04-14 17:50:51.440581: E /samgraph/3rdparty/collcachelib/coll_cache_lib/freq_recorder.cc:337] bulk append 7605706 into 284675956
[2023-04-14 17:50:51.479011: E /samgraph/3rdparty/collcachelib/coll_cache_lib/freq_recorder.cc:347] bulk append 54502947
[2023-04-14 17:50:51.481334: E /samgraph/3rdparty/collcachelib/coll_cache_lib/freq_recorder.cc:337] bulk append 7613971 into 292281662
[2023-04-14 17:50:51.519909: E /samgraph/3rdparty/collcachelib/coll_cache_lib/freq_recorder.cc:347] bulk append 54568529
[[[2023-04-14 17:50:512023-04-14 17:50:512023-04-14 17:50:51..[.5222465222792023-04-14 17:50:51522280: : .: EE522306E  :  /samgraph/3rdparty/collcachelib/coll_cache_lib/freq_recorder.cc/samgraph/3rdparty/collcachelib/coll_cache_lib/run_config.ccE/samgraph/3rdparty/collcachelib/coll_cache_lib/run_config.cc:: :266141/samgraph/3rdparty/collcachelib/coll_cache_lib/run_config.cc141] ] :] freq recorder global combiningusing concurrent impl MPSPhase141using concurrent impl MPSPhase

] 
using concurrent impl MPSPhase
[[2023-04-14 17:50:512023-04-14 17:50:51[..2023-04-14 17:50:51522455522457.: : 522460EE:   E/samgraph/3rdparty/collcachelib/coll_cache_lib/facade.cc:409/samgraph/3rdparty/collcachelib/coll_cache_lib/facade.cc] :before scale, dtype is 0, dim is 128409
]  before scale, dtype is 0, dim is 128/samgraph/3rdparty/collcachelib/coll_cache_lib/facade.cc
[:2023-04-14 17:50:51409[.] 2023-04-14 17:50:51522542before scale, dtype is 0, dim is 128.: 
522551E:  E[/samgraph/3rdparty/collcachelib/coll_cache_lib/facade.cc 2023-04-14 17:50:51:/samgraph/3rdparty/collcachelib/coll_cache_lib/facade.cc.415:522576] 415: after scale, dtype is 7, new dim is 32] E
after scale, dtype is 7, new dim is 32 
/samgraph/3rdparty/collcachelib/coll_cache_lib/facade.cc:415] after scale, dtype is 7, new dim is 32
[2023-04-14 17:50:51.523448: E /samgraph/3rdparty/collcachelib/coll_cache_lib/coll_cache/asymm_link_desc.cc:207] assigning 8 to cpu
[2023-04-14 17:50:51.523472: E /samgraph/3rdparty/collcachelib/coll_cache_lib/coll_cache/asymm_link_desc.cc:207] assigning 8 to cpu[
2023-04-14 17:50:51.523494: E /samgraph/3rdparty/collcachelib/coll_cache_lib/coll_cache/asymm_link_desc.cc[:2023-04-14 17:50:51207.] 523504assigning 8 to cpu: 
E /samgraph/3rdparty/collcachelib/coll_cache_lib/coll_cache/asymm_link_desc.cc:224] build symm link desc with 4X Tesla V100-SXM2-16GB out of 4[
2023-04-14 17:50:51.523540: E /samgraph/3rdparty/collcachelib/coll_cache_lib/coll_cache/asymm_link_desc.cc:224[] 2023-04-14 17:50:51build symm link desc with 4X Tesla V100-SXM2-16GB out of 4.
523565: E[ 2023-04-14 17:50:51/samgraph/3rdparty/collcachelib/coll_cache_lib/coll_cache/asymm_link_desc.cc[.:2023-04-14 17:50:51523578225.: ] 523589Eremote time is 9.21053:  
E/samgraph/3rdparty/collcachelib/coll_cache_lib/coll_cache/asymm_link_desc.cc :/samgraph/3rdparty/collcachelib/coll_cache_lib/coll_cache/asymm_link_desc.cc[224:2023-04-14 17:50:51] 225.] build symm link desc with 4X Tesla V100-SXM2-16GB out of 4523626remote time is 9.21053
: 
E /samgraph/3rdparty/collcachelib/coll_cache_lib/coll_cache/asymm_link_desc.cc:[226[2023-04-14 17:50:51] 2023-04-14 17:50:51.cpu time is 31.8182.523661
523664: : EE  /samgraph/3rdparty/collcachelib/coll_cache_lib/coll_cache/asymm_link_desc.cc/samgraph/3rdparty/collcachelib/coll_cache_lib/coll_cache/asymm_link_desc.cc::226225] ] cpu time is 31.8182remote time is 9.21053[

2023-04-14 17:50:51.523707: [E2023-04-14 17:50:51 ./samgraph/3rdparty/collcachelib/coll_cache_lib/facade.cc[523725:2023-04-14 17:50:51: 425.E] 523731 registering cpu data with 8.00 GB: /samgraph/3rdparty/collcachelib/coll_cache_lib/coll_cache/asymm_link_desc.cc
E: 226/samgraph/3rdparty/collcachelib/coll_cache_lib/facade.cc] :cpu time is 31.8182425
] registering cpu data with 8.00 GB
[2023-04-14 17:50:51.523808: E /samgraph/3rdparty/collcachelib/coll_cache_lib/facade.cc:425] registering cpu data with 8.00 GB
[2023-04-14 17:50:52.762400: E /samgraph/3rdparty/collcachelib/coll_cache_lib/facade.cc:427] registering cpu data done.
[2023-04-14 17:50:52.763509: E /samgraph/3rdparty/collcachelib/coll_cache_lib/facade.cc:427] registering cpu data done.
[2023-04-14 17:50:52.766971: E /samgraph/3rdparty/collcachelib/coll_cache_lib/facade.cc:427] registering cpu data done.
[2023-04-14 17:51:04.  4556: E /samgraph/3rdparty/collcachelib/coll_cache_lib/freq_recorder.cc:269] freq recorder global combine from 299895633 to 96368063
[2023-04-14 17:51:05.967137: E /samgraph/3rdparty/collcachelib/coll_cache_lib/freq_recorder.cc:286] top 5 freq is 2000,2000,2000,2000,2000
[2023-04-14 17:51:05.967334: E /samgraph/3rdparty/collcachelib/coll_cache_lib/run_config.cc:141] using concurrent impl MPSPhase
[2023-04-14 17:51:05.967380: E /samgraph/3rdparty/collcachelib/coll_cache_lib/facade.cc:409] before scale, dtype is 0, dim is 128
[2023-04-14 17:51:05.967423: E /samgraph/3rdparty/collcachelib/coll_cache_lib/facade.cc:415] after scale, dtype is 7, new dim is 32
[2023-04-14 17:51:05.967817: E /samgraph/3rdparty/collcachelib/coll_cache_lib/coll_cache/asymm_link_desc.cc:207] assigning 8 to cpu
[2023-04-14 17:51:05.967881: E /samgraph/3rdparty/collcachelib/coll_cache_lib/coll_cache/asymm_link_desc.cc:224] build symm link desc with 4X Tesla V100-SXM2-16GB out of 4
[2023-04-14 17:51:05.967962: E /samgraph/3rdparty/collcachelib/coll_cache_lib/coll_cache/asymm_link_desc.cc:225] remote time is 9.21053
[2023-04-14 17:51:05.968003: E /samgraph/3rdparty/collcachelib/coll_cache_lib/coll_cache/asymm_link_desc.cc:226] cpu time is 31.8182
[2023-04-14 17:51:05.968069: E /samgraph/3rdparty/collcachelib/coll_cache_lib/facade.cc:425] registering cpu data with 8.00 GB
[2023-04-14 17:51:06.825422: E /samgraph/3rdparty/collcachelib/coll_cache_lib/facade.cc:427] registering cpu data done.
[2023-04-14 17:51:06.825514: E /samgraph/3rdparty/collcachelib/coll_cache_lib/facade.cc:174] creating solver
[2023-04-14 17:51:06.825546: E /samgraph/3rdparty/collcachelib/coll_cache_lib/facade.cc:214] solver created. now build & solve
[2023-04-14 17:51:06.871933: E /samgraph/3rdparty/collcachelib/coll_cache_lib/coll_cache/optimal_solver_class.cc:309] reconfigured max freq to be 2000
[2023-04-14 17:51:06.871982: E /samgraph/3rdparty/collcachelib/coll_cache_lib/coll_cache/optimal_solver_class.cc:311] reconfigured num slot to be 42
[2023-04-14 17:51:06.872008: W /samgraph/3rdparty/collcachelib/coll_cache_lib/coll_cache/optimal_solver_class.cc:318] counting slots...
[2023-04-14 17:51:07.848627: W /samgraph/3rdparty/collcachelib/coll_cache_lib/coll_cache/optimal_solver_class.cc:367] Final num slot is 56
[2023-04-14 17:51:07.848801: W /samgraph/3rdparty/collcachelib/coll_cache_lib/coll_cache/optimal_solver_class.cc:371] preparing block granularity...
[2023-04-14 17:51:07.848837: E /samgraph/3rdparty/collcachelib/coll_cache_lib/coll_cache/optimal_solver_class.cc:399] slot 0 has 2649 nodes, max_size set to 663, #slice=4
[2023-04-14 17:51:07.848870: E /samgraph/3rdparty/collcachelib/coll_cache_lib/coll_cache/optimal_solver_class.cc:399] slot 1 has 3280 nodes, max_size set to 820, #slice=4
[2023-04-14 17:51:07.848902: E /samgraph/3rdparty/collcachelib/coll_cache_lib/coll_cache/optimal_solver_class.cc:399] slot 2 has 5100 nodes, max_size set to 1275, #slice=4
[2023-04-14 17:51:07.848934: E /samgraph/3rdparty/collcachelib/coll_cache_lib/coll_cache/optimal_solver_class.cc:399] slot 3 has 7915 nodes, max_size set to 1979, #slice=4
[2023-04-14 17:51:07.848966: E /samgraph/3rdparty/collcachelib/coll_cache_lib/coll_cache/optimal_solver_class.cc:399] slot 4 has 11710 nodes, max_size set to 2928, #slice=4
[2023-04-14 17:51:07.848998: E /samgraph/3rdparty/collcachelib/coll_cache_lib/coll_cache/optimal_solver_class.cc:399] slot 5 has 17628 nodes, max_size set to 4407, #slice=4
[2023-04-14 17:51:07.849030: E /samgraph/3rdparty/collcachelib/coll_cache_lib/coll_cache/optimal_solver_class.cc:399] slot 6 has 26219 nodes, max_size set to 6555, #slice=4
[2023-04-14 17:51:07.849062: E /samgraph/3rdparty/collcachelib/coll_cache_lib/coll_cache/optimal_solver_class.cc:399] slot 7 has 39501 nodes, max_size set to 9876, #slice=4
[2023-04-14 17:51:07.849094: E /samgraph/3rdparty/collcachelib/coll_cache_lib/coll_cache/optimal_solver_class.cc:399] slot 8 has 59259 nodes, max_size set to 14815, #slice=4
[2023-04-14 17:51:07.849125: E /samgraph/3rdparty/collcachelib/coll_cache_lib/coll_cache/optimal_solver_class.cc:399] slot 9 has 87206 nodes, max_size set to 21802, #slice=4
[2023-04-14 17:51:07.849158: E /samgraph/3rdparty/collcachelib/coll_cache_lib/coll_cache/optimal_solver_class.cc:399] slot 10 has 131140 nodes, max_size set to 32785, #slice=4
[2023-04-14 17:51:07.849189: E /samgraph/3rdparty/collcachelib/coll_cache_lib/coll_cache/optimal_solver_class.cc:399] slot 11 has 195277 nodes, max_size set to 48820, #slice=4
[2023-04-14 17:51:07.849222: E /samgraph/3rdparty/collcachelib/coll_cache_lib/coll_cache/optimal_solver_class.cc:399] slot 12 has 296250 nodes, max_size set to 74063, #slice=4
[2023-04-14 17:51:07.849254: E /samgraph/3rdparty/collcachelib/coll_cache_lib/coll_cache/optimal_solver_class.cc:399] slot 13 has 425897 nodes, max_size set to 106475, #slice=4
[2023-04-14 17:51:07.849286: E /samgraph/3rdparty/collcachelib/coll_cache_lib/coll_cache/optimal_solver_class.cc:399] slot 14 has 619693 nodes, max_size set to 111059, #slice=8
[2023-04-14 17:51:07.849317: E /samgraph/3rdparty/collcachelib/coll_cache_lib/coll_cache/optimal_solver_class.cc:399] slot 15 has 851673 nodes, max_size set to 111059, #slice=8
[2023-04-14 17:51:07.849364: E /samgraph/3rdparty/collcachelib/coll_cache_lib/coll_cache/optimal_solver_class.cc:399] slot 16 has 1226184 nodes, max_size set to 111059, #slice=12
[2023-04-14 17:51:07.849396: E /samgraph/3rdparty/collcachelib/coll_cache_lib/coll_cache/optimal_solver_class.cc:399] slot 17 has 1702711 nodes, max_size set to 111059, #slice=16
[2023-04-14 17:51:07.849428: E /samgraph/3rdparty/collcachelib/coll_cache_lib/coll_cache/optimal_solver_class.cc:399] slot 18 has 2413103 nodes, max_size set to 111059, #slice=24
[2023-04-14 17:51:07.849460: E /samgraph/3rdparty/collcachelib/coll_cache_lib/coll_cache/optimal_solver_class.cc:399] slot 19 has 2885425 nodes, max_size set to 111059, #slice=28
[2023-04-14 17:51:07.849492: E /samgraph/3rdparty/collcachelib/coll_cache_lib/coll_cache/optimal_solver_class.cc:399] slot 20 has 3793254 nodes, max_size set to 111059, #slice=36
[2023-04-14 17:51:07.849524: E /samgraph/3rdparty/collcachelib/coll_cache_lib/coll_cache/optimal_solver_class.cc:399] slot 21 has 4036560 nodes, max_size set to 111059, #slice=40
[2023-04-14 17:51:07.849555: E /samgraph/3rdparty/collcachelib/coll_cache_lib/coll_cache/optimal_solver_class.cc:399] slot 22 has 4445601 nodes, max_size set to 111059, #slice=44
[2023-04-14 17:51:07.849587: E /samgraph/3rdparty/collcachelib/coll_cache_lib/coll_cache/optimal_solver_class.cc:399] slot 23 has 4553498 nodes, max_size set to 111059, #slice=44
[2023-04-14 17:51:07.849619: E /samgraph/3rdparty/collcachelib/coll_cache_lib/coll_cache/optimal_solver_class.cc:399] slot 24 has 5534128 nodes, max_size set to 111059, #slice=52
[2023-04-14 17:51:07.849651: E /samgraph/3rdparty/collcachelib/coll_cache_lib/coll_cache/optimal_solver_class.cc:399] slot 25 has 3923227 nodes, max_size set to 111059, #slice=36
[2023-04-14 17:51:07.849683: E /samgraph/3rdparty/collcachelib/coll_cache_lib/coll_cache/optimal_solver_class.cc:399] slot 26 has 4516990 nodes, max_size set to 4516990, #slice=1
[2023-04-14 17:51:07.849715: E /samgraph/3rdparty/collcachelib/coll_cache_lib/coll_cache/optimal_solver_class.cc:399] slot 27 has 3439892 nodes, max_size set to 3439892, #slice=1
[2023-04-14 17:51:07.849747: E /samgraph/3rdparty/collcachelib/coll_cache_lib/coll_cache/optimal_solver_class.cc:399] slot 28 has 3897632 nodes, max_size set to 3897632, #slice=1
[2023-04-14 17:51:07.849778: E /samgraph/3rdparty/collcachelib/coll_cache_lib/coll_cache/optimal_solver_class.cc:399] slot 29 has 4527149 nodes, max_size set to 4527149, #slice=1
[2023-04-14 17:51:07.849810: E /samgraph/3rdparty/collcachelib/coll_cache_lib/coll_cache/optimal_solver_class.cc:399] slot 30 has 2593878 nodes, max_size set to 2593878, #slice=1
[2023-04-14 17:51:07.849842: E /samgraph/3rdparty/collcachelib/coll_cache_lib/coll_cache/optimal_solver_class.cc:399] slot 31 has 6215351 nodes, max_size set to 6215351, #slice=1
[2023-04-14 17:51:07.849874: E /samgraph/3rdparty/collcachelib/coll_cache_lib/coll_cache/optimal_solver_class.cc:399] slot 32 has 3898453 nodes, max_size set to 3898453, #slice=1
[2023-04-14 17:51:07.849906: E /samgraph/3rdparty/collcachelib/coll_cache_lib/coll_cache/optimal_solver_class.cc:399] slot 34 has 4760084 nodes, max_size set to 4760084, #slice=1
[2023-04-14 17:51:07.849938: E /samgraph/3rdparty/collcachelib/coll_cache_lib/coll_cache/optimal_solver_class.cc:399] slot 35 has 6080764 nodes, max_size set to 6080764, #slice=1
[2023-04-14 17:51:07.849969: E /samgraph/3rdparty/collcachelib/coll_cache_lib/coll_cache/optimal_solver_class.cc:399] slot 37 has 8190212 nodes, max_size set to 8190212, #slice=1
[2023-04-14 17:51:07.850001: E /samgraph/3rdparty/collcachelib/coll_cache_lib/coll_cache/optimal_solver_class.cc:399] slot 40 has 10953570 nodes, max_size set to 10953570, #slice=1
[2023-04-14 17:51:07.850033: E /samgraph/3rdparty/collcachelib/coll_cache_lib/coll_cache/optimal_solver_class.cc:399] slot 41 has 147064 nodes, max_size set to 147064, #slice=1
[2023-04-14 17:51:07.850068: E /samgraph/3rdparty/collcachelib/coll_cache_lib/coll_cache/optimal_solver_class.cc:399] slot 42 has 146242 nodes, max_size set to 146242, #slice=1
[2023-04-14 17:51:07.850100: E /samgraph/3rdparty/collcachelib/coll_cache_lib/coll_cache/optimal_solver_class.cc:399] slot 43 has 147540 nodes, max_size set to 147540, #slice=1
[2023-04-14 17:51:07.850132: E /samgraph/3rdparty/collcachelib/coll_cache_lib/coll_cache/optimal_solver_class.cc:399] slot 44 has 147107 nodes, max_size set to 147107, #slice=1
[2023-04-14 17:51:07.850164: E /samgraph/3rdparty/collcachelib/coll_cache_lib/coll_cache/optimal_solver_class.cc:399] slot 45 has 147010 nodes, max_size set to 147010, #slice=1
[2023-04-14 17:51:07.850196: E /samgraph/3rdparty/collcachelib/coll_cache_lib/coll_cache/optimal_solver_class.cc:399] slot 46 has 146784 nodes, max_size set to 146784, #slice=1
[2023-04-14 17:51:07.850228: E /samgraph/3rdparty/collcachelib/coll_cache_lib/coll_cache/optimal_solver_class.cc:399] slot 47 has 147263 nodes, max_size set to 147263, #slice=1
[2023-04-14 17:51:07.850260: E /samgraph/3rdparty/collcachelib/coll_cache_lib/coll_cache/optimal_solver_class.cc:399] slot 48 has 147463 nodes, max_size set to 147463, #slice=1
[2023-04-14 17:51:07.850292: E /samgraph/3rdparty/collcachelib/coll_cache_lib/coll_cache/optimal_solver_class.cc:399] slot 49 has 146765 nodes, max_size set to 146765, #slice=1
[2023-04-14 17:51:07.850323: E /samgraph/3rdparty/collcachelib/coll_cache_lib/coll_cache/optimal_solver_class.cc:399] slot 50 has 147383 nodes, max_size set to 147383, #slice=1
[2023-04-14 17:51:07.850355: E /samgraph/3rdparty/collcachelib/coll_cache_lib/coll_cache/optimal_solver_class.cc:399] slot 51 has 1468064 nodes, max_size set to 1468064, #slice=1
[2023-04-14 17:51:07.850387: E /samgraph/3rdparty/collcachelib/coll_cache_lib/coll_cache/optimal_solver_class.cc:399] slot 52 has 1470007 nodes, max_size set to 1470007, #slice=1
[2023-04-14 17:51:07.850419: E /samgraph/3rdparty/collcachelib/coll_cache_lib/coll_cache/optimal_solver_class.cc:399] slot 53 has 1468710 nodes, max_size set to 1468710, #slice=1
[2023-04-14 17:51:07.850451: E /samgraph/3rdparty/collcachelib/coll_cache_lib/coll_cache/optimal_solver_class.cc:399] slot 54 has 1470785 nodes, max_size set to 1470785, #slice=1
[2023-04-14 17:51:07.850482: E /samgraph/3rdparty/collcachelib/coll_cache_lib/coll_cache/optimal_solver_class.cc:399] slot 55 has 1466887 nodes, max_size set to 1466887, #slice=1
[2023-04-14 17:51:07.850525: E /samgraph/3rdparty/collcachelib/coll_cache_lib/coll_cache/optimal_solver_class.cc:399] slot 56 has 1470100 nodes, max_size set to 1470100, #slice=1
[2023-04-14 17:51:07.850557: E /samgraph/3rdparty/collcachelib/coll_cache_lib/coll_cache/optimal_solver_class.cc:399] slot 57 has 1468861 nodes, max_size set to 1468861, #slice=1
[2023-04-14 17:51:07.850589: E /samgraph/3rdparty/collcachelib/coll_cache_lib/coll_cache/optimal_solver_class.cc:399] slot 58 has 1467386 nodes, max_size set to 1467386, #slice=1
[2023-04-14 17:51:07.850621: E /samgraph/3rdparty/collcachelib/coll_cache_lib/coll_cache/optimal_solver_class.cc:399] slot 59 has 1470472 nodes, max_size set to 1470472, #slice=1
[2023-04-14 17:51:07.850652: W /samgraph/3rdparty/collcachelib/coll_cache_lib/coll_cache/optimal_solver_class.cc:405] counting blocks...
[2023-04-14 17:51:08. 22135: W /samgraph/3rdparty/collcachelib/coll_cache_lib/coll_cache/optimal_solver_class.cc:425] Final num block is 434
[2023-04-14 17:51:08. 22214: W /samgraph/3rdparty/collcachelib/coll_cache_lib/coll_cache/optimal_solver_class.cc:430] counting freq and density...
[2023-04-14 17:51:08. 36979: W /samgraph/3rdparty/collcachelib/coll_cache_lib/coll_cache/optimal_solver_class.cc:479] averaging freq and density...
[2023-04-14 17:51:08. 37092: W /samgraph/3rdparty/collcachelib/coll_cache_lib/coll_cache/optimal_solver_class.cc:480] 434
[2023-04-14 17:51:08. 60034: E /samgraph/3rdparty/collcachelib/coll_cache_lib/facade.cc:218] solver built. now solve
[2023-04-14 17:51:08. 60111: W /samgraph/3rdparty/collcachelib/coll_cache_lib/coll_cache/optimal_solver_class.cc:893] constructing optimal solver, device=4, stream=1
434 blocks, 4 devices
[2023-04-14 17:51:09.134720: W /samgraph/3rdparty/collcachelib/coll_cache_lib/coll_cache/optimal_solver_class.cc:1078] Add Var...
[2023-04-14 17:51:09.139538: W /samgraph/3rdparty/collcachelib/coll_cache_lib/coll_cache/optimal_solver_class.cc:1096] Capacity...
[2023-04-14 17:51:09.139931: W /samgraph/3rdparty/collcachelib/coll_cache_lib/coll_cache/optimal_solver_class.cc:1099] Connect CPU...
[2023-04-14 17:51:09.144170: W /samgraph/3rdparty/collcachelib/coll_cache_lib/coll_cache/optimal_solver_class.cc:1101] Connect Access To Storage...
[2023-04-14 17:51:09.183377: W /samgraph/3rdparty/collcachelib/coll_cache_lib/coll_cache/optimal_solver_class.cc:1105] Time...
[2023-04-14 17:51:09.184097: E /samgraph/3rdparty/collcachelib/coll_cache_lib/coll_cache/optimal_solver_class.cc:1067] dst 0, total sm is 80
[2023-04-14 17:51:09.185067: E /samgraph/3rdparty/collcachelib/coll_cache_lib/coll_cache/optimal_solver_class.cc:1067] dst 1, total sm is 80
[2023-04-14 17:51:09.186018: E /samgraph/3rdparty/collcachelib/coll_cache_lib/coll_cache/optimal_solver_class.cc:1067] dst 2, total sm is 80
[2023-04-14 17:51:09.186982: E /samgraph/3rdparty/collcachelib/coll_cache_lib/coll_cache/optimal_solver_class.cc:1067] dst 3, total sm is 80
[2023-04-14 17:51:09.585680: W /samgraph/3rdparty/collcachelib/coll_cache_lib/coll_cache/optimal_solver_class.cc:1124] Coll Cache init block placement array
[2023-04-14 17:51:09.587492: W /samgraph/3rdparty/collcachelib/coll_cache_lib/coll_cache/optimal_solver_class.cc:1200] Coll Cache init block placement array done
[2023-04-14 17:51:09.587593: W /samgraph/3rdparty/collcachelib/coll_cache_lib/coll_cache/optimal_solver_class.cc:1202] Coll Cache model reset done
[2023-04-14 17:51:09.592299: E /samgraph/3rdparty/collcachelib/coll_cache_lib/facade.cc:222] solver solved
[2023-04-14 17:51:09.592350: E /samgraph/3rdparty/collcachelib/coll_cache_lib/facade.cc:437] 0 solved master
[2023-04-14 17:51:09.592379: E /samgraph/3rdparty/collcachelib/coll_cache_lib/facade.cc:444] 0 solved
[2023-04-14 17:51:09.592407: E /samgraph/3rdparty/collcachelib/coll_cache_lib/facade.cc:447] worker 0 thread 0 initing device 0
[2023-04-14 17:51:09.593047: E /samgraph/3rdparty/collcachelib/coll_cache_lib/cache_context.cu:2320] Building Coll Cache with ... num gpu device is 4
[2023-04-14 17:51:09.593393: E /samgraph/3rdparty/collcachelib/coll_cache_lib/cuda/cache_hashtable.cuh:611] per src size local is 9772651
[2023-04-14 17:51:09.612973: E /samgraph/3rdparty/collcachelib/coll_cache_lib/facade.cc:444] 2 solved
[2023-04-14 17:51:09.613079: E /samgraph/3rdparty/collcachelib/coll_cache_lib/facade.cc:447] worker 0 thread 2 initing device 2
[2023-04-14 17:51:09.613731: E /samgraph/3rdparty/collcachelib/coll_cache_lib/cache_context.cu:2320] Building Coll Cache with ... num gpu device is 4
[2023-04-14 17:51:09.614215: [E /samgraph/3rdparty/collcachelib/coll_cache_lib/facade.cc:4442023-04-14 17:51:09] .3 solved614239
: E /samgraph/3rdparty/collcachelib/coll_cache_lib/facade.cc:[4442023-04-14 17:51:09] .1 solved614312
: E /samgraph/3rdparty/collcachelib/coll_cache_lib/facade.cc[:2023-04-14 17:51:09447.] 614335worker 0 thread 3 initing device 3: 
E /samgraph/3rdparty/collcachelib/coll_cache_lib/facade.cc:447] worker 0 thread 1 initing device 1
[2023-04-14 17:51:09.614968: E /samgraph/3rdparty/collcachelib/coll_cache_lib/cache_context.cu:2320] Building Coll Cache with ... num gpu device is 4
[2023-04-14 17:51:09.615056: E /samgraph/3rdparty/collcachelib/coll_cache_lib/cache_context.cu:2320] Building Coll Cache with ... num gpu device is 4
[2023-04-14 17:51:09.801947: E /samgraph/3rdparty/collcachelib/coll_cache_lib/cache_context.cu:2362] num cpu nodes is 75532727
[2023-04-14 17:51:09.814980[: 2023-04-14 17:51:09E. 815013/samgraph/3rdparty/collcachelib/coll_cache_lib/cache_context.cu: :E2362 ] /samgraph/3rdparty/collcachelib/coll_cache_lib/cache_context.cunum cpu nodes is 75532727:
2362] num cpu nodes is 75532727
[2023-04-14 17:51:09.815112: E /samgraph/3rdparty/collcachelib/coll_cache_lib/cache_context.cu:2362] num cpu nodes is 75532727
[2023-04-14 17:51:10.184612: E /samgraph/3rdparty/collcachelib/coll_cache_lib/cuda/cache_hashtable.cu:355] create a hashtable with 35527229 possible elem, scale to 134217728
[2023-04-14 17:51:10.184675: E /samgraph/3rdparty/collcachelib/coll_cache_lib/cuda/cache_hashtable.cu:360] SimpleHashTable allocating 1024.00 MB
[2023-04-14 17:51:10.202928: E /samgraph/3rdparty/collcachelib/coll_cache_lib/cuda/cache_hashtable.cu:355] create a hashtable with 35527229 possible elem, scale to 134217728
[2023-04-14 17:51:10.202987: E /samgraph/3rdparty/collcachelib/coll_cache_lib/cuda/cache_hashtable.cu:360] SimpleHashTable allocating 1024.00 MB
[2023-04-14 17:51:10.203926: E /samgraph/3rdparty/collcachelib/coll_cache_lib/cuda/cache_hashtable.cu:355] create a hashtable with 35527229 possible elem, scale to 134217728
[2023-04-14 17:51:10.203979: E /samgraph/3rdparty/collcachelib/coll_cache_lib/cuda/cache_hashtable.cu:360] SimpleHashTable allocating 1024.00 MB
[2023-04-14 17:51:10.207301: E /samgraph/3rdparty/collcachelib/coll_cache_lib/cuda/cache_hashtable.cu:355] create a hashtable with 35527229 possible elem, scale to 134217728
[2023-04-14 17:51:10.207354: E /samgraph/3rdparty/collcachelib/coll_cache_lib/cuda/cache_hashtable.cu:360] SimpleHashTable allocating 1024.00 MB
[2023-04-14 17:51:10.338724: E /samgraph/3rdparty/collcachelib/coll_cache_lib/common.cc:107] too many mem allocated for forcescale?8995856->113207
[2023-04-14 17:51:10.338853: E /samgraph/3rdparty/collcachelib/coll_cache_lib/common.cc:107] too many mem allocated for forcescale?8995856->111976
[2023-04-14 17:51:10.342213: E /samgraph/3rdparty/collcachelib/coll_cache_lib/common.cc:107] too many mem allocated for forcescale?8995856->118031
[2023-04-14 17:51:10.343198: E /samgraph/3rdparty/collcachelib/coll_cache_lib/common.cc:107] too many mem allocated for forcescale?8995856->111716
[2023-04-14 17:51:10.358555: E /samgraph/3rdparty/collcachelib/coll_cache_lib/cache_context.cu:2439] Asymm Coll cache (policy: coll_cache_asymm_link) | local 8884140 / 111059956 nodes ( 8.00 %~8.00 %) | remote 26643089 / 111059956 nodes ( 23.99 %) | cpu 75532727 / 111059956 nodes ( 68.01 %) | 4.29 GB | 0.765472 secs 
[2023-04-14 17:51:10.358904: W /samgraph/3rdparty/collcachelib/coll_cache_lib/cache_context.cu:3958] before create ctx, mem is 10.84 GB
[2023-04-14 17:51:10.366569: W /samgraph/3rdparty/collcachelib/coll_cache_lib/cache_context.cu:3958] before create ctx, mem is 10.84 GB
[2023-04-14 17:51:10.370584: W /samgraph/3rdparty/collcachelib/coll_cache_lib/cache_context.cu:3958] before create ctx, mem is 10.84 GB
[2023-04-14 17:51:10.374575: W /samgraph/3rdparty/collcachelib/coll_cache_lib/cache_context.cu:3958] before create ctx, mem is 10.84 GB
[2023-04-14 17:51:10.383322: E /samgraph/3rdparty/collcachelib/coll_cache_lib/cache_context.cu:2439] Asymm Coll cache (policy: coll_cache_asymm_link) | local 8883880 / 111059956 nodes ( 8.00 %~8.00 %) | remote 26643349 / 111059956 nodes ( 23.99 %) | cpu 75532727 / 111059956 nodes ( 68.01 %) | 4.29 GB | 0.768227 secs 
[2023-04-14 17:51:10.390558: E /samgraph/3rdparty/collcachelib/coll_cache_lib/cache_context.cu:2439] Asymm Coll cache (policy: coll_cache_asymm_link) | local 8882649 / 111059956 nodes ( 8.00 %~8.00 %) | remote 26644580 / 111059956 nodes ( 23.99 %) | cpu 75532727 / 111059956 nodes ( 68.01 %) | 4.29 GB | 0.775553 secs 
[2023-04-14 17:51:10.406534: E /samgraph/3rdparty/collcachelib/coll_cache_lib/cache_context.cu:2439] Asymm Coll cache (policy: coll_cache_asymm_link) | local 8877825 / 111059956 nodes ( 7.99 %~8.00 %) | remote 26649404 / 111059956 nodes ( 24.00 %) | cpu 75532727 / 111059956 nodes ( 68.01 %) | 4.29 GB | 0.792769 secs 
[2023-04-14 17:51:15.868609: W /samgraph/3rdparty/collcachelib/coll_cache_lib/cache_context.cu:3958] after create ctx, mem is 12.52 GB
[2023-04-14 17:51:15.868846: W /samgraph/3rdparty/collcachelib/coll_cache_lib/cache_context.cu:3958] after create stream, mem is 12.52 GB
[2023-04-14 17:51:16. 19781: W /samgraph/3rdparty/collcachelib/coll_cache_lib/cache_context.cu:3958] after create ctx, mem is 12.55 GB
[2023-04-14 17:51:16. 19918: W /samgraph/3rdparty/collcachelib/coll_cache_lib/cache_context.cu:3958] after create stream, mem is 12.55 GB
[2023-04-14 17:51:16. 40063: W /samgraph/3rdparty/collcachelib/coll_cache_lib/cache_context.cu:3958] after create ctx, mem is 12.56 GB
[2023-04-14 17:51:16. 40174: W /samgraph/3rdparty/collcachelib/coll_cache_lib/cache_context.cu:3958] after create stream, mem is 12.56 GB
[2023-04-14 17:51:16. 58963: W /samgraph/3rdparty/collcachelib/coll_cache_lib/cache_context.cu:3958] after create ctx, mem is 12.57 GB
[2023-04-14 17:51:16. 59077: W /samgraph/3rdparty/collcachelib/coll_cache_lib/cache_context.cu:3958] after create stream, mem is 12.57 GB
/usr/local/lib/python3.8/dist-packages/torch/nn/parallel/scatter_gather.py:9: UserWarning: is_namedtuple is deprecated, please use the python checks instead
  warnings.warn("is_namedtuple is deprecated, please use the python checks instead")
/usr/local/lib/python3.8/dist-packages/torch/nn/parallel/scatter_gather.py:9: UserWarning: is_namedtuple is deprecated, please use the python checks instead
  warnings.warn("is_namedtuple is deprecated, please use the python checks instead")
/usr/local/lib/python3.8/dist-packages/torch/nn/parallel/scatter_gather.py:9: UserWarning: is_namedtuple is deprecated, please use the python checks instead
  warnings.warn("is_namedtuple is deprecated, please use the python checks instead")
/usr/local/lib/python3.8/dist-packages/torch/nn/parallel/scatter_gather.py:9: UserWarning: is_namedtuple is deprecated, please use the python checks instead
  warnings.warn("is_namedtuple is deprecated, please use the python checks instead")
