succeed=True
[CUDA] cuda: usage: 5.74 GB
0 :  {link #0 : 1}, {link #1 : 2}, {link #2 : 3},
1 :  {link #0 : 2}, {link #1 : 3}, {link #2 : 0},
2 :  {link #0 : 3}, {link #1 : 0}, {link #2 : 1},
3 :  {link #0 : 0}, {link #1 : 1}, {link #2 : 2},
0 :  {link #0 : 1}, {link #1 : 2}, {link #2 : 3},
1 :  {link #0 : 2}, {link #1 : 3}, {link #2 : 0},
2 :  {link #0 : 3}, {link #1 : 0}, {link #2 : 1},
3 :  {link #0 : 0}, {link #1 : 1}, {link #2 : 2},
0 :  {link #0 : 1}, {link #1 : 2}, {link #2 : 3},
1 :  {link #0 : 2}, {link #1 : 3}, {link #2 : 0},
2 :  {link #0 : 3}, {link #1 : 0}, {link #2 : 1},
3 :  {link #0 : 0}, {link #1 : 1}, {link #2 : 2},
0 : local 72, cpu 8 {link #0 : g1 24}, {link #1 : g2 24}, {link #2 : g3 24},
1 : local 72, cpu 8 {link #0 : g2 24}, {link #1 : g3 24}, {link #2 : g0 24},
2 : local 72, cpu 8 {link #0 : g3 24}, {link #1 : g0 24}, {link #2 : g1 24},
3 : local 72, cpu 8 {link #0 : g0 24}, {link #1 : g1 24}, {link #2 : g2 24},
0 : local 72, cpu 8 {link #0 : g1 24}, {link #1 : g2 24}, {link #2 : g3 24},
1 : local 72, cpu 8 {link #0 : g2 24}, {link #1 : g3 24}, {link #2 : g0 24},
2 : local 72, cpu 8 {link #0 : g3 24}, {link #1 : g0 24}, {link #2 : g1 24},
3 : local 72, cpu 8 {link #0 : g0 24}, {link #1 : g1 24}, {link #2 : g2 24},
0 : local 72, cpu 8 {link #0 : g1 24}, {link #1 : g2 24}, {link #2 : g3 24},
1 : local 72, cpu 8 {link #0 : g2 24}, {link #1 : g3 24}, {link #2 : g0 24},
2 : local 72, cpu 8 {link #0 : g3 24}, {link #1 : g0 24}, {link #2 : g1 24},
3 : local 72, cpu 8 {link #0 : g0 24}, {link #1 : g1 24}, {link #2 : g2 24},
0 :  {link #0 : 1}, {link #1 : 2}, {link #2 : 3},
1 :  {link #0 : 2}, {link #1 : 3}, {link #2 : 0},
2 :  {link #0 : 3}, {link #1 : 0}, {link #2 : 1},
3 :  {link #0 : 0}, {link #1 : 1}, {link #2 : 2},
0 : local 72, cpu 8 {link #0 : g1 24}, {link #1 : g2 24}, {link #2 : g3 24},
1 : local 72, cpu 8 {link #0 : g2 24}, {link #1 : g3 24}, {link #2 : g0 24},
2 : local 72, cpu 8 {link #0 : g3 24}, {link #1 : g0 24}, {link #2 : g1 24},
3 : local 72, cpu 8 {link #0 : g0 24}, {link #1 : g1 24}, {link #2 : g2 24},
coll_cache:optimal_rep_storage=0.01
coll_cache:optimal_part_storage=0
coll_cache:optimal_cpu_storage=0.99
coll_cache:optimal_local_storage=0.01
coll_cache:optimal_remote_storage=0
coll_cache:optimal_local_rate=0.234563
coll_cache:optimal_remote_rate=0
coll_cache:optimal_cpu_rate=0.765437
z=4915.99
test_result:init:feat_nbytes=375030526464
test_result:init:cache_nbytes=4125335040
test_result:init:feat_nbytes=375030526464
test_result:init:cache_nbytes=4125335040
test_result:init:feat_nbytes=375030526464
test_result:init:cache_nbytes=4125335040
test_result:init:feat_nbytes=375030526464
test_result:init:cache_nbytes=4125335040
    [Step(average) Profiler Level 1 E3 S999]
        L1  sample           0.001473 | send           0.000000
        L1  recv             0.000000 | copy           0.023837 | convert time 0.000000 | train  0.010553
        L1  feature nbytes  357.50 MB | label nbytes 0.00 Bytes
        L1  id nbytes      0.00 Bytes | graph nbytes 0.00 Bytes
        L1  miss nbytes     276.69 MB | remote nbytes 0.00 Bytes
        L1  num nodes               0 | num samples           0
    [Step(average) Profiler Level 2 E3 S999]
        L2  shuffle     0.000000 | core sample  0.000000 | id remap        0.000000
        L2  graph copy  0.000000 | id copy      0.000000 | cache feat copy 0.023837
        L2  last layer sample time 0.000000 | size 0.000000
    [Step(average) Profiler Level 3 E3 S999]
        L3  khop sample coo  0.000000 | khop sort coo      0.000000 | khop count edge     0.000000 | khop compact edge 0.000000
        L3  walk sample coo  0.000000 | walk topk total    0.000000 | walk topk step1     0.000000 | walk topk step2   0.000000
        L3  walk topk step3  0.000000 | walk topk step4    0.000000 | walk topk step5     0.000000
        L3  walk topk step6  0.000000 | walk topk step7    0.000000
        L3  remap unique     0.000000 | remap populate     0.000000 | remap mapnode       0.000000 | remap mapedge     0.000000
        L3  cache get_index  0.000211 | cache copy_index   0.000000 | cache extract_miss  0.000000
        L3  cache copy_miss  0.000000 | cache combine_miss 0.023583 | cache combine cache 0.000428 | cache combine remote 0.000000
        L3  label extract  0.000000
    [Profiler Level Percentiles E3 S999]
        p50.00_tail_logl2featcopy=0.024994
        p90.00_tail_logl2featcopy=0.025466
        p95.00_tail_logl2featcopy=0.025581
        p99.00_tail_logl2featcopy=0.025853
        p99.90_tail_logl2featcopy=0.026502
[CUDA] cuda: usage: 12.65 GB
Rank=1, Graph loaded.
!!!!dist_homo_graph enumerate latency per epoch: 0.011584, per step: 0.000046
presamping
presamping takes 4.2941575050354
config:eval_tsp="2023-04-12 00:51:04"
config:num_worker=4
config:root_dir=/nvme/songxiaoniu/graph-learning/wholegraph
config:graph_name=mag240m-homo
config:epochs=4
config:batchsize=500
config:skip_epoch=2
config:local_step=250
config:presc_epoch=2
config:neighbors=10,25
config:hiddensize=256
config:num_layer=2
config:model=sage
config:framework=dgl
config:dataloaderworkers=0
config:dropout=0.5
config:lr=0.003
config:use_nccl=False
config:use_amp=True
config:use_collcache=True
config:cache_percentage=0.01
config:cache_policy=rep
config:omp_thread_num=40
config:unsupervised=True
config:classnum=153
config:global_barrier=<multiprocessing.synchronize.Barrier object at 0x7fc7b4aed460>
config:worker_id=0
creating_intra_node_communicator root=0, local_size=4, world_size=4
Rank=0, Graph loaded.
!!!!dist_homo_graph enumerate latency per epoch: 0.012112, per step: 0.000048
epoch=4 total_steps=1000
presamping
presamping takes 4.451117277145386
start training...
[Epoch 0], time=10.25154423713684, loss=0.6931472420692444
[Epoch 1], time=9.006936311721802, loss=0.6931472420692444
[Epoch 2], time=8.986252069473267, loss=0.6931472420692444
[Epoch 3], time=8.945648908615112, loss=0.6931472420692444
|===========================================================================|
|                  PyTorch CUDA memory summary, device ID 0                 |
|---------------------------------------------------------------------------|
|            CUDA OOMs: 0            |        cudaMalloc retries: 0         |
|===========================================================================|
|        Metric         | Cur Usage  | Peak Usage | Tot Alloc  | Tot Freed  |
|---------------------------------------------------------------------------|
| Allocated memory      |   31825 KB |  197270 KB |  516706 MB |  516675 MB |
|       from large pool |   19077 KB |  187670 KB |  489829 MB |  489810 MB |
|       from small pool |   12748 KB |   18531 KB |   26877 MB |   26864 MB |
|---------------------------------------------------------------------------|
| Active memory         |   31825 KB |  197270 KB |  516706 MB |  516675 MB |
|       from large pool |   19077 KB |  187670 KB |  489829 MB |  489810 MB |
|       from small pool |   12748 KB |   18531 KB |   26877 MB |   26864 MB |
|---------------------------------------------------------------------------|
| GPU reserved memory   |  622592 KB |  622592 KB |  622592 KB |       0 B  |
|       from large pool |  600064 KB |  600064 KB |  600064 KB |       0 B  |
|       from small pool |   22528 KB |   22528 KB |   22528 KB |       0 B  |
|---------------------------------------------------------------------------|
| Non-releasable memory |   19374 KB |  434058 KB |  494633 MB |  494614 MB |
|       from large pool |   15739 KB |  427257 KB |  466022 MB |  466006 MB |
|       from small pool |    3635 KB |    9680 KB |   28610 MB |   28607 MB |
|---------------------------------------------------------------------------|
| Allocations           |      62    |      81    |  213822    |  213760    |
|       from large pool |      12    |      24    |   52786    |   52774    |
|       from small pool |      50    |      66    |  161036    |  160986    |
|---------------------------------------------------------------------------|
| Active allocs         |      62    |      81    |  213822    |  213760    |
|       from large pool |      12    |      24    |   52786    |   52774    |
|       from small pool |      50    |      66    |  161036    |  160986    |
|---------------------------------------------------------------------------|
| GPU reserved segments |      19    |      19    |      19    |       0    |
|       from large pool |       8    |       8    |       8    |       0    |
|       from small pool |      11    |      11    |      11    |       0    |
|---------------------------------------------------------------------------|
| Non-releasable allocs |      21    |      37    |   86295    |   86274    |
|       from large pool |       5    |      12    |   31774    |   31769    |
|       from small pool |      16    |      30    |   54521    |   54505    |
|---------------------------------------------------------------------------|
| Oversize allocations  |       0    |       0    |       0    |       0    |
|---------------------------------------------------------------------------|
| Oversize GPU segments |       0    |       0    |       0    |       0    |
|===========================================================================|

[TRAIN_TIME] train time is 37.191972 seconds
[EPOCH_TIME] 9.297993 seconds, maybe large due to not enough epoch skipped.
[EPOCH_TIME] 8.966059 seconds
Rank=3, Graph loaded.
!!!!dist_homo_graph enumerate latency per epoch: 0.008437, per step: 0.000034
presamping
presamping takes 3.888615369796753
Rank=2, Graph loaded.
!!!!dist_homo_graph enumerate latency per epoch: 0.012398, per step: 0.000050
presamping
presamping takes 5.990074634552002

