/usr/lib/python3/dist-packages/requests/__init__.py:89: RequestsDependencyWarning: urllib3 (1.26.12) or chardet (3.0.4) doesn't match a supported version!
  warnings.warn("urllib3 ({}) or chardet ({}) doesn't match a supported "
[W socket.cpp:601] [c10d] The client socket has failed to connect to [localhost]:12335 (errno: 99 - Cannot assign requested address).
Rank=3 done reading 27764987 embedding vectors from file /nvme/songxiaoniu/graph-learning/wholegraph/ogbn_papers100M/converted/homograph_csr_row_ptr
Rank=1 done reading 27764990 embedding vectors from file /nvme/songxiaoniu/graph-learning/wholegraph/ogbn_papers100M/converted/homograph_csr_row_ptr
Rank=2 done reading 27764990 embedding vectors from file /nvme/songxiaoniu/graph-learning/wholegraph/ogbn_papers100M/converted/homograph_csr_row_ptr
Rank=0 done reading 27764990 embedding vectors from file /nvme/songxiaoniu/graph-learning/wholegraph/ogbn_papers100M/converted/homograph_csr_row_ptr
Rank=1 done reading 807842936 embedding vectors from file /nvme/songxiaoniu/graph-learning/wholegraph/ogbn_papers100M/converted/homograph_csr_col_idx
Rank=3 done reading 807842936 embedding vectors from file /nvme/songxiaoniu/graph-learning/wholegraph/ogbn_papers100M/converted/homograph_csr_col_idx
Rank=2 done reading 807842936 embedding vectors from file /nvme/songxiaoniu/graph-learning/wholegraph/ogbn_papers100M/converted/homograph_csr_col_idx
Rank=0 done reading 807842936 embedding vectors from file /nvme/songxiaoniu/graph-learning/wholegraph/ogbn_papers100M/converted/homograph_csr_col_idx
[2023-04-11 21:55:55.102110: E /samgraph/3rdparty/collcachelib/coll_cache_lib/freq_recorder.cc:337] bulk append 7641808 into 0
[2023-04-11 21:55:55.140877: E /samgraph/3rdparty/collcachelib/coll_cache_lib/freq_recorder.cc:347] bulk append 57708480
[2023-04-11 21:55:55.143250: E /samgraph/3rdparty/collcachelib/coll_cache_lib/freq_recorder.cc:337] bulk append 7641963 into 7641808
[2023-04-11 21:55:55.181938: E /samgraph/3rdparty/collcachelib/coll_cache_lib/freq_recorder.cc:347] bulk append 57779676
[2023-04-11 21:55:55.184303: E /samgraph/3rdparty/collcachelib/coll_cache_lib/freq_recorder.cc:337] bulk append 7640861 into 15283771
[2023-04-11 21:55:55.222971: E /samgraph/3rdparty/collcachelib/coll_cache_lib/freq_recorder.cc:347] bulk append 57737730
[2023-04-11 21:55:55.225324: E /samgraph/3rdparty/collcachelib/coll_cache_lib/freq_recorder.cc:337] bulk append 7642545 into 22924632
[2023-04-11 21:55:55.264016: E /samgraph/3rdparty/collcachelib/coll_cache_lib/freq_recorder.cc:347] bulk append 57766123
[2023-04-11 21:55:55.266359: E /samgraph/3rdparty/collcachelib/coll_cache_lib/freq_recorder.cc:337] bulk append 7639489 into 30567177
[2023-04-11 21:55:55.305028: E /samgraph/3rdparty/collcachelib/coll_cache_lib/freq_recorder.cc:347] bulk append 57701205
[2023-04-11 21:55:55.307377: E /samgraph/3rdparty/collcachelib/coll_cache_lib/freq_recorder.cc:337] bulk append 7644806 into 38206666
[2023-04-11 21:55:55.346046: E /samgraph/3rdparty/collcachelib/coll_cache_lib/freq_recorder.cc:347] bulk append 57767243
[2023-04-11 21:55:55.348417: E /samgraph/3rdparty/collcachelib/coll_cache_lib/freq_recorder.cc:337] bulk append 7641343 into 45851472
[2023-04-11 21:55:55.388433: E /samgraph/3rdparty/collcachelib/coll_cache_lib/freq_recorder.cc:347] bulk append 57770043
[2023-04-11 21:55:55.392457: E /samgraph/3rdparty/collcachelib/coll_cache_lib/freq_recorder.cc:337] bulk append 7644475 into 53492815
[2023-04-11 21:55:55.432675: E /samgraph/3rdparty/collcachelib/coll_cache_lib/freq_recorder.cc:347] bulk append 57771417
[2023-04-11 21:55:55.435050: E /samgraph/3rdparty/collcachelib/coll_cache_lib/freq_recorder.cc:337] bulk append 7640169 into 61137290
[2023-04-11 21:55:55.474958: E /samgraph/3rdparty/collcachelib/coll_cache_lib/freq_recorder.cc:347] bulk append 57688739
[2023-04-11 21:55:55.479003: E /samgraph/3rdparty/collcachelib/coll_cache_lib/freq_recorder.cc:337] bulk append 7640229 into 68777459
[2023-04-11 21:55:55.517645: E /samgraph/3rdparty/collcachelib/coll_cache_lib/freq_recorder.cc:347] bulk append 57740224
[2023-04-11 21:55:55.520060: E /samgraph/3rdparty/collcachelib/coll_cache_lib/freq_recorder.cc:337] bulk append 7293002 into 76417688
[2023-04-11 21:55:55.557304: E /samgraph/3rdparty/collcachelib/coll_cache_lib/freq_recorder.cc:347] bulk append 59253867
[2023-04-11 21:55:55.559653: E /samgraph/3rdparty/collcachelib/coll_cache_lib/freq_recorder.cc:337] bulk append 7295944 into 83710690
[2023-04-11 21:55:55.596837: E /samgraph/3rdparty/collcachelib/coll_cache_lib/freq_recorder.cc:347] bulk append 59347234
[2023-04-11 21:55:55.599198: E /samgraph/3rdparty/collcachelib/coll_cache_lib/freq_recorder.cc:337] bulk append 7291194 into 91006634
[2023-04-11 21:55:55.636419: E /samgraph/3rdparty/collcachelib/coll_cache_lib/freq_recorder.cc:347] bulk append 59298254
[2023-04-11 21:55:55.638779: E /samgraph/3rdparty/collcachelib/coll_cache_lib/freq_recorder.cc:337] bulk append 7293551 into 98297828
[2023-04-11 21:55:55.675993: E /samgraph/3rdparty/collcachelib/coll_cache_lib/freq_recorder.cc:347] bulk append 59349058
[2023-04-11 21:55:55.678345: E /samgraph/3rdparty/collcachelib/coll_cache_lib/freq_recorder.cc:337] bulk append 7290873 into 105591379
[2023-04-11 21:55:55.715531: E /samgraph/3rdparty/collcachelib/coll_cache_lib/freq_recorder.cc:347] bulk append 59234800
[2023-04-11 21:55:55.717884: E /samgraph/3rdparty/collcachelib/coll_cache_lib/freq_recorder.cc:337] bulk append 7295123 into 112882252
[2023-04-11 21:55:55.755092: E /samgraph/3rdparty/collcachelib/coll_cache_lib/freq_recorder.cc:347] bulk append 59331488
[2023-04-11 21:55:55.757443: E /samgraph/3rdparty/collcachelib/coll_cache_lib/freq_recorder.cc:337] bulk append 7293967 into 120177375
[2023-04-11 21:55:55.794674: E /samgraph/3rdparty/collcachelib/coll_cache_lib/freq_recorder.cc:347] bulk append 59307391
[2023-04-11 21:55:55.797027: E /samgraph/3rdparty/collcachelib/coll_cache_lib/freq_recorder.cc:337] bulk append 7296045 into 127471342
[2023-04-11 21:55:55.834227: E /samgraph/3rdparty/collcachelib/coll_cache_lib/freq_recorder.cc:347] bulk append 59306527
[2023-04-11 21:55:55.836591: E /samgraph/3rdparty/collcachelib/coll_cache_lib/freq_recorder.cc:337] bulk append 7292606 into 134767387
[2023-04-11 21:55:55.873776: E /samgraph/3rdparty/collcachelib/coll_cache_lib/freq_recorder.cc:347] bulk append 59257594
[2023-04-11 21:55:55.876140: E /samgraph/3rdparty/collcachelib/coll_cache_lib/freq_recorder.cc:337] bulk append 7296056 into 142059993
[2023-04-11 21:55:55.913321: E /samgraph/3rdparty/collcachelib/coll_cache_lib/freq_recorder.cc:347] bulk append 59314747
[2023-04-11 21:55:55.915699: E /samgraph/3rdparty/collcachelib/coll_cache_lib/freq_recorder.cc:337] bulk append 7446086 into 149356049
[2023-04-11 21:55:55.953560: E /samgraph/3rdparty/collcachelib/coll_cache_lib/freq_recorder.cc:347] bulk append 59110366
[2023-04-11 21:55:55.955933: E /samgraph/3rdparty/collcachelib/coll_cache_lib/freq_recorder.cc:337] bulk append 7447785 into 156802135
[2023-04-11 21:55:55.993751: E /samgraph/3rdparty/collcachelib/coll_cache_lib/freq_recorder.cc:347] bulk append 59217389
[2023-04-11 21:55:55.996093: E /samgraph/3rdparty/collcachelib/coll_cache_lib/freq_recorder.cc:337] bulk append 7447372 into 164249920
[2023-04-11 21:55:56. 34924: E /samgraph/3rdparty/collcachelib/coll_cache_lib/freq_recorder.cc:347] bulk append 59184374
[2023-04-11 21:55:56. 38972: E /samgraph/3rdparty/collcachelib/coll_cache_lib/freq_recorder.cc:337] bulk append 7445591 into 171697292
[2023-04-11 21:55:56. 76768: E /samgraph/3rdparty/collcachelib/coll_cache_lib/freq_recorder.cc:347] bulk append 59210155
[2023-04-11 21:55:56. 79123: E /samgraph/3rdparty/collcachelib/coll_cache_lib/freq_recorder.cc:337] bulk append 7445269 into 179142883
[2023-04-11 21:55:56.116925: E /samgraph/3rdparty/collcachelib/coll_cache_lib/freq_recorder.cc:347] bulk append 59101958
[2023-04-11 21:55:56.119274: E /samgraph/3rdparty/collcachelib/coll_cache_lib/freq_recorder.cc:337] bulk append 7449618 into 186588152
[2023-04-11 21:55:56.157106: E /samgraph/3rdparty/collcachelib/coll_cache_lib/freq_recorder.cc:347] bulk append 59220500
[2023-04-11 21:55:56.159474: E /samgraph/3rdparty/collcachelib/coll_cache_lib/freq_recorder.cc:337] bulk append 7445503 into 194037770
[2023-04-11 21:55:56.198290: E /samgraph/3rdparty/collcachelib/coll_cache_lib/freq_recorder.cc:347] bulk append 59154501
[2023-04-11 21:55:56.202333: E /samgraph/3rdparty/collcachelib/coll_cache_lib/freq_recorder.cc:337] bulk append 7448817 into 201483273
[2023-04-11 21:55:56.241847: E /samgraph/3rdparty/collcachelib/coll_cache_lib/freq_recorder.cc:347] bulk append 59192079
[2023-04-11 21:55:56.244221: E /samgraph/3rdparty/collcachelib/coll_cache_lib/freq_recorder.cc:337] bulk append 7444203 into 208932090
[2023-04-11 21:55:56.292174: E /samgraph/3rdparty/collcachelib/coll_cache_lib/freq_recorder.cc:347] bulk append 59130361
[2023-04-11 21:55:56.294533: E /samgraph/3rdparty/collcachelib/coll_cache_lib/freq_recorder.cc:337] bulk append 7447988 into 216376293
[2023-04-11 21:55:56.334114: E /samgraph/3rdparty/collcachelib/coll_cache_lib/freq_recorder.cc:347] bulk append 59196537
[2023-04-11 21:55:56.336490: E /samgraph/3rdparty/collcachelib/coll_cache_lib/freq_recorder.cc:337] bulk append 7608092 into 223824281
[2023-04-11 21:55:56.375083: E /samgraph/3rdparty/collcachelib/coll_cache_lib/freq_recorder.cc:347] bulk append 54546508
[2023-04-11 21:55:56.377416: E /samgraph/3rdparty/collcachelib/coll_cache_lib/freq_recorder.cc:337] bulk append 7606878 into 231432373
[2023-04-11 21:55:56.415978: E /samgraph/3rdparty/collcachelib/coll_cache_lib/freq_recorder.cc:347] bulk append 54632537
[2023-04-11 21:55:56.418298: E /samgraph/3rdparty/collcachelib/coll_cache_lib/freq_recorder.cc:337] bulk append 7606460 into 239039251
[2023-04-11 21:55:56.456860: E /samgraph/3rdparty/collcachelib/coll_cache_lib/freq_recorder.cc:347] bulk append 54596156
[2023-04-11 21:55:56.459194: E /samgraph/3rdparty/collcachelib/coll_cache_lib/freq_recorder.cc:337] bulk append 7608029 into 246645711
[2023-04-11 21:55:56.497754: E /samgraph/3rdparty/collcachelib/coll_cache_lib/freq_recorder.cc:347] bulk append 54625992
[2023-04-11 21:55:56.500093: E /samgraph/3rdparty/collcachelib/coll_cache_lib/freq_recorder.cc:337] bulk append 7606542 into 254253740
[2023-04-11 21:55:56.538647: E /samgraph/3rdparty/collcachelib/coll_cache_lib/freq_recorder.cc:347] bulk append 54552394
[2023-04-11 21:55:56.540980: E /samgraph/3rdparty/collcachelib/coll_cache_lib/freq_recorder.cc:337] bulk append 7609026 into 261860282
[2023-04-11 21:55:56.579550: E /samgraph/3rdparty/collcachelib/coll_cache_lib/freq_recorder.cc:347] bulk append 54634237
[2023-04-11 21:55:56.581883: E /samgraph/3rdparty/collcachelib/coll_cache_lib/freq_recorder.cc:337] bulk append 7606892 into 269469308
[2023-04-11 21:55:56.620437: E /samgraph/3rdparty/collcachelib/coll_cache_lib/freq_recorder.cc:347] bulk append 54587014
[2023-04-11 21:55:56.622776: E /samgraph/3rdparty/collcachelib/coll_cache_lib/freq_recorder.cc:337] bulk append 7606377 into 277076200
[2023-04-11 21:55:56.661293: E /samgraph/3rdparty/collcachelib/coll_cache_lib/freq_recorder.cc:347] bulk append 54602321
[2023-04-11 21:55:56.663631: E /samgraph/3rdparty/collcachelib/coll_cache_lib/freq_recorder.cc:337] bulk append 7605897 into 284682577
[2023-04-11 21:55:56.703388: E /samgraph/3rdparty/collcachelib/coll_cache_lib/freq_recorder.cc:347] bulk append 54550700
[2023-04-11 21:55:56.707379: E /samgraph/3rdparty/collcachelib/coll_cache_lib/freq_recorder.cc:337] bulk append 7609861 into 292288474
[2023-04-11 21:55:56.745957: E /samgraph/3rdparty/collcachelib/coll_cache_lib/freq_recorder.cc:347] bulk append 54605748
[2023-04-11 21:55:56.748309: E /samgraph/3rdparty/collcachelib/coll_cache_lib/freq_recorder.cc:266] freq recorder global combining
[2023-04-11 21:55:56.748346: [E[2023-04-11 21:55:56 2023-04-11 21:55:56./samgraph/3rdparty/collcachelib/coll_cache_lib/facade.cc.748348:748351: 409: E] E before scale, dtype is 0, dim is 128 /samgraph/3rdparty/collcachelib/coll_cache_lib/facade.cc
/samgraph/3rdparty/collcachelib/coll_cache_lib/facade.cc::[4094092023-04-11 21:55:56] ] .before scale, dtype is 0, dim is 128before scale, dtype is 0, dim is 128748444

: [E2023-04-11 21:55:56 [./samgraph/3rdparty/collcachelib/coll_cache_lib/facade.cc2023-04-11 21:55:56748508:.: 415748513E] :  after scale, dtype is 7, new dim is 32E/samgraph/3rdparty/collcachelib/coll_cache_lib/facade.cc
 :/samgraph/3rdparty/collcachelib/coll_cache_lib/facade.cc415:] 415after scale, dtype is 7, new dim is 32] 
after scale, dtype is 7, new dim is 32
[2023-04-11 21:55:56.749467: E /samgraph/3rdparty/collcachelib/coll_cache_lib/coll_cache/asymm_link_desc.cc:201[] 2023-04-11 21:55:56assigning 0 to cpu.
749488: E /samgraph/3rdparty/collcachelib/coll_cache_lib/coll_cache/asymm_link_desc.cc:201] [assigning 0 to cpu2023-04-11 21:55:56
[.2023-04-11 21:55:56749515.: 749521[E: 2023-04-11 21:55:56 E./samgraph/3rdparty/collcachelib/coll_cache_lib/coll_cache/asymm_link_desc.cc 749549:/samgraph/3rdparty/collcachelib/coll_cache_lib/coll_cache/asymm_link_desc.cc: 201:E] 218 assigning 0 to cpu] /samgraph/3rdparty/collcachelib/coll_cache_lib/coll_cache/asymm_link_desc.cc
build symm link desc with 4X Tesla V100-SXM2-16GB out of 4:
218] build symm link desc with 4X Tesla V100-SXM2-16GB out of 4
[[[2023-04-11 21:55:562023-04-11 21:55:562023-04-11 21:55:56...749661749665749658: : : EEE   /samgraph/3rdparty/collcachelib/coll_cache_lib/coll_cache/asymm_link_desc.cc/samgraph/3rdparty/collcachelib/coll_cache_lib/coll_cache/asymm_link_desc.cc/samgraph/3rdparty/collcachelib/coll_cache_lib/coll_cache/asymm_link_desc.cc:::219219218] ] ] remote time is 9.21053remote time is 9.21053build symm link desc with 4X Tesla V100-SXM2-16GB out of 4


[2023-04-11 21:55:56[.2023-04-11 21:55:56749799.: [749802E2023-04-11 21:55:56:  .E/samgraph/3rdparty/collcachelib/coll_cache_lib/coll_cache/asymm_link_desc.cc749812 :: /samgraph/3rdparty/collcachelib/coll_cache_lib/coll_cache/asymm_link_desc.cc220E:]  220cpu time is 31.8182/samgraph/3rdparty/collcachelib/coll_cache_lib/coll_cache/asymm_link_desc.cc] 
:cpu time is 31.8182219
] remote time is 9.21053[
2023-04-11 21:55:56.[749914[2023-04-11 21:55:56: 2023-04-11 21:55:56.E.749928 749934: /samgraph/3rdparty/collcachelib/coll_cache_lib/facade.cc: E:E 425 /samgraph/3rdparty/collcachelib/coll_cache_lib/facade.cc] /samgraph/3rdparty/collcachelib/coll_cache_lib/coll_cache/asymm_link_desc.cc:registering cpu data with 8.00 GB:425
220] ] registering cpu data with 8.00 GBcpu time is 31.8182

[2023-04-11 21:55:56.750070: E /samgraph/3rdparty/collcachelib/coll_cache_lib/facade.cc:425] registering cpu data with 8.00 GB
[2023-04-11 21:55:58. 42285: E /samgraph/3rdparty/collcachelib/coll_cache_lib/facade.cc:427] registering cpu data done.
[2023-04-11 21:55:58. 42807: E /samgraph/3rdparty/collcachelib/coll_cache_lib/facade.cc:427] registering cpu data done.
[2023-04-11 21:55:58. 48486: E /samgraph/3rdparty/collcachelib/coll_cache_lib/facade.cc:427] registering cpu data done.
[2023-04-11 21:56:08.461437: E /samgraph/3rdparty/collcachelib/coll_cache_lib/freq_recorder.cc:269] freq recorder global combine from 299898335 to 96373946
[2023-04-11 21:56:19.902697: E /samgraph/3rdparty/collcachelib/coll_cache_lib/freq_recorder.cc:286] top 5 freq is 2000,2000,2000,2000,2000
[2023-04-11 21:56:19.902882: E /samgraph/3rdparty/collcachelib/coll_cache_lib/facade.cc:409] before scale, dtype is 0, dim is 128
[2023-04-11 21:56:19.902917: E /samgraph/3rdparty/collcachelib/coll_cache_lib/facade.cc:415] after scale, dtype is 7, new dim is 32
[2023-04-11 21:56:19.903290: E /samgraph/3rdparty/collcachelib/coll_cache_lib/coll_cache/asymm_link_desc.cc:201] assigning 0 to cpu
[2023-04-11 21:56:19.903349: E /samgraph/3rdparty/collcachelib/coll_cache_lib/coll_cache/asymm_link_desc.cc:218] build symm link desc with 4X Tesla V100-SXM2-16GB out of 4
[2023-04-11 21:56:19.903402: E /samgraph/3rdparty/collcachelib/coll_cache_lib/coll_cache/asymm_link_desc.cc:219] remote time is 9.21053
[2023-04-11 21:56:19.903438: E /samgraph/3rdparty/collcachelib/coll_cache_lib/coll_cache/asymm_link_desc.cc:220] cpu time is 31.8182
[2023-04-11 21:56:19.903500: E /samgraph/3rdparty/collcachelib/coll_cache_lib/facade.cc:425] registering cpu data with 8.00 GB
[2023-04-11 21:56:20.612156: E /samgraph/3rdparty/collcachelib/coll_cache_lib/facade.cc:427] registering cpu data done.
[2023-04-11 21:56:20.612244: E /samgraph/3rdparty/collcachelib/coll_cache_lib/facade.cc:174] creating solver
[2023-04-11 21:56:20.612272: E /samgraph/3rdparty/collcachelib/coll_cache_lib/facade.cc:214] solver created. now build & solve
[2023-04-11 21:56:21.314950: E /samgraph/3rdparty/collcachelib/coll_cache_lib/facade.cc:218] solver built. now solve
[2023-04-11 21:56:21.315061: E /samgraph/3rdparty/collcachelib/coll_cache_lib/coll_cache/optimal_solver_class.cc:1432] num_cached_nodes = 6663597
[2023-04-11 21:56:21.624031: E /samgraph/3rdparty/collcachelib/coll_cache_lib/facade.cc:222] solver solved
[2023-04-11 21:56:21.626581: E /samgraph/3rdparty/collcachelib/coll_cache_lib/facade.cc:437] 0 solved master
[2023-04-11 21:56:21.626636: E /samgraph/3rdparty/collcachelib/coll_cache_lib/facade.cc:444] 0 solved
[2023-04-11 21:56:21.626670: E /samgraph/3rdparty/collcachelib/coll_cache_lib/facade.cc:447] worker 0 thread 0 initing device 0
[2023-04-11 21:56:21.627593: E /samgraph/3rdparty/collcachelib/coll_cache_lib/cache_context.cu:2308] Building Coll Cache with ... num gpu device is 4
[2023-04-11 21:56:21.628260: E /samgraph/3rdparty/collcachelib/coll_cache_lib/cuda/cache_hashtable.cuh:611] per src size local is 7330056
[2023-04-11 21:56:21.647226: E /samgraph/3rdparty/collcachelib/coll_cache_lib/facade.cc:444] 3 solved
[2023-04-11 21:56:21.647313: E /samgraph/3rdparty/collcachelib/coll_cache_lib/facade.cc:447] worker 0 thread 3 initing device 3
[2023-04-11 21:56:21.647703: E /samgraph/3rdparty/collcachelib/coll_cache_lib/facade.cc:444] 1 solved
[2023-04-11 21:56:21.647825: E /samgraph/3rdparty/collcachelib/coll_cache_lib/facade.cc:447] worker 0 thread 1 initing device 1
[2023-04-11 21:56:21.647951: E /samgraph/3rdparty/collcachelib/coll_cache_lib/cache_context.cu:2308] Building Coll Cache with ... num gpu device is 4
[2023-04-11 21:56:21.648589: E /samgraph/3rdparty/collcachelib/coll_cache_lib/cache_context.cu:2308] Building Coll Cache with ... num gpu device is 4
[2023-04-11 21:56:21.662800: E /samgraph/3rdparty/collcachelib/coll_cache_lib/facade.cc:444] 2 solved
[2023-04-11 21:56:21.662957: E /samgraph/3rdparty/collcachelib/coll_cache_lib/facade.cc:447] worker 0 thread 2 initing device 2
[2023-04-11 21:56:21.664064: E /samgraph/3rdparty/collcachelib/coll_cache_lib/cache_context.cu:2308] Building Coll Cache with ... num gpu device is 4
[2023-04-11 21:56:21.683240: E /samgraph/3rdparty/collcachelib/coll_cache_lib/common.cc:261] making a tensor with 0 num item
[2023-04-11 21:56:21.683337: E /samgraph/3rdparty/collcachelib/coll_cache_lib/cache_context.cu:2350] num cpu nodes is 104396359
[2023-04-11 21:56:21.696973: E /samgraph/3rdparty/collcachelib/coll_cache_lib/common.cc:261] making a tensor with 0 num item
[2023-04-11 21:56:21.697050: E /samgraph/3rdparty/collcachelib/coll_cache_lib/cache_context.cu:2350] num cpu nodes is 104396359
[2023-04-11 21:56:21.698957: E /samgraph/3rdparty/collcachelib/coll_cache_lib/common.cc:261] making a tensor with 0 num item
[2023-04-11 21:56:21.699037: E /samgraph/3rdparty/collcachelib/coll_cache_lib/cache_context.cu:2350] num cpu nodes is 104396359
[2023-04-11 21:56:21.708556: E /samgraph/3rdparty/collcachelib/coll_cache_lib/common.cc:261] making a tensor with 0 num item
[2023-04-11 21:56:21.708607: E /samgraph/3rdparty/collcachelib/coll_cache_lib/cache_context.cu:2350] num cpu nodes is 104396359
[2023-04-11 21:56:21.972115: E /samgraph/3rdparty/collcachelib/coll_cache_lib/cuda/cache_hashtable.cu:355] create a hashtable with 6663597 possible elem, scale to 16777216
[2023-04-11 21:56:21.972189: E /samgraph/3rdparty/collcachelib/coll_cache_lib/cuda/cache_hashtable.cu:360] SimpleHashTable allocating 128.00 MB
[2023-04-11 21:56:21.987437: E /samgraph/3rdparty/collcachelib/coll_cache_lib/cuda/cache_hashtable.cu:355] create a hashtable with 6663597 possible elem, scale to 16777216
[2023-04-11 21:56:21.987506: E /samgraph/3rdparty/collcachelib/coll_cache_lib/cuda/cache_hashtable.cu:360] SimpleHashTable allocating 128.00 MB
[2023-04-11 21:56:21.989658: E /samgraph/3rdparty/collcachelib/coll_cache_lib/cuda/cache_hashtable.cu:355] create a hashtable with 6663597 possible elem, scale to 16777216
[2023-04-11 21:56:21.989712: E /samgraph/3rdparty/collcachelib/coll_cache_lib/cuda/cache_hashtable.cu:360] SimpleHashTable allocating 128.00 MB
[2023-04-11 21:56:21.993266: E /samgraph/3rdparty/collcachelib/coll_cache_lib/cuda/cache_hashtable.cu:355] create a hashtable with 6663597 possible elem, scale to 16777216
[2023-04-11 21:56:21.993319: E /samgraph/3rdparty/collcachelib/coll_cache_lib/cuda/cache_hashtable.cu:360] SimpleHashTable allocating 128.00 MB
[2023-04-11 21:56:22.  7547: E /samgraph/3rdparty/collcachelib/coll_cache_lib/common.cc:107] too many mem allocated for forcescale?6774657->111060
[2023-04-11 21:56:22.  7686: E /samgraph/3rdparty/collcachelib/coll_cache_lib/common.cc:[1072023-04-11 21:56:22] .too many mem allocated for forcescale?6774657->111060  7711
: E /samgraph/3rdparty/collcachelib/coll_cache_lib/common.cc:107] too many mem allocated for forcescale?6774657->111060
[2023-04-11 21:56:22.  7754: E /samgraph/3rdparty/collcachelib/coll_cache_lib/common.cc:107] too many mem allocated for forcescale?6774657->111060
[2023-04-11 21:56:22. 25511: E /samgraph/3rdparty/collcachelib/coll_cache_lib/cache_context.cu:2427] Asymm Coll cache (policy: rep_cache) | local 6663597 / 111059956 nodes ( 6.00 %~6.00 %) | remote 0 / 111059956 nodes ( 0.00 %) | cpu 104396359 / 111059956 nodes ( 94.00 %) | 3.23 GB | 0.376885 secs 
[2023-04-11 21:56:22. 57916: E /samgraph/3rdparty/collcachelib/coll_cache_lib/cache_context.cu:2427] Asymm Coll cache (policy: rep_cache) | local 6663597 / 111059956 nodes ( 6.00 %~6.00 %) | remote 0 / 111059956 nodes ( 0.00 %) | cpu 104396359 / 111059956 nodes ( 94.00 %) | 3.23 GB | 0.409925 secs 
[2023-04-11 21:56:22. 58545: E /samgraph/3rdparty/collcachelib/coll_cache_lib/cache_context.cu:2427] Asymm Coll cache (policy: rep_cache) | local 6663597 / 111059956 nodes ( 6.00 %~6.00 %) | remote 0 / 111059956 nodes ( 0.00 %) | cpu 104396359 / 111059956 nodes ( 94.00 %) | 3.23 GB | 0.430913 secs 
[2023-04-11 21:56:22. 59174: E /samgraph/3rdparty/collcachelib/coll_cache_lib/cache_context.cu:2427] Asymm Coll cache (policy: rep_cache) | local 6663597 / 111059956 nodes ( 6.00 %~6.00 %) | remote 0 / 111059956 nodes ( 0.00 %) | cpu 104396359 / 111059956 nodes ( 94.00 %) | 3.23 GB | 0.395052 secs 
/usr/local/lib/python3.8/dist-packages/torch/nn/parallel/scatter_gather.py:9: UserWarning: is_namedtuple is deprecated, please use the python checks instead
  warnings.warn("is_namedtuple is deprecated, please use the python checks instead")
/usr/local/lib/python3.8/dist-packages/torch/nn/parallel/scatter_gather.py:9: UserWarning: is_namedtuple is deprecated, please use the python checks instead
  warnings.warn("is_namedtuple is deprecated, please use the python checks instead")
/usr/local/lib/python3.8/dist-packages/torch/nn/parallel/scatter_gather.py:9: UserWarning: is_namedtuple is deprecated, please use the python checks instead
  warnings.warn("is_namedtuple is deprecated, please use the python checks instead")
/usr/local/lib/python3.8/dist-packages/torch/nn/parallel/scatter_gather.py:9: UserWarning: is_namedtuple is deprecated, please use the python checks instead
  warnings.warn("is_namedtuple is deprecated, please use the python checks instead")
