/usr/lib/python3/dist-packages/requests/__init__.py:89: RequestsDependencyWarning: urllib3 (1.26.12) or chardet (3.0.4) doesn't match a supported version!
  warnings.warn("urllib3 ({}) or chardet ({}) doesn't match a supported "
Rank=1 done reading 61040125 embedding vectors from file /nvme/songxiaoniu/graph-learning/wholegraph/mag240m_homo/converted/homograph_csr_row_ptr
Rank=2 done reading 61040125 embedding vectors from file /nvme/songxiaoniu/graph-learning/wholegraph/mag240m_homo/converted/homograph_csr_row_ptr
Rank=3 done reading 61040125 embedding vectors from file /nvme/songxiaoniu/graph-learning/wholegraph/mag240m_homo/converted/homograph_csr_row_ptr
Rank=0 done reading 61040125 embedding vectors from file /nvme/songxiaoniu/graph-learning/wholegraph/mag240m_homo/converted/homograph_csr_row_ptr
Rank=1 done reading 863617956 embedding vectors from file /nvme/songxiaoniu/graph-learning/wholegraph/mag240m_homo/converted/homograph_csr_col_idx
Rank=3 done reading 863617956 embedding vectors from file /nvme/songxiaoniu/graph-learning/wholegraph/mag240m_homo/converted/homograph_csr_col_idx
Rank=0 done reading 863617956 embedding vectors from file /nvme/songxiaoniu/graph-learning/wholegraph/mag240m_homo/converted/homograph_csr_col_idx
Rank=2 done reading 863617956 embedding vectors from file /nvme/songxiaoniu/graph-learning/wholegraph/mag240m_homo/converted/homograph_csr_col_idx
[2023-04-12 06:10:50.995019: E /samgraph/3rdparty/collcachelib/coll_cache_lib/freq_recorder.cc:337] bulk append 6206305 into 0
[2023-04-12 06:10:51. 24672: E /samgraph/3rdparty/collcachelib/coll_cache_lib/freq_recorder.cc:347] bulk append 25496968
[2023-04-12 06:10:51. 25866: E /samgraph/3rdparty/collcachelib/coll_cache_lib/freq_recorder.cc:337] bulk append 6207234 into 6206305
[2023-04-12 06:10:51. 55483: E /samgraph/3rdparty/collcachelib/coll_cache_lib/freq_recorder.cc:347] bulk append 25515681
[2023-04-12 06:10:51. 56663: E /samgraph/3rdparty/collcachelib/coll_cache_lib/freq_recorder.cc:337] bulk append 6206570 into 12413539
[2023-04-12 06:10:51. 86244: E /samgraph/3rdparty/collcachelib/coll_cache_lib/freq_recorder.cc:347] bulk append 25513552
[2023-04-12 06:10:51. 87427: E /samgraph/3rdparty/collcachelib/coll_cache_lib/freq_recorder.cc:337] bulk append 6206937 into 18620109
[2023-04-12 06:10:51.117040: E /samgraph/3rdparty/collcachelib/coll_cache_lib/freq_recorder.cc:347] bulk append 25492956
[2023-04-12 06:10:51.118231: E /samgraph/3rdparty/collcachelib/coll_cache_lib/freq_recorder.cc:337] bulk append 6205520 into 24827046
[2023-04-12 06:10:51.147820: E /samgraph/3rdparty/collcachelib/coll_cache_lib/freq_recorder.cc:347] bulk append 25509694
[2023-04-12 06:10:51.149008: E /samgraph/3rdparty/collcachelib/coll_cache_lib/freq_recorder.cc:337] bulk append 6207927 into 31032566
[2023-04-12 06:10:51.178607: E /samgraph/3rdparty/collcachelib/coll_cache_lib/freq_recorder.cc:347] bulk append 25524435
[2023-04-12 06:10:51.179780: E /samgraph/3rdparty/collcachelib/coll_cache_lib/freq_recorder.cc:337] bulk append 6201637 into 37240493
[2023-04-12 06:10:51.209341: E /samgraph/3rdparty/collcachelib/coll_cache_lib/freq_recorder.cc:347] bulk append 25486184
[2023-04-12 06:10:51.210523: E /samgraph/3rdparty/collcachelib/coll_cache_lib/freq_recorder.cc:337] bulk append 6204873 into 43442130
[2023-04-12 06:10:51.240081: E /samgraph/3rdparty/collcachelib/coll_cache_lib/freq_recorder.cc:347] bulk append 25497635
[2023-04-12 06:10:51.241255: E /samgraph/3rdparty/collcachelib/coll_cache_lib/freq_recorder.cc:337] bulk append 6205425 into 49647003
[2023-04-12 06:10:51.270838: E /samgraph/3rdparty/collcachelib/coll_cache_lib/freq_recorder.cc:347] bulk append 25501290
[2023-04-12 06:10:51.272015: E /samgraph/3rdparty/collcachelib/coll_cache_lib/freq_recorder.cc:337] bulk append 6207287 into 55852428
[2023-04-12 06:10:51.301601: E /samgraph/3rdparty/collcachelib/coll_cache_lib/freq_recorder.cc:347] bulk append 25528244
[2023-04-12 06:10:51.676485: E /samgraph/3rdparty/collcachelib/coll_cache_lib/freq_recorder.cc:337] bulk append 6212100 into 62059715
[2023-04-12 06:10:51.706528: E /samgraph/3rdparty/collcachelib/coll_cache_lib/freq_recorder.cc:347] bulk append 25503999
[2023-04-12 06:10:51.708565: E /samgraph/3rdparty/collcachelib/coll_cache_lib/freq_recorder.cc:337] bulk append 6210208 into 68271815
[2023-04-12 06:10:51.738525: E /samgraph/3rdparty/collcachelib/coll_cache_lib/freq_recorder.cc:347] bulk append 25520865
[2023-04-12 06:10:51.740530: E /samgraph/3rdparty/collcachelib/coll_cache_lib/freq_recorder.cc:337] bulk append 6210047 into 74482023
[2023-04-12 06:10:51.770434: E /samgraph/3rdparty/collcachelib/coll_cache_lib/freq_recorder.cc:347] bulk append 25515561
[2023-04-12 06:10:51.772475: E /samgraph/3rdparty/collcachelib/coll_cache_lib/freq_recorder.cc:337] bulk append 6206861 into 80692070
[2023-04-12 06:10:51.802367: E /samgraph/3rdparty/collcachelib/coll_cache_lib/freq_recorder.cc:347] bulk append 25506685
[2023-04-12 06:10:51.804407: E /samgraph/3rdparty/collcachelib/coll_cache_lib/freq_recorder.cc:337] bulk append 6209642 into 86898931
[2023-04-12 06:10:51.834361: E /samgraph/3rdparty/collcachelib/coll_cache_lib/freq_recorder.cc:347] bulk append 25518236
[2023-04-12 06:10:51.836388: E /samgraph/3rdparty/collcachelib/coll_cache_lib/freq_recorder.cc:337] bulk append 6212567 into 93108573
[2023-04-12 06:10:51.866352: E /samgraph/3rdparty/collcachelib/coll_cache_lib/freq_recorder.cc:347] bulk append 25543857
[2023-04-12 06:10:51.868367: E /samgraph/3rdparty/collcachelib/coll_cache_lib/freq_recorder.cc:337] bulk append 6207833 into 99321140
[2023-04-12 06:10:51.898312: E /samgraph/3rdparty/collcachelib/coll_cache_lib/freq_recorder.cc:347] bulk append 25506116
[2023-04-12 06:10:51.900331: E /samgraph/3rdparty/collcachelib/coll_cache_lib/freq_recorder.cc:337] bulk append 6207791 into 105528973
[2023-04-12 06:10:51.930288: E /samgraph/3rdparty/collcachelib/coll_cache_lib/freq_recorder.cc:347] bulk append 25502646
[2023-04-12 06:10:51.932308: E /samgraph/3rdparty/collcachelib/coll_cache_lib/freq_recorder.cc:337] bulk append 6209031 into 111736764
[2023-04-12 06:10:51.964548: E /samgraph/3rdparty/collcachelib/coll_cache_lib/freq_recorder.cc:347] bulk append 25490361
[2023-04-12 06:10:51.966582: E /samgraph/3rdparty/collcachelib/coll_cache_lib/freq_recorder.cc:337] bulk append 6209157 into 117945795
[2023-04-12 06:10:51.996471: E /samgraph/3rdparty/collcachelib/coll_cache_lib/freq_recorder.cc:347] bulk append 25537400
[2023-04-12 06:10:51.998510: E /samgraph/3rdparty/collcachelib/coll_cache_lib/freq_recorder.cc:337] bulk append 6209325 into 124154952
[2023-04-12 06:10:52. 28470: E /samgraph/3rdparty/collcachelib/coll_cache_lib/freq_recorder.cc:347] bulk append 25504937
[2023-04-12 06:10:52. 30533: E /samgraph/3rdparty/collcachelib/coll_cache_lib/freq_recorder.cc:337] bulk append 6210752 into 130364277
[2023-04-12 06:10:52. 60414: E /samgraph/3rdparty/collcachelib/coll_cache_lib/freq_recorder.cc:347] bulk append 25519898
[2023-04-12 06:10:52. 62383: E /samgraph/3rdparty/collcachelib/coll_cache_lib/freq_recorder.cc:337] bulk append 6209215 into 136575029
[2023-04-12 06:10:52. 92279: E /samgraph/3rdparty/collcachelib/coll_cache_lib/freq_recorder.cc:347] bulk append 25512437
[2023-04-12 06:10:52. 94251: E /samgraph/3rdparty/collcachelib/coll_cache_lib/freq_recorder.cc:337] bulk append 6212270 into 142784244
[2023-04-12 06:10:52.124160: E /samgraph/3rdparty/collcachelib/coll_cache_lib/freq_recorder.cc:347] bulk append 25502005
[2023-04-12 06:10:52.126122: E /samgraph/3rdparty/collcachelib/coll_cache_lib/freq_recorder.cc:337] bulk append 6207130 into 148996514
[2023-04-12 06:10:52.155947: E /samgraph/3rdparty/collcachelib/coll_cache_lib/freq_recorder.cc:347] bulk append 25503085
[2023-04-12 06:10:52.157978: E /samgraph/3rdparty/collcachelib/coll_cache_lib/freq_recorder.cc:337] bulk append 6210417 into 155203644
[2023-04-12 06:10:52.187892: E /samgraph/3rdparty/collcachelib/coll_cache_lib/freq_recorder.cc:347] bulk append 25532566
[2023-04-12 06:10:52.189867: E /samgraph/3rdparty/collcachelib/coll_cache_lib/freq_recorder.cc:337] bulk append 6206336 into 161414061
[2023-04-12 06:10:52.219751: E /samgraph/3rdparty/collcachelib/coll_cache_lib/freq_recorder.cc:347] bulk append 25496840
[2023-04-12 06:10:52.221732: E /samgraph/3rdparty/collcachelib/coll_cache_lib/freq_recorder.cc:337] bulk append 6208205 into 167620397
[2023-04-12 06:10:52.251614: E /samgraph/3rdparty/collcachelib/coll_cache_lib/freq_recorder.cc:347] bulk append 25508474
[2023-04-12 06:10:52.253587: E /samgraph/3rdparty/collcachelib/coll_cache_lib/freq_recorder.cc:337] bulk append 6206125 into 173828602
[2023-04-12 06:10:52.283430: E /samgraph/3rdparty/collcachelib/coll_cache_lib/freq_recorder.cc:347] bulk append 25496204
[2023-04-12 06:10:52.285477: E /samgraph/3rdparty/collcachelib/coll_cache_lib/freq_recorder.cc:337] bulk append 6211323 into 180034727
[2023-04-12 06:10:52.315379: E /samgraph/3rdparty/collcachelib/coll_cache_lib/freq_recorder.cc:347] bulk append 25532892
[2023-04-12 06:10:52.317357: E /samgraph/3rdparty/collcachelib/coll_cache_lib/freq_recorder.cc:337] bulk append 6133485 into 186246050
[2023-04-12 06:10:52.346932: E /samgraph/3rdparty/collcachelib/coll_cache_lib/freq_recorder.cc:347] bulk append 20153836
[2023-04-12 06:10:52.348945: E /samgraph/3rdparty/collcachelib/coll_cache_lib/freq_recorder.cc:337] bulk append 6129338 into 192379535
[2023-04-12 06:10:52.378418: E /samgraph/3rdparty/collcachelib/coll_cache_lib/freq_recorder.cc:347] bulk append 20170412
[2023-04-12 06:10:52.380445: E /samgraph/3rdparty/collcachelib/coll_cache_lib/freq_recorder.cc:337] bulk append 6129329 into 198508873
[2023-04-12 06:10:52.409927: E /samgraph/3rdparty/collcachelib/coll_cache_lib/freq_recorder.cc:347] bulk append 20159064
[2023-04-12 06:10:52.411948: E /samgraph/3rdparty/collcachelib/coll_cache_lib/freq_recorder.cc:337] bulk append 6129801 into 204638202
[2023-04-12 06:10:52.441433: E /samgraph/3rdparty/collcachelib/coll_cache_lib/freq_recorder.cc:347] bulk append 20166795
[2023-04-12 06:10:52.443454: E /samgraph/3rdparty/collcachelib/coll_cache_lib/freq_recorder.cc:337] bulk append 6131082 into 210768003
[2023-04-12 06:10:52.472918: E /samgraph/3rdparty/collcachelib/coll_cache_lib/freq_recorder.cc:347] bulk append 20171725
[2023-04-12 06:10:52.474939: E /samgraph/3rdparty/collcachelib/coll_cache_lib/freq_recorder.cc:337] bulk append 6128719 into 216899085
[2023-04-12 06:10:52.504421: E /samgraph/3rdparty/collcachelib/coll_cache_lib/freq_recorder.cc:347] bulk append 20168866
[2023-04-12 06:10:52.506434: E /samgraph/3rdparty/collcachelib/coll_cache_lib/freq_recorder.cc:337] bulk append 6126970 into 223027804
[2023-04-12 06:10:52.535911: E /samgraph/3rdparty/collcachelib/coll_cache_lib/freq_recorder.cc:347] bulk append 20151279
[2023-04-12 06:10:52.537935: E /samgraph/3rdparty/collcachelib/coll_cache_lib/freq_recorder.cc:337] bulk append 6128190 into 229154774
[2023-04-12 06:10:52.567493: E /samgraph/3rdparty/collcachelib/coll_cache_lib/freq_recorder.cc:347] bulk append 20175400
[2023-04-12 06:10:52.569510: E /samgraph/3rdparty/collcachelib/coll_cache_lib/freq_recorder.cc:337] bulk append 6130628 into 235282964
[2023-04-12 06:10:52.599094: E /samgraph/3rdparty/collcachelib/coll_cache_lib/freq_recorder.cc:347] bulk append 20163513
[2023-04-12 06:10:52.601114: E /samgraph/3rdparty/collcachelib/coll_cache_lib/freq_recorder.cc:337] bulk append 6131975 into 241413592
[2023-04-12 06:10:52.630712: E /samgraph/3rdparty/collcachelib/coll_cache_lib/freq_recorder.cc:347] bulk append 20186406
[2023-04-12 06:10:52.632731: E /samgraph/3rdparty/collcachelib/coll_cache_lib/freq_recorder.cc:[2662023-04-12 06:10:52[] [.2023-04-12 06:10:52freq recorder global combining2023-04-12 06:10:52632759.
.: 632764632765E: :  EE/samgraph/3rdparty/collcachelib/coll_cache_lib/facade.cc  :/samgraph/3rdparty/collcachelib/coll_cache_lib/facade.cc/samgraph/3rdparty/collcachelib/coll_cache_lib/facade.cc409::] 409409before scale, dtype is 0, dim is 384] ] 
before scale, dtype is 0, dim is 384before scale, dtype is 0, dim is 384

[2023-04-12 06:10:52[.[2023-04-12 06:10:526328692023-04-12 06:10:52.: .632875E632877:  : E/samgraph/3rdparty/collcachelib/coll_cache_lib/facade.ccE : /samgraph/3rdparty/collcachelib/coll_cache_lib/facade.cc415/samgraph/3rdparty/collcachelib/coll_cache_lib/facade.cc:] :415after scale, dtype is 7, new dim is 96415] 
] after scale, dtype is 7, new dim is 96after scale, dtype is 7, new dim is 96

[2023-04-12 06:10:52.633755: E /samgraph/3rdparty/collcachelib/coll_cache_lib/coll_cache/asymm_link_desc.cc:201] assigning 0 to cpu[
2023-04-12 06:10:52.633777: E /samgraph/3rdparty/collcachelib/coll_cache_lib/coll_cache/asymm_link_desc.cc:201] [assigning 0 to cpu2023-04-12 06:10:52
.633798[: 2023-04-12 06:10:52E. 633803/samgraph/3rdparty/collcachelib/coll_cache_lib/coll_cache/asymm_link_desc.cc: :E201[ ] 2023-04-12 06:10:52/samgraph/3rdparty/collcachelib/coll_cache_lib/coll_cache/asymm_link_desc.ccassigning 0 to cpu.:
633828218: ] Ebuild symm link desc with 4X Tesla V100-SXM2-16GB out of 4 
/samgraph/3rdparty/collcachelib/coll_cache_lib/coll_cache/asymm_link_desc.cc:218] [build symm link desc with 4X Tesla V100-SXM2-16GB out of 42023-04-12 06:10:52
[.2023-04-12 06:10:52633871.: 633882E[:  2023-04-12 06:10:52E/samgraph/3rdparty/collcachelib/coll_cache_lib/coll_cache/asymm_link_desc.cc. :633895/samgraph/3rdparty/collcachelib/coll_cache_lib/coll_cache/asymm_link_desc.cc218: :] E219build symm link desc with 4X Tesla V100-SXM2-16GB out of 4 ] 
/samgraph/3rdparty/collcachelib/coll_cache_lib/coll_cache/asymm_link_desc.ccremote time is 9.21053:
219] [remote time is 9.210532023-04-12 06:10:52[
.2023-04-12 06:10:52633949.[: 6339532023-04-12 06:10:52E: . E633966/samgraph/3rdparty/collcachelib/coll_cache_lib/coll_cache/asymm_link_desc.cc : :/samgraph/3rdparty/collcachelib/coll_cache_lib/coll_cache/asymm_link_desc.ccE219: ] 220/samgraph/3rdparty/collcachelib/coll_cache_lib/coll_cache/asymm_link_desc.ccremote time is 9.21053] :
cpu time is 31.8182220
] [cpu time is 31.81822023-04-12 06:10:52
.634023: E [/samgraph/3rdparty/collcachelib/coll_cache_lib/coll_cache/asymm_link_desc.cc2023-04-12 06:10:52:.[2206340372023-04-12 06:10:52] : .cpu time is 31.8182E634046
 : /samgraph/3rdparty/collcachelib/coll_cache_lib/facade.ccE: 425/samgraph/3rdparty/collcachelib/coll_cache_lib/facade.cc] :[registering cpu data with 24.00 GB4252023-04-12 06:10:52
] .registering cpu data with 24.00 GB634085
: E /samgraph/3rdparty/collcachelib/coll_cache_lib/facade.cc:425] registering cpu data with 24.00 GB
[2023-04-12 06:10:56.636046: E /samgraph/3rdparty/collcachelib/coll_cache_lib/facade.cc:427] registering cpu data done.
[2023-04-12 06:10:56.636885: E /samgraph/3rdparty/collcachelib/coll_cache_lib/facade.cc:427] registering cpu data done.
[2023-04-12 06:10:56.660462: E /samgraph/3rdparty/collcachelib/coll_cache_lib/facade.cc:427] registering cpu data done.
[2023-04-12 06:11:04.718374: E /samgraph/3rdparty/collcachelib/coll_cache_lib/freq_recorder.cc:269] freq recorder global combine from 247545567 to 101172259
[2023-04-12 06:11:16.702177: E /samgraph/3rdparty/collcachelib/coll_cache_lib/freq_recorder.cc:286] top 5 freq is 2000,2000,2000,2000,2000
[2023-04-12 06:11:16.702377: E /samgraph/3rdparty/collcachelib/coll_cache_lib/facade.cc:409] before scale, dtype is 0, dim is 384
[2023-04-12 06:11:16.702443: E /samgraph/3rdparty/collcachelib/coll_cache_lib/facade.cc:415] after scale, dtype is 7, new dim is 96
[2023-04-12 06:11:16.702983: E /samgraph/3rdparty/collcachelib/coll_cache_lib/coll_cache/asymm_link_desc.cc:201] assigning 0 to cpu
[2023-04-12 06:11:16.703070: E /samgraph/3rdparty/collcachelib/coll_cache_lib/coll_cache/asymm_link_desc.cc:218] build symm link desc with 4X Tesla V100-SXM2-16GB out of 4
[2023-04-12 06:11:16.703155: E /samgraph/3rdparty/collcachelib/coll_cache_lib/coll_cache/asymm_link_desc.cc:219] remote time is 9.21053
[2023-04-12 06:11:16.703218: E /samgraph/3rdparty/collcachelib/coll_cache_lib/coll_cache/asymm_link_desc.cc:220] cpu time is 31.8182
[2023-04-12 06:11:16.703314: E /samgraph/3rdparty/collcachelib/coll_cache_lib/facade.cc:425] registering cpu data with 24.00 GB
[2023-04-12 06:11:18.624876: E /samgraph/3rdparty/collcachelib/coll_cache_lib/facade.cc:427] registering cpu data done.
[2023-04-12 06:11:18.624968: E /samgraph/3rdparty/collcachelib/coll_cache_lib/facade.cc:174] creating solver
[2023-04-12 06:11:18.625008: E /samgraph/3rdparty/collcachelib/coll_cache_lib/facade.cc:214] solver created. now build & solve
[2023-04-12 06:11:19.994581: E /samgraph/3rdparty/collcachelib/coll_cache_lib/facade.cc:218] solver built. now solve
block 0 storage is 00000001
	access is	0	0	0	0	
block 1 storage is 00000010
	access is	1	1	1	1	
block 2 storage is 00000100
	access is	2	2	2	2	
block 3 storage is 00001000
	access is	3	3	3	3	
block 4 storage is 00000000
	access is	4	4	4	4	
[2023-04-12 06:11:20.437996: E /samgraph/3rdparty/collcachelib/coll_cache_lib/facade.cc:222] solver solved
[2023-04-12 06:11:20.442370: E /samgraph/3rdparty/collcachelib/coll_cache_lib/facade.cc:437] 0 solved master
[2023-04-12 06:11:20.442427: E /samgraph/3rdparty/collcachelib/coll_cache_lib/facade.cc:444] 0 solved
[2023-04-12 06:11:20.442460: E /samgraph/3rdparty/collcachelib/coll_cache_lib/facade.cc:447] worker 0 thread 0 initing device 0
[2023-04-12 06:11:20.444340: E /samgraph/3rdparty/collcachelib/coll_cache_lib/cache_context.cu:2308] Building Coll Cache with ... num gpu device is 4
[2023-04-12 06:11:20.445769: E /samgraph/3rdparty/collcachelib/coll_cache_lib/cuda/cache_hashtable.cuh:611] per src size local is 1611558
[2023-04-12 06:11:20.486846: E /samgraph/3rdparty/collcachelib/coll_cache_lib/facade.cc:444] 1 solved
[2023-04-12 06:11:20.486920: E /samgraph/3rdparty/collcachelib/coll_cache_lib/facade.cc:447] worker 0 thread 1 initing device 1
[2023-04-12 06:11:20.487428: E /samgraph/3rdparty/collcachelib/coll_cache_lib/cache_context.cu:2308] Building Coll Cache with ... num gpu device is 4
[2023-04-12 06:11:20.487994: E /samgraph/3rdparty/collcachelib/coll_cache_lib/facade.cc:444] 3 solved
[2023-04-12 06:11:20.488056: E /samgraph/3rdparty/collcachelib/coll_cache_lib/facade.cc:447] worker 0 thread 3 initing device 3
[2023-04-12 06:11:20.488357: E /samgraph/3rdparty/collcachelib/coll_cache_lib/facade.cc:444] 2 solved
[2023-04-12 06:11:20.488409: E /samgraph/3rdparty/collcachelib/coll_cache_lib/facade.cc:447] worker 0 thread 2 initing device 2
[2023-04-12 06:11:20.488550: E /samgraph/3rdparty/collcachelib/coll_cache_lib/cache_context.cu:2308] Building Coll Cache with ... num gpu device is 4
[2023-04-12 06:11:20.489349: E /samgraph/3rdparty/collcachelib/coll_cache_lib/cache_context.cu:2308] Building Coll Cache with ... num gpu device is 4
[2023-04-12 06:11:20.537496: E /samgraph/3rdparty/collcachelib/coll_cache_lib/cache_context.cu:2350] num cpu nodes is 238300651
[2023-04-12 06:11:20.581477: E /samgraph/3rdparty/collcachelib/coll_cache_lib/cache_context.cu:2350] num cpu nodes is 238300651
[2023-04-12 06:11:20.597905: E /samgraph/3rdparty/collcachelib/coll_cache_lib/cache_context.cu:2350] num cpu nodes is 238300651
[2023-04-12 06:11:20.604053: E /samgraph/3rdparty/collcachelib/coll_cache_lib/cache_context.cu:2350] num cpu nodes is 238300651
[2023-04-12 06:11:20.726295: E /samgraph/3rdparty/collcachelib/coll_cache_lib/cuda/cache_hashtable.cu:355] create a hashtable with 5859848 possible elem, scale to 16777216
[2023-04-12 06:11:20.726372: E /samgraph/3rdparty/collcachelib/coll_cache_lib/cuda/cache_hashtable.cu:360] SimpleHashTable allocating 128.00 MB
[2023-04-12 06:11:20.768441: E /samgraph/3rdparty/collcachelib/coll_cache_lib/cuda/cache_hashtable.cu:355] create a hashtable with 5859848 possible elem, scale to 16777216
[2023-04-12 06:11:20.768503: E /samgraph/3rdparty/collcachelib/coll_cache_lib/cuda/cache_hashtable.cu:360] SimpleHashTable allocating 128.00 MB
[2023-04-12 06:11:20.785197: E /samgraph/3rdparty/collcachelib/coll_cache_lib/cuda/cache_hashtable.cu:355] create a hashtable with 5859848 possible elem, scale to 16777216
[2023-04-12 06:11:20.785252: E /samgraph/3rdparty/collcachelib/coll_cache_lib/cuda/cache_hashtable.cu:360] SimpleHashTable allocating 128.00 MB
[2023-04-12 06:11:20.791300: E /samgraph/3rdparty/collcachelib/coll_cache_lib/cuda/cache_hashtable.cu:355] create a hashtable with 5859848 possible elem, scale to 16777216
[2023-04-12 06:11:20.791355: E /samgraph/3rdparty/collcachelib/coll_cache_lib/cuda/cache_hashtable.cu:360] SimpleHashTable allocating 128.00 MB
[2023-04-12 06:11:20.826478: E /samgraph/3rdparty/collcachelib/coll_cache_lib/common.cc:107] too many mem allocated for forcescale?1709123->244161
[2023-04-12 06:11:20.826623: E /samgraph/3rdparty/collcachelib/coll_cache_lib/common.cc:107] too many mem allocated for forcescale?1709123->244161
[2023-04-12 06:11:20.826943: E /samgraph/3rdparty/collcachelib/coll_cache_lib/common.cc:107] too many mem allocated for forcescale?1709123->244161
[2023-04-12 06:11:20.827053: E /samgraph/3rdparty/collcachelib/coll_cache_lib/common.cc:107] too many mem allocated for forcescale?1709123->244161
[2023-04-12 06:11:20.827918: E /samgraph/3rdparty/collcachelib/coll_cache_lib/cache_context.cu:2427] Asymm Coll cache (policy: clique_part) | local 1464962 / 244160499 nodes ( 0.60 %~0.60 %) | remote 4394886 / 244160499 nodes ( 1.80 %) | cpu 238300651 / 244160499 nodes ( 97.60 %) | 2.44 GB | 0.383523 secs 
[2023-04-12 06:11:20.862573: E /samgraph/3rdparty/collcachelib/coll_cache_lib/cache_context.cu:2427] Asymm Coll cache (policy: clique_part) | local 1464962 / 244160499 nodes ( 0.60 %~0.60 %) | remote 4394886 / 244160499 nodes ( 1.80 %) | cpu 238300651 / 244160499 nodes ( 97.60 %) | 2.44 GB | 0.375111 secs 
[2023-04-12 06:11:20.869822: E /samgraph/3rdparty/collcachelib/coll_cache_lib/cache_context.cu:2427] Asymm Coll cache (policy: clique_part) | local 1464962 / 244160499 nodes ( 0.60 %~0.60 %) | remote 4394886 / 244160499 nodes ( 1.80 %) | cpu 238300651 / 244160499 nodes ( 97.60 %) | 2.44 GB | 0.381237 secs 
[2023-04-12 06:11:20.870543: E /samgraph/3rdparty/collcachelib/coll_cache_lib/cache_context.cu:2427] Asymm Coll cache (policy: clique_part) | local 1464962 / 244160499 nodes ( 0.60 %~0.60 %) | remote 4394886 / 244160499 nodes ( 1.80 %) | cpu 238300651 / 244160499 nodes ( 97.60 %) | 2.44 GB | 0.381158 secs 
/usr/local/lib/python3.8/dist-packages/torch/nn/parallel/scatter_gather.py:9: UserWarning: is_namedtuple is deprecated, please use the python checks instead
  warnings.warn("is_namedtuple is deprecated, please use the python checks instead")
/usr/local/lib/python3.8/dist-packages/torch/nn/parallel/scatter_gather.py:9: UserWarning: is_namedtuple is deprecated, please use the python checks instead
  warnings.warn("is_namedtuple is deprecated, please use the python checks instead")
/usr/local/lib/python3.8/dist-packages/torch/nn/parallel/scatter_gather.py:9: UserWarning: is_namedtuple is deprecated, please use the python checks instead
  warnings.warn("is_namedtuple is deprecated, please use the python checks instead")
/usr/local/lib/python3.8/dist-packages/torch/nn/parallel/scatter_gather.py:9: UserWarning: is_namedtuple is deprecated, please use the python checks instead
  warnings.warn("is_namedtuple is deprecated, please use the python checks instead")
