succeed=True
[CUDA] cuda: usage: 5.54 GB
0 :  {link #0 : 1}, {link #1 : 2}, {link #2 : 3},
1 :  {link #0 : 2}, {link #1 : 3}, {link #2 : 0},
2 :  {link #0 : 3}, {link #1 : 0}, {link #2 : 1},
3 :  {link #0 : 0}, {link #1 : 1}, {link #2 : 2},
0 :  {link #0 : 1}, {link #1 : 2}, {link #2 : 3},
1 :  {link #0 : 2}, {link #1 : 3}, {link #2 : 0},
2 :  {link #0 : 3}, {link #1 : 0}, {link #2 : 1},
3 :  {link #0 : 0}, {link #1 : 1}, {link #2 : 2},
0 :  {link #0 : 1}, {link #1 : 2}, {link #2 : 3},
1 :  {link #0 : 2}, {link #1 : 3}, {link #2 : 0},
2 :  {link #0 : 3}, {link #1 : 0}, {link #2 : 1},
3 :  {link #0 : 0}, {link #1 : 1}, {link #2 : 2},
0 : local 72, cpu 8 {link #0 : g1 24}, {link #1 : g2 24}, {link #2 : g3 24},
1 : local 72, cpu 8 {link #0 : g2 24}, {link #1 : g3 24}, {link #2 : g0 24},
2 : local 72, cpu 8 {link #0 : g3 24}, {link #1 : g0 24}, {link #2 : g1 24},
3 : local 72, cpu 8 {link #0 : g0 24}, {link #1 : g1 24}, {link #2 : g2 24},
0 : local 72, cpu 8 {link #0 : g1 24}, {link #1 : g2 24}, {link #2 : g3 24},
1 : local 72, cpu 8 {link #0 : g2 24}, {link #1 : g3 24}, {link #2 : g0 24},
2 : local 72, cpu 8 {link #0 : g3 24}, {link #1 : g0 24}, {link #2 : g1 24},
3 : local 72, cpu 8 {link #0 : g0 24}, {link #1 : g1 24}, {link #2 : g2 24},
0 : local 72, cpu 8 {link #0 : g1 24}, {link #1 : g2 24}, {link #2 : g3 24},
1 : local 72, cpu 8 {link #0 : g2 24}, {link #1 : g3 24}, {link #2 : g0 24},
2 : local 72, cpu 8 {link #0 : g3 24}, {link #1 : g0 24}, {link #2 : g1 24},
3 : local 72, cpu 8 {link #0 : g0 24}, {link #1 : g1 24}, {link #2 : g2 24},
0 :  {link #0 : 1}, {link #1 : 2}, {link #2 : 3},
1 :  {link #0 : 2}, {link #1 : 3}, {link #2 : 0},
2 :  {link #0 : 3}, {link #1 : 0}, {link #2 : 1},
3 :  {link #0 : 0}, {link #1 : 1}, {link #2 : 2},
0 : local 72, cpu 8 {link #0 : g1 24}, {link #1 : g2 24}, {link #2 : g3 24},
1 : local 72, cpu 8 {link #0 : g2 24}, {link #1 : g3 24}, {link #2 : g0 24},
2 : local 72, cpu 8 {link #0 : g3 24}, {link #1 : g0 24}, {link #2 : g1 24},
3 : local 72, cpu 8 {link #0 : g0 24}, {link #1 : g1 24}, {link #2 : g2 24},
coll_cache:optimal_rep_storage=0
coll_cache:optimal_part_storage=0.04
coll_cache:optimal_cpu_storage=0.96
coll_cache:optimal_local_storage=0.00999999
coll_cache:optimal_remote_storage=0.03
coll_cache:optimal_local_rate=0.0764463
coll_cache:optimal_remote_rate=0.229339
coll_cache:optimal_cpu_rate=0.694215
z=50457.4,50457.4,50457.4,50457.4,
test_result:init:feat_nbytes=56862697472
test_result:init:cache_nbytes=625489408
test_result:init:feat_nbytes=56862697472
test_result:init:cache_nbytes=625489408
test_result:init:feat_nbytes=56862697472
test_result:init:cache_nbytes=625489408
test_result:init:feat_nbytes=56862697472
test_result:init:cache_nbytes=625489408
    [Step(average) Profiler Level 1 E3 S999]
        L1  sample           0.003853 | send           0.000000
        L1  recv             0.000000 | copy           0.034260 | convert time 0.000000 | train  0.007800
        L1  feature nbytes  563.53 MB | label nbytes 0.00 Bytes
        L1  id nbytes      0.00 Bytes | graph nbytes 0.00 Bytes
        L1  miss nbytes     392.96 MB | remote nbytes  127.92 MB
        L1  num nodes               0 | num samples           0
    [Step(average) Profiler Level 2 E3 S999]
        L2  shuffle     0.000000 | core sample  0.000000 | id remap        0.000000
        L2  graph copy  0.000000 | id copy      0.000000 | cache feat copy 0.034260
        L2  last layer sample time 0.000000 | size 0.000000
    [Step(average) Profiler Level 3 E3 S999]
        L3  khop sample coo  0.000000 | khop sort coo      0.000000 | khop count edge     0.000000 | khop compact edge 0.000000
        L3  walk sample coo  0.000000 | walk topk total    0.000000 | walk topk step1     0.000000 | walk topk step2   0.000000
        L3  walk topk step3  0.000000 | walk topk step4    0.000000 | walk topk step5     0.000000
        L3  walk topk step6  0.000000 | walk topk step7    0.000000
        L3  remap unique     0.000000 | remap populate     0.000000 | remap mapnode       0.000000 | remap mapedge     0.000000
        L3  cache get_index  0.000682 | cache copy_index   0.000000 | cache extract_miss  0.000000
        L3  cache copy_miss  0.000000 | cache combine_miss 0.033532 | cache combine cache 0.000112 | cache combine remote 0.001144
        L3  label extract  0.000000
    [Profiler Level Percentiles E3 S999]
        p50.00_tail_logl2featcopy=0.034489
        p90.00_tail_logl2featcopy=0.035186
        p95.00_tail_logl2featcopy=0.035287
        p99.00_tail_logl2featcopy=0.035422
        p99.90_tail_logl2featcopy=0.036724
[CUDA] cuda: usage: 10.03 GB
Rank=1, Graph loaded.
!!!!dist_homo_graph enumerate latency per epoch: 0.012164, per step: 0.000049
presamping
presamping takes 17.058624029159546
Rank=2, Graph loaded.
!!!!dist_homo_graph enumerate latency per epoch: 0.010375, per step: 0.000041
presamping
presamping takes 16.150871992111206
config:eval_tsp="2023-04-11 21:01:23"
config:num_worker=4
config:root_dir=/nvme/songxiaoniu/graph-learning/wholegraph
config:graph_name=ogbn-papers100M
config:epochs=4
config:batchsize=2000
config:skip_epoch=2
config:local_step=250
config:presc_epoch=2
config:neighbors=10,25
config:hiddensize=256
config:num_layer=2
config:model=sage
config:framework=dgl
config:dataloaderworkers=0
config:dropout=0.5
config:lr=0.003
config:use_nccl=False
config:use_amp=True
config:use_collcache=True
config:cache_percentage=0.01
config:cache_policy=clique_part
config:omp_thread_num=40
config:unsupervised=True
config:classnum=172
config:global_barrier=<multiprocessing.synchronize.Barrier object at 0x7fa01e938460>
config:worker_id=0
creating_intra_node_communicator root=0, local_size=4, world_size=4
Rank=0, Graph loaded.
!!!!dist_homo_graph enumerate latency per epoch: 0.013184, per step: 0.000053
epoch=4 total_steps=1000
presamping
presamping takes 12.25623607635498
start training...
[Epoch 0], time=12.700736045837402, loss=0.6931472420692444
[Epoch 1], time=11.500027894973755, loss=0.6931472420692444
[Epoch 2], time=11.489156007766724, loss=0.6931472420692444
[Epoch 3], time=11.48818063735962, loss=0.6931472420692444
|===========================================================================|
|                  PyTorch CUDA memory summary, device ID 0                 |
|---------------------------------------------------------------------------|
|            CUDA OOMs: 0            |        cudaMalloc retries: 0         |
|===========================================================================|
|        Metric         | Cur Usage  | Peak Usage | Tot Alloc  | Tot Freed  |
|---------------------------------------------------------------------------|
| Allocated memory      |   75758 KB |  426767 KB |    1275 GB |    1275 GB |
|       from large pool |   68719 KB |  420302 KB |    1259 GB |    1259 GB |
|       from small pool |    7039 KB |    8951 KB |      16 GB |      16 GB |
|---------------------------------------------------------------------------|
| Active memory         |   75758 KB |  426767 KB |    1275 GB |    1275 GB |
|       from large pool |   68719 KB |  420302 KB |    1259 GB |    1259 GB |
|       from small pool |    7039 KB |    8951 KB |      16 GB |      16 GB |
|---------------------------------------------------------------------------|
| GPU reserved memory   |    1284 MB |    1284 MB |    1284 MB |       0 B  |
|       from large pool |    1272 MB |    1272 MB |    1272 MB |       0 B  |
|       from small pool |      12 MB |      12 MB |      12 MB |       0 B  |
|---------------------------------------------------------------------------|
| Non-releasable memory |  325649 KB |  623165 KB |    1538 GB |    1537 GB |
|       from large pool |  322449 KB |  619590 KB |    1521 GB |    1521 GB |
|       from small pool |    3200 KB |    6405 KB |      16 GB |      16 GB |
|---------------------------------------------------------------------------|
| Allocations           |      58    |      74    |  204822    |  204764    |
|       from large pool |      11    |      21    |   62532    |   62521    |
|       from small pool |      47    |      58    |  142290    |  142243    |
|---------------------------------------------------------------------------|
| Active allocs         |      58    |      74    |  204822    |  204764    |
|       from large pool |      11    |      21    |   62532    |   62521    |
|       from small pool |      47    |      58    |  142290    |  142243    |
|---------------------------------------------------------------------------|
| GPU reserved segments |      18    |      18    |      18    |       0    |
|       from large pool |      12    |      12    |      12    |       0    |
|       from small pool |       6    |       6    |       6    |       0    |
|---------------------------------------------------------------------------|
| Non-releasable allocs |      26    |      36    |   69336    |   69310    |
|       from large pool |       7    |      14    |   34503    |   34496    |
|       from small pool |      19    |      27    |   34833    |   34814    |
|---------------------------------------------------------------------------|
| Oversize allocations  |       0    |       0    |       0    |       0    |
|---------------------------------------------------------------------------|
| Oversize GPU segments |       0    |       0    |       0    |       0    |
|===========================================================================|

[TRAIN_TIME] train time is 47.179242 seconds
[EPOCH_TIME] 11.794810 seconds, maybe large due to not enough epoch skipped.
[EPOCH_TIME] 11.488785 seconds
Rank=3, Graph loaded.
!!!!dist_homo_graph enumerate latency per epoch: 0.009991, per step: 0.000040
presamping
presamping takes 14.572945594787598

