/usr/lib/python3/dist-packages/requests/__init__.py:89: RequestsDependencyWarning: urllib3 (1.26.12) or chardet (3.0.4) doesn't match a supported version!
  warnings.warn("urllib3 ({}) or chardet ({}) doesn't match a supported "
Rank=1 done reading 61040125 embedding vectors from file /nvme/songxiaoniu/graph-learning/wholegraph/mag240m_homo/converted/homograph_csr_row_ptr
Rank=3 done reading 61040125 embedding vectors from file /nvme/songxiaoniu/graph-learning/wholegraph/mag240m_homo/converted/homograph_csr_row_ptr
Rank=0 done reading 61040125 embedding vectors from file /nvme/songxiaoniu/graph-learning/wholegraph/mag240m_homo/converted/homograph_csr_row_ptr
Rank=2 done reading 61040125 embedding vectors from file /nvme/songxiaoniu/graph-learning/wholegraph/mag240m_homo/converted/homograph_csr_row_ptr
Rank=3 done reading 863617956 embedding vectors from file /nvme/songxiaoniu/graph-learning/wholegraph/mag240m_homo/converted/homograph_csr_col_idx
Rank=0 done reading 863617956 embedding vectors from file /nvme/songxiaoniu/graph-learning/wholegraph/mag240m_homo/converted/homograph_csr_col_idx
Rank=2 done reading 863617956 embedding vectors from file /nvme/songxiaoniu/graph-learning/wholegraph/mag240m_homo/converted/homograph_csr_col_idx
Rank=1 done reading 863617956 embedding vectors from file /nvme/songxiaoniu/graph-learning/wholegraph/mag240m_homo/converted/homograph_csr_col_idx
[2023-04-14 18:43:30.656914: E /samgraph/3rdparty/collcachelib/coll_cache_lib/freq_recorder.cc:337] bulk append 4617091 into 0
[2023-04-14 18:43:30.679722: E /samgraph/3rdparty/collcachelib/coll_cache_lib/freq_recorder.cc:347] bulk append 12862369
[2023-04-14 18:43:30.680921: E /samgraph/3rdparty/collcachelib/coll_cache_lib/freq_recorder.cc:337] bulk append 4618140 into 4617091
[2023-04-14 18:43:30.703732: E /samgraph/3rdparty/collcachelib/coll_cache_lib/freq_recorder.cc:347] bulk append 12880901
[2023-04-14 18:43:30.704927: E /samgraph/3rdparty/collcachelib/coll_cache_lib/freq_recorder.cc:337] bulk append 4617584 into 9235231
[2023-04-14 18:43:30.727687: E /samgraph/3rdparty/collcachelib/coll_cache_lib/freq_recorder.cc:347] bulk append 12869615
[2023-04-14 18:43:30.728882: E /samgraph/3rdparty/collcachelib/coll_cache_lib/freq_recorder.cc:337] bulk append 4615840 into 13852815
[2023-04-14 18:43:30.751608: E /samgraph/3rdparty/collcachelib/coll_cache_lib/freq_recorder.cc:347] bulk append 12862575
[2023-04-14 18:43:30.752804: E /samgraph/3rdparty/collcachelib/coll_cache_lib/freq_recorder.cc:337] bulk append 4616866 into 18468655
[2023-04-14 18:43:30.775580: E /samgraph/3rdparty/collcachelib/coll_cache_lib/freq_recorder.cc:347] bulk append 12863131
[2023-04-14 18:43:30.776771: E /samgraph/3rdparty/collcachelib/coll_cache_lib/freq_recorder.cc:337] bulk append 4616762 into 23085521
[2023-04-14 18:43:30.799527: E /samgraph/3rdparty/collcachelib/coll_cache_lib/freq_recorder.cc:347] bulk append 12879723
[2023-04-14 18:43:30.800717: E /samgraph/3rdparty/collcachelib/coll_cache_lib/freq_recorder.cc:337] bulk append 4615449 into 27702283
[2023-04-14 18:43:30.823475: E /samgraph/3rdparty/collcachelib/coll_cache_lib/freq_recorder.cc:347] bulk append 12859052
[2023-04-14 18:43:30.824671: E /samgraph/3rdparty/collcachelib/coll_cache_lib/freq_recorder.cc:337] bulk append 4614460 into 32317732
[2023-04-14 18:43:30.847416: E /samgraph/3rdparty/collcachelib/coll_cache_lib/freq_recorder.cc:347] bulk append 12866656
[2023-04-14 18:43:30.848615: E /samgraph/3rdparty/collcachelib/coll_cache_lib/freq_recorder.cc:337] bulk append 4611985 into 36932192
[2023-04-14 18:43:30.871565: E /samgraph/3rdparty/collcachelib/coll_cache_lib/freq_recorder.cc:347] bulk append 12859996
[2023-04-14 18:43:30.873552: E /samgraph/3rdparty/collcachelib/coll_cache_lib/freq_recorder.cc:337] bulk append 4616399 into 41544177
[2023-04-14 18:43:30.896292: E /samgraph/3rdparty/collcachelib/coll_cache_lib/freq_recorder.cc:347] bulk append 12872524
[2023-04-14 18:43:30.897532: E /samgraph/3rdparty/collcachelib/coll_cache_lib/freq_recorder.cc:337] bulk append 4611819 into 46160576
[2023-04-14 18:43:30.920204: E /samgraph/3rdparty/collcachelib/coll_cache_lib/freq_recorder.cc:347] bulk append 12857222
[2023-04-14 18:43:30.921399: E /samgraph/3rdparty/collcachelib/coll_cache_lib/freq_recorder.cc:337] bulk append 4609940 into 50772395
[2023-04-14 18:43:30.944414: E /samgraph/3rdparty/collcachelib/coll_cache_lib/freq_recorder.cc:347] bulk append 12864333
[2023-04-14 18:43:30.946427: E /samgraph/3rdparty/collcachelib/coll_cache_lib/freq_recorder.cc:337] bulk append 4610318 into 55382335
[2023-04-14 18:43:30.969399: E /samgraph/3rdparty/collcachelib/coll_cache_lib/freq_recorder.cc:347] bulk append 12853535
[2023-04-14 18:43:30.971423: E /samgraph/3rdparty/collcachelib/coll_cache_lib/freq_recorder.cc:337] bulk append 4608672 into 59992653
[2023-04-14 18:43:30.994299: E /samgraph/3rdparty/collcachelib/coll_cache_lib/freq_recorder.cc:347] bulk append 12851019
[2023-04-14 18:43:30.996134: E /samgraph/3rdparty/collcachelib/coll_cache_lib/freq_recorder.cc:337] bulk append 4608379 into 64601325
[2023-04-14 18:43:31. 18634: E /samgraph/3rdparty/collcachelib/coll_cache_lib/freq_recorder.cc:347] bulk append 12855743
[2023-04-14 18:43:31. 19824: E /samgraph/3rdparty/collcachelib/coll_cache_lib/freq_recorder.cc:337] bulk append 4611017 into 69209704
[2023-04-14 18:43:31. 42746: E /samgraph/3rdparty/collcachelib/coll_cache_lib/freq_recorder.cc:347] bulk append 12868211
[2023-04-14 18:43:31. 44764: E /samgraph/3rdparty/collcachelib/coll_cache_lib/freq_recorder.cc:337] bulk append 4604727 into 73820721
[2023-04-14 18:43:31. 67285: E /samgraph/3rdparty/collcachelib/coll_cache_lib/freq_recorder.cc:347] bulk append 12839374
[2023-04-14 18:43:31. 68472: E /samgraph/3rdparty/collcachelib/coll_cache_lib/freq_recorder.cc:337] bulk append 4607850 into 78425448
[2023-04-14 18:43:31. 91360: E /samgraph/3rdparty/collcachelib/coll_cache_lib/freq_recorder.cc:347] bulk append 12856377
[2023-04-14 18:43:31. 93182: E /samgraph/3rdparty/collcachelib/coll_cache_lib/freq_recorder.cc:337] bulk append 4603689 into 83033298
[2023-04-14 18:43:31.115694: E /samgraph/3rdparty/collcachelib/coll_cache_lib/freq_recorder.cc:347] bulk append 12838621
[2023-04-14 18:43:31.116881: E /samgraph/3rdparty/collcachelib/coll_cache_lib/freq_recorder.cc:337] bulk append 4611458 into 87636987
[2023-04-14 18:43:31.139423: E /samgraph/3rdparty/collcachelib/coll_cache_lib/freq_recorder.cc:347] bulk append 12869298
[2023-04-14 18:43:31.140603: E /samgraph/3rdparty/collcachelib/coll_cache_lib/freq_recorder.cc:337] bulk append 4608032 into 92248445
[2023-04-14 18:43:31.163198: E /samgraph/3rdparty/collcachelib/coll_cache_lib/freq_recorder.cc:347] bulk append 12874023
[2023-04-14 18:43:31.164377: E /samgraph/3rdparty/collcachelib/coll_cache_lib/freq_recorder.cc:337] bulk append 4607889 into 96856477
[2023-04-14 18:43:31.186943: E /samgraph/3rdparty/collcachelib/coll_cache_lib/freq_recorder.cc:347] bulk append 12890510
[2023-04-14 18:43:31.188117: E /samgraph/3rdparty/collcachelib/coll_cache_lib/freq_recorder.cc:337] bulk append 4608725 into 101464366
[2023-04-14 18:43:31.210667: E /samgraph/3rdparty/collcachelib/coll_cache_lib/freq_recorder.cc:347] bulk append 12885941
[2023-04-14 18:43:31.211840: E /samgraph/3rdparty/collcachelib/coll_cache_lib/freq_recorder.cc:337] bulk append 4608718 into 106073091
[2023-04-14 18:43:31.234385: E /samgraph/3rdparty/collcachelib/coll_cache_lib/freq_recorder.cc:347] bulk append 12887559
[2023-04-14 18:43:31.235575: E /samgraph/3rdparty/collcachelib/coll_cache_lib/freq_recorder.cc:337] bulk append 4605846 into 110681809
[2023-04-14 18:43:31.258098: E /samgraph/3rdparty/collcachelib/coll_cache_lib/freq_recorder.cc:347] bulk append 12883251
[2023-04-14 18:43:31.259279: E /samgraph/3rdparty/collcachelib/coll_cache_lib/freq_recorder.cc:337] bulk append 4609730 into 115287655
[2023-04-14 18:43:31.281824: E /samgraph/3rdparty/collcachelib/coll_cache_lib/freq_recorder.cc:347] bulk append 12895299
[2023-04-14 18:43:31.283007: E /samgraph/3rdparty/collcachelib/coll_cache_lib/freq_recorder.cc:337] bulk append 4606512 into 119897385
[2023-04-14 18:43:31.305548: E /samgraph/3rdparty/collcachelib/coll_cache_lib/freq_recorder.cc:347] bulk append 12866893
[2023-04-14 18:43:31.306744: E /samgraph/3rdparty/collcachelib/coll_cache_lib/freq_recorder.cc:337] bulk append 4606598 into 124503897
[2023-04-14 18:43:31.329276: E /samgraph/3rdparty/collcachelib/coll_cache_lib/freq_recorder.cc:347] bulk append 12882003
[2023-04-14 18:43:31.330449: E /samgraph/3rdparty/collcachelib/coll_cache_lib/freq_recorder.cc:337] bulk append 4603804 into 129110495
[2023-04-14 18:43:31.352995: E /samgraph/3rdparty/collcachelib/coll_cache_lib/freq_recorder.cc:347] bulk append 12870651
[2023-04-14 18:43:31.354200: E /samgraph/3rdparty/collcachelib/coll_cache_lib/freq_recorder.cc:337] bulk append 4607157 into 133714299
[2023-04-14 18:43:31.376752: E /samgraph/3rdparty/collcachelib/coll_cache_lib/freq_recorder.cc:347] bulk append 12889496
[2023-04-14 18:43:31.377938: E /samgraph/3rdparty/collcachelib/coll_cache_lib/freq_recorder.cc:337] bulk append 4343792 into 138321456
[2023-04-14 18:43:31.399495: E /samgraph/3rdparty/collcachelib/coll_cache_lib/freq_recorder.cc:347] bulk append 10158015
[2023-04-14 18:43:31.400690: E /samgraph/3rdparty/collcachelib/coll_cache_lib/freq_recorder.cc:337] bulk append 4346232 into 142665248
[2023-04-14 18:43:31.422180: E /samgraph/3rdparty/collcachelib/coll_cache_lib/freq_recorder.cc:347] bulk append 10176551
[2023-04-14 18:43:31.423372: E /samgraph/3rdparty/collcachelib/coll_cache_lib/freq_recorder.cc:337] bulk append 4345677 into 147011480
[2023-04-14 18:43:31.444825: E /samgraph/3rdparty/collcachelib/coll_cache_lib/freq_recorder.cc:347] bulk append 10160563
[2023-04-14 18:43:31.446006: E /samgraph/3rdparty/collcachelib/coll_cache_lib/freq_recorder.cc:337] bulk append 4344295 into 151357157
[2023-04-14 18:43:31.467500: E /samgraph/3rdparty/collcachelib/coll_cache_lib/freq_recorder.cc:347] bulk append 10163301
[2023-04-14 18:43:31.468679: E /samgraph/3rdparty/collcachelib/coll_cache_lib/freq_recorder.cc:337] bulk append 4345236 into 155701452
[2023-04-14 18:43:31.490145: E /samgraph/3rdparty/collcachelib/coll_cache_lib/freq_recorder.cc:347] bulk append 10164454
[2023-04-14 18:43:31.491343: E /samgraph/3rdparty/collcachelib/coll_cache_lib/freq_recorder.cc:337] bulk append 4342709 into 160046688
[2023-04-14 18:43:31.512785: E /samgraph/3rdparty/collcachelib/coll_cache_lib/freq_recorder.cc:347] bulk append 10168623
[2023-04-14 18:43:31.513976: E /samgraph/3rdparty/collcachelib/coll_cache_lib/freq_recorder.cc:337] bulk append 4340818 into 164389397
[2023-04-14 18:43:31.535431: E /samgraph/3rdparty/collcachelib/coll_cache_lib/freq_recorder.cc:347] bulk append 10154388
[2023-04-14 18:43:31.536624: E /samgraph/3rdparty/collcachelib/coll_cache_lib/freq_recorder.cc:337] bulk append 4343591 into 168730215
[2023-04-14 18:43:31.558087: E /samgraph/3rdparty/collcachelib/coll_cache_lib/freq_recorder.cc:347] bulk append 10163086
[2023-04-14 18:43:31.559293: E /samgraph/3rdparty/collcachelib/coll_cache_lib/freq_recorder.cc:337] bulk append 4340798 into 173073806
[2023-04-14 18:43:31.580740: E /samgraph/3rdparty/collcachelib/coll_cache_lib/freq_recorder.cc:347] bulk append 10162360
[2023-04-14 18:43:31.581933: E /samgraph/3rdparty/collcachelib/coll_cache_lib/freq_recorder.cc:337] bulk append 4344981 into 177414604
[2023-04-14 18:43:31.603869: E /samgraph/3rdparty/collcachelib/coll_cache_lib/freq_recorder.cc:347] bulk append 10174038
[2023-04-14 18:43:31[[.[2023-04-14 18:43:312023-04-14 18:43:316058862023-04-14 18:43:31..: .605909605911E605912: :  : EE/samgraph/3rdparty/collcachelib/coll_cache_lib/freq_recorder.ccE  : /samgraph/3rdparty/collcachelib/coll_cache_lib/run_config.cc/samgraph/3rdparty/collcachelib/coll_cache_lib/run_config.cc266/samgraph/3rdparty/collcachelib/coll_cache_lib/run_config.cc::] :141141freq recorder global combining141] ] 
] using concurrent impl MPSPhaseusing concurrent impl MPSPhaseusing concurrent impl MPSPhase


[[[2023-04-14 18:43:312023-04-14 18:43:312023-04-14 18:43:31...606070606072606070: : : EEE   /samgraph/3rdparty/collcachelib/coll_cache_lib/facade.cc/samgraph/3rdparty/collcachelib/coll_cache_lib/facade.cc/samgraph/3rdparty/collcachelib/coll_cache_lib/facade.cc:::409409409] ] ] before scale, dtype is 0, dim is 384before scale, dtype is 0, dim is 384before scale, dtype is 0, dim is 384


[[2023-04-14 18:43:31[2023-04-14 18:43:31.2023-04-14 18:43:31.606156.606157: 606159: E: E E /samgraph/3rdparty/collcachelib/coll_cache_lib/facade.cc /samgraph/3rdparty/collcachelib/coll_cache_lib/facade.cc:/samgraph/3rdparty/collcachelib/coll_cache_lib/facade.cc:415:415] 415] after scale, dtype is 7, new dim is 96] after scale, dtype is 7, new dim is 96
after scale, dtype is 7, new dim is 96

[2023-04-14 18:43:31.607028: E /samgraph/3rdparty/collcachelib/coll_cache_lib/coll_cache/asymm_link_desc.cc:207] assigning 8 to cpu
[2023-04-14 18:43:31.607053: E /samgraph/3rdparty/collcachelib/coll_cache_lib/coll_cache/asymm_link_desc.cc:207] [assigning 8 to cpu2023-04-14 18:43:31
.607073: E /samgraph/3rdparty/collcachelib/coll_cache_lib/coll_cache/asymm_link_desc.cc:207[] 2023-04-14 18:43:31assigning 8 to cpu.
[6070942023-04-14 18:43:31: .E607104 : /samgraph/3rdparty/collcachelib/coll_cache_lib/coll_cache/asymm_link_desc.ccE: [224/samgraph/3rdparty/collcachelib/coll_cache_lib/coll_cache/asymm_link_desc.cc2023-04-14 18:43:31] :.build symm link desc with 4X Tesla V100-SXM2-16GB out of 4224607129
] : build symm link desc with 4X Tesla V100-SXM2-16GB out of 4E
 /samgraph/3rdparty/collcachelib/coll_cache_lib/coll_cache/asymm_link_desc.cc:[2242023-04-14 18:43:31] [.build symm link desc with 4X Tesla V100-SXM2-16GB out of 42023-04-14 18:43:31607171
.: 607176E:  [E/samgraph/3rdparty/collcachelib/coll_cache_lib/coll_cache/asymm_link_desc.cc2023-04-14 18:43:31 :./samgraph/3rdparty/collcachelib/coll_cache_lib/coll_cache/asymm_link_desc.cc225607199:] : 225remote time is 9.21053E] 
 remote time is 9.21053/samgraph/3rdparty/collcachelib/coll_cache_lib/coll_cache/asymm_link_desc.cc
:[2252023-04-14 18:43:31] [.remote time is 9.210532023-04-14 18:43:31607242
.: 607249E: [ E2023-04-14 18:43:31/samgraph/3rdparty/collcachelib/coll_cache_lib/coll_cache/asymm_link_desc.cc .:/samgraph/3rdparty/collcachelib/coll_cache_lib/coll_cache/asymm_link_desc.cc607270226:: ] 226Ecpu time is 31.8182]  
cpu time is 31.8182/samgraph/3rdparty/collcachelib/coll_cache_lib/coll_cache/asymm_link_desc.cc
:226] cpu time is 31.8182
[2023-04-14 18:43:31.[6073252023-04-14 18:43:31: [.E2023-04-14 18:43:31607329 .: /samgraph/3rdparty/collcachelib/coll_cache_lib/facade.cc607338E::  425E/samgraph/3rdparty/collcachelib/coll_cache_lib/facade.cc]  :registering cpu data with 24.00 GB/samgraph/3rdparty/collcachelib/coll_cache_lib/facade.cc425
:] 425registering cpu data with 24.00 GB] 
registering cpu data with 24.00 GB
[2023-04-14 18:43:35.163265: E /samgraph/3rdparty/collcachelib/coll_cache_lib/facade.cc:427] registering cpu data done.
[2023-04-14 18:43:35.164087: E /samgraph/3rdparty/collcachelib/coll_cache_lib/facade.cc:427] registering cpu data done.
[2023-04-14 18:43:35.189698: E /samgraph/3rdparty/collcachelib/coll_cache_lib/facade.cc:427] registering cpu data done.
[2023-04-14 18:43:44.713038: E /samgraph/3rdparty/collcachelib/coll_cache_lib/freq_recorder.cc:269] freq recorder global combine from 181759585 to 80576458
[2023-04-14 18:43:46.331776: E /samgraph/3rdparty/collcachelib/coll_cache_lib/freq_recorder.cc:286] top 5 freq is 2000,2000,2000,1999,1998
[2023-04-14 18:43:46.331930: E /samgraph/3rdparty/collcachelib/coll_cache_lib/run_config.cc:141] using concurrent impl MPSPhase
[2023-04-14 18:43:46.331969: E /samgraph/3rdparty/collcachelib/coll_cache_lib/facade.cc:409] before scale, dtype is 0, dim is 384
[2023-04-14 18:43:46.332003: E /samgraph/3rdparty/collcachelib/coll_cache_lib/facade.cc:415] after scale, dtype is 7, new dim is 96
[2023-04-14 18:43:46.332352: E /samgraph/3rdparty/collcachelib/coll_cache_lib/coll_cache/asymm_link_desc.cc:207] assigning 8 to cpu
[2023-04-14 18:43:46.332397: E /samgraph/3rdparty/collcachelib/coll_cache_lib/coll_cache/asymm_link_desc.cc:224] build symm link desc with 4X Tesla V100-SXM2-16GB out of 4
[2023-04-14 18:43:46.332448: E /samgraph/3rdparty/collcachelib/coll_cache_lib/coll_cache/asymm_link_desc.cc:225] remote time is 9.21053
[2023-04-14 18:43:46.332496: E /samgraph/3rdparty/collcachelib/coll_cache_lib/coll_cache/asymm_link_desc.cc:226] cpu time is 31.8182
[2023-04-14 18:43:46.332555: E /samgraph/3rdparty/collcachelib/coll_cache_lib/facade.cc:425] registering cpu data with 24.00 GB
[2023-04-14 18:43:48.314486: E /samgraph/3rdparty/collcachelib/coll_cache_lib/facade.cc:427] registering cpu data done.
[2023-04-14 18:43:48.314575: E /samgraph/3rdparty/collcachelib/coll_cache_lib/facade.cc:174] creating solver
[2023-04-14 18:43:48.314607: E /samgraph/3rdparty/collcachelib/coll_cache_lib/facade.cc:214] solver created. now build & solve
[2023-04-14 18:43:48.416751: W /samgraph/3rdparty/collcachelib/coll_cache_lib/cpu/cpu_device.cc:43] WORKER[0] alloc host memory 931.40 MB
[2023-04-14 18:43:48.416821: E /samgraph/3rdparty/collcachelib/coll_cache_lib/coll_cache/optimal_solver_class.cc:309] reconfigured max freq to be 2000
[2023-04-14 18:43:48.416850: E /samgraph/3rdparty/collcachelib/coll_cache_lib/coll_cache/optimal_solver_class.cc:311] reconfigured num slot to be 42
[2023-04-14 18:43:48.416877: W /samgraph/3rdparty/collcachelib/coll_cache_lib/coll_cache/optimal_solver_class.cc:318] counting slots...
[2023-04-14 18:43:50.348922: W /samgraph/3rdparty/collcachelib/coll_cache_lib/coll_cache/optimal_solver_class.cc:367] Final num slot is 56
[2023-04-14 18:43:50.349124: W /samgraph/3rdparty/collcachelib/coll_cache_lib/coll_cache/optimal_solver_class.cc:371] preparing block granularity...
[2023-04-14 18:43:50.349163: E /samgraph/3rdparty/collcachelib/coll_cache_lib/coll_cache/optimal_solver_class.cc:399] slot 0 has 134 nodes, max_size set to 34, #slice=4
[2023-04-14 18:43:50.349196: E /samgraph/3rdparty/collcachelib/coll_cache_lib/coll_cache/optimal_solver_class.cc:399] slot 1 has 164 nodes, max_size set to 41, #slice=4
[2023-04-14 18:43:50.349229: E /samgraph/3rdparty/collcachelib/coll_cache_lib/coll_cache/optimal_solver_class.cc:399] slot 2 has 242 nodes, max_size set to 61, #slice=4
[2023-04-14 18:43:50.349261: E /samgraph/3rdparty/collcachelib/coll_cache_lib/coll_cache/optimal_solver_class.cc:399] slot 3 has 359 nodes, max_size set to 90, #slice=4
[2023-04-14 18:43:50.349294: E /samgraph/3rdparty/collcachelib/coll_cache_lib/coll_cache/optimal_solver_class.cc:399] slot 4 has 469 nodes, max_size set to 118, #slice=4
[2023-04-14 18:43:50.349326: E /samgraph/3rdparty/collcachelib/coll_cache_lib/coll_cache/optimal_solver_class.cc:399] slot 5 has 723 nodes, max_size set to 181, #slice=4
[2023-04-14 18:43:50.349358: E /samgraph/3rdparty/collcachelib/coll_cache_lib/coll_cache/optimal_solver_class.cc:399] slot 6 has 997 nodes, max_size set to 250, #slice=4
[2023-04-14 18:43:50.349390: E /samgraph/3rdparty/collcachelib/coll_cache_lib/coll_cache/optimal_solver_class.cc:399] slot 7 has 1397 nodes, max_size set to 350, #slice=4
[2023-04-14 18:43:50.349422: E /samgraph/3rdparty/collcachelib/coll_cache_lib/coll_cache/optimal_solver_class.cc:399] slot 8 has 2783 nodes, max_size set to 696, #slice=4
[2023-04-14 18:43:50.349455: E /samgraph/3rdparty/collcachelib/coll_cache_lib/coll_cache/optimal_solver_class.cc:399] slot 9 has 4807 nodes, max_size set to 1202, #slice=4
[2023-04-14 18:43:50.349487: E /samgraph/3rdparty/collcachelib/coll_cache_lib/coll_cache/optimal_solver_class.cc:399] slot 10 has 6434 nodes, max_size set to 1609, #slice=4
[2023-04-14 18:43:50.349519: E /samgraph/3rdparty/collcachelib/coll_cache_lib/coll_cache/optimal_solver_class.cc:399] slot 11 has 7645 nodes, max_size set to 1912, #slice=4
[2023-04-14 18:43:50.349551: E /samgraph/3rdparty/collcachelib/coll_cache_lib/coll_cache/optimal_solver_class.cc:399] slot 12 has 10849 nodes, max_size set to 2713, #slice=4
[2023-04-14 18:43:50.349583: E /samgraph/3rdparty/collcachelib/coll_cache_lib/coll_cache/optimal_solver_class.cc:399] slot 13 has 15225 nodes, max_size set to 3807, #slice=4
[2023-04-14 18:43:50.349615: E /samgraph/3rdparty/collcachelib/coll_cache_lib/coll_cache/optimal_solver_class.cc:399] slot 14 has 22794 nodes, max_size set to 5699, #slice=4
[2023-04-14 18:43:50.349664: E /samgraph/3rdparty/collcachelib/coll_cache_lib/coll_cache/optimal_solver_class.cc:399] slot 15 has 32451 nodes, max_size set to 8113, #slice=4
[2023-04-14 18:43:50.349696: E /samgraph/3rdparty/collcachelib/coll_cache_lib/coll_cache/optimal_solver_class.cc:399] slot 16 has 48613 nodes, max_size set to 12154, #slice=4
[2023-04-14 18:43:50.349727: E /samgraph/3rdparty/collcachelib/coll_cache_lib/coll_cache/optimal_solver_class.cc:399] slot 17 has 70427 nodes, max_size set to 17607, #slice=4
[2023-04-14 18:43:50.349760: E /samgraph/3rdparty/collcachelib/coll_cache_lib/coll_cache/optimal_solver_class.cc:399] slot 18 has 109359 nodes, max_size set to 27340, #slice=4
[2023-04-14 18:43:50.349792: E /samgraph/3rdparty/collcachelib/coll_cache_lib/coll_cache/optimal_solver_class.cc:399] slot 19 has 150571 nodes, max_size set to 37643, #slice=4
[2023-04-14 18:43:50.349824: E /samgraph/3rdparty/collcachelib/coll_cache_lib/coll_cache/optimal_solver_class.cc:399] slot 20 has 242984 nodes, max_size set to 60746, #slice=4
[2023-04-14 18:43:50.349856: E /samgraph/3rdparty/collcachelib/coll_cache_lib/coll_cache/optimal_solver_class.cc:399] slot 21 has 338036 nodes, max_size set to 84509, #slice=4
[2023-04-14 18:43:50.349888: E /samgraph/3rdparty/collcachelib/coll_cache_lib/coll_cache/optimal_solver_class.cc:399] slot 22 has 507827 nodes, max_size set to 126957, #slice=4
[2023-04-14 18:43:50.349920: E /samgraph/3rdparty/collcachelib/coll_cache_lib/coll_cache/optimal_solver_class.cc:399] slot 23 has 739995 nodes, max_size set to 184999, #slice=4
[2023-04-14 18:43:50.349952: E /samgraph/3rdparty/collcachelib/coll_cache_lib/coll_cache/optimal_solver_class.cc:399] slot 24 has 1357930 nodes, max_size set to 244160, #slice=8
[2023-04-14 18:43:50.349985: E /samgraph/3rdparty/collcachelib/coll_cache_lib/coll_cache/optimal_solver_class.cc:399] slot 25 has 1410381 nodes, max_size set to 244160, #slice=8
[2023-04-14 18:43:50.350017: E /samgraph/3rdparty/collcachelib/coll_cache_lib/coll_cache/optimal_solver_class.cc:399] slot 26 has 2234958 nodes, max_size set to 244160, #slice=12
[2023-04-14 18:43:50.350049: E /samgraph/3rdparty/collcachelib/coll_cache_lib/coll_cache/optimal_solver_class.cc:399] slot 27 has 2207348 nodes, max_size set to 2207348, #slice=1
[2023-04-14 18:43:50.350082: E /samgraph/3rdparty/collcachelib/coll_cache_lib/coll_cache/optimal_solver_class.cc:399] slot 28 has 3051485 nodes, max_size set to 3051485, #slice=1
[2023-04-14 18:43:50.350114: E /samgraph/3rdparty/collcachelib/coll_cache_lib/coll_cache/optimal_solver_class.cc:399] slot 29 has 4194514 nodes, max_size set to 4194514, #slice=1
[2023-04-14 18:43:50.350146: E /samgraph/3rdparty/collcachelib/coll_cache_lib/coll_cache/optimal_solver_class.cc:399] slot 30 has 2648623 nodes, max_size set to 2648623, #slice=1
[2023-04-14 18:43:50.350178: E /samgraph/3rdparty/collcachelib/coll_cache_lib/coll_cache/optimal_solver_class.cc:399] slot 31 has 6764345 nodes, max_size set to 6764345, #slice=1
[2023-04-14 18:43:50.350210: E /samgraph/3rdparty/collcachelib/coll_cache_lib/coll_cache/optimal_solver_class.cc:399] slot 32 has 4371277 nodes, max_size set to 4371277, #slice=1
[2023-04-14 18:43:50.350242: E /samgraph/3rdparty/collcachelib/coll_cache_lib/coll_cache/optimal_solver_class.cc:399] slot 34 has 5409891 nodes, max_size set to 5409891, #slice=1
[2023-04-14 18:43:50.350274: E /samgraph/3rdparty/collcachelib/coll_cache_lib/coll_cache/optimal_solver_class.cc:399] slot 35 has 7213342 nodes, max_size set to 7213342, #slice=1
[2023-04-14 18:43:50.350307: E /samgraph/3rdparty/collcachelib/coll_cache_lib/coll_cache/optimal_solver_class.cc:399] slot 37 has 11898400 nodes, max_size set to 11898400, #slice=1
[2023-04-14 18:43:50.350339: E /samgraph/3rdparty/collcachelib/coll_cache_lib/coll_cache/optimal_solver_class.cc:399] slot 40 has 25498679 nodes, max_size set to 25498679, #slice=1
[2023-04-14 18:43:50.350371: E /samgraph/3rdparty/collcachelib/coll_cache_lib/coll_cache/optimal_solver_class.cc:399] slot 41 has 1637640 nodes, max_size set to 1637640, #slice=1
[2023-04-14 18:43:50.350408: E /samgraph/3rdparty/collcachelib/coll_cache_lib/coll_cache/optimal_solver_class.cc:399] slot 42 has 1634677 nodes, max_size set to 1634677, #slice=1
[2023-04-14 18:43:50.350441: E /samgraph/3rdparty/collcachelib/coll_cache_lib/coll_cache/optimal_solver_class.cc:399] slot 43 has 1635665 nodes, max_size set to 1635665, #slice=1
[2023-04-14 18:43:50.350473: E /samgraph/3rdparty/collcachelib/coll_cache_lib/coll_cache/optimal_solver_class.cc:399] slot 44 has 1635362 nodes, max_size set to 1635362, #slice=1
[2023-04-14 18:43:50.350518: E /samgraph/3rdparty/collcachelib/coll_cache_lib/coll_cache/optimal_solver_class.cc:399] slot 45 has 1635312 nodes, max_size set to 1635312, #slice=1
[2023-04-14 18:43:50.350553: E /samgraph/3rdparty/collcachelib/coll_cache_lib/coll_cache/optimal_solver_class.cc:399] slot 46 has 1637264 nodes, max_size set to 1637264, #slice=1
[2023-04-14 18:43:50.350585: E /samgraph/3rdparty/collcachelib/coll_cache_lib/coll_cache/optimal_solver_class.cc:399] slot 47 has 1638159 nodes, max_size set to 1638159, #slice=1
[2023-04-14 18:43:50.350617: E /samgraph/3rdparty/collcachelib/coll_cache_lib/coll_cache/optimal_solver_class.cc:399] slot 48 has 1633349 nodes, max_size set to 1633349, #slice=1
[2023-04-14 18:43:50.350649: E /samgraph/3rdparty/collcachelib/coll_cache_lib/coll_cache/optimal_solver_class.cc:399] slot 49 has 1635662 nodes, max_size set to 1635662, #slice=1
[2023-04-14 18:43:50.350681: E /samgraph/3rdparty/collcachelib/coll_cache_lib/coll_cache/optimal_solver_class.cc:399] slot 50 has 1637414 nodes, max_size set to 1637414, #slice=1
[2023-04-14 18:43:50.350714: E /samgraph/3rdparty/collcachelib/coll_cache_lib/coll_cache/optimal_solver_class.cc:399] slot 51 has 16365080 nodes, max_size set to 16365080, #slice=1
[2023-04-14 18:43:50.350746: E /samgraph/3rdparty/collcachelib/coll_cache_lib/coll_cache/optimal_solver_class.cc:399] slot 52 has 16353745 nodes, max_size set to 16353745, #slice=1
[2023-04-14 18:43:50.350778: E /samgraph/3rdparty/collcachelib/coll_cache_lib/coll_cache/optimal_solver_class.cc:399] slot 53 has 16357153 nodes, max_size set to 16357153, #slice=1
[2023-04-14 18:43:50.350810: E /samgraph/3rdparty/collcachelib/coll_cache_lib/coll_cache/optimal_solver_class.cc:399] slot 54 has 16355037 nodes, max_size set to 16355037, #slice=1
[2023-04-14 18:43:50.350842: E /samgraph/3rdparty/collcachelib/coll_cache_lib/coll_cache/optimal_solver_class.cc:399] slot 55 has 16360448 nodes, max_size set to 16360448, #slice=1
[2023-04-14 18:43:50.350875: E /samgraph/3rdparty/collcachelib/coll_cache_lib/coll_cache/optimal_solver_class.cc:399] slot 56 has 16355189 nodes, max_size set to 16355189, #slice=1
[2023-04-14 18:43:50.350907: E /samgraph/3rdparty/collcachelib/coll_cache_lib/coll_cache/optimal_solver_class.cc:399] slot 57 has 16358111 nodes, max_size set to 16358111, #slice=1
[2023-04-14 18:43:50.350939: E /samgraph/3rdparty/collcachelib/coll_cache_lib/coll_cache/optimal_solver_class.cc:399] slot 58 has 16356895 nodes, max_size set to 16356895, #slice=1
[2023-04-14 18:43:50.350971: E /samgraph/3rdparty/collcachelib/coll_cache_lib/coll_cache/optimal_solver_class.cc:399] slot 59 has 16361879 nodes, max_size set to 16361879, #slice=1
[2023-04-14 18:43:50.351003: W /samgraph/3rdparty/collcachelib/coll_cache_lib/coll_cache/optimal_solver_class.cc:405] counting blocks...
[2023-04-14 18:43:50.743417: W /samgraph/3rdparty/collcachelib/coll_cache_lib/coll_cache/optimal_solver_class.cc:425] Final num block is 153
[2023-04-14 18:43:50.743503: W /samgraph/3rdparty/collcachelib/coll_cache_lib/coll_cache/optimal_solver_class.cc:430] counting freq and density...
[2023-04-14 18:43:50.805041: W /samgraph/3rdparty/collcachelib/coll_cache_lib/coll_cache/optimal_solver_class.cc:479] averaging freq and density...
[2023-04-14 18:43:50.805136: W /samgraph/3rdparty/collcachelib/coll_cache_lib/coll_cache/optimal_solver_class.cc:480] 153
[2023-04-14 18:43:50.886179: E /samgraph/3rdparty/collcachelib/coll_cache_lib/facade.cc:218] solver built. now solve
[2023-04-14 18:43:50.886276: W /samgraph/3rdparty/collcachelib/coll_cache_lib/coll_cache/optimal_solver_class.cc:893] constructing optimal solver, device=4, stream=1
153 blocks, 4 devices
[2023-04-14 18:43:52. 96712: W /samgraph/3rdparty/collcachelib/coll_cache_lib/coll_cache/optimal_solver_class.cc:1078] Add Var...
[2023-04-14 18:43:52. 98588: W /samgraph/3rdparty/collcachelib/coll_cache_lib/coll_cache/optimal_solver_class.cc:1096] Capacity...
[2023-04-14 18:43:52. 98754: W /samgraph/3rdparty/collcachelib/coll_cache_lib/coll_cache/optimal_solver_class.cc:1099] Connect CPU...
[2023-04-14 18:43:52.100206: W /samgraph/3rdparty/collcachelib/coll_cache_lib/coll_cache/optimal_solver_class.cc:1101] Connect Access To Storage...
[2023-04-14 18:43:52.114014: W /samgraph/3rdparty/collcachelib/coll_cache_lib/coll_cache/optimal_solver_class.cc:1105] Time...
[2023-04-14 18:43:52.114310: E /samgraph/3rdparty/collcachelib/coll_cache_lib/coll_cache/optimal_solver_class.cc:1067] dst 0, total sm is 80
[2023-04-14 18:43:52.114684: E /samgraph/3rdparty/collcachelib/coll_cache_lib/coll_cache/optimal_solver_class.cc:1067] dst 1, total sm is 80
[2023-04-14 18:43:52.115042: E /samgraph/3rdparty/collcachelib/coll_cache_lib/coll_cache/optimal_solver_class.cc:1067] dst 2, total sm is 80
[2023-04-14 18:43:52.115395: E /samgraph/3rdparty/collcachelib/coll_cache_lib/coll_cache/optimal_solver_class.cc:1067] dst 3, total sm is 80
[2023-04-14 18:43:52.210020: W /samgraph/3rdparty/collcachelib/coll_cache_lib/coll_cache/optimal_solver_class.cc:1124] Coll Cache init block placement array
[2023-04-14 18:43:52.210631: W /samgraph/3rdparty/collcachelib/coll_cache_lib/coll_cache/optimal_solver_class.cc:1200] Coll Cache init block placement array done
[2023-04-14 18:43:52.210707: W /samgraph/3rdparty/collcachelib/coll_cache_lib/coll_cache/optimal_solver_class.cc:1202] Coll Cache model reset done
[2023-04-14 18:43:52.213898: E /samgraph/3rdparty/collcachelib/coll_cache_lib/facade.cc:222] solver solved
[2023-04-14 18:43:52.213947: E /samgraph/3rdparty/collcachelib/coll_cache_lib/facade.cc:437] 0 solved master
[2023-04-14 18:43:52.213977: E /samgraph/3rdparty/collcachelib/coll_cache_lib/facade.cc:444] 0 solved
[2023-04-14 18:43:52.214004: E /samgraph/3rdparty/collcachelib/coll_cache_lib/facade.cc:447] worker 0 thread 0 initing device 0
[2023-04-14 18:43:52.214749: E /samgraph/3rdparty/collcachelib/coll_cache_lib/cache_context.cu:2320] Building Coll Cache with ... num gpu device is 4
[2023-04-14 18:43:52.214859: E /samgraph/3rdparty/collcachelib/coll_cache_lib/cuda/cache_hashtable.cuh:611] per src size local is 1577436
[2023-04-14 18:43:52.258013: E /samgraph/3rdparty/collcachelib/coll_cache_lib/facade.cc:444] 2 solved
[2023-04-14 18:43:52.258082: E /samgraph/3rdparty/collcachelib/coll_cache_lib/facade.cc:447] worker 0 thread 2 initing device 2
[2023-04-14 18:43:52.258634: E /samgraph/3rdparty/collcachelib/coll_cache_lib/cache_context.cu:2320] Building Coll Cache with ... num gpu device is 4
[2023-04-14 18:43:52.258680: E /samgraph/3rdparty/collcachelib/coll_cache_lib/facade.cc:444] 1 solved
[2023-04-14 18:43:52.258735: E /samgraph/3rdparty/collcachelib/coll_cache_lib/facade.cc:447] worker 0 thread 1 initing device 1
[2023-04-14 18:43:52.258797: E /samgraph/3rdparty/collcachelib/coll_cache_lib/facade.cc:444] 3 solved
[2023-04-14 18:43:52.258845: E /samgraph/3rdparty/collcachelib/coll_cache_lib/facade.cc:447] worker 0 thread 3 initing device 3
[2023-04-14 18:43:52.259237: E /samgraph/3rdparty/collcachelib/coll_cache_lib/cache_context.cu:2320] Building Coll Cache with ... num gpu device is 4
[2023-04-14 18:43:52.259372: E /samgraph/3rdparty/collcachelib/coll_cache_lib/cache_context.cu:2320] Building Coll Cache with ... num gpu device is 4
[2023-04-14 18:43:52.298178: E /samgraph/3rdparty/collcachelib/coll_cache_lib/cache_context.cu:2362] num cpu nodes is 238501438
[2023-04-14 18:43:52.343845: E /samgraph/3rdparty/collcachelib/coll_cache_lib/cache_context.cu:2362] num cpu nodes is 238501438
[2023-04-14 18:43:52.373450: E /samgraph/3rdparty/collcachelib/coll_cache_lib/cache_context.cu:2362] num cpu nodes is 238501438
[2023-04-14 18:43:52.382311: E /samgraph/3rdparty/collcachelib/coll_cache_lib/cache_context.cu:2362] num cpu nodes is 238501438
[2023-04-14 18:43:52.484301: E /samgraph/3rdparty/collcachelib/coll_cache_lib/cuda/cache_hashtable.cu:355] create a hashtable with 5659061 possible elem, scale to 16777216
[2023-04-14 18:43:52.484376: E /samgraph/3rdparty/collcachelib/coll_cache_lib/cuda/cache_hashtable.cu:360] SimpleHashTable allocating 128.00 MB
[2023-04-14 18:43:52.526846: E /samgraph/3rdparty/collcachelib/coll_cache_lib/cuda/cache_hashtable.cu:355] create a hashtable with 5659061 possible elem, scale to 16777216
[2023-04-14 18:43:52.526908: E /samgraph/3rdparty/collcachelib/coll_cache_lib/cuda/cache_hashtable.cu:360] SimpleHashTable allocating 128.00 MB
[2023-04-14 18:43:52.554031: E /samgraph/3rdparty/collcachelib/coll_cache_lib/cuda/cache_hashtable.cu:355] create a hashtable with 5659061 possible elem, scale to 16777216
[2023-04-14 18:43:52.554082: E /samgraph/3rdparty/collcachelib/coll_cache_lib/cuda/cache_hashtable.cu:360] SimpleHashTable allocating 128.00 MB
[2023-04-14 18:43:52.569387: E /samgraph/3rdparty/collcachelib/coll_cache_lib/cuda/cache_hashtable.cu:355] create a hashtable with 5659061 possible elem, scale to 16777216
[2023-04-14 18:43:52.569440: E /samgraph/3rdparty/collcachelib/coll_cache_lib/cuda/cache_hashtable.cu:360] SimpleHashTable allocating 128.00 MB
[2023-04-14 18:43:52.603302: E /samgraph/3rdparty/collcachelib/coll_cache_lib/common.cc:107] too many mem allocated for forcescale?1709123->294793
[2023-04-14 18:43:52.605450: E /samgraph/3rdparty/collcachelib/coll_cache_lib/common.cc:107] too many mem allocated for forcescale?1709123->275181
[2023-04-14 18:43:52.606446: E /samgraph/3rdparty/collcachelib/coll_cache_lib/common.cc:107] too many mem allocated for forcescale?1709123->275754
[2023-04-14 18:43:52.606944: E /samgraph/3rdparty/collcachelib/coll_cache_lib/cache_context.cu:2439] Asymm Coll cache (policy: coll_cache_asymm_link) | local 1433942 / 244160499 nodes ( 0.59 %~0.60 %) | remote 4225119 / 244160499 nodes ( 1.73 %) | cpu 238501438 / 244160499 nodes ( 97.68 %) | 2.44 GB | 0.392156 secs 
[2023-04-14 18:43:52.607162: E /samgraph/3rdparty/collcachelib/coll_cache_lib/common.cc:107] too many mem allocated for forcescale?1709123->246107
[2023-04-14 18:43:52.607256: W /samgraph/3rdparty/collcachelib/coll_cache_lib/cache_context.cu:3958] before create ctx, mem is 8.35 GB
[2023-04-14 18:43:52.607399: W /samgraph/3rdparty/collcachelib/coll_cache_lib/cache_context.cu:3958] before create ctx, mem is 8.35 GB
[2023-04-14 18:43:52.607636: W /samgraph/3rdparty/collcachelib/coll_cache_lib/cache_context.cu:3958] before create ctx, mem is 8.35 GB
[2023-04-14 18:43:52.607701: W /samgraph/3rdparty/collcachelib/coll_cache_lib/cache_context.cu:3958] before create ctx, mem is 8.35 GB
[2023-04-14 18:43:52.626299: E /samgraph/3rdparty/collcachelib/coll_cache_lib/cache_context.cu:2439] Asymm Coll cache (policy: coll_cache_asymm_link) | local 1414330 / 244160499 nodes ( 0.58 %~0.60 %) | remote 4244731 / 244160499 nodes ( 1.74 %) | cpu 238501438 / 244160499 nodes ( 97.68 %) | 2.44 GB | 0.367628 secs 
[2023-04-14 18:43:52.652121: E /samgraph/3rdparty/collcachelib/coll_cache_lib/cache_context.cu:2439] Asymm Coll cache (policy: coll_cache_asymm_link) | local 1433369 / 244160499 nodes ( 0.59 %~0.60 %) | remote 4225692 / 244160499 nodes ( 1.73 %) | cpu 238501438 / 244160499 nodes ( 97.68 %) | 2.44 GB | 0.392848 secs 
[2023-04-14 18:43:52.652925: E /samgraph/3rdparty/collcachelib/coll_cache_lib/cache_context.cu:2439] Asymm Coll cache (policy: coll_cache_asymm_link) | local 1463016 / 244160499 nodes ( 0.60 %~0.60 %) | remote 4196045 / 244160499 nodes ( 1.72 %) | cpu 238501438 / 244160499 nodes ( 97.68 %) | 2.44 GB | 0.393517 secs 
[2023-04-14 18:43:58.325356: W /samgraph/3rdparty/collcachelib/coll_cache_lib/cache_context.cu:3958] after create ctx, mem is 10.04 GB
[2023-04-14 18:43:58.325485: W /samgraph/3rdparty/collcachelib/coll_cache_lib/cache_context.cu:3958] after create stream, mem is 10.04 GB
[2023-04-14 18:43:58.338021: W /samgraph/3rdparty/collcachelib/coll_cache_lib/cache_context.cu:3958] after create ctx, mem is 10.05 GB
[2023-04-14 18:43:58.338125: W /samgraph/3rdparty/collcachelib/coll_cache_lib/cache_context.cu:3958] after create stream, mem is 10.05 GB
[2023-04-14 18:43:58.367384: W /samgraph/3rdparty/collcachelib/coll_cache_lib/cache_context.cu:3958] after create ctx, mem is 10.06 GB
[2023-04-14 18:43:58.367494: W /samgraph/3rdparty/collcachelib/coll_cache_lib/cache_context.cu:3958] after create stream, mem is 10.06 GB
[2023-04-14 18:43:58.422585: W /samgraph/3rdparty/collcachelib/coll_cache_lib/cache_context.cu:3958] after create ctx, mem is 10.08 GB
[2023-04-14 18:43:58.422680: W /samgraph/3rdparty/collcachelib/coll_cache_lib/cache_context.cu:3958] after create stream, mem is 10.08 GB
/usr/local/lib/python3.8/dist-packages/torch/nn/parallel/scatter_gather.py:9: UserWarning: is_namedtuple is deprecated, please use the python checks instead
  warnings.warn("is_namedtuple is deprecated, please use the python checks instead")
/usr/local/lib/python3.8/dist-packages/torch/nn/parallel/scatter_gather.py:9: UserWarning: is_namedtuple is deprecated, please use the python checks instead
  warnings.warn("is_namedtuple is deprecated, please use the python checks instead")
/usr/local/lib/python3.8/dist-packages/torch/nn/parallel/scatter_gather.py:9: UserWarning: is_namedtuple is deprecated, please use the python checks instead
  warnings.warn("is_namedtuple is deprecated, please use the python checks instead")
/usr/local/lib/python3.8/dist-packages/torch/nn/parallel/scatter_gather.py:9: UserWarning: is_namedtuple is deprecated, please use the python checks instead
  warnings.warn("is_namedtuple is deprecated, please use the python checks instead")
