/usr/lib/python3/dist-packages/requests/__init__.py:89: RequestsDependencyWarning: urllib3 (1.26.12) or chardet (3.0.4) doesn't match a supported version!
  warnings.warn("urllib3 ({}) or chardet ({}) doesn't match a supported "
[W socket.cpp:601] [c10d] The client socket has failed to connect to [localhost]:12335 (errno: 99 - Cannot assign requested address).
[W socket.cpp:601] [c10d] The client socket has failed to connect to [localhost]:12335 (errno: 99 - Cannot assign requested address).
[W socket.cpp:601] [c10d] The client socket has failed to connect to [localhost]:12335 (errno: 99 - Cannot assign requested address).
Rank=1 done reading 61040125 embedding vectors from file /nvme/songxiaoniu/graph-learning/wholegraph/mag240m_homo/converted/homograph_csr_row_ptr
Rank=3 done reading 61040125 embedding vectors from file /nvme/songxiaoniu/graph-learning/wholegraph/mag240m_homo/converted/homograph_csr_row_ptr
Rank=0 done reading 61040125 embedding vectors from file /nvme/songxiaoniu/graph-learning/wholegraph/mag240m_homo/converted/homograph_csr_row_ptr
Rank=2 done reading 61040125 embedding vectors from file /nvme/songxiaoniu/graph-learning/wholegraph/mag240m_homo/converted/homograph_csr_row_ptr
Rank=3 done reading 863617956 embedding vectors from file /nvme/songxiaoniu/graph-learning/wholegraph/mag240m_homo/converted/homograph_csr_col_idx
Rank=1 done reading 863617956 embedding vectors from file /nvme/songxiaoniu/graph-learning/wholegraph/mag240m_homo/converted/homograph_csr_col_idx
Rank=0 done reading 863617956 embedding vectors from file /nvme/songxiaoniu/graph-learning/wholegraph/mag240m_homo/converted/homograph_csr_col_idx
Rank=2 done reading 863617956 embedding vectors from file /nvme/songxiaoniu/graph-learning/wholegraph/mag240m_homo/converted/homograph_csr_col_idx
[2023-04-12 05:54:55.266065: E /samgraph/3rdparty/collcachelib/coll_cache_lib/freq_recorder.cc:337] bulk append 6213457 into 0
[2023-04-12 05:54:55.296094: E /samgraph/3rdparty/collcachelib/coll_cache_lib/freq_recorder.cc:347] bulk append 25522012
[2023-04-12 05:54:55.298106: E /samgraph/3rdparty/collcachelib/coll_cache_lib/freq_recorder.cc:337] bulk append 6211141 into 6213457
[2023-04-12 05:54:55.328042: E /samgraph/3rdparty/collcachelib/coll_cache_lib/freq_recorder.cc:347] bulk append 25530968
[2023-04-12 05:54:55.330000: E /samgraph/3rdparty/collcachelib/coll_cache_lib/freq_recorder.cc:337] bulk append 6210557 into 12424598
[2023-04-12 05:54:55.359944: E /samgraph/3rdparty/collcachelib/coll_cache_lib/freq_recorder.cc:347] bulk append 25524196
[2023-04-12 05:54:55.361939: E /samgraph/3rdparty/collcachelib/coll_cache_lib/freq_recorder.cc:337] bulk append 6212492 into 18635155
[2023-04-12 05:54:55.391873: E /samgraph/3rdparty/collcachelib/coll_cache_lib/freq_recorder.cc:347] bulk append 25525137
[2023-04-12 05:54:55.393827: E /samgraph/3rdparty/collcachelib/coll_cache_lib/freq_recorder.cc:337] bulk append 6210114 into 24847647
[2023-04-12 05:54:55.423837: E /samgraph/3rdparty/collcachelib/coll_cache_lib/freq_recorder.cc:347] bulk append 25533219
[2023-04-12 05:54:55.425829: E /samgraph/3rdparty/collcachelib/coll_cache_lib/freq_recorder.cc:337] bulk append 6211979 into 31057761
[2023-04-12 05:54:55.455857: E /samgraph/3rdparty/collcachelib/coll_cache_lib/freq_recorder.cc:347] bulk append 25549719
[2023-04-12 05:54:55.457873: E /samgraph/3rdparty/collcachelib/coll_cache_lib/freq_recorder.cc:337] bulk append 6210281 into 37269740
[2023-04-12 05:54:55.487880: E /samgraph/3rdparty/collcachelib/coll_cache_lib/freq_recorder.cc:347] bulk append 25517537
[2023-04-12 05:54:55.489838: E /samgraph/3rdparty/collcachelib/coll_cache_lib/freq_recorder.cc:337] bulk append 6210668 into 43480021
[2023-04-12 05:54:55.519822: E /samgraph/3rdparty/collcachelib/coll_cache_lib/freq_recorder.cc:347] bulk append 25530886
[2023-04-12 05:54:55.521778: E /samgraph/3rdparty/collcachelib/coll_cache_lib/freq_recorder.cc:337] bulk append 6208136 into 49690689
[2023-04-12 05:54:55.551683: E /samgraph/3rdparty/collcachelib/coll_cache_lib/freq_recorder.cc:347] bulk append 25511336
[2023-04-12 05:54:55.553637: E /samgraph/3rdparty/collcachelib/coll_cache_lib/freq_recorder.cc:337] bulk append 6213012 into 55898825
[2023-04-12 05:54:55.583615: E /samgraph/3rdparty/collcachelib/coll_cache_lib/freq_recorder.cc:347] bulk append 25553017
[2023-04-12 05:54:55.585652: E /samgraph/3rdparty/collcachelib/coll_cache_lib/freq_recorder.cc:337] bulk append 6208501 into 62111837
[2023-04-12 05:54:55.615618: E /samgraph/3rdparty/collcachelib/coll_cache_lib/freq_recorder.cc:347] bulk append 25497097
[2023-04-12 05:54:55.617645: E /samgraph/3rdparty/collcachelib/coll_cache_lib/freq_recorder.cc:337] bulk append 6209430 into 68320338
[2023-04-12 05:54:55.647681: E /samgraph/3rdparty/collcachelib/coll_cache_lib/freq_recorder.cc:347] bulk append 25499134
[2023-04-12 05:54:55.649688: E /samgraph/3rdparty/collcachelib/coll_cache_lib/freq_recorder.cc:337] bulk append 6210123 into 74529768
[2023-04-12 05:54:55.679645: E /samgraph/3rdparty/collcachelib/coll_cache_lib/freq_recorder.cc:347] bulk append 25507618
[2023-04-12 05:54:55.681642: E /samgraph/3rdparty/collcachelib/coll_cache_lib/freq_recorder.cc:337] bulk append 6206996 into 80739891
[2023-04-12 05:54:55.711582: E /samgraph/3rdparty/collcachelib/coll_cache_lib/freq_recorder.cc:347] bulk append 25489836
[2023-04-12 05:54:55.713607: E /samgraph/3rdparty/collcachelib/coll_cache_lib/freq_recorder.cc:337] bulk append 6207445 into 86946887
[2023-04-12 05:54:55.743632: E /samgraph/3rdparty/collcachelib/coll_cache_lib/freq_recorder.cc:347] bulk append 25501405
[2023-04-12 05:54:55.745665: E /samgraph/3rdparty/collcachelib/coll_cache_lib/freq_recorder.cc:337] bulk append 6207215 into 93154332
[2023-04-12 05:54:55.775635: E /samgraph/3rdparty/collcachelib/coll_cache_lib/freq_recorder.cc:347] bulk append 25505388
[2023-04-12 05:54:55.777664: E /samgraph/3rdparty/collcachelib/coll_cache_lib/freq_recorder.cc:337] bulk append 6202306 into 99361547
[2023-04-12 05:54:55.807591: E /samgraph/3rdparty/collcachelib/coll_cache_lib/freq_recorder.cc:347] bulk append 25483126
[2023-04-12 05:54:55.809604: E /samgraph/3rdparty/collcachelib/coll_cache_lib/freq_recorder.cc:337] bulk append 6206101 into 105563853
[2023-04-12 05:54:55.839572: E /samgraph/3rdparty/collcachelib/coll_cache_lib/freq_recorder.cc:347] bulk append 25500872
[2023-04-12 05:54:55.841574: E /samgraph/3rdparty/collcachelib/coll_cache_lib/freq_recorder.cc:337] bulk append 6206052 into 111769954
[2023-04-12 05:54:55.873811: E /samgraph/3rdparty/collcachelib/coll_cache_lib/freq_recorder.cc:347] bulk append 25479150
[2023-04-12 05:54:55.875853: E /samgraph/3rdparty/collcachelib/coll_cache_lib/freq_recorder.cc:337] bulk append 6210278 into 117976006
[2023-04-12 05:54:55.905818: E /samgraph/3rdparty/collcachelib/coll_cache_lib/freq_recorder.cc:347] bulk append 25522967
[2023-04-12 05:54:55.907869: E /samgraph/3rdparty/collcachelib/coll_cache_lib/freq_recorder.cc:337] bulk append 6209285 into 124186284
[2023-04-12 05:54:55.937760: E /samgraph/3rdparty/collcachelib/coll_cache_lib/freq_recorder.cc:347] bulk append 25484879
[2023-04-12 05:54:55.939783: E /samgraph/3rdparty/collcachelib/coll_cache_lib/freq_recorder.cc:337] bulk append 6206493 into 130395569
[2023-04-12 05:54:55.969618: E /samgraph/3rdparty/collcachelib/coll_cache_lib/freq_recorder.cc:347] bulk append 25503541
[2023-04-12 05:54:55.971637: E /samgraph/3rdparty/collcachelib/coll_cache_lib/freq_recorder.cc:337] bulk append 6207011 into 136602062
[2023-04-12 05:54:56.  1473: E /samgraph/3rdparty/collcachelib/coll_cache_lib/freq_recorder.cc:347] bulk append 25499046
[2023-04-12 05:54:56.  3465: E /samgraph/3rdparty/collcachelib/coll_cache_lib/freq_recorder.cc:337] bulk append 6207488 into 142809073
[2023-04-12 05:54:56. 33252: E /samgraph/3rdparty/collcachelib/coll_cache_lib/freq_recorder.cc:347] bulk append 25492837
[2023-04-12 05:54:56. 35288: E /samgraph/3rdparty/collcachelib/coll_cache_lib/freq_recorder.cc:337] bulk append 6206537 into 149016561
[2023-04-12 05:54:56. 65144: E /samgraph/3rdparty/collcachelib/coll_cache_lib/freq_recorder.cc:347] bulk append 25493072
[2023-04-12 05:54:56. 67133: E /samgraph/3rdparty/collcachelib/coll_cache_lib/freq_recorder.cc:337] bulk append 6207301 into 155223098
[2023-04-12 05:54:56. 96999: E /samgraph/3rdparty/collcachelib/coll_cache_lib/freq_recorder.cc:347] bulk append 25509461
[2023-04-12 05:54:56. 98978: E /samgraph/3rdparty/collcachelib/coll_cache_lib/freq_recorder.cc:337] bulk append 6203770 into 161430399
[2023-04-12 05:54:56.128839: E /samgraph/3rdparty/collcachelib/coll_cache_lib/freq_recorder.cc:347] bulk append 25490927
[2023-04-12 05:54:56.130862: E /samgraph/3rdparty/collcachelib/coll_cache_lib/freq_recorder.cc:337] bulk append 6205379 into 167634169
[2023-04-12 05:54:56.160672: E /samgraph/3rdparty/collcachelib/coll_cache_lib/freq_recorder.cc:347] bulk append 25484117
[2023-04-12 05:54:56.162670: E /samgraph/3rdparty/collcachelib/coll_cache_lib/freq_recorder.cc:337] bulk append 6200730 into 173839548
[2023-04-12 05:54:56.192485: E /samgraph/3rdparty/collcachelib/coll_cache_lib/freq_recorder.cc:347] bulk append 25465446
[2023-04-12 05:54:56.194437: E /samgraph/3rdparty/collcachelib/coll_cache_lib/freq_recorder.cc:337] bulk append 6205819 into 180040278
[2023-04-12 05:54:56.224374: E /samgraph/3rdparty/collcachelib/coll_cache_lib/freq_recorder.cc:347] bulk append 25520654
[2023-04-12 05:54:56.226366: E /samgraph/3rdparty/collcachelib/coll_cache_lib/freq_recorder.cc:337] bulk append 6129946 into 186246097
[2023-04-12 05:54:56.255670: E /samgraph/3rdparty/collcachelib/coll_cache_lib/freq_recorder.cc:347] bulk append 20173466
[2023-04-12 05:54:56.256865: E /samgraph/3rdparty/collcachelib/coll_cache_lib/freq_recorder.cc:337] bulk append 6127622 into 192376043
[2023-04-12 05:54:56.286082: E /samgraph/3rdparty/collcachelib/coll_cache_lib/freq_recorder.cc:347] bulk append 20195385
[2023-04-12 05:54:56.287286: E /samgraph/3rdparty/collcachelib/coll_cache_lib/freq_recorder.cc:337] bulk append 6128398 into 198503665
[2023-04-12 05:54:56.316514: E /samgraph/3rdparty/collcachelib/coll_cache_lib/freq_recorder.cc:347] bulk append 20177539
[2023-04-12 05:54:56.317693: E /samgraph/3rdparty/collcachelib/coll_cache_lib/freq_recorder.cc:337] bulk append 6128975 into 204632063
[2023-04-12 05:54:56.346910: E /samgraph/3rdparty/collcachelib/coll_cache_lib/freq_recorder.cc:347] bulk append 20180932
[2023-04-12 05:54:56.348080: E /samgraph/3rdparty/collcachelib/coll_cache_lib/freq_recorder.cc:337] bulk append 6127540 into 210761038
[2023-04-12 05:54:56.377288: E /samgraph/3rdparty/collcachelib/coll_cache_lib/freq_recorder.cc:347] bulk append 20179444
[2023-04-12 05:54:56.378463: E /samgraph/3rdparty/collcachelib/coll_cache_lib/freq_recorder.cc:337] bulk append 6133967 into 216888578
[2023-04-12 05:54:56.407718: E /samgraph/3rdparty/collcachelib/coll_cache_lib/freq_recorder.cc:347] bulk append 20199905
[2023-04-12 05:54:56.408916: E /samgraph/3rdparty/collcachelib/coll_cache_lib/freq_recorder.cc:337] bulk append 6124231 into 223022545
[2023-04-12 05:54:56.438116: E /samgraph/3rdparty/collcachelib/coll_cache_lib/freq_recorder.cc:347] bulk append 20164761
[2023-04-12 05:54:56.439301: E /samgraph/3rdparty/collcachelib/coll_cache_lib/freq_recorder.cc:337] bulk append 6127289 into 229146776
[2023-04-12 05:54:56.468519: E /samgraph/3rdparty/collcachelib/coll_cache_lib/freq_recorder.cc:347] bulk append 20190037
[2023-04-12 05:54:56.469697: E /samgraph/3rdparty/collcachelib/coll_cache_lib/freq_recorder.cc:337] bulk append 6127833 into 235274065
[2023-04-12 05:54:56.498923: E /samgraph/3rdparty/collcachelib/coll_cache_lib/freq_recorder.cc:347] bulk append 20181834
[2023-04-12 05:54:56.500101: E /samgraph/3rdparty/collcachelib/coll_cache_lib/freq_recorder.cc:337] bulk append 6131206 into 241401898
[2023-04-12 05:54:56.529335: E /samgraph/3rdparty/collcachelib/coll_cache_lib/freq_recorder.cc:347] bulk append 20210226
[[2023-04-12 05:54:562023-04-12 05:54:56.[.5305442023-04-12 05:54:56[530557: .2023-04-12 05:54:56: E530564.E : 530571 /samgraph/3rdparty/collcachelib/coll_cache_lib/freq_recorder.ccE: /samgraph/3rdparty/collcachelib/coll_cache_lib/run_config.cc: E:266/samgraph/3rdparty/collcachelib/coll_cache_lib/run_config.cc 140] :/samgraph/3rdparty/collcachelib/coll_cache_lib/run_config.cc] freq recorder global combining140:using concurrent impl MPSPhase
] 140
using concurrent impl MPSPhase] 
using concurrent impl MPSPhase
[2023-04-12 05:54:56.530728[[: 2023-04-12 05:54:562023-04-12 05:54:56E.. 530735530739/samgraph/3rdparty/collcachelib/coll_cache_lib/facade.cc: : :EE409  ] /samgraph/3rdparty/collcachelib/coll_cache_lib/facade.cc/samgraph/3rdparty/collcachelib/coll_cache_lib/facade.ccbefore scale, dtype is 0, dim is 384::
409409] [] before scale, dtype is 0, dim is 3842023-04-12 05:54:56before scale, dtype is 0, dim is 384
.
530835[: [2023-04-12 05:54:56E2023-04-12 05:54:56. .530860/samgraph/3rdparty/collcachelib/coll_cache_lib/facade.cc530868: :: E415E ]  /samgraph/3rdparty/collcachelib/coll_cache_lib/facade.ccafter scale, dtype is 7, new dim is 96/samgraph/3rdparty/collcachelib/coll_cache_lib/facade.cc:
:415415] ] after scale, dtype is 7, new dim is 96after scale, dtype is 7, new dim is 96

[2023-04-12 05:54:56.531874: E /samgraph/3rdparty/collcachelib/coll_cache_lib/coll_cache/asymm_link_desc.cc:201] assigning 8 to cpu
[2023-04-12 05:54:56.531901: E /samgraph/3rdparty/collcachelib/coll_cache_lib/coll_cache/asymm_link_desc.cc:201[] 2023-04-12 05:54:56assigning 8 to cpu.
531922: E [/samgraph/3rdparty/collcachelib/coll_cache_lib/coll_cache/asymm_link_desc.cc2023-04-12 05:54:56:.201531938] : [assigning 8 to cpuE2023-04-12 05:54:56
 ./samgraph/3rdparty/collcachelib/coll_cache_lib/coll_cache/asymm_link_desc.cc531969:: 218E]  build symm link desc with 4X Tesla V100-SXM2-16GB out of 4[/samgraph/3rdparty/collcachelib/coll_cache_lib/coll_cache/asymm_link_desc.cc
2023-04-12 05:54:56:.218532025] : build symm link desc with 4X Tesla V100-SXM2-16GB out of 4E[
 2023-04-12 05:54:56/samgraph/3rdparty/collcachelib/coll_cache_lib/coll_cache/asymm_link_desc.cc.:532058[218: 2023-04-12 05:54:56] E.build symm link desc with 4X Tesla V100-SXM2-16GB out of 4 532082
/samgraph/3rdparty/collcachelib/coll_cache_lib/coll_cache/asymm_link_desc.cc: :E219[ ] 2023-04-12 05:54:56/samgraph/3rdparty/collcachelib/coll_cache_lib/coll_cache/asymm_link_desc.ccremote time is 9.21053.:
532134219: ] E[remote time is 9.21053 2023-04-12 05:54:56
/samgraph/3rdparty/collcachelib/coll_cache_lib/coll_cache/asymm_link_desc.cc.:532177[219: 2023-04-12 05:54:56] E.remote time is 9.21053 532206
/samgraph/3rdparty/collcachelib/coll_cache_lib/coll_cache/asymm_link_desc.cc: :[E2202023-04-12 05:54:56 ] ./samgraph/3rdparty/collcachelib/coll_cache_lib/coll_cache/asymm_link_desc.cccpu time is 31.8182532255:
: 220E]  cpu time is 31.8182/samgraph/3rdparty/collcachelib/coll_cache_lib/coll_cache/asymm_link_desc.cc
:220[] 2023-04-12 05:54:56cpu time is 31.8182.[
5323142023-04-12 05:54:56: .E532331 [: /samgraph/3rdparty/collcachelib/coll_cache_lib/facade.cc2023-04-12 05:54:56E:. 425532359/samgraph/3rdparty/collcachelib/coll_cache_lib/facade.cc] : :registering cpu data with 24.00 GBE425
 ] /samgraph/3rdparty/collcachelib/coll_cache_lib/facade.ccregistering cpu data with 24.00 GB:
425] registering cpu data with 24.00 GB
[2023-04-12 05:55:00.662156: E /samgraph/3rdparty/collcachelib/coll_cache_lib/facade.cc:427] registering cpu data done.
[2023-04-12 05:55:00.666606: E /samgraph/3rdparty/collcachelib/coll_cache_lib/facade.cc:427] registering cpu data done.
[2023-04-12 05:55:00.679713: E /samgraph/3rdparty/collcachelib/coll_cache_lib/facade.cc:427] registering cpu data done.
[2023-04-12 05:55:13.493361: E /samgraph/3rdparty/collcachelib/coll_cache_lib/freq_recorder.cc:269] freq recorder global combine from 247533104 to 101172403
[2023-04-12 05:55:25.799333: E /samgraph/3rdparty/collcachelib/coll_cache_lib/freq_recorder.cc:286] top 5 freq is 2000,2000,2000,2000,2000
[2023-04-12 05:55:25.799530: E /samgraph/3rdparty/collcachelib/coll_cache_lib/run_config.cc:140] using concurrent impl MPSPhase
[2023-04-12 05:55:25.799568: E /samgraph/3rdparty/collcachelib/coll_cache_lib/facade.cc:409] before scale, dtype is 0, dim is 384
[2023-04-12 05:55:25.799602: E /samgraph/3rdparty/collcachelib/coll_cache_lib/facade.cc:415] after scale, dtype is 7, new dim is 96
[2023-04-12 05:55:25.799996: E /samgraph/3rdparty/collcachelib/coll_cache_lib/coll_cache/asymm_link_desc.cc:201] assigning 8 to cpu
[2023-04-12 05:55:25.800083: E /samgraph/3rdparty/collcachelib/coll_cache_lib/coll_cache/asymm_link_desc.cc:218] build symm link desc with 4X Tesla V100-SXM2-16GB out of 4
[2023-04-12 05:55:25.800139: E /samgraph/3rdparty/collcachelib/coll_cache_lib/coll_cache/asymm_link_desc.cc:219] remote time is 9.21053
[2023-04-12 05:55:25.800173: E /samgraph/3rdparty/collcachelib/coll_cache_lib/coll_cache/asymm_link_desc.cc:220] cpu time is 31.8182
[2023-04-12 05:55:25.800235: E /samgraph/3rdparty/collcachelib/coll_cache_lib/facade.cc:425] registering cpu data with 24.00 GB
[2023-04-12 05:55:27.810198: E /samgraph/3rdparty/collcachelib/coll_cache_lib/facade.cc:427] registering cpu data done.
[2023-04-12 05:55:27.810294: E /samgraph/3rdparty/collcachelib/coll_cache_lib/facade.cc:174] creating solver
[2023-04-12 05:55:27.810326: E /samgraph/3rdparty/collcachelib/coll_cache_lib/facade.cc:214] solver created. now build & solve
[2023-04-12 05:55:30.447278: E /samgraph/3rdparty/collcachelib/coll_cache_lib/facade.cc:218] solver built. now solve
block 0 storage is 00000001
	access is	0	0	0	0	
block 1 storage is 00000010
	access is	1	1	1	1	
block 2 storage is 00000100
	access is	2	2	2	2	
block 3 storage is 00001000
	access is	3	3	3	3	
block 4 storage is 00000000
	access is	4	4	4	4	
[2023-04-12 05:55:31. 61099: E /samgraph/3rdparty/collcachelib/coll_cache_lib/facade.cc:222] solver solved
[2023-04-12 05:55:31.139449: E /samgraph/3rdparty/collcachelib/coll_cache_lib/facade.cc:437] 0 solved master
[2023-04-12 05:55:31.139522: E /samgraph/3rdparty/collcachelib/coll_cache_lib/facade.cc:444] 0 solved
[2023-04-12 05:55:31.139550: E /samgraph/3rdparty/collcachelib/coll_cache_lib/facade.cc:447] worker 0 thread 0 initing device 0
[2023-04-12 05:55:31.140320: E /samgraph/3rdparty/collcachelib/coll_cache_lib/cache_context.cu:2308] Building Coll Cache with ... num gpu device is 4
[2023-04-12 05:55:31.140414: E /samgraph/3rdparty/collcachelib/coll_cache_lib/cuda/cache_hashtable.cuh:611] per src size local is 537252
[2023-04-12 05:55:31.185755: E /samgraph/3rdparty/collcachelib/coll_cache_lib/facade.cc:444] 3 solved
[2023-04-12 05:55:31.185831: E /samgraph/3rdparty/collcachelib/coll_cache_lib/facade.cc:447] worker 0 thread 3 initing device 3
[2023-04-12 05:55:31.186590: E /samgraph/3rdparty/collcachelib/coll_cache_lib/cache_context.cu:2308] Building Coll Cache with ... num gpu device is 4
[2023-04-12 05:55:31.186789: E /samgraph/3rdparty/collcachelib/coll_cache_lib/facade.cc:444] 1 solved
[2023-04-12 05:55:31.186886: E /samgraph/3rdparty/collcachelib/coll_cache_lib/facade.cc:447] worker 0 thread 1 initing device 1
[2023-04-12 05:55:31.187547: E /samgraph/3rdparty/collcachelib/coll_cache_lib/cache_context.cu:2308] Building Coll Cache with ... num gpu device is 4
[2023-04-12 05:55:31.206127: E /samgraph/3rdparty/collcachelib/coll_cache_lib/cache_context.cu:2350] num cpu nodes is 242207219
[2023-04-12 05:55:31.215066: E /samgraph/3rdparty/collcachelib/coll_cache_lib/facade.cc:444] 2 solved
[2023-04-12 05:55:31.215187: E /samgraph/3rdparty/collcachelib/coll_cache_lib/facade.cc:447] worker 0 thread 2 initing device 2
[2023-04-12 05:55:31.216127: E /samgraph/3rdparty/collcachelib/coll_cache_lib/cache_context.cu:2308] Building Coll Cache with ... num gpu device is 4
[2023-04-12 05:55:31.260313: E /samgraph/3rdparty/collcachelib/coll_cache_lib/cache_context.cu:2350] num cpu nodes is 242207219
[2023-04-12 05:55:31.278143: E /samgraph/3rdparty/collcachelib/coll_cache_lib/cache_context.cu:2350] num cpu nodes is 242207219
[2023-04-12 05:55:31.283600: E /samgraph/3rdparty/collcachelib/coll_cache_lib/cuda/cache_hashtable.cu:355] create a hashtable with 1953280 possible elem, scale to 4194304
[2023-04-12 05:55:31.283667: E /samgraph/3rdparty/collcachelib/coll_cache_lib/cuda/cache_hashtable.cu:360] SimpleHashTable allocating 32.00 MB
[2023-04-12 05:55:31.299921: E /samgraph/3rdparty/collcachelib/coll_cache_lib/cache_context.cu:2350] num cpu nodes is 242207219
[2023-04-12 05:55:31.323540: E /samgraph/3rdparty/collcachelib/coll_cache_lib/cuda/cache_hashtable.cu:355] create a hashtable with 1953280 possible elem, scale to 4194304
[2023-04-12 05:55:31.323600: E /samgraph/3rdparty/collcachelib/coll_cache_lib/cuda/cache_hashtable.cu:360] SimpleHashTable allocating 32.00 MB
[2023-04-12 05:55:31.341834: E /samgraph/3rdparty/collcachelib/coll_cache_lib/cuda/cache_hashtable.cu:355] create a hashtable with 1953280 possible elem, scale to 4194304
[2023-04-12 05:55:31.341890: E /samgraph/3rdparty/collcachelib/coll_cache_lib/cuda/cache_hashtable.cu:360] SimpleHashTable allocating 32.00 MB
[2023-04-12 05:55:31.362972: E /samgraph/3rdparty/collcachelib/coll_cache_lib/cuda/cache_hashtable.cu:355] create a hashtable with 1953280 possible elem, scale to 4194304
[2023-04-12 05:55:31.363024: E /samgraph/3rdparty/collcachelib/coll_cache_lib/cuda/cache_hashtable.cu:360] SimpleHashTable allocating 32.00 MB
[2023-04-12 05:55:31.379577: E /samgraph/3rdparty/collcachelib/coll_cache_lib/common.cc:107] too many mem allocated for forcescale?732481->244161
[2023-04-12 05:55:31.379701: E /samgraph/3rdparty/collcachelib/coll_cache_lib/common.cc:107] too many mem allocated for forcescale?732481->244161
[2023-04-12 05:55:31.379751: E /samgraph/3rdparty/collcachelib/coll_cache_lib/common.cc:107] too many mem allocated for forcescale?732481->244161
[2023-04-12 05:55:31.379909: E /samgraph/3rdparty/collcachelib/coll_cache_lib/common.cc:107] too many mem allocated for forcescale?732481->244161
[2023-04-12 05:55:31.381097: E /samgraph/3rdparty/collcachelib/coll_cache_lib/cache_context.cu:2427] Asymm Coll cache (policy: clique_part) | local 488320 / 244160499 nodes ( 0.20 %~0.20 %) | remote 1464960 / 244160499 nodes ( 0.60 %) | cpu 242207219 / 244160499 nodes ( 99.20 %) | 1.05 GB | 0.194469 secs 
[2023-04-12 05:55:31.419418: E /samgraph/3rdparty/collcachelib/coll_cache_lib/cache_context.cu:2427] Asymm Coll cache (policy: clique_part) | local 488320 / 244160499 nodes ( 0.20 %~0.20 %) | remote 1464960 / 244160499 nodes ( 0.60 %) | cpu 242207219 / 244160499 nodes ( 99.20 %) | 1.05 GB | 0.231837 secs 
[2023-04-12 05:55:31.420904: E /samgraph/3rdparty/collcachelib/coll_cache_lib/cache_context.cu:2427] Asymm Coll cache (policy: clique_part) | local 488320 / 244160499 nodes ( 0.20 %~0.20 %) | remote 1464960 / 244160499 nodes ( 0.60 %) | cpu 242207219 / 244160499 nodes ( 99.20 %) | 1.05 GB | 0.28055 secs 
[2023-04-12 05:55:31.427239: E /samgraph/3rdparty/collcachelib/coll_cache_lib/cache_context.cu:2427] Asymm Coll cache (policy: clique_part) | local 488320 / 244160499 nodes ( 0.20 %~0.20 %) | remote 1464960 / 244160499 nodes ( 0.60 %) | cpu 242207219 / 244160499 nodes ( 99.20 %) | 1.05 GB | 0.211071 secs 
[2023-04-12 05:55:31.443575: W /samgraph/3rdparty/collcachelib/coll_cache_lib/cache_context.cu:3946] before create ctx, mem is 6.88 GB
[2023-04-12 05:55:31.443688: W /samgraph/3rdparty/collcachelib/coll_cache_lib/cache_context.cu:3946] before create ctx, mem is 6.88 GB
[2023-04-12 05:55:31.443860: W /samgraph/3rdparty/collcachelib/coll_cache_lib/cache_context.cu:3946] before create ctx, mem is 6.88 GB[2023-04-12 05:55:31.443900: W /samgraph/3rdparty/collcachelib/coll_cache_lib/cache_context.cu:3946] before create ctx, mem is 6.88 GB

[2023-04-12 05:55:37.153250: W /samgraph/3rdparty/collcachelib/coll_cache_lib/cache_context.cu:3946] after create ctx, mem is 8.54 GB
[2023-04-12 05:55:37.153675: W /samgraph/3rdparty/collcachelib/coll_cache_lib/cache_context.cu:3946] after create stream, mem is 8.54 GB
[2023-04-12 05:55:37.174260: W /samgraph/3rdparty/collcachelib/coll_cache_lib/cache_context.cu:3946] after create ctx, mem is 8.54 GB
[2023-04-12 05:55:37.174460: W /samgraph/3rdparty/collcachelib/coll_cache_lib/cache_context.cu:3946] after create stream, mem is 8.54 GB
[2023-04-12 05:55:37.264808: W /samgraph/3rdparty/collcachelib/coll_cache_lib/cache_context.cu:3946] after create ctx, mem is 8.56 GB
[2023-04-12 05:55:37.264941: W /samgraph/3rdparty/collcachelib/coll_cache_lib/cache_context.cu:3946] after create stream, mem is 8.56 GB
[2023-04-12 05:55:37.366126: W /samgraph/3rdparty/collcachelib/coll_cache_lib/cache_context.cu:3946] after create ctx, mem is 8.60 GB
[2023-04-12 05:55:37.366241: W /samgraph/3rdparty/collcachelib/coll_cache_lib/cache_context.cu:3946] after create stream, mem is 8.60 GB
/usr/local/lib/python3.8/dist-packages/torch/nn/parallel/scatter_gather.py:9: UserWarning: is_namedtuple is deprecated, please use the python checks instead
  warnings.warn("is_namedtuple is deprecated, please use the python checks instead")
/usr/local/lib/python3.8/dist-packages/torch/nn/parallel/scatter_gather.py:9: UserWarning: is_namedtuple is deprecated, please use the python checks instead
  warnings.warn("is_namedtuple is deprecated, please use the python checks instead")
/usr/local/lib/python3.8/dist-packages/torch/nn/parallel/scatter_gather.py:9: UserWarning: is_namedtuple is deprecated, please use the python checks instead
  warnings.warn("is_namedtuple is deprecated, please use the python checks instead")
/usr/local/lib/python3.8/dist-packages/torch/nn/parallel/scatter_gather.py:9: UserWarning: is_namedtuple is deprecated, please use the python checks instead
  warnings.warn("is_namedtuple is deprecated, please use the python checks instead")
