succeed=True
[CUDA] cuda: usage: 5.77 GB
0 :  {link #0 : 1}, {link #1 : 2}, {link #2 : 3},
1 :  {link #0 : 2}, {link #1 : 3}, {link #2 : 0},
2 :  {link #0 : 3}, {link #1 : 0}, {link #2 : 1},
3 :  {link #0 : 0}, {link #1 : 1}, {link #2 : 2},
0 :  {link #0 : 1}, {link #1 : 2}, {link #2 : 3},
1 :  {link #0 : 2}, {link #1 : 3}, {link #2 : 0},
2 :  {link #0 : 3}, {link #1 : 0}, {link #2 : 1},
3 :  {link #0 : 0}, {link #1 : 1}, {link #2 : 2},
0 :  {link #0 : 1}, {link #1 : 2}, {link #2 : 3},
1 :  {link #0 : 2}, {link #1 : 3}, {link #2 : 0},
2 :  {link #0 : 3}, {link #1 : 0}, {link #2 : 1},
3 :  {link #0 : 0}, {link #1 : 1}, {link #2 : 2},
0 : local 80, cpu 0 {link #0 : g1 0}, {link #1 : g2 0}, {link #2 : g3 0},
1 : local 80, cpu 0 {link #0 : g2 0}, {link #1 : g3 0}, {link #2 : g0 0},
2 : local 80, cpu 0 {link #0 : g3 0}, {link #1 : g0 0}, {link #2 : g1 0},
3 : local 80, cpu 0 {link #0 : g0 0}, {link #1 : g1 0}, {link #2 : g2 0},
0 : local 80, cpu 0 {link #0 : g1 0}, {link #1 : g2 0}, {link #2 : g3 0},
1 : local 80, cpu 0 {link #0 : g2 0}, {link #1 : g3 0}, {link #2 : g0 0},
2 : local 80, cpu 0 {link #0 : g3 0}, {link #1 : g0 0}, {link #2 : g1 0},
3 : local 80, cpu 0 {link #0 : g0 0}, {link #1 : g1 0}, {link #2 : g2 0},
0 : local 80, cpu 0 {link #0 : g1 0}, {link #1 : g2 0}, {link #2 : g3 0},
1 : local 80, cpu 0 {link #0 : g2 0}, {link #1 : g3 0}, {link #2 : g0 0},
2 : local 80, cpu 0 {link #0 : g3 0}, {link #1 : g0 0}, {link #2 : g1 0},
3 : local 80, cpu 0 {link #0 : g0 0}, {link #1 : g1 0}, {link #2 : g2 0},
0 :  {link #0 : 1}, {link #1 : 2}, {link #2 : 3},
1 :  {link #0 : 2}, {link #1 : 3}, {link #2 : 0},
2 :  {link #0 : 3}, {link #1 : 0}, {link #2 : 1},
3 :  {link #0 : 0}, {link #1 : 1}, {link #2 : 2},
0 : local 80, cpu 0 {link #0 : g1 0}, {link #1 : g2 0}, {link #2 : g3 0},
1 : local 80, cpu 0 {link #0 : g2 0}, {link #1 : g3 0}, {link #2 : g0 0},
2 : local 80, cpu 0 {link #0 : g3 0}, {link #1 : g0 0}, {link #2 : g1 0},
3 : local 80, cpu 0 {link #0 : g0 0}, {link #1 : g1 0}, {link #2 : g2 0},
coll_cache:optimal_rep_storage=0
coll_cache:optimal_part_storage=0.04
coll_cache:optimal_cpu_storage=0.96
coll_cache:optimal_local_storage=0.01
coll_cache:optimal_remote_storage=0.03
coll_cache:optimal_local_rate=0.115835
coll_cache:optimal_remote_rate=0.347504
coll_cache:optimal_cpu_rate=0.536661
z=15907.1,15907.1,15907.1,15907.1,
test_result:init:feat_nbytes=375030526464
test_result:init:cache_nbytes=4125335040
test_result:init:feat_nbytes=375030526464
test_result:init:cache_nbytes=4125335040
test_result:init:feat_nbytes=375030526464
test_result:init:cache_nbytes=4125335040
test_result:init:feat_nbytes=375030526464
test_result:init:cache_nbytes=4125335040
    [Step(average) Profiler Level 1 E3 S999]
        L1  sample           0.003305 | send           0.000000
        L1  recv             0.000000 | copy           0.065296 | convert time 0.000000 | train  0.023085
        L1  feature nbytes    1.36 GB | label nbytes 0.00 Bytes
        L1  id nbytes      0.00 Bytes | graph nbytes 0.00 Bytes
        L1  miss nbytes    0.00 Bytes | remote nbytes 0.00 Bytes
        L1  num nodes               0 | num samples           0
    [Step(average) Profiler Level 2 E3 S999]
        L2  shuffle     0.000000 | core sample  0.000000 | id remap        0.000000
        L2  graph copy  0.000000 | id copy      0.000000 | cache feat copy 0.065296
        L2  last layer sample time 0.000000 | size 0.000000
    [Step(average) Profiler Level 3 E3 S999]
        L3  khop sample coo  0.000000 | khop sort coo      0.000000 | khop count edge     0.000000 | khop compact edge 0.000000
        L3  walk sample coo  0.000000 | walk topk total    0.000000 | walk topk step1     0.000000 | walk topk step2   0.000000
        L3  walk topk step3  0.000000 | walk topk step4    0.000000 | walk topk step5     0.000000
        L3  walk topk step6  0.000000 | walk topk step7    0.000000
        L3  remap unique     0.000000 | remap populate     0.000000 | remap mapnode       0.000000 | remap mapedge     0.000000
        L3  cache get_index  0.000618 | cache copy_index   0.000000 | cache extract_miss  0.000000
        L3  cache copy_miss  0.000000 | cache combine_miss 0.000000 | cache combine cache 0.064636 | cache combine remote 0.000000
        L3  label extract  0.000000
    [Profiler Level Percentiles E3 S999]
        p50.00_tail_logl2featcopy=0.068075
        p90.00_tail_logl2featcopy=0.068856
        p95.00_tail_logl2featcopy=0.069058
        p99.00_tail_logl2featcopy=0.069425
        p99.90_tail_logl2featcopy=0.070822
[CUDA] cuda: usage: 14.45 GB
Rank=3, Graph loaded.
!!!!dist_homo_graph enumerate latency per epoch: 0.011604, per step: 0.000046
presamping
presamping takes 10.277124166488647
Rank=1, Graph loaded.
!!!!dist_homo_graph enumerate latency per epoch: 0.010489, per step: 0.000042
presamping
presamping takes 12.030901193618774
Rank=2, Graph loaded.
!!!!dist_homo_graph enumerate latency per epoch: 0.011936, per step: 0.000048
presamping
presamping takes 13.406697511672974
config:eval_tsp="2023-04-12 02:45:23"
config:num_worker=4
config:root_dir=/nvme/songxiaoniu/graph-learning/wholegraph
config:graph_name=mag240m-homo
config:epochs=4
config:batchsize=2000
config:skip_epoch=2
config:local_step=250
config:presc_epoch=2
config:neighbors=10,25
config:hiddensize=256
config:num_layer=2
config:model=sage
config:framework=dgl
config:dataloaderworkers=0
config:dropout=0.5
config:lr=0.003
config:use_nccl=False
config:use_amp=True
config:use_collcache=True
config:cache_percentage=0.01
config:cache_policy=clique_part
config:omp_thread_num=40
config:unsupervised=True
config:classnum=153
config:global_barrier=<multiprocessing.synchronize.Barrier object at 0x7f04634b2460>
config:worker_id=0
creating_intra_node_communicator root=0, local_size=4, world_size=4
Rank=0, Graph loaded.
!!!!dist_homo_graph enumerate latency per epoch: 0.009627, per step: 0.000039
epoch=4 total_steps=1000
presamping
presamping takes 11.714087009429932
start training...
[Epoch 0], time=24.07709288597107, loss=0.6931472420692444
[Epoch 1], time=22.942740201950073, loss=0.6931472420692444
[Epoch 2], time=22.92485284805298, loss=0.6931472420692444
[Epoch 3], time=22.93919610977173, loss=0.6931472420692444
|===========================================================================|
|                  PyTorch CUDA memory summary, device ID 0                 |
|---------------------------------------------------------------------------|
|            CUDA OOMs: 0            |        cudaMalloc retries: 0         |
|===========================================================================|
|        Metric         | Cur Usage  | Peak Usage | Tot Alloc  | Tot Freed  |
|---------------------------------------------------------------------------|
| Allocated memory      |   89101 KB |  723551 KB |    1935 GB |    1935 GB |
|       from large pool |   77302 KB |  712358 KB |    1916 GB |    1916 GB |
|       from small pool |   11799 KB |   14129 KB |      19 GB |      19 GB |
|---------------------------------------------------------------------------|
| Active memory         |   89101 KB |  723551 KB |    1935 GB |    1935 GB |
|       from large pool |   77302 KB |  712358 KB |    1916 GB |    1916 GB |
|       from small pool |   11799 KB |   14129 KB |      19 GB |      19 GB |
|---------------------------------------------------------------------------|
| GPU reserved memory   |    2844 MB |    2844 MB |    2844 MB |       0 B  |
|       from large pool |    2826 MB |    2826 MB |    2826 MB |       0 B  |
|       from small pool |      18 MB |      18 MB |      18 MB |       0 B  |
|---------------------------------------------------------------------------|
| Non-releasable memory |   68594 KB |    1059 MB |    1290 GB |    1290 GB |
|       from large pool |   66057 KB |    1056 MB |    1267 GB |    1267 GB |
|       from small pool |    2537 KB |       5 MB |      22 GB |      22 GB |
|---------------------------------------------------------------------------|
| Allocations           |      62    |      81    |  213819    |  213757    |
|       from large pool |      15    |      26    |   71531    |   71516    |
|       from small pool |      47    |      58    |  142288    |  142241    |
|---------------------------------------------------------------------------|
| Active allocs         |      62    |      81    |  213819    |  213757    |
|       from large pool |      15    |      26    |   71531    |   71516    |
|       from small pool |      47    |      58    |  142288    |  142241    |
|---------------------------------------------------------------------------|
| GPU reserved segments |      26    |      26    |      26    |       0    |
|       from large pool |      17    |      17    |      17    |       0    |
|       from small pool |       9    |       9    |       9    |       0    |
|---------------------------------------------------------------------------|
| Non-releasable allocs |      24    |      38    |   78862    |   78838    |
|       from large pool |      10    |      17    |   37215    |   37205    |
|       from small pool |      14    |      26    |   41647    |   41633    |
|---------------------------------------------------------------------------|
| Oversize allocations  |       0    |       0    |       0    |       0    |
|---------------------------------------------------------------------------|
| Oversize GPU segments |       0    |       0    |       0    |       0    |
|===========================================================================|

[TRAIN_TIME] train time is 92.886868 seconds
[EPOCH_TIME] 23.221717 seconds, maybe large due to not enough epoch skipped.
[EPOCH_TIME] 22.932203 seconds

