succeed=True
[CUDA] cuda: usage: 5.75 GB
0 :  {link #0 : 1}, {link #1 : 2}, {link #2 : 3},
1 :  {link #0 : 2}, {link #1 : 3}, {link #2 : 0},
2 :  {link #0 : 3}, {link #1 : 0}, {link #2 : 1},
3 :  {link #0 : 0}, {link #1 : 1}, {link #2 : 2},
0 :  {link #0 : 1}, {link #1 : 2}, {link #2 : 3},
1 :  {link #0 : 2}, {link #1 : 3}, {link #2 : 0},
2 :  {link #0 : 3}, {link #1 : 0}, {link #2 : 1},
3 :  {link #0 : 0}, {link #1 : 1}, {link #2 : 2},
0 :  {link #0 : 1}, {link #1 : 2}, {link #2 : 3},
1 :  {link #0 : 2}, {link #1 : 3}, {link #2 : 0},
2 :  {link #0 : 3}, {link #1 : 0}, {link #2 : 1},
3 :  {link #0 : 0}, {link #1 : 1}, {link #2 : 2},
0 : local 80, cpu 0 {link #0 : g1 0}, {link #1 : g2 0}, {link #2 : g3 0},
1 : local 80, cpu 0 {link #0 : g2 0}, {link #1 : g3 0}, {link #2 : g0 0},
2 : local 80, cpu 0 {link #0 : g3 0}, {link #1 : g0 0}, {link #2 : g1 0},
3 : local 80, cpu 0 {link #0 : g0 0}, {link #1 : g1 0}, {link #2 : g2 0},
0 : local 80, cpu 0 {link #0 : g1 0}, {link #1 : g2 0}, {link #2 : g3 0},
1 : local 80, cpu 0 {link #0 : g2 0}, {link #1 : g3 0}, {link #2 : g0 0},
2 : local 80, cpu 0 {link #0 : g3 0}, {link #1 : g0 0}, {link #2 : g1 0},
3 : local 80, cpu 0 {link #0 : g0 0}, {link #1 : g1 0}, {link #2 : g2 0},
0 : local 80, cpu 0 {link #0 : g1 0}, {link #1 : g2 0}, {link #2 : g3 0},
1 : local 80, cpu 0 {link #0 : g2 0}, {link #1 : g3 0}, {link #2 : g0 0},
2 : local 80, cpu 0 {link #0 : g3 0}, {link #1 : g0 0}, {link #2 : g1 0},
3 : local 80, cpu 0 {link #0 : g0 0}, {link #1 : g1 0}, {link #2 : g2 0},
0 :  {link #0 : 1}, {link #1 : 2}, {link #2 : 3},
1 :  {link #0 : 2}, {link #1 : 3}, {link #2 : 0},
2 :  {link #0 : 3}, {link #1 : 0}, {link #2 : 1},
3 :  {link #0 : 0}, {link #1 : 1}, {link #2 : 2},
0 : local 80, cpu 0 {link #0 : g1 0}, {link #1 : g2 0}, {link #2 : g3 0},
1 : local 80, cpu 0 {link #0 : g2 0}, {link #1 : g3 0}, {link #2 : g0 0},
2 : local 80, cpu 0 {link #0 : g3 0}, {link #1 : g0 0}, {link #2 : g1 0},
3 : local 80, cpu 0 {link #0 : g0 0}, {link #1 : g1 0}, {link #2 : g2 0},
coll_cache:optimal_rep_storage=0.002
coll_cache:optimal_part_storage=0
coll_cache:optimal_cpu_storage=0.998
coll_cache:optimal_local_storage=0.002
coll_cache:optimal_remote_storage=0
coll_cache:optimal_local_rate=0.0953808
coll_cache:optimal_remote_rate=0
coll_cache:optimal_cpu_rate=0.904619
z=11442
test_result:init:feat_nbytes=375030526464
test_result:init:cache_nbytes=1125090816
test_result:init:feat_nbytes=375030526464
test_result:init:cache_nbytes=1125090816
test_result:init:feat_nbytes=375030526464
test_result:init:cache_nbytes=1125090816
test_result:init:feat_nbytes=375030526464
test_result:init:cache_nbytes=1125090816
    [Step(average) Profiler Level 1 E3 S999]
        L1  sample           0.002058 | send           0.000000
        L1  recv             0.000000 | copy           0.054919 | convert time 0.000000 | train  0.014953
        L1  feature nbytes  708.64 MB | label nbytes 0.00 Bytes
        L1  id nbytes      0.00 Bytes | graph nbytes 0.00 Bytes
        L1  miss nbytes    0.00 Bytes | remote nbytes 0.00 Bytes
        L1  num nodes               0 | num samples           0
    [Step(average) Profiler Level 2 E3 S999]
        L2  shuffle     0.000000 | core sample  0.000000 | id remap        0.000000
        L2  graph copy  0.000000 | id copy      0.000000 | cache feat copy 0.054919
        L2  last layer sample time 0.000000 | size 0.000000
    [Step(average) Profiler Level 3 E3 S999]
        L3  khop sample coo  0.000000 | khop sort coo      0.000000 | khop count edge     0.000000 | khop compact edge 0.000000
        L3  walk sample coo  0.000000 | walk topk total    0.000000 | walk topk step1     0.000000 | walk topk step2   0.000000
        L3  walk topk step3  0.000000 | walk topk step4    0.000000 | walk topk step5     0.000000
        L3  walk topk step6  0.000000 | walk topk step7    0.000000
        L3  remap unique     0.000000 | remap populate     0.000000 | remap mapnode       0.000000 | remap mapedge     0.000000
        L3  cache get_index  0.000252 | cache copy_index   0.000000 | cache extract_miss  0.000000
        L3  cache copy_miss  0.000000 | cache combine_miss 0.000000 | cache combine cache 0.054627 | cache combine remote 0.000000
        L3  label extract  0.000000
    [Profiler Level Percentiles E3 S999]
        p50.00_tail_logl2featcopy=0.057849
        p90.00_tail_logl2featcopy=0.058632
        p95.00_tail_logl2featcopy=0.058833
        p99.00_tail_logl2featcopy=0.059260
        p99.90_tail_logl2featcopy=0.061443
[CUDA] cuda: usage: 9.23 GB
Rank=2, Graph loaded.
!!!!dist_homo_graph enumerate latency per epoch: 0.010072, per step: 0.000040
presamping
presamping takes 7.3214967250823975
Rank=1, Graph loaded.
!!!!dist_homo_graph enumerate latency per epoch: 0.010295, per step: 0.000041
presamping
presamping takes 7.1953911781311035
Rank=3, Graph loaded.
!!!!dist_homo_graph enumerate latency per epoch: 0.009488, per step: 0.000038
presamping
presamping takes 5.636605262756348
config:eval_tsp="2023-04-12 01:05:00"
config:num_worker=4
config:root_dir=/nvme/songxiaoniu/graph-learning/wholegraph
config:graph_name=mag240m-homo
config:epochs=4
config:batchsize=1000
config:skip_epoch=2
config:local_step=250
config:presc_epoch=2
config:neighbors=10,25
config:hiddensize=256
config:num_layer=2
config:model=sage
config:framework=dgl
config:dataloaderworkers=0
config:dropout=0.5
config:lr=0.003
config:use_nccl=False
config:use_amp=True
config:use_collcache=True
config:cache_percentage=0.002
config:cache_policy=rep
config:omp_thread_num=40
config:unsupervised=True
config:classnum=153
config:global_barrier=<multiprocessing.synchronize.Barrier object at 0x7fe7b8856460>
config:worker_id=0
creating_intra_node_communicator root=0, local_size=4, world_size=4
Rank=0, Graph loaded.
!!!!dist_homo_graph enumerate latency per epoch: 0.010913, per step: 0.000044
epoch=4 total_steps=1000
presamping
presamping takes 6.484384298324585
start training...
[Epoch 0], time=19.135188341140747, loss=0.6931471824645996
[Epoch 1], time=18.004335165023804, loss=0.6931471824645996
[Epoch 2], time=17.997824907302856, loss=0.6931471824645996
[Epoch 3], time=17.98771834373474, loss=0.6931471824645996
|===========================================================================|
|                  PyTorch CUDA memory summary, device ID 0                 |
|---------------------------------------------------------------------------|
|            CUDA OOMs: 0            |        cudaMalloc retries: 0         |
|===========================================================================|
|        Metric         | Cur Usage  | Peak Usage | Tot Alloc  | Tot Freed  |
|---------------------------------------------------------------------------|
| Allocated memory      |   50860 KB |  373893 KB |     994 GB |     994 GB |
|       from large pool |   40477 KB |  364439 KB |     981 GB |     981 GB |
|       from small pool |   10382 KB |   12717 KB |      13 GB |      13 GB |
|---------------------------------------------------------------------------|
| Active memory         |   50860 KB |  373893 KB |     994 GB |     994 GB |
|       from large pool |   40477 KB |  364439 KB |     981 GB |     981 GB |
|       from small pool |   10382 KB |   12717 KB |      13 GB |      13 GB |
|---------------------------------------------------------------------------|
| GPU reserved memory   |    1384 MB |    1384 MB |    1384 MB |       0 B  |
|       from large pool |    1368 MB |    1368 MB |    1368 MB |       0 B  |
|       from small pool |      16 MB |      16 MB |      16 MB |       0 B  |
|---------------------------------------------------------------------------|
| Non-releasable memory |   43348 KB |     777 MB |    1180 GB |    1180 GB |
|       from large pool |   41442 KB |     774 MB |    1165 GB |    1165 GB |
|       from small pool |    1905 KB |       5 MB |      14 GB |      14 GB |
|---------------------------------------------------------------------------|
| Allocations           |      62    |      81    |  213814    |  213752    |
|       from large pool |      15    |      26    |   71527    |   71512    |
|       from small pool |      47    |      58    |  142287    |  142240    |
|---------------------------------------------------------------------------|
| Active allocs         |      62    |      81    |  213814    |  213752    |
|       from large pool |      15    |      26    |   71527    |   71512    |
|       from small pool |      47    |      58    |  142287    |  142240    |
|---------------------------------------------------------------------------|
| GPU reserved segments |      18    |      18    |      18    |       0    |
|       from large pool |      10    |      10    |      10    |       0    |
|       from small pool |       8    |       8    |       8    |       0    |
|---------------------------------------------------------------------------|
| Non-releasable allocs |      22    |      35    |   80338    |   80316    |
|       from large pool |       7    |      15    |   39754    |   39747    |
|       from small pool |      15    |      27    |   40584    |   40569    |
|---------------------------------------------------------------------------|
| Oversize allocations  |       0    |       0    |       0    |       0    |
|---------------------------------------------------------------------------|
| Oversize GPU segments |       0    |       0    |       0    |       0    |
|===========================================================================|

[TRAIN_TIME] train time is 73.138659 seconds
[EPOCH_TIME] 18.284665 seconds, maybe large due to not enough epoch skipped.
[EPOCH_TIME] 17.992896 seconds

