succeed=True
[CUDA] cuda: usage: 5.47 GB
0 :  {link #0 : 1}, {link #1 : 2}, {link #2 : 3},
1 :  {link #0 : 2}, {link #1 : 3}, {link #2 : 0},
2 :  {link #0 : 3}, {link #1 : 0}, {link #2 : 1},
3 :  {link #0 : 0}, {link #1 : 1}, {link #2 : 2},
0 :  {link #0 : 1}, {link #1 : 2}, {link #2 : 3},
1 :  {link #0 : 2}, {link #1 : 3}, {link #2 : 0},
2 :  {link #0 : 3}, {link #1 : 0}, {link #2 : 1},
3 :  {link #0 : 0}, {link #1 : 1}, {link #2 : 2},
0 :  {link #0 : 1}, {link #1 : 2}, {link #2 : 3},
1 :  {link #0 : 2}, {link #1 : 3}, {link #2 : 0},
2 :  {link #0 : 3}, {link #1 : 0}, {link #2 : 1},
3 :  {link #0 : 0}, {link #1 : 1}, {link #2 : 2},
0 : local 72, cpu 8 {link #0 : g1 24}, {link #1 : g2 24}, {link #2 : g3 24},
1 : local 72, cpu 8 {link #0 : g2 24}, {link #1 : g3 24}, {link #2 : g0 24},
2 : local 72, cpu 8 {link #0 : g3 24}, {link #1 : g0 24}, {link #2 : g1 24},
3 : local 72, cpu 8 {link #0 : g0 24}, {link #1 : g1 24}, {link #2 : g2 24},
0 : local 72, cpu 8 {link #0 : g1 24}, {link #1 : g2 24}, {link #2 : g3 24},
1 : local 72, cpu 8 {link #0 : g2 24}, {link #1 : g3 24}, {link #2 : g0 24},
2 : local 72, cpu 8 {link #0 : g3 24}, {link #1 : g0 24}, {link #2 : g1 24},
3 : local 72, cpu 8 {link #0 : g0 24}, {link #1 : g1 24}, {link #2 : g2 24},
0 : local 72, cpu 8 {link #0 : g1 24}, {link #1 : g2 24}, {link #2 : g3 24},
1 : local 72, cpu 8 {link #0 : g2 24}, {link #1 : g3 24}, {link #2 : g0 24},
2 : local 72, cpu 8 {link #0 : g3 24}, {link #1 : g0 24}, {link #2 : g1 24},
3 : local 72, cpu 8 {link #0 : g0 24}, {link #1 : g1 24}, {link #2 : g2 24},
0 :  {link #0 : 1}, {link #1 : 2}, {link #2 : 3},
1 :  {link #0 : 2}, {link #1 : 3}, {link #2 : 0},
2 :  {link #0 : 3}, {link #1 : 0}, {link #2 : 1},
3 :  {link #0 : 0}, {link #1 : 1}, {link #2 : 2},
0 : local 72, cpu 8 {link #0 : g1 24}, {link #1 : g2 24}, {link #2 : g3 24},
1 : local 72, cpu 8 {link #0 : g2 24}, {link #1 : g3 24}, {link #2 : g0 24},
2 : local 72, cpu 8 {link #0 : g3 24}, {link #1 : g0 24}, {link #2 : g1 24},
3 : local 72, cpu 8 {link #0 : g0 24}, {link #1 : g1 24}, {link #2 : g2 24},
coll_cache:optimal_rep_storage=0
coll_cache:optimal_part_storage=0.04
coll_cache:optimal_cpu_storage=0.96
coll_cache:optimal_local_storage=0.00999999
coll_cache:optimal_remote_storage=0.03
coll_cache:optimal_local_rate=0.0922328
coll_cache:optimal_remote_rate=0.276699
coll_cache:optimal_cpu_rate=0.631069
z=86393.7,86393.7,86393.7,86393.7,
test_result:init:feat_nbytes=67182966784
test_result:init:cache_nbytes=739012608
test_result:init:feat_nbytes=67182966784
test_result:init:cache_nbytes=739012608
test_result:init:feat_nbytes=67182966784
test_result:init:cache_nbytes=739012608
test_result:init:feat_nbytes=67182966784
test_result:init:cache_nbytes=739012608
    [Step(average) Profiler Level 1 E3 S999]
        L1  sample           0.004082 | send           0.000000
        L1  recv             0.000000 | copy           0.066490 | convert time 0.000000 | train  0.013387
        L1  feature nbytes    1.19 GB | label nbytes 0.00 Bytes
        L1  id nbytes      0.00 Bytes | graph nbytes 0.00 Bytes
        L1  miss nbytes     770.66 MB | remote nbytes  335.71 MB
        L1  num nodes               0 | num samples           0
    [Step(average) Profiler Level 2 E3 S999]
        L2  shuffle     0.000000 | core sample  0.000000 | id remap        0.000000
        L2  graph copy  0.000000 | id copy      0.000000 | cache feat copy 0.066490
        L2  last layer sample time 0.000000 | size 0.000000
    [Step(average) Profiler Level 3 E3 S999]
        L3  khop sample coo  0.000000 | khop sort coo      0.000000 | khop count edge     0.000000 | khop compact edge 0.000000
        L3  walk sample coo  0.000000 | walk topk total    0.000000 | walk topk step1     0.000000 | walk topk step2   0.000000
        L3  walk topk step3  0.000000 | walk topk step4    0.000000 | walk topk step5     0.000000
        L3  walk topk step6  0.000000 | walk topk step7    0.000000
        L3  remap unique     0.000000 | remap populate     0.000000 | remap mapnode       0.000000 | remap mapedge     0.000000
        L3  cache get_index  0.000732 | cache copy_index   0.000000 | cache extract_miss  0.000000
        L3  cache copy_miss  0.000000 | cache combine_miss 0.065710 | cache combine cache 0.000341 | cache combine remote 0.002953
        L3  label extract  0.000000
    [Profiler Level Percentiles E3 S999]
        p50.00_tail_logl2featcopy=0.065748
        p90.00_tail_logl2featcopy=0.071430
        p95.00_tail_logl2featcopy=0.071600
        p99.00_tail_logl2featcopy=0.071932
        p99.90_tail_logl2featcopy=0.072255
[CUDA] cuda: usage: 12.03 GB
Rank=2, Graph loaded.
!!!!dist_homo_graph enumerate latency per epoch: 0.010069, per step: 0.000040
presamping
presamping takes 11.986573457717896
Rank=3, Graph loaded.
!!!!dist_homo_graph enumerate latency per epoch: 0.010296, per step: 0.000041
presamping
presamping takes 15.415109872817993
Rank=1, Graph loaded.
!!!!dist_homo_graph enumerate latency per epoch: 0.010527, per step: 0.000042
presamping
presamping takes 14.909790277481079
config:eval_tsp="2023-04-11 22:37:16"
config:num_worker=4
config:root_dir=/nvme/songxiaoniu/graph-learning/wholegraph
config:graph_name=com-friendster
config:epochs=4
config:batchsize=2000
config:skip_epoch=2
config:local_step=250
config:presc_epoch=2
config:neighbors=10,25
config:hiddensize=256
config:num_layer=2
config:model=sage
config:framework=dgl
config:dataloaderworkers=0
config:dropout=0.5
config:lr=0.003
config:use_nccl=False
config:use_amp=True
config:use_collcache=True
config:cache_percentage=0.01
config:cache_policy=clique_part
config:omp_thread_num=40
config:unsupervised=True
config:classnum=100
config:global_barrier=<multiprocessing.synchronize.Barrier object at 0x7f2e4eb6a460>
config:worker_id=0
creating_intra_node_communicator root=0, local_size=4, world_size=4
Rank=0, Graph loaded.
!!!!dist_homo_graph enumerate latency per epoch: 0.010032, per step: 0.000040
epoch=4 total_steps=1000
presamping
presamping takes 15.77336573600769
start training...
[Epoch 0], time=22.141393184661865, loss=0.6931472420692444
[Epoch 1], time=21.00605082511902, loss=0.6931472420692444
[Epoch 2], time=20.99801015853882, loss=0.6931472420692444
[Epoch 3], time=21.007320880889893, loss=0.6931472420692444
|===========================================================================|
|                  PyTorch CUDA memory summary, device ID 0                 |
|---------------------------------------------------------------------------|
|            CUDA OOMs: 0            |        cudaMalloc retries: 0         |
|===========================================================================|
|        Metric         | Cur Usage  | Peak Usage | Tot Alloc  | Tot Freed  |
|---------------------------------------------------------------------------|
| Allocated memory      |   82700 KB |     772 MB |    1648 GB |    1647 GB |
|       from large pool |   75385 KB |     766 MB |    1631 GB |    1631 GB |
|       from small pool |    7315 KB |       8 MB |      16 GB |      16 GB |
|---------------------------------------------------------------------------|
| Active memory         |   82700 KB |     772 MB |    1648 GB |    1647 GB |
|       from large pool |   75385 KB |     766 MB |    1631 GB |    1631 GB |
|       from small pool |    7315 KB |       8 MB |      16 GB |      16 GB |
|---------------------------------------------------------------------------|
| GPU reserved memory   |    2636 MB |    2636 MB |    2636 MB |       0 B  |
|       from large pool |    2624 MB |    2624 MB |    2624 MB |       0 B  |
|       from small pool |      12 MB |      12 MB |      12 MB |       0 B  |
|---------------------------------------------------------------------------|
| Non-releasable memory |   56564 KB |    1295 MB |    1709 GB |    1709 GB |
|       from large pool |   53639 KB |    1292 MB |    1692 GB |    1692 GB |
|       from small pool |    2925 KB |       6 MB |      17 GB |      17 GB |
|---------------------------------------------------------------------------|
| Allocations           |      58    |      74    |  204814    |  204756    |
|       from large pool |      12    |      22    |   62527    |   62515    |
|       from small pool |      46    |      57    |  142287    |  142241    |
|---------------------------------------------------------------------------|
| Active allocs         |      58    |      74    |  204814    |  204756    |
|       from large pool |      12    |      22    |   62527    |   62515    |
|       from small pool |      46    |      57    |  142287    |  142241    |
|---------------------------------------------------------------------------|
| GPU reserved segments |      19    |      19    |      19    |       0    |
|       from large pool |      13    |      13    |      13    |       0    |
|       from small pool |       6    |       6    |       6    |       0    |
|---------------------------------------------------------------------------|
| Non-releasable allocs |      23    |      37    |   70675    |   70652    |
|       from large pool |       7    |      16    |   33722    |   33715    |
|       from small pool |      16    |      25    |   36953    |   36937    |
|---------------------------------------------------------------------------|
| Oversize allocations  |       0    |       0    |       0    |       0    |
|---------------------------------------------------------------------------|
| Oversize GPU segments |       0    |       0    |       0    |       0    |
|===========================================================================|

[TRAIN_TIME] train time is 85.154092 seconds
[EPOCH_TIME] 21.288523 seconds, maybe large due to not enough epoch skipped.
[EPOCH_TIME] 21.002817 seconds

