/usr/lib/python3/dist-packages/requests/__init__.py:89: RequestsDependencyWarning: urllib3 (1.26.12) or chardet (3.0.4) doesn't match a supported version!
  warnings.warn("urllib3 ({}) or chardet ({}) doesn't match a supported "
[W socket.cpp:601] [c10d] The client socket has failed to connect to [localhost]:12335 (errno: 99 - Cannot assign requested address).
Rank=1 done reading 16402092 embedding vectors from file /nvme/songxiaoniu/graph-learning/wholegraph/com_friendster/converted/homograph_csr_row_ptr
Rank=3 done reading 16402091 embedding vectors from file /nvme/songxiaoniu/graph-learning/wholegraph/com_friendster/converted/homograph_csr_row_ptr
Rank=2 done reading 16402092 embedding vectors from file /nvme/songxiaoniu/graph-learning/wholegraph/com_friendster/converted/homograph_csr_row_ptr
Rank=0 done reading 16402092 embedding vectors from file /nvme/songxiaoniu/graph-learning/wholegraph/com_friendster/converted/homograph_csr_row_ptr
Rank=3 done reading 903033566 embedding vectors from file /nvme/songxiaoniu/graph-learning/wholegraph/com_friendster/converted/homograph_csr_col_idx
Rank=1 done reading 903033568 embedding vectors from file /nvme/songxiaoniu/graph-learning/wholegraph/com_friendster/converted/homograph_csr_col_idx
Rank=0 done reading 903033568 embedding vectors from file /nvme/songxiaoniu/graph-learning/wholegraph/com_friendster/converted/homograph_csr_col_idx
Rank=2 done reading 903033568 embedding vectors from file /nvme/songxiaoniu/graph-learning/wholegraph/com_friendster/converted/homograph_csr_col_idx
[2023-04-11 22:39:39.471377: E /samgraph/3rdparty/collcachelib/coll_cache_lib/freq_recorder.cc:337] bulk append 4288836 into 0
[2023-04-11 22:39:39.492604: E /samgraph/3rdparty/collcachelib/coll_cache_lib/freq_recorder.cc:347] bulk append 62948693
[2023-04-11 22:39:39.493781: E /samgraph/3rdparty/collcachelib/coll_cache_lib/freq_recorder.cc:337] bulk append 4297026 into 4288836
[2023-04-11 22:39:39.514991: E /samgraph/3rdparty/collcachelib/coll_cache_lib/freq_recorder.cc:347] bulk append 62930673
[2023-04-11 22:39:39.516146: E /samgraph/3rdparty/collcachelib/coll_cache_lib/freq_recorder.cc:337] bulk append 4288393 into 8585862
[2023-04-11 22:39:39.537309: E /samgraph/3rdparty/collcachelib/coll_cache_lib/freq_recorder.cc:347] bulk append 62808121
[2023-04-11 22:39:39.538463: E /samgraph/3rdparty/collcachelib/coll_cache_lib/freq_recorder.cc:337] bulk append 4296314 into 12874255
[2023-04-11 22:39:39.559666: E /samgraph/3rdparty/collcachelib/coll_cache_lib/freq_recorder.cc:347] bulk append 62864521
[2023-04-11 22:39:39.560822: E /samgraph/3rdparty/collcachelib/coll_cache_lib/freq_recorder.cc:337] bulk append 4288607 into 17170569
[2023-04-11 22:39:39.581964: E /samgraph/3rdparty/collcachelib/coll_cache_lib/freq_recorder.cc:347] bulk append 62912269
[2023-04-11 22:39:39.583142: E /samgraph/3rdparty/collcachelib/coll_cache_lib/freq_recorder.cc:337] bulk append 4294655 into 21459176
[2023-04-11 22:39:39.604845: E /samgraph/3rdparty/collcachelib/coll_cache_lib/freq_recorder.cc:347] bulk append 62904834
[2023-04-11 22:39:39.606052: E /samgraph/3rdparty/collcachelib/coll_cache_lib/freq_recorder.cc:337] bulk append 4289822 into 25753831
[2023-04-11 22:39:39.627743: E /samgraph/3rdparty/collcachelib/coll_cache_lib/freq_recorder.cc:347] bulk append 62888650
[2023-04-11 22:39:39.628949: E /samgraph/3rdparty/collcachelib/coll_cache_lib/freq_recorder.cc:337] bulk append 4297381 into 30043653
[2023-04-11 22:39:39.650126: E /samgraph/3rdparty/collcachelib/coll_cache_lib/freq_recorder.cc:347] bulk append 62933736
[2023-04-11 22:39:39.651290: E /samgraph/3rdparty/collcachelib/coll_cache_lib/freq_recorder.cc:337] bulk append 4289675 into 34341034
[2023-04-11 22:39:39.672786: E /samgraph/3rdparty/collcachelib/coll_cache_lib/freq_recorder.cc:347] bulk append 62909804
[2023-04-11 22:39:39.674836: E /samgraph/3rdparty/collcachelib/coll_cache_lib/freq_recorder.cc:337] bulk append 4295213 into 38630709
[2023-04-11 22:39:39.696012: E /samgraph/3rdparty/collcachelib/coll_cache_lib/freq_recorder.cc:347] bulk append 62935452
[2023-04-11 22:39:39.697259: E /samgraph/3rdparty/collcachelib/coll_cache_lib/freq_recorder.cc:337] bulk append 4363975 into 42925922
[2023-04-11 22:39:39.719626: E /samgraph/3rdparty/collcachelib/coll_cache_lib/freq_recorder.cc:347] bulk append 63105619
[2023-04-11 22:39:39.720822: E /samgraph/3rdparty/collcachelib/coll_cache_lib/freq_recorder.cc:337] bulk append 4374083 into 47289897
[2023-04-11 22:39:39.743244: E /samgraph/3rdparty/collcachelib/coll_cache_lib/freq_recorder.cc:347] bulk append 63026521
[2023-04-11 22:39:39.744442: E /samgraph/3rdparty/collcachelib/coll_cache_lib/freq_recorder.cc:337] bulk append 4363021 into 51663980
[2023-04-11 22:39:39.766700: E /samgraph/3rdparty/collcachelib/coll_cache_lib/freq_recorder.cc:347] bulk append 62913287
[2023-04-11 22:39:39.767894: E /samgraph/3rdparty/collcachelib/coll_cache_lib/freq_recorder.cc:337] bulk append 4369598 into 56027001
[2023-04-11 22:39:39.790172: E /samgraph/3rdparty/collcachelib/coll_cache_lib/freq_recorder.cc:347] bulk append 62983097
[2023-04-11 22:39:39.791380: E /samgraph/3rdparty/collcachelib/coll_cache_lib/freq_recorder.cc:337] bulk append 4364964 into 60396599
[2023-04-11 22:39:39.841097: E /samgraph/3rdparty/collcachelib/coll_cache_lib/freq_recorder.cc:347] bulk append 63033958
[2023-04-11 22:39:39.842381: E /samgraph/3rdparty/collcachelib/coll_cache_lib/freq_recorder.cc:337] bulk append 4370935 into 64761563
[2023-04-11 22:39:39.864720: E /samgraph/3rdparty/collcachelib/coll_cache_lib/freq_recorder.cc:347] bulk append 63057237
[2023-04-11 22:39:39.865914: E /samgraph/3rdparty/collcachelib/coll_cache_lib/freq_recorder.cc:337] bulk append 4363211 into 69132498
[2023-04-11 22:39:39.888179: E /samgraph/3rdparty/collcachelib/coll_cache_lib/freq_recorder.cc:347] bulk append 63015247
[2023-04-11 22:39:39.889377: E /samgraph/3rdparty/collcachelib/coll_cache_lib/freq_recorder.cc:337] bulk append 4373143 into 73495709
[2023-04-11 22:39:39.912400: E /samgraph/3rdparty/collcachelib/coll_cache_lib/freq_recorder.cc:347] bulk append 63139101
[2023-04-11 22:39:39.913594: E /samgraph/3rdparty/collcachelib/coll_cache_lib/freq_recorder.cc:337] bulk append 4363804 into 77868852
[2023-04-11 22:39:39.935854: E /samgraph/3rdparty/collcachelib/coll_cache_lib/freq_recorder.cc:347] bulk append 63040860
[2023-04-11 22:39:39.937050: E /samgraph/3rdparty/collcachelib/coll_cache_lib/freq_recorder.cc:337] bulk append 4371239 into 82232656
[2023-04-11 22:39:39.959340: E /samgraph/3rdparty/collcachelib/coll_cache_lib/freq_recorder.cc:347] bulk append 63137245
[2023-04-11 22:39:39.960562: E /samgraph/3rdparty/collcachelib/coll_cache_lib/freq_recorder.cc:337] bulk append 4351083 into 86603895
[2023-04-11 22:39:39.982040: E /samgraph/3rdparty/collcachelib/coll_cache_lib/freq_recorder.cc:347] bulk append 62617172
[2023-04-11 22:39:39.983199: E /samgraph/3rdparty/collcachelib/coll_cache_lib/freq_recorder.cc:337] bulk append 4358900 into 90954978
[2023-04-11 22:39:40.  4656: E /samgraph/3rdparty/collcachelib/coll_cache_lib/freq_recorder.cc:347] bulk append 62539488
[2023-04-11 22:39:40.  5851: E /samgraph/3rdparty/collcachelib/coll_cache_lib/freq_recorder.cc:337] bulk append 4349310 into 95313878
[2023-04-11 22:39:40. 27290: E /samgraph/3rdparty/collcachelib/coll_cache_lib/freq_recorder.cc:347] bulk append 62464619
[2023-04-11 22:39:40. 28482: E /samgraph/3rdparty/collcachelib/coll_cache_lib/freq_recorder.cc:337] bulk append 4357273 into 99663188
[2023-04-11 22:39:40. 49931: E /samgraph/3rdparty/collcachelib/coll_cache_lib/freq_recorder.cc:347] bulk append 62505122
[2023-04-11 22:39:40. 51133: E /samgraph/3rdparty/collcachelib/coll_cache_lib/freq_recorder.cc:337] bulk append 4351183 into 104020461
[2023-04-11 22:39:40. 72591: E /samgraph/3rdparty/collcachelib/coll_cache_lib/freq_recorder.cc:347] bulk append 62528890
[2023-04-11 22:39:40. 73783: E /samgraph/3rdparty/collcachelib/coll_cache_lib/freq_recorder.cc:337] bulk append 4358790 into 108371644
[2023-04-11 22:39:40. 95243: E /samgraph/3rdparty/collcachelib/coll_cache_lib/freq_recorder.cc:347] bulk append 62586252
[2023-04-11 22:39:40. 96435: E /samgraph/3rdparty/collcachelib/coll_cache_lib/freq_recorder.cc:337] bulk append 4350263 into 112730434
[2023-04-11 22:39:40.117880: E /samgraph/3rdparty/collcachelib/coll_cache_lib/freq_recorder.cc:347] bulk append 62554204
[2023-04-11 22:39:40.119078: E /samgraph/3rdparty/collcachelib/coll_cache_lib/freq_recorder.cc:337] bulk append 4358450 into 117080697
[2023-04-11 22:39:40.140542: E /samgraph/3rdparty/collcachelib/coll_cache_lib/freq_recorder.cc:347] bulk append 62670651
[2023-04-11 22:39:40.141733: E /samgraph/3rdparty/collcachelib/coll_cache_lib/freq_recorder.cc:337] bulk append 4352312 into 121439147
[2023-04-11 22:39:40.163180: E /samgraph/3rdparty/collcachelib/coll_cache_lib/freq_recorder.cc:347] bulk append 62620838
[2023-04-11 22:39:40.164371: E /samgraph/3rdparty/collcachelib/coll_cache_lib/freq_recorder.cc:337] bulk append 4356031 into 125791459
[2023-04-11 22:39:40.185807: E /samgraph/3rdparty/collcachelib/coll_cache_lib/freq_recorder.cc:347] bulk append 62657658
[2023-04-11 22:39:40.187026: E /samgraph/3rdparty/collcachelib/coll_cache_lib/freq_recorder.cc:337] bulk append 4239895 into 130147490
[2023-04-11 22:39:40.208057: E /samgraph/3rdparty/collcachelib/coll_cache_lib/freq_recorder.cc:347] bulk append 61013682
[2023-04-11 22:39:40.209243: E /samgraph/3rdparty/collcachelib/coll_cache_lib/freq_recorder.cc:337] bulk append 4246336 into 134387385
[2023-04-11 22:39:40.230250: E /samgraph/3rdparty/collcachelib/coll_cache_lib/freq_recorder.cc:347] bulk append 60866532
[2023-04-11 22:39:40.231430: E /samgraph/3rdparty/collcachelib/coll_cache_lib/freq_recorder.cc:337] bulk append 4237644 into 138633721
[2023-04-11 22:39:40.253004: E /samgraph/3rdparty/collcachelib/coll_cache_lib/freq_recorder.cc:347] bulk append 60848763
[2023-04-11 22:39:40.254189: E /samgraph/3rdparty/collcachelib/coll_cache_lib/freq_recorder.cc:337] bulk append 4245509 into 142871365
[2023-04-11 22:39:40.275750: E /samgraph/3rdparty/collcachelib/coll_cache_lib/freq_recorder.cc:347] bulk append 60906943
[2023-04-11 22:39:40.276936: E /samgraph/3rdparty/collcachelib/coll_cache_lib/freq_recorder.cc:337] bulk append 4238292 into 147116874
[2023-04-11 22:39:40.298288: E /samgraph/3rdparty/collcachelib/coll_cache_lib/freq_recorder.cc:347] bulk append 60905284
[2023-04-11 22:39:40.299464: E /samgraph/3rdparty/collcachelib/coll_cache_lib/freq_recorder.cc:337] bulk append 4246107 into 151355166
[2023-04-11 22:39:40.320492: E /samgraph/3rdparty/collcachelib/coll_cache_lib/freq_recorder.cc:347] bulk append 60942714
[2023-04-11 22:39:40.321653: E /samgraph/3rdparty/collcachelib/coll_cache_lib/freq_recorder.cc:337] bulk append 4237893 into 155601273
[2023-04-11 22:39:40.343256: E /samgraph/3rdparty/collcachelib/coll_cache_lib/freq_recorder.cc:347] bulk append 60929695
[2023-04-11 22:39:40.344439: E /samgraph/3rdparty/collcachelib/coll_cache_lib/freq_recorder.cc:337] bulk append 4247801 into 159839166
[2023-04-11 22:39:40.366047: E /samgraph/3rdparty/collcachelib/coll_cache_lib/freq_recorder.cc:347] bulk append 61076118
[2023-04-11 22:39:40.367243: E /samgraph/3rdparty/collcachelib/coll_cache_lib/freq_recorder.cc:337] bulk append 4239317 into 164086967
[2023-04-11 22:39:40.388799: E /samgraph/3rdparty/collcachelib/coll_cache_lib/freq_recorder.cc:347] bulk append 61023671
[2023-04-11 22:39:40.389981: E /samgraph/3rdparty/collcachelib/coll_cache_lib/freq_recorder.cc:337] bulk append 4244963 into 168326284
[2023-04-11 22:39:40.411315: E /samgraph/3rdparty/collcachelib/coll_cache_lib/freq_recorder.cc:347] bulk append 61012606
[2023-04-11 22:39:40.412503: E /samgraph/3rdparty/collcachelib/coll_cache_lib/freq_recorder.cc:266] freq recorder global combining
[2023-04-11 22:39:40.412537: E /samgraph/3rdparty/collcachelib/coll_cache_lib/run_config.cc:140] using concurrent impl MPSPhase
[[2023-04-11 22:39:402023-04-11 22:39:40..412574412576: : EE  /samgraph/3rdparty/collcachelib/coll_cache_lib/run_config.cc/samgraph/3rdparty/collcachelib/coll_cache_lib/facade.cc::140[409] ] using concurrent impl MPSPhase2023-04-11 22:39:40before scale, dtype is 0, dim is 256
.
412628[: 2023-04-11 22:39:40[E.2023-04-11 22:39:40 412698./samgraph/3rdparty/collcachelib/coll_cache_lib/run_config.cc: 412702:E: 140 E] /samgraph/3rdparty/collcachelib/coll_cache_lib/facade.cc using concurrent impl MPSPhase:/samgraph/3rdparty/collcachelib/coll_cache_lib/facade.cc
409:] 415before scale, dtype is 0, dim is 256[] 
2023-04-11 22:39:40after scale, dtype is 7, new dim is 64.[
4127982023-04-11 22:39:40: .E412820 : /samgraph/3rdparty/collcachelib/coll_cache_lib/facade.ccE: 409/samgraph/3rdparty/collcachelib/coll_cache_lib/facade.cc] :before scale, dtype is 0, dim is 256415
] after scale, dtype is 7, new dim is 64
[2023-04-11 22:39:40.412873: E /samgraph/3rdparty/collcachelib/coll_cache_lib/facade.cc:415] after scale, dtype is 7, new dim is 64
[2023-04-11 22:39:40.413722: E /samgraph/3rdparty/collcachelib/coll_cache_lib/coll_cache/asymm_link_desc.cc:201] assigning 8 to cpu
[2023-04-11 22:39:40.[4137722023-04-11 22:39:40: .E[413777 2023-04-11 22:39:40: /samgraph/3rdparty/collcachelib/coll_cache_lib/coll_cache/asymm_link_desc.cc.E:413799 201: /samgraph/3rdparty/collcachelib/coll_cache_lib/coll_cache/asymm_link_desc.cc] E:assigning 8 to cpu 218
/samgraph/3rdparty/collcachelib/coll_cache_lib/coll_cache/asymm_link_desc.cc] :build symm link desc with 4X Tesla V100-SXM2-16GB out of 4201
] assigning 8 to cpu
[[2023-04-11 22:39:402023-04-11 22:39:40..413932413931: : EE[  2023-04-11 22:39:40/samgraph/3rdparty/collcachelib/coll_cache_lib/coll_cache/asymm_link_desc.cc/samgraph/3rdparty/collcachelib/coll_cache_lib/coll_cache/asymm_link_desc.cc.::413967219218: ] ] Ebuild symm link desc with 4X Tesla V100-SXM2-16GB out of 4remote time is 9.21053 

/samgraph/3rdparty/collcachelib/coll_cache_lib/coll_cache/asymm_link_desc.cc:218] [build symm link desc with 4X Tesla V100-SXM2-16GB out of 42023-04-11 22:39:40
.[4140602023-04-11 22:39:40: .E[414074 2023-04-11 22:39:40: /samgraph/3rdparty/collcachelib/coll_cache_lib/coll_cache/asymm_link_desc.cc.E:414096 220: /samgraph/3rdparty/collcachelib/coll_cache_lib/coll_cache/asymm_link_desc.cc] E:cpu time is 31.8182 219
/samgraph/3rdparty/collcachelib/coll_cache_lib/coll_cache/asymm_link_desc.cc] :remote time is 9.21053219
] remote time is 9.21053
[[2023-04-11 22:39:40[2023-04-11 22:39:40.2023-04-11 22:39:40.414196.414193: 414202: E: E E /samgraph/3rdparty/collcachelib/coll_cache_lib/coll_cache/asymm_link_desc.cc /samgraph/3rdparty/collcachelib/coll_cache_lib/facade.cc:/samgraph/3rdparty/collcachelib/coll_cache_lib/coll_cache/asymm_link_desc.cc:220:425] 220] cpu time is 31.8182] registering cpu data with 16.00 GB
cpu time is 31.8182

[2023-04-11 22:39:40.414341: E /samgraph/3rdparty/collcachelib/coll_cache_lib/facade.cc[:2023-04-11 22:39:40425.] 414354registering cpu data with 16.00 GB: 
E /samgraph/3rdparty/collcachelib/coll_cache_lib/facade.cc:425] registering cpu data with 16.00 GB
[2023-04-11 22:39:43.260473: E /samgraph/3rdparty/collcachelib/coll_cache_lib/facade.cc:427] registering cpu data done.
[2023-04-11 22:39:43.260904: E /samgraph/3rdparty/collcachelib/coll_cache_lib/facade.cc:427] registering cpu data done.
[2023-04-11 22:39:43.274978: E /samgraph/3rdparty/collcachelib/coll_cache_lib/facade.cc:427] registering cpu data done.
[2023-04-11 22:39:48.285109: E /samgraph/3rdparty/collcachelib/coll_cache_lib/freq_recorder.cc:269] freq recorder global combine from 172571247 to 57344709
[2023-04-11 22:39:54.849424: E /samgraph/3rdparty/collcachelib/coll_cache_lib/freq_recorder.cc:286] top 5 freq is 1685,1626,1617,1616,1615
[2023-04-11 22:39:54.849606: E /samgraph/3rdparty/collcachelib/coll_cache_lib/run_config.cc:140] using concurrent impl MPSPhase
[2023-04-11 22:39:54.849646: E /samgraph/3rdparty/collcachelib/coll_cache_lib/facade.cc:409] before scale, dtype is 0, dim is 256
[2023-04-11 22:39:54.849680: E /samgraph/3rdparty/collcachelib/coll_cache_lib/facade.cc:415] after scale, dtype is 7, new dim is 64
[2023-04-11 22:39:54.850036: E /samgraph/3rdparty/collcachelib/coll_cache_lib/coll_cache/asymm_link_desc.cc:201] assigning 8 to cpu
[2023-04-11 22:39:54.850109: E /samgraph/3rdparty/collcachelib/coll_cache_lib/coll_cache/asymm_link_desc.cc:218] build symm link desc with 4X Tesla V100-SXM2-16GB out of 4
[2023-04-11 22:39:54.850181: E /samgraph/3rdparty/collcachelib/coll_cache_lib/coll_cache/asymm_link_desc.cc:219] remote time is 9.21053
[2023-04-11 22:39:54.850216: E /samgraph/3rdparty/collcachelib/coll_cache_lib/coll_cache/asymm_link_desc.cc:220] cpu time is 31.8182
[2023-04-11 22:39:54.850269: E /samgraph/3rdparty/collcachelib/coll_cache_lib/facade.cc:425] registering cpu data with 16.00 GB
[2023-04-11 22:39:56.372751: E /samgraph/3rdparty/collcachelib/coll_cache_lib/facade.cc:427] registering cpu data done.
[2023-04-11 22:39:56.372845: E /samgraph/3rdparty/collcachelib/coll_cache_lib/facade.cc:174] creating solver
[2023-04-11 22:39:56.372875: E /samgraph/3rdparty/collcachelib/coll_cache_lib/facade.cc:214] solver created. now build & solve
[2023-04-11 22:39:56.751724: E /samgraph/3rdparty/collcachelib/coll_cache_lib/facade.cc:218] solver built. now solve
block 0 storage is 00000001
	access is	0	0	0	0	
block 1 storage is 00000010
	access is	1	1	1	1	
block 2 storage is 00000100
	access is	2	2	2	2	
block 3 storage is 00001000
	access is	3	3	3	3	
block 4 storage is 00000000
	access is	4	4	4	4	
[2023-04-11 22:39:56.923534: E /samgraph/3rdparty/collcachelib/coll_cache_lib/facade.cc:222] solver solved
[2023-04-11 22:39:56.925017: E /samgraph/3rdparty/collcachelib/coll_cache_lib/facade.cc:437] 0 solved master
[2023-04-11 22:39:56.925067: E /samgraph/3rdparty/collcachelib/coll_cache_lib/facade.cc:444] 0 solved
[2023-04-11 22:39:56.925100: E /samgraph/3rdparty/collcachelib/coll_cache_lib/facade.cc:447] worker 0 thread 0 initing device 0
[2023-04-11 22:39:56.926017: E /samgraph/3rdparty/collcachelib/coll_cache_lib/cache_context.cu:2308] Building Coll Cache with ... num gpu device is 4
[2023-04-11 22:39:56.926137: E /samgraph/3rdparty/collcachelib/coll_cache_lib/cuda/cache_hashtable.cuh:611] per src size local is 721791
[2023-04-11 22:39:56.937687: E /samgraph/3rdparty/collcachelib/coll_cache_lib/facade.cc:444] 2 solved
[2023-04-11 22:39:56.937812: E /samgraph/3rdparty/collcachelib/coll_cache_lib/facade.cc:447] worker 0 thread 2 initing device 2
[2023-04-11 22:39:56.938489: E /samgraph/3rdparty/collcachelib/coll_cache_lib/cache_context.cu:2308] Building Coll Cache with ... num gpu device is 4
[2023-04-11 22:39:56.945958: E /samgraph/3rdparty/collcachelib/coll_cache_lib/facade.cc:444] 3 solved
[2023-04-11 22:39:56.946063: E /samgraph/3rdparty/collcachelib/coll_cache_lib/facade.cc:447] worker 0 thread 3 initing device 3
[2023-04-11 22:39:56.946116: E /samgraph/3rdparty/collcachelib/coll_cache_lib/facade.cc:444] 1 solved
[2023-04-11 22:39:56.946212: E /samgraph/3rdparty/collcachelib/coll_cache_lib/facade.cc:447] worker 0 thread 1 initing device 1
[2023-04-11 22:39:56.946697: E /samgraph/3rdparty/collcachelib/coll_cache_lib/cache_context.cu:2308] Building Coll Cache with ... num gpu device is 4
[2023-04-11 22:39:56.946981: E /samgraph/3rdparty/collcachelib/coll_cache_lib/cache_context.cu:2350] num cpu nodes is 62984034
[2023-04-11 22:39:56.947019: E /samgraph/3rdparty/collcachelib/coll_cache_lib/cache_context.cu:2308] Building Coll Cache with ... num gpu device is 4
[2023-04-11 22:39:56.967034: E /samgraph/3rdparty/collcachelib/coll_cache_lib/cache_context.cu:2350] num cpu nodes is 62984034
[2023-04-11 22:39:56.977473: E /samgraph/3rdparty/collcachelib/coll_cache_lib/cache_context.cu:2350] num cpu nodes is 62984034
[2023-04-11 22:39:56.979082: E /samgraph/3rdparty/collcachelib/coll_cache_lib/cache_context.cu:2350] num cpu nodes is 62984034
[2023-04-11 22:39:57.  4891: E /samgraph/3rdparty/collcachelib/coll_cache_lib/cuda/cache_hashtable.cu:355] create a hashtable with 2624332 possible elem, scale to 8388608
[2023-04-11 22:39:57.  4956: E /samgraph/3rdparty/collcachelib/coll_cache_lib/cuda/cache_hashtable.cu:360] SimpleHashTable allocating 64.00 MB
[2023-04-11 22:39:57. 23599: E /samgraph/3rdparty/collcachelib/coll_cache_lib/cuda/cache_hashtable.cu:355] create a hashtable with 2624332 possible elem, scale to 8388608
[2023-04-11 22:39:57. 23673: E /samgraph/3rdparty/collcachelib/coll_cache_lib/cuda/cache_hashtable.cu:360] SimpleHashTable allocating 64.00 MB
[2023-04-11 22:39:57. 34186: E /samgraph/3rdparty/collcachelib/coll_cache_lib/cuda/cache_hashtable.cu:355] create a hashtable with 2624332 possible elem, scale to 8388608
[2023-04-11 22:39:57. 34239: E /samgraph/3rdparty/collcachelib/coll_cache_lib/cuda/cache_hashtable.cu:360] SimpleHashTable allocating 64.00 MB
[2023-04-11 22:39:57. 35987: E /samgraph/3rdparty/collcachelib/coll_cache_lib/cuda/cache_hashtable.cu:355] create a hashtable with 2624332 possible elem, scale to 8388608
[2023-04-11 22:39:57. 36042: E /samgraph/3rdparty/collcachelib/coll_cache_lib/cuda/cache_hashtable.cu:360] SimpleHashTable allocating 64.00 MB
[2023-04-11 22:39:57. 55644: E /samgraph/3rdparty/collcachelib/coll_cache_lib/common.cc:107] too many mem allocated for forcescale?721692->65609
[2023-04-11 22:39:57. 56387: E /samgraph/3rdparty/collcachelib/coll_cache_lib/common.cc:107] too many mem allocated for forcescale?721692->65609
[2023-04-11 22:39:57. 56496: E /samgraph/3rdparty/collcachelib/coll_cache_lib/common.cc:107] too many mem allocated for forcescale?721692->65609
[2023-04-11 22:39:57. 56534: E /samgraph/3rdparty/collcachelib/coll_cache_lib/common.cc:107] too many mem allocated for forcescale?721692->65609
[2023-04-11 22:39:57. 56865: E /samgraph/3rdparty/collcachelib/coll_cache_lib/cache_context.cu:2427] Asymm Coll cache (policy: clique_part) | local 656083 / 65608366 nodes ( 1.00 %~1.00 %) | remote 1968249 / 65608366 nodes ( 3.00 %) | cpu 62984034 / 65608366 nodes ( 96.00 %) | 704.78 MB | 0.118324 secs 
[2023-04-11 22:39:57. 82561: E /samgraph/3rdparty/collcachelib/coll_cache_lib/cache_context.cu:2427] Asymm Coll cache (policy: clique_part) | local 656083 / 65608366 nodes ( 1.00 %~1.00 %) | remote 1968249 / 65608366 nodes ( 3.00 %) | cpu 62984034 / 65608366 nodes ( 96.00 %) | 704.78 MB | 0.156505 secs 
[2023-04-11 22:39:57. 82957: W /samgraph/3rdparty/collcachelib/coll_cache_lib/cache_context.cu:3946] before create ctx, mem is 6.26 GB
[2023-04-11 22:39:57. 83149: W /samgraph/3rdparty/collcachelib/coll_cache_lib/cache_context.cu:3946] before create ctx, mem is 6.26 GB
[2023-04-11 22:39:57. 83280: W /samgraph/3rdparty/collcachelib/coll_cache_lib/cache_context.cu:3946] before create ctx, mem is 6.26 GB
[2023-04-11 22:39:57. 86543: W /samgraph/3rdparty/collcachelib/coll_cache_lib/cache_context.cu:3946] before create ctx, mem is 6.26 GB
[2023-04-11 22:39:57. 90545: E /samgraph/3rdparty/collcachelib/coll_cache_lib/cache_context.cu:2427] Asymm Coll cache (policy: clique_part) | local 656083 / 65608366 nodes ( 1.00 %~1.00 %) | remote 1968249 / 65608366 nodes ( 3.00 %) | cpu 62984034 / 65608366 nodes ( 96.00 %) | 704.78 MB | 0.143487 secs 
[2023-04-11 22:39:57.102539: E /samgraph/3rdparty/collcachelib/coll_cache_lib/cache_context.cu:2427] Asymm Coll cache (policy: clique_part) | local 656083 / 65608366 nodes ( 1.00 %~1.00 %) | remote 1968249 / 65608366 nodes ( 3.00 %) | cpu 62984034 / 65608366 nodes ( 96.00 %) | 704.78 MB | 0.155802 secs 
[2023-04-11 22:40:02.206422: W /samgraph/3rdparty/collcachelib/coll_cache_lib/cache_context.cu:3946] after create ctx, mem is 7.88 GB
[2023-04-11 22:40:02.206592: W /samgraph/3rdparty/collcachelib/coll_cache_lib/cache_context.cu:3946] after create stream, mem is 7.88 GB
[2023-04-11 22:40:02.296803: W /samgraph/3rdparty/collcachelib/coll_cache_lib/cache_context.cu:3946] after create ctx, mem is 7.92 GB
[2023-04-11 22:40:02.296966: W /samgraph/3rdparty/collcachelib/coll_cache_lib/cache_context.cu:3946] after create stream, mem is 7.92 GB
[2023-04-11 22:40:02.433439: W /samgraph/3rdparty/collcachelib/coll_cache_lib/cache_context.cu:3946] after create ctx, mem is 7.97 GB
[2023-04-11 22:40:02.433569: W /samgraph/3rdparty/collcachelib/coll_cache_lib/cache_context.cu:3946] after create stream, mem is 7.97 GB
[2023-04-11 22:40:02.469159: W /samgraph/3rdparty/collcachelib/coll_cache_lib/cache_context.cu:3946] after create ctx, mem is 7.98 GB
[2023-04-11 22:40:02.469259: W /samgraph/3rdparty/collcachelib/coll_cache_lib/cache_context.cu:3946] after create stream, mem is 7.98 GB
/usr/local/lib/python3.8/dist-packages/torch/nn/parallel/scatter_gather.py:9: UserWarning: is_namedtuple is deprecated, please use the python checks instead
  warnings.warn("is_namedtuple is deprecated, please use the python checks instead")
/usr/local/lib/python3.8/dist-packages/torch/nn/parallel/scatter_gather.py:9: UserWarning: is_namedtuple is deprecated, please use the python checks instead
  warnings.warn("is_namedtuple is deprecated, please use the python checks instead")
/usr/local/lib/python3.8/dist-packages/torch/nn/parallel/scatter_gather.py:9: UserWarning: is_namedtuple is deprecated, please use the python checks instead
  warnings.warn("is_namedtuple is deprecated, please use the python checks instead")
/usr/local/lib/python3.8/dist-packages/torch/nn/parallel/scatter_gather.py:9: UserWarning: is_namedtuple is deprecated, please use the python checks instead
  warnings.warn("is_namedtuple is deprecated, please use the python checks instead")
