succeed=True
[CUDA] cuda: usage: 5.77 GB
0 :  {link #0 : 1}, {link #1 : 2}, {link #2 : 3},
1 :  {link #0 : 2}, {link #1 : 3}, {link #2 : 0},
2 :  {link #0 : 3}, {link #1 : 0}, {link #2 : 1},
3 :  {link #0 : 0}, {link #1 : 1}, {link #2 : 2},
0 :  {link #0 : 1}, {link #1 : 2}, {link #2 : 3},
1 :  {link #0 : 2}, {link #1 : 3}, {link #2 : 0},
2 :  {link #0 : 3}, {link #1 : 0}, {link #2 : 1},
3 :  {link #0 : 0}, {link #1 : 1}, {link #2 : 2},
0 :  {link #0 : 1}, {link #1 : 2}, {link #2 : 3},
1 :  {link #0 : 2}, {link #1 : 3}, {link #2 : 0},
2 :  {link #0 : 3}, {link #1 : 0}, {link #2 : 1},
3 :  {link #0 : 0}, {link #1 : 1}, {link #2 : 2},
0 : local 72, cpu 8 {link #0 : g1 24}, {link #1 : g2 24}, {link #2 : g3 24},
1 : local 72, cpu 8 {link #0 : g2 24}, {link #1 : g3 24}, {link #2 : g0 24},
2 : local 72, cpu 8 {link #0 : g3 24}, {link #1 : g0 24}, {link #2 : g1 24},
3 : local 72, cpu 8 {link #0 : g0 24}, {link #1 : g1 24}, {link #2 : g2 24},
0 : local 72, cpu 8 {link #0 : g1 24}, {link #1 : g2 24}, {link #2 : g3 24},
1 : local 72, cpu 8 {link #0 : g2 24}, {link #1 : g3 24}, {link #2 : g0 24},
2 : local 72, cpu 8 {link #0 : g3 24}, {link #1 : g0 24}, {link #2 : g1 24},
3 : local 72, cpu 8 {link #0 : g0 24}, {link #1 : g1 24}, {link #2 : g2 24},
0 : local 72, cpu 8 {link #0 : g1 24}, {link #1 : g2 24}, {link #2 : g3 24},
1 : local 72, cpu 8 {link #0 : g2 24}, {link #1 : g3 24}, {link #2 : g0 24},
2 : local 72, cpu 8 {link #0 : g3 24}, {link #1 : g0 24}, {link #2 : g1 24},
3 : local 72, cpu 8 {link #0 : g0 24}, {link #1 : g1 24}, {link #2 : g2 24},
0 :  {link #0 : 1}, {link #1 : 2}, {link #2 : 3},
1 :  {link #0 : 2}, {link #1 : 3}, {link #2 : 0},
2 :  {link #0 : 3}, {link #1 : 0}, {link #2 : 1},
3 :  {link #0 : 0}, {link #1 : 1}, {link #2 : 2},
0 : local 72, cpu 8 {link #0 : g1 24}, {link #1 : g2 24}, {link #2 : g3 24},
1 : local 72, cpu 8 {link #0 : g2 24}, {link #1 : g3 24}, {link #2 : g0 24},
2 : local 72, cpu 8 {link #0 : g3 24}, {link #1 : g0 24}, {link #2 : g1 24},
3 : local 72, cpu 8 {link #0 : g0 24}, {link #1 : g1 24}, {link #2 : g2 24},
coll_cache:optimal_rep_storage=0.002
coll_cache:optimal_part_storage=0
coll_cache:optimal_cpu_storage=0.998
coll_cache:optimal_local_storage=0.002
coll_cache:optimal_remote_storage=0
coll_cache:optimal_local_rate=0.0888993
coll_cache:optimal_remote_rate=0
coll_cache:optimal_cpu_rate=0.911101
z=22677.7
test_result:init:feat_nbytes=375030526464
test_result:init:cache_nbytes=1125090816
test_result:init:feat_nbytes=375030526464
test_result:init:cache_nbytes=1125090816
test_result:init:feat_nbytes=375030526464
test_result:init:cache_nbytes=1125090816
test_result:init:feat_nbytes=375030526464
test_result:init:cache_nbytes=1125090816
    [Step(average) Profiler Level 1 E3 S999]
        L1  sample           0.003345 | send           0.000000
        L1  recv             0.000000 | copy           0.108671 | convert time 0.000000 | train  0.026603
        L1  feature nbytes    1.36 GB | label nbytes 0.00 Bytes
        L1  id nbytes      0.00 Bytes | graph nbytes 0.00 Bytes
        L1  miss nbytes       1.24 GB | remote nbytes 0.00 Bytes
        L1  num nodes               0 | num samples           0
    [Step(average) Profiler Level 2 E3 S999]
        L2  shuffle     0.000000 | core sample  0.000000 | id remap        0.000000
        L2  graph copy  0.000000 | id copy      0.000000 | cache feat copy 0.108671
        L2  last layer sample time 0.000000 | size 0.000000
    [Step(average) Profiler Level 3 E3 S999]
        L3  khop sample coo  0.000000 | khop sort coo      0.000000 | khop count edge     0.000000 | khop compact edge 0.000000
        L3  walk sample coo  0.000000 | walk topk total    0.000000 | walk topk step1     0.000000 | walk topk step2   0.000000
        L3  walk topk step3  0.000000 | walk topk step4    0.000000 | walk topk step5     0.000000
        L3  walk topk step6  0.000000 | walk topk step7    0.000000
        L3  remap unique     0.000000 | remap populate     0.000000 | remap mapnode       0.000000 | remap mapedge     0.000000
        L3  cache get_index  0.000409 | cache copy_index   0.000000 | cache extract_miss  0.000000
        L3  cache copy_miss  0.000000 | cache combine_miss 0.108209 | cache combine cache 0.000546 | cache combine remote 0.000000
        L3  label extract  0.000000
    [Profiler Level Percentiles E3 S999]
        p50.00_tail_logl2featcopy=0.114626
        p90.00_tail_logl2featcopy=0.115749
        p95.00_tail_logl2featcopy=0.116056
        p99.00_tail_logl2featcopy=0.116535
        p99.90_tail_logl2featcopy=0.119394
[CUDA] cuda: usage: 14.00 GB
Rank=1, Graph loaded.
!!!!dist_homo_graph enumerate latency per epoch: 0.011078, per step: 0.000044
presamping
presamping takes 11.835690021514893
Rank=3, Graph loaded.
!!!!dist_homo_graph enumerate latency per epoch: 0.010204, per step: 0.000041
presamping
presamping takes 11.811963319778442
Rank=2, Graph loaded.
!!!!dist_homo_graph enumerate latency per epoch: 0.010895, per step: 0.000044
presamping
presamping takes 16.35665273666382
config:eval_tsp="2023-04-12 02:10:02"
config:num_worker=4
config:root_dir=/nvme/songxiaoniu/graph-learning/wholegraph
config:graph_name=mag240m-homo
config:epochs=4
config:batchsize=2000
config:skip_epoch=2
config:local_step=250
config:presc_epoch=2
config:neighbors=10,25
config:hiddensize=256
config:num_layer=2
config:model=sage
config:framework=dgl
config:dataloaderworkers=0
config:dropout=0.5
config:lr=0.003
config:use_nccl=False
config:use_amp=True
config:use_collcache=True
config:cache_percentage=0.002
config:cache_policy=rep
config:omp_thread_num=40
config:unsupervised=True
config:classnum=153
config:global_barrier=<multiprocessing.synchronize.Barrier object at 0x7fb097570460>
config:worker_id=0
creating_intra_node_communicator root=0, local_size=4, world_size=4
Rank=0, Graph loaded.
!!!!dist_homo_graph enumerate latency per epoch: 0.010766, per step: 0.000043
epoch=4 total_steps=1000
presamping
presamping takes 14.934125423431396
start training...
[Epoch 0], time=35.840423583984375, loss=0.6931472420692444
[Epoch 1], time=34.680495262145996, loss=0.6931472420692444
[Epoch 2], time=34.66681790351868, loss=0.6931472420692444
[Epoch 3], time=34.659374713897705, loss=0.6931472420692444
|===========================================================================|
|                  PyTorch CUDA memory summary, device ID 0                 |
|---------------------------------------------------------------------------|
|            CUDA OOMs: 0            |        cudaMalloc retries: 0         |
|===========================================================================|
|        Metric         | Cur Usage  | Peak Usage | Tot Alloc  | Tot Freed  |
|---------------------------------------------------------------------------|
| Allocated memory      |   88291 KB |  725179 KB |    1935 GB |    1935 GB |
|       from large pool |   76503 KB |  713973 KB |    1916 GB |    1915 GB |
|       from small pool |   11788 KB |   14131 KB |      19 GB |      19 GB |
|---------------------------------------------------------------------------|
| Active memory         |   88291 KB |  725179 KB |    1935 GB |    1935 GB |
|       from large pool |   76503 KB |  713973 KB |    1916 GB |    1915 GB |
|       from small pool |   11788 KB |   14131 KB |      19 GB |      19 GB |
|---------------------------------------------------------------------------|
| GPU reserved memory   |    3730 MB |    3730 MB |    3730 MB |       0 B  |
|       from large pool |    3712 MB |    3712 MB |    3712 MB |       0 B  |
|       from small pool |      18 MB |      18 MB |      18 MB |       0 B  |
|---------------------------------------------------------------------------|
| Non-releasable memory |   69404 KB |    1505 MB |    1593 GB |    1593 GB |
|       from large pool |   66856 KB |    1502 MB |    1573 GB |    1573 GB |
|       from small pool |    2548 KB |       5 MB |      20 GB |      20 GB |
|---------------------------------------------------------------------------|
| Allocations           |      62    |      81    |  213821    |  213759    |
|       from large pool |      15    |      26    |   71531    |   71516    |
|       from small pool |      47    |      58    |  142290    |  142243    |
|---------------------------------------------------------------------------|
| Active allocs         |      62    |      81    |  213821    |  213759    |
|       from large pool |      15    |      26    |   71531    |   71516    |
|       from small pool |      47    |      58    |  142290    |  142243    |
|---------------------------------------------------------------------------|
| GPU reserved segments |      26    |      26    |      26    |       0    |
|       from large pool |      17    |      17    |      17    |       0    |
|       from small pool |       9    |       9    |       9    |       0    |
|---------------------------------------------------------------------------|
| Non-releasable allocs |      26    |      41    |   76133    |   76107    |
|       from large pool |       8    |      19    |   38435    |   38427    |
|       from small pool |      18    |      29    |   37698    |   37680    |
|---------------------------------------------------------------------------|
| Oversize allocations  |       0    |       0    |       0    |       0    |
|---------------------------------------------------------------------------|
| Oversize GPU segments |       0    |       0    |       0    |       0    |
|===========================================================================|

[TRAIN_TIME] train time is 139.849031 seconds
[EPOCH_TIME] 34.962258 seconds, maybe large due to not enough epoch skipped.
[EPOCH_TIME] 34.663218 seconds

