succeed=True
[CUDA] cuda: usage: 5.77 GB
0 :  {link #0 : 1}, {link #1 : 2}, {link #2 : 3},
1 :  {link #0 : 2}, {link #1 : 3}, {link #2 : 0},
2 :  {link #0 : 3}, {link #1 : 0}, {link #2 : 1},
3 :  {link #0 : 0}, {link #1 : 1}, {link #2 : 2},
0 :  {link #0 : 1}, {link #1 : 2}, {link #2 : 3},
1 :  {link #0 : 2}, {link #1 : 3}, {link #2 : 0},
2 :  {link #0 : 3}, {link #1 : 0}, {link #2 : 1},
3 :  {link #0 : 0}, {link #1 : 1}, {link #2 : 2},
0 :  {link #0 : 1}, {link #1 : 2}, {link #2 : 3},
1 :  {link #0 : 2}, {link #1 : 3}, {link #2 : 0},
2 :  {link #0 : 3}, {link #1 : 0}, {link #2 : 1},
3 :  {link #0 : 0}, {link #1 : 1}, {link #2 : 2},
0 : local 72, cpu 8 {link #0 : g1 24}, {link #1 : g2 24}, {link #2 : g3 24},
1 : local 72, cpu 8 {link #0 : g2 24}, {link #1 : g3 24}, {link #2 : g0 24},
2 : local 72, cpu 8 {link #0 : g3 24}, {link #1 : g0 24}, {link #2 : g1 24},
3 : local 72, cpu 8 {link #0 : g0 24}, {link #1 : g1 24}, {link #2 : g2 24},
0 : local 72, cpu 8 {link #0 : g1 24}, {link #1 : g2 24}, {link #2 : g3 24},
1 : local 72, cpu 8 {link #0 : g2 24}, {link #1 : g3 24}, {link #2 : g0 24},
2 : local 72, cpu 8 {link #0 : g3 24}, {link #1 : g0 24}, {link #2 : g1 24},
3 : local 72, cpu 8 {link #0 : g0 24}, {link #1 : g1 24}, {link #2 : g2 24},
0 : local 72, cpu 8 {link #0 : g1 24}, {link #1 : g2 24}, {link #2 : g3 24},
1 : local 72, cpu 8 {link #0 : g2 24}, {link #1 : g3 24}, {link #2 : g0 24},
2 : local 72, cpu 8 {link #0 : g3 24}, {link #1 : g0 24}, {link #2 : g1 24},
3 : local 72, cpu 8 {link #0 : g0 24}, {link #1 : g1 24}, {link #2 : g2 24},
0 :  {link #0 : 1}, {link #1 : 2}, {link #2 : 3},
1 :  {link #0 : 2}, {link #1 : 3}, {link #2 : 0},
2 :  {link #0 : 3}, {link #1 : 0}, {link #2 : 1},
3 :  {link #0 : 0}, {link #1 : 1}, {link #2 : 2},
0 : local 72, cpu 8 {link #0 : g1 24}, {link #1 : g2 24}, {link #2 : g3 24},
1 : local 72, cpu 8 {link #0 : g2 24}, {link #1 : g3 24}, {link #2 : g0 24},
2 : local 72, cpu 8 {link #0 : g3 24}, {link #1 : g0 24}, {link #2 : g1 24},
3 : local 72, cpu 8 {link #0 : g0 24}, {link #1 : g1 24}, {link #2 : g2 24},
coll_cache:optimal_rep_storage=0
coll_cache:optimal_part_storage=0.024
coll_cache:optimal_cpu_storage=0.976
coll_cache:optimal_local_storage=0.006
coll_cache:optimal_remote_storage=0.018
coll_cache:optimal_local_rate=0.0883355
coll_cache:optimal_remote_rate=0.265007
coll_cache:optimal_cpu_rate=0.646658
z=18019.8,18019.8,18019.8,18019.8,
test_result:init:feat_nbytes=375030526464
test_result:init:cache_nbytes=2625212928
test_result:init:feat_nbytes=375030526464
test_result:init:cache_nbytes=2625212928
test_result:init:feat_nbytes=375030526464
test_result:init:cache_nbytes=2625212928
test_result:init:feat_nbytes=375030526464
test_result:init:cache_nbytes=2625212928
    [Step(average) Profiler Level 1 E3 S999]
        L1  sample           0.003326 | send           0.000000
        L1  recv             0.000000 | copy           0.078099 | convert time 0.000000 | train  0.024083
        L1  feature nbytes    1.36 GB | label nbytes 0.00 Bytes
        L1  id nbytes      0.00 Bytes | graph nbytes 0.00 Bytes
        L1  miss nbytes     908.98 MB | remote nbytes  364.51 MB
        L1  num nodes               0 | num samples           0
    [Step(average) Profiler Level 2 E3 S999]
        L2  shuffle     0.000000 | core sample  0.000000 | id remap        0.000000
        L2  graph copy  0.000000 | id copy      0.000000 | cache feat copy 0.078099
        L2  last layer sample time 0.000000 | size 0.000000
    [Step(average) Profiler Level 3 E3 S999]
        L3  khop sample coo  0.000000 | khop sort coo      0.000000 | khop count edge     0.000000 | khop compact edge 0.000000
        L3  walk sample coo  0.000000 | walk topk total    0.000000 | walk topk step1     0.000000 | walk topk step2   0.000000
        L3  walk topk step3  0.000000 | walk topk step4    0.000000 | walk topk step5     0.000000
        L3  walk topk step6  0.000000 | walk topk step7    0.000000
        L3  remap unique     0.000000 | remap populate     0.000000 | remap mapnode       0.000000 | remap mapedge     0.000000
        L3  cache get_index  0.000636 | cache copy_index   0.000000 | cache extract_miss  0.000000
        L3  cache copy_miss  0.000000 | cache combine_miss 0.077412 | cache combine cache 0.000365 | cache combine remote 0.003155
        L3  label extract  0.000000
    [Profiler Level Percentiles E3 S999]
        p50.00_tail_logl2featcopy=0.081808
        p90.00_tail_logl2featcopy=0.082646
        p95.00_tail_logl2featcopy=0.082874
        p99.00_tail_logl2featcopy=0.083271
        p99.90_tail_logl2featcopy=0.087249
[CUDA] cuda: usage: 15.09 GB
Rank=3, Graph loaded.
!!!!dist_homo_graph enumerate latency per epoch: 0.011140, per step: 0.000045
presamping
presamping takes 10.361748456954956
config:eval_tsp="2023-04-12 06:59:04"
config:num_worker=4
config:root_dir=/nvme/songxiaoniu/graph-learning/wholegraph
config:graph_name=mag240m-homo
config:epochs=4
config:batchsize=2000
config:skip_epoch=2
config:local_step=250
config:presc_epoch=2
config:neighbors=10,25
config:hiddensize=256
config:num_layer=2
config:model=sage
config:framework=dgl
config:dataloaderworkers=0
config:dropout=0.5
config:lr=0.003
config:use_nccl=False
config:use_amp=True
config:use_collcache=True
config:cache_percentage=0.006
config:cache_policy=clique_part
config:omp_thread_num=40
config:unsupervised=True
config:classnum=153
config:global_barrier=<multiprocessing.synchronize.Barrier object at 0x7f473768a460>
config:worker_id=0
creating_intra_node_communicator root=0, local_size=4, world_size=4
Rank=0, Graph loaded.
!!!!dist_homo_graph enumerate latency per epoch: 0.010089, per step: 0.000040
epoch=4 total_steps=1000
presamping
presamping takes 13.838281393051147
start training...
[Epoch 0], time=27.67939281463623, loss=0.6931472420692444
[Epoch 1], time=26.394877195358276, loss=0.6931472420692444
[Epoch 2], time=26.377436876296997, loss=0.6931472420692444
[Epoch 3], time=26.399808168411255, loss=0.6931472420692444
|===========================================================================|
|                  PyTorch CUDA memory summary, device ID 0                 |
|---------------------------------------------------------------------------|
|            CUDA OOMs: 0            |        cudaMalloc retries: 0         |
|===========================================================================|
|        Metric         | Cur Usage  | Peak Usage | Tot Alloc  | Tot Freed  |
|---------------------------------------------------------------------------|
| Allocated memory      |   87766 KB |  722851 KB |    1937 GB |    1937 GB |
|       from large pool |   75960 KB |  711658 KB |    1918 GB |    1918 GB |
|       from small pool |   11805 KB |   14131 KB |      19 GB |      19 GB |
|---------------------------------------------------------------------------|
| Active memory         |   87766 KB |  722851 KB |    1937 GB |    1937 GB |
|       from large pool |   75960 KB |  711658 KB |    1918 GB |    1918 GB |
|       from small pool |   11805 KB |   14131 KB |      19 GB |      19 GB |
|---------------------------------------------------------------------------|
| GPU reserved memory   |    3296 MB |    3296 MB |    3296 MB |       0 B  |
|       from large pool |    3276 MB |    3276 MB |    3276 MB |       0 B  |
|       from small pool |      20 MB |      20 MB |      20 MB |       0 B  |
|---------------------------------------------------------------------------|
| Non-releasable memory |   76074 KB |    1059 MB |    1325 GB |    1325 GB |
|       from large pool |   73543 KB |    1056 MB |    1301 GB |    1301 GB |
|       from small pool |    2530 KB |       7 MB |      23 GB |      23 GB |
|---------------------------------------------------------------------------|
| Allocations           |      62    |      81    |  213824    |  213762    |
|       from large pool |      15    |      26    |   71535    |   71520    |
|       from small pool |      47    |      58    |  142289    |  142242    |
|---------------------------------------------------------------------------|
| Active allocs         |      62    |      81    |  213824    |  213762    |
|       from large pool |      15    |      26    |   71535    |   71520    |
|       from small pool |      47    |      58    |  142289    |  142242    |
|---------------------------------------------------------------------------|
| GPU reserved segments |      27    |      27    |      27    |       0    |
|       from large pool |      17    |      17    |      17    |       0    |
|       from small pool |      10    |      10    |      10    |       0    |
|---------------------------------------------------------------------------|
| Non-releasable allocs |      24    |      38    |   88243    |   88219    |
|       from large pool |       7    |      17    |   45612    |   45605    |
|       from small pool |      17    |      28    |   42631    |   42614    |
|---------------------------------------------------------------------------|
| Oversize allocations  |       0    |       0    |       0    |       0    |
|---------------------------------------------------------------------------|
| Oversize GPU segments |       0    |       0    |       0    |       0    |
|===========================================================================|

[TRAIN_TIME] train time is 106.852885 seconds
[EPOCH_TIME] 26.713221 seconds, maybe large due to not enough epoch skipped.
[EPOCH_TIME] 26.388756 seconds
Rank=2, Graph loaded.
!!!!dist_homo_graph enumerate latency per epoch: 0.010540, per step: 0.000042
presamping
presamping takes 14.576653957366943
Rank=1, Graph loaded.
!!!!dist_homo_graph enumerate latency per epoch: 0.010359, per step: 0.000041
presamping
presamping takes 14.84040379524231

