succeed=True
[CUDA] cuda: usage: 5.54 GB
0 :  {link #0 : 1}, {link #1 : 2}, {link #2 : 3},
1 :  {link #0 : 2}, {link #1 : 3}, {link #2 : 0},
2 :  {link #0 : 3}, {link #1 : 0}, {link #2 : 1},
3 :  {link #0 : 0}, {link #1 : 1}, {link #2 : 2},
0 :  {link #0 : 1}, {link #1 : 2}, {link #2 : 3},
1 :  {link #0 : 2}, {link #1 : 3}, {link #2 : 0},
2 :  {link #0 : 3}, {link #1 : 0}, {link #2 : 1},
3 :  {link #0 : 0}, {link #1 : 1}, {link #2 : 2},
0 :  {link #0 : 1}, {link #1 : 2}, {link #2 : 3},
1 :  {link #0 : 2}, {link #1 : 3}, {link #2 : 0},
2 :  {link #0 : 3}, {link #1 : 0}, {link #2 : 1},
3 :  {link #0 : 0}, {link #1 : 1}, {link #2 : 2},
0 : local 80, cpu 0 {link #0 : g1 0}, {link #1 : g2 0}, {link #2 : g3 0},
1 : local 80, cpu 0 {link #0 : g2 0}, {link #1 : g3 0}, {link #2 : g0 0},
2 : local 80, cpu 0 {link #0 : g3 0}, {link #1 : g0 0}, {link #2 : g1 0},
3 : local 80, cpu 0 {link #0 : g0 0}, {link #1 : g1 0}, {link #2 : g2 0},
0 : local 80, cpu 0 {link #0 : g1 0}, {link #1 : g2 0}, {link #2 : g3 0},
1 : local 80, cpu 0 {link #0 : g2 0}, {link #1 : g3 0}, {link #2 : g0 0},
2 : local 80, cpu 0 {link #0 : g3 0}, {link #1 : g0 0}, {link #2 : g1 0},
3 : local 80, cpu 0 {link #0 : g0 0}, {link #1 : g1 0}, {link #2 : g2 0},
0 : local 80, cpu 0 {link #0 : g1 0}, {link #1 : g2 0}, {link #2 : g3 0},
1 : local 80, cpu 0 {link #0 : g2 0}, {link #1 : g3 0}, {link #2 : g0 0},
2 : local 80, cpu 0 {link #0 : g3 0}, {link #1 : g0 0}, {link #2 : g1 0},
3 : local 80, cpu 0 {link #0 : g0 0}, {link #1 : g1 0}, {link #2 : g2 0},
0 :  {link #0 : 1}, {link #1 : 2}, {link #2 : 3},
1 :  {link #0 : 2}, {link #1 : 3}, {link #2 : 0},
2 :  {link #0 : 3}, {link #1 : 0}, {link #2 : 1},
3 :  {link #0 : 0}, {link #1 : 1}, {link #2 : 2},
0 : local 80, cpu 0 {link #0 : g1 0}, {link #1 : g2 0}, {link #2 : g3 0},
1 : local 80, cpu 0 {link #0 : g2 0}, {link #1 : g3 0}, {link #2 : g0 0},
2 : local 80, cpu 0 {link #0 : g3 0}, {link #1 : g0 0}, {link #2 : g1 0},
3 : local 80, cpu 0 {link #0 : g0 0}, {link #1 : g1 0}, {link #2 : g2 0},
coll_cache:optimal_rep_storage=0.06
coll_cache:optimal_part_storage=0
coll_cache:optimal_cpu_storage=0.94
coll_cache:optimal_local_storage=0.06
coll_cache:optimal_remote_storage=0
coll_cache:optimal_local_rate=0.379911
coll_cache:optimal_remote_rate=0
coll_cache:optimal_cpu_rate=0.620089
z=41793.3
test_result:init:feat_nbytes=56862697472
test_result:init:cache_nbytes=3468624384
test_result:init:feat_nbytes=56862697472
test_result:init:cache_nbytes=3468624384
test_result:init:feat_nbytes=56862697472
test_result:init:cache_nbytes=3468624384
test_result:init:feat_nbytes=56862697472
test_result:init:cache_nbytes=3468624384
    [Step(average) Profiler Level 1 E3 S999]
        L1  sample           0.003834 | send           0.000000
        L1  recv             0.000000 | copy           0.030765 | convert time 0.000000 | train  0.008077
        L1  feature nbytes  563.48 MB | label nbytes 0.00 Bytes
        L1  id nbytes      0.00 Bytes | graph nbytes 0.00 Bytes
        L1  miss nbytes    0.00 Bytes | remote nbytes 0.00 Bytes
        L1  num nodes               0 | num samples           0
    [Step(average) Profiler Level 2 E3 S999]
        L2  shuffle     0.000000 | core sample  0.000000 | id remap        0.000000
        L2  graph copy  0.000000 | id copy      0.000000 | cache feat copy 0.030765
        L2  last layer sample time 0.000000 | size 0.000000
    [Step(average) Profiler Level 3 E3 S999]
        L3  khop sample coo  0.000000 | khop sort coo      0.000000 | khop count edge     0.000000 | khop compact edge 0.000000
        L3  walk sample coo  0.000000 | walk topk total    0.000000 | walk topk step1     0.000000 | walk topk step2   0.000000
        L3  walk topk step3  0.000000 | walk topk step4    0.000000 | walk topk step5     0.000000
        L3  walk topk step6  0.000000 | walk topk step7    0.000000
        L3  remap unique     0.000000 | remap populate     0.000000 | remap mapnode       0.000000 | remap mapedge     0.000000
        L3  cache get_index  0.000742 | cache copy_index   0.000000 | cache extract_miss  0.000000
        L3  cache copy_miss  0.000000 | cache combine_miss 0.000000 | cache combine cache 0.029987 | cache combine remote 0.000000
        L3  label extract  0.000000
    [Profiler Level Percentiles E3 S999]
        p50.00_tail_logl2featcopy=0.030945
        p90.00_tail_logl2featcopy=0.031490
        p95.00_tail_logl2featcopy=0.031573
        p99.00_tail_logl2featcopy=0.031730
        p99.90_tail_logl2featcopy=0.033178
[CUDA] cuda: usage: 10.67 GB
Rank=3, Graph loaded.
!!!!dist_homo_graph enumerate latency per epoch: 0.009985, per step: 0.000040
presamping
presamping takes 14.785707235336304
config:eval_tsp="2023-04-11 21:53:59"
config:num_worker=4
config:root_dir=/nvme/songxiaoniu/graph-learning/wholegraph
config:graph_name=ogbn-papers100M
config:epochs=4
config:batchsize=2000
config:skip_epoch=2
config:local_step=250
config:presc_epoch=2
config:neighbors=10,25
config:hiddensize=256
config:num_layer=2
config:model=sage
config:framework=dgl
config:dataloaderworkers=0
config:dropout=0.5
config:lr=0.003
config:use_nccl=False
config:use_amp=True
config:use_collcache=True
config:cache_percentage=0.06
config:cache_policy=rep
config:omp_thread_num=40
config:unsupervised=True
config:classnum=172
config:global_barrier=<multiprocessing.synchronize.Barrier object at 0x7f2831332460>
config:worker_id=0
creating_intra_node_communicator root=0, local_size=4, world_size=4
Rank=0, Graph loaded.
!!!!dist_homo_graph enumerate latency per epoch: 0.009969, per step: 0.000040
epoch=4 total_steps=1000
presamping
presamping takes 17.321261405944824
start training...
[Epoch 0], time=11.898149490356445, loss=0.6931472420692444
[Epoch 1], time=10.685610055923462, loss=0.6931472420692444
[Epoch 2], time=10.702643632888794, loss=0.6931472420692444
[Epoch 3], time=10.660223722457886, loss=0.6931472420692444
|===========================================================================|
|                  PyTorch CUDA memory summary, device ID 0                 |
|---------------------------------------------------------------------------|
|            CUDA OOMs: 0            |        cudaMalloc retries: 0         |
|===========================================================================|
|        Metric         | Cur Usage  | Peak Usage | Tot Alloc  | Tot Freed  |
|---------------------------------------------------------------------------|
| Allocated memory      |   76937 KB |  427211 KB |    1275 GB |    1275 GB |
|       from large pool |   69903 KB |  420741 KB |    1259 GB |    1259 GB |
|       from small pool |    7034 KB |    8948 KB |      16 GB |      15 GB |
|---------------------------------------------------------------------------|
| Active memory         |   76937 KB |  427211 KB |    1275 GB |    1275 GB |
|       from large pool |   69903 KB |  420741 KB |    1259 GB |    1259 GB |
|       from small pool |    7034 KB |    8948 KB |      16 GB |      15 GB |
|---------------------------------------------------------------------------|
| GPU reserved memory   |     996 MB |     996 MB |     996 MB |       0 B  |
|       from large pool |     984 MB |     984 MB |     984 MB |       0 B  |
|       from small pool |      12 MB |      12 MB |      12 MB |       0 B  |
|---------------------------------------------------------------------------|
| Non-releasable memory |   35703 KB |  623470 KB |    1540 GB |    1540 GB |
|       from large pool |   32497 KB |  619978 KB |    1523 GB |    1523 GB |
|       from small pool |    3206 KB |    6393 KB |      16 GB |      16 GB |
|---------------------------------------------------------------------------|
| Allocations           |      58    |      74    |  204818    |  204760    |
|       from large pool |      11    |      21    |   62528    |   62517    |
|       from small pool |      47    |      58    |  142290    |  142243    |
|---------------------------------------------------------------------------|
| Active allocs         |      58    |      74    |  204818    |  204760    |
|       from large pool |      11    |      21    |   62528    |   62517    |
|       from small pool |      47    |      58    |  142290    |  142243    |
|---------------------------------------------------------------------------|
| GPU reserved segments |      17    |      17    |      17    |       0    |
|       from large pool |      11    |      11    |      11    |       0    |
|       from small pool |       6    |       6    |       6    |       0    |
|---------------------------------------------------------------------------|
| Non-releasable allocs |      23    |      36    |   69748    |   69725    |
|       from large pool |       6    |      14    |   34404    |   34398    |
|       from small pool |      17    |      27    |   35344    |   35327    |
|---------------------------------------------------------------------------|
| Oversize allocations  |       0    |       0    |       0    |       0    |
|---------------------------------------------------------------------------|
| Oversize GPU segments |       0    |       0    |       0    |       0    |
|===========================================================================|

[TRAIN_TIME] train time is 43.961671 seconds
[EPOCH_TIME] 10.990418 seconds, maybe large due to not enough epoch skipped.
[EPOCH_TIME] 10.681547 seconds
Rank=1, Graph loaded.
!!!!dist_homo_graph enumerate latency per epoch: 0.010455, per step: 0.000042
presamping
presamping takes 12.820472478866577
Rank=2, Graph loaded.
!!!!dist_homo_graph enumerate latency per epoch: 0.010830, per step: 0.000043
presamping
presamping takes 17.34168267250061

