/usr/lib/python3/dist-packages/requests/__init__.py:89: RequestsDependencyWarning: urllib3 (1.26.12) or chardet (3.0.4) doesn't match a supported version!
  warnings.warn("urllib3 ({}) or chardet ({}) doesn't match a supported "
Rank=3 done reading 61040125 embedding vectors from file /nvme/songxiaoniu/graph-learning/wholegraph/mag240m_homo/converted/homograph_csr_row_ptr
Rank=0 done reading 61040125 embedding vectors from file /nvme/songxiaoniu/graph-learning/wholegraph/mag240m_homo/converted/homograph_csr_row_ptr
Rank=2 done reading 61040125 embedding vectors from file /nvme/songxiaoniu/graph-learning/wholegraph/mag240m_homo/converted/homograph_csr_row_ptr
Rank=1 done reading 61040125 embedding vectors from file /nvme/songxiaoniu/graph-learning/wholegraph/mag240m_homo/converted/homograph_csr_row_ptr
Rank=3 done reading 863617956 embedding vectors from file /nvme/songxiaoniu/graph-learning/wholegraph/mag240m_homo/converted/homograph_csr_col_idx
Rank=2 done reading 863617956 embedding vectors from file /nvme/songxiaoniu/graph-learning/wholegraph/mag240m_homo/converted/homograph_csr_col_idx
Rank=0 done reading 863617956 embedding vectors from file /nvme/songxiaoniu/graph-learning/wholegraph/mag240m_homo/converted/homograph_csr_col_idx
Rank=1 done reading 863617956 embedding vectors from file /nvme/songxiaoniu/graph-learning/wholegraph/mag240m_homo/converted/homograph_csr_col_idx
[2023-04-12 02:06:45.208136: E /samgraph/3rdparty/collcachelib/coll_cache_lib/freq_recorder.cc:337] bulk append 7954072 into 0
[2023-04-12 02:06:45.248215: E /samgraph/3rdparty/collcachelib/coll_cache_lib/freq_recorder.cc:347] bulk append 50245871
[2023-04-12 02:06:45.250565: E /samgraph/3rdparty/collcachelib/coll_cache_lib/freq_recorder.cc:337] bulk append 7954489 into 7954072
[2023-04-12 02:06:45.290663: E /samgraph/3rdparty/collcachelib/coll_cache_lib/freq_recorder.cc:347] bulk append 50308817
[2023-04-12 02:06:45.292985: E /samgraph/3rdparty/collcachelib/coll_cache_lib/freq_recorder.cc:337] bulk append 7952348 into 15908561
[2023-04-12 02:06:45.333026: E /samgraph/3rdparty/collcachelib/coll_cache_lib/freq_recorder.cc:347] bulk append 50293927
[2023-04-12 02:06:45.335363: E /samgraph/3rdparty/collcachelib/coll_cache_lib/freq_recorder.cc:337] bulk append 7952376 into 23860909
[2023-04-12 02:06:45.375403: E /samgraph/3rdparty/collcachelib/coll_cache_lib/freq_recorder.cc:347] bulk append 50273497
[2023-04-12 02:06:45.377738: E /samgraph/3rdparty/collcachelib/coll_cache_lib/freq_recorder.cc:337] bulk append 7952883 into 31813285
[2023-04-12 02:06:45.417750: E /samgraph/3rdparty/collcachelib/coll_cache_lib/freq_recorder.cc:347] bulk append 50293036
[2023-04-12 02:06:45.420112: E /samgraph/3rdparty/collcachelib/coll_cache_lib/freq_recorder.cc:337] bulk append 7952848 into 39766168
[2023-04-12 02:06:45.460221: E /samgraph/3rdparty/collcachelib/coll_cache_lib/freq_recorder.cc:347] bulk append 50321666
[2023-04-12 02:06:45.462569: E /samgraph/3rdparty/collcachelib/coll_cache_lib/freq_recorder.cc:337] bulk append 7949364 into 47719016
[2023-04-12 02:06:45.502679: E /samgraph/3rdparty/collcachelib/coll_cache_lib/freq_recorder.cc:347] bulk append 50258679
[2023-04-12 02:06:45.505013: E /samgraph/3rdparty/collcachelib/coll_cache_lib/freq_recorder.cc:337] bulk append 7951501 into 55668380
[2023-04-12 02:06:45.545089: E /samgraph/3rdparty/collcachelib/coll_cache_lib/freq_recorder.cc:347] bulk append 50276479
[2023-04-12 02:06:45.547437: E /samgraph/3rdparty/collcachelib/coll_cache_lib/freq_recorder.cc:337] bulk append 7948658 into 63619881
[2023-04-12 02:06:45.587394: E /samgraph/3rdparty/collcachelib/coll_cache_lib/freq_recorder.cc:347] bulk append 50233644
[2023-04-12 02:06:45.589730: E /samgraph/3rdparty/collcachelib/coll_cache_lib/freq_recorder.cc:337] bulk append 7951690 into 71568539
[2023-04-12 02:06:45.629785: E /samgraph/3rdparty/collcachelib/coll_cache_lib/freq_recorder.cc:347] bulk append 50319651
[2023-04-12 02:06:45.632179: E /samgraph/3rdparty/collcachelib/coll_cache_lib/freq_recorder.cc:337] bulk append 7953695 into 79520229
[2023-04-12 02:06:45.672347: E /samgraph/3rdparty/collcachelib/coll_cache_lib/freq_recorder.cc:347] bulk append 50249119
[2023-04-12 02:06:45.674707: E /samgraph/3rdparty/collcachelib/coll_cache_lib/freq_recorder.cc:337] bulk append 7953234 into 87473924
[2023-04-12 02:06:45.714822: E /samgraph/3rdparty/collcachelib/coll_cache_lib/freq_recorder.cc:347] bulk append 50274099
[2023-04-12 02:06:45.717162: E /samgraph/3rdparty/collcachelib/coll_cache_lib/freq_recorder.cc:337] bulk append 7953580 into 95427158
[2023-04-12 02:06:45.757293: E /samgraph/3rdparty/collcachelib/coll_cache_lib/freq_recorder.cc:347] bulk append 50283928
[2023-04-12 02:06:45.759641: E /samgraph/3rdparty/collcachelib/coll_cache_lib/freq_recorder.cc:337] bulk append 7953591 into 103380738
[2023-04-12 02:06:45.799780: E /samgraph/3rdparty/collcachelib/coll_cache_lib/freq_recorder.cc:347] bulk append 50245668
[2023-04-12 02:06:45.802120: E /samgraph/3rdparty/collcachelib/coll_cache_lib/freq_recorder.cc:337] bulk append 7952371 into 111334329
[2023-04-12 02:06:45.842222: E /samgraph/3rdparty/collcachelib/coll_cache_lib/freq_recorder.cc:347] bulk append 50264721
[2023-04-12 02:06:45.844567: E /samgraph/3rdparty/collcachelib/coll_cache_lib/freq_recorder.cc:337] bulk append 7954771 into 119286700
[2023-04-12 02:06:45.884742: E /samgraph/3rdparty/collcachelib/coll_cache_lib/freq_recorder.cc:347] bulk append 50307111
[2023-04-12 02:06:45.887089: E /samgraph/3rdparty/collcachelib/coll_cache_lib/freq_recorder.cc:337] bulk append 7951507 into 127241471
[2023-04-12 02:06:45.927194: E /samgraph/3rdparty/collcachelib/coll_cache_lib/freq_recorder.cc:347] bulk append 50256840
[2023-04-12 02:06:45.929533: E /samgraph/3rdparty/collcachelib/coll_cache_lib/freq_recorder.cc:337] bulk append 7951576 into 135192978
[2023-04-12 02:06:45.969655: E /samgraph/3rdparty/collcachelib/coll_cache_lib/freq_recorder.cc:347] bulk append 50250760
[2023-04-12 02:06:45.972007: E /samgraph/3rdparty/collcachelib/coll_cache_lib/freq_recorder.cc:337] bulk append 7949219 into 143144554
[2023-04-12 02:06:46. 12100: E /samgraph/3rdparty/collcachelib/coll_cache_lib/freq_recorder.cc:347] bulk append 50235965
[2023-04-12 02:06:46. 14439: E /samgraph/3rdparty/collcachelib/coll_cache_lib/freq_recorder.cc:337] bulk append 7953499 into 151093773
[2023-04-12 02:06:46. 54566: E /samgraph/3rdparty/collcachelib/coll_cache_lib/freq_recorder.cc:347] bulk append 50298480
[2023-04-12 02:06:46. 56925: E /samgraph/3rdparty/collcachelib/coll_cache_lib/freq_recorder.cc:337] bulk append 7952954 into 159047272
[2023-04-12 02:06:46. 97896: E /samgraph/3rdparty/collcachelib/coll_cache_lib/freq_recorder.cc:347] bulk append 50256238
[2023-04-12 02:06:46.100262: E /samgraph/3rdparty/collcachelib/coll_cache_lib/freq_recorder.cc:337] bulk append 7949032 into 167000226
[2023-04-12 02:06:46.140325: E /samgraph/3rdparty/collcachelib/coll_cache_lib/freq_recorder.cc:347] bulk append 50278170
[2023-04-12 02:06:46.142685: E /samgraph/3rdparty/collcachelib/coll_cache_lib/freq_recorder.cc:337] bulk append 7952920 into 174949258
[2023-04-12 02:06:46.184922: E /samgraph/3rdparty/collcachelib/coll_cache_lib/freq_recorder.cc:347] bulk append 50293413
[2023-04-12 02:06:46.187287: E /samgraph/3rdparty/collcachelib/coll_cache_lib/freq_recorder.cc:337] bulk append 7949313 into 182902178
[2023-04-12 02:06:46.227967: E /samgraph/3rdparty/collcachelib/coll_cache_lib/freq_recorder.cc:347] bulk append 50249446
[2023-04-12 02:06:46.231957: E /samgraph/3rdparty/collcachelib/coll_cache_lib/freq_recorder.cc:337] bulk append 7952024 into 190851491
[2023-04-12 02:06:46.271917: E /samgraph/3rdparty/collcachelib/coll_cache_lib/freq_recorder.cc:347] bulk append 50265684
[2023-04-12 02:06:46.274274: E /samgraph/3rdparty/collcachelib/coll_cache_lib/freq_recorder.cc:337] bulk append 7950608 into 198803515
[2023-04-12 02:06:46.314599: E /samgraph/3rdparty/collcachelib/coll_cache_lib/freq_recorder.cc:347] bulk append 50287926
[2023-04-12 02:06:46.318578: E /samgraph/3rdparty/collcachelib/coll_cache_lib/freq_recorder.cc:337] bulk append 7947038 into 206754123
[2023-04-12 02:06:46.358627: E /samgraph/3rdparty/collcachelib/coll_cache_lib/freq_recorder.cc:347] bulk append 50246184
[2023-04-12 02:06:46.361004: E /samgraph/3rdparty/collcachelib/coll_cache_lib/freq_recorder.cc:337] bulk append 7953790 into 214701161
[2023-04-12 02:06:46.402917: E /samgraph/3rdparty/collcachelib/coll_cache_lib/freq_recorder.cc:347] bulk append 50246257
[2023-04-12 02:06:46.405277: E /samgraph/3rdparty/collcachelib/coll_cache_lib/freq_recorder.cc:337] bulk append 7949061 into 222654951
[2023-04-12 02:06:46.445191: E /samgraph/3rdparty/collcachelib/coll_cache_lib/freq_recorder.cc:347] bulk append 50218156
[2023-04-12 02:06:46.447553: E /samgraph/3rdparty/collcachelib/coll_cache_lib/freq_recorder.cc:337] bulk append 7952905 into 230604012
[2023-04-12 02:06:46.489486: E /samgraph/3rdparty/collcachelib/coll_cache_lib/freq_recorder.cc:347] bulk append 50298374
[2023-04-12 02:06:46.491865: E /samgraph/3rdparty/collcachelib/coll_cache_lib/freq_recorder.cc:337] bulk append 8082737 into 238556917
[2023-04-12 02:06:46.532092: E /samgraph/3rdparty/collcachelib/coll_cache_lib/freq_recorder.cc:347] bulk append 39643597
[2023-04-12 02:06:46.534414: E /samgraph/3rdparty/collcachelib/coll_cache_lib/freq_recorder.cc:337] bulk append 8079885 into 246639654
[2023-04-12 02:06:46.574604: E /samgraph/3rdparty/collcachelib/coll_cache_lib/freq_recorder.cc:347] bulk append 39664707
[2023-04-12 02:06:46.576926: E /samgraph/3rdparty/collcachelib/coll_cache_lib/freq_recorder.cc:337] bulk append 8080370 into 254719539
[2023-04-12 02:06:46.617101: E /samgraph/3rdparty/collcachelib/coll_cache_lib/freq_recorder.cc:347] bulk append 39643727
[2023-04-12 02:06:46.619432: E /samgraph/3rdparty/collcachelib/coll_cache_lib/freq_recorder.cc:337] bulk append 8080925 into 262799909
[2023-04-12 02:06:46.659615: E /samgraph/3rdparty/collcachelib/coll_cache_lib/freq_recorder.cc:347] bulk append 39646806
[2023-04-12 02:06:46.661938: E /samgraph/3rdparty/collcachelib/coll_cache_lib/freq_recorder.cc:337] bulk append 8082697 into 270880834
[2023-04-12 02:06:46.702129: E /samgraph/3rdparty/collcachelib/coll_cache_lib/freq_recorder.cc:347] bulk append 39645964
[2023-04-12 02:06:46.704464: E /samgraph/3rdparty/collcachelib/coll_cache_lib/freq_recorder.cc:337] bulk append 8082179 into 278963531
[2023-04-12 02:06:46.744654: E /samgraph/3rdparty/collcachelib/coll_cache_lib/freq_recorder.cc:347] bulk append 39666415
[2023-04-12 02:06:46.746983: E /samgraph/3rdparty/collcachelib/coll_cache_lib/freq_recorder.cc:337] bulk append 8078699 into 287045710
[2023-04-12 02:06:46.787158: E /samgraph/3rdparty/collcachelib/coll_cache_lib/freq_recorder.cc:347] bulk append 39632308
[2023-04-12 02:06:46.789479: E /samgraph/3rdparty/collcachelib/coll_cache_lib/freq_recorder.cc:337] bulk append 8079375 into 295124409
[2023-04-12 02:06:46.829670: E /samgraph/3rdparty/collcachelib/coll_cache_lib/freq_recorder.cc:347] bulk append 39639304
[2023-04-12 02:06:46.832007: E /samgraph/3rdparty/collcachelib/coll_cache_lib/freq_recorder.cc:337] bulk append 8077649 into 303203784
[2023-04-12 02:06:46.872202: E /samgraph/3rdparty/collcachelib/coll_cache_lib/freq_recorder.cc:347] bulk append 39631462
[2023-04-12 02:06:46.874529: E /samgraph/3rdparty/collcachelib/coll_cache_lib/freq_recorder.cc:337] bulk append 8080936 into 311281433
[2023-04-12 02:06:46.914711: E /samgraph/3rdparty/collcachelib/coll_cache_lib/freq_recorder.cc:347] bulk append 39675695
[2023-04-12 02:06:46[.[2023-04-12 02:06:469170302023-04-12 02:06:46.: .917045E917046:  : E/samgraph/3rdparty/collcachelib/coll_cache_lib/freq_recorder.ccE : /samgraph/3rdparty/collcachelib/coll_cache_lib/facade.cc266/samgraph/3rdparty/collcachelib/coll_cache_lib/facade.cc[:] :4092023-04-12 02:06:46freq recorder global combining409] .
] before scale, dtype is 0, dim is 384917109before scale, dtype is 0, dim is 384
: 
E [/samgraph/3rdparty/collcachelib/coll_cache_lib/facade.cc[2023-04-12 02:06:46:2023-04-12 02:06:46.409.917187] 917191: before scale, dtype is 0, dim is 384: E
E  /samgraph/3rdparty/collcachelib/coll_cache_lib/facade.cc[/samgraph/3rdparty/collcachelib/coll_cache_lib/facade.cc:2023-04-12 02:06:46:415.415] 917227] after scale, dtype is 7, new dim is 96: after scale, dtype is 7, new dim is 96
E
 /samgraph/3rdparty/collcachelib/coll_cache_lib/facade.cc:415] after scale, dtype is 7, new dim is 96
[2023-04-12 02:06:46.918091: E /samgraph/3rdparty/collcachelib/coll_cache_lib/coll_cache/asymm_link_desc.cc:201] assigning 0 to cpu[
2023-04-12 02:06:46.918114: E /samgraph/3rdparty/collcachelib/coll_cache_lib/coll_cache/asymm_link_desc.cc:201] [assigning 0 to cpu2023-04-12 02:06:46
.918136: E /samgraph/3rdparty/collcachelib/coll_cache_lib/coll_cache/asymm_link_desc.cc:[2012023-04-12 02:06:46] .assigning 0 to cpu918153
: [E2023-04-12 02:06:46 ./samgraph/3rdparty/collcachelib/coll_cache_lib/coll_cache/asymm_link_desc.cc918173:: 218E]  build symm link desc with 4X Tesla V100-SXM2-16GB out of 4/samgraph/3rdparty/collcachelib/coll_cache_lib/coll_cache/asymm_link_desc.cc
:218] build symm link desc with 4X Tesla V100-SXM2-16GB out of 4
[[2023-04-12 02:06:462023-04-12 02:06:46.[.9182182023-04-12 02:06:46918221: .: E918227E :  /samgraph/3rdparty/collcachelib/coll_cache_lib/coll_cache/asymm_link_desc.ccE/samgraph/3rdparty/collcachelib/coll_cache_lib/coll_cache/asymm_link_desc.cc: :218/samgraph/3rdparty/collcachelib/coll_cache_lib/coll_cache/asymm_link_desc.cc219] :] build symm link desc with 4X Tesla V100-SXM2-16GB out of 4219remote time is 9.21053
] 
remote time is 9.21053
[[[2023-04-12 02:06:462023-04-12 02:06:462023-04-12 02:06:46...918299918299918302: : : EEE   /samgraph/3rdparty/collcachelib/coll_cache_lib/coll_cache/asymm_link_desc.cc/samgraph/3rdparty/collcachelib/coll_cache_lib/coll_cache/asymm_link_desc.cc/samgraph/3rdparty/collcachelib/coll_cache_lib/coll_cache/asymm_link_desc.cc:::219220220] ] ] remote time is 9.21053cpu time is 31.8182cpu time is 31.8182


[2023-04-12 02:06:46.918378: E [[/samgraph/3rdparty/collcachelib/coll_cache_lib/coll_cache/asymm_link_desc.cc2023-04-12 02:06:462023-04-12 02:06:46:..220918388918389] : : cpu time is 31.8182EE
  /samgraph/3rdparty/collcachelib/coll_cache_lib/facade.cc/samgraph/3rdparty/collcachelib/coll_cache_lib/facade.cc::425425] ] registering cpu data with 24.00 GBregistering cpu data with 24.00 GB
[
2023-04-12 02:06:46.918445: E /samgraph/3rdparty/collcachelib/coll_cache_lib/facade.cc:425] registering cpu data with 24.00 GB
[2023-04-12 02:06:50.396943: E /samgraph/3rdparty/collcachelib/coll_cache_lib/facade.cc:427] registering cpu data done.
[2023-04-12 02:06:50.399880: E /samgraph/3rdparty/collcachelib/coll_cache_lib/facade.cc:427] registering cpu data done.
[2023-04-12 02:06:50.412623: E /samgraph/3rdparty/collcachelib/coll_cache_lib/facade.cc:427] registering cpu data done.
[2023-04-12 02:07:03.758369: E /samgraph/3rdparty/collcachelib/coll_cache_lib/freq_recorder.cc:269] freq recorder global combine from 319362369 to 124055429
[2023-04-12 02:07:18.488284: E /samgraph/3rdparty/collcachelib/coll_cache_lib/freq_recorder.cc:286] top 5 freq is 2000,2000,2000,2000,2000
[2023-04-12 02:07:18.488484: E /samgraph/3rdparty/collcachelib/coll_cache_lib/facade.cc:409] before scale, dtype is 0, dim is 384
[2023-04-12 02:07:18.488519: E /samgraph/3rdparty/collcachelib/coll_cache_lib/facade.cc:415] after scale, dtype is 7, new dim is 96
[2023-04-12 02:07:18.488888: E /samgraph/3rdparty/collcachelib/coll_cache_lib/coll_cache/asymm_link_desc.cc:201] assigning 0 to cpu
[2023-04-12 02:07:18.488953: E /samgraph/3rdparty/collcachelib/coll_cache_lib/coll_cache/asymm_link_desc.cc:218] build symm link desc with 4X Tesla V100-SXM2-16GB out of 4
[2023-04-12 02:07:18.489004: E /samgraph/3rdparty/collcachelib/coll_cache_lib/coll_cache/asymm_link_desc.cc:219] remote time is 9.21053
[2023-04-12 02:07:18.489038: E /samgraph/3rdparty/collcachelib/coll_cache_lib/coll_cache/asymm_link_desc.cc:220] cpu time is 31.8182
[2023-04-12 02:07:18.489095: E /samgraph/3rdparty/collcachelib/coll_cache_lib/facade.cc:425] registering cpu data with 24.00 GB
[2023-04-12 02:07:20.320060: E /samgraph/3rdparty/collcachelib/coll_cache_lib/facade.cc:427] registering cpu data done.
[2023-04-12 02:07:20.320153: E /samgraph/3rdparty/collcachelib/coll_cache_lib/facade.cc:174] creating solver
[2023-04-12 02:07:20.320210: E /samgraph/3rdparty/collcachelib/coll_cache_lib/facade.cc:214] solver created. now build & solve
[2023-04-12 02:07:21.639752: E /samgraph/3rdparty/collcachelib/coll_cache_lib/facade.cc:218] solver built. now solve
[2023-04-12 02:07:21.639875: E /samgraph/3rdparty/collcachelib/coll_cache_lib/coll_cache/optimal_solver_class.cc:1432] num_cached_nodes = 488320
[2023-04-12 02:07:22.227092: E /samgraph/3rdparty/collcachelib/coll_cache_lib/facade.cc:222] solver solved
[2023-04-12 02:07:22.231535: E /samgraph/3rdparty/collcachelib/coll_cache_lib/facade.cc:437] 0 solved master
[2023-04-12 02:07:22.231586: E /samgraph/3rdparty/collcachelib/coll_cache_lib/facade.cc:444] 0 solved
[2023-04-12 02:07:22.231619: E /samgraph/3rdparty/collcachelib/coll_cache_lib/facade.cc:447] worker 0 thread 0 initing device 0
[2023-04-12 02:07:22.233415: E /samgraph/3rdparty/collcachelib/coll_cache_lib/cache_context.cu:2308] Building Coll Cache with ... num gpu device is 4
[2023-04-12 02:07:22.233531: E /samgraph/3rdparty/collcachelib/coll_cache_lib/cuda/cache_hashtable.cuh:611] per src size local is 537252
[2023-04-12 02:07:22.267593: E /samgraph/3rdparty/collcachelib/coll_cache_lib/common.cc:261] making a tensor with 0 num item
[2023-04-12 02:07:22.267647: E /samgraph/3rdparty/collcachelib/coll_cache_lib/cache_context.cu:2350] num cpu nodes is 243672179
[2023-04-12 02:07:22.275749: E /samgraph/3rdparty/collcachelib/coll_cache_lib/facade.cc:444] 3 solved
[2023-04-12 02:07:22.275844: E /samgraph/3rdparty/collcachelib/coll_cache_lib/facade.cc:447] worker 0 thread 3 initing device 3
[2023-04-12 02:07:22.276159: E /samgraph/3rdparty/collcachelib/coll_cache_lib/facade.cc:444] 1 solved
[2023-04-12 02:07:22.276248: E /samgraph/3rdparty/collcachelib/coll_cache_lib/facade.cc:447] worker 0 thread 1 initing device 1
[2023-04-12 02:07:22.276495: E /samgraph/3rdparty/collcachelib/coll_cache_lib/cache_context.cu:2308] Building Coll Cache with ... num gpu device is 4
[2023-04-12 02:07:22.276645: E /samgraph/3rdparty/collcachelib/coll_cache_lib/facade.cc:444] 2 solved
[2023-04-12 02:07:22.276731: E /samgraph/3rdparty/collcachelib/coll_cache_lib/facade.cc:447] worker 0 thread 2 initing device 2
[2023-04-12 02:07:22.277678: E /samgraph/3rdparty/collcachelib/coll_cache_lib/cache_context.cu:2308] Building Coll Cache with ... num gpu device is 4
[2023-04-12 02:07:22.277965: E /samgraph/3rdparty/collcachelib/coll_cache_lib/cache_context.cu:2308] Building Coll Cache with ... num gpu device is 4
[2023-04-12 02:07:22.338809: E /samgraph/3rdparty/collcachelib/coll_cache_lib/cuda/cache_hashtable.cu:355] create a hashtable with 488320 possible elem, scale to 1048576
[2023-04-12 02:07:22.338896: E /samgraph/3rdparty/collcachelib/coll_cache_lib/cuda/cache_hashtable.cu:360] SimpleHashTable allocating 8.00 MB
[2023-04-12 02:07:22.345117: E /samgraph/3rdparty/collcachelib/coll_cache_lib/common.cc:261] making a tensor with 0 num item
[2023-04-12 02:07:22.345203: E /samgraph/3rdparty/collcachelib/coll_cache_lib/cache_context.cu:2350] num cpu nodes is 243672179
[2023-04-12 02:07:22.346073: E /samgraph/3rdparty/collcachelib/coll_cache_lib/common.cc:261] making a tensor with 0 num item
[2023-04-12 02:07:22.346138: E /samgraph/3rdparty/collcachelib/coll_cache_lib/cache_context.cu:2350] num cpu nodes is 243672179
[2023-04-12 02:07:22.346591: E /samgraph/3rdparty/collcachelib/coll_cache_lib/common.cc:261] making a tensor with 0 num item
[2023-04-12 02:07:22.346639: E /samgraph/3rdparty/collcachelib/coll_cache_lib/cache_context.cu:2350] num cpu nodes is 243672179
[2023-04-12 02:07:22.412038: E /samgraph/3rdparty/collcachelib/coll_cache_lib/cuda/cache_hashtable.cu:355] create a hashtable with 488320 possible elem, scale to 1048576
[2023-04-12 02:07:22.412093: E /samgraph/3rdparty/collcachelib/coll_cache_lib/cuda/cache_hashtable.cu:[3602023-04-12 02:07:22] .SimpleHashTable allocating 8.00 MB412098
: E /samgraph/3rdparty/collcachelib/coll_cache_lib/cuda/cache_hashtable.cu:355] create a hashtable with 488320 possible elem, scale to 1048576
[2023-04-12 02:07:22.412168: E /samgraph/3rdparty/collcachelib/coll_cache_lib/cuda/cache_hashtable.cu:360] SimpleHashTable allocating 8.00 MB[
2023-04-12 02:07:22.412179: E /samgraph/3rdparty/collcachelib/coll_cache_lib/cuda/cache_hashtable.cu:355] create a hashtable with 488320 possible elem, scale to 1048576
[2023-04-12 02:07:22.412230: E /samgraph/3rdparty/collcachelib/coll_cache_lib/cuda/cache_hashtable.cu:360] SimpleHashTable allocating 8.00 MB
[2023-04-12 02:07:22.419298: E /samgraph/3rdparty/collcachelib/coll_cache_lib/common.cc:107] too many mem allocated for forcescale?732481->244161
[2023-04-12 02:07:22.419356: E /samgraph/3rdparty/collcachelib/coll_cache_lib/common.cc:107] too many mem allocated for forcescale?732481->244161
[2023-04-12 02:07:22.419420: E /samgraph/3rdparty/collcachelib/coll_cache_lib/common.cc:107] too many mem allocated for forcescale?732481->244161
[2023-04-12 02:07:22.419477: E /samgraph/3rdparty/collcachelib/coll_cache_lib/common.cc:107] too many mem allocated for forcescale?732481->244161
[2023-04-12 02:07:22.420729: E /samgraph/3rdparty/collcachelib/coll_cache_lib/cache_context.cu:2427] Asymm Coll cache (policy: rep_cache) | local 488320 / 244160499 nodes ( 0.20 %~0.20 %) | remote 0 / 244160499 nodes ( 0.00 %) | cpu 243672179 / 244160499 nodes ( 99.80 %) | 1.05 GB | 0.187264 secs 
[2023-04-12 02:07:22.446581: E /samgraph/3rdparty/collcachelib/coll_cache_lib/cache_context.cu:2427] Asymm Coll cache (policy: rep_cache) | local 488320 / 244160499 nodes ( 0.20 %~0.20 %) | remote 0 / 244160499 nodes ( 0.00 %) | cpu 243672179 / 244160499 nodes ( 99.80 %) | 1.05 GB | 0.170051 secs 
[2023-04-12 02:07:22.462541: E /samgraph/3rdparty/collcachelib/coll_cache_lib/cache_context.cu:2427] Asymm Coll cache (policy: rep_cache) | local 488320 / 244160499 nodes ( 0.20 %~0.20 %) | remote 0 / 244160499 nodes ( 0.00 %) | cpu 243672179 / 244160499 nodes ( 99.80 %) | 1.05 GB | 0.184806 secs 
[2023-04-12 02:07:22.463268: E /samgraph/3rdparty/collcachelib/coll_cache_lib/cache_context.cu:2427] Asymm Coll cache (policy: rep_cache) | local 488320 / 244160499 nodes ( 0.20 %~0.20 %) | remote 0 / 244160499 nodes ( 0.00 %) | cpu 243672179 / 244160499 nodes ( 99.80 %) | 1.05 GB | 0.185245 secs 
/usr/local/lib/python3.8/dist-packages/torch/nn/parallel/scatter_gather.py:9: UserWarning: is_namedtuple is deprecated, please use the python checks instead
  warnings.warn("is_namedtuple is deprecated, please use the python checks instead")
/usr/local/lib/python3.8/dist-packages/torch/nn/parallel/scatter_gather.py:9: UserWarning: is_namedtuple is deprecated, please use the python checks instead
  warnings.warn("is_namedtuple is deprecated, please use the python checks instead")
/usr/local/lib/python3.8/dist-packages/torch/nn/parallel/scatter_gather.py:9: UserWarning: is_namedtuple is deprecated, please use the python checks instead
  warnings.warn("is_namedtuple is deprecated, please use the python checks instead")
/usr/local/lib/python3.8/dist-packages/torch/nn/parallel/scatter_gather.py:9: UserWarning: is_namedtuple is deprecated, please use the python checks instead
  warnings.warn("is_namedtuple is deprecated, please use the python checks instead")
