succeed=True
[CUDA] cuda: usage: 6.37 GB
0 :  {link #0 : 1}, {link #1 : 2}, {link #2 : 3}, {link #3 : 4}, {link #4 : 5}, {link #5 : 6}, {link #6 : 7},
1 :  {link #0 : 2}, {link #1 : 3}, {link #2 : 4}, {link #3 : 5}, {link #4 : 6}, {link #5 : 7}, {link #6 : 0},
2 :  {link #0 : 3}, {link #1 : 4}, {link #2 : 5}, {link #3 : 6}, {link #4 : 7}, {link #5 : 0}, {link #6 : 1},
3 :  {link #0 : 4}, {link #1 : 5}, {link #2 : 6}, {link #3 : 7}, {link #4 : 0}, {link #5 : 1}, {link #6 : 2},
4 :  {link #0 : 5}, {link #1 : 6}, {link #2 : 7}, {link #3 : 0}, {link #4 : 1}, {link #5 : 2}, {link #6 : 3},
5 :  {link #0 : 6}, {link #1 : 7}, {link #2 : 0}, {link #3 : 1}, {link #4 : 2}, {link #5 : 3}, {link #6 : 4},
6 :  {link #0 : 7}, {link #1 : 0}, {link #2 : 1}, {link #3 : 2}, {link #4 : 3}, {link #5 : 4}, {link #6 : 5},
7 :  {link #0 : 0}, {link #1 : 1}, {link #2 : 2}, {link #3 : 3}, {link #4 : 4}, {link #5 : 5}, {link #6 : 6},
0 : local 98, cpu 10 {link #0 : g1 8}, {link #1 : g2 8}, {link #2 : g3 8}, {link #3 : g4 8}, {link #4 : g5 8}, {link #5 : g6 8}, {link #6 : g7 8},
1 : local 98, cpu 10 {link #0 : g2 8}, {link #1 : g3 8}, {link #2 : g4 8}, {link #3 : g5 8}, {link #4 : g6 8}, {link #5 : g7 8}, {link #6 : g0 8},
2 : local 98, cpu 10 {link #0 : g3 8}, {link #1 : g4 8}, {link #2 : g5 8}, {link #3 : g6 8}, {link #4 : g7 8}, {link #5 : g0 8}, {link #6 : g1 8},
3 : local 98, cpu 10 {link #0 : g4 8}, {link #1 : g5 8}, {link #2 : g6 8}, {link #3 : g7 8}, {link #4 : g0 8}, {link #5 : g1 8}, {link #6 : g2 8},
4 : local 98, cpu 10 {link #0 : g5 8}, {link #1 : g6 8}, {link #2 : g7 8}, {link #3 : g0 8}, {link #4 : g1 8}, {link #5 : g2 8}, {link #6 : g3 8},
5 : local 98, cpu 10 {link #0 : g6 8}, {link #1 : g7 8}, {link #2 : g0 8}, {link #3 : g1 8}, {link #4 : g2 8}, {link #5 : g3 8}, {link #6 : g4 8},
6 : local 98, cpu 10 {link #0 : g7 8}, {link #1 : g0 8}, {link #2 : g1 8}, {link #3 : g2 8}, {link #4 : g3 8}, {link #5 : g4 8}, {link #6 : g5 8},
7 : local 98, cpu 10 {link #0 : g0 8}, {link #1 : g1 8}, {link #2 : g2 8}, {link #3 : g3 8}, {link #4 : g4 8}, {link #5 : g5 8}, {link #6 : g6 8},
0 :  {link #0 : 1}, {link #1 : 2}, {link #2 : 3}, {link #3 : 4}, {link #4 : 5}, {link #5 : 6}, {link #6 : 7},
1 :  {link #0 : 2}, {link #1 : 3}, {link #2 : 4}, {link #3 : 5}, {link #4 : 6}, {link #5 : 7}, {link #6 : 0},
2 :  {link #0 : 3}, {link #1 : 4}, {link #2 : 5}, {link #3 : 6}, {link #4 : 7}, {link #5 : 0}, {link #6 : 1},
3 :  {link #0 : 4}, {link #1 : 5}, {link #2 : 6}, {link #3 : 7}, {link #4 : 0}, {link #5 : 1}, {link #6 : 2},
4 :  {link #0 : 5}, {link #1 : 6}, {link #2 : 7}, {link #3 : 0}, {link #4 : 1}, {link #5 : 2}, {link #6 : 3},
5 :  {link #0 : 6}, {link #1 : 7}, {link #2 : 0}, {link #3 : 1}, {link #4 : 2}, {link #5 : 3}, {link #6 : 4},
6 :  {link #0 : 7}, {link #1 : 0}, {link #2 : 1}, {link #3 : 2}, {link #4 : 3}, {link #5 : 4}, {link #6 : 5},
7 :  {link #0 : 0}, {link #1 : 1}, {link #2 : 2}, {link #3 : 3}, {link #4 : 4}, {link #5 : 5}, {link #6 : 6},
0 : local 98, cpu 10 {link #0 : g1 8}, {link #1 : g2 8}, {link #2 : g3 8}, {link #3 : g4 8}, {link #4 : g5 8}, {link #5 : g6 8}, {link #6 : g7 8},
1 : local 98, cpu 10 {link #0 : g2 8}, {link #1 : g3 8}, {link #2 : g4 8}, {link #3 : g5 8}, {link #4 : g6 8}, {link #5 : g7 8}, {link #6 : g0 8},
2 : local 98, cpu 10 {link #0 : g3 8}, {link #1 : g4 8}, {link #2 : g5 8}, {link #3 : g6 8}, {link #4 : g7 8}, {link #5 : g0 8}, {link #6 : g1 8},
3 : local 98, cpu 10 {link #0 : g4 8}, {link #1 : g5 8}, {link #2 : g6 8}, {link #3 : g7 8}, {link #4 : g0 8}, {link #5 : g1 8}, {link #6 : g2 8},
4 : local 98, cpu 10 {link #0 : g5 8}, {link #1 : g6 8}, {link #2 : g7 8}, {link #3 : g0 8}, {link #4 : g1 8}, {link #5 : g2 8}, {link #6 : g3 8},
5 : local 98, cpu 10 {link #0 : g6 8}, {link #1 : g7 8}, {link #2 : g0 8}, {link #3 : g1 8}, {link #4 : g2 8}, {link #5 : g3 8}, {link #6 : g4 8},
6 : local 98, cpu 10 {link #0 : g7 8}, {link #1 : g0 8}, {link #2 : g1 8}, {link #3 : g2 8}, {link #4 : g3 8}, {link #5 : g4 8}, {link #6 : g5 8},
7 : local 98, cpu 10 {link #0 : g0 8}, {link #1 : g1 8}, {link #2 : g2 8}, {link #3 : g3 8}, {link #4 : g4 8}, {link #5 : g5 8}, {link #6 : g6 8},
0 :  {link #0 : 1}, {link #1 : 2}, {link #2 : 3}, {link #3 : 4}, {link #4 : 5}, {link #5 : 6}, {link #6 : 7},
1 :  {link #0 : 2}, {link #1 : 3}, {link #2 : 4}, {link #3 : 5}, {link #4 : 6}, {link #5 : 7}, {link #6 : 0},
2 :  {link #0 : 3}, {link #1 : 4}, {link #2 : 5}, {link #3 : 6}, {link #4 : 7}, {link #5 : 0}, {link #6 : 1},
3 :  {link #0 : 4}, {link #1 : 5}, {link #2 : 6}, {link #3 : 7}, {link #4 : 0}, {link #5 : 1}, {link #6 : 2},
4 :  {link #0 : 5}, {link #1 : 6}, {link #2 : 7}, {link #3 : 0}, {link #4 : 1}, {link #5 : 2}, {link #6 : 3},
5 :  {link #0 : 6}, {link #1 : 7}, {link #2 : 0}, {link #3 : 1}, {link #4 : 2}, {link #5 : 3}, {link #6 : 4},
6 :  {link #0 : 7}, {link #1 : 0}, {link #2 : 1}, {link #3 : 2}, {link #4 : 3}, {link #5 : 4}, {link #6 : 5},
7 :  {link #0 : 0}, {link #1 : 1}, {link #2 : 2}, {link #3 : 3}, {link #4 : 4}, {link #5 : 5}, {link #6 : 6},
0 : local 98, cpu 10 {link #0 : g1 8}, {link #1 : g2 8}, {link #2 : g3 8}, {link #3 : g4 8}, {link #4 : g5 8}, {link #5 : g6 8}, {link #6 : g7 8},
1 : local 98, cpu 10 {link #0 : g2 8}, {link #1 : g3 8}, {link #2 : g4 8}, {link #3 : g5 8}, {link #4 : g6 8}, {link #5 : g7 8}, {link #6 : g0 8},
2 : local 98, cpu 10 {link #0 : g3 8}, {link #1 : g4 8}, {link #2 : g5 8}, {link #3 : g6 8}, {link #4 : g7 8}, {link #5 : g0 8}, {link #6 : g1 8},
3 : local 98, cpu 10 {link #0 : g4 8}, {link #1 : g5 8}, {link #2 : g6 8}, {link #3 : g7 8}, {link #4 : g0 8}, {link #5 : g1 8}, {link #6 : g2 8},
4 : local 98, cpu 10 {link #0 : g5 8}, {link #1 : g6 8}, {link #2 : g7 8}, {link #3 : g0 8}, {link #4 : g1 8}, {link #5 : g2 8}, {link #6 : g3 8},
5 : local 98, cpu 10 {link #0 : g6 8}, {link #1 : g7 8}, {link #2 : g0 8}, {link #3 : g1 8}, {link #4 : g2 8}, {link #5 : g3 8}, {link #6 : g4 8},
6 : local 98, cpu 10 {link #0 : g7 8}, {link #1 : g0 8}, {link #2 : g1 8}, {link #3 : g2 8}, {link #4 : g3 8}, {link #5 : g4 8}, {link #6 : g5 8},
7 : local 98, cpu 10 {link #0 : g0 8}, {link #1 : g1 8}, {link #2 : g2 8}, {link #3 : g3 8}, {link #4 : g4 8}, {link #5 : g5 8}, {link #6 : g6 8},
0 :  {link #0 : 1}, {link #1 : 2}, {link #2 : 3}, {link #3 : 4}, {link #4 : 5}, {link #5 : 6}, {link #6 : 7},
1 :  {link #0 : 2}, {link #1 : 3}, {link #2 : 4}, {link #3 : 5}, {link #4 : 6}, {link #5 : 7}, {link #6 : 0},
2 :  {link #0 : 3}, {link #1 : 4}, {link #2 : 5}, {link #3 : 6}, {link #4 : 7}, {link #5 : 0}, {link #6 : 1},
3 :  {link #0 : 4}, {link #1 : 5}, {link #2 : 6}, {link #3 : 7}, {link #4 : 0}, {link #5 : 1}, {link #6 : 2},
4 :  {link #0 : 5}, {link #1 : 6}, {link #2 : 7}, {link #3 : 0}, {link #4 : 1}, {link #5 : 2}, {link #6 : 3},
5 :  {link #0 : 6}, {link #1 : 7}, {link #2 : 0}, {link #3 : 1}, {link #4 : 2}, {link #5 : 3}, {link #6 : 4},
6 :  {link #0 : 7}, {link #1 : 0}, {link #2 : 1}, {link #3 : 2}, {link #4 : 3}, {link #5 : 4}, {link #6 : 5},
7 :  {link #0 : 0}, {link #1 : 1}, {link #2 : 2}, {link #3 : 3}, {link #4 : 4}, {link #5 : 5}, {link #6 : 6},
0 : local 98, cpu 10 {link #0 : g1 8}, {link #1 : g2 8}, {link #2 : g3 8}, {link #3 : g4 8}, {link #4 : g5 8}, {link #5 : g6 8}, {link #6 : g7 8},
1 : local 98, cpu 10 {link #0 : g2 8}, {link #1 : g3 8}, {link #2 : g4 8}, {link #3 : g5 8}, {link #4 : g6 8}, {link #5 : g7 8}, {link #6 : g0 8},
2 : local 98, cpu 10 {link #0 : g3 8}, {link #1 : g4 8}, {link #2 : g5 8}, {link #3 : g6 8}, {link #4 : g7 8}, {link #5 : g0 8}, {link #6 : g1 8},
3 : local 98, cpu 10 {link #0 : g4 8}, {link #1 : g5 8}, {link #2 : g6 8}, {link #3 : g7 8}, {link #4 : g0 8}, {link #5 : g1 8}, {link #6 : g2 8},
4 : local 98, cpu 10 {link #0 : g5 8}, {link #1 : g6 8}, {link #2 : g7 8}, {link #3 : g0 8}, {link #4 : g1 8}, {link #5 : g2 8}, {link #6 : g3 8},
5 : local 98, cpu 10 {link #0 : g6 8}, {link #1 : g7 8}, {link #2 : g0 8}, {link #3 : g1 8}, {link #4 : g2 8}, {link #5 : g3 8}, {link #6 : g4 8},
6 : local 98, cpu 10 {link #0 : g7 8}, {link #1 : g0 8}, {link #2 : g1 8}, {link #3 : g2 8}, {link #4 : g3 8}, {link #5 : g4 8}, {link #6 : g5 8},
7 : local 98, cpu 10 {link #0 : g0 8}, {link #1 : g1 8}, {link #2 : g2 8}, {link #3 : g3 8}, {link #4 : g4 8}, {link #5 : g5 8}, {link #6 : g6 8},
0 :  {link #0 : 1}, {link #1 : 2}, {link #2 : 3}, {link #3 : 4}, {link #4 : 5}, {link #5 : 6}, {link #6 : 7},
1 :  {link #0 : 2}, {link #1 : 3}, {link #2 : 4}, {link #3 : 5}, {link #4 : 6}, {link #5 : 7}, {link #6 : 0},
2 :  {link #0 : 3}, {link #1 : 4}, {link #2 : 5}, {link #3 : 6}, {link #4 : 7}, {link #5 : 0}, {link #6 : 1},
3 :  {link #0 : 4}, {link #1 : 5}, {link #2 : 6}, {link #3 : 7}, {link #4 : 0}, {link #5 : 1}, {link #6 : 2},
4 :  {link #0 : 5}, {link #1 : 6}, {link #2 : 7}, {link #3 : 0}, {link #4 : 1}, {link #5 : 2}, {link #6 : 3},
5 :  {link #0 : 6}, {link #1 : 7}, {link #2 : 0}, {link #3 : 1}, {link #4 : 2}, {link #5 : 3}, {link #6 : 4},
6 :  {link #0 : 7}, {link #1 : 0}, {link #2 : 1}, {link #3 : 2}, {link #4 : 3}, {link #5 : 4}, {link #6 : 5},
7 :  {link #0 : 0}, {link #1 : 1}, {link #2 : 2}, {link #3 : 3}, {link #4 : 4}, {link #5 : 5}, {link #6 : 6},
0 : local 98, cpu 10 {link #0 : g1 8}, {link #1 : g2 8}, {link #2 : g3 8}, {link #3 : g4 8}, {link #4 : g5 8}, {link #5 : g6 8}, {link #6 : g7 8},
1 : local 98, cpu 10 {link #0 : g2 8}, {link #1 : g3 8}, {link #2 : g4 8}, {link #3 : g5 8}, {link #4 : g6 8}, {link #5 : g7 8}, {link #6 : g0 8},
2 : local 98, cpu 10 {link #0 : g3 8}, {link #1 : g4 8}, {link #2 : g5 8}, {link #3 : g6 8}, {link #4 : g7 8}, {link #5 : g0 8}, {link #6 : g1 8},
3 : local 98, cpu 10 {link #0 : g4 8}, {link #1 : g5 8}, {link #2 : g6 8}, {link #3 : g7 8}, {link #4 : g0 8}, {link #5 : g1 8}, {link #6 : g2 8},
4 : local 98, cpu 10 {link #0 : g5 8}, {link #1 : g6 8}, {link #2 : g7 8}, {link #3 : g0 8}, {link #4 : g1 8}, {link #5 : g2 8}, {link #6 : g3 8},
5 : local 98, cpu 10 {link #0 : g6 8}, {link #1 : g7 8}, {link #2 : g0 8}, {link #3 : g1 8}, {link #4 : g2 8}, {link #5 : g3 8}, {link #6 : g4 8},
6 : local 98, cpu 10 {link #0 : g7 8}, {link #1 : g0 8}, {link #2 : g1 8}, {link #3 : g2 8}, {link #4 : g3 8}, {link #5 : g4 8}, {link #6 : g5 8},
7 : local 98, cpu 10 {link #0 : g0 8}, {link #1 : g1 8}, {link #2 : g2 8}, {link #3 : g3 8}, {link #4 : g4 8}, {link #5 : g5 8}, {link #6 : g6 8},
0 :  {link #0 : 1}, {link #1 : 2}, {link #2 : 3}, {link #3 : 4}, {link #4 : 5}, {link #5 : 6}, {link #6 : 7},
1 :  {link #0 : 2}, {link #1 : 3}, {link #2 : 4}, {link #3 : 5}, {link #4 : 6}, {link #5 : 7}, {link #6 : 0},
2 :  {link #0 : 3}, {link #1 : 4}, {link #2 : 5}, {link #3 : 6}, {link #4 : 7}, {link #5 : 0}, {link #6 : 1},
3 :  {link #0 : 4}, {link #1 : 5}, {link #2 : 6}, {link #3 : 7}, {link #4 : 0}, {link #5 : 1}, {link #6 : 2},
4 :  {link #0 : 5}, {link #1 : 6}, {link #2 : 7}, {link #3 : 0}, {link #4 : 1}, {link #5 : 2}, {link #6 : 3},
5 :  {link #0 : 6}, {link #1 : 7}, {link #2 : 0}, {link #3 : 1}, {link #4 : 2}, {link #5 : 3}, {link #6 : 4},
6 :  {link #0 : 7}, {link #1 : 0}, {link #2 : 1}, {link #3 : 2}, {link #4 : 3}, {link #5 : 4}, {link #6 : 5},
7 :  {link #0 : 0}, {link #1 : 1}, {link #2 : 2}, {link #3 : 3}, {link #4 : 4}, {link #5 : 5}, {link #6 : 6},
0 : local 98, cpu 10 {link #0 : g1 8}, {link #1 : g2 8}, {link #2 : g3 8}, {link #3 : g4 8}, {link #4 : g5 8}, {link #5 : g6 8}, {link #6 : g7 8},
1 : local 98, cpu 10 {link #0 : g2 8}, {link #1 : g3 8}, {link #2 : g4 8}, {link #3 : g5 8}, {link #4 : g6 8}, {link #5 : g7 8}, {link #6 : g0 8},
2 : local 98, cpu 10 {link #0 : g3 8}, {link #1 : g4 8}, {link #2 : g5 8}, {link #3 : g6 8}, {link #4 : g7 8}, {link #5 : g0 8}, {link #6 : g1 8},
3 : local 98, cpu 10 {link #0 : g4 8}, {link #1 : g5 8}, {link #2 : g6 8}, {link #3 : g7 8}, {link #4 : g0 8}, {link #5 : g1 8}, {link #6 : g2 8},
4 : local 98, cpu 10 {link #0 : g5 8}, {link #1 : g6 8}, {link #2 : g7 8}, {link #3 : g0 8}, {link #4 : g1 8}, {link #5 : g2 8}, {link #6 : g3 8},
5 : local 98, cpu 10 {link #0 : g6 8}, {link #1 : g7 8}, {link #2 : g0 8}, {link #3 : g1 8}, {link #4 : g2 8}, {link #5 : g3 8}, {link #6 : g4 8},
6 : local 98, cpu 10 {link #0 : g7 8}, {link #1 : g0 8}, {link #2 : g1 8}, {link #3 : g2 8}, {link #4 : g3 8}, {link #5 : g4 8}, {link #6 : g5 8},
7 : local 98, cpu 10 {link #0 : g0 8}, {link #1 : g1 8}, {link #2 : g2 8}, {link #3 : g3 8}, {link #4 : g4 8}, {link #5 : g5 8}, {link #6 : g6 8},
0 :  {link #0 : 1}, {link #1 : 2}, {link #2 : 3}, {link #3 : 4}, {link #4 : 5}, {link #5 : 6}, {link #6 : 7},
1 :  {link #0 : 2}, {link #1 : 3}, {link #2 : 4}, {link #3 : 5}, {link #4 : 6}, {link #5 : 7}, {link #6 : 0},
2 :  {link #0 : 3}, {link #1 : 4}, {link #2 : 5}, {link #3 : 6}, {link #4 : 7}, {link #5 : 0}, {link #6 : 1},
3 :  {link #0 : 4}, {link #1 : 5}, {link #2 : 6}, {link #3 : 7}, {link #4 : 0}, {link #5 : 1}, {link #6 : 2},
4 :  {link #0 : 5}, {link #1 : 6}, {link #2 : 7}, {link #3 : 0}, {link #4 : 1}, {link #5 : 2}, {link #6 : 3},
5 :  {link #0 : 6}, {link #1 : 7}, {link #2 : 0}, {link #3 : 1}, {link #4 : 2}, {link #5 : 3}, {link #6 : 4},
6 :  {link #0 : 7}, {link #1 : 0}, {link #2 : 1}, {link #3 : 2}, {link #4 : 3}, {link #5 : 4}, {link #6 : 5},
7 :  {link #0 : 0}, {link #1 : 1}, {link #2 : 2}, {link #3 : 3}, {link #4 : 4}, {link #5 : 5}, {link #6 : 6},
0 : local 98, cpu 10 {link #0 : g1 8}, {link #1 : g2 8}, {link #2 : g3 8}, {link #3 : g4 8}, {link #4 : g5 8}, {link #5 : g6 8}, {link #6 : g7 8},
1 : local 98, cpu 10 {link #0 : g2 8}, {link #1 : g3 8}, {link #2 : g4 8}, {link #3 : g5 8}, {link #4 : g6 8}, {link #5 : g7 8}, {link #6 : g0 8},
2 : local 98, cpu 10 {link #0 : g3 8}, {link #1 : g4 8}, {link #2 : g5 8}, {link #3 : g6 8}, {link #4 : g7 8}, {link #5 : g0 8}, {link #6 : g1 8},
3 : local 98, cpu 10 {link #0 : g4 8}, {link #1 : g5 8}, {link #2 : g6 8}, {link #3 : g7 8}, {link #4 : g0 8}, {link #5 : g1 8}, {link #6 : g2 8},
4 : local 98, cpu 10 {link #0 : g5 8}, {link #1 : g6 8}, {link #2 : g7 8}, {link #3 : g0 8}, {link #4 : g1 8}, {link #5 : g2 8}, {link #6 : g3 8},
5 : local 98, cpu 10 {link #0 : g6 8}, {link #1 : g7 8}, {link #2 : g0 8}, {link #3 : g1 8}, {link #4 : g2 8}, {link #5 : g3 8}, {link #6 : g4 8},
6 : local 98, cpu 10 {link #0 : g7 8}, {link #1 : g0 8}, {link #2 : g1 8}, {link #3 : g2 8}, {link #4 : g3 8}, {link #5 : g4 8}, {link #6 : g5 8},
7 : local 98, cpu 10 {link #0 : g0 8}, {link #1 : g1 8}, {link #2 : g2 8}, {link #3 : g3 8}, {link #4 : g4 8}, {link #5 : g5 8}, {link #6 : g6 8},
0 :  {link #0 : 1}, {link #1 : 2}, {link #2 : 3}, {link #3 : 4}, {link #4 : 5}, {link #5 : 6}, {link #6 : 7},
1 :  {link #0 : 2}, {link #1 : 3}, {link #2 : 4}, {link #3 : 5}, {link #4 : 6}, {link #5 : 7}, {link #6 : 0},
2 :  {link #0 : 3}, {link #1 : 4}, {link #2 : 5}, {link #3 : 6}, {link #4 : 7}, {link #5 : 0}, {link #6 : 1},
3 :  {link #0 : 4}, {link #1 : 5}, {link #2 : 6}, {link #3 : 7}, {link #4 : 0}, {link #5 : 1}, {link #6 : 2},
4 :  {link #0 : 5}, {link #1 : 6}, {link #2 : 7}, {link #3 : 0}, {link #4 : 1}, {link #5 : 2}, {link #6 : 3},
5 :  {link #0 : 6}, {link #1 : 7}, {link #2 : 0}, {link #3 : 1}, {link #4 : 2}, {link #5 : 3}, {link #6 : 4},
6 :  {link #0 : 7}, {link #1 : 0}, {link #2 : 1}, {link #3 : 2}, {link #4 : 3}, {link #5 : 4}, {link #6 : 5},
7 :  {link #0 : 0}, {link #1 : 1}, {link #2 : 2}, {link #3 : 3}, {link #4 : 4}, {link #5 : 5}, {link #6 : 6},
0 : local 98, cpu 10 {link #0 : g1 8}, {link #1 : g2 8}, {link #2 : g3 8}, {link #3 : g4 8}, {link #4 : g5 8}, {link #5 : g6 8}, {link #6 : g7 8},
1 : local 98, cpu 10 {link #0 : g2 8}, {link #1 : g3 8}, {link #2 : g4 8}, {link #3 : g5 8}, {link #4 : g6 8}, {link #5 : g7 8}, {link #6 : g0 8},
2 : local 98, cpu 10 {link #0 : g3 8}, {link #1 : g4 8}, {link #2 : g5 8}, {link #3 : g6 8}, {link #4 : g7 8}, {link #5 : g0 8}, {link #6 : g1 8},
3 : local 98, cpu 10 {link #0 : g4 8}, {link #1 : g5 8}, {link #2 : g6 8}, {link #3 : g7 8}, {link #4 : g0 8}, {link #5 : g1 8}, {link #6 : g2 8},
4 : local 98, cpu 10 {link #0 : g5 8}, {link #1 : g6 8}, {link #2 : g7 8}, {link #3 : g0 8}, {link #4 : g1 8}, {link #5 : g2 8}, {link #6 : g3 8},
5 : local 98, cpu 10 {link #0 : g6 8}, {link #1 : g7 8}, {link #2 : g0 8}, {link #3 : g1 8}, {link #4 : g2 8}, {link #5 : g3 8}, {link #6 : g4 8},
6 : local 98, cpu 10 {link #0 : g7 8}, {link #1 : g0 8}, {link #2 : g1 8}, {link #3 : g2 8}, {link #4 : g3 8}, {link #5 : g4 8}, {link #6 : g5 8},
7 : local 98, cpu 10 {link #0 : g0 8}, {link #1 : g1 8}, {link #2 : g2 8}, {link #3 : g3 8}, {link #4 : g4 8}, {link #5 : g5 8}, {link #6 : g6 8},
coll_cache:optimal_rep_storage=0
coll_cache:optimal_part_storage=1
coll_cache:optimal_cpu_storage=9.14518e-08
coll_cache:optimal_local_storage=0.125
coll_cache:optimal_remote_storage=0.875
coll_cache:optimal_local_rate=0.125
coll_cache:optimal_remote_rate=0.875
coll_cache:optimal_cpu_rate=0
z=9311.64,9311.64,9311.64,9311.64,9311.64,9311.64,9311.64,9311.64,
test_result:init:feat_nbytes=67182966784
test_result:init:cache_nbytes=16862923776
test_result:init:feat_nbytes=67182966784
test_result:init:cache_nbytes=16862923776
test_result:init:feat_nbytes=67182966784
test_result:init:cache_nbytes=16862923776
test_result:init:feat_nbytes=67182966784
test_result:init:cache_nbytes=16862923776
test_result:init:feat_nbytes=67182966784
test_result:init:cache_nbytes=16862923776
test_result:init:feat_nbytes=67182966784
test_result:init:cache_nbytes=16862923776
test_result:init:feat_nbytes=67182966784
test_result:init:cache_nbytes=16862923776
test_result:init:feat_nbytes=67182966784
test_result:init:cache_nbytes=16862923776
    [Step(average) Profiler Level 1 E3 S119]
        L1  sample           0.001680 | send           0.000000
        L1  recv             0.000000 | copy           0.005301 | convert time 0.000000 | train  0.005050
        L1  feature nbytes    1.13 GB | label nbytes 0.00 Bytes
        L1  id nbytes      0.00 Bytes | graph nbytes 0.00 Bytes
        L1  miss nbytes    2.00 Bytes | remote nbytes 1015.68 MB
        L1  num nodes               0 | num samples           0
    [Step(average) Profiler Level 2 E3 S119]
        L2  shuffle     0.000000 | core sample  0.000000 | id remap        0.000000
        L2  graph copy  0.000000 | id copy      0.000000 | cache feat copy 0.005301
        L2  last layer sample time 0.000000 | size 0.000000
    [Step(average) Profiler Level 3 E3 S119]
        L3  khop sample coo  0.000000 | khop sort coo      0.000000 | khop count edge     0.000000 | khop compact edge 0.000000
        L3  walk sample coo  0.000000 | walk topk total    0.000000 | walk topk step1     0.000000 | walk topk step2   0.000000
        L3  walk topk step3  0.000000 | walk topk step4    0.000000 | walk topk step5     0.000000
        L3  walk topk step6  0.000000 | walk topk step7    0.000000
        L3  remap unique     0.000000 | remap populate     0.000000 | remap mapnode       0.000000 | remap mapedge     0.000000
        L3  cache get_index  0.000471 | cache copy_index   0.000000 | cache extract_miss  0.000000
        L3  cache copy_miss  0.000000 | cache combine_miss 0.000000 | cache combine cache 0.000098 | cache combine remote 0.004701
        L3  label extract  0.000000
    [Profiler Level Percentiles E3 S119]
        p50.00_tail_logl2featcopy=0.005312
        p90.00_tail_logl2featcopy=0.005424
        p95.00_tail_logl2featcopy=0.005450
        p99.00_tail_logl2featcopy=0.016019
        p99.90_tail_logl2featcopy=0.016367
[CUDA] cuda: usage: 28.28 GB
Rank=7, Graph loaded.
!!!!Train_dataloader(with 15 items) enumerate latency: 0.17453598976135254
!!!!Train_data_list(with 15 items) enumerate latency: 3.337860107421875e-06, transfer latency: 0.1316995620727539
presamping
presamping takes 1.098442792892456
Rank=4, Graph loaded.
!!!!Train_dataloader(with 15 items) enumerate latency: 0.17690348625183105
!!!!Train_data_list(with 15 items) enumerate latency: 3.337860107421875e-06, transfer latency: 0.12904119491577148
presamping
presamping takes 0.9270095825195312
Rank=5, Graph loaded.
!!!!Train_dataloader(with 15 items) enumerate latency: 0.17307376861572266
!!!!Train_data_list(with 15 items) enumerate latency: 3.0994415283203125e-06, transfer latency: 0.12906670570373535
presamping
presamping takes 1.0800659656524658
Rank=1, Graph loaded.
!!!!Train_dataloader(with 15 items) enumerate latency: 0.1891336441040039
!!!!Train_data_list(with 15 items) enumerate latency: 3.0994415283203125e-06, transfer latency: 0.13355088233947754
presamping
presamping takes 0.927422046661377
Rank=2, Graph loaded.
!!!!Train_dataloader(with 15 items) enumerate latency: 0.17743659019470215
!!!!Train_data_list(with 15 items) enumerate latency: 3.337860107421875e-06, transfer latency: 0.12871146202087402
presamping
presamping takes 0.9219374656677246
Rank=3, Graph loaded.
!!!!Train_dataloader(with 15 items) enumerate latency: 0.18996214866638184
!!!!Train_data_list(with 15 items) enumerate latency: 2.86102294921875e-06, transfer latency: 0.13501906394958496
presamping
presamping takes 1.2397575378417969
Rank=6, Graph loaded.
!!!!Train_dataloader(with 15 items) enumerate latency: 0.17661237716674805
!!!!Train_data_list(with 15 items) enumerate latency: 4.291534423828125e-06, transfer latency: 0.133469820022583
presamping
presamping takes 1.0610630512237549
config:eval_tsp="2023-04-13 05:44:46"
config:num_worker=8
config:root_dir=/nvme/songxiaoniu/graph-learning/wholegraph
config:graph_name=com-friendster
config:epochs=4
config:batchsize=8000
config:skip_epoch=2
config:local_step=125
config:presc_epoch=2
config:neighbors=10,25
config:hiddensize=256
config:num_layer=2
config:model=sage
config:framework=dgl
config:dataloaderworkers=0
config:dropout=0.5
config:lr=0.003
config:use_nccl=False
config:use_amp=False
config:use_collcache=True
config:cache_percentage=0.25
config:cache_policy=clique_part
config:omp_thread_num=40
config:unsupervised=False
config:classnum=100
config:global_barrier=<multiprocessing.synchronize.Barrier object at 0x7f64901bd310>
config:worker_id=0
creating_intra_node_communicator root=0, local_size=8, world_size=8
Rank=0, Graph loaded.
!!!!Train_dataloader(with 15 items) enumerate latency: 0.1805558204650879
!!!!Train_data_list(with 15 items) enumerate latency: 2.6226043701171875e-06, transfer latency: 0.13162565231323242
epoch=4 total_steps=60
presamping
presamping takes 0.9246861934661865
start training...
[Epoch 0], time=1.5891244411468506, loss=4.5220489501953125
[Epoch 1], time=0.18507742881774902, loss=4.433102607727051
[Epoch 2], time=0.17990517616271973, loss=4.3442816734313965
[Epoch 3], time=0.17869353294372559, loss=4.255603313446045
|===========================================================================|
|                  PyTorch CUDA memory summary, device ID 0                 |
|---------------------------------------------------------------------------|
|            CUDA OOMs: 0            |        cudaMalloc retries: 0         |
|===========================================================================|
|        Metric         | Cur Usage  | Peak Usage | Tot Alloc  | Tot Freed  |
|---------------------------------------------------------------------------|
| Allocated memory      |   74942 KB |  390088 KB |   67980 MB |   67907 MB |
|       from large pool |   68331 KB |  383971 KB |   67064 MB |   66998 MB |
|       from small pool |    6611 KB |    8412 KB |     915 MB |     908 MB |
|---------------------------------------------------------------------------|
| Active memory         |   74942 KB |  390088 KB |   67980 MB |   67907 MB |
|       from large pool |   68331 KB |  383971 KB |   67064 MB |   66998 MB |
|       from small pool |    6611 KB |    8412 KB |     915 MB |     908 MB |
|---------------------------------------------------------------------------|
| GPU reserved memory   |  542720 KB |  542720 KB |  542720 KB |       0 B  |
|       from large pool |  532480 KB |  532480 KB |  532480 KB |       0 B  |
|       from small pool |   10240 KB |   10240 KB |   10240 KB |       0 B  |
|---------------------------------------------------------------------------|
| Non-releasable memory |    9026 KB |  170004 KB |   21780 MB |   21772 MB |
|       from large pool |    5397 KB |  165971 KB |   20849 MB |   20843 MB |
|       from small pool |    3629 KB |    5412 KB |     931 MB |     928 MB |
|---------------------------------------------------------------------------|
| Allocations           |      53    |      63    |    8424    |    8371    |
|       from large pool |      11    |      19    |    3046    |    3035    |
|       from small pool |      42    |      47    |    5378    |    5336    |
|---------------------------------------------------------------------------|
| Active allocs         |      53    |      63    |    8424    |    8371    |
|       from large pool |      11    |      19    |    3046    |    3035    |
|       from small pool |      42    |      47    |    5378    |    5336    |
|---------------------------------------------------------------------------|
| GPU reserved segments |      18    |      18    |      18    |       0    |
|       from large pool |      13    |      13    |      13    |       0    |
|       from small pool |       5    |       5    |       5    |       0    |
|---------------------------------------------------------------------------|
| Non-releasable allocs |      17    |      30    |    3765    |    3748    |
|       from large pool |       2    |      13    |    2307    |    2305    |
|       from small pool |      15    |      20    |    1458    |    1443    |
|---------------------------------------------------------------------------|
| Oversize allocations  |       0    |       0    |       0    |       0    |
|---------------------------------------------------------------------------|
| Oversize GPU segments |       0    |       0    |       0    |       0    |
|===========================================================================|

[TRAIN_TIME] train time is 2.134006 seconds
[EPOCH_TIME] 0.533502 seconds, maybe large due to not enough epoch skipped.
[EPOCH_TIME] 0.179489 seconds

