/usr/lib/python3/dist-packages/requests/__init__.py:89: RequestsDependencyWarning: urllib3 (1.26.12) or chardet (3.0.4) doesn't match a supported version!
  warnings.warn("urllib3 ({}) or chardet ({}) doesn't match a supported "
[W socket.cpp:601] [c10d] The client socket has failed to connect to [localhost]:12335 (errno: 99 - Cannot assign requested address).
Rank=1 done reading 30520063 embedding vectors from file /nvme/songxiaoniu/graph-learning/wholegraph/mag240m_homo/converted/homograph_csr_row_ptr
Rank=5 done reading 30520063 embedding vectors from file /nvme/songxiaoniu/graph-learning/wholegraph/mag240m_homo/converted/homograph_csr_row_ptr
Rank=0 done reading 30520063 embedding vectors from file /nvme/songxiaoniu/graph-learning/wholegraph/mag240m_homo/converted/homograph_csr_row_ptr
Rank=4 done reading 30520063 embedding vectors from file /nvme/songxiaoniu/graph-learning/wholegraph/mag240m_homo/converted/homograph_csr_row_ptr
Rank=7 done reading 30520059 embedding vectors from file /nvme/songxiaoniu/graph-learning/wholegraph/mag240m_homo/converted/homograph_csr_row_ptr
Rank=6 done reading 30520063 embedding vectors from file /nvme/songxiaoniu/graph-learning/wholegraph/mag240m_homo/converted/homograph_csr_row_ptr
Rank=3 done reading 30520063 embedding vectors from file /nvme/songxiaoniu/graph-learning/wholegraph/mag240m_homo/converted/homograph_csr_row_ptr
Rank=2 done reading 30520063 embedding vectors from file /nvme/songxiaoniu/graph-learning/wholegraph/mag240m_homo/converted/homograph_csr_row_ptr
Rank=6 done reading 431808978 embedding vectors from file /nvme/songxiaoniu/graph-learning/wholegraph/mag240m_homo/converted/homograph_csr_col_idx
Rank=7 done reading 431808978 embedding vectors from file /nvme/songxiaoniu/graph-learning/wholegraph/mag240m_homo/converted/homograph_csr_col_idx
Rank=3 done reading 431808978 embedding vectors from file /nvme/songxiaoniu/graph-learning/wholegraph/mag240m_homo/converted/homograph_csr_col_idx
Rank=2 done reading 431808978 embedding vectors from file /nvme/songxiaoniu/graph-learning/wholegraph/mag240m_homo/converted/homograph_csr_col_idx
Rank=5 done reading 431808978 embedding vectors from file /nvme/songxiaoniu/graph-learning/wholegraph/mag240m_homo/converted/homograph_csr_col_idx
Rank=0 done reading 431808978 embedding vectors from file /nvme/songxiaoniu/graph-learning/wholegraph/mag240m_homo/converted/homograph_csr_col_idx
Rank=1 done reading 431808978 embedding vectors from file /nvme/songxiaoniu/graph-learning/wholegraph/mag240m_homo/converted/homograph_csr_col_idx
Rank=4 done reading 431808978 embedding vectors from file /nvme/songxiaoniu/graph-learning/wholegraph/mag240m_homo/converted/homograph_csr_col_idx
[2023-04-12 04:59:07.203171: E /samgraph/3rdparty/collcachelib/coll_cache_lib/freq_recorder.cc:337] bulk append 1008973 into 0
[2023-04-12 04:59:07.207361: E /samgraph/3rdparty/collcachelib/coll_cache_lib/freq_recorder.cc:347] bulk append 3568474
[2023-04-12 04:59:07.207512: E /samgraph/3rdparty/collcachelib/coll_cache_lib/freq_recorder.cc:337] bulk append 1007990 into 1008973
[2023-04-12 04:59:07.211670: E /samgraph/3rdparty/collcachelib/coll_cache_lib/freq_recorder.cc:347] bulk append 3572121
[2023-04-12 04:59:07.211803: E /samgraph/3rdparty/collcachelib/coll_cache_lib/freq_recorder.cc:337] bulk append 1007833 into 2016963
[2023-04-12 04:59:07.215939: E /samgraph/3rdparty/collcachelib/coll_cache_lib/freq_recorder.cc:347] bulk append 3572750
[2023-04-12 04:59:07.216066: E /samgraph/3rdparty/collcachelib/coll_cache_lib/freq_recorder.cc:337] bulk append 1007904 into 3024796
[2023-04-12 04:59:07.220211: E /samgraph/3rdparty/collcachelib/coll_cache_lib/freq_recorder.cc:347] bulk append 3573640
[2023-04-12 04:59:07.220340: E /samgraph/3rdparty/collcachelib/coll_cache_lib/freq_recorder.cc:337] bulk append 1007867 into 4032700
[2023-04-12 04:59:07.224488: E /samgraph/3rdparty/collcachelib/coll_cache_lib/freq_recorder.cc:347] bulk append 3577933
[2023-04-12 04:59:07.224619: E /samgraph/3rdparty/collcachelib/coll_cache_lib/freq_recorder.cc:337] bulk append 1007895 into 5040567
[2023-04-12 04:59:07.228776: E /samgraph/3rdparty/collcachelib/coll_cache_lib/freq_recorder.cc:347] bulk append 3575462
[2023-04-12 04:59:07.228903: E /samgraph/3rdparty/collcachelib/coll_cache_lib/freq_recorder.cc:337] bulk append 1007071 into 6048462
[2023-04-12 04:59:07.233039: E /samgraph/3rdparty/collcachelib/coll_cache_lib/freq_recorder.cc:347] bulk append 3562518
[2023-04-12 04:59:07.233162: E /samgraph/3rdparty/collcachelib/coll_cache_lib/freq_recorder.cc:337] bulk append 1008279 into 7055533
[2023-04-12 04:59:07.237312: E /samgraph/3rdparty/collcachelib/coll_cache_lib/freq_recorder.cc:347] bulk append 3581413
[2023-04-12 04:59:07.237446: E /samgraph/3rdparty/collcachelib/coll_cache_lib/freq_recorder.cc:337] bulk append 1006562 into 8063812
[2023-04-12 04:59:07.241588: E /samgraph/3rdparty/collcachelib/coll_cache_lib/freq_recorder.cc:347] bulk append 3573026
[2023-04-12 04:59:07.241721: E /samgraph/3rdparty/collcachelib/coll_cache_lib/freq_recorder.cc:337] bulk append 1009124 into 9070374
[2023-04-12 04:59:07.245878: E /samgraph/3rdparty/collcachelib/coll_cache_lib/freq_recorder.cc:347] bulk append 3570443
[2023-04-12 04:59:07.246039: E /samgraph/3rdparty/collcachelib/coll_cache_lib/freq_recorder.cc:337] bulk append 1010926 into 10079498
[2023-04-12 04:59:07.250550: E /samgraph/3rdparty/collcachelib/coll_cache_lib/freq_recorder.cc:347] bulk append 3581949
[2023-04-12 04:59:07.250698: E /samgraph/3rdparty/collcachelib/coll_cache_lib/freq_recorder.cc:337] bulk append 1010680 into 11090424
[2023-04-12 04:59:07.254847: E /samgraph/3rdparty/collcachelib/coll_cache_lib/freq_recorder.cc:347] bulk append 3580276
[2023-04-12 04:59:07.254989: E /samgraph/3rdparty/collcachelib/coll_cache_lib/freq_recorder.cc:337] bulk append 1010583 into 12101104
[2023-04-12 04:59:07.259125: E /samgraph/3rdparty/collcachelib/coll_cache_lib/freq_recorder.cc:347] bulk append 3583474
[2023-04-12 04:59:07.259267: E /samgraph/3rdparty/collcachelib/coll_cache_lib/freq_recorder.cc:337] bulk append 1009911 into 13111687
[2023-04-12 04:59:07.263416: E /samgraph/3rdparty/collcachelib/coll_cache_lib/freq_recorder.cc:347] bulk append 3578951
[2023-04-12 04:59:07.263553: E /samgraph/3rdparty/collcachelib/coll_cache_lib/freq_recorder.cc:337] bulk append 1009921 into 14121598
[2023-04-12 04:59:07.268007: E /samgraph/3rdparty/collcachelib/coll_cache_lib/freq_recorder.cc:347] bulk append 3589725
[2023-04-12 04:59:07.268146: E /samgraph/3rdparty/collcachelib/coll_cache_lib/freq_recorder.cc:337] bulk append 1009665 into 15131519
[2023-04-12 04:59:07.272297: E /samgraph/3rdparty/collcachelib/coll_cache_lib/freq_recorder.cc:347] bulk append 3585436
[2023-04-12 04:59:07.272427: E /samgraph/3rdparty/collcachelib/coll_cache_lib/freq_recorder.cc:337] bulk append 1009185 into 16141184
[2023-04-12 04:59:07.276875: E /samgraph/3rdparty/collcachelib/coll_cache_lib/freq_recorder.cc:347] bulk append 3573872
[2023-04-12 04:59:07.277002: E /samgraph/3rdparty/collcachelib/coll_cache_lib/freq_recorder.cc:337] bulk append 1009959 into 17150369
[2023-04-12 04:59:07.281150: E /samgraph/3rdparty/collcachelib/coll_cache_lib/freq_recorder.cc:347] bulk append 3589031
[2023-04-12 04:59:07.281283: E /samgraph/3rdparty/collcachelib/coll_cache_lib/freq_recorder.cc:337] bulk append 1009030 into 18160328
[2023-04-12 04:59:07.285705: E /samgraph/3rdparty/collcachelib/coll_cache_lib/freq_recorder.cc:347] bulk append 3586042
[2023-04-12 04:59:07.285841: E /samgraph/3rdparty/collcachelib/coll_cache_lib/freq_recorder.cc:337] bulk append 1009969 into 19169358
[2023-04-12 04:59:07.290287: E /samgraph/3rdparty/collcachelib/coll_cache_lib/freq_recorder.cc:347] bulk append 3584917
[2023-04-12 04:59:07.290430: E /samgraph/3rdparty/collcachelib/coll_cache_lib/freq_recorder.cc:337] bulk append 1008982 into 20179327
[2023-04-12 04:59:07.294621: E /samgraph/3rdparty/collcachelib/coll_cache_lib/freq_recorder.cc:347] bulk append 3579622
[2023-04-12 04:59:07.294785: E /samgraph/3rdparty/collcachelib/coll_cache_lib/freq_recorder.cc:337] bulk append 1007691 into 21188309
[2023-04-12 04:59:07.298939: E /samgraph/3rdparty/collcachelib/coll_cache_lib/freq_recorder.cc:347] bulk append 3575666
[2023-04-12 04:59:07.299089: E /samgraph/3rdparty/collcachelib/coll_cache_lib/freq_recorder.cc:337] bulk append 1007376 into 22196000
[2023-04-12 04:59:07.303228: E /samgraph/3rdparty/collcachelib/coll_cache_lib/freq_recorder.cc:347] bulk append 3575306
[2023-04-12 04:59:07.303360: E /samgraph/3rdparty/collcachelib/coll_cache_lib/freq_recorder.cc:337] bulk append 1008499 into 23203376
[2023-04-12 04:59:07.307490: E /samgraph/3rdparty/collcachelib/coll_cache_lib/freq_recorder.cc:347] bulk append 3579399
[2023-04-12 04:59:07.307622: E /samgraph/3rdparty/collcachelib/coll_cache_lib/freq_recorder.cc:337] bulk append 1008959 into 24211875
[2023-04-12 04:59:07.311743: E /samgraph/3rdparty/collcachelib/coll_cache_lib/freq_recorder.cc:347] bulk append 3585820
[2023-04-12 04:59:07.311886: E /samgraph/3rdparty/collcachelib/coll_cache_lib/freq_recorder.cc:337] bulk append 1008485 into 25220834
[2023-04-12 04:59:07.316030: E /samgraph/3rdparty/collcachelib/coll_cache_lib/freq_recorder.cc:347] bulk append 3580672
[2023-04-12 04:59:07.316163: E /samgraph/3rdparty/collcachelib/coll_cache_lib/freq_recorder.cc:337] bulk append 1007138 into 26229319
[2023-04-12 04:59:07.320307: E /samgraph/3rdparty/collcachelib/coll_cache_lib/freq_recorder.cc:347] bulk append 3568769
[2023-04-12 04:59:07.320456: E /samgraph/3rdparty/collcachelib/coll_cache_lib/freq_recorder.cc:337] bulk append 1008045 into 27236457
[2023-04-12 04:59:07.324599: E /samgraph/3rdparty/collcachelib/coll_cache_lib/freq_recorder.cc:347] bulk append 3583687
[2023-04-12 04:59:07.324739: E /samgraph/3rdparty/collcachelib/coll_cache_lib/freq_recorder.cc:337] bulk append 1007862 into 28244502
[2023-04-12 04:59:07.328877: E /samgraph/3rdparty/collcachelib/coll_cache_lib/freq_recorder.cc:347] bulk append 3579269
[2023-04-12 04:59:07.329008: E /samgraph/3rdparty/collcachelib/coll_cache_lib/freq_recorder.cc:337] bulk append 1008821 into 29252364
[2023-04-12 04:59:07.333152: E /samgraph/3rdparty/collcachelib/coll_cache_lib/freq_recorder.cc:347] bulk append 3584367
[2023-04-12 04:59:07.333302: E /samgraph/3rdparty/collcachelib/coll_cache_lib/freq_recorder.cc:337] bulk append 1011359 into 30261185
[2023-04-12 04:59:07.337806: E /samgraph/3rdparty/collcachelib/coll_cache_lib/freq_recorder.cc:347] bulk append 3579813
[2023-04-12 04:59:07.337948: E /samgraph/3rdparty/collcachelib/coll_cache_lib/freq_recorder.cc:337] bulk append 1009671 into 31272544
[2023-04-12 04:59:07.342092: E /samgraph/3rdparty/collcachelib/coll_cache_lib/freq_recorder.cc:347] bulk append 3576819
[2023-04-12 04:59:07.342219: E /samgraph/3rdparty/collcachelib/coll_cache_lib/freq_recorder.cc:337] bulk append 1009405 into 32282215
[2023-04-12 04:59:07.346353: E /samgraph/3rdparty/collcachelib/coll_cache_lib/freq_recorder.cc:347] bulk append 3576304
[2023-04-12 04:59:07.346478: E /samgraph/3rdparty/collcachelib/coll_cache_lib/freq_recorder.cc:337] bulk append 1010972 into 33291620
[2023-04-12 04:59:07.350905: E /samgraph/3rdparty/collcachelib/coll_cache_lib/freq_recorder.cc:347] bulk append 3582933
[2023-04-12 04:59:07.351029: E /samgraph/3rdparty/collcachelib/coll_cache_lib/freq_recorder.cc:337] bulk append 1009228 into 34302592
[2023-04-12 04:59:07.355169: E /samgraph/3rdparty/collcachelib/coll_cache_lib/freq_recorder.cc:347] bulk append 3585935
[2023-04-12 04:59:07.355297: E /samgraph/3rdparty/collcachelib/coll_cache_lib/freq_recorder.cc:337] bulk append 1009939 into 35311820
[2023-04-12 04:59:07.359704: E /samgraph/3rdparty/collcachelib/coll_cache_lib/freq_recorder.cc:347] bulk append 3582126
[2023-04-12 04:59:07.359830: E /samgraph/3rdparty/collcachelib/coll_cache_lib/freq_recorder.cc:337] bulk append 1008374 into 36321759
[2023-04-12 04:59:07.364244: E /samgraph/3rdparty/collcachelib/coll_cache_lib/freq_recorder.cc:347] bulk append 3570591
[2023-04-12 04:59:07.364364: E /samgraph/3rdparty/collcachelib/coll_cache_lib/freq_recorder.cc:337] bulk append 1010463 into 37330133
[2023-04-12 04:59:07.368475: E /samgraph/3rdparty/collcachelib/coll_cache_lib/freq_recorder.cc:347] bulk append 3587618
[2023-04-12 04:59:07.368616: E /samgraph/3rdparty/collcachelib/coll_cache_lib/freq_recorder.cc:337] bulk append 1009011 into 38340596
[2023-04-12 04:59:07.373023: E /samgraph/3rdparty/collcachelib/coll_cache_lib/freq_recorder.cc:347] bulk append 3579337
[2023-04-12 04:59:07.373145: E /samgraph/3rdparty/collcachelib/coll_cache_lib/freq_recorder.cc:337] bulk append 1011275 into 39349607
[2023-04-12 04:59:07.377271: E /samgraph/3rdparty/collcachelib/coll_cache_lib/freq_recorder.cc:347] bulk append 3582832
[2023-04-12 04:59:07.377405: E /samgraph/3rdparty/collcachelib/coll_cache_lib/freq_recorder.cc:337] bulk append 1007359 into 40360882
[2023-04-12 04:59:07.381578: E /samgraph/3rdparty/collcachelib/coll_cache_lib/freq_recorder.cc:347] bulk append 3575806
[2023-04-12 04:59:07.381717: E /samgraph/3rdparty/collcachelib/coll_cache_lib/freq_recorder.cc:337] bulk append 1005818 into 41368241
[2023-04-12 04:59:07.385861: E /samgraph/3rdparty/collcachelib/coll_cache_lib/freq_recorder.cc:347] bulk append 3571359
[2023-04-12 04:59:07.385988: E /samgraph/3rdparty/collcachelib/coll_cache_lib/freq_recorder.cc:337] bulk append 1005855 into 42374059
[2023-04-12 04:59:07.390126: E /samgraph/3rdparty/collcachelib/coll_cache_lib/freq_recorder.cc:347] bulk append 3577559
[2023-04-12 04:59:07.390252: E /samgraph/3rdparty/collcachelib/coll_cache_lib/freq_recorder.cc:337] bulk append 1006644 into 43379914
[2023-04-12 04:59:07.394389: E /samgraph/3rdparty/collcachelib/coll_cache_lib/freq_recorder.cc:347] bulk append 3577659
[2023-04-12 04:59:07.394515: E /samgraph/3rdparty/collcachelib/coll_cache_lib/freq_recorder.cc:337] bulk append 1006743 into 44386558
[2023-04-12 04:59:07.398665: E /samgraph/3rdparty/collcachelib/coll_cache_lib/freq_recorder.cc:347] bulk append 3583929
[2023-04-12 04:59:07.398794: E /samgraph/3rdparty/collcachelib/coll_cache_lib/freq_recorder.cc:337] bulk append 1005401 into 45393301
[2023-04-12 04:59:07.402921: E /samgraph/3rdparty/collcachelib/coll_cache_lib/freq_recorder.cc:347] bulk append 3578953
[2023-04-12 04:59:07.403042: E /samgraph/3rdparty/collcachelib/coll_cache_lib/freq_recorder.cc:337] bulk append 1005311 into 46398702
[2023-04-12 04:59:07.407147: E /samgraph/3rdparty/collcachelib/coll_cache_lib/freq_recorder.cc:347] bulk append 3564087
[2023-04-12 04:59:07.407270: E /samgraph/3rdparty/collcachelib/coll_cache_lib/freq_recorder.cc:337] bulk append 1006020 into 47404013
[2023-04-12 04:59:07.411411: E /samgraph/3rdparty/collcachelib/coll_cache_lib/freq_recorder.cc:347] bulk append 3580514
[2023-04-12 04:59:07.411537: E /samgraph/3rdparty/collcachelib/coll_cache_lib/freq_recorder.cc:337] bulk append 1006830 into 48410033
[2023-04-12 04:59:07.415674: E /samgraph/3rdparty/collcachelib/coll_cache_lib/freq_recorder.cc:347] bulk append 3578644
[2023-04-12 04:59:07.415802: E /samgraph/3rdparty/collcachelib/coll_cache_lib/freq_recorder.cc:337] bulk append 1005926 into 49416863
[2023-04-12 04:59:07.419939: E /samgraph/3rdparty/collcachelib/coll_cache_lib/freq_recorder.cc:347] bulk append 3576172
[2023-04-12 04:59:07.420075: E /samgraph/3rdparty/collcachelib/coll_cache_lib/freq_recorder.cc:337] bulk append 1010699 into 50422789
[2023-04-12 04:59:07.424265: E /samgraph/3rdparty/collcachelib/coll_cache_lib/freq_recorder.cc:347] bulk append 3579270
[2023-04-12 04:59:07.424403: E /samgraph/3rdparty/collcachelib/coll_cache_lib/freq_recorder.cc:337] bulk append 1009689 into 51433488
[2023-04-12 04:59:07.428559: E /samgraph/3rdparty/collcachelib/coll_cache_lib/freq_recorder.cc:347] bulk append 3577053
[2023-04-12 04:59:07.428692: E /samgraph/3rdparty/collcachelib/coll_cache_lib/freq_recorder.cc:337] bulk append 1010534 into 52443177
[2023-04-12 04:59:07.432844: E /samgraph/3rdparty/collcachelib/coll_cache_lib/freq_recorder.cc:347] bulk append 3575436
[2023-04-12 04:59:07.432973: E /samgraph/3rdparty/collcachelib/coll_cache_lib/freq_recorder.cc:337] bulk append 1010113 into 53453711
[2023-04-12 04:59:07.437096: E /samgraph/3rdparty/collcachelib/coll_cache_lib/freq_recorder.cc:347] bulk append 3581886
[2023-04-12 04:59:07.437235: E /samgraph/3rdparty/collcachelib/coll_cache_lib/freq_recorder.cc:337] bulk append 1011248 into 54463824
[2023-04-12 04:59:07.441372: E /samgraph/3rdparty/collcachelib/coll_cache_lib/freq_recorder.cc:347] bulk append 3589900
[2023-04-12 04:59:07.441502: E /samgraph/3rdparty/collcachelib/coll_cache_lib/freq_recorder.cc:337] bulk append 1011035 into 55475072
[2023-04-12 04:59:07.445649: E /samgraph/3rdparty/collcachelib/coll_cache_lib/freq_recorder.cc:347] bulk append 3584686
[2023-04-12 04:59:07.445779: E /samgraph/3rdparty/collcachelib/coll_cache_lib/freq_recorder.cc:337] bulk append 1008549 into 56486107
[2023-04-12 04:59:07.449912: E /samgraph/3rdparty/collcachelib/coll_cache_lib/freq_recorder.cc:347] bulk append 3570961
[2023-04-12 04:59:07.450042: E /samgraph/3rdparty/collcachelib/coll_cache_lib/freq_recorder.cc:337] bulk append 1009326 into 57494656
[2023-04-12 04:59:07.454195: E /samgraph/3rdparty/collcachelib/coll_cache_lib/freq_recorder.cc:347] bulk append 3584209
[2023-04-12 04:59:07.454328: E /samgraph/3rdparty/collcachelib/coll_cache_lib/freq_recorder.cc:337] bulk append 1009835 into 58503982
[2023-04-12 04:59:07.458476: E /samgraph/3rdparty/collcachelib/coll_cache_lib/freq_recorder.cc:347] bulk append 3580762
[2023-04-12 04:59:07.458605: E /samgraph/3rdparty/collcachelib/coll_cache_lib/freq_recorder.cc:337] bulk append 1010965 into 59513817
[2023-04-12 04:59:07.463124: E /samgraph/3rdparty/collcachelib/coll_cache_lib/freq_recorder.cc:347] bulk append 3583812
[2023-04-12 04:59:07.463271: E /samgraph/3rdparty/collcachelib/coll_cache_lib/freq_recorder.cc:337] bulk append 1013600 into 60524782
[2023-04-12 04:59:07.467476: E /samgraph/3rdparty/collcachelib/coll_cache_lib/freq_recorder.cc:347] bulk append 3588087
[2023-04-12 04:59:07.467617: E /samgraph/3rdparty/collcachelib/coll_cache_lib/freq_recorder.cc:337] bulk append 1011184 into 61538382
[2023-04-12 04:59:07.471793: E /samgraph/3rdparty/collcachelib/coll_cache_lib/freq_recorder.cc:347] bulk append 3582725
[2023-04-12 04:59:07.471931: E /samgraph/3rdparty/collcachelib/coll_cache_lib/freq_recorder.cc:337] bulk append 1011851 into 62549566
[2023-04-12 04:59:07.476101: E /samgraph/3rdparty/collcachelib/coll_cache_lib/freq_recorder.cc:347] bulk append 3582898
[2023-04-12 04:59:07.476239: E /samgraph/3rdparty/collcachelib/coll_cache_lib/freq_recorder.cc:337] bulk append 1011175 into 63561417
[2023-04-12 04:59:07.480399: E /samgraph/3rdparty/collcachelib/coll_cache_lib/freq_recorder.cc:347] bulk append 3582736
[2023-04-12 04:59:07.480535: E /samgraph/3rdparty/collcachelib/coll_cache_lib/freq_recorder.cc:337] bulk append 1012654 into 64572592
[2023-04-12 04:59:07.484703: E /samgraph/3rdparty/collcachelib/coll_cache_lib/freq_recorder.cc:347] bulk append 3593530
[2023-04-12 04:59:07.484841: E /samgraph/3rdparty/collcachelib/coll_cache_lib/freq_recorder.cc:337] bulk append 1010928 into 65585246
[2023-04-12 04:59:07.489000: E /samgraph/3rdparty/collcachelib/coll_cache_lib/freq_recorder.cc:347] bulk append 3586828
[2023-04-12 04:59:07.489136: E /samgraph/3rdparty/collcachelib/coll_cache_lib/freq_recorder.cc:337] bulk append 1010819 into 66596174
[2023-04-12 04:59:07.493297: E /samgraph/3rdparty/collcachelib/coll_cache_lib/freq_recorder.cc:347] bulk append 3580391
[2023-04-12 04:59:07.493438: E /samgraph/3rdparty/collcachelib/coll_cache_lib/freq_recorder.cc:337] bulk append 1011460 into 67606993
[2023-04-12 04:59:07.497595: E /samgraph/3rdparty/collcachelib/coll_cache_lib/freq_recorder.cc:347] bulk append 3590965
[2023-04-12 04:59:07.497732: E /samgraph/3rdparty/collcachelib/coll_cache_lib/freq_recorder.cc:337] bulk append 1011651 into 68618453
[2023-04-12 04:59:07.501902: E /samgraph/3rdparty/collcachelib/coll_cache_lib/freq_recorder.cc:347] bulk append 3589559
[2023-04-12 04:59:07.502042: E /samgraph/3rdparty/collcachelib/coll_cache_lib/freq_recorder.cc:337] bulk append 1011312 into 69630104
[2023-04-12 04:59:07.506193: E /samgraph/3rdparty/collcachelib/coll_cache_lib/freq_recorder.cc:347] bulk append 3586239
[2023-04-12 04:59:07.506351: E /samgraph/3rdparty/collcachelib/coll_cache_lib/freq_recorder.cc:337] bulk append 1008269 into 70641416
[2023-04-12 04:59:07.510541: E /samgraph/3rdparty/collcachelib/coll_cache_lib/freq_recorder.cc:347] bulk append 3569083
[2023-04-12 04:59:07.510687: E /samgraph/3rdparty/collcachelib/coll_cache_lib/freq_recorder.cc:337] bulk append 1007351 into 71649685
[2023-04-12 04:59:07.514845: E /samgraph/3rdparty/collcachelib/coll_cache_lib/freq_recorder.cc:347] bulk append 3571226
[2023-04-12 04:59:07.514987: E /samgraph/3rdparty/collcachelib/coll_cache_lib/freq_recorder.cc:337] bulk append 1007654 into 72657036
[2023-04-12 04:59:07.519135: E /samgraph/3rdparty/collcachelib/coll_cache_lib/freq_recorder.cc:347] bulk append 3572847
[2023-04-12 04:59:07.519272: E /samgraph/3rdparty/collcachelib/coll_cache_lib/freq_recorder.cc:337] bulk append 1008725 into 73664690
[2023-04-12 04:59:07.523429: E /samgraph/3rdparty/collcachelib/coll_cache_lib/freq_recorder.cc:347] bulk append 3574719
[2023-04-12 04:59:07.523572: E /samgraph/3rdparty/collcachelib/coll_cache_lib/freq_recorder.cc:337] bulk append 1007795 into 74673415
[2023-04-12 04:59:07.527705: E /samgraph/3rdparty/collcachelib/coll_cache_lib/freq_recorder.cc:347] bulk append 3581036
[2023-04-12 04:59:07.527843: E /samgraph/3rdparty/collcachelib/coll_cache_lib/freq_recorder.cc:337] bulk append 1007458 into 75681210
[2023-04-12 04:59:07.531991: E /samgraph/3rdparty/collcachelib/coll_cache_lib/freq_recorder.cc:347] bulk append 3573948
[2023-04-12 04:59:07.532125: E /samgraph/3rdparty/collcachelib/coll_cache_lib/freq_recorder.cc:337] bulk append 1007219 into 76688668
[2023-04-12 04:59:07.536287: E /samgraph/3rdparty/collcachelib/coll_cache_lib/freq_recorder.cc:347] bulk append 3563921
[2023-04-12 04:59:07.536425: E /samgraph/3rdparty/collcachelib/coll_cache_lib/freq_recorder.cc:337] bulk append 1007472 into 77695887
[2023-04-12 04:59:07.540557: E /samgraph/3rdparty/collcachelib/coll_cache_lib/freq_recorder.cc:347] bulk append 3577365
[2023-04-12 04:59:07.540694: E /samgraph/3rdparty/collcachelib/coll_cache_lib/freq_recorder.cc:337] bulk append 1006390 into 78703359
[2023-04-12 04:59:07.544806: E /samgraph/3rdparty/collcachelib/coll_cache_lib/freq_recorder.cc:347] bulk append 3571624
[2023-04-12 04:59:07.544940: E /samgraph/3rdparty/collcachelib/coll_cache_lib/freq_recorder.cc:337] bulk append 1007585 into 79709749
[2023-04-12 04:59:07.549092: E /samgraph/3rdparty/collcachelib/coll_cache_lib/freq_recorder.cc:347] bulk append 3573611
[2023-04-12 04:59:07.549232: E /samgraph/3rdparty/collcachelib/coll_cache_lib/freq_recorder.cc:266] freq recorder global combining
[[[2023-04-12 04:59:072023-04-12 04:59:072023-04-12 04:59:07..[[.[[5492815492812023-04-12 04:59:072023-04-12 04:59:075492832023-04-12 04:59:072023-04-12 04:59:07: : ..: ..EE549292549299E549292549294  : :  : : /samgraph/3rdparty/collcachelib/coll_cache_lib/run_config.cc/samgraph/3rdparty/collcachelib/coll_cache_lib/run_config.ccEE/samgraph/3rdparty/collcachelib/coll_cache_lib/run_config.ccEE::  :  140140/samgraph/3rdparty/collcachelib/coll_cache_lib/run_config.cc/samgraph/3rdparty/collcachelib/coll_cache_lib/run_config.cc140/samgraph/3rdparty/collcachelib/coll_cache_lib/run_config.cc/samgraph/3rdparty/collcachelib/coll_cache_lib/run_config.cc] ] ::] ::using concurrent impl MPSPhaseusing concurrent impl MPSPhase140140using concurrent impl MPSPhase140140

] ] 
] ] using concurrent impl MPSPhase[using concurrent impl MPSPhaseusing concurrent impl MPSPhaseusing concurrent impl MPSPhase[
2023-04-12 04:59:07
[

2023-04-12 04:59:07.2023-04-12 04:59:07[.[[549393.2023-04-12 04:59:07[5493922023-04-12 04:59:072023-04-12 04:59:07: 549396.2023-04-12 04:59:07: ..E: 549406.E549411549408 E: 549412 : : /samgraph/3rdparty/collcachelib/coll_cache_lib/facade.cc E: /samgraph/3rdparty/collcachelib/coll_cache_lib/facade.ccEE:/samgraph/3rdparty/collcachelib/coll_cache_lib/facade.cc E:  409:/samgraph/3rdparty/collcachelib/coll_cache_lib/facade.cc 409/samgraph/3rdparty/collcachelib/coll_cache_lib/facade.cc/samgraph/3rdparty/collcachelib/coll_cache_lib/facade.cc] 409:/samgraph/3rdparty/collcachelib/coll_cache_lib/facade.cc] ::before scale, dtype is 0, dim is 384] 409:before scale, dtype is 0, dim is 384409409
before scale, dtype is 0, dim is 384] 409
] ] 
before scale, dtype is 0, dim is 384[] before scale, dtype is 0, dim is 384[before scale, dtype is 0, dim is 384
2023-04-12 04:59:07before scale, dtype is 0, dim is 384[
2023-04-12 04:59:07
.
[2023-04-12 04:59:07.549540[[2023-04-12 04:59:07.[549547: 2023-04-12 04:59:072023-04-12 04:59:07.5495532023-04-12 04:59:07: E..549561: .E 549567549569: E549572 /samgraph/3rdparty/collcachelib/coll_cache_lib/facade.cc: : E : /samgraph/3rdparty/collcachelib/coll_cache_lib/facade.cc:EE /samgraph/3rdparty/collcachelib/coll_cache_lib/facade.ccE:415  /samgraph/3rdparty/collcachelib/coll_cache_lib/facade.cc: 415] /samgraph/3rdparty/collcachelib/coll_cache_lib/facade.cc/samgraph/3rdparty/collcachelib/coll_cache_lib/facade.cc:415/samgraph/3rdparty/collcachelib/coll_cache_lib/facade.cc] after scale, dtype is 7, new dim is 96::415] :after scale, dtype is 7, new dim is 96
415415] after scale, dtype is 7, new dim is 96415
] ] after scale, dtype is 7, new dim is 96
] after scale, dtype is 7, new dim is 96after scale, dtype is 7, new dim is 96
after scale, dtype is 7, new dim is 96


[2023-04-12 04:59:07.550913: E /samgraph/3rdparty/collcachelib/coll_cache_lib/coll_cache/asymm_link_desc.cc:201] assigning 10 to cpu
[2023-04-12 04:59:07.550952: E /samgraph/3rdparty/collcachelib/coll_cache_lib/coll_cache/asymm_link_desc.cc:218] build symm link desc with 8X NVIDIA A100-SXM4-80GB out of 8
[2023-04-12 04:59:07.550978: E /samgraph/3rdparty/collcachelib/coll_cache_lib/coll_cache/asymm_link_desc.cc:219] remote time is 24.3333
[2023-04-12 04:59:07.550989: E /samgraph/3rdparty/collcachelib/coll_cache_lib/coll_cache/asymm_link_desc.cc:220] cpu time is 91.25
[2023-04-12 04:59:07.551014: E /samgraph/3rdparty/collcachelib/coll_cache_lib/facade.cc:425] registering cpu data with 24.00 GB
[2023-04-12 04:59:07.551581: E /samgraph/3rdparty/collcachelib/coll_cache_lib/coll_cache/asymm_link_desc.cc:201] assigning 10 to cpu
[2023-04-12 04:59:07.551642: E /samgraph/3rdparty/collcachelib/coll_cache_lib/coll_cache/asymm_link_desc.cc:218] build symm link desc with 8X NVIDIA A100-SXM4-80GB out of 8
[2023-04-12 04:59:07.551658: E /samgraph/3rdparty/collcachelib/coll_cache_lib/coll_cache/asymm_link_desc.cc:219] remote time is 24.3333
[2023-04-12 04:59:07.551669: E /samgraph/3rdparty/collcachelib/coll_cache_lib/coll_cache/asymm_link_desc.cc:220] cpu time is 91.25
[2023-04-12 04:59:07.551693: E /samgraph/3rdparty/collcachelib/coll_cache_lib/facade.cc:425] registering cpu data with 24.00 GB
[2023-04-12 04:59:07.551719: E /samgraph/3rdparty/collcachelib/coll_cache_lib/coll_cache/asymm_link_desc.cc:201] assigning 10 to cpu
[2023-04-12 04:59:07.551774: E /samgraph/3rdparty/collcachelib/coll_cache_lib/coll_cache/asymm_link_desc.cc:218] build symm link desc with 8X NVIDIA A100-SXM4-80GB out of 8
[2023-04-12 04:59:07.551794: E /samgraph/3rdparty/collcachelib/coll_cache_lib/coll_cache/asymm_link_desc.cc:219] remote time is 24.3333
[2023-04-12 04:59:07.551805: E /samgraph/3rdparty/collcachelib/coll_cache_lib/coll_cache/asymm_link_desc.cc:220] cpu time is 91.25
[2023-04-12 04:59:07.551830: E /samgraph/3rdparty/collcachelib/coll_cache_lib/facade.cc:425] registering cpu data with 24.00 GB
[2023-04-12 04:59:07.552047: E /samgraph/3rdparty/collcachelib/coll_cache_lib/coll_cache/asymm_link_desc.cc:201] assigning 10 to cpu
[2023-04-12 04:59:07.552081: E /samgraph/3rdparty/collcachelib/coll_cache_lib/coll_cache/asymm_link_desc.cc:218] build symm link desc with 8X NVIDIA A100-SXM4-80GB out of 8
[2023-04-12 04:59:07.552097: E /samgraph/3rdparty/collcachelib/coll_cache_lib/coll_cache/asymm_link_desc.cc:219] remote time is 24.3333
[2023-04-12 04:59:07.552108: E /samgraph/3rdparty/collcachelib/coll_cache_lib/coll_cache/asymm_link_desc.cc:220] cpu time is 91.25
[2023-04-12 04:59:07.552133: E /samgraph/3rdparty/collcachelib/coll_cache_lib/facade.cc:425] registering cpu data with 24.00 GB
[2023-04-12 04:59:07.552194: E /samgraph/3rdparty/collcachelib/coll_cache_lib/coll_cache/asymm_link_desc.cc:201] assigning 10 to cpu
[2023-04-12 04:59:07.552232: E /samgraph/3rdparty/collcachelib/coll_cache_lib/coll_cache/asymm_link_desc.cc:218] build symm link desc with 8X NVIDIA A100-SXM4-80GB out of 8
[2023-04-12 04:59:07.552252: E /samgraph/3rdparty/collcachelib/coll_cache_lib/coll_cache/asymm_link_desc.cc:219] remote time is 24.3333
[2023-04-12 04:59:07.552262: E /samgraph/3rdparty/collcachelib/coll_cache_lib/coll_cache/asymm_link_desc.cc:220] cpu time is 91.25
[2023-04-12 04:59:07.552287: E /samgraph/3rdparty/collcachelib/coll_cache_lib/facade.cc:425] registering cpu data with 24.00 GB
[2023-04-12 04:59:07.552463: E /samgraph/3rdparty/collcachelib/coll_cache_lib/coll_cache/asymm_link_desc.cc:201] assigning 10 to cpu
[2023-04-12 04:59:07.552497: E /samgraph/3rdparty/collcachelib/coll_cache_lib/coll_cache/asymm_link_desc.cc:218] build symm link desc with 8X NVIDIA A100-SXM4-80GB out of 8
[2023-04-12 04:59:07.552514: E /samgraph/3rdparty/collcachelib/coll_cache_lib/coll_cache/asymm_link_desc.cc:219] remote time is 24.3333
[2023-04-12 04:59:07.552525: E /samgraph/3rdparty/collcachelib/coll_cache_lib/coll_cache/asymm_link_desc.cc:220] cpu time is 91.25
[2023-04-12 04:59:07.552550: E /samgraph/3rdparty/collcachelib/coll_cache_lib/facade.cc:425] registering cpu data with 24.00 GB
[2023-04-12 04:59:07.552634: E /samgraph/3rdparty/collcachelib/coll_cache_lib/coll_cache/asymm_link_desc.cc:201] assigning 10 to cpu
[2023-04-12 04:59:07.552668: E /samgraph/3rdparty/collcachelib/coll_cache_lib/coll_cache/asymm_link_desc.cc:218] build symm link desc with 8X NVIDIA A100-SXM4-80GB out of 8
[2023-04-12 04:59:07.552683: E /samgraph/3rdparty/collcachelib/coll_cache_lib/coll_cache/asymm_link_desc.cc:219] remote time is 24.3333
[2023-04-12 04:59:07.552694: E /samgraph/3rdparty/collcachelib/coll_cache_lib/coll_cache/asymm_link_desc.cc:220] cpu time is 91.25
[2023-04-12 04:59:07.552719: E /samgraph/3rdparty/collcachelib/coll_cache_lib/facade.cc:425] registering cpu data with 24.00 GB
[2023-04-12 04:59:09.906669: E /samgraph/3rdparty/collcachelib/coll_cache_lib/freq_recorder.cc:269] freq recorder global combine from 80717334 to 23500197
[2023-04-12 04:59:11.875047: E /samgraph/3rdparty/collcachelib/coll_cache_lib/facade.cc:427] registering cpu data done.
[2023-04-12 04:59:11.875172: E /samgraph/3rdparty/collcachelib/coll_cache_lib/facade.cc:427] registering cpu data done.
[2023-04-12 04:59:11.875600: E /samgraph/3rdparty/collcachelib/coll_cache_lib/facade.cc:427] registering cpu data done.
[2023-04-12 04:59:11.876107: E /samgraph/3rdparty/collcachelib/coll_cache_lib/facade.cc:427] registering cpu data done.
[2023-04-12 04:59:11.878114: E /samgraph/3rdparty/collcachelib/coll_cache_lib/facade.cc:427] registering cpu data done.
[2023-04-12 04:59:11.885544: E /samgraph/3rdparty/collcachelib/coll_cache_lib/facade.cc:427] registering cpu data done.
[2023-04-12 04:59:11.890724: E /samgraph/3rdparty/collcachelib/coll_cache_lib/facade.cc:427] registering cpu data done.
[2023-04-12 04:59:11.980101: E /samgraph/3rdparty/collcachelib/coll_cache_lib/freq_recorder.cc:286] top 5 freq is 272,272,272,272,272
[2023-04-12 04:59:11.980226: E /samgraph/3rdparty/collcachelib/coll_cache_lib/run_config.cc:140] using concurrent impl MPSPhase
[2023-04-12 04:59:11.980244: E /samgraph/3rdparty/collcachelib/coll_cache_lib/facade.cc:409] before scale, dtype is 0, dim is 384
[2023-04-12 04:59:11.980258: E /samgraph/3rdparty/collcachelib/coll_cache_lib/facade.cc:415] after scale, dtype is 7, new dim is 96
[2023-04-12 04:59:11.981446: E /samgraph/3rdparty/collcachelib/coll_cache_lib/coll_cache/asymm_link_desc.cc:201] assigning 10 to cpu
[2023-04-12 04:59:11.981493: E /samgraph/3rdparty/collcachelib/coll_cache_lib/coll_cache/asymm_link_desc.cc:218] build symm link desc with 8X NVIDIA A100-SXM4-80GB out of 8
[2023-04-12 04:59:11.981522: E /samgraph/3rdparty/collcachelib/coll_cache_lib/coll_cache/asymm_link_desc.cc:219] remote time is 24.3333
[2023-04-12 04:59:11.981535: E /samgraph/3rdparty/collcachelib/coll_cache_lib/coll_cache/asymm_link_desc.cc:220] cpu time is 91.25
[2023-04-12 04:59:11.981592: E /samgraph/3rdparty/collcachelib/coll_cache_lib/facade.cc:425] registering cpu data with 24.00 GB
[2023-04-12 04:59:13.101282: E /samgraph/3rdparty/collcachelib/coll_cache_lib/facade.cc:427] registering cpu data done.
[2023-04-12 04:59:13.101352: E /samgraph/3rdparty/collcachelib/coll_cache_lib/facade.cc:174] creating solver
[2023-04-12 04:59:13.101363: E /samgraph/3rdparty/collcachelib/coll_cache_lib/facade.cc:214] solver created. now build & solve
[2023-04-12 04:59:13.689210: E /samgraph/3rdparty/collcachelib/coll_cache_lib/facade.cc:218] solver built. now solve
block 0 storage is 00000001
	access is	0	0	0	0	0	0	0	0	
block 1 storage is 00000010
	access is	1	1	1	1	1	1	1	1	
block 2 storage is 00000100
	access is	2	2	2	2	2	2	2	2	
block 3 storage is 00001000
	access is	3	3	3	3	3	3	3	3	
block 4 storage is 00010000
	access is	4	4	4	4	4	4	4	4	
block 5 storage is 00100000
	access is	5	5	5	5	5	5	5	5	
block 6 storage is 01000000
	access is	6	6	6	6	6	6	6	6	
block 7 storage is 10000000
	access is	7	7	7	7	7	7	7	7	
block 8 storage is 00000000
	access is	8	8	8	8	8	8	8	8	
[2023-04-12 04:59:14. 96451: E /samgraph/3rdparty/collcachelib/coll_cache_lib/facade.cc:222] solver solved
[2023-04-12 04:59:14.100487: E /samgraph/3rdparty/collcachelib/coll_cache_lib/facade.cc:437] 0 solved master
[2023-04-12 04:59:14.100516: E /samgraph/3rdparty/collcachelib/coll_cache_lib/facade.cc:444] 0 solved
[2023-04-12 04:59:14.100526: E /samgraph/3rdparty/collcachelib/coll_cache_lib/facade.cc:447] worker 0 thread 0 initing device 0
[2023-04-12 04:59:14.101184: E /samgraph/3rdparty/collcachelib/coll_cache_lib/cache_context.cu:2308] Building Coll Cache with ... num gpu device is 8
[2023-04-12 04:59:14.101289: E /samgraph/3rdparty/collcachelib/coll_cache_lib/cuda/cache_hashtable.cuh:611] per src size local is 32229284
[[[2023-04-12 04:59:142023-04-12 04:59:14..2023-04-12 04:59:14141685141694[.: : 141707EE:   E2023-04-12 04:59:14/samgraph/3rdparty/collcachelib/coll_cache_lib/facade.cc/samgraph/3rdparty/collcachelib/coll_cache_lib/facade.cc .::/samgraph/3rdparty/collcachelib/coll_cache_lib/facade.cc141710444444:: ] ] 444E7 solved1 solved]  

6 solved/samgraph/3rdparty/collcachelib/coll_cache_lib/facade.cc
:444] [5 solved[2023-04-12 04:59:14[
2023-04-12 04:59:14.2023-04-12 04:59:14.141785[.141786: 2023-04-12 04:59:14141787: E.: E 141794E /samgraph/3rdparty/collcachelib/coll_cache_lib/facade.cc:  /samgraph/3rdparty/collcachelib/coll_cache_lib/facade.cc:E/samgraph/3rdparty/collcachelib/coll_cache_lib/facade.cc:447 :447] /samgraph/3rdparty/collcachelib/coll_cache_lib/facade.cc447] worker 0 thread 7 initing device 7:] 
worker 0 thread 1 initing device 1447worker 0 thread 6 initing device 6
] 
worker 0 thread 5 initing device 5
[[2023-04-12 04:59:142023-04-12 04:59:14..142142142142: : EE  [/samgraph/3rdparty/collcachelib/coll_cache_lib/cache_context.cu/samgraph/3rdparty/collcachelib/coll_cache_lib/cache_context.cu2023-04-12 04:59:14::.23082308142151] ] : Building Coll Cache with ... num gpu device is 8Building Coll Cache with ... num gpu device is 8E

 /samgraph/3rdparty/collcachelib/coll_cache_lib/cache_context.cu:2308[] 2023-04-12 04:59:14Building Coll Cache with ... num gpu device is 8.
142169: E /samgraph/3rdparty/collcachelib/coll_cache_lib/cache_context.cu:2308] Building Coll Cache with ... num gpu device is 8
[[2023-04-12 04:59:14.152753: E /samgraph/3rdparty/collcachelib/coll_cache_lib/facade.cc2023-04-12 04:59:14:.444152724] : E 3 solved/samgraph/3rdparty/collcachelib/coll_cache_lib/facade.cc:444
] 2 solved
[2023-04-12 04:59:14[.2023-04-12 04:59:14152823.: 152825E:  E/samgraph/3rdparty/collcachelib/coll_cache_lib/facade.cc :/samgraph/3rdparty/collcachelib/coll_cache_lib/facade.cc447:] 447] worker 0 thread 3 initing device 3worker 0 thread 2 initing device 2

[[2023-04-12 04:59:14.171904: E 2023-04-12 04:59:14./samgraph/3rdparty/collcachelib/coll_cache_lib/cache_context.cu171897:: 2308E]  Building Coll Cache with ... num gpu device is 8/samgraph/3rdparty/collcachelib/coll_cache_lib/facade.cc
:444] 4 solved
[2023-04-12 04:59:14.171972: E /samgraph/3rdparty/collcachelib/coll_cache_lib/facade.cc:447] worker 0 thread 4 initing device 4
[2023-04-12 04:59:14.172082: E /samgraph/3rdparty/collcachelib/coll_cache_lib/cache_context.cu:2308] Building Coll Cache with ... num gpu device is 8
[2023-04-12 04:59:14.173856: E /samgraph/3rdparty/collcachelib/coll_cache_lib/cache_context.cu:2308] Building Coll Cache with ... num gpu device is 8
[2023-04-12 04:59:14.382043: W /samgraph/3rdparty/collcachelib/coll_cache_lib/cpu/cpu_device.cc:43] WORKER[0] alloc host memory 782.37 MB
[2023-04-12 04:59:14.455868: W /samgraph/3rdparty/collcachelib/coll_cache_lib/cpu/cpu_device.cc:43] WORKER[0] alloc host memory 782.37 MB
[2023-04-12 04:59:14.465701: W /samgraph/3rdparty/collcachelib/coll_cache_lib/cpu/cpu_device.cc:43] WORKER[0] alloc host memory 782.37 MB
[2023-04-12 04:59:14.470630: W /samgraph/3rdparty/collcachelib/coll_cache_lib/cpu/cpu_device.cc:43] WORKER[0] alloc host memory 782.37 MB
[2023-04-12 04:59:14.471787: W /samgraph/3rdparty/collcachelib/coll_cache_lib/cpu/cpu_device.cc:43] WORKER[0] alloc host memory 782.37 MB
[2023-04-12 04:59:14.476516: W /samgraph/3rdparty/collcachelib/coll_cache_lib/cpu/cpu_device.cc:43] WORKER[0] alloc host memory 782.37 MB
[2023-04-12 04:59:14.479027: W /samgraph/3rdparty/collcachelib/coll_cache_lib/cpu/cpu_device.cc:43] WORKER[0] alloc host memory 782.37 MB
[2023-04-12 04:59:14.489550: W /samgraph/3rdparty/collcachelib/coll_cache_lib/cpu/cpu_device.cc:43] WORKER[0] alloc host memory 782.37 MB
[2023-04-12 04:59:14.600567: E /samgraph/3rdparty/collcachelib/coll_cache_lib/cache_context.cu:2350] num cpu nodes is 9766427
[2023-04-12 04:59:14.661757: E /samgraph/3rdparty/collcachelib/coll_cache_lib/cache_context.cu:2350] num cpu nodes is 9766427
[2023-04-12 04:59:14.668380: E /samgraph/3rdparty/collcachelib/coll_cache_lib/cache_context.cu:2350] num cpu nodes is 9766427
[2023-04-12 04:59:14.678047: E /samgraph/3rdparty/collcachelib/coll_cache_lib/cache_context.cu:2350] num cpu nodes is 9766427
[2023-04-12 04:59:14.680869: E /samgraph/3rdparty/collcachelib/coll_cache_lib/cache_context.cu:2350] num cpu nodes is 9766427
[2023-04-12 04:59:14.682740: E /samgraph/3rdparty/collcachelib/coll_cache_lib/cache_context.cu:2350] num cpu nodes is 9766427
[2023-04-12 04:59:14.685967: E /samgraph/3rdparty/collcachelib/coll_cache_lib/cache_context.cu:2350] num cpu nodes is 9766427
[2023-04-12 04:59:14.702255: E /samgraph/3rdparty/collcachelib/coll_cache_lib/cache_context.cu:2350] num cpu nodes is 9766427
[2023-04-12 04:59:17.910780: E /samgraph/3rdparty/collcachelib/coll_cache_lib/cuda/cache_hashtable.cu:355] create a hashtable with 234394072 possible elem, scale to 536870912
[2023-04-12 04:59:17.910841: E /samgraph/3rdparty/collcachelib/coll_cache_lib/cuda/cache_hashtable.cu:360] SimpleHashTable allocating 4.00 GB
[2023-04-12 04:59:18.192433: E /samgraph/3rdparty/collcachelib/coll_cache_lib/cuda/cache_hashtable.cu:355] create a hashtable with 234394072 possible elem, scale to 536870912
[2023-04-12 04:59:18.192492: E /samgraph/3rdparty/collcachelib/coll_cache_lib/cuda/cache_hashtable.cu:360] SimpleHashTable allocating 4.00 GB
[2023-04-12 04:59:18.462017: E /samgraph/3rdparty/collcachelib/coll_cache_lib/cuda/cache_hashtable.cu:355] create a hashtable with 234394072 possible elem, scale to 536870912
[2023-04-12 04:59:18.462066: E /samgraph/3rdparty/collcachelib/coll_cache_lib/cuda/cache_hashtable.cu:360] SimpleHashTable allocating 4.00 GB
[2023-04-12 04:59:18.462162: E /samgraph/3rdparty/collcachelib/coll_cache_lib/cuda/cache_hashtable.cu:355] create a hashtable with 234394072 possible elem, scale to 536870912
[2023-04-12 04:59:18.462205: E /samgraph/3rdparty/collcachelib/coll_cache_lib/cuda/cache_hashtable.cu:360] SimpleHashTable allocating 4.00 GB
[2023-04-12 04:59:18.462254: E /samgraph/3rdparty/collcachelib/coll_cache_lib/cuda/cache_hashtable.cu:355] create a hashtable with 234394072 possible elem, scale to 536870912
[2023-04-12 04:59:18.462303: E /samgraph/3rdparty/collcachelib/coll_cache_lib/cuda/cache_hashtable.cu:360] SimpleHashTable allocating 4.00 GB
[2023-04-12 04:59:18.463068: E /samgraph/3rdparty/collcachelib/coll_cache_lib/cuda/cache_hashtable.cu:355] create a hashtable with 234394072 possible elem, scale to 536870912
[2023-04-12 04:59:18.463108: E /samgraph/3rdparty/collcachelib/coll_cache_lib/cuda/cache_hashtable.cu:360] SimpleHashTable allocating 4.00 GB
[2023-04-12 04:59:18.466061: E /samgraph/3rdparty/collcachelib/coll_cache_lib/cuda/cache_hashtable.cu:355] create a hashtable with 234394072 possible elem, scale to 536870912
[2023-04-12 04:59:18.466108: E /samgraph/3rdparty/collcachelib/coll_cache_lib/cuda/cache_hashtable.cu:360] SimpleHashTable allocating 4.00 GB
[2023-04-12 04:59:18.467114: E /samgraph/3rdparty/collcachelib/coll_cache_lib/cuda/cache_hashtable.cu:355] create a hashtable with 234394072 possible elem, scale to 536870912
[2023-04-12 04:59:18.467161: E /samgraph/3rdparty/collcachelib/coll_cache_lib/cuda/cache_hashtable.cu:360] SimpleHashTable allocating 4.00 GB
[2023-04-12 04:59:18.821712: E /samgraph/3rdparty/collcachelib/coll_cache_lib/common.cc:107] too many mem allocated for forcescale?29543420->244161
[2023-04-12 04:59:18.822314: E /samgraph/3rdparty/collcachelib/coll_cache_lib/common.cc:107] too many mem allocated for forcescale?29543420->244161
[2023-04-12 04:59:18.822906: E /samgraph/3rdparty/collcachelib/coll_cache_lib/cache_context.cu:2427] Asymm Coll cache (policy: clique_part) | local 29299259 / 244160499 nodes ( 12.00 %~12.00 %) | remote 205094813 / 244160499 nodes ( 84.00 %) | cpu 9766427 / 244160499 nodes ( 4.00 %) | 42.26 GB | 4.65079 secs 
[2023-04-12 04:59:18.823362: E /samgraph/3rdparty/collcachelib/coll_cache_lib/common.cc:107] too many mem allocated for forcescale?29543420->244161
[2023-04-12 04:59:18.825339: E /samgraph/3rdparty/collcachelib/coll_cache_lib/common.cc:107] too many mem allocated for forcescale?29543420->244161
[2023-04-12 04:59:18.826183: E /samgraph/3rdparty/collcachelib/coll_cache_lib/common.cc:107] too many mem allocated for forcescale?29543420->244161
[2023-04-12 04:59:18.828130: E /samgraph/3rdparty/collcachelib/coll_cache_lib/common.cc:107] too many mem allocated for forcescale?29543420->244161
[2023-04-12 04:59:18.828272: E /samgraph/3rdparty/collcachelib/coll_cache_lib/common.cc:107] too many mem allocated for forcescale?29543420->244161
[2023-04-12 04:59:18.828916: E /samgraph/3rdparty/collcachelib/coll_cache_lib/common.cc:107] too many mem allocated for forcescale?29543420->244161
[2023-04-12 04:59:18.833857: E /samgraph/3rdparty/collcachelib/coll_cache_lib/cache_context.cu:2427] Asymm Coll cache (policy: clique_part) | local 29299259 / 244160499 nodes ( 12.00 %~12.00 %) | remote 205094813 / 244160499 nodes ( 84.00 %) | cpu 9766427 / 244160499 nodes ( 4.00 %) | 42.26 GB | 4.65996 secs 
[2023-04-12 04:59:18.838225: E /samgraph/3rdparty/collcachelib/coll_cache_lib/cache_context.cu:2427] Asymm Coll cache (policy: clique_part) | local 29299259 / 244160499 nodes ( 12.00 %~12.00 %) | remote 205094813 / 244160499 nodes ( 84.00 %) | cpu 9766427 / 244160499 nodes ( 4.00 %) | 42.26 GB | 4.66626 secs 
[2023-04-12 04:59:18.843428: E /samgraph/3rdparty/collcachelib/coll_cache_lib/cache_context.cu:2427] Asymm Coll cache (policy: clique_part) | local 29299259 / 244160499 nodes ( 12.00 %~12.00 %) | remote 205094813 / 244160499 nodes ( 84.00 %) | cpu 9766427 / 244160499 nodes ( 4.00 %) | 42.26 GB | 4.74223 secs 
[2023-04-12 04:59:18.844280: W /samgraph/3rdparty/collcachelib/coll_cache_lib/cache_context.cu:3946] before create ctx, mem is 52.78 GB
[2023-04-12 04:59:18.844480: W /samgraph/3rdparty/collcachelib/coll_cache_lib/cache_context.cu:3946] before create ctx, mem is 52.78 GB
[2023-04-12 04:59:18.844666: E /samgraph/3rdparty/collcachelib/coll_cache_lib/cache_context.cu:2427] [Asymm Coll cache (policy: clique_part) | local 29299259 / 244160499 nodes ( 12.00 %~12.00 %) | remote 205094813 / 244160499 nodes ( 84.00 %) | cpu 9766427 / 244160499 nodes ( 4.00 %) | 42.26 GB | 4.70249 secs 2023-04-12 04:59:18
.844677: W /samgraph/3rdparty/collcachelib/coll_cache_lib/cache_context.cu:3946] before create ctx, mem is 52.78 GB
[2023-04-12 04:59:18.844857: W /samgraph/3rdparty/collcachelib/coll_cache_lib/cache_context.cu:3946] before create ctx, mem is 52.78 GB
[2023-04-12 04:59:18.844973: W /samgraph/3rdparty/collcachelib/coll_cache_lib/cache_context.cu:3946] before create ctx, mem is 52.78 GB
[2023-04-12 04:59:18.845015: W /samgraph/3rdparty/collcachelib/coll_cache_lib/cache_context.cu:3946] before create ctx, mem is 52.78 GB
[2023-04-12 04:59:18.845040: W /samgraph/3rdparty/collcachelib/coll_cache_lib/cache_context.cu:3946] before create ctx, mem is 52.78 GB
[2023-04-12 04:59:18.845105: W /samgraph/3rdparty/collcachelib/coll_cache_lib/cache_context.cu:3946] before create ctx, mem is 52.78 GB
[2023-04-12 04:59:18.849918: E /samgraph/3rdparty/collcachelib/coll_cache_lib/cache_context.cu:2427] Asymm Coll cache (policy: clique_part) | local 29299259 / 244160499 nodes ( 12.00 %~12.00 %) | remote 205094813 / 244160499 nodes ( 84.00 %) | cpu 9766427 / 244160499 nodes ( 4.00 %) | 42.26 GB | 4.70775 secs 
[2023-04-12 04:59:18.855058: E /samgraph/3rdparty/collcachelib/coll_cache_lib/cache_context.cu:2427] Asymm Coll cache (policy: clique_part) | local 29299259 / 244160499 nodes ( 12.00 %~12.00 %) | remote 205094813 / 244160499 nodes ( 84.00 %) | cpu 9766427 / 244160499 nodes ( 4.00 %) | 42.26 GB | 4.71288 secs 
[2023-04-12 04:59:18.856609: E /samgraph/3rdparty/collcachelib/coll_cache_lib/cache_context.cu:2427] Asymm Coll cache (policy: clique_part) | local 29299259 / 244160499 nodes ( 12.00 %~12.00 %) | remote 205094813 / 244160499 nodes ( 84.00 %) | cpu 9766427 / 244160499 nodes ( 4.00 %) | 42.26 GB | 4.71442 secs 
[2023-04-12 04:59:30.517088: W /samgraph/3rdparty/collcachelib/coll_cache_lib/cache_context.cu:3946] after create ctx, mem is 55.21 GB
[2023-04-12 04:59:30.517666: W /samgraph/3rdparty/collcachelib/coll_cache_lib/cache_context.cu:3946] after create stream, mem is 55.21 GB
[2023-04-12 04:59:30.855822: W /samgraph/3rdparty/collcachelib/coll_cache_lib/cache_context.cu:3946] after create ctx, mem is 55.33 GB
[2023-04-12 04:59:30.856367: W /samgraph/3rdparty/collcachelib/coll_cache_lib/cache_context.cu:3946] after create stream, mem is 55.33 GB
[2023-04-12 04:59:31.171604: W /samgraph/3rdparty/collcachelib/coll_cache_lib/cache_context.cu:3946] after create ctx, mem is 55.44 GB
[2023-04-12 04:59:31.171682: W /samgraph/3rdparty/collcachelib/coll_cache_lib/cache_context.cu:3946] after create stream, mem is 55.44 GB
[2023-04-12 04:59:31.474171: W /samgraph/3rdparty/collcachelib/coll_cache_lib/cache_context.cu:3946] after create ctx, mem is 55.53 GB
[2023-04-12 04:59:31.474432: W /samgraph/3rdparty/collcachelib/coll_cache_lib/cache_context.cu:3946] after create stream, mem is 55.53 GB
[2023-04-12 04:59:31.588983: W /samgraph/3rdparty/collcachelib/coll_cache_lib/cache_context.cu:3946] after create ctx, mem is 55.58 GB
[2023-04-12 04:59:31.589770: W /samgraph/3rdparty/collcachelib/coll_cache_lib/cache_context.cu:3946] after create stream, mem is 55.58 GB
[2023-04-12 04:59:31.905666: W /samgraph/3rdparty/collcachelib/coll_cache_lib/cache_context.cu:3946] after create ctx, mem is 55.69 GB
[2023-04-12 04:59:31.905821: W /samgraph/3rdparty/collcachelib/coll_cache_lib/cache_context.cu:3946] after create stream, mem is 55.69 GB
[2023-04-12 04:59:32.125628: W /samgraph/3rdparty/collcachelib/coll_cache_lib/cache_context.cu:3946] after create ctx, mem is 55.76 GB
[2023-04-12 04:59:32.125724: W /samgraph/3rdparty/collcachelib/coll_cache_lib/cache_context.cu:3946] after create stream, mem is 55.76 GB
[2023-04-12 04:59:32.372716: W /samgraph/3rdparty/collcachelib/coll_cache_lib/cache_context.cu:3946] after create ctx, mem is 55.84 GB
[2023-04-12 04:59:32.372789: W /samgraph/3rdparty/collcachelib/coll_cache_lib/cache_context.cu:3946] after create stream, mem is 55.84 GB
/usr/local/lib/python3.8/dist-packages/torch/nn/parallel/scatter_gather.py:9: UserWarning: is_namedtuple is deprecated, please use the python checks instead
  warnings.warn("is_namedtuple is deprecated, please use the python checks instead")
/usr/local/lib/python3.8/dist-packages/torch/nn/parallel/scatter_gather.py:9: UserWarning: is_namedtuple is deprecated, please use the python checks instead
  warnings.warn("is_namedtuple is deprecated, please use the python checks instead")
/usr/local/lib/python3.8/dist-packages/torch/nn/parallel/scatter_gather.py:9: UserWarning: is_namedtuple is deprecated, please use the python checks instead
  warnings.warn("is_namedtuple is deprecated, please use the python checks instead")
/usr/local/lib/python3.8/dist-packages/torch/nn/parallel/scatter_gather.py:9: UserWarning: is_namedtuple is deprecated, please use the python checks instead
  warnings.warn("is_namedtuple is deprecated, please use the python checks instead")
/usr/local/lib/python3.8/dist-packages/torch/nn/parallel/scatter_gather.py:9: UserWarning: is_namedtuple is deprecated, please use the python checks instead
  warnings.warn("is_namedtuple is deprecated, please use the python checks instead")
/usr/local/lib/python3.8/dist-packages/torch/nn/parallel/scatter_gather.py:9: UserWarning: is_namedtuple is deprecated, please use the python checks instead
  warnings.warn("is_namedtuple is deprecated, please use the python checks instead")
/usr/local/lib/python3.8/dist-packages/torch/nn/parallel/scatter_gather.py:9: UserWarning: is_namedtuple is deprecated, please use the python checks instead
  warnings.warn("is_namedtuple is deprecated, please use the python checks instead")
/usr/local/lib/python3.8/dist-packages/torch/nn/parallel/scatter_gather.py:9: UserWarning: is_namedtuple is deprecated, please use the python checks instead
  warnings.warn("is_namedtuple is deprecated, please use the python checks instead")
