/usr/lib/python3/dist-packages/requests/__init__.py:89: RequestsDependencyWarning: urllib3 (1.26.12) or chardet (3.0.4) doesn't match a supported version!
  warnings.warn("urllib3 ({}) or chardet ({}) doesn't match a supported "
Rank=7 done reading 30520059 embedding vectors from file /nvme/songxiaoniu/graph-learning/wholegraph/mag240m_homo/converted/homograph_csr_row_ptr
Rank=6 done reading 30520063 embedding vectors from file /nvme/songxiaoniu/graph-learning/wholegraph/mag240m_homo/converted/homograph_csr_row_ptr
Rank=3 done reading 30520063 embedding vectors from file /nvme/songxiaoniu/graph-learning/wholegraph/mag240m_homo/converted/homograph_csr_row_ptr
Rank=2 done reading 30520063 embedding vectors from file /nvme/songxiaoniu/graph-learning/wholegraph/mag240m_homo/converted/homograph_csr_row_ptr
Rank=4 done reading 30520063 embedding vectors from file /nvme/songxiaoniu/graph-learning/wholegraph/mag240m_homo/converted/homograph_csr_row_ptr
Rank=0 done reading 30520063 embedding vectors from file /nvme/songxiaoniu/graph-learning/wholegraph/mag240m_homo/converted/homograph_csr_row_ptr
Rank=1 done reading 30520063 embedding vectors from file /nvme/songxiaoniu/graph-learning/wholegraph/mag240m_homo/converted/homograph_csr_row_ptr
Rank=5 done reading 30520063 embedding vectors from file /nvme/songxiaoniu/graph-learning/wholegraph/mag240m_homo/converted/homograph_csr_row_ptr
Rank=7 done reading 431808978 embedding vectors from file /nvme/songxiaoniu/graph-learning/wholegraph/mag240m_homo/converted/homograph_csr_col_idx
Rank=6 done reading 431808978 embedding vectors from file /nvme/songxiaoniu/graph-learning/wholegraph/mag240m_homo/converted/homograph_csr_col_idx
Rank=3 done reading 431808978 embedding vectors from file /nvme/songxiaoniu/graph-learning/wholegraph/mag240m_homo/converted/homograph_csr_col_idx
Rank=2 done reading 431808978 embedding vectors from file /nvme/songxiaoniu/graph-learning/wholegraph/mag240m_homo/converted/homograph_csr_col_idx
Rank=4 done reading 431808978 embedding vectors from file /nvme/songxiaoniu/graph-learning/wholegraph/mag240m_homo/converted/homograph_csr_col_idx
Rank=0 done reading 431808978 embedding vectors from file /nvme/songxiaoniu/graph-learning/wholegraph/mag240m_homo/converted/homograph_csr_col_idx
Rank=1 done reading 431808978 embedding vectors from file /nvme/songxiaoniu/graph-learning/wholegraph/mag240m_homo/converted/homograph_csr_col_idx
Rank=5 done reading 431808978 embedding vectors from file /nvme/songxiaoniu/graph-learning/wholegraph/mag240m_homo/converted/homograph_csr_col_idx
[2023-04-14 19:38:36.244195: E /samgraph/3rdparty/collcachelib/coll_cache_lib/freq_recorder.cc:337] bulk append 1007993 into 0
[2023-04-14 19:38:36.248414: E /samgraph/3rdparty/collcachelib/coll_cache_lib/freq_recorder.cc:347] bulk append 3572563
[2023-04-14 19:38:36.248570: E /samgraph/3rdparty/collcachelib/coll_cache_lib/freq_recorder.cc:337] bulk append 1007134 into 1007993
[2023-04-14 19:38:36.253060: E /samgraph/3rdparty/collcachelib/coll_cache_lib/freq_recorder.cc:347] bulk append 3568941
[2023-04-14 19:38:36.253195: E /samgraph/3rdparty/collcachelib/coll_cache_lib/freq_recorder.cc:337] bulk append 1006516 into 2015127
[2023-04-14 19:38:36.257318: E /samgraph/3rdparty/collcachelib/coll_cache_lib/freq_recorder.cc:347] bulk append 3570975
[2023-04-14 19:38:36.257451: E /samgraph/3rdparty/collcachelib/coll_cache_lib/freq_recorder.cc:337] bulk append 1007855 into 3021643
[2023-04-14 19:38:36.261607: E /samgraph/3rdparty/collcachelib/coll_cache_lib/freq_recorder.cc:347] bulk append 3574297
[2023-04-14 19:38:36.261732: E /samgraph/3rdparty/collcachelib/coll_cache_lib/freq_recorder.cc:337] bulk append 1007583 into 4029498
[2023-04-14 19:38:36.265891: E /samgraph/3rdparty/collcachelib/coll_cache_lib/freq_recorder.cc:347] bulk append 3584491
[2023-04-14 19:38:36.266019: E /samgraph/3rdparty/collcachelib/coll_cache_lib/freq_recorder.cc:337] bulk append 1006945 into 5037081
[2023-04-14 19:38:36.270499: E /samgraph/3rdparty/collcachelib/coll_cache_lib/freq_recorder.cc:347] bulk append 3576948
[2023-04-14 19:38:36.270624: E /samgraph/3rdparty/collcachelib/coll_cache_lib/freq_recorder.cc:337] bulk append 1006024 into 6044026
[2023-04-14 19:38:36.275113: E /samgraph/3rdparty/collcachelib/coll_cache_lib/freq_recorder.cc:347] bulk append 3564219
[2023-04-14 19:38:36.275245: E /samgraph/3rdparty/collcachelib/coll_cache_lib/freq_recorder.cc:337] bulk append 1007590 into 7050050
[2023-04-14 19:38:36.279382: E /samgraph/3rdparty/collcachelib/coll_cache_lib/freq_recorder.cc:347] bulk append 3579057
[2023-04-14 19:38:36.279510: E /samgraph/3rdparty/collcachelib/coll_cache_lib/freq_recorder.cc:337] bulk append 1006890 into 8057640
[2023-04-14 19:38:36.283639: E /samgraph/3rdparty/collcachelib/coll_cache_lib/freq_recorder.cc:347] bulk append 3573485
[2023-04-14 19:38:36.283774: E /samgraph/3rdparty/collcachelib/coll_cache_lib/freq_recorder.cc:337] bulk append 1007697 into 9064530
[2023-04-14 19:38:36.288236: E /samgraph/3rdparty/collcachelib/coll_cache_lib/freq_recorder.cc:347] bulk append 3574509
[2023-04-14 19:38:36.288395: E /samgraph/3rdparty/collcachelib/coll_cache_lib/freq_recorder.cc:337] bulk append 1010880 into 10072227
[2023-04-14 19:38:36.292594: E /samgraph/3rdparty/collcachelib/coll_cache_lib/freq_recorder.cc:347] bulk append 3582295
[2023-04-14 19:38:36.292745: E /samgraph/3rdparty/collcachelib/coll_cache_lib/freq_recorder.cc:337] bulk append 1009927 into 11083107
[2023-04-14 19:38:36.296913: E /samgraph/3rdparty/collcachelib/coll_cache_lib/freq_recorder.cc:347] bulk append 3579000
[2023-04-14 19:38:36.297058: E /samgraph/3rdparty/collcachelib/coll_cache_lib/freq_recorder.cc:337] bulk append 1009962 into 12093034
[2023-04-14 19:38:36.301197: E /samgraph/3rdparty/collcachelib/coll_cache_lib/freq_recorder.cc:347] bulk append 3582049
[2023-04-14 19:38:36.301339: E /samgraph/3rdparty/collcachelib/coll_cache_lib/freq_recorder.cc:337] bulk append 1008378 into 13102996
[2023-04-14 19:38:36.305483: E /samgraph/3rdparty/collcachelib/coll_cache_lib/freq_recorder.cc:347] bulk append 3578299
[2023-04-14 19:38:36.305618: E /samgraph/3rdparty/collcachelib/coll_cache_lib/freq_recorder.cc:337] bulk append 1009454 into 14111374
[2023-04-14 19:38:36.310114: E /samgraph/3rdparty/collcachelib/coll_cache_lib/freq_recorder.cc:347] bulk append 3585232
[2023-04-14 19:38:36.310242: E /samgraph/3rdparty/collcachelib/coll_cache_lib/freq_recorder.cc:337] bulk append 1009430 into 15120828
[2023-04-14 19:38:36.314694: E /samgraph/3rdparty/collcachelib/coll_cache_lib/freq_recorder.cc:347] bulk append 3582109
[2023-04-14 19:38:36.314836: E /samgraph/3rdparty/collcachelib/coll_cache_lib/freq_recorder.cc:337] bulk append 1009518 into 16130258
[2023-04-14 19:38:36.319329: E /samgraph/3rdparty/collcachelib/coll_cache_lib/freq_recorder.cc:347] bulk append 3571075
[2023-04-14 19:38:36.319454: E /samgraph/3rdparty/collcachelib/coll_cache_lib/freq_recorder.cc:337] bulk append 1010161 into 17139776
[2023-04-14 19:38:36.323614: E /samgraph/3rdparty/collcachelib/coll_cache_lib/freq_recorder.cc:347] bulk append 3587967
[2023-04-14 19:38:36.323744: E /samgraph/3rdparty/collcachelib/coll_cache_lib/freq_recorder.cc:337] bulk append 1009128 into 18149937
[2023-04-14 19:38:36.328229: E /samgraph/3rdparty/collcachelib/coll_cache_lib/freq_recorder.cc:347] bulk append 3581075
[2023-04-14 19:38:36.328368: E /samgraph/3rdparty/collcachelib/coll_cache_lib/freq_recorder.cc:337] bulk append 1010870 into 19159065
[2023-04-14 19:38:36.332846: E /samgraph/3rdparty/collcachelib/coll_cache_lib/freq_recorder.cc:347] bulk append 3586083
[2023-04-14 19:38:36.332992: E /samgraph/3rdparty/collcachelib/coll_cache_lib/freq_recorder.cc:337] bulk append 1009962 into 20169935
[2023-04-14 19:38:36.337180: E /samgraph/3rdparty/collcachelib/coll_cache_lib/freq_recorder.cc:347] bulk append 3579584
[2023-04-14 19:38:36.337331: E /samgraph/3rdparty/collcachelib/coll_cache_lib/freq_recorder.cc:337] bulk append 1007897 into 21179897
[2023-04-14 19:38:36.341482: E /samgraph/3rdparty/collcachelib/coll_cache_lib/freq_recorder.cc:347] bulk append 3575135
[2023-04-14 19:38:36.341614: E /samgraph/3rdparty/collcachelib/coll_cache_lib/freq_recorder.cc:337] bulk append 1008461 into 22187794
[2023-04-14 19:38:36.345776: E /samgraph/3rdparty/collcachelib/coll_cache_lib/freq_recorder.cc:347] bulk append 3576552
[2023-04-14 19:38:36.345912: E /samgraph/3rdparty/collcachelib/coll_cache_lib/freq_recorder.cc:337] bulk append 1008872 into 23196255
[2023-04-14 19:38:36.350052: E /samgraph/3rdparty/collcachelib/coll_cache_lib/freq_recorder.cc:347] bulk append 3578194
[2023-04-14 19:38:36.350182: E /samgraph/3rdparty/collcachelib/coll_cache_lib/freq_recorder.cc:337] bulk append 1009058 into 24205127
[2023-04-14 19:38:36.354331: E /samgraph/3rdparty/collcachelib/coll_cache_lib/freq_recorder.cc:347] bulk append 3586048
[2023-04-14 19:38:36.354473: E /samgraph/3rdparty/collcachelib/coll_cache_lib/freq_recorder.cc:337] bulk append 1010153 into 25214185
[2023-04-14 19:38:36.358600: E /samgraph/3rdparty/collcachelib/coll_cache_lib/freq_recorder.cc:347] bulk append 3582156
[2023-04-14 19:38:36.358748: E /samgraph/3rdparty/collcachelib/coll_cache_lib/freq_recorder.cc:337] bulk append 1007829 into 26224338
[2023-04-14 19:38:36.362886: E /samgraph/3rdparty/collcachelib/coll_cache_lib/freq_recorder.cc:347] bulk append 3571468
[2023-04-14 19:38:36.363021: E /samgraph/3rdparty/collcachelib/coll_cache_lib/freq_recorder.cc:337] bulk append 1008049 into 27232167
[2023-04-14 19:38:36.367162: E /samgraph/3rdparty/collcachelib/coll_cache_lib/freq_recorder.cc:347] bulk append 3585103
[2023-04-14 19:38:36.367296: E /samgraph/3rdparty/collcachelib/coll_cache_lib/freq_recorder.cc:337] bulk append 1007291 into 28240216
[2023-04-14 19:38:36.371437: E /samgraph/3rdparty/collcachelib/coll_cache_lib/freq_recorder.cc:347] bulk append 3580011
[2023-04-14 19:38:36.371573: E /samgraph/3rdparty/collcachelib/coll_cache_lib/freq_recorder.cc:337] bulk append 1008817 into 29247507
[2023-04-14 19:38:36.375708: E /samgraph/3rdparty/collcachelib/coll_cache_lib/freq_recorder.cc:347] bulk append 3580573
[2023-04-14 19:38:36.375861: E /samgraph/3rdparty/collcachelib/coll_cache_lib/freq_recorder.cc:337] bulk append 1010865 into 30256324
[2023-04-14 19:38:36.380069: E /samgraph/3rdparty/collcachelib/coll_cache_lib/freq_recorder.cc:347] bulk append 3580102
[2023-04-14 19:38:36.380204: E /samgraph/3rdparty/collcachelib/coll_cache_lib/freq_recorder.cc:337] bulk append 1010732 into 31267189
[2023-04-14 19:38:36.384350: E /samgraph/3rdparty/collcachelib/coll_cache_lib/freq_recorder.cc:347] bulk append 3577078
[2023-04-14 19:38:36.384468: E /samgraph/3rdparty/collcachelib/coll_cache_lib/freq_recorder.cc:337] bulk append 1009898 into 32277921
[2023-04-14 19:38:36.388618: E /samgraph/3rdparty/collcachelib/coll_cache_lib/freq_recorder.cc:347] bulk append 3576682
[2023-04-14 19:38:36.388754: E /samgraph/3rdparty/collcachelib/coll_cache_lib/freq_recorder.cc:337] bulk append 1011556 into 33287819
[2023-04-14 19:38:36.392903: E /samgraph/3rdparty/collcachelib/coll_cache_lib/freq_recorder.cc:347] bulk append 3581539
[2023-04-14 19:38:36.393021: E /samgraph/3rdparty/collcachelib/coll_cache_lib/freq_recorder.cc:337] bulk append 1009718 into 34299375
[2023-04-14 19:38:36.397175: E /samgraph/3rdparty/collcachelib/coll_cache_lib/freq_recorder.cc:347] bulk append 3586855
[2023-04-14 19:38:36.397290: E /samgraph/3rdparty/collcachelib/coll_cache_lib/freq_recorder.cc:337] bulk append 1009786 into 35309093
[2023-04-14 19:38:36.401762: E /samgraph/3rdparty/collcachelib/coll_cache_lib/freq_recorder.cc:347] bulk append 3582212
[2023-04-14 19:38:36.401887: E /samgraph/3rdparty/collcachelib/coll_cache_lib/freq_recorder.cc:337] bulk append 1009598 into 36318879
[2023-04-14 19:38:36.406357: E /samgraph/3rdparty/collcachelib/coll_cache_lib/freq_recorder.cc:347] bulk append 3570052
[2023-04-14 19:38:36.406483: E /samgraph/3rdparty/collcachelib/coll_cache_lib/freq_recorder.cc:337] bulk append 1009709 into 37328477
[2023-04-14 19:38:36.410944: E /samgraph/3rdparty/collcachelib/coll_cache_lib/freq_recorder.cc:347] bulk append 3585364
[2023-04-14 19:38:36.411072: E /samgraph/3rdparty/collcachelib/coll_cache_lib/freq_recorder.cc:337] bulk append 1010901 into 38338186
[2023-04-14 19:38:36.415574: E /samgraph/3rdparty/collcachelib/coll_cache_lib/freq_recorder.cc:347] bulk append 3582629
[2023-04-14 19:38:36.415698: E /samgraph/3rdparty/collcachelib/coll_cache_lib/freq_recorder.cc:337] bulk append 1011562 into 39349087
[2023-04-14 19:38:36.420145: E /samgraph/3rdparty/collcachelib/coll_cache_lib/freq_recorder.cc:347] bulk append 3580738
[2023-04-14 19:38:36.420283: E /samgraph/3rdparty/collcachelib/coll_cache_lib/freq_recorder.cc:337] bulk append 1007015 into 40360649
[2023-04-14 19:38:36.424434: E /samgraph/3rdparty/collcachelib/coll_cache_lib/freq_recorder.cc:347] bulk append 3573052
[2023-04-14 19:38:36.424572: E /samgraph/3rdparty/collcachelib/coll_cache_lib/freq_recorder.cc:337] bulk append 1006328 into 41367664
[2023-04-14 19:38:36.428700: E /samgraph/3rdparty/collcachelib/coll_cache_lib/freq_recorder.cc:347] bulk append 3576263
[2023-04-14 19:38:36.428841: E /samgraph/3rdparty/collcachelib/coll_cache_lib/freq_recorder.cc:337] bulk append 1007158 into 42373992
[2023-04-14 19:38:36.432968: E /samgraph/3rdparty/collcachelib/coll_cache_lib/freq_recorder.cc:347] bulk append 3577306
[2023-04-14 19:38:36.433104: E /samgraph/3rdparty/collcachelib/coll_cache_lib/freq_recorder.cc:337] bulk append 1007248 into 43381150
[2023-04-14 19:38:36.437261: E /samgraph/3rdparty/collcachelib/coll_cache_lib/freq_recorder.cc:347] bulk append 3575442
[2023-04-14 19:38:36.437390: E /samgraph/3rdparty/collcachelib/coll_cache_lib/freq_recorder.cc:337] bulk append 1005349 into 44388398
[2023-04-14 19:38:36.441539: E /samgraph/3rdparty/collcachelib/coll_cache_lib/freq_recorder.cc:347] bulk append 3582157
[2023-04-14 19:38:36.441669: E /samgraph/3rdparty/collcachelib/coll_cache_lib/freq_recorder.cc:337] bulk append 1006515 into 45393747
[2023-04-14 19:38:36.445825: E /samgraph/3rdparty/collcachelib/coll_cache_lib/freq_recorder.cc:347] bulk append 3579227
[2023-04-14 19:38:36.445959: E /samgraph/3rdparty/collcachelib/coll_cache_lib/freq_recorder.cc:337] bulk append 1005033 into 46400262
[2023-04-14 19:38:36.450097: E /samgraph/3rdparty/collcachelib/coll_cache_lib/freq_recorder.cc:347] bulk append 3565395
[2023-04-14 19:38:36.450233: E /samgraph/3rdparty/collcachelib/coll_cache_lib/freq_recorder.cc:337] bulk append 1006218 into 47405295
[2023-04-14 19:38:36.454368: E /samgraph/3rdparty/collcachelib/coll_cache_lib/freq_recorder.cc:347] bulk append 3579450
[2023-04-14 19:38:36.454498: E /samgraph/3rdparty/collcachelib/coll_cache_lib/freq_recorder.cc:337] bulk append 1006469 into 48411513
[2023-04-14 19:38:36.458634: E /samgraph/3rdparty/collcachelib/coll_cache_lib/freq_recorder.cc:347] bulk append 3577094
[2023-04-14 19:38:36.458774: E /samgraph/3rdparty/collcachelib/coll_cache_lib/freq_recorder.cc:337] bulk append 1007495 into 49417982
[2023-04-14 19:38:36.462917: E /samgraph/3rdparty/collcachelib/coll_cache_lib/freq_recorder.cc:347] bulk append 3577269
[2023-04-14 19:38:36.463069: E /samgraph/3rdparty/collcachelib/coll_cache_lib/freq_recorder.cc:337] bulk append 1011743 into 50425477
[2023-04-14 19:38:36.467228: E /samgraph/3rdparty/collcachelib/coll_cache_lib/freq_recorder.cc:347] bulk append 3581306
[2023-04-14 19:38:36.467364: E /samgraph/3rdparty/collcachelib/coll_cache_lib/freq_recorder.cc:337] bulk append 1010175 into 51437220
[2023-04-14 19:38:36.471517: E /samgraph/3rdparty/collcachelib/coll_cache_lib/freq_recorder.cc:347] bulk append 3580608
[2023-04-14 19:38:36.471644: E /samgraph/3rdparty/collcachelib/coll_cache_lib/freq_recorder.cc:337] bulk append 1010445 into 52447395
[2023-04-14 19:38:36.475763: E /samgraph/3rdparty/collcachelib/coll_cache_lib/freq_recorder.cc:347] bulk append 3579381
[2023-04-14 19:38:36.475885: E /samgraph/3rdparty/collcachelib/coll_cache_lib/freq_recorder.cc:337] bulk append 1010519 into 53457840
[2023-04-14 19:38:36.480047: E /samgraph/3rdparty/collcachelib/coll_cache_lib/freq_recorder.cc:347] bulk append 3585198
[2023-04-14 19:38:36.480175: E /samgraph/3rdparty/collcachelib/coll_cache_lib/freq_recorder.cc:337] bulk append 1011050 into 54468359
[2023-04-14 19:38:36.484336: E /samgraph/3rdparty/collcachelib/coll_cache_lib/freq_recorder.cc:347] bulk append 3591013
[2023-04-14 19:38:36.484459: E /samgraph/3rdparty/collcachelib/coll_cache_lib/freq_recorder.cc:337] bulk append 1010466 into 55479409
[2023-04-14 19:38:36.488604: E /samgraph/3rdparty/collcachelib/coll_cache_lib/freq_recorder.cc:347] bulk append 3586070
[2023-04-14 19:38:36.488733: E /samgraph/3rdparty/collcachelib/coll_cache_lib/freq_recorder.cc:337] bulk append 1009248 into 56489875
[2023-04-14 19:38:36.492876: E /samgraph/3rdparty/collcachelib/coll_cache_lib/freq_recorder.cc:347] bulk append 3576443
[2023-04-14 19:38:36.492996: E /samgraph/3rdparty/collcachelib/coll_cache_lib/freq_recorder.cc:337] bulk append 1010937 into 57499123
[2023-04-14 19:38:36.497156: E /samgraph/3rdparty/collcachelib/coll_cache_lib/freq_recorder.cc:347] bulk append 3589902
[2023-04-14 19:38:36.497281: E /samgraph/3rdparty/collcachelib/coll_cache_lib/freq_recorder.cc:337] bulk append 1010055 into 58510060
[2023-04-14 19:38:36.501428: E /samgraph/3rdparty/collcachelib/coll_cache_lib/freq_recorder.cc:347] bulk append 3585064
[2023-04-14 19:38:36.501550: E /samgraph/3rdparty/collcachelib/coll_cache_lib/freq_recorder.cc:337] bulk append 1009488 into 59520115
[2023-04-14 19:38:36.505697: E /samgraph/3rdparty/collcachelib/coll_cache_lib/freq_recorder.cc:347] bulk append 3585137
[2023-04-14 19:38:36.505836: E /samgraph/3rdparty/collcachelib/coll_cache_lib/freq_recorder.cc:337] bulk append 1012399 into 60529603
[2023-04-14 19:38:36.510022: E /samgraph/3rdparty/collcachelib/coll_cache_lib/freq_recorder.cc:347] bulk append 3585839
[2023-04-14 19:38:36.510158: E /samgraph/3rdparty/collcachelib/coll_cache_lib/freq_recorder.cc:337] bulk append 1010353 into 61542002
[2023-04-14 19:38:36.514288: E /samgraph/3rdparty/collcachelib/coll_cache_lib/freq_recorder.cc:347] bulk append 3584166
[2023-04-14 19:38:36.514423: E /samgraph/3rdparty/collcachelib/coll_cache_lib/freq_recorder.cc:337] bulk append 1010963 into 62552355
[2023-04-14 19:38:36.518553: E /samgraph/3rdparty/collcachelib/coll_cache_lib/freq_recorder.cc:347] bulk append 3585862
[2023-04-14 19:38:36.518673: E /samgraph/3rdparty/collcachelib/coll_cache_lib/freq_recorder.cc:337] bulk append 1010600 into 63563318
[2023-04-14 19:38:36.522836: E /samgraph/3rdparty/collcachelib/coll_cache_lib/freq_recorder.cc:347] bulk append 3586044
[2023-04-14 19:38:36.522963: E /samgraph/3rdparty/collcachelib/coll_cache_lib/freq_recorder.cc:337] bulk append 1010211 into 64573918
[2023-04-14 19:38:36.527115: E /samgraph/3rdparty/collcachelib/coll_cache_lib/freq_recorder.cc:347] bulk append 3591574
[2023-04-14 19:38:36.527247: E /samgraph/3rdparty/collcachelib/coll_cache_lib/freq_recorder.cc:337] bulk append 1010600 into 65584129
[2023-04-14 19:38:36.531704: E /samgraph/3rdparty/collcachelib/coll_cache_lib/freq_recorder.cc:347] bulk append 3588108
[2023-04-14 19:38:36.531841: E /samgraph/3rdparty/collcachelib/coll_cache_lib/freq_recorder.cc:337] bulk append 1009236 into 66594729
[2023-04-14 19:38:36.536318: E /samgraph/3rdparty/collcachelib/coll_cache_lib/freq_recorder.cc:347] bulk append 3578714
[2023-04-14 19:38:36.536448: E /samgraph/3rdparty/collcachelib/coll_cache_lib/freq_recorder.cc:337] bulk append 1010106 into 67603965
[2023-04-14 19:38:36.540900: E /samgraph/3rdparty/collcachelib/coll_cache_lib/freq_recorder.cc:347] bulk append 3589822
[2023-04-14 19:38:36.541036: E /samgraph/3rdparty/collcachelib/coll_cache_lib/freq_recorder.cc:337] bulk append 1010312 into 68614071
[2023-04-14 19:38:36.545515: E /samgraph/3rdparty/collcachelib/coll_cache_lib/freq_recorder.cc:347] bulk append 3587740
[2023-04-14 19:38:36.545650: E /samgraph/3rdparty/collcachelib/coll_cache_lib/freq_recorder.cc:337] bulk append 1011727 into 69624383
[2023-04-14 19:38:36.550128: E /samgraph/3rdparty/collcachelib/coll_cache_lib/freq_recorder.cc:347] bulk append 3588751
[2023-04-14 19:38:36.550268: E /samgraph/3rdparty/collcachelib/coll_cache_lib/freq_recorder.cc:337] bulk append 1008437 into 70636110
[2023-04-14 19:38:36.554458: E /samgraph/3rdparty/collcachelib/coll_cache_lib/freq_recorder.cc:347] bulk append 3572576
[2023-04-14 19:38:36.554604: E /samgraph/3rdparty/collcachelib/coll_cache_lib/freq_recorder.cc:337] bulk append 1007272 into 71644547
[2023-04-14 19:38:36.558761: E /samgraph/3rdparty/collcachelib/coll_cache_lib/freq_recorder.cc:347] bulk append 3571696
[2023-04-14 19:38:36.558895: E /samgraph/3rdparty/collcachelib/coll_cache_lib/freq_recorder.cc:337] bulk append 1008182 into 72651819
[2023-04-14 19:38:36.563047: E /samgraph/3rdparty/collcachelib/coll_cache_lib/freq_recorder.cc:347] bulk append 3572912
[2023-04-14 19:38:36.563181: E /samgraph/3rdparty/collcachelib/coll_cache_lib/freq_recorder.cc:337] bulk append 1007940 into 73660001
[2023-04-14 19:38:36.567329: E /samgraph/3rdparty/collcachelib/coll_cache_lib/freq_recorder.cc:347] bulk append 3577354
[2023-04-14 19:38:36.567466: E /samgraph/3rdparty/collcachelib/coll_cache_lib/freq_recorder.cc:337] bulk append 1008030 into 74667941
[2023-04-14 19:38:36.571771: E /samgraph/3rdparty/collcachelib/coll_cache_lib/freq_recorder.cc:347] bulk append 3583066
[2023-04-14 19:38:36.571950: E /samgraph/3rdparty/collcachelib/coll_cache_lib/freq_recorder.cc:337] bulk append 1007395 into 75675971
[2023-04-14 19:38:36.576063: E /samgraph/3rdparty/collcachelib/coll_cache_lib/freq_recorder.cc:347] bulk append 3576130
[2023-04-14 19:38:36.576195: E /samgraph/3rdparty/collcachelib/coll_cache_lib/freq_recorder.cc:337] bulk append 1006831 into 76683366
[2023-04-14 19:38:36.580346: E /samgraph/3rdparty/collcachelib/coll_cache_lib/freq_recorder.cc:347] bulk append 3569686
[2023-04-14 19:38:36.580483: E /samgraph/3rdparty/collcachelib/coll_cache_lib/freq_recorder.cc:337] bulk append 1006683 into 77690197
[2023-04-14 19:38:36.584623: E /samgraph/3rdparty/collcachelib/coll_cache_lib/freq_recorder.cc:347] bulk append 3579070
[2023-04-14 19:38:36.584764: E /samgraph/3rdparty/collcachelib/coll_cache_lib/freq_recorder.cc:337] bulk append 1005753 into 78696880
[2023-04-14 19:38:36.588893: E /samgraph/3rdparty/collcachelib/coll_cache_lib/freq_recorder.cc:347] bulk append 3574557
[2023-04-14 19:38:36.589017: E /samgraph/3rdparty/collcachelib/coll_cache_lib/freq_recorder.cc:337] bulk append 1007577 into 79702633
[2023-04-14 19:38:36.593152: E /samgraph/3rdparty/collcachelib/coll_cache_lib/freq_recorder.cc:347] bulk append 3576760
[2023-04-14 19:38:36.593288: E /samgraph/3rdparty/collcachelib/coll_cache_lib/freq_recorder.cc:266] freq recorder global combining
[[2023-04-14 19:38:362023-04-14 19:38:36.[.[593326[[[2023-04-14 19:38:365933272023-04-14 19:38:36: 2023-04-14 19:38:362023-04-14 19:38:362023-04-14 19:38:36.: .E...593331E593334 593328593327593327:  : /samgraph/3rdparty/collcachelib/coll_cache_lib/facade.cc: : : E/samgraph/3rdparty/collcachelib/coll_cache_lib/facade.ccE:EEE : 409   /samgraph/3rdparty/collcachelib/coll_cache_lib/facade.cc409/samgraph/3rdparty/collcachelib/coll_cache_lib/facade.cc] /samgraph/3rdparty/collcachelib/coll_cache_lib/facade.cc/samgraph/3rdparty/collcachelib/coll_cache_lib/facade.cc/samgraph/3rdparty/collcachelib/coll_cache_lib/facade.cc:] :before scale, dtype is 0, dim is 384:::409before scale, dtype is 0, dim is 384409
409409409] 
] ] ] ] [before scale, dtype is 0, dim is 384before scale, dtype is 0, dim is 384before scale, dtype is 0, dim is 384[before scale, dtype is 0, dim is 384before scale, dtype is 0, dim is 3842023-04-14 19:38:36


2023-04-14 19:38:36

..[[[593464[[5934712023-04-14 19:38:362023-04-14 19:38:362023-04-14 19:38:36: 2023-04-14 19:38:362023-04-14 19:38:36: ...E..E593487593489593488 593490593492 : : : /samgraph/3rdparty/collcachelib/coll_cache_lib/facade.cc: : /samgraph/3rdparty/collcachelib/coll_cache_lib/facade.ccEEE:EE:   415  415/samgraph/3rdparty/collcachelib/coll_cache_lib/facade.cc/samgraph/3rdparty/collcachelib/coll_cache_lib/facade.cc/samgraph/3rdparty/collcachelib/coll_cache_lib/facade.cc] /samgraph/3rdparty/collcachelib/coll_cache_lib/facade.cc/samgraph/3rdparty/collcachelib/coll_cache_lib/facade.cc] :::after scale, dtype is 7, new dim is 96::after scale, dtype is 7, new dim is 96415415415
415415
] ] ] ] ] after scale, dtype is 7, new dim is 96after scale, dtype is 7, new dim is 96after scale, dtype is 7, new dim is 96after scale, dtype is 7, new dim is 96after scale, dtype is 7, new dim is 96




[2023-04-14 19:38:36.594741: E /samgraph/3rdparty/collcachelib/coll_cache_lib/coll_cache/asymm_link_desc.cc:207] assigning 0 to cpu
[2023-04-14 19:38:36.594780: E /samgraph/3rdparty/collcachelib/coll_cache_lib/coll_cache/asymm_link_desc.cc:224] build symm link desc with 8X NVIDIA A100-SXM4-80GB out of 8
[2023-04-14 19:38:36.594806: E /samgraph/3rdparty/collcachelib/coll_cache_lib/coll_cache/asymm_link_desc.cc:225] remote time is 24.3333
[2023-04-14 19:38:36.594817: E /samgraph/3rdparty/collcachelib/coll_cache_lib/coll_cache/asymm_link_desc.cc:226] cpu time is 91.25
[2023-04-14 19:38:36.594842: E /samgraph/3rdparty/collcachelib/coll_cache_lib/facade.cc:425] registering cpu data with 24.00 GB
[2023-04-14 19:38:36.595392: E /samgraph/3rdparty/collcachelib/coll_cache_lib/coll_cache/asymm_link_desc.cc:207] assigning 0 to cpu
[2023-04-14 19:38:36.595441: E /samgraph/3rdparty/collcachelib/coll_cache_lib/coll_cache/asymm_link_desc.cc:224] build symm link desc with 8X NVIDIA A100-SXM4-80GB out of 8
[2023-04-14 19:38:36.595458: E /samgraph/3rdparty/collcachelib/coll_cache_lib/coll_cache/asymm_link_desc.cc:225] remote time is 24.3333
[2023-04-14 19:38:36.595469: E /samgraph/3rdparty/collcachelib/coll_cache_lib/coll_cache/asymm_link_desc.cc:226] cpu time is 91.25
[2023-04-14 19:38:36.595493: E /samgraph/3rdparty/collcachelib/coll_cache_lib/facade.cc:425] registering cpu data with 24.00 GB
[2023-04-14 19:38:36.595765: E /samgraph/3rdparty/collcachelib/coll_cache_lib/coll_cache/asymm_link_desc.cc:207] assigning 0 to cpu
[2023-04-14 19:38:36.595803: E /samgraph/3rdparty/collcachelib/coll_cache_lib/coll_cache/asymm_link_desc.cc:224] build symm link desc with 8X NVIDIA A100-SXM4-80GB out of 8
[2023-04-14 19:38:36.595821: E /samgraph/3rdparty/collcachelib/coll_cache_lib/coll_cache/asymm_link_desc.cc:225] remote time is 24.3333
[2023-04-14 19:38:36.595832: E /samgraph/3rdparty/collcachelib/coll_cache_lib/coll_cache/asymm_link_desc.cc:226] cpu time is 91.25
[2023-04-14 19:38:36.595856: E /samgraph/3rdparty/collcachelib/coll_cache_lib/facade.cc:425] registering cpu data with 24.00 GB
[2023-04-14 19:38:36.595886: E /samgraph/3rdparty/collcachelib/coll_cache_lib/coll_cache/asymm_link_desc.cc:207] assigning 0 to cpu
[2023-04-14 19:38:36.595921: E /samgraph/3rdparty/collcachelib/coll_cache_lib/coll_cache/asymm_link_desc.cc:224] build symm link desc with 8X NVIDIA A100-SXM4-80GB out of 8
[2023-04-14 19:38:36.595936: E /samgraph/3rdparty/collcachelib/coll_cache_lib/coll_cache/asymm_link_desc.cc:225] remote time is 24.3333
[2023-04-14 19:38:36.595947: E /samgraph/3rdparty/collcachelib/coll_cache_lib/coll_cache/asymm_link_desc.cc:226] cpu time is 91.25
[2023-04-14 19:38:36.595972: E /samgraph/3rdparty/collcachelib/coll_cache_lib/facade.cc:425] registering cpu data with 24.00 GB
[2023-04-14 19:38:36.596108: E /samgraph/3rdparty/collcachelib/coll_cache_lib/coll_cache/asymm_link_desc.cc:207] assigning 0 to cpu
[2023-04-14 19:38:36.596148: E /samgraph/3rdparty/collcachelib/coll_cache_lib/coll_cache/asymm_link_desc.cc:224] build symm link desc with 8X NVIDIA A100-SXM4-80GB out of 8
[2023-04-14 19:38:36.596167: E /samgraph/3rdparty/collcachelib/coll_cache_lib/coll_cache/asymm_link_desc.cc:225] remote time is 24.3333
[2023-04-14 19:38:36.596178: E /samgraph/3rdparty/collcachelib/coll_cache_lib/coll_cache/asymm_link_desc.cc:226] cpu time is 91.25
[2023-04-14 19:38:36.596188: E /samgraph/3rdparty/collcachelib/coll_cache_lib/coll_cache/asymm_link_desc.cc:207] assigning 0 to cpu
[2023-04-14 19:38:36.596204: E /samgraph/3rdparty/collcachelib/coll_cache_lib/facade.cc:425] registering cpu data with 24.00 GB
[2023-04-14 19:38:36.596236: E /samgraph/3rdparty/collcachelib/coll_cache_lib/coll_cache/asymm_link_desc.cc:224] build symm link desc with 8X NVIDIA A100-SXM4-80GB out of 8
[2023-04-14 19:38:36.596254: E /samgraph/3rdparty/collcachelib/coll_cache_lib/coll_cache/asymm_link_desc.cc:225] remote time is 24.3333
[2023-04-14 19:38:36.596271: E /samgraph/3rdparty/collcachelib/coll_cache_lib/coll_cache/asymm_link_desc.cc:226] cpu time is 91.25
[2023-04-14 19:38:36.596296: E /samgraph/3rdparty/collcachelib/coll_cache_lib/facade.cc:425] registering cpu data with 24.00 GB
[2023-04-14 19:38:36.596461: E /samgraph/3rdparty/collcachelib/coll_cache_lib/coll_cache/asymm_link_desc.cc:207] assigning 0 to cpu
[2023-04-14 19:38:36.596510: E /samgraph/3rdparty/collcachelib/coll_cache_lib/coll_cache/asymm_link_desc.cc:224] build symm link desc with 8X NVIDIA A100-SXM4-80GB out of 8
[2023-04-14 19:38:36.596527: E /samgraph/3rdparty/collcachelib/coll_cache_lib/coll_cache/asymm_link_desc.cc:225] remote time is 24.3333
[2023-04-14 19:38:36.596537: E /samgraph/3rdparty/collcachelib/coll_cache_lib/coll_cache/asymm_link_desc.cc:226] cpu time is 91.25
[2023-04-14 19:38:36.596562: E /samgraph/3rdparty/collcachelib/coll_cache_lib/facade.cc:425] registering cpu data with 24.00 GB
[2023-04-14 19:38:38.926590: E /samgraph/3rdparty/collcachelib/coll_cache_lib/freq_recorder.cc:269] freq recorder global combine from 80710210 to 23488816
[2023-04-14 19:38:39.330713: E /samgraph/3rdparty/collcachelib/coll_cache_lib/freq_recorder.cc:286] top 5 freq is 272,272,272,272,272
[2023-04-14 19:38:39.330837: E /samgraph/3rdparty/collcachelib/coll_cache_lib/facade.cc:409] before scale, dtype is 0, dim is 384
[2023-04-14 19:38:39.330850: E /samgraph/3rdparty/collcachelib/coll_cache_lib/facade.cc:415] after scale, dtype is 7, new dim is 96
[2023-04-14 19:38:40.423494: E /samgraph/3rdparty/collcachelib/coll_cache_lib/coll_cache/asymm_link_desc.cc:207] assigning 0 to cpu
[2023-04-14 19:38:40.423553: E /samgraph/3rdparty/collcachelib/coll_cache_lib/coll_cache/asymm_link_desc.cc:224] build symm link desc with 8X NVIDIA A100-SXM4-80GB out of 8
[2023-04-14 19:38:40.423580: E /samgraph/3rdparty/collcachelib/coll_cache_lib/coll_cache/asymm_link_desc.cc:225] remote time is 24.3333
[2023-04-14 19:38:40.423590: E /samgraph/3rdparty/collcachelib/coll_cache_lib/coll_cache/asymm_link_desc.cc:226] cpu time is 91.25
[2023-04-14 19:38:40.423625: E /samgraph/3rdparty/collcachelib/coll_cache_lib/facade.cc:425] registering cpu data with 24.00 GB
[2023-04-14 19:38:41.423276: E /samgraph/3rdparty/collcachelib/coll_cache_lib/facade.cc:427] registering cpu data done.
[2023-04-14 19:38:41.423511: E /samgraph/3rdparty/collcachelib/coll_cache_lib/facade.cc:427] registering cpu data done.
[2023-04-14 19:38:41.424072: E /samgraph/3rdparty/collcachelib/coll_cache_lib/facade.cc:427] registering cpu data done.
[2023-04-14 19:38:41.424309: E /samgraph/3rdparty/collcachelib/coll_cache_lib/facade.cc:427] registering cpu data done.
[2023-04-14 19:38:41.425160: E /samgraph/3rdparty/collcachelib/coll_cache_lib/facade.cc:427] registering cpu data done.
[2023-04-14 19:38:41.433522: E /samgraph/3rdparty/collcachelib/coll_cache_lib/facade.cc:427] registering cpu data done.
[2023-04-14 19:38:41.439323: E /samgraph/3rdparty/collcachelib/coll_cache_lib/facade.cc:427] registering cpu data done.
[2023-04-14 19:38:41.541918: E /samgraph/3rdparty/collcachelib/coll_cache_lib/facade.cc:427] registering cpu data done.
[2023-04-14 19:38:41.541960: E /samgraph/3rdparty/collcachelib/coll_cache_lib/facade.cc:174] creating solver
[2023-04-14 19:38:41.541977: E /samgraph/3rdparty/collcachelib/coll_cache_lib/facade.cc:214] solver created. now build & solve
[2023-04-14 19:38:41.622952: W /samgraph/3rdparty/collcachelib/coll_cache_lib/cpu/cpu_device.cc:43] WORKER[0] alloc host memory 931.40 MB
[2023-04-14 19:38:41.622997: E /samgraph/3rdparty/collcachelib/coll_cache_lib/coll_cache/optimal_solver_class.cc:309] reconfigured max freq to be 272
[2023-04-14 19:38:41.623009: E /samgraph/3rdparty/collcachelib/coll_cache_lib/coll_cache/optimal_solver_class.cc:311] reconfigured num slot to be 31
[2023-04-14 19:38:41.623019: W /samgraph/3rdparty/collcachelib/coll_cache_lib/coll_cache/optimal_solver_class.cc:318] counting slots...
[2023-04-14 19:38:42. 61058: W /samgraph/3rdparty/collcachelib/coll_cache_lib/coll_cache/optimal_solver_class.cc:367] Final num slot is 45
[2023-04-14 19:38:42. 61270: W /samgraph/3rdparty/collcachelib/coll_cache_lib/coll_cache/optimal_solver_class.cc:371] preparing block granularity...
[2023-04-14 19:38:42. 61286: E /samgraph/3rdparty/collcachelib/coll_cache_lib/coll_cache/optimal_solver_class.cc:399] slot 0 has 20531 nodes, max_size set to 2567, #slice=8
[2023-04-14 19:38:42. 61299: E /samgraph/3rdparty/collcachelib/coll_cache_lib/coll_cache/optimal_solver_class.cc:399] slot 1 has 30736 nodes, max_size set to 3842, #slice=8
[2023-04-14 19:38:42. 61311: E /samgraph/3rdparty/collcachelib/coll_cache_lib/coll_cache/optimal_solver_class.cc:399] slot 2 has 53849 nodes, max_size set to 6732, #slice=8
[2023-04-14 19:38:42. 61323: E /samgraph/3rdparty/collcachelib/coll_cache_lib/coll_cache/optimal_solver_class.cc:399] slot 3 has 90644 nodes, max_size set to 11331, #slice=8
[2023-04-14 19:38:42. 61336: E /samgraph/3rdparty/collcachelib/coll_cache_lib/coll_cache/optimal_solver_class.cc:399] slot 4 has 137136 nodes, max_size set to 17142, #slice=8
[2023-04-14 19:38:42. 61348: E /samgraph/3rdparty/collcachelib/coll_cache_lib/coll_cache/optimal_solver_class.cc:399] slot 5 has 182608 nodes, max_size set to 22826, #slice=8
[2023-04-14 19:38:42. 61360: E /samgraph/3rdparty/collcachelib/coll_cache_lib/coll_cache/optimal_solver_class.cc:399] slot 6 has 246525 nodes, max_size set to 30816, #slice=8
[2023-04-14 19:38:42. 61373: E /samgraph/3rdparty/collcachelib/coll_cache_lib/coll_cache/optimal_solver_class.cc:399] slot 7 has 261995 nodes, max_size set to 32750, #slice=8
[2023-04-14 19:38:42. 61385: E /samgraph/3rdparty/collcachelib/coll_cache_lib/coll_cache/optimal_solver_class.cc:399] slot 8 has 329966 nodes, max_size set to 41246, #slice=8
[2023-04-14 19:38:42. 61397: E /samgraph/3rdparty/collcachelib/coll_cache_lib/coll_cache/optimal_solver_class.cc:399] slot 9 has 366920 nodes, max_size set to 45865, #slice=8
[2023-04-14 19:38:42. 61410: E /samgraph/3rdparty/collcachelib/coll_cache_lib/coll_cache/optimal_solver_class.cc:399] slot 10 has 379050 nodes, max_size set to 47382, #slice=8
[2023-04-14 19:38:42. 61422: E /samgraph/3rdparty/collcachelib/coll_cache_lib/coll_cache/optimal_solver_class.cc:399] slot 11 has 427098 nodes, max_size set to 53388, #slice=8
[2023-04-14 19:38:42. 61435: E /samgraph/3rdparty/collcachelib/coll_cache_lib/coll_cache/optimal_solver_class.cc:399] slot 12 has 465142 nodes, max_size set to 58143, #slice=8
[2023-04-14 19:38:42. 61447: E /samgraph/3rdparty/collcachelib/coll_cache_lib/coll_cache/optimal_solver_class.cc:399] slot 13 has 483272 nodes, max_size set to 60409, #slice=8
[2023-04-14 19:38:42. 61459: E /samgraph/3rdparty/collcachelib/coll_cache_lib/coll_cache/optimal_solver_class.cc:399] slot 14 has 635002 nodes, max_size set to 79376, #slice=8
[2023-04-14 19:38:42. 61472: E /samgraph/3rdparty/collcachelib/coll_cache_lib/coll_cache/optimal_solver_class.cc:399] slot 15 has 628819 nodes, max_size set to 78603, #slice=8
[2023-04-14 19:38:42. 61484: E /samgraph/3rdparty/collcachelib/coll_cache_lib/coll_cache/optimal_solver_class.cc:399] slot 16 has 529742 nodes, max_size set to 66218, #slice=8
[2023-04-14 19:38:42. 61497: E /samgraph/3rdparty/collcachelib/coll_cache_lib/coll_cache/optimal_solver_class.cc:399] slot 17 has 660073 nodes, max_size set to 82510, #slice=8
[2023-04-14 19:38:42. 61509: E /samgraph/3rdparty/collcachelib/coll_cache_lib/coll_cache/optimal_solver_class.cc:399] slot 18 has 858236 nodes, max_size set to 107280, #slice=8
[2023-04-14 19:38:42. 61521: E /samgraph/3rdparty/collcachelib/coll_cache_lib/coll_cache/optimal_solver_class.cc:399] slot 19 has 542938 nodes, max_size set to 67868, #slice=8
[2023-04-14 19:38:42. 61533: E /samgraph/3rdparty/collcachelib/coll_cache_lib/coll_cache/optimal_solver_class.cc:399] slot 20 has 1444514 nodes, max_size set to 180565, #slice=8
[2023-04-14 19:38:42. 61546: E /samgraph/3rdparty/collcachelib/coll_cache_lib/coll_cache/optimal_solver_class.cc:399] slot 21 has 994163 nodes, max_size set to 124271, #slice=8
[2023-04-14 19:38:42. 61561: E /samgraph/3rdparty/collcachelib/coll_cache_lib/coll_cache/optimal_solver_class.cc:399] slot 23 has 1403010 nodes, max_size set to 175377, #slice=8
[2023-04-14 19:38:42. 61573: E /samgraph/3rdparty/collcachelib/coll_cache_lib/coll_cache/optimal_solver_class.cc:399] slot 24 has 1921278 nodes, max_size set to 240160, #slice=8
[2023-04-14 19:38:42. 61585: E /samgraph/3rdparty/collcachelib/coll_cache_lib/coll_cache/optimal_solver_class.cc:399] slot 26 has 3744114 nodes, max_size set to 244160, #slice=16
[2023-04-14 19:38:42. 61598: E /samgraph/3rdparty/collcachelib/coll_cache_lib/coll_cache/optimal_solver_class.cc:399] slot 29 has 6651455 nodes, max_size set to 244160, #slice=32
[2023-04-14 19:38:42. 61610: E /samgraph/3rdparty/collcachelib/coll_cache_lib/coll_cache/optimal_solver_class.cc:399] slot 30 has 2207974 nodes, max_size set to 244160, #slice=16
[2023-04-14 19:38:42. 61622: E /samgraph/3rdparty/collcachelib/coll_cache_lib/coll_cache/optimal_solver_class.cc:399] slot 31 has 2206293 nodes, max_size set to 244160, #slice=16
[2023-04-14 19:38:42. 61635: E /samgraph/3rdparty/collcachelib/coll_cache_lib/coll_cache/optimal_solver_class.cc:399] slot 32 has 2206951 nodes, max_size set to 244160, #slice=16
[2023-04-14 19:38:42. 61647: E /samgraph/3rdparty/collcachelib/coll_cache_lib/coll_cache/optimal_solver_class.cc:399] slot 33 has 2206810 nodes, max_size set to 244160, #slice=16
[2023-04-14 19:38:42. 61659: E /samgraph/3rdparty/collcachelib/coll_cache_lib/coll_cache/optimal_solver_class.cc:399] slot 34 has 2206795 nodes, max_size set to 244160, #slice=16
[2023-04-14 19:38:42. 61671: E /samgraph/3rdparty/collcachelib/coll_cache_lib/coll_cache/optimal_solver_class.cc:399] slot 35 has 2207264 nodes, max_size set to 244160, #slice=16
[2023-04-14 19:38:42. 61684: E /samgraph/3rdparty/collcachelib/coll_cache_lib/coll_cache/optimal_solver_class.cc:399] slot 36 has 2207899 nodes, max_size set to 244160, #slice=16
[2023-04-14 19:38:42. 61696: E /samgraph/3rdparty/collcachelib/coll_cache_lib/coll_cache/optimal_solver_class.cc:399] slot 37 has 2204930 nodes, max_size set to 244160, #slice=16
[2023-04-14 19:38:42. 61709: E /samgraph/3rdparty/collcachelib/coll_cache_lib/coll_cache/optimal_solver_class.cc:399] slot 38 has 2207978 nodes, max_size set to 244160, #slice=16
[2023-04-14 19:38:42. 61721: E /samgraph/3rdparty/collcachelib/coll_cache_lib/coll_cache/optimal_solver_class.cc:399] slot 39 has 2207565 nodes, max_size set to 244160, #slice=16
[2023-04-14 19:38:42. 61733: E /samgraph/3rdparty/collcachelib/coll_cache_lib/coll_cache/optimal_solver_class.cc:399] slot 40 has 22077883 nodes, max_size set to 244160, #slice=96
[2023-04-14 19:38:42. 61754: E /samgraph/3rdparty/collcachelib/coll_cache_lib/coll_cache/optimal_solver_class.cc:399] slot 41 has 22059204 nodes, max_size set to 244160, #slice=96
[2023-04-14 19:38:42. 61767: E /samgraph/3rdparty/collcachelib/coll_cache_lib/coll_cache/optimal_solver_class.cc:399] slot 42 has 22067871 nodes, max_size set to 244160, #slice=96
[2023-04-14 19:38:42. 61779: E /samgraph/3rdparty/collcachelib/coll_cache_lib/coll_cache/optimal_solver_class.cc:399] slot 43 has 22063543 nodes, max_size set to 244160, #slice=96
[2023-04-14 19:38:42. 61792: E /samgraph/3rdparty/collcachelib/coll_cache_lib/coll_cache/optimal_solver_class.cc:399] slot 44 has 22066794 nodes, max_size set to 244160, #slice=96
[2023-04-14 19:38:42. 61804: E /samgraph/3rdparty/collcachelib/coll_cache_lib/coll_cache/optimal_solver_class.cc:399] slot 45 has 22065493 nodes, max_size set to 244160, #slice=96
[2023-04-14 19:38:42. 61816: E /samgraph/3rdparty/collcachelib/coll_cache_lib/coll_cache/optimal_solver_class.cc:399] slot 46 has 22070169 nodes, max_size set to 244160, #slice=96
[2023-04-14 19:38:42. 61829: E /samgraph/3rdparty/collcachelib/coll_cache_lib/coll_cache/optimal_solver_class.cc:399] slot 47 has 22065725 nodes, max_size set to 244160, #slice=96
[2023-04-14 19:38:42. 61841: E /samgraph/3rdparty/collcachelib/coll_cache_lib/coll_cache/optimal_solver_class.cc:399] slot 48 has 22064542 nodes, max_size set to 244160, #slice=96
[2023-04-14 19:38:42. 61855: W /samgraph/3rdparty/collcachelib/coll_cache_lib/coll_cache/optimal_solver_class.cc:405] counting blocks...
[2023-04-14 19:38:42.178213: W /samgraph/3rdparty/collcachelib/coll_cache_lib/coll_cache/optimal_solver_class.cc:425] Final num block is 1264
[2023-04-14 19:38:42.178277: W /samgraph/3rdparty/collcachelib/coll_cache_lib/coll_cache/optimal_solver_class.cc:430] counting freq and density...
[2023-04-14 19:38:42.195998: W /samgraph/3rdparty/collcachelib/coll_cache_lib/coll_cache/optimal_solver_class.cc:479] averaging freq and density...
[2023-04-14 19:38:42.196066: W /samgraph/3rdparty/collcachelib/coll_cache_lib/coll_cache/optimal_solver_class.cc:480] 1264
[2023-04-14 19:38:42.198979: E /samgraph/3rdparty/collcachelib/coll_cache_lib/facade.cc:218] solver built. now solve
[2023-04-14 19:38:42.199015: W /samgraph/3rdparty/collcachelib/coll_cache_lib/coll_cache/optimal_solver_class.cc:893] constructing optimal solver, device=8, stream=1
1264 blocks, 8 devices
[2023-04-14 19:38:42.214197: W /samgraph/3rdparty/collcachelib/coll_cache_lib/coll_cache/optimal_solver_class.cc:1078] Add Var...
[2023-04-14 19:38:42.252218: W /samgraph/3rdparty/collcachelib/coll_cache_lib/coll_cache/optimal_solver_class.cc:1096] Capacity...
[2023-04-14 19:38:42.253406: W /samgraph/3rdparty/collcachelib/coll_cache_lib/coll_cache/optimal_solver_class.cc:1099] Connect CPU...
[2023-04-14 19:38:42.275718: W /samgraph/3rdparty/collcachelib/coll_cache_lib/coll_cache/optimal_solver_class.cc:1101] Connect Access To Storage...
[2023-04-14 19:38:43. 70171: W /samgraph/3rdparty/collcachelib/coll_cache_lib/coll_cache/optimal_solver_class.cc:1105] Time...
[2023-04-14 19:39:01.874727: W /samgraph/3rdparty/collcachelib/coll_cache_lib/coll_cache/optimal_solver_class.cc:1124] Coll Cache init block placement array
[2023-04-14 19:39:01.882006: W /samgraph/3rdparty/collcachelib/coll_cache_lib/coll_cache/optimal_solver_class.cc:1200] Coll Cache init block placement array done
[2023-04-14 19:39:01.882188: W /samgraph/3rdparty/collcachelib/coll_cache_lib/coll_cache/optimal_solver_class.cc:1202] Coll Cache model reset done
[2023-04-14 19:39:01.944355: E /samgraph/3rdparty/collcachelib/coll_cache_lib/facade.cc:222] solver solved
[2023-04-14 19:39:01.944421: E /samgraph/3rdparty/collcachelib/coll_cache_lib/facade.cc:437] 0 solved master
[2023-04-14 19:39:01.944432: E /samgraph/3rdparty/collcachelib/coll_cache_lib/facade.cc:444] 0 solved
[2023-04-14 19:39:01.944443: E /samgraph/3rdparty/collcachelib/coll_cache_lib/facade.cc:447] worker 0 thread 0 initing device 0
[2023-04-14 19:39:01.945337: E /samgraph/3rdparty/collcachelib/coll_cache_lib/cache_context.cu:2320] Building Coll Cache with ... num gpu device is 8
[2023-04-14 19:39:01.946360: E /samgraph/3rdparty/collcachelib/coll_cache_lib/cuda/cache_hashtable.cuh:611] per src size local is 31050691
[2023-04-14 19:39:01.975367: E /samgraph/3rdparty/collcachelib/coll_cache_lib/facade.cc:444] 1 solved
[2023-04-14 19:39:01.975464: E /samgraph/3rdparty/collcachelib/coll_cache_lib/facade.cc:447] worker 0 thread 1 initing device 1
[2023-04-14 19:39:01.975997: E /samgraph/3rdparty/collcachelib/coll_cache_lib/cache_context.cu:2320] Building Coll Cache with ... num gpu device is 8
[2023-04-14 19:39:01.977502: E /samgraph/3rdparty/collcachelib/coll_cache_lib/facade.cc:444] 3 solved
[2023-04-14 19:39:01.977581: E /samgraph/3rdparty/collcachelib/coll_cache_lib/facade.cc:447] worker 0 thread 3 initing device 3
[2023-04-14 19:39:01.990980: E /samgraph/3rdparty/collcachelib/coll_cache_lib/cache_context.cu:2320] Building Coll Cache with ... num gpu device is 8
[2023-04-14 19:39:02. 10790: E /samgraph/3rdparty/collcachelib/coll_cache_lib/facade.cc:444] 2 solved
[2023-04-14 19:39:02. 10886: E /samgraph/3rdparty/collcachelib/coll_cache_lib/facade.cc:447] worker 0 thread 2 initing device 2
[2023-04-14 19:39:02. 32300: E /samgraph/3rdparty/collcachelib/coll_cache_lib/facade.cc:444] 7 solved
[2023-04-14 19:39:02. 32417: E /samgraph/3rdparty/collcachelib/coll_cache_lib/facade.cc:447] worker 0 thread 7 initing device 7
[2023-04-14 19:39:02. 33031: E /samgraph/3rdparty/collcachelib/coll_cache_lib/cache_context.cu:2320] Building Coll Cache with ... num gpu device is 8
[[2023-04-14 19:39:02. 50910: E /samgraph/3rdparty/collcachelib/coll_cache_lib/cache_context.cu:2320] Building Coll Cache with ... num gpu device is 8
2023-04-14 19:39:02. 50872: E /samgraph/3rdparty/collcachelib/coll_cache_lib/facade.cc:444] 4 solved
[2023-04-14 19:39:02. 50980: E /samgraph/3rdparty/collcachelib/coll_cache_lib/facade.cc:447] worker 0 thread 4 initing device 4
[2023-04-14 19:39:02. 50985: E /samgraph/3rdparty/collcachelib/coll_cache_lib/facade.cc:444] 5 solved
[2023-04-14 19:39:02. 51095: E /samgraph/3rdparty/collcachelib/coll_cache_lib/facade.cc:447] worker 0 thread 5 initing device 5
[2023-04-14 19:39:02. 51087: E /samgraph/3rdparty/collcachelib/coll_cache_lib/facade.cc:444] 6 solved
[2023-04-14 19:39:02. 51146: E /samgraph/3rdparty/collcachelib/coll_cache_lib/facade.cc:447] worker 0 thread 6 initing device 6
[2023-04-14 19:39:02. 51441: E /samgraph/3rdparty/collcachelib/coll_cache_lib/cache_context.cu:2320] Building Coll Cache with ... num gpu device is 8
[2023-04-14 19:39:02. 51512: E /samgraph/3rdparty/collcachelib/coll_cache_lib/cache_context.cu:2320] Building Coll Cache with ... num gpu device is 8
[2023-04-14 19:39:02. 52178: E /samgraph/3rdparty/collcachelib/coll_cache_lib/cache_context.cu:2320] Building Coll Cache with ... num gpu device is 8
[2023-04-14 19:39:02.204250: W /samgraph/3rdparty/collcachelib/coll_cache_lib/cpu/cpu_device.cc:43] WORKER[0] alloc host memory 630.48 MB
[2023-04-14 19:39:02.254575: W /samgraph/3rdparty/collcachelib/coll_cache_lib/cpu/cpu_device.cc:43] WORKER[0] alloc host memory 634.02 MB
[2023-04-14 19:39:02.264790: W /samgraph/3rdparty/collcachelib/coll_cache_lib/cpu/cpu_device.cc:43] WORKER[0] alloc host memory 627.20 MB
[2023-04-14 19:39:02.313184: W /samgraph/3rdparty/collcachelib/coll_cache_lib/cpu/cpu_device.cc:43] WORKER[0] alloc host memory 634.01 MB
[2023-04-14 19:39:02.325672: W /samgraph/3rdparty/collcachelib/coll_cache_lib/cpu/cpu_device.cc:43] WORKER[0] alloc host memory 632.65 MB
[2023-04-14 19:39:02.340531: W /samgraph/3rdparty/collcachelib/coll_cache_lib/cpu/cpu_device.cc:43] WORKER[0] alloc host memory 632.20 MB
[2023-04-14 19:39:02.350008: W /samgraph/3rdparty/collcachelib/coll_cache_lib/cpu/cpu_device.cc:43] WORKER[0] alloc host memory 631.04 MB
[2023-04-14 19:39:02.368373: W /samgraph/3rdparty/collcachelib/coll_cache_lib/cpu/cpu_device.cc:43] WORKER[0] alloc host memory 629.31 MB
[2023-04-14 19:39:02.378332: E /samgraph/3rdparty/collcachelib/coll_cache_lib/cache_context.cu:2362] num cpu nodes is 50657030
[2023-04-14 19:39:02.422131: E /samgraph/3rdparty/collcachelib/coll_cache_lib/cache_context.cu:2362] num cpu nodes is 50657030
[2023-04-14 19:39:02.436920: E /samgraph/3rdparty/collcachelib/coll_cache_lib/cache_context.cu:2362] num cpu nodes is 50657030
[2023-04-14 19:39:02.480447: E /samgraph/3rdparty/collcachelib/coll_cache_lib/cache_context.cu:2362] num cpu nodes is 50657030
[2023-04-14 19:39:02.489299: E /samgraph/3rdparty/collcachelib/coll_cache_lib/cache_context.cu:2362] num cpu nodes is 50657030
[2023-04-14 19:39:02.505538: E /samgraph/3rdparty/collcachelib/coll_cache_lib/cache_context.cu:2362] num cpu nodes is 50657030
[2023-04-14 19:39:02.510370: E /samgraph/3rdparty/collcachelib/coll_cache_lib/cache_context.cu:2362] num cpu nodes is 50657030
[2023-04-14 19:39:02.536595: E /samgraph/3rdparty/collcachelib/coll_cache_lib/cache_context.cu:2362] num cpu nodes is 50657030
[2023-04-14 19:39:05.576063: E /samgraph/3rdparty/collcachelib/coll_cache_lib/cuda/cache_hashtable.cu:355] create a hashtable with 193503469 possible elem, scale to 536870912
[2023-04-14 19:39:05.576138: E /samgraph/3rdparty/collcachelib/coll_cache_lib/cuda/cache_hashtable.cu:360] SimpleHashTable allocating 4.00 GB
[2023-04-14 19:39:05.894084: E /samgraph/3rdparty/collcachelib/coll_cache_lib/cuda/cache_hashtable.cu:355] create a hashtable with 193503469 possible elem, scale to 536870912
[2023-04-14 19:39:05.894139: E /samgraph/3rdparty/collcachelib/coll_cache_lib/cuda/cache_hashtable.cu:360] SimpleHashTable allocating 4.00 GB
[2023-04-14 19:39:05.981290: E /samgraph/3rdparty/collcachelib/coll_cache_lib/cuda/cache_hashtable.cu:355] create a hashtable with 193503469 possible elem, scale to 536870912
[2023-04-14 19:39:05.981338: E /samgraph/3rdparty/collcachelib/coll_cache_lib/cuda/cache_hashtable.cu:360] SimpleHashTable allocating 4.00 GB
[2023-04-14 19:39:06. 29330: E /samgraph/3rdparty/collcachelib/coll_cache_lib/cuda/cache_hashtable.cu:355] create a hashtable with 193503469 possible elem, scale to 536870912
[2023-04-14 19:39:06. 29370: E /samgraph/3rdparty/collcachelib/coll_cache_lib/cuda/cache_hashtable.cu:360] SimpleHashTable allocating 4.00 GB
[2023-04-14 19:39:06. 29581: E /samgraph/3rdparty/collcachelib/coll_cache_lib/cuda/cache_hashtable.cu:355] create a hashtable with 193503469 possible elem, scale to 536870912
[2023-04-14 19:39:06. 29619: E /samgraph/3rdparty/collcachelib/coll_cache_lib/cuda/cache_hashtable.cu:360] SimpleHashTable allocating 4.00 GB
[2023-04-14 19:39:06. 40406: E /samgraph/3rdparty/collcachelib/coll_cache_lib/cuda/cache_hashtable.cu:355] create a hashtable with 193503469 possible elem, scale to 536870912
[2023-04-14 19:39:06. 40444: E /samgraph/3rdparty/collcachelib/coll_cache_lib/cuda/cache_hashtable.cu:360] SimpleHashTable allocating 4.00 GB
[2023-04-14 19:39:06. 59418: E /samgraph/3rdparty/collcachelib/coll_cache_lib/cuda/cache_hashtable.cu:355] create a hashtable with 193503469 possible elem, scale to 536870912
[2023-04-14 19:39:06. 59469: E /samgraph/3rdparty/collcachelib/coll_cache_lib/cuda/cache_hashtable.cu:360] SimpleHashTable allocating 4.00 GB
[2023-04-14 19:39:06. 84456: E /samgraph/3rdparty/collcachelib/coll_cache_lib/cuda/cache_hashtable.cu:355] create a hashtable with 193503469 possible elem, scale to 536870912
[2023-04-14 19:39:06. 84496: E /samgraph/3rdparty/collcachelib/coll_cache_lib/cuda/cache_hashtable.cu:360] SimpleHashTable allocating 4.00 GB
[2023-04-14 19:39:06.383541: E /samgraph/3rdparty/collcachelib/coll_cache_lib/common.cc:107] too many mem allocated for forcescale?29543420->2244446
[2023-04-14 19:39:06.384340: E /samgraph/3rdparty/collcachelib/coll_cache_lib/common.cc:107] too many mem allocated for forcescale?29543420->1766471
[2023-04-14 19:39:06.385312: E /samgraph/3rdparty/collcachelib/coll_cache_lib/common.cc:107] too many mem allocated for forcescale?29543420->1010813
[2023-04-14 19:39:06.385429: E /samgraph/3rdparty/collcachelib/coll_cache_lib/common.cc:107] too many mem allocated for forcescale?29543420->2241206
[2023-04-14 19:39:06.385546: E /samgraph/3rdparty/collcachelib/coll_cache_lib/common.cc:107] too many mem allocated for forcescale?29543420->1464138
[2023-04-14 19:39:06.388428: E /samgraph/3rdparty/collcachelib/coll_cache_lib/common.cc:107] too many mem allocated for forcescale?29543420->1315609
[2023-04-14 19:39:06.388604: E /samgraph/3rdparty/collcachelib/coll_cache_lib/common.cc:107] too many mem allocated for forcescale?29543420->1885955
[2023-04-14 19:39:06.389176: E /samgraph/3rdparty/collcachelib/coll_cache_lib/common.cc:107] too many mem allocated for forcescale?29543420->456013
[2023-04-14 19:39:06.405375: E /samgraph/3rdparty/collcachelib/coll_cache_lib/cache_context.cu:2439] Asymm Coll cache (policy: coll_cache_asymm_link) | local 27298974 / 244160499 nodes ( 11.18 %~12.00 %) | remote 166204495 / 244160499 nodes ( 68.07 %) | cpu 50657030 / 244160499 nodes ( 20.75 %) | 42.26 GB | 4.41437 secs 
[2023-04-14 19:39:06.415873: E /samgraph/3rdparty/collcachelib/coll_cache_lib/cache_context.cu:2439] Asymm Coll cache (policy: coll_cache_asymm_link) | local 27302214 / 244160499 nodes ( 11.18 %~12.00 %) | remote 166201255 / 244160499 nodes ( 68.07 %) | cpu 50657030 / 244160499 nodes ( 20.75 %) | 42.26 GB | 4.3649 secs 
[2023-04-14 19:39:06.417530: E /samgraph/3rdparty/collcachelib/coll_cache_lib/cache_context.cu:2439] Asymm Coll cache (policy: coll_cache_asymm_link) | local 27776949 / 244160499 nodes ( 11.38 %~12.00 %) | remote 165726520 / 244160499 nodes ( 67.88 %) | cpu 50657030 / 244160499 nodes ( 20.75 %) | 42.26 GB | 4.366 secs 
[2023-04-14 19:39:06.426280: E /samgraph/3rdparty/collcachelib/coll_cache_lib/cache_context.cu:2439] Asymm Coll cache (policy: coll_cache_asymm_link) | local 28227811 / 244160499 nodes ( 11.56 %~12.00 %) | remote 165275658 / 244160499 nodes ( 67.69 %) | cpu 50657030 / 244160499 nodes ( 20.75 %) | 42.26 GB | 4.48092 secs 
[2023-04-14 19:39:06.426592: E /samgraph/3rdparty/collcachelib/coll_cache_lib/cache_context.cu:2439] Asymm Coll cache (policy: coll_cache_asymm_link) | local 28532607 / 244160499 nodes ( 11.69 %~12.00 %) | remote 164970862 / 244160499 nodes ( 67.57 %) | cpu 50657030 / 244160499 nodes ( 20.75 %) | 42.26 GB | 4.37514 secs 
[2023-04-14 19:39:06.426684: E /samgraph/3rdparty/collcachelib/coll_cache_lib/cache_context.cu:2439] Asymm Coll cache (policy: coll_cache_asymm_link) | local 28079282 / 244160499 nodes ( 11.50 %~12.00 %) | remote 165424187 / 244160499 nodes ( 67.75 %) | cpu 50657030 / 244160499 nodes ( 20.75 %) | 42.26 GB | 4.39363 secs 
[2023-04-14 19:39:06.431415: E /samgraph/3rdparty/collcachelib/coll_cache_lib/cache_context.cu:2439] Asymm Coll cache (policy: coll_cache_asymm_link) | local 27657465 / 244160499 nodes ( 11.33 %~12.00 %) | remote 165846004 / 244160499 nodes ( 67.92 %) | cpu 50657030 / 244160499 nodes ( 20.75 %) | 42.26 GB | 4.3792 secs 
[2023-04-14 19:39:06.436551: E /samgraph/3rdparty/collcachelib/coll_cache_lib/cache_context.cu:2439] Asymm Coll cache (policy: coll_cache_asymm_link) | local 29087407 / 244160499 nodes ( 11.91 %~12.00 %) | remote 164416062 / 244160499 nodes ( 67.34 %) | cpu 50657030 / 244160499 nodes ( 20.75 %) | 42.26 GB | 4.46053 secs 
/usr/local/lib/python3.8/dist-packages/torch/nn/parallel/scatter_gather.py:9: UserWarning: is_namedtuple is deprecated, please use the python checks instead
  warnings.warn("is_namedtuple is deprecated, please use the python checks instead")
/usr/local/lib/python3.8/dist-packages/torch/nn/parallel/scatter_gather.py:9: UserWarning: is_namedtuple is deprecated, please use the python checks instead
  warnings.warn("is_namedtuple is deprecated, please use the python checks instead")
/usr/local/lib/python3.8/dist-packages/torch/nn/parallel/scatter_gather.py:9: UserWarning: is_namedtuple is deprecated, please use the python checks instead
  warnings.warn("is_namedtuple is deprecated, please use the python checks instead")
/usr/local/lib/python3.8/dist-packages/torch/nn/parallel/scatter_gather.py:9: UserWarning: is_namedtuple is deprecated, please use the python checks instead
  warnings.warn("is_namedtuple is deprecated, please use the python checks instead")
/usr/local/lib/python3.8/dist-packages/torch/nn/parallel/scatter_gather.py:9: UserWarning: is_namedtuple is deprecated, please use the python checks instead
  warnings.warn("is_namedtuple is deprecated, please use the python checks instead")
/usr/local/lib/python3.8/dist-packages/torch/nn/parallel/scatter_gather.py:9: UserWarning: is_namedtuple is deprecated, please use the python checks instead
  warnings.warn("is_namedtuple is deprecated, please use the python checks instead")
/usr/local/lib/python3.8/dist-packages/torch/nn/parallel/scatter_gather.py:9: UserWarning: is_namedtuple is deprecated, please use the python checks instead
  warnings.warn("is_namedtuple is deprecated, please use the python checks instead")
/usr/local/lib/python3.8/dist-packages/torch/nn/parallel/scatter_gather.py:9: UserWarning: is_namedtuple is deprecated, please use the python checks instead
  warnings.warn("is_namedtuple is deprecated, please use the python checks instead")
