/usr/lib/python3/dist-packages/requests/__init__.py:89: RequestsDependencyWarning: urllib3 (1.26.12) or chardet (3.0.4) doesn't match a supported version!
  warnings.warn("urllib3 ({}) or chardet ({}) doesn't match a supported "
[W socket.cpp:601] [c10d] The client socket has failed to connect to [localhost]:12335 (errno: 99 - Cannot assign requested address).
Rank=7 done reading 8201045 embedding vectors from file /nvme/songxiaoniu/graph-learning/wholegraph/com_friendster/converted/homograph_csr_row_ptr
Rank=6 done reading 8201046 embedding vectors from file /nvme/songxiaoniu/graph-learning/wholegraph/com_friendster/converted/homograph_csr_row_ptr
Rank=4 done reading 8201046 embedding vectors from file /nvme/songxiaoniu/graph-learning/wholegraph/com_friendster/converted/homograph_csr_row_ptr
Rank=1 done reading 8201046 embedding vectors from file /nvme/songxiaoniu/graph-learning/wholegraph/com_friendster/converted/homograph_csr_row_ptr
Rank=5 done reading 8201046 embedding vectors from file /nvme/songxiaoniu/graph-learning/wholegraph/com_friendster/converted/homograph_csr_row_ptr
Rank=2 done reading 8201046 embedding vectors from file /nvme/songxiaoniu/graph-learning/wholegraph/com_friendster/converted/homograph_csr_row_ptr
Rank=0 done reading 8201046 embedding vectors from file /nvme/songxiaoniu/graph-learning/wholegraph/com_friendster/converted/homograph_csr_row_ptr
Rank=3 done reading 8201046 embedding vectors from file /nvme/songxiaoniu/graph-learning/wholegraph/com_friendster/converted/homograph_csr_row_ptr
Rank=7 done reading 451516782 embedding vectors from file /nvme/songxiaoniu/graph-learning/wholegraph/com_friendster/converted/homograph_csr_col_idx
Rank=6 done reading 451516784 embedding vectors from file /nvme/songxiaoniu/graph-learning/wholegraph/com_friendster/converted/homograph_csr_col_idx
Rank=3 done reading 451516784 embedding vectors from file /nvme/songxiaoniu/graph-learning/wholegraph/com_friendster/converted/homograph_csr_col_idx
Rank=2 done reading 451516784 embedding vectors from file /nvme/songxiaoniu/graph-learning/wholegraph/com_friendster/converted/homograph_csr_col_idx
Rank=1 done reading 451516784 embedding vectors from file /nvme/songxiaoniu/graph-learning/wholegraph/com_friendster/converted/homograph_csr_col_idx
Rank=0 done reading 451516784 embedding vectors from file /nvme/songxiaoniu/graph-learning/wholegraph/com_friendster/converted/homograph_csr_col_idx
Rank=5 done reading 451516784 embedding vectors from file /nvme/songxiaoniu/graph-learning/wholegraph/com_friendster/converted/homograph_csr_col_idx
Rank=4 done reading 451516784 embedding vectors from file /nvme/songxiaoniu/graph-learning/wholegraph/com_friendster/converted/homograph_csr_col_idx
[2023-04-12 03:20:12. 13384: E /samgraph/3rdparty/collcachelib/coll_cache_lib/freq_recorder.cc:337] bulk append 1644015 into 0
[2023-04-12 03:20:12. 20014: E /samgraph/3rdparty/collcachelib/coll_cache_lib/freq_recorder.cc:347] bulk append 3562942
[2023-04-12 03:20:12. 20169: E /samgraph/3rdparty/collcachelib/coll_cache_lib/freq_recorder.cc:337] bulk append 1643685 into 1644015
[2023-04-12 03:20:12. 26388: E /samgraph/3rdparty/collcachelib/coll_cache_lib/freq_recorder.cc:347] bulk append 3555665
[2023-04-12 03:20:12. 26522: E /samgraph/3rdparty/collcachelib/coll_cache_lib/freq_recorder.cc:337] bulk append 1642299 into 3287700
[2023-04-12 03:20:12. 33047: E /samgraph/3rdparty/collcachelib/coll_cache_lib/freq_recorder.cc:347] bulk append 3553063
[2023-04-12 03:20:12. 33184: E /samgraph/3rdparty/collcachelib/coll_cache_lib/freq_recorder.cc:337] bulk append 1643771 into 4929999
[2023-04-12 03:20:12. 39710: E /samgraph/3rdparty/collcachelib/coll_cache_lib/freq_recorder.cc:347] bulk append 3554963
[2023-04-12 03:20:12. 39846: E /samgraph/3rdparty/collcachelib/coll_cache_lib/freq_recorder.cc:337] bulk append 1645670 into 6573770
[2023-04-12 03:20:12. 46393: E /samgraph/3rdparty/collcachelib/coll_cache_lib/freq_recorder.cc:347] bulk append 3558449
[2023-04-12 03:20:12. 46519: E /samgraph/3rdparty/collcachelib/coll_cache_lib/freq_recorder.cc:337] bulk append 1642944 into 8219440
[2023-04-12 03:20:12. 53046: E /samgraph/3rdparty/collcachelib/coll_cache_lib/freq_recorder.cc:347] bulk append 3555169
[2023-04-12 03:20:12. 53172: E /samgraph/3rdparty/collcachelib/coll_cache_lib/freq_recorder.cc:337] bulk append 1642794 into 9862384
[2023-04-12 03:20:12. 59384: E /samgraph/3rdparty/collcachelib/coll_cache_lib/freq_recorder.cc:347] bulk append 3555361
[2023-04-12 03:20:12. 59509: E /samgraph/3rdparty/collcachelib/coll_cache_lib/freq_recorder.cc:337] bulk append 1645195 into 11505178
[2023-04-12 03:20:12. 65748: E /samgraph/3rdparty/collcachelib/coll_cache_lib/freq_recorder.cc:347] bulk append 3560139
[2023-04-12 03:20:12. 65874: E /samgraph/3rdparty/collcachelib/coll_cache_lib/freq_recorder.cc:337] bulk append 1644419 into 13150373
[2023-04-12 03:20:12. 72112: E /samgraph/3rdparty/collcachelib/coll_cache_lib/freq_recorder.cc:347] bulk append 3559582
[2023-04-12 03:20:12. 72231: E /samgraph/3rdparty/collcachelib/coll_cache_lib/freq_recorder.cc:337] bulk append 1644060 into 14794792
[2023-04-12 03:20:12. 78758: E /samgraph/3rdparty/collcachelib/coll_cache_lib/freq_recorder.cc:347] bulk append 3563760
[2023-04-12 03:20:12. 78902: E /samgraph/3rdparty/collcachelib/coll_cache_lib/freq_recorder.cc:337] bulk append 1644519 into 16438852
[2023-04-12 03:20:12. 85181: E /samgraph/3rdparty/collcachelib/coll_cache_lib/freq_recorder.cc:347] bulk append 3562326
[2023-04-12 03:20:12. 85315: E /samgraph/3rdparty/collcachelib/coll_cache_lib/freq_recorder.cc:337] bulk append 1642702 into 18083371
[2023-04-12 03:20:12. 91552: E /samgraph/3rdparty/collcachelib/coll_cache_lib/freq_recorder.cc:347] bulk append 3555482
[2023-04-12 03:20:12. 91688: E /samgraph/3rdparty/collcachelib/coll_cache_lib/freq_recorder.cc:337] bulk append 1642880 into 19726073
[2023-04-12 03:20:12. 97923: E /samgraph/3rdparty/collcachelib/coll_cache_lib/freq_recorder.cc:347] bulk append 3554624
[2023-04-12 03:20:12. 98049: E /samgraph/3rdparty/collcachelib/coll_cache_lib/freq_recorder.cc:337] bulk append 1643126 into 21368953
[2023-04-12 03:20:12.104280: E /samgraph/3rdparty/collcachelib/coll_cache_lib/freq_recorder.cc:347] bulk append 3557841
[2023-04-12 03:20:12.104417: E /samgraph/3rdparty/collcachelib/coll_cache_lib/freq_recorder.cc:337] bulk append 1643546 into 23012079
[2023-04-12 03:20:12.110656: E /samgraph/3rdparty/collcachelib/coll_cache_lib/freq_recorder.cc:347] bulk append 3556964
[2023-04-12 03:20:12.110787: E /samgraph/3rdparty/collcachelib/coll_cache_lib/freq_recorder.cc:337] bulk append 1642961 into 24655625
[2023-04-12 03:20:12.117016: E /samgraph/3rdparty/collcachelib/coll_cache_lib/freq_recorder.cc:347] bulk append 3558221
[2023-04-12 03:20:12.117140: E /samgraph/3rdparty/collcachelib/coll_cache_lib/freq_recorder.cc:337] bulk append 1644914 into 26298586
[2023-04-12 03:20:12.123371: E /samgraph/3rdparty/collcachelib/coll_cache_lib/freq_recorder.cc:347] bulk append 3559832
[2023-04-12 03:20:12.123495: E /samgraph/3rdparty/collcachelib/coll_cache_lib/freq_recorder.cc:337] bulk append 1644408 into 27943500
[2023-04-12 03:20:12.129731: E /samgraph/3rdparty/collcachelib/coll_cache_lib/freq_recorder.cc:347] bulk append 3560768
[2023-04-12 03:20:12.129861: E /samgraph/3rdparty/collcachelib/coll_cache_lib/freq_recorder.cc:337] bulk append 1643392 into 29587908
[2023-04-12 03:20:12.136101: E /samgraph/3rdparty/collcachelib/coll_cache_lib/freq_recorder.cc:347] bulk append 3561694
[2023-04-12 03:20:12.136227: E /samgraph/3rdparty/collcachelib/coll_cache_lib/freq_recorder.cc:337] bulk append 1643384 into 31231300
[2023-04-12 03:20:12.142467: E /samgraph/3rdparty/collcachelib/coll_cache_lib/freq_recorder.cc:347] bulk append 3562637
[2023-04-12 03:20:12.142611: E /samgraph/3rdparty/collcachelib/coll_cache_lib/freq_recorder.cc:337] bulk append 1645598 into 32874684
[2023-04-12 03:20:12.148889: E /samgraph/3rdparty/collcachelib/coll_cache_lib/freq_recorder.cc:347] bulk append 3561740
[2023-04-12 03:20:12.149032: E /samgraph/3rdparty/collcachelib/coll_cache_lib/freq_recorder.cc:337] bulk append 1645447 into 34520282
[2023-04-12 03:20:12.155268: E /samgraph/3rdparty/collcachelib/coll_cache_lib/freq_recorder.cc:347] bulk append 3556400
[2023-04-12 03:20:12.155407: E /samgraph/3rdparty/collcachelib/coll_cache_lib/freq_recorder.cc:337] bulk append 1642934 into 36165729
[2023-04-12 03:20:12.161643: E /samgraph/3rdparty/collcachelib/coll_cache_lib/freq_recorder.cc:347] bulk append 3553326
[2023-04-12 03:20:12.161772: E /samgraph/3rdparty/collcachelib/coll_cache_lib/freq_recorder.cc:337] bulk append 1645003 into 37808663
[2023-04-12 03:20:12.168027: E /samgraph/3rdparty/collcachelib/coll_cache_lib/freq_recorder.cc:347] bulk append 3555175
[2023-04-12 03:20:12.168156: E /samgraph/3rdparty/collcachelib/coll_cache_lib/freq_recorder.cc:337] bulk append 1644119 into 39453666
[2023-04-12 03:20:12.174386: E /samgraph/3rdparty/collcachelib/coll_cache_lib/freq_recorder.cc:347] bulk append 3555450
[2023-04-12 03:20:12.174510: E /samgraph/3rdparty/collcachelib/coll_cache_lib/freq_recorder.cc:337] bulk append 1644856 into 41097785
[2023-04-12 03:20:12.180756: E /samgraph/3rdparty/collcachelib/coll_cache_lib/freq_recorder.cc:347] bulk append 3555414
[2023-04-12 03:20:12.180882: E /samgraph/3rdparty/collcachelib/coll_cache_lib/freq_recorder.cc:337] bulk append 1645475 into 42742641
[2023-04-12 03:20:12.187102: E /samgraph/3rdparty/collcachelib/coll_cache_lib/freq_recorder.cc:347] bulk append 3561395
[2023-04-12 03:20:12.187222: E /samgraph/3rdparty/collcachelib/coll_cache_lib/freq_recorder.cc:337] bulk append 1647256 into 44388116
[2023-04-12 03:20:12.193477: E /samgraph/3rdparty/collcachelib/coll_cache_lib/freq_recorder.cc:347] bulk append 3565306
[2023-04-12 03:20:12.193600: E /samgraph/3rdparty/collcachelib/coll_cache_lib/freq_recorder.cc:337] bulk append 1644833 into 46035372
[2023-04-12 03:20:12.199852: E /samgraph/3rdparty/collcachelib/coll_cache_lib/freq_recorder.cc:347] bulk append 3557882
[2023-04-12 03:20:12.199985: E /samgraph/3rdparty/collcachelib/coll_cache_lib/freq_recorder.cc:337] bulk append 1644340 into 47680205
[2023-04-12 03:20:12.206224: E /samgraph/3rdparty/collcachelib/coll_cache_lib/freq_recorder.cc:347] bulk append 3561432
[2023-04-12 03:20:12.206359: E /samgraph/3rdparty/collcachelib/coll_cache_lib/freq_recorder.cc:337] bulk append 1646052 into 49324545
[2023-04-12 03:20:12.212682: E /samgraph/3rdparty/collcachelib/coll_cache_lib/freq_recorder.cc:347] bulk append 3569156
[2023-04-12 03:20:12.212835: E /samgraph/3rdparty/collcachelib/coll_cache_lib/freq_recorder.cc:337] bulk append 1643593 into 50970597
[2023-04-12 03:20:12.219094: E /samgraph/3rdparty/collcachelib/coll_cache_lib/freq_recorder.cc:347] bulk append 3558193
[2023-04-12 03:20:12.219224: E /samgraph/3rdparty/collcachelib/coll_cache_lib/freq_recorder.cc:337] bulk append 1643158 into 52614190
[2023-04-12 03:20:12.225473: E /samgraph/3rdparty/collcachelib/coll_cache_lib/freq_recorder.cc:347] bulk append 3556716
[2023-04-12 03:20:12.225600: E /samgraph/3rdparty/collcachelib/coll_cache_lib/freq_recorder.cc:337] bulk append 1645122 into 54257348
[2023-04-12 03:20:12.231874: E /samgraph/3rdparty/collcachelib/coll_cache_lib/freq_recorder.cc:347] bulk append 3557767
[2023-04-12 03:20:12.232005: E /samgraph/3rdparty/collcachelib/coll_cache_lib/freq_recorder.cc:337] bulk append 1644924 into 55902470
[2023-04-12 03:20:12.238260: E /samgraph/3rdparty/collcachelib/coll_cache_lib/freq_recorder.cc:347] bulk append 3560171
[2023-04-12 03:20:12.238388: E /samgraph/3rdparty/collcachelib/coll_cache_lib/freq_recorder.cc:337] bulk append 1643728 into 57547394
[2023-04-12 03:20:12.244632: E /samgraph/3rdparty/collcachelib/coll_cache_lib/freq_recorder.cc:347] bulk append 3560361
[2023-04-12 03:20:12.244767: E /samgraph/3rdparty/collcachelib/coll_cache_lib/freq_recorder.cc:337] bulk append 1644127 into 59191122
[2023-04-12 03:20:12.251015: E /samgraph/3rdparty/collcachelib/coll_cache_lib/freq_recorder.cc:347] bulk append 3559999
[2023-04-12 03:20:12.251147: E /samgraph/3rdparty/collcachelib/coll_cache_lib/freq_recorder.cc:337] bulk append 1646228 into 60835249
[2023-04-12 03:20:12.257395: E /samgraph/3rdparty/collcachelib/coll_cache_lib/freq_recorder.cc:347] bulk append 3563961
[2023-04-12 03:20:12.257540: E /samgraph/3rdparty/collcachelib/coll_cache_lib/freq_recorder.cc:337] bulk append 1642647 into 62481477
[2023-04-12 03:20:12.263779: E /samgraph/3rdparty/collcachelib/coll_cache_lib/freq_recorder.cc:347] bulk append 3559225
[2023-04-12 03:20:12.263907: E /samgraph/3rdparty/collcachelib/coll_cache_lib/freq_recorder.cc:337] bulk append 1643628 into 64124124
[2023-04-12 03:20:12.270163: E /samgraph/3rdparty/collcachelib/coll_cache_lib/freq_recorder.cc:347] bulk append 3564825
[2023-04-12 03:20:12.270310: E /samgraph/3rdparty/collcachelib/coll_cache_lib/freq_recorder.cc:337] bulk append 1647402 into 65767752
[2023-04-12 03:20:12.276644: E /samgraph/3rdparty/collcachelib/coll_cache_lib/freq_recorder.cc:347] bulk append 3576406
[2023-04-12 03:20:12.276801: E /samgraph/3rdparty/collcachelib/coll_cache_lib/freq_recorder.cc:337] bulk append 1645910 into 67415154
[2023-04-12 03:20:12.283039: E /samgraph/3rdparty/collcachelib/coll_cache_lib/freq_recorder.cc:347] bulk append 3569529
[2023-04-12 03:20:12.283178: E /samgraph/3rdparty/collcachelib/coll_cache_lib/freq_recorder.cc:337] bulk append 1645520 into 69061064
[2023-04-12 03:20:12.289416: E /samgraph/3rdparty/collcachelib/coll_cache_lib/freq_recorder.cc:347] bulk append 3566594
[2023-04-12 03:20:12.289553: E /samgraph/3rdparty/collcachelib/coll_cache_lib/freq_recorder.cc:337] bulk append 1647626 into 70706584
[2023-04-12 03:20:12.295791: E /samgraph/3rdparty/collcachelib/coll_cache_lib/freq_recorder.cc:347] bulk append 3573572
[2023-04-12 03:20:12.295919: E /samgraph/3rdparty/collcachelib/coll_cache_lib/freq_recorder.cc:337] bulk append 1648357 into 72354210
[2023-04-12 03:20:12.302159: E /samgraph/3rdparty/collcachelib/coll_cache_lib/freq_recorder.cc:347] bulk append 3574710
[2023-04-12 03:20:12.302298: E /samgraph/3rdparty/collcachelib/coll_cache_lib/freq_recorder.cc:337] bulk append 1646731 into 74002567
[2023-04-12 03:20:12.308543: E /samgraph/3rdparty/collcachelib/coll_cache_lib/freq_recorder.cc:347] bulk append 3570723
[2023-04-12 03:20:12.308677: E /samgraph/3rdparty/collcachelib/coll_cache_lib/freq_recorder.cc:337] bulk append 1649680 into 75649298
[2023-04-12 03:20:12.314931: E /samgraph/3rdparty/collcachelib/coll_cache_lib/freq_recorder.cc:347] bulk append 3576009
[2023-04-12 03:20:12.315061: E /samgraph/3rdparty/collcachelib/coll_cache_lib/freq_recorder.cc:337] bulk append 1648507 into 77298978
[2023-04-12 03:20:12.321298: E /samgraph/3rdparty/collcachelib/coll_cache_lib/freq_recorder.cc:347] bulk append 3578191
[2023-04-12 03:20:12.321427: E /samgraph/3rdparty/collcachelib/coll_cache_lib/freq_recorder.cc:337] bulk append 1648456 into 78947485
[2023-04-12 03:20:12.327670: E /samgraph/3rdparty/collcachelib/coll_cache_lib/freq_recorder.cc:347] bulk append 3578132
[2023-04-12 03:20:12.327806: E /samgraph/3rdparty/collcachelib/coll_cache_lib/freq_recorder.cc:337] bulk append 1647401 into 80595941
[2023-04-12 03:20:12.334068: E /samgraph/3rdparty/collcachelib/coll_cache_lib/freq_recorder.cc:347] bulk append 3576094
[2023-04-12 03:20:12.334211: E /samgraph/3rdparty/collcachelib/coll_cache_lib/freq_recorder.cc:337] bulk append 1649437 into 82243342
[2023-04-12 03:20:12.340527: E /samgraph/3rdparty/collcachelib/coll_cache_lib/freq_recorder.cc:347] bulk append 3577182
[2023-04-12 03:20:12.340681: E /samgraph/3rdparty/collcachelib/coll_cache_lib/freq_recorder.cc:337] bulk append 1647934 into 83892779
[2023-04-12 03:20:12.346946: E /samgraph/3rdparty/collcachelib/coll_cache_lib/freq_recorder.cc:347] bulk append 3570857
[2023-04-12 03:20:12.347090: E /samgraph/3rdparty/collcachelib/coll_cache_lib/freq_recorder.cc:337] bulk append 1648239 into 85540713
[2023-04-12 03:20:12.353351: E /samgraph/3rdparty/collcachelib/coll_cache_lib/freq_recorder.cc:347] bulk append 3569422
[2023-04-12 03:20:12.353487: E /samgraph/3rdparty/collcachelib/coll_cache_lib/freq_recorder.cc:337] bulk append 1645732 into 87188952
[2023-04-12 03:20:12.359744: E /samgraph/3rdparty/collcachelib/coll_cache_lib/freq_recorder.cc:347] bulk append 3566474
[2023-04-12 03:20:12.359891: E /samgraph/3rdparty/collcachelib/coll_cache_lib/freq_recorder.cc:337] bulk append 1649405 into 88834684
[2023-04-12 03:20:12.366159: E /samgraph/3rdparty/collcachelib/coll_cache_lib/freq_recorder.cc:347] bulk append 3575520
[2023-04-12 03:20:12.366301: E /samgraph/3rdparty/collcachelib/coll_cache_lib/freq_recorder.cc:337] bulk append 1648396 into 90484089
[2023-04-12 03:20:12.372572: E /samgraph/3rdparty/collcachelib/coll_cache_lib/freq_recorder.cc:347] bulk append 3572726
[2023-04-12 03:20:12.372714: E /samgraph/3rdparty/collcachelib/coll_cache_lib/freq_recorder.cc:337] bulk append 1648466 into 92132485
[2023-04-12 03:20:12.378973: E /samgraph/3rdparty/collcachelib/coll_cache_lib/freq_recorder.cc:347] bulk append 3572391
[2023-04-12 03:20:12.379108: E /samgraph/3rdparty/collcachelib/coll_cache_lib/freq_recorder.cc:337] bulk append 1650146 into 93780951
[2023-04-12 03:20:12.385375: E /samgraph/3rdparty/collcachelib/coll_cache_lib/freq_recorder.cc:347] bulk append 3578049
[2023-04-12 03:20:12.385516: E /samgraph/3rdparty/collcachelib/coll_cache_lib/freq_recorder.cc:337] bulk append 1649419 into 95431097
[2023-04-12 03:20:12.391793: E /samgraph/3rdparty/collcachelib/coll_cache_lib/freq_recorder.cc:347] bulk append 3577339
[2023-04-12 03:20:12.391931: E /samgraph/3rdparty/collcachelib/coll_cache_lib/freq_recorder.cc:337] bulk append 1648416 into 97080516
[2023-04-12 03:20:12.398196: E /samgraph/3rdparty/collcachelib/coll_cache_lib/freq_recorder.cc:347] bulk append 3573675
[2023-04-12 03:20:12.398349: E /samgraph/3rdparty/collcachelib/coll_cache_lib/freq_recorder.cc:337] bulk append 1650790 into 98728932
[2023-04-12 03:20:12.404688: E /samgraph/3rdparty/collcachelib/coll_cache_lib/freq_recorder.cc:347] bulk append 3584154
[2023-04-12 03:20:12.404828: E /samgraph/3rdparty/collcachelib/coll_cache_lib/freq_recorder.cc:337] bulk append 1650080 into 100379722
[2023-04-12 03:20:12.411112: E /samgraph/3rdparty/collcachelib/coll_cache_lib/freq_recorder.cc:347] bulk append 3576637
[2023-04-12 03:20:12.411251: E /samgraph/3rdparty/collcachelib/coll_cache_lib/freq_recorder.cc:337] bulk append 1649064 into 102029802
[2023-04-12 03:20:12.417576: E /samgraph/3rdparty/collcachelib/coll_cache_lib/freq_recorder.cc:347] bulk append 3575058
[2023-04-12 03:20:12.417704: E /samgraph/3rdparty/collcachelib/coll_cache_lib/freq_recorder.cc:337] bulk append 1650860 into 103678866
[2023-04-12 03:20:12.423991: E /samgraph/3rdparty/collcachelib/coll_cache_lib/freq_recorder.cc:347] bulk append 3577421
[2023-04-12 03:20:12.424118: E /samgraph/3rdparty/collcachelib/coll_cache_lib/freq_recorder.cc:337] bulk append 1650330 into 105329726
[2023-04-12 03:20:12.430397: E /samgraph/3rdparty/collcachelib/coll_cache_lib/freq_recorder.cc:347] bulk append 3579577
[2023-04-12 03:20:12.430523: E /samgraph/3rdparty/collcachelib/coll_cache_lib/freq_recorder.cc:337] bulk append 1650762 into 106980056
[2023-04-12 03:20:12.436822: E /samgraph/3rdparty/collcachelib/coll_cache_lib/freq_recorder.cc:347] bulk append 3580707
[2023-04-12 03:20:12.436959: E /samgraph/3rdparty/collcachelib/coll_cache_lib/freq_recorder.cc:337] bulk append 1651159 into 108630818
[2023-04-12 03:20:12.443250: E /samgraph/3rdparty/collcachelib/coll_cache_lib/freq_recorder.cc:347] bulk append 3582098
[2023-04-12 03:20:12.443391: E /samgraph/3rdparty/collcachelib/coll_cache_lib/freq_recorder.cc:337] bulk append 1651842 into 110281977
[2023-04-12 03:20:12.449693: E /samgraph/3rdparty/collcachelib/coll_cache_lib/freq_recorder.cc:347] bulk append 3582288
[2023-04-12 03:20:12.449823: E /samgraph/3rdparty/collcachelib/coll_cache_lib/freq_recorder.cc:337] bulk append 1651087 into 111933819
[2023-04-12 03:20:12.456109: E /samgraph/3rdparty/collcachelib/coll_cache_lib/freq_recorder.cc:347] bulk append 3584464
[2023-04-12 03:20:12.456244: E /samgraph/3rdparty/collcachelib/coll_cache_lib/freq_recorder.cc:337] bulk append 1649831 into 113584906
[2023-04-12 03:20:12.462529: E /samgraph/3rdparty/collcachelib/coll_cache_lib/freq_recorder.cc:347] bulk append 3580867
[2023-04-12 03:20:12.462696: E /samgraph/3rdparty/collcachelib/coll_cache_lib/freq_recorder.cc:337] bulk append 1645734 into 115234737
[2023-04-12 03:20:12.469006: E /samgraph/3rdparty/collcachelib/coll_cache_lib/freq_recorder.cc:347] bulk append 3569060
[2023-04-12 03:20:12.469148: E /samgraph/3rdparty/collcachelib/coll_cache_lib/freq_recorder.cc:337] bulk append 1644086 into 116880471
[2023-04-12 03:20:12.475402: E /samgraph/3rdparty/collcachelib/coll_cache_lib/freq_recorder.cc:347] bulk append 3560205
[2023-04-12 03:20:12.475539: E /samgraph/3rdparty/collcachelib/coll_cache_lib/freq_recorder.cc:337] bulk append 1644194 into 118524557
[2023-04-12 03:20:12.481797: E /samgraph/3rdparty/collcachelib/coll_cache_lib/freq_recorder.cc:347] bulk append 3558806
[2023-04-12 03:20:12.481940: E /samgraph/3rdparty/collcachelib/coll_cache_lib/freq_recorder.cc:337] bulk append 1644368 into 120168751
[2023-04-12 03:20:12.488194: E /samgraph/3rdparty/collcachelib/coll_cache_lib/freq_recorder.cc:347] bulk append 3562294
[2023-04-12 03:20:12.488335: E /samgraph/3rdparty/collcachelib/coll_cache_lib/freq_recorder.cc:337] bulk append 1643214 into 121813119
[2023-04-12 03:20:12.494581: E /samgraph/3rdparty/collcachelib/coll_cache_lib/freq_recorder.cc:347] bulk append 3561134
[2023-04-12 03:20:12.494711: E /samgraph/3rdparty/collcachelib/coll_cache_lib/freq_recorder.cc:337] bulk append 1642921 into 123456333
[2023-04-12 03:20:12.500972: E /samgraph/3rdparty/collcachelib/coll_cache_lib/freq_recorder.cc:347] bulk append 3558875
[2023-04-12 03:20:12.501113: E /samgraph/3rdparty/collcachelib/coll_cache_lib/freq_recorder.cc:337] bulk append 1645000 into 125099254
[2023-04-12 03:20:12.507368: E /samgraph/3rdparty/collcachelib/coll_cache_lib/freq_recorder.cc:347] bulk append 3561515
[2023-04-12 03:20:12.507501: E /samgraph/3rdparty/collcachelib/coll_cache_lib/freq_recorder.cc:337] bulk append 1647785 into 126744254
[2023-04-12 03:20:12.513773: E /samgraph/3rdparty/collcachelib/coll_cache_lib/freq_recorder.cc:347] bulk append 3569873
[2023-04-12 03:20:12.513904: E /samgraph/3rdparty/collcachelib/coll_cache_lib/freq_recorder.cc:337] bulk append 1645812 into 128392039
[2023-04-12 03:20:12.520156: E /samgraph/3rdparty/collcachelib/coll_cache_lib/freq_recorder.cc:347] bulk append 3565653
[2023-04-12 03:20:12.520299: E /samgraph/3rdparty/collcachelib/coll_cache_lib/freq_recorder.cc:337] bulk append 1645216 into 130037851
[2023-04-12 03:20:12.526557: E /samgraph/3rdparty/collcachelib/coll_cache_lib/freq_recorder.cc:347] bulk append 3566100
[2023-04-12 03:20:12.526693: E /samgraph/3rdparty/collcachelib/coll_cache_lib/freq_recorder.cc:266] freq recorder global combining
[[[[2023-04-12 03:20:12[2023-04-12 03:20:12[[2023-04-12 03:20:122023-04-12 03:20:12.2023-04-12 03:20:12.2023-04-12 03:20:122023-04-12 03:20:12..526741.526740..526741526742: 526743: 526745526749: : E: E: : EE E EE  /samgraph/3rdparty/collcachelib/coll_cache_lib/run_config.cc /samgraph/3rdparty/collcachelib/coll_cache_lib/run_config.cc  /samgraph/3rdparty/collcachelib/coll_cache_lib/run_config.cc/samgraph/3rdparty/collcachelib/coll_cache_lib/run_config.cc:/samgraph/3rdparty/collcachelib/coll_cache_lib/run_config.cc:/samgraph/3rdparty/collcachelib/coll_cache_lib/run_config.cc/samgraph/3rdparty/collcachelib/coll_cache_lib/run_config.cc::140:140::140140] 140] 140140] ] using concurrent impl MPSPhase] using concurrent impl MPSPhase] ] using concurrent impl MPSPhaseusing concurrent impl MPSPhase
using concurrent impl MPSPhase
using concurrent impl MPSPhaseusing concurrent impl MPSPhase


[
[
[2023-04-12 03:20:12[2023-04-12 03:20:12[2023-04-12 03:20:12.2023-04-12 03:20:12[[.2023-04-12 03:20:12.526879.2023-04-12 03:20:122023-04-12 03:20:12526882.526877: 526883..: 526886: E: 526888526891E: E E: :  E /samgraph/3rdparty/collcachelib/coll_cache_lib/facade.cc EE/samgraph/3rdparty/collcachelib/coll_cache_lib/facade.cc /samgraph/3rdparty/collcachelib/coll_cache_lib/facade.cc:/samgraph/3rdparty/collcachelib/coll_cache_lib/facade.cc  :/samgraph/3rdparty/collcachelib/coll_cache_lib/facade.cc:409:/samgraph/3rdparty/collcachelib/coll_cache_lib/facade.cc/samgraph/3rdparty/collcachelib/coll_cache_lib/facade.cc409:409] 409::] 409] before scale, dtype is 0, dim is 256] 409409before scale, dtype is 0, dim is 256] before scale, dtype is 0, dim is 256
before scale, dtype is 0, dim is 256] ] 
before scale, dtype is 0, dim is 256

before scale, dtype is 0, dim is 256before scale, dtype is 0, dim is 256[
[
[[
2023-04-12 03:20:122023-04-12 03:20:12[2023-04-12 03:20:122023-04-12 03:20:12[..[2023-04-12 03:20:12..2023-04-12 03:20:125270105270152023-04-12 03:20:12.527018527019.: : .527026: : 527029EE527033: EE:   : E  E/samgraph/3rdparty/collcachelib/coll_cache_lib/facade.cc/samgraph/3rdparty/collcachelib/coll_cache_lib/facade.ccE /samgraph/3rdparty/collcachelib/coll_cache_lib/facade.cc/samgraph/3rdparty/collcachelib/coll_cache_lib/facade.cc :: /samgraph/3rdparty/collcachelib/coll_cache_lib/facade.cc::/samgraph/3rdparty/collcachelib/coll_cache_lib/facade.cc415415/samgraph/3rdparty/collcachelib/coll_cache_lib/facade.cc:415415:] ] :415] ] 415after scale, dtype is 7, new dim is 64after scale, dtype is 7, new dim is 64415] after scale, dtype is 7, new dim is 64after scale, dtype is 7, new dim is 64] 

] after scale, dtype is 7, new dim is 64

after scale, dtype is 7, new dim is 64after scale, dtype is 7, new dim is 64


[2023-04-12 03:20:12.528675: E /samgraph/3rdparty/collcachelib/coll_cache_lib/coll_cache/asymm_link_desc.cc:201] assigning 10 to cpu
[2023-04-12 03:20:12.528728: E /samgraph/3rdparty/collcachelib/coll_cache_lib/coll_cache/asymm_link_desc.cc:218] build symm link desc with 8X NVIDIA A100-SXM4-80GB out of 8
[2023-04-12 03:20:12.528754: [E2023-04-12 03:20:12 ./samgraph/3rdparty/collcachelib/coll_cache_lib/coll_cache/asymm_link_desc.cc528759:: 201E]  assigning 10 to cpu/samgraph/3rdparty/collcachelib/coll_cache_lib/coll_cache/asymm_link_desc.cc
:219] remote time is 24.3333
[2023-04-12 03:20:12.528778: E /samgraph/3rdparty/collcachelib/coll_cache_lib/coll_cache/asymm_link_desc.cc:220] cpu time is 91.25
[2023-04-12 03:20:12.[5288052023-04-12 03:20:12: .E528805 : /samgraph/3rdparty/collcachelib/coll_cache_lib/facade.ccE: 425/samgraph/3rdparty/collcachelib/coll_cache_lib/coll_cache/asymm_link_desc.cc] :registering cpu data with 16.00 GB218
] build symm link desc with 8X NVIDIA A100-SXM4-80GB out of 8
[2023-04-12 03:20:12.528834: E /samgraph/3rdparty/collcachelib/coll_cache_lib/coll_cache/asymm_link_desc.cc:219] remote time is 24.3333
[2023-04-12 03:20:12.528844: E /samgraph/3rdparty/collcachelib/coll_cache_lib/coll_cache/asymm_link_desc.cc:220] cpu time is 91.25
[2023-04-12 03:20:12.528870: E /samgraph/3rdparty/collcachelib/coll_cache_lib/facade.cc:425] registering cpu data with 16.00 GB
[2023-04-12 03:20:12.528886: E /samgraph/3rdparty/collcachelib/coll_cache_lib/coll_cache/asymm_link_desc.cc:201] assigning 10 to cpu
[2023-04-12 03:20:12.528957: E /samgraph/3rdparty/collcachelib/coll_cache_lib/coll_cache/asymm_link_desc.cc:218] build symm link desc with 8X NVIDIA A100-SXM4-80GB out of 8
[2023-04-12 03:20:12.528975: E /samgraph/3rdparty/collcachelib/coll_cache_lib/coll_cache/asymm_link_desc.cc:219] remote time is 24.3333
[2023-04-12 03:20:12.528985: E /samgraph/3rdparty/collcachelib/coll_cache_lib/coll_cache/asymm_link_desc.cc:220] cpu time is 91.25
[2023-04-12 03:20:12.529010: E /samgraph/3rdparty/collcachelib/coll_cache_lib/facade.cc:425] registering cpu data with 16.00 GB
[2023-04-12 03:20:12.529386: E /samgraph/3rdparty/collcachelib/coll_cache_lib/coll_cache/asymm_link_desc.cc:201] assigning 10 to cpu
[2023-04-12 03:20:12.529428: E /samgraph/3rdparty/collcachelib/coll_cache_lib/coll_cache/asymm_link_desc.cc:218] build symm link desc with 8X NVIDIA A100-SXM4-80GB out of 8
[2023-04-12 03:20:12.529448: E /samgraph/3rdparty/collcachelib/coll_cache_lib/coll_cache/asymm_link_desc.cc:219] remote time is 24.3333
[2023-04-12 03:20:12.529459: E /samgraph/3rdparty/collcachelib/coll_cache_lib/coll_cache/asymm_link_desc.cc:220] cpu time is 91.25
[2023-04-12 03:20:12.529484: E /samgraph/3rdparty/collcachelib/coll_cache_lib/facade.cc:425] registering cpu data with 16.00 GB
[2023-04-12 03:20:12.529809: E /samgraph/3rdparty/collcachelib/coll_cache_lib/coll_cache/asymm_link_desc.cc:201] assigning 10 to cpu
[2023-04-12 03:20:12.529851: E /samgraph/3rdparty/collcachelib/coll_cache_lib/coll_cache/asymm_link_desc.cc:218] build symm link desc with 8X NVIDIA A100-SXM4-80GB out of 8
[2023-04-12 03:20:12.529870: E /samgraph/3rdparty/collcachelib/coll_cache_lib/coll_cache/asymm_link_desc.cc:219] remote time is 24.3333
[2023-04-12 03:20:12.529881[: 2023-04-12 03:20:12E. 529881/samgraph/3rdparty/collcachelib/coll_cache_lib/coll_cache/asymm_link_desc.cc: :E220 ] /samgraph/3rdparty/collcachelib/coll_cache_lib/coll_cache/asymm_link_desc.cccpu time is 91.25:
201] assigning 10 to cpu
[2023-04-12 03:20:12.529912: E /samgraph/3rdparty/collcachelib/coll_cache_lib/facade.cc:425] registering cpu data with 16.00 GB
[2023-04-12 03:20:12.529939: E /samgraph/3rdparty/collcachelib/coll_cache_lib/coll_cache/asymm_link_desc.cc:218] build symm link desc with 8X NVIDIA A100-SXM4-80GB out of 8
[2023-04-12 03:20:12.529955: E /samgraph/3rdparty/collcachelib/coll_cache_lib/coll_cache/asymm_link_desc.cc:219] remote time is 24.3333
[2023-04-12 03:20:12.529966: E /samgraph/3rdparty/collcachelib/coll_cache_lib/coll_cache/asymm_link_desc.cc:220] cpu time is 91.25
[2023-04-12 03:20:12.529990: E /samgraph/3rdparty/collcachelib/coll_cache_lib/facade.cc:425] registering cpu data with 16.00 GB
[2023-04-12 03:20:12.530082: E /samgraph/3rdparty/collcachelib/coll_cache_lib/coll_cache/asymm_link_desc.cc:201] assigning 10 to cpu
[2023-04-12 03:20:12.530128: E /samgraph/3rdparty/collcachelib/coll_cache_lib/coll_cache/asymm_link_desc.cc:218] build symm link desc with 8X NVIDIA A100-SXM4-80GB out of 8
[2023-04-12 03:20:12.530144: E /samgraph/3rdparty/collcachelib/coll_cache_lib/coll_cache/asymm_link_desc.cc:219] remote time is 24.3333
[2023-04-12 03:20:12.530155: E /samgraph/3rdparty/collcachelib/coll_cache_lib/coll_cache/asymm_link_desc.cc:220] cpu time is 91.25
[2023-04-12 03:20:12.530179: E /samgraph/3rdparty/collcachelib/coll_cache_lib/facade.cc:425] registering cpu data with 16.00 GB
[2023-04-12 03:20:15.496613: E /samgraph/3rdparty/collcachelib/coll_cache_lib/facade.cc:427] registering cpu data done.
[2023-04-12 03:20:15.497229: E /samgraph/3rdparty/collcachelib/coll_cache_lib/facade.cc:427] registering cpu data done.
[2023-04-12 03:20:15.497723: E /samgraph/3rdparty/collcachelib/coll_cache_lib/facade.cc:427] registering cpu data done.
[2023-04-12 03:20:15.497799: E /samgraph/3rdparty/collcachelib/coll_cache_lib/facade.cc:427] registering cpu data done.
[2023-04-12 03:20:15.498070: E /samgraph/3rdparty/collcachelib/coll_cache_lib/facade.cc:427] registering cpu data done.
[2023-04-12 03:20:15.503805: E /samgraph/3rdparty/collcachelib/coll_cache_lib/facade.cc:427] registering cpu data done.
[2023-04-12 03:20:15.506802: E /samgraph/3rdparty/collcachelib/coll_cache_lib/facade.cc:427] registering cpu data done.
[2023-04-12 03:20:16.962816: E /samgraph/3rdparty/collcachelib/coll_cache_lib/freq_recorder.cc:269] freq recorder global combine from 131683067 to 37603936
[2023-04-12 03:20:20.368302: E /samgraph/3rdparty/collcachelib/coll_cache_lib/freq_recorder.cc:286] top 5 freq is 207,207,205,204,203
[2023-04-12 03:20:20.368451: E /samgraph/3rdparty/collcachelib/coll_cache_lib/run_config.cc:140] using concurrent impl MPSPhase
[2023-04-12 03:20:20.368470: E /samgraph/3rdparty/collcachelib/coll_cache_lib/facade.cc:409] before scale, dtype is 0, dim is 256
[2023-04-12 03:20:20.368483: E /samgraph/3rdparty/collcachelib/coll_cache_lib/facade.cc:415] after scale, dtype is 7, new dim is 64
[2023-04-12 03:20:20.369642: E /samgraph/3rdparty/collcachelib/coll_cache_lib/coll_cache/asymm_link_desc.cc:201] assigning 10 to cpu
[2023-04-12 03:20:20.369692: E /samgraph/3rdparty/collcachelib/coll_cache_lib/coll_cache/asymm_link_desc.cc:218] build symm link desc with 8X NVIDIA A100-SXM4-80GB out of 8
[2023-04-12 03:20:20.369720: E /samgraph/3rdparty/collcachelib/coll_cache_lib/coll_cache/asymm_link_desc.cc:219] remote time is 24.3333
[2023-04-12 03:20:20.369747: E /samgraph/3rdparty/collcachelib/coll_cache_lib/coll_cache/asymm_link_desc.cc:220] cpu time is 91.25
[2023-04-12 03:20:20.369792: E /samgraph/3rdparty/collcachelib/coll_cache_lib/facade.cc:425] registering cpu data with 16.00 GB
[2023-04-12 03:20:21.152303: E /samgraph/3rdparty/collcachelib/coll_cache_lib/facade.cc:427] registering cpu data done.
[2023-04-12 03:20:21.152369: E /samgraph/3rdparty/collcachelib/coll_cache_lib/facade.cc:174] creating solver
[2023-04-12 03:20:21.152380: E /samgraph/3rdparty/collcachelib/coll_cache_lib/facade.cc:214] solver created. now build & solve
[2023-04-12 03:20:21.345396: E /samgraph/3rdparty/collcachelib/coll_cache_lib/facade.cc:218] solver built. now solve
block 0 storage is 00000001
	access is	0	0	0	0	0	0	0	0	
block 1 storage is 00000010
	access is	1	1	1	1	1	1	1	1	
block 2 storage is 00000100
	access is	2	2	2	2	2	2	2	2	
block 3 storage is 00001000
	access is	3	3	3	3	3	3	3	3	
block 4 storage is 00010000
	access is	4	4	4	4	4	4	4	4	
block 5 storage is 00100000
	access is	5	5	5	5	5	5	5	5	
block 6 storage is 01000000
	access is	6	6	6	6	6	6	6	6	
block 7 storage is 10000000
	access is	7	7	7	7	7	7	7	7	
block 8 storage is 00000000
	access is	8	8	8	8	8	8	8	8	
[2023-04-12 03:20:21.460373: E /samgraph/3rdparty/collcachelib/coll_cache_lib/facade.cc:222] solver solved
[2023-04-12 03:20:21.461471: E /samgraph/3rdparty/collcachelib/coll_cache_lib/facade.cc:437] 0 solved master
[2023-04-12 03:20:21.461493: E /samgraph/3rdparty/collcachelib/coll_cache_lib/facade.cc:444] 0 solved
[2023-04-12 03:20:21.461503: E /samgraph/3rdparty/collcachelib/coll_cache_lib/facade.cc:447] worker 0 thread 0 initing device 0
[2023-04-12 03:20:21.462114: E /samgraph/3rdparty/collcachelib/coll_cache_lib/cache_context.cu:2308] Building Coll Cache with ... num gpu device is 8
[2023-04-12 03:20:21.463122: E /samgraph/3rdparty/collcachelib/coll_cache_lib/cuda/cache_hashtable.cuh:611] per src size local is 2886867
[2023-04-12 03:20:21.469602: E /samgraph/3rdparty/collcachelib/coll_cache_lib/facade.cc:444] 3 solved
[2023-04-12 03:20:21.469677: E /samgraph/3rdparty/collcachelib/coll_cache_lib/facade.cc:447] worker 0 thread 3 initing device 3
[[2023-04-12 03:20:21.469730: E 2023-04-12 03:20:21/samgraph/3rdparty/collcachelib/coll_cache_lib/facade.cc.:469727444: ] E 2 solved/samgraph/3rdparty/collcachelib/coll_cache_lib/facade.cc
:444] 7 solved[
2023-04-12 03:20:21.469797: E /samgraph/3rdparty/collcachelib/coll_cache_lib/facade.cc[:2023-04-12 03:20:21447.] 469805worker 0 thread 2 initing device 2: 
E /samgraph/3rdparty/collcachelib/coll_cache_lib/facade.cc:447] worker 0 thread 7 initing device 7
[2023-04-12 03:20:21.470244: E /samgraph/3rdparty/collcachelib/coll_cache_lib/cache_context.cu:2308] Building Coll Cache with ... num gpu device is 8
[2023-04-12 03:20:21.473577: E /samgraph/3rdparty/collcachelib/coll_cache_lib/facade.cc:444] 5 solved
[2023-04-12 03:20:21.473642: E /samgraph/3rdparty/collcachelib/coll_cache_lib/facade.cc:447] worker 0 thread 5 initing device 5
[2023-04-12 03:20:21.474022: E /samgraph/3rdparty/collcachelib/coll_cache_lib/cache_context.cu:2308] Building Coll Cache with ... num gpu device is 8
[2023-04-12 03:20:21.480640: E /samgraph/3rdparty/collcachelib/coll_cache_lib/facade.cc:444] 1 solved
[2023-04-12 03:20:21.480702: E /samgraph/3rdparty/collcachelib/coll_cache_lib/facade.cc:447] worker 0 thread 1 initing device 1
[2023-04-12 03:20:21.480730: E /samgraph/3rdparty/collcachelib/coll_cache_lib/facade.cc:444] 6 solved
[2023-04-12 03:20:21.480790: E /samgraph/3rdparty/collcachelib/coll_cache_lib/facade.cc:447] worker 0 thread 6 initing device 6
[2023-04-12 03:20:21.481137: E /samgraph/3rdparty/collcachelib/coll_cache_lib/cache_context.cu:2308] Building Coll Cache with ... num gpu device is 8
[2023-04-12 03:20:21.481233: E /samgraph/3rdparty/collcachelib/coll_cache_lib/cache_context.cu:2308] Building Coll Cache with ... num gpu device is 8
[2023-04-12 03:20:21.[491958: 2023-04-12 03:20:21E. 491966/samgraph/3rdparty/collcachelib/coll_cache_lib/cache_context.cu: :E2308 ] /samgraph/3rdparty/collcachelib/coll_cache_lib/cache_context.cuBuilding Coll Cache with ... num gpu device is 8:
2308] Building Coll Cache with ... num gpu device is 8
[2023-04-12 03:20:21.500859: E /samgraph/3rdparty/collcachelib/coll_cache_lib/facade.cc:444] 4 solved
[2023-04-12 03:20:21.500949: E /samgraph/3rdparty/collcachelib/coll_cache_lib/facade.cc:447] worker 0 thread 4 initing device 4
[2023-04-12 03:20:21.501845: E /samgraph/3rdparty/collcachelib/coll_cache_lib/cache_context.cu:2308] Building Coll Cache with ... num gpu device is 8
[2023-04-12 03:20:21.561801: E /samgraph/3rdparty/collcachelib/coll_cache_lib/cache_context.cu:2350] num cpu nodes is 44613694
[2023-04-12 03:20:21.577391: E /samgraph/3rdparty/collcachelib/coll_cache_lib/cache_context.cu:2350] num cpu nodes is 44613694
[2023-04-12 03:20:21.579844: E /samgraph/3rdparty/collcachelib/coll_cache_lib/cache_context.cu:2350] num cpu nodes is 44613694
[2023-04-12 03:20:21.583146: E /samgraph/3rdparty/collcachelib/coll_cache_lib/cache_context.cu:2350] num cpu nodes is 44613694
[2023-04-12 03:20:21.588214: E /samgraph/3rdparty/collcachelib/coll_cache_lib/cache_context.cu:2350] num cpu nodes is 44613694
[2023-04-12 03:20:21.593820: E /samgraph/3rdparty/collcachelib/coll_cache_lib/cache_context.cu:2350] num cpu nodes is 44613694
[2023-04-12 03:20:21.606260: E /samgraph/3rdparty/collcachelib/coll_cache_lib/cache_context.cu:2350] num cpu nodes is 44613694
[2023-04-12 03:20:21.614957: E /samgraph/3rdparty/collcachelib/coll_cache_lib/cache_context.cu:2350] num cpu nodes is 44613694
[2023-04-12 03:20:21.752621: E /samgraph/3rdparty/collcachelib/coll_cache_lib/cuda/cache_hashtable.cu:355] create a hashtable with 20994672 possible elem, scale to 67108864
[2023-04-12 03:20:21.752663: E /samgraph/3rdparty/collcachelib/coll_cache_lib/cuda/cache_hashtable.cu:360] SimpleHashTable allocating 512.00 MB
[2023-04-12 03:20:21.763341: E /samgraph/3rdparty/collcachelib/coll_cache_lib/cuda/cache_hashtable.cu:355] create a hashtable with 20994672 possible elem, scale to 67108864
[2023-04-12 03:20:21.763384: E /samgraph/3rdparty/collcachelib/coll_cache_lib/cuda/cache_hashtable.cu:360] SimpleHashTable allocating 512.00 MB
[2023-04-12 03:20:21.778834: E /samgraph/3rdparty/collcachelib/coll_cache_lib/cuda/cache_hashtable.cu:355] create a hashtable with 20994672 possible elem, scale to 67108864
[2023-04-12 03:20:21.778870: E /samgraph/3rdparty/collcachelib/coll_cache_lib/cuda/cache_hashtable.cu:360] SimpleHashTable allocating 512.00 MB
[2023-04-12 03:20:21.792993: E /samgraph/3rdparty/collcachelib/coll_cache_lib/cuda/cache_hashtable.cu:355] create a hashtable with 20994672 possible elem, scale to 67108864
[2023-04-12 03:20:21.793030: E /samgraph/3rdparty/collcachelib/coll_cache_lib/cuda/cache_hashtable.cu:360] SimpleHashTable allocating 512.00 MB
[2023-04-12 03:20:21.795719: E /samgraph/3rdparty/collcachelib/coll_cache_lib/cuda/cache_hashtable.cu:355] create a hashtable with 20994672 possible elem, scale to 67108864
[2023-04-12 03:20:21.795755: E /samgraph/3rdparty/collcachelib/coll_cache_lib/cuda/cache_hashtable.cu:360] SimpleHashTable allocating 512.00 MB
[[2023-04-12 03:20:212023-04-12 03:20:21..797970797976: : EE  /samgraph/3rdparty/collcachelib/coll_cache_lib/cuda/cache_hashtable.cu/samgraph/3rdparty/collcachelib/coll_cache_lib/cuda/cache_hashtable.cu::355355] ] create a hashtable with 20994672 possible elem, scale to 67108864create a hashtable with 20994672 possible elem, scale to 67108864

[[2023-04-12 03:20:212023-04-12 03:20:21..798032798031: : EE  /samgraph/3rdparty/collcachelib/coll_cache_lib/cuda/cache_hashtable.cu/samgraph/3rdparty/collcachelib/coll_cache_lib/cuda/cache_hashtable.cu::360360] ] SimpleHashTable allocating 512.00 MBSimpleHashTable allocating 512.00 MB

[2023-04-12 03:20:21.810051: E /samgraph/3rdparty/collcachelib/coll_cache_lib/cuda/cache_hashtable.cu:355] create a hashtable with 20994672 possible elem, scale to 67108864
[2023-04-12 03:20:21.810084: E /samgraph/3rdparty/collcachelib/coll_cache_lib/cuda/cache_hashtable.cu:360] SimpleHashTable allocating 512.00 MB
[2023-04-12 03:20:21.859566: E /samgraph/3rdparty/collcachelib/coll_cache_lib/common.cc:107] too many mem allocated for forcescale?2689943->65609
[2023-04-12 03:20:21.859766: E /samgraph/3rdparty/collcachelib/coll_cache_lib/common.cc:107] too many mem allocated for forcescale?2689943->65609
[2023-04-12 03:20:21.859839: E /samgraph/3rdparty/collcachelib/coll_cache_lib/common.cc:107] too many mem allocated for forcescale?2689943->65609
[2023-04-12 03:20:21.860464: E /samgraph/3rdparty/collcachelib/coll_cache_lib/common.cc:107] too many mem allocated for forcescale?2689943->65609
[2023-04-12 03:20:21.860523: E /samgraph/3rdparty/collcachelib/coll_cache_lib/common.cc:107] too many mem allocated for forcescale?2689943->65609
[2023-04-12 03:20:21.860598: E /samgraph/3rdparty/collcachelib/coll_cache_lib/common.cc:107] too many mem allocated for forcescale?2689943->65609
[2023-04-12 03:20:21.860631: E /samgraph/3rdparty/collcachelib/coll_cache_lib/common.cc:107] too many mem allocated for forcescale?2689943->65609
[2023-04-12 03:20:21.860671: E /samgraph/3rdparty/collcachelib/coll_cache_lib/common.cc:107] too many mem allocated for forcescale?2689943->65609
[2023-04-12 03:20:21.880477: E /samgraph/3rdparty/collcachelib/coll_cache_lib/cache_context.cu:2427] Asymm Coll cache (policy: clique_part) | local 2624334 / 65608366 nodes ( 4.00 %~4.00 %) | remote 18370338 / 65608366 nodes ( 28.00 %) | cpu 44613694 / 65608366 nodes ( 68.00 %) | 2.57 GB | 0.378606 secs 
[2023-04-12 03:20:21.883962: E /samgraph/3rdparty/collcachelib/coll_cache_lib/cache_context.cu:2427] Asymm Coll cache (policy: clique_part) | local 2624334 / 65608366 nodes ( 4.00 %~4.00 %) | remote 18370338 / 65608366 nodes ( 28.00 %) | cpu 44613694 / 65608366 nodes ( 68.00 %) | 2.57 GB | 0.391949 secs 
[2023-04-12 03:20:21.885571: E /samgraph/3rdparty/collcachelib/coll_cache_lib/cache_context.cu:2427] Asymm Coll cache (policy: clique_part) | local 2624334 / 65608366 nodes ( 4.00 %~4.00 %) | remote 18370338 / 65608366 nodes ( 28.00 %) | cpu 44613694 / 65608366 nodes ( 68.00 %) | 2.57 GB | 0.411534 secs 
[2023-04-12 03:20:21.886555: E /samgraph/3rdparty/collcachelib/coll_cache_lib/cache_context.cu:2427] Asymm Coll cache (policy: clique_part) | local 2624334 / 65608366 nodes ( 4.00 %~4.00 %) | remote 18370338 / 65608366 nodes ( 28.00 %) | cpu 44613694 / 65608366 nodes ( 68.00 %) | 2.57 GB | 0.394538 secs 
[2023-04-12 03:20:21.890110: E /samgraph/3rdparty/collcachelib/coll_cache_lib/cache_context.cu:2427] Asymm Coll cache (policy: clique_part) | local 2624334 / 65608366 nodes ( 4.00 %~4.00 %) | remote 18370338 / 65608366 nodes ( 28.00 %) | cpu 44613694 / 65608366 nodes ( 68.00 %) | 2.57 GB | 0.408861 secs 
[2023-04-12 03:20:21.890844: E /samgraph/3rdparty/collcachelib/coll_cache_lib/cache_context.cu:2427] Asymm Coll cache (policy: clique_part) | local 2624334 / 65608366 nodes ( 4.00 %~4.00 %) | remote 18370338 / 65608366 nodes ( 28.00 %) | cpu 44613694 / 65608366 nodes ( 68.00 %) | 2.57 GB | 0.409691 secs 
[2023-04-12 03:20:21.891248: E /samgraph/3rdparty/collcachelib/coll_cache_lib/cache_context.cu:2427] Asymm Coll cache (policy: clique_part) | local 2624334 / 65608366 nodes ( 4.00 %~4.00 %) | remote 18370338 / 65608366 nodes ( 28.00 %) | cpu 44613694 / 65608366 nodes ( 68.00 %) | 2.57 GB | 0.420989 secs 
[2023-04-12 03:20:21.891613: E /samgraph/3rdparty/collcachelib/coll_cache_lib/cache_context.cu:2427] Asymm Coll cache (policy: clique_part) | local 2624334 / 65608366 nodes ( 4.00 %~4.00 %) | remote 18370338 / 65608366 nodes ( 28.00 %) | cpu 44613694 / 65608366 nodes ( 68.00 %) | 2.57 GB | 0.429483 secs 
[2023-04-12 03:20:21.899476: W /samgraph/3rdparty/collcachelib/coll_cache_lib/cache_context.cu:3946] before create ctx, mem is 9.46 GB
[2023-04-12 03:20:21.900071: W /samgraph/3rdparty/collcachelib/coll_cache_lib/cache_context.cu:3946] before create ctx, mem is 9.46 GB
[2023-04-12 03:20:21.900597: W /samgraph/3rdparty/collcachelib/coll_cache_lib/cache_context.cu:3946] before create ctx, mem is 9.46 GB
[2023-04-12 03:20:21.901791: W /samgraph/3rdparty/collcachelib/coll_cache_lib/cache_context.cu:3946] before create ctx, mem is 9.46 GB
[2023-04-12 03:20:21.902369: W /samgraph/3rdparty/collcachelib/coll_cache_lib/cache_context.cu:3946] before create ctx, mem is 9.46 GB
[2023-04-12 03:20:21.902922: W /samgraph/3rdparty/collcachelib/coll_cache_lib/cache_context.cu:3946] before create ctx, mem is 9.46 GB
[2023-04-12 03:20:21.904064: W /samgraph/3rdparty/collcachelib/coll_cache_lib/cache_context.cu:3946] before create ctx, mem is 9.46 GB
[2023-04-12 03:20:21.905212: W /samgraph/3rdparty/collcachelib/coll_cache_lib/cache_context.cu:3946] before create ctx, mem is 9.46 GB
[2023-04-12 03:20:31.148310: W /samgraph/3rdparty/collcachelib/coll_cache_lib/cache_context.cu:3946] after create ctx, mem is 11.66 GB
[2023-04-12 03:20:31.148414: W /samgraph/3rdparty/collcachelib/coll_cache_lib/cache_context.cu:3946] after create stream, mem is 11.66 GB
[2023-04-12 03:20:31.269727: W /samgraph/3rdparty/collcachelib/coll_cache_lib/cache_context.cu:3946] after create ctx, mem is 11.74 GB
[2023-04-12 03:20:31.269816: W /samgraph/3rdparty/collcachelib/coll_cache_lib/cache_context.cu:3946] after create stream, mem is 11.74 GB
[2023-04-12 03:20:31.468192: W /samgraph/3rdparty/collcachelib/coll_cache_lib/cache_context.cu:3946] after create ctx, mem is 11.86 GB
[2023-04-12 03:20:31.468278: W /samgraph/3rdparty/collcachelib/coll_cache_lib/cache_context.cu:3946] after create stream, mem is 11.86 GB
[2023-04-12 03:20:31.828338: W /samgraph/3rdparty/collcachelib/coll_cache_lib/cache_context.cu:3946] after create ctx, mem is 12.05 GB
[2023-04-12 03:20:31.828431: W /samgraph/3rdparty/collcachelib/coll_cache_lib/cache_context.cu:3946] after create stream, mem is 12.05 GB
[2023-04-12 03:20:32.188860: W /samgraph/3rdparty/collcachelib/coll_cache_lib/cache_context.cu:3946] after create ctx, mem is 12.24 GB
[2023-04-12 03:20:32.188928: W /samgraph/3rdparty/collcachelib/coll_cache_lib/cache_context.cu:3946] after create stream, mem is 12.24 GB
[2023-04-12 03:20:32.279946: W /samgraph/3rdparty/collcachelib/coll_cache_lib/cache_context.cu:3946] after create ctx, mem is 12.30 GB
[2023-04-12 03:20:32.280117: W /samgraph/3rdparty/collcachelib/coll_cache_lib/cache_context.cu:3946] after create stream, mem is 12.30 GB
[2023-04-12 03:20:32.627361: W /samgraph/3rdparty/collcachelib/coll_cache_lib/cache_context.cu:3946] after create ctx, mem is 12.50 GB
[2023-04-12 03:20:32.627434: W /samgraph/3rdparty/collcachelib/coll_cache_lib/cache_context.cu:3946] after create stream, mem is 12.50 GB
[2023-04-12 03:20:32.694644: W /samgraph/3rdparty/collcachelib/coll_cache_lib/cache_context.cu:3946] after create ctx, mem is 12.53 GB
[2023-04-12 03:20:32.694863: W /samgraph/3rdparty/collcachelib/coll_cache_lib/cache_context.cu:3946] after create stream, mem is 12.53 GB
/usr/local/lib/python3.8/dist-packages/torch/nn/parallel/scatter_gather.py:9: UserWarning: is_namedtuple is deprecated, please use the python checks instead
  warnings.warn("is_namedtuple is deprecated, please use the python checks instead")
/usr/local/lib/python3.8/dist-packages/torch/nn/parallel/scatter_gather.py:9: UserWarning: is_namedtuple is deprecated, please use the python checks instead
  warnings.warn("is_namedtuple is deprecated, please use the python checks instead")
/usr/local/lib/python3.8/dist-packages/torch/nn/parallel/scatter_gather.py:9: UserWarning: is_namedtuple is deprecated, please use the python checks instead
  warnings.warn("is_namedtuple is deprecated, please use the python checks instead")
/usr/local/lib/python3.8/dist-packages/torch/nn/parallel/scatter_gather.py:9: UserWarning: is_namedtuple is deprecated, please use the python checks instead
  warnings.warn("is_namedtuple is deprecated, please use the python checks instead")
/usr/local/lib/python3.8/dist-packages/torch/nn/parallel/scatter_gather.py:9: UserWarning: is_namedtuple is deprecated, please use the python checks instead
  warnings.warn("is_namedtuple is deprecated, please use the python checks instead")
/usr/local/lib/python3.8/dist-packages/torch/nn/parallel/scatter_gather.py:9: UserWarning: is_namedtuple is deprecated, please use the python checks instead
  warnings.warn("is_namedtuple is deprecated, please use the python checks instead")
/usr/local/lib/python3.8/dist-packages/torch/nn/parallel/scatter_gather.py:9: UserWarning: is_namedtuple is deprecated, please use the python checks instead
  warnings.warn("is_namedtuple is deprecated, please use the python checks instead")
/usr/local/lib/python3.8/dist-packages/torch/nn/parallel/scatter_gather.py:9: UserWarning: is_namedtuple is deprecated, please use the python checks instead
  warnings.warn("is_namedtuple is deprecated, please use the python checks instead")
