succeed=True
[CUDA] cuda: usage: 6.51 GB
0 :  {link #0 : 1}, {link #1 : 2}, {link #2 : 3}, {link #3 : 4}, {link #4 : 5}, {link #5 : 6}, {link #6 : 7},
1 :  {link #0 : 2}, {link #1 : 3}, {link #2 : 4}, {link #3 : 5}, {link #4 : 6}, {link #5 : 7}, {link #6 : 0},
2 :  {link #0 : 3}, {link #1 : 4}, {link #2 : 5}, {link #3 : 6}, {link #4 : 7}, {link #5 : 0}, {link #6 : 1},
3 :  {link #0 : 4}, {link #1 : 5}, {link #2 : 6}, {link #3 : 7}, {link #4 : 0}, {link #5 : 1}, {link #6 : 2},
4 :  {link #0 : 5}, {link #1 : 6}, {link #2 : 7}, {link #3 : 0}, {link #4 : 1}, {link #5 : 2}, {link #6 : 3},
5 :  {link #0 : 6}, {link #1 : 7}, {link #2 : 0}, {link #3 : 1}, {link #4 : 2}, {link #5 : 3}, {link #6 : 4},
6 :  {link #0 : 7}, {link #1 : 0}, {link #2 : 1}, {link #3 : 2}, {link #4 : 3}, {link #5 : 4}, {link #6 : 5},
7 :  {link #0 : 0}, {link #1 : 1}, {link #2 : 2}, {link #3 : 3}, {link #4 : 4}, {link #5 : 5}, {link #6 : 6},
0 : local 108, cpu 0 {link #0 : g1 0}, {link #1 : g2 0}, {link #2 : g3 0}, {link #3 : g4 0}, {link #4 : g5 0}, {link #5 : g6 0}, {link #6 : g7 0},
1 : local 108, cpu 0 {link #0 : g2 0}, {link #1 : g3 0}, {link #2 : g4 0}, {link #3 : g5 0}, {link #4 : g6 0}, {link #5 : g7 0}, {link #6 : g0 0},
2 : local 108, cpu 0 {link #0 : g3 0}, {link #1 : g4 0}, {link #2 : g5 0}, {link #3 : g6 0}, {link #4 : g7 0}, {link #5 : g0 0}, {link #6 : g1 0},
3 : local 108, cpu 0 {link #0 : g4 0}, {link #1 : g5 0}, {link #2 : g6 0}, {link #3 : g7 0}, {link #4 : g0 0}, {link #5 : g1 0}, {link #6 : g2 0},
4 : local 108, cpu 0 {link #0 : g5 0}, {link #1 : g6 0}, {link #2 : g7 0}, {link #3 : g0 0}, {link #4 : g1 0}, {link #5 : g2 0}, {link #6 : g3 0},
5 : local 108, cpu 0 {link #0 : g6 0}, {link #1 : g7 0}, {link #2 : g0 0}, {link #3 : g1 0}, {link #4 : g2 0}, {link #5 : g3 0}, {link #6 : g4 0},
6 : local 108, cpu 0 {link #0 : g7 0}, {link #1 : g0 0}, {link #2 : g1 0}, {link #3 : g2 0}, {link #4 : g3 0}, {link #5 : g4 0}, {link #6 : g5 0},
7 : local 108, cpu 0 {link #0 : g0 0}, {link #1 : g1 0}, {link #2 : g2 0}, {link #3 : g3 0}, {link #4 : g4 0}, {link #5 : g5 0}, {link #6 : g6 0},
0 :  {link #0 : 1}, {link #1 : 2}, {link #2 : 3}, {link #3 : 4}, {link #4 : 5}, {link #5 : 6}, {link #6 : 7},
1 :  {link #0 : 2}, {link #1 : 3}, {link #2 : 4}, {link #3 : 5}, {link #4 : 6}, {link #5 : 7}, {link #6 : 0},
2 :  {link #0 : 3}, {link #1 : 4}, {link #2 : 5}, {link #3 : 6}, {link #4 : 7}, {link #5 : 0}, {link #6 : 1},
3 :  {link #0 : 4}, {link #1 : 5}, {link #2 : 6}, {link #3 : 7}, {link #4 : 0}, {link #5 : 1}, {link #6 : 2},
4 :  {link #0 : 5}, {link #1 : 6}, {link #2 : 7}, {link #3 : 0}, {link #4 : 1}, {link #5 : 2}, {link #6 : 3},
5 :  {link #0 : 6}, {link #1 : 7}, {link #2 : 0}, {link #3 : 1}, {link #4 : 2}, {link #5 : 3}, {link #6 : 4},
6 :  {link #0 : 7}, {link #1 : 0}, {link #2 : 1}, {link #3 : 2}, {link #4 : 3}, {link #5 : 4}, {link #6 : 5},
7 :  {link #0 : 0}, {link #1 : 1}, {link #2 : 2}, {link #3 : 3}, {link #4 : 4}, {link #5 : 5}, {link #6 : 6},
0 : local 108, cpu 0 {link #0 : g1 0}, {link #1 : g2 0}, {link #2 : g3 0}, {link #3 : g4 0}, {link #4 : g5 0}, {link #5 : g6 0}, {link #6 : g7 0},
1 : local 108, cpu 0 {link #0 : g2 0}, {link #1 : g3 0}, {link #2 : g4 0}, {link #3 : g5 0}, {link #4 : g6 0}, {link #5 : g7 0}, {link #6 : g0 0},
2 : local 108, cpu 0 {link #0 : g3 0}, {link #1 : g4 0}, {link #2 : g5 0}, {link #3 : g6 0}, {link #4 : g7 0}, {link #5 : g0 0}, {link #6 : g1 0},
3 : local 108, cpu 0 {link #0 : g4 0}, {link #1 : g5 0}, {link #2 : g6 0}, {link #3 : g7 0}, {link #4 : g0 0}, {link #5 : g1 0}, {link #6 : g2 0},
4 : local 108, cpu 0 {link #0 : g5 0}, {link #1 : g6 0}, {link #2 : g7 0}, {link #3 : g0 0}, {link #4 : g1 0}, {link #5 : g2 0}, {link #6 : g3 0},
5 : local 108, cpu 0 {link #0 : g6 0}, {link #1 : g7 0}, {link #2 : g0 0}, {link #3 : g1 0}, {link #4 : g2 0}, {link #5 : g3 0}, {link #6 : g4 0},
6 : local 108, cpu 0 {link #0 : g7 0}, {link #1 : g0 0}, {link #2 : g1 0}, {link #3 : g2 0}, {link #4 : g3 0}, {link #5 : g4 0}, {link #6 : g5 0},
7 : local 108, cpu 0 {link #0 : g0 0}, {link #1 : g1 0}, {link #2 : g2 0}, {link #3 : g3 0}, {link #4 : g4 0}, {link #5 : g5 0}, {link #6 : g6 0},
0 :  {link #0 : 1}, {link #1 : 2}, {link #2 : 3}, {link #3 : 4}, {link #4 : 5}, {link #5 : 6}, {link #6 : 7},
1 :  {link #0 : 2}, {link #1 : 3}, {link #2 : 4}, {link #3 : 5}, {link #4 : 6}, {link #5 : 7}, {link #6 : 0},
2 :  {link #0 : 3}, {link #1 : 4}, {link #2 : 5}, {link #3 : 6}, {link #4 : 7}, {link #5 : 0}, {link #6 : 1},
3 :  {link #0 : 4}, {link #1 : 5}, {link #2 : 6}, {link #3 : 7}, {link #4 : 0}, {link #5 : 1}, {link #6 : 2},
4 :  {link #0 : 5}, {link #1 : 6}, {link #2 : 7}, {link #3 : 0}, {link #4 : 1}, {link #5 : 2}, {link #6 : 3},
5 :  {link #0 : 6}, {link #1 : 7}, {link #2 : 0}, {link #3 : 1}, {link #4 : 2}, {link #5 : 3}, {link #6 : 4},
6 :  {link #0 : 7}, {link #1 : 0}, {link #2 : 1}, {link #3 : 2}, {link #4 : 3}, {link #5 : 4}, {link #6 : 5},
7 :  {link #0 : 0}, {link #1 : 1}, {link #2 : 2}, {link #3 : 3}, {link #4 : 4}, {link #5 : 5}, {link #6 : 6},
0 : local 108, cpu 0 {link #0 : g1 0}, {link #1 : g2 0}, {link #2 : g3 0}, {link #3 : g4 0}, {link #4 : g5 0}, {link #5 : g6 0}, {link #6 : g7 0},
1 : local 108, cpu 0 {link #0 : g2 0}, {link #1 : g3 0}, {link #2 : g4 0}, {link #3 : g5 0}, {link #4 : g6 0}, {link #5 : g7 0}, {link #6 : g0 0},
2 : local 108, cpu 0 {link #0 : g3 0}, {link #1 : g4 0}, {link #2 : g5 0}, {link #3 : g6 0}, {link #4 : g7 0}, {link #5 : g0 0}, {link #6 : g1 0},
3 : local 108, cpu 0 {link #0 : g4 0}, {link #1 : g5 0}, {link #2 : g6 0}, {link #3 : g7 0}, {link #4 : g0 0}, {link #5 : g1 0}, {link #6 : g2 0},
4 : local 108, cpu 0 {link #0 : g5 0}, {link #1 : g6 0}, {link #2 : g7 0}, {link #3 : g0 0}, {link #4 : g1 0}, {link #5 : g2 0}, {link #6 : g3 0},
5 : local 108, cpu 0 {link #0 : g6 0}, {link #1 : g7 0}, {link #2 : g0 0}, {link #3 : g1 0}, {link #4 : g2 0}, {link #5 : g3 0}, {link #6 : g4 0},
6 : local 108, cpu 0 {link #0 : g7 0}, {link #1 : g0 0}, {link #2 : g1 0}, {link #3 : g2 0}, {link #4 : g3 0}, {link #5 : g4 0}, {link #6 : g5 0},
7 : local 108, cpu 0 {link #0 : g0 0}, {link #1 : g1 0}, {link #2 : g2 0}, {link #3 : g3 0}, {link #4 : g4 0}, {link #5 : g5 0}, {link #6 : g6 0},
0 :  {link #0 : 1}, {link #1 : 2}, {link #2 : 3}, {link #3 : 4}, {link #4 : 5}, {link #5 : 6}, {link #6 : 7},
1 :  {link #0 : 2}, {link #1 : 3}, {link #2 : 4}, {link #3 : 5}, {link #4 : 6}, {link #5 : 7}, {link #6 : 0},
2 :  {link #0 : 3}, {link #1 : 4}, {link #2 : 5}, {link #3 : 6}, {link #4 : 7}, {link #5 : 0}, {link #6 : 1},
3 :  {link #0 : 4}, {link #1 : 5}, {link #2 : 6}, {link #3 : 7}, {link #4 : 0}, {link #5 : 1}, {link #6 : 2},
4 :  {link #0 : 5}, {link #1 : 6}, {link #2 : 7}, {link #3 : 0}, {link #4 : 1}, {link #5 : 2}, {link #6 : 3},
5 :  {link #0 : 6}, {link #1 : 7}, {link #2 : 0}, {link #3 : 1}, {link #4 : 2}, {link #5 : 3}, {link #6 : 4},
6 :  {link #0 : 7}, {link #1 : 0}, {link #2 : 1}, {link #3 : 2}, {link #4 : 3}, {link #5 : 4}, {link #6 : 5},
7 :  {link #0 : 0}, {link #1 : 1}, {link #2 : 2}, {link #3 : 3}, {link #4 : 4}, {link #5 : 5}, {link #6 : 6},
0 : local 108, cpu 0 {link #0 : g1 0}, {link #1 : g2 0}, {link #2 : g3 0}, {link #3 : g4 0}, {link #4 : g5 0}, {link #5 : g6 0}, {link #6 : g7 0},
1 : local 108, cpu 0 {link #0 : g2 0}, {link #1 : g3 0}, {link #2 : g4 0}, {link #3 : g5 0}, {link #4 : g6 0}, {link #5 : g7 0}, {link #6 : g0 0},
2 : local 108, cpu 0 {link #0 : g3 0}, {link #1 : g4 0}, {link #2 : g5 0}, {link #3 : g6 0}, {link #4 : g7 0}, {link #5 : g0 0}, {link #6 : g1 0},
3 : local 108, cpu 0 {link #0 : g4 0}, {link #1 : g5 0}, {link #2 : g6 0}, {link #3 : g7 0}, {link #4 : g0 0}, {link #5 : g1 0}, {link #6 : g2 0},
4 : local 108, cpu 0 {link #0 : g5 0}, {link #1 : g6 0}, {link #2 : g7 0}, {link #3 : g0 0}, {link #4 : g1 0}, {link #5 : g2 0}, {link #6 : g3 0},
5 : local 108, cpu 0 {link #0 : g6 0}, {link #1 : g7 0}, {link #2 : g0 0}, {link #3 : g1 0}, {link #4 : g2 0}, {link #5 : g3 0}, {link #6 : g4 0},
6 : local 108, cpu 0 {link #0 : g7 0}, {link #1 : g0 0}, {link #2 : g1 0}, {link #3 : g2 0}, {link #4 : g3 0}, {link #5 : g4 0}, {link #6 : g5 0},
7 : local 108, cpu 0 {link #0 : g0 0}, {link #1 : g1 0}, {link #2 : g2 0}, {link #3 : g3 0}, {link #4 : g4 0}, {link #5 : g5 0}, {link #6 : g6 0},
0 :  {link #0 : 1}, {link #1 : 2}, {link #2 : 3}, {link #3 : 4}, {link #4 : 5}, {link #5 : 6}, {link #6 : 7},
1 :  {link #0 : 2}, {link #1 : 3}, {link #2 : 4}, {link #3 : 5}, {link #4 : 6}, {link #5 : 7}, {link #6 : 0},
2 :  {link #0 : 3}, {link #1 : 4}, {link #2 : 5}, {link #3 : 6}, {link #4 : 7}, {link #5 : 0}, {link #6 : 1},
3 :  {link #0 : 4}, {link #1 : 5}, {link #2 : 6}, {link #3 : 7}, {link #4 : 0}, {link #5 : 1}, {link #6 : 2},
4 :  {link #0 : 5}, {link #1 : 6}, {link #2 : 7}, {link #3 : 0}, {link #4 : 1}, {link #5 : 2}, {link #6 : 3},
5 :  {link #0 : 6}, {link #1 : 7}, {link #2 : 0}, {link #3 : 1}, {link #4 : 2}, {link #5 : 3}, {link #6 : 4},
6 :  {link #0 : 7}, {link #1 : 0}, {link #2 : 1}, {link #3 : 2}, {link #4 : 3}, {link #5 : 4}, {link #6 : 5},
7 :  {link #0 : 0}, {link #1 : 1}, {link #2 : 2}, {link #3 : 3}, {link #4 : 4}, {link #5 : 5}, {link #6 : 6},
0 : local 108, cpu 0 {link #0 : g1 0}, {link #1 : g2 0}, {link #2 : g3 0}, {link #3 : g4 0}, {link #4 : g5 0}, {link #5 : g6 0}, {link #6 : g7 0},
1 : local 108, cpu 0 {link #0 : g2 0}, {link #1 : g3 0}, {link #2 : g4 0}, {link #3 : g5 0}, {link #4 : g6 0}, {link #5 : g7 0}, {link #6 : g0 0},
2 : local 108, cpu 0 {link #0 : g3 0}, {link #1 : g4 0}, {link #2 : g5 0}, {link #3 : g6 0}, {link #4 : g7 0}, {link #5 : g0 0}, {link #6 : g1 0},
3 : local 108, cpu 0 {link #0 : g4 0}, {link #1 : g5 0}, {link #2 : g6 0}, {link #3 : g7 0}, {link #4 : g0 0}, {link #5 : g1 0}, {link #6 : g2 0},
4 : local 108, cpu 0 {link #0 : g5 0}, {link #1 : g6 0}, {link #2 : g7 0}, {link #3 : g0 0}, {link #4 : g1 0}, {link #5 : g2 0}, {link #6 : g3 0},
5 : local 108, cpu 0 {link #0 : g6 0}, {link #1 : g7 0}, {link #2 : g0 0}, {link #3 : g1 0}, {link #4 : g2 0}, {link #5 : g3 0}, {link #6 : g4 0},
6 : local 108, cpu 0 {link #0 : g7 0}, {link #1 : g0 0}, {link #2 : g1 0}, {link #3 : g2 0}, {link #4 : g3 0}, {link #5 : g4 0}, {link #6 : g5 0},
7 : local 108, cpu 0 {link #0 : g0 0}, {link #1 : g1 0}, {link #2 : g2 0}, {link #3 : g3 0}, {link #4 : g4 0}, {link #5 : g5 0}, {link #6 : g6 0},
0 :  {link #0 : 1}, {link #1 : 2}, {link #2 : 3}, {link #3 : 4}, {link #4 : 5}, {link #5 : 6}, {link #6 : 7},
1 :  {link #0 : 2}, {link #1 : 3}, {link #2 : 4}, {link #3 : 5}, {link #4 : 6}, {link #5 : 7}, {link #6 : 0},
2 :  {link #0 : 3}, {link #1 : 4}, {link #2 : 5}, {link #3 : 6}, {link #4 : 7}, {link #5 : 0}, {link #6 : 1},
3 :  {link #0 : 4}, {link #1 : 5}, {link #2 : 6}, {link #3 : 7}, {link #4 : 0}, {link #5 : 1}, {link #6 : 2},
4 :  {link #0 : 5}, {link #1 : 6}, {link #2 : 7}, {link #3 : 0}, {link #4 : 1}, {link #5 : 2}, {link #6 : 3},
5 :  {link #0 : 6}, {link #1 : 7}, {link #2 : 0}, {link #3 : 1}, {link #4 : 2}, {link #5 : 3}, {link #6 : 4},
6 :  {link #0 : 7}, {link #1 : 0}, {link #2 : 1}, {link #3 : 2}, {link #4 : 3}, {link #5 : 4}, {link #6 : 5},
7 :  {link #0 : 0}, {link #1 : 1}, {link #2 : 2}, {link #3 : 3}, {link #4 : 4}, {link #5 : 5}, {link #6 : 6},
0 : local 108, cpu 0 {link #0 : g1 0}, {link #1 : g2 0}, {link #2 : g3 0}, {link #3 : g4 0}, {link #4 : g5 0}, {link #5 : g6 0}, {link #6 : g7 0},
1 : local 108, cpu 0 {link #0 : g2 0}, {link #1 : g3 0}, {link #2 : g4 0}, {link #3 : g5 0}, {link #4 : g6 0}, {link #5 : g7 0}, {link #6 : g0 0},
2 : local 108, cpu 0 {link #0 : g3 0}, {link #1 : g4 0}, {link #2 : g5 0}, {link #3 : g6 0}, {link #4 : g7 0}, {link #5 : g0 0}, {link #6 : g1 0},
3 : local 108, cpu 0 {link #0 : g4 0}, {link #1 : g5 0}, {link #2 : g6 0}, {link #3 : g7 0}, {link #4 : g0 0}, {link #5 : g1 0}, {link #6 : g2 0},
4 : local 108, cpu 0 {link #0 : g5 0}, {link #1 : g6 0}, {link #2 : g7 0}, {link #3 : g0 0}, {link #4 : g1 0}, {link #5 : g2 0}, {link #6 : g3 0},
5 : local 108, cpu 0 {link #0 : g6 0}, {link #1 : g7 0}, {link #2 : g0 0}, {link #3 : g1 0}, {link #4 : g2 0}, {link #5 : g3 0}, {link #6 : g4 0},
6 : local 108, cpu 0 {link #0 : g7 0}, {link #1 : g0 0}, {link #2 : g1 0}, {link #3 : g2 0}, {link #4 : g3 0}, {link #5 : g4 0}, {link #6 : g5 0},
7 : local 108, cpu 0 {link #0 : g0 0}, {link #1 : g1 0}, {link #2 : g2 0}, {link #3 : g3 0}, {link #4 : g4 0}, {link #5 : g5 0}, {link #6 : g6 0},
0 :  {link #0 : 1}, {link #1 : 2}, {link #2 : 3}, {link #3 : 4}, {link #4 : 5}, {link #5 : 6}, {link #6 : 7},
1 :  {link #0 : 2}, {link #1 : 3}, {link #2 : 4}, {link #3 : 5}, {link #4 : 6}, {link #5 : 7}, {link #6 : 0},
2 :  {link #0 : 3}, {link #1 : 4}, {link #2 : 5}, {link #3 : 6}, {link #4 : 7}, {link #5 : 0}, {link #6 : 1},
3 :  {link #0 : 4}, {link #1 : 5}, {link #2 : 6}, {link #3 : 7}, {link #4 : 0}, {link #5 : 1}, {link #6 : 2},
4 :  {link #0 : 5}, {link #1 : 6}, {link #2 : 7}, {link #3 : 0}, {link #4 : 1}, {link #5 : 2}, {link #6 : 3},
5 :  {link #0 : 6}, {link #1 : 7}, {link #2 : 0}, {link #3 : 1}, {link #4 : 2}, {link #5 : 3}, {link #6 : 4},
6 :  {link #0 : 7}, {link #1 : 0}, {link #2 : 1}, {link #3 : 2}, {link #4 : 3}, {link #5 : 4}, {link #6 : 5},
7 :  {link #0 : 0}, {link #1 : 1}, {link #2 : 2}, {link #3 : 3}, {link #4 : 4}, {link #5 : 5}, {link #6 : 6},
0 : local 108, cpu 0 {link #0 : g1 0}, {link #1 : g2 0}, {link #2 : g3 0}, {link #3 : g4 0}, {link #4 : g5 0}, {link #5 : g6 0}, {link #6 : g7 0},
1 : local 108, cpu 0 {link #0 : g2 0}, {link #1 : g3 0}, {link #2 : g4 0}, {link #3 : g5 0}, {link #4 : g6 0}, {link #5 : g7 0}, {link #6 : g0 0},
2 : local 108, cpu 0 {link #0 : g3 0}, {link #1 : g4 0}, {link #2 : g5 0}, {link #3 : g6 0}, {link #4 : g7 0}, {link #5 : g0 0}, {link #6 : g1 0},
3 : local 108, cpu 0 {link #0 : g4 0}, {link #1 : g5 0}, {link #2 : g6 0}, {link #3 : g7 0}, {link #4 : g0 0}, {link #5 : g1 0}, {link #6 : g2 0},
4 : local 108, cpu 0 {link #0 : g5 0}, {link #1 : g6 0}, {link #2 : g7 0}, {link #3 : g0 0}, {link #4 : g1 0}, {link #5 : g2 0}, {link #6 : g3 0},
5 : local 108, cpu 0 {link #0 : g6 0}, {link #1 : g7 0}, {link #2 : g0 0}, {link #3 : g1 0}, {link #4 : g2 0}, {link #5 : g3 0}, {link #6 : g4 0},
6 : local 108, cpu 0 {link #0 : g7 0}, {link #1 : g0 0}, {link #2 : g1 0}, {link #3 : g2 0}, {link #4 : g3 0}, {link #5 : g4 0}, {link #6 : g5 0},
7 : local 108, cpu 0 {link #0 : g0 0}, {link #1 : g1 0}, {link #2 : g2 0}, {link #3 : g3 0}, {link #4 : g4 0}, {link #5 : g5 0}, {link #6 : g6 0},
0 :  {link #0 : 1}, {link #1 : 2}, {link #2 : 3}, {link #3 : 4}, {link #4 : 5}, {link #5 : 6}, {link #6 : 7},
1 :  {link #0 : 2}, {link #1 : 3}, {link #2 : 4}, {link #3 : 5}, {link #4 : 6}, {link #5 : 7}, {link #6 : 0},
2 :  {link #0 : 3}, {link #1 : 4}, {link #2 : 5}, {link #3 : 6}, {link #4 : 7}, {link #5 : 0}, {link #6 : 1},
3 :  {link #0 : 4}, {link #1 : 5}, {link #2 : 6}, {link #3 : 7}, {link #4 : 0}, {link #5 : 1}, {link #6 : 2},
4 :  {link #0 : 5}, {link #1 : 6}, {link #2 : 7}, {link #3 : 0}, {link #4 : 1}, {link #5 : 2}, {link #6 : 3},
5 :  {link #0 : 6}, {link #1 : 7}, {link #2 : 0}, {link #3 : 1}, {link #4 : 2}, {link #5 : 3}, {link #6 : 4},
6 :  {link #0 : 7}, {link #1 : 0}, {link #2 : 1}, {link #3 : 2}, {link #4 : 3}, {link #5 : 4}, {link #6 : 5},
7 :  {link #0 : 0}, {link #1 : 1}, {link #2 : 2}, {link #3 : 3}, {link #4 : 4}, {link #5 : 5}, {link #6 : 6},
0 : local 108, cpu 0 {link #0 : g1 0}, {link #1 : g2 0}, {link #2 : g3 0}, {link #3 : g4 0}, {link #4 : g5 0}, {link #5 : g6 0}, {link #6 : g7 0},
1 : local 108, cpu 0 {link #0 : g2 0}, {link #1 : g3 0}, {link #2 : g4 0}, {link #3 : g5 0}, {link #4 : g6 0}, {link #5 : g7 0}, {link #6 : g0 0},
2 : local 108, cpu 0 {link #0 : g3 0}, {link #1 : g4 0}, {link #2 : g5 0}, {link #3 : g6 0}, {link #4 : g7 0}, {link #5 : g0 0}, {link #6 : g1 0},
3 : local 108, cpu 0 {link #0 : g4 0}, {link #1 : g5 0}, {link #2 : g6 0}, {link #3 : g7 0}, {link #4 : g0 0}, {link #5 : g1 0}, {link #6 : g2 0},
4 : local 108, cpu 0 {link #0 : g5 0}, {link #1 : g6 0}, {link #2 : g7 0}, {link #3 : g0 0}, {link #4 : g1 0}, {link #5 : g2 0}, {link #6 : g3 0},
5 : local 108, cpu 0 {link #0 : g6 0}, {link #1 : g7 0}, {link #2 : g0 0}, {link #3 : g1 0}, {link #4 : g2 0}, {link #5 : g3 0}, {link #6 : g4 0},
6 : local 108, cpu 0 {link #0 : g7 0}, {link #1 : g0 0}, {link #2 : g1 0}, {link #3 : g2 0}, {link #4 : g3 0}, {link #5 : g4 0}, {link #6 : g5 0},
7 : local 108, cpu 0 {link #0 : g0 0}, {link #1 : g1 0}, {link #2 : g2 0}, {link #3 : g3 0}, {link #4 : g4 0}, {link #5 : g5 0}, {link #6 : g6 0},
Set parameter WLSAccessID
Set parameter WLSSecret
Set parameter LicenseID
Set parameter TimeLimit to value 200
Set parameter MIPGap to value 0.05
Set parameter LogFile to value "cppsolver.log"
Set parameter Threads to value 56
Academic license - for non-commercial use only - registered to xiaoniu.sxn@sjtu.edu.cn
Gurobi Optimizer version 9.5.1 build v9.5.1rc2 (linux64)
Thread count: 56 physical cores, 112 logical processors, using up to 56 threads
Academic license - for non-commercial use only - registered to xiaoniu.sxn@sjtu.edu.cn
Optimize a model with 419144 rows, 59744 columns and 963192 nonzeros
Model fingerprint: 0x1e31b8e0
Variable types: 9 continuous, 59735 integer (59735 binary)
Coefficient statistics:
  Matrix range     [2e-09, 6e+02]
  Objective range  [1e+00, 1e+00]
  Bounds range     [1e+00, 1e+00]
  RHS range        [1e+00, 1e+03]
Found heuristic solution: objective 68789.954745
Presolve removed 360255 rows and 0 columns
Presolve time: 0.66s
Presolved: 58889 rows, 59744 columns, 235760 nonzeros
Found heuristic solution: objective 68789.954738
Variable types: 9 continuous, 59735 integer (59735 binary)

Deterministic concurrent LP optimizer: primal and dual simplex
Showing first log only...


Use crossover to convert LP symmetric solution to basic solution...
Concurrent spin time: 0.00s

Solved with dual simplex

Root relaxation: objective 1.839011e+03, 9835 iterations, 0.33 seconds (0.57 work units)

    Nodes    |    Current Node    |     Objective Bounds      |     Work
 Expl Unexpl |  Obj  Depth IntInf | Incumbent    BestBd   Gap | It/Node Time

     0     0 1839.01148    0  215 68789.9547 1839.01148  97.3%     -    9s
H    0     0                    1962.1221183 1839.01148  6.27%     -    9s
H    0     0                    1962.0620234 1839.01148  6.27%     -   12s
     0     0 1839.01148    0  265 1962.06202 1839.01148  6.27%     -   13s
H    0     0                    1881.9746542 1839.01148  2.28%     -   14s

Cutting planes:
  MIR: 7

Explored 1 nodes (42958 simplex iterations) in 14.79 seconds (20.11 work units)
Thread count was 56 (of 112 available processors)

Solution count 5: 1881.97 1962.06 1962.12 ... 68790

Optimal solution found (tolerance 5.00e-02)
Best objective 1.881974654167e+03, best bound 1.839011477514e+03, gap 2.2829%
coll_cache:optimal_local_rate=0.443412,0.445773,0.441551,0.443093,0.444981,0.44194,0.44164,0.444584,
coll_cache:optimal_remote_rate=0.55019,0.547828,0.55205,0.550508,0.54862,0.551661,0.551962,0.549018,
coll_cache:optimal_cpu_rate=0.0063987,0.0063987,0.0063987,0.0063987,0.0063987,0.0063987,0.0063987,0.0063987,
z=1881.97
test_result:init:feat_nbytes=375030526464
test_result:init:cache_nbytes=30377472000
test_result:init:feat_nbytes=375030526464
test_result:init:cache_nbytes=30377472000
test_result:init:feat_nbytes=375030526464
test_result:init:cache_nbytes=30377472000
test_result:init:feat_nbytes=375030526464
test_result:init:cache_nbytes=30377472000
test_result:init:feat_nbytes=375030526464
test_result:init:cache_nbytes=30377472000
test_result:init:feat_nbytes=375030526464
test_result:init:cache_nbytes=30377472000
test_result:init:feat_nbytes=375030526464
test_result:init:cache_nbytes=30377472000
test_result:init:feat_nbytes=375030526464
test_result:init:cache_nbytes=30377472000
    [Step(average) Profiler Level 1 E3 S999]
        L1  sample           0.001718 | send           0.000000
        L1  recv             0.000000 | copy           0.009207 | convert time 0.000000 | train  0.012599
        L1  feature nbytes    1.36 GB | label nbytes 0.00 Bytes
        L1  id nbytes      0.00 Bytes | graph nbytes 0.00 Bytes
        L1  miss nbytes    0.00 Bytes | remote nbytes 0.00 Bytes
        L1  num nodes               0 | num samples           0
        L1  seq duration     0.000000 | refresh duration   0.000000
    [Step(average) Profiler Level 2 E3 S999]
        L2  shuffle     0.000000 | core sample  0.000000 | id remap        0.000000
        L2  graph copy  0.000000 | id copy      0.000000 | cache feat copy 0.009207
        L2  last layer sample time 0.000000 | size 0.000000
    [Step(average) Profiler Level 3 E3 S999]
        L3  khop sample coo  0.000000 | khop sort coo      0.000000 | khop count edge     0.000000 | khop compact edge 0.000000
        L3  walk sample coo  0.000000 | walk topk total    0.000000 | walk topk step1     0.000000 | walk topk step2   0.000000
        L3  walk topk step3  0.000000 | walk topk step4    0.000000 | walk topk step5     0.000000
        L3  walk topk step6  0.000000 | walk topk step7    0.000000
        L3  remap unique     0.000000 | remap populate     0.000000 | remap mapnode       0.000000 | remap mapedge     0.000000
        L3  cache get_index  0.000345 | cache copy_index   0.000000 | cache extract_miss  0.000000
        L3  cache copy_miss  0.000000 | cache combine_miss 0.000000 | cache combine cache 0.008838 | cache combine remote 0.000000
        L3  label extract  0.000000
    [Profiler Level Percentiles E3 S999]
        p50.00_tail_logl2featcopy=0.010062
        p90.00_tail_logl2featcopy=0.011198
        p95.00_tail_logl2featcopy=0.011231
        p99.00_tail_logl2featcopy=0.011377
        p99.90_tail_logl2featcopy=0.019297
[CUDA] cuda: usage: 41.04 GB
Rank=7, Graph loaded.
!!!!dist_homo_graph enumerate latency per epoch: 0.007275, per step: 0.000058
presamping
presamping takes 4.004316568374634
Rank=6, Graph loaded.
!!!!dist_homo_graph enumerate latency per epoch: 0.004813, per step: 0.000039
presamping
presamping takes 6.814251899719238
Rank=1, Graph loaded.
!!!!dist_homo_graph enumerate latency per epoch: 0.006100, per step: 0.000049
presamping
presamping takes 5.753807306289673
Rank=2, Graph loaded.
!!!!dist_homo_graph enumerate latency per epoch: 0.005713, per step: 0.000046
presamping
presamping takes 6.806243419647217
Rank=5, Graph loaded.
!!!!dist_homo_graph enumerate latency per epoch: 0.004597, per step: 0.000037
presamping
presamping takes 6.200173616409302
Rank=4, Graph loaded.
!!!!dist_homo_graph enumerate latency per epoch: 0.004977, per step: 0.000040
presamping
presamping takes 6.300539255142212
Rank=3, Graph loaded.
!!!!dist_homo_graph enumerate latency per epoch: 0.004718, per step: 0.000038
presamping
presamping takes 6.450216054916382
config:eval_tsp="2023-04-14 18:37:59"
config:num_worker=8
config:num_intra_size=8
config:root_dir=/nvme/songxiaoniu/graph-learning/wholegraph
config:graph_name=mag240m-homo
config:epochs=4
config:batchsize=2000
config:skip_epoch=2
config:local_step=125
config:presc_epoch=2
config:neighbors=10,25
config:hiddensize=256
config:num_layer=2
config:model=sage
config:framework=dgl
config:dataloaderworkers=0
config:dropout=0.5
config:lr=0.003
config:use_nccl=False
config:use_amp=True
config:use_collcache=True
config:cache_percentage=0.08
config:cache_policy=coll_cache_asymm_link
config:omp_thread_num=56
config:unsupervised=True
config:classnum=153
config:global_barrier=<multiprocessing.synchronize.Barrier object at 0x7fdb70d17340>
config:worker_id=0
creating_intra_node_communicator root=0, local_size=8, world_size=8
Rank=0, Graph loaded.
!!!!dist_homo_graph enumerate latency per epoch: 0.005643, per step: 0.000045
epoch=4 total_steps=500
presamping
presamping takes 6.193357706069946
start training...
[Epoch 0], time=4.31159520149231, loss=0.6931472420692444
[Epoch 1], time=2.945223331451416, loss=0.6931472420692444
[Epoch 2], time=2.944593906402588, loss=0.6931472420692444
[Epoch 3], time=2.946415901184082, loss=0.6931472420692444
|===========================================================================|
|                  PyTorch CUDA memory summary, device ID 0                 |
|---------------------------------------------------------------------------|
|            CUDA OOMs: 0            |        cudaMalloc retries: 0         |
|===========================================================================|
|        Metric         | Cur Usage  | Peak Usage | Tot Alloc  | Tot Freed  |
|---------------------------------------------------------------------------|
| Allocated memory      |   86956 KB |  725200 KB |     977 GB |     977 GB |
|       from large pool |   75263 KB |  714096 KB |     967 GB |     967 GB |
|       from small pool |   11693 KB |   14039 KB |       9 GB |       9 GB |
|---------------------------------------------------------------------------|
| Active memory         |   86956 KB |  725200 KB |     977 GB |     977 GB |
|       from large pool |   75263 KB |  714096 KB |     967 GB |     967 GB |
|       from small pool |   11693 KB |   14039 KB |       9 GB |       9 GB |
|---------------------------------------------------------------------------|
| GPU reserved memory   |    2304 MB |    2304 MB |    2304 MB |       0 B  |
|       from large pool |    2286 MB |    2286 MB |    2286 MB |       0 B  |
|       from small pool |      18 MB |      18 MB |      18 MB |       0 B  |
|---------------------------------------------------------------------------|
| Non-releasable memory |  549971 KB |    1543 MB |  743000 MB |  742463 MB |
|       from large pool |  547329 KB |    1540 MB |  731732 MB |  731197 MB |
|       from small pool |    2642 KB |       5 MB |   11268 MB |   11265 MB |
|---------------------------------------------------------------------------|
| Allocations           |      62    |      81    |  106935    |  106873    |
|       from large pool |      15    |      26    |   35769    |   35754    |
|       from small pool |      47    |      58    |   71166    |   71119    |
|---------------------------------------------------------------------------|
| Active allocs         |      62    |      81    |  106935    |  106873    |
|       from large pool |      15    |      26    |   35769    |   35754    |
|       from small pool |      47    |      58    |   71166    |   71119    |
|---------------------------------------------------------------------------|
| GPU reserved segments |      24    |      24    |      24    |       0    |
|       from large pool |      15    |      15    |      15    |       0    |
|       from small pool |       9    |       9    |       9    |       0    |
|---------------------------------------------------------------------------|
| Non-releasable allocs |      30    |      42    |   38513    |   38483    |
|       from large pool |      10    |      20    |   19922    |   19912    |
|       from small pool |      20    |      26    |   18591    |   18571    |
|---------------------------------------------------------------------------|
| Oversize allocations  |       0    |       0    |       0    |       0    |
|---------------------------------------------------------------------------|
| Oversize GPU segments |       0    |       0    |       0    |       0    |
|===========================================================================|

[TRAIN_TIME] train time is 13.153215 seconds
[EPOCH_TIME] 3.288304 seconds, maybe large due to not enough epoch skipped.
[EPOCH_TIME] 2.945682 seconds

