/usr/lib/python3/dist-packages/requests/__init__.py:89: RequestsDependencyWarning: urllib3 (1.26.12) or chardet (3.0.4) doesn't match a supported version!
  warnings.warn("urllib3 ({}) or chardet ({}) doesn't match a supported "
[W socket.cpp:601] [c10d] The client socket has failed to connect to [localhost]:12335 (errno: 99 - Cannot assign requested address).
[W socket.cpp:601] [c10d] The client socket has failed to connect to [localhost]:12335 (errno: 99 - Cannot assign requested address).
[W socket.cpp:601] [c10d] The client socket has failed to connect to [localhost]:12335 (errno: 99 - Cannot assign requested address).
[W socket.cpp:601] [c10d] The client socket has failed to connect to [localhost]:12335 (errno: 99 - Cannot assign requested address).
[W socket.cpp:601] [c10d] The client socket has failed to connect to [localhost]:12335 (errno: 99 - Cannot assign requested address).
Rank=6 done reading 8201046 embedding vectors from file /nvme/songxiaoniu/graph-learning/wholegraph/com_friendster/converted/homograph_csr_row_ptr
Rank=7 done reading 8201045 embedding vectors from file /nvme/songxiaoniu/graph-learning/wholegraph/com_friendster/converted/homograph_csr_row_ptr
Rank=3 done reading 8201046 embedding vectors from file /nvme/songxiaoniu/graph-learning/wholegraph/com_friendster/converted/homograph_csr_row_ptr
Rank=2 done reading 8201046 embedding vectors from file /nvme/songxiaoniu/graph-learning/wholegraph/com_friendster/converted/homograph_csr_row_ptr
Rank=4 done reading 8201046 embedding vectors from file /nvme/songxiaoniu/graph-learning/wholegraph/com_friendster/converted/homograph_csr_row_ptr
Rank=1 done reading 8201046 embedding vectors from file /nvme/songxiaoniu/graph-learning/wholegraph/com_friendster/converted/homograph_csr_row_ptr
Rank=5 done reading 8201046 embedding vectors from file /nvme/songxiaoniu/graph-learning/wholegraph/com_friendster/converted/homograph_csr_row_ptr
Rank=0 done reading 8201046 embedding vectors from file /nvme/songxiaoniu/graph-learning/wholegraph/com_friendster/converted/homograph_csr_row_ptr
Rank=2 done reading 451516784 embedding vectors from file /nvme/songxiaoniu/graph-learning/wholegraph/com_friendster/converted/homograph_csr_col_idx
Rank=3 done reading 451516784 embedding vectors from file /nvme/songxiaoniu/graph-learning/wholegraph/com_friendster/converted/homograph_csr_col_idx
Rank=7 done reading 451516782 embedding vectors from file /nvme/songxiaoniu/graph-learning/wholegraph/com_friendster/converted/homograph_csr_col_idx
Rank=6 done reading 451516784 embedding vectors from file /nvme/songxiaoniu/graph-learning/wholegraph/com_friendster/converted/homograph_csr_col_idx
Rank=4 done reading 451516784 embedding vectors from file /nvme/songxiaoniu/graph-learning/wholegraph/com_friendster/converted/homograph_csr_col_idx
Rank=5 done reading 451516784 embedding vectors from file /nvme/songxiaoniu/graph-learning/wholegraph/com_friendster/converted/homograph_csr_col_idx
Rank=1 done reading 451516784 embedding vectors from file /nvme/songxiaoniu/graph-learning/wholegraph/com_friendster/converted/homograph_csr_col_idx
Rank=0 done reading 451516784 embedding vectors from file /nvme/songxiaoniu/graph-learning/wholegraph/com_friendster/converted/homograph_csr_col_idx
[2023-04-12 20:57:58. 21771: E /samgraph/3rdparty/collcachelib/coll_cache_lib/freq_recorder.cc:337] bulk append 3524833 into 0
[2023-04-12 20:57:58. 36843: E /samgraph/3rdparty/collcachelib/coll_cache_lib/freq_recorder.cc:347] bulk append 31033570
[2023-04-12 20:57:58. 37422: E /samgraph/3rdparty/collcachelib/coll_cache_lib/freq_recorder.cc:337] bulk append 3527387 into 3524833
[2023-04-12 20:57:58. 52455: E /samgraph/3rdparty/collcachelib/coll_cache_lib/freq_recorder.cc:347] bulk append 31019314
[2023-04-12 20:57:58. 53053: E /samgraph/3rdparty/collcachelib/coll_cache_lib/freq_recorder.cc:337] bulk append 3521307 into 7052220
[2023-04-12 20:57:58. 68067: E /samgraph/3rdparty/collcachelib/coll_cache_lib/freq_recorder.cc:347] bulk append 30969152
[2023-04-12 20:57:58. 68645: E /samgraph/3rdparty/collcachelib/coll_cache_lib/freq_recorder.cc:337] bulk append 3527548 into 10573527
[2023-04-12 20:57:58. 83698: E /samgraph/3rdparty/collcachelib/coll_cache_lib/freq_recorder.cc:347] bulk append 30992446
[2023-04-12 20:57:58. 84268: E /samgraph/3rdparty/collcachelib/coll_cache_lib/freq_recorder.cc:337] bulk append 3524516 into 14101075
[2023-04-12 20:57:58. 99286: E /samgraph/3rdparty/collcachelib/coll_cache_lib/freq_recorder.cc:347] bulk append 31008429
[2023-04-12 20:57:58. 99864: E /samgraph/3rdparty/collcachelib/coll_cache_lib/freq_recorder.cc:337] bulk append 3528452 into 17625591
[2023-04-12 20:57:58.114893: E /samgraph/3rdparty/collcachelib/coll_cache_lib/freq_recorder.cc:347] bulk append 31002426
[2023-04-12 20:57:58.115465: E /samgraph/3rdparty/collcachelib/coll_cache_lib/freq_recorder.cc:337] bulk append 3523326 into 21154043
[2023-04-12 20:57:58.130470: E /samgraph/3rdparty/collcachelib/coll_cache_lib/freq_recorder.cc:347] bulk append 30994059
[2023-04-12 20:57:58.131043: E /samgraph/3rdparty/collcachelib/coll_cache_lib/freq_recorder.cc:337] bulk append 3529323 into 24677369
[2023-04-12 20:57:58.146069: E /samgraph/3rdparty/collcachelib/coll_cache_lib/freq_recorder.cc:347] bulk append 31017675
[2023-04-12 20:57:58.146623: E /samgraph/3rdparty/collcachelib/coll_cache_lib/freq_recorder.cc:337] bulk append 3523617 into 28206692
[2023-04-12 20:57:58.161643: E /samgraph/3rdparty/collcachelib/coll_cache_lib/freq_recorder.cc:347] bulk append 31006649
[2023-04-12 20:57:58.162227: E /samgraph/3rdparty/collcachelib/coll_cache_lib/freq_recorder.cc:337] bulk append 3527800 into 31730309
[2023-04-12 20:57:58.177242: E /samgraph/3rdparty/collcachelib/coll_cache_lib/freq_recorder.cc:347] bulk append 31020432
[2023-04-12 20:57:58.177845: E /samgraph/3rdparty/collcachelib/coll_cache_lib/freq_recorder.cc:337] bulk append 3605977 into 35258109
[2023-04-12 20:57:58.193090: E /samgraph/3rdparty/collcachelib/coll_cache_lib/freq_recorder.cc:347] bulk append 31563482
[2023-04-12 20:57:58.193682: E /samgraph/3rdparty/collcachelib/coll_cache_lib/freq_recorder.cc:337] bulk append 3613217 into 38864086
[2023-04-12 20:57:58.208904: E /samgraph/3rdparty/collcachelib/coll_cache_lib/freq_recorder.cc:347] bulk append 31533320
[2023-04-12 20:57:58.209477: E /samgraph/3rdparty/collcachelib/coll_cache_lib/freq_recorder.cc:337] bulk append 3606274 into 42477303
[2023-04-12 20:57:58.224668: E /samgraph/3rdparty/collcachelib/coll_cache_lib/freq_recorder.cc:347] bulk append 31468008
[2023-04-12 20:57:58.225243: E /samgraph/3rdparty/collcachelib/coll_cache_lib/freq_recorder.cc:337] bulk append 3611181 into 46083577
[2023-04-12 20:57:58.240444: E /samgraph/3rdparty/collcachelib/coll_cache_lib/freq_recorder.cc:347] bulk append 31497837
[2023-04-12 20:57:58.241032: E /samgraph/3rdparty/collcachelib/coll_cache_lib/freq_recorder.cc:337] bulk append 3606912 into 49694758
[2023-04-12 20:57:58.256232: E /samgraph/3rdparty/collcachelib/coll_cache_lib/freq_recorder.cc:347] bulk append 31542919
[2023-04-12 20:57:58.256809: E /samgraph/3rdparty/collcachelib/coll_cache_lib/freq_recorder.cc:337] bulk append 3609177 into 53301670
[2023-04-12 20:57:58.272007: E /samgraph/3rdparty/collcachelib/coll_cache_lib/freq_recorder.cc:347] bulk append 31537844
[2023-04-12 20:57:58.272580: E /samgraph/3rdparty/collcachelib/coll_cache_lib/freq_recorder.cc:337] bulk append 3606475 into 56910847
[2023-04-12 20:57:58.287771: E /samgraph/3rdparty/collcachelib/coll_cache_lib/freq_recorder.cc:347] bulk append 31513916
[2023-04-12 20:57:58.288355: E /samgraph/3rdparty/collcachelib/coll_cache_lib/freq_recorder.cc:337] bulk append 3612615 into 60517322
[2023-04-12 20:57:58.303561: E /samgraph/3rdparty/collcachelib/coll_cache_lib/freq_recorder.cc:347] bulk append 31540330
[2023-04-12 20:57:58.304148: E /samgraph/3rdparty/collcachelib/coll_cache_lib/freq_recorder.cc:337] bulk append 3607590 into 64129937
[2023-04-12 20:57:58.319353: E /samgraph/3rdparty/collcachelib/coll_cache_lib/freq_recorder.cc:347] bulk append 31512541
[2023-04-12 20:57:58.319947: E /samgraph/3rdparty/collcachelib/coll_cache_lib/freq_recorder.cc:337] bulk append 3611693 into 67737527
[2023-04-12 20:57:58.335181: E /samgraph/3rdparty/collcachelib/coll_cache_lib/freq_recorder.cc:347] bulk append 31562736
[2023-04-12 20:57:58.335775: E /samgraph/3rdparty/collcachelib/coll_cache_lib/freq_recorder.cc:337] bulk append 3646367 into 71349220
[2023-04-12 20:57:58.351110: E /samgraph/3rdparty/collcachelib/coll_cache_lib/freq_recorder.cc:347] bulk append 31484026
[2023-04-12 20:57:58.351662: E /samgraph/3rdparty/collcachelib/coll_cache_lib/freq_recorder.cc:337] bulk append 3650770 into 74995587
[2023-04-12 20:57:58.366974: E /samgraph/3rdparty/collcachelib/coll_cache_lib/freq_recorder.cc:347] bulk append 31445196
[2023-04-12 20:57:58.367516: E /samgraph/3rdparty/collcachelib/coll_cache_lib/freq_recorder.cc:337] bulk append 3644827 into 78646357
[2023-04-12 20:57:58.382806: E /samgraph/3rdparty/collcachelib/coll_cache_lib/freq_recorder.cc:347] bulk append 31391932
[2023-04-12 20:57:58.383346: E /samgraph/3rdparty/collcachelib/coll_cache_lib/freq_recorder.cc:337] bulk append 3650390 into 82291184
[2023-04-12 20:57:58.398653: E /samgraph/3rdparty/collcachelib/coll_cache_lib/freq_recorder.cc:347] bulk append 31414629
[2023-04-12 20:57:58.399199: E /samgraph/3rdparty/collcachelib/coll_cache_lib/freq_recorder.cc:337] bulk append 3645680 into 85941574
[2023-04-12 20:57:58.414495: E /samgraph/3rdparty/collcachelib/coll_cache_lib/freq_recorder.cc:347] bulk append 31460512
[2023-04-12 20:57:58.415036: E /samgraph/3rdparty/collcachelib/coll_cache_lib/freq_recorder.cc:337] bulk append 3649130 into 89587254
[2023-04-12 20:57:58.430318: E /samgraph/3rdparty/collcachelib/coll_cache_lib/freq_recorder.cc:347] bulk append 31468639
[2023-04-12 20:57:58.430863: E /samgraph/3rdparty/collcachelib/coll_cache_lib/freq_recorder.cc:337] bulk append 3645896 into 93236384
[2023-04-12 20:57:58.446166: E /samgraph/3rdparty/collcachelib/coll_cache_lib/freq_recorder.cc:347] bulk append 31442717
[2023-04-12 20:57:58.446709: E /samgraph/3rdparty/collcachelib/coll_cache_lib/freq_recorder.cc:337] bulk append 3652339 into 96882280
[2023-04-12 20:57:58.462019: E /samgraph/3rdparty/collcachelib/coll_cache_lib/freq_recorder.cc:347] bulk append 31508846
[2023-04-12 20:57:58.462547: E /samgraph/3rdparty/collcachelib/coll_cache_lib/freq_recorder.cc:337] bulk append 3648310 into 100534619
[2023-04-12 20:57:58.477857: E /samgraph/3rdparty/collcachelib/coll_cache_lib/freq_recorder.cc:347] bulk append 31443799
[2023-04-12 20:57:58.478393: E /samgraph/3rdparty/collcachelib/coll_cache_lib/freq_recorder.cc:337] bulk append 3650502 into 104182929
[2023-04-12 20:57:58.493702: E /samgraph/3rdparty/collcachelib/coll_cache_lib/freq_recorder.cc:347] bulk append 31512799
[2023-04-12 20:57:58.494246: E /samgraph/3rdparty/collcachelib/coll_cache_lib/freq_recorder.cc:337] bulk append 3654844 into 107833431
[2023-04-12 20:57:58.509624: E /samgraph/3rdparty/collcachelib/coll_cache_lib/freq_recorder.cc:347] bulk append 31503570
[2023-04-12 20:57:58.510183: E /samgraph/3rdparty/collcachelib/coll_cache_lib/freq_recorder.cc:337] bulk append 3661034 into 111488275
[2023-04-12 20:57:58.525554: E /samgraph/3rdparty/collcachelib/coll_cache_lib/freq_recorder.cc:347] bulk append 31466762
[2023-04-12 20:57:58.526103: E /samgraph/3rdparty/collcachelib/coll_cache_lib/freq_recorder.cc:337] bulk append 3654269 into 115149309
[2023-04-12 20:57:58.541480: E /samgraph/3rdparty/collcachelib/coll_cache_lib/freq_recorder.cc:347] bulk append 31422311
[2023-04-12 20:57:58.542031: E /samgraph/3rdparty/collcachelib/coll_cache_lib/freq_recorder.cc:337] bulk append 3659706 into 118803578
[2023-04-12 20:57:58.557378: E /samgraph/3rdparty/collcachelib/coll_cache_lib/freq_recorder.cc:347] bulk append 31439635
[2023-04-12 20:57:58.557904: E /samgraph/3rdparty/collcachelib/coll_cache_lib/freq_recorder.cc:337] bulk append 3657077 into 122463284
[2023-04-12 20:57:58.573269: E /samgraph/3rdparty/collcachelib/coll_cache_lib/freq_recorder.cc:347] bulk append 31474716
[2023-04-12 20:57:58.573815: E /samgraph/3rdparty/collcachelib/coll_cache_lib/freq_recorder.cc:337] bulk append 3657769 into 126120361
[2023-04-12 20:57:58.589164: E /samgraph/3rdparty/collcachelib/coll_cache_lib/freq_recorder.cc:347] bulk append 31483196
[2023-04-12 20:57:58.589705: E /samgraph/3rdparty/collcachelib/coll_cache_lib/freq_recorder.cc:337] bulk append 3655801 into 129778130
[2023-04-12 20:57:58.605041: E /samgraph/3rdparty/collcachelib/coll_cache_lib/freq_recorder.cc:347] bulk append 31463030
[2023-04-12 20:57:58.605580: E /samgraph/3rdparty/collcachelib/coll_cache_lib/freq_recorder.cc:337] bulk append 3660599 into 133433931
[2023-04-12 20:57:58.620959: E /samgraph/3rdparty/collcachelib/coll_cache_lib/freq_recorder.cc:347] bulk append 31526246
[2023-04-12 20:57:58.621500: E /samgraph/3rdparty/collcachelib/coll_cache_lib/freq_recorder.cc:337] bulk append 3653469 into 137094530
[2023-04-12 20:57:58.636827: E /samgraph/3rdparty/collcachelib/coll_cache_lib/freq_recorder.cc:347] bulk append 31477537
[2023-04-12 20:57:58.637392: E /samgraph/3rdparty/collcachelib/coll_cache_lib/freq_recorder.cc:337] bulk append 3658193 into 140747999
[2023-04-12 20:57:58.652743: E /samgraph/3rdparty/collcachelib/coll_cache_lib/freq_recorder.cc:347] bulk append 31526080
[2023-04-12 20:57:58.653290: E /samgraph/3rdparty/collcachelib/coll_cache_lib/freq_recorder.cc:337] bulk append 3662144 into 144406192
[2023-04-12 20:57:58.668683: E /samgraph/3rdparty/collcachelib/coll_cache_lib/freq_recorder.cc:347] bulk append 31393031
[2023-04-12 20:57:58.669261: E /samgraph/3rdparty/collcachelib/coll_cache_lib/freq_recorder.cc:337] bulk append 3668060 into 148068336
[2023-04-12 20:57:58.684665: E /samgraph/3rdparty/collcachelib/coll_cache_lib/freq_recorder.cc:347] bulk append 31352460
[2023-04-12 20:57:58.685243: E /samgraph/3rdparty/collcachelib/coll_cache_lib/freq_recorder.cc:337] bulk append 3661698 into 151736396
[2023-04-12 20:57:58.700622: E /samgraph/3rdparty/collcachelib/coll_cache_lib/freq_recorder.cc:347] bulk append 31316103
[2023-04-12 20:57:58.701195: E /samgraph/3rdparty/collcachelib/coll_cache_lib/freq_recorder.cc:337] bulk append 3666075 into 155398094
[2023-04-12 20:57:58.716628: E /samgraph/3rdparty/collcachelib/coll_cache_lib/freq_recorder.cc:347] bulk append 31338549
[2023-04-12 20:57:58.717184: E /samgraph/3rdparty/collcachelib/coll_cache_lib/freq_recorder.cc:337] bulk append 3664449 into 159064169
[2023-04-12 20:57:58.732570: E /samgraph/3rdparty/collcachelib/coll_cache_lib/freq_recorder.cc:347] bulk append 31362275
[2023-04-12 20:57:58.733142: E /samgraph/3rdparty/collcachelib/coll_cache_lib/freq_recorder.cc:337] bulk append 3666085 into 162728618
[2023-04-12 20:57:58.748541: E /samgraph/3rdparty/collcachelib/coll_cache_lib/freq_recorder.cc:347] bulk append 31372119
[2023-04-12 20:57:58.749118: E /samgraph/3rdparty/collcachelib/coll_cache_lib/freq_recorder.cc:337] bulk append 3661865 into 166394703
[2023-04-12 20:57:58.764508: E /samgraph/3rdparty/collcachelib/coll_cache_lib/freq_recorder.cc:347] bulk append 31366326
[2023-04-12 20:57:58.765087: E /samgraph/3rdparty/collcachelib/coll_cache_lib/freq_recorder.cc:337] bulk append 3670102 into 170056568
[2023-04-12 20:57:58.780493: E /samgraph/3rdparty/collcachelib/coll_cache_lib/freq_recorder.cc:347] bulk append 31430718
[2023-04-12 20:57:58.781059: E /samgraph/3rdparty/collcachelib/coll_cache_lib/freq_recorder.cc:337] bulk append 3662588 into 173726670
[2023-04-12 20:57:58.796452: E /samgraph/3rdparty/collcachelib/coll_cache_lib/freq_recorder.cc:347] bulk append 31388146
[2023-04-12 20:57:58.797018: E /samgraph/3rdparty/collcachelib/coll_cache_lib/freq_recorder.cc:337] bulk append 3665260 into 177389258
[2023-04-12 20:57:58.812414: E /samgraph/3rdparty/collcachelib/coll_cache_lib/freq_recorder.cc:347] bulk append 31409578
[2023-04-12 20:57:58.812984: E /samgraph/3rdparty/collcachelib/coll_cache_lib/freq_recorder.cc:337] bulk append 3620970 into 181054518
[2023-04-12 20:57:58.828224: E /samgraph/3rdparty/collcachelib/coll_cache_lib/freq_recorder.cc:347] bulk append 31152906
[2023-04-12 20:57:58.828787: E /samgraph/3rdparty/collcachelib/coll_cache_lib/freq_recorder.cc:337] bulk append 3626990 into 184675488
[2023-04-12 20:57:58.844047: E /samgraph/3rdparty/collcachelib/coll_cache_lib/freq_recorder.cc:347] bulk append 31089174
[2023-04-12 20:57:58.844600: E /samgraph/3rdparty/collcachelib/coll_cache_lib/freq_recorder.cc:337] bulk append 3620668 into 188302478
[2023-04-12 20:57:58.859825: E /samgraph/3rdparty/collcachelib/coll_cache_lib/freq_recorder.cc:347] bulk append 31069578
[2023-04-12 20:57:58.860369: E /samgraph/3rdparty/collcachelib/coll_cache_lib/freq_recorder.cc:337] bulk append 3625215 into 191923146
[2023-04-12 20:57:58.875585: E /samgraph/3rdparty/collcachelib/coll_cache_lib/freq_recorder.cc:347] bulk append 31091137
[2023-04-12 20:57:58.876141: E /samgraph/3rdparty/collcachelib/coll_cache_lib/freq_recorder.cc:337] bulk append 3623108 into 195548361
[2023-04-12 20:57:58.891356: E /samgraph/3rdparty/collcachelib/coll_cache_lib/freq_recorder.cc:347] bulk append 31107346
[2023-04-12 20:57:58.891902: E /samgraph/3rdparty/collcachelib/coll_cache_lib/freq_recorder.cc:337] bulk append 3626173 into 199171469
[2023-04-12 20:57:58.907802: E /samgraph/3rdparty/collcachelib/coll_cache_lib/freq_recorder.cc:347] bulk append 31130137
[2023-04-12 20:57:58.908599: E /samgraph/3rdparty/collcachelib/coll_cache_lib/freq_recorder.cc:337] bulk append 3621931 into 202797642
[2023-04-12 20:57:58.923825: E /samgraph/3rdparty/collcachelib/coll_cache_lib/freq_recorder.cc:347] bulk append 31110704
[2023-04-12 20:57:58.924362: E /samgraph/3rdparty/collcachelib/coll_cache_lib/freq_recorder.cc:337] bulk append 3628853 into 206419573
[2023-04-12 20:57:58.939611: E /samgraph/3rdparty/collcachelib/coll_cache_lib/freq_recorder.cc:347] bulk append 31179442
[2023-04-12 20:57:58.940158: E /samgraph/3rdparty/collcachelib/coll_cache_lib/freq_recorder.cc:337] bulk append 3622877 into 210048426
[2023-04-12 20:57:58.955396: E /samgraph/3rdparty/collcachelib/coll_cache_lib/freq_recorder.cc:347] bulk append 31128600
[2023-04-12 20:57:58.955939: E /samgraph/3rdparty/collcachelib/coll_cache_lib/freq_recorder.cc:337] bulk append 3625943 into 213671303
[2023-04-12 20:57:58.971161: E /samgraph/3rdparty/collcachelib/coll_cache_lib/freq_recorder.cc:347] bulk append 31162981
[2023-04-12 20:57:58.971714: E /samgraph/3rdparty/collcachelib/coll_cache_lib/freq_recorder.cc:337] bulk append 3565751 into 217297246
[2023-04-12 20:57:58.986789: E /samgraph/3rdparty/collcachelib/coll_cache_lib/freq_recorder.cc:347] bulk append 30705433
[2023-04-12 20:57:58.987316: E /samgraph/3rdparty/collcachelib/coll_cache_lib/freq_recorder.cc:337] bulk append 3574731 into 220862997
[2023-04-12 20:57:59.  2392: E /samgraph/3rdparty/collcachelib/coll_cache_lib/freq_recorder.cc:347] bulk append 30649795
[2023-04-12 20:57:59.  2943: E /samgraph/3rdparty/collcachelib/coll_cache_lib/freq_recorder.cc:337] bulk append 3566552 into 224437728
[2023-04-12 20:57:59. 17972: E /samgraph/3rdparty/collcachelib/coll_cache_lib/freq_recorder.cc:347] bulk append 30620089
[2023-04-12 20:57:59. 18505: E /samgraph/3rdparty/collcachelib/coll_cache_lib/freq_recorder.cc:337] bulk append 3572345 into 228004280
[2023-04-12 20:57:59. 33554: E /samgraph/3rdparty/collcachelib/coll_cache_lib/freq_recorder.cc:347] bulk append 30660833
[2023-04-12 20:57:59. 34108: E /samgraph/3rdparty/collcachelib/coll_cache_lib/freq_recorder.cc:337] bulk append 3568784 into 231576625
[2023-04-12 20:57:59. 49167: E /samgraph/3rdparty/collcachelib/coll_cache_lib/freq_recorder.cc:347] bulk append 30636747
[2023-04-12 20:57:59. 49712: E /samgraph/3rdparty/collcachelib/coll_cache_lib/freq_recorder.cc:337] bulk append 3573040 into 235145409
[2023-04-12 20:57:59. 64746: E /samgraph/3rdparty/collcachelib/coll_cache_lib/freq_recorder.cc:347] bulk append 30681123
[2023-04-12 20:57:59. 65278: E /samgraph/3rdparty/collcachelib/coll_cache_lib/freq_recorder.cc:337] bulk append 3569128 into 238718449
[2023-04-12 20:57:59. 80297: E /samgraph/3rdparty/collcachelib/coll_cache_lib/freq_recorder.cc:347] bulk append 30657245
[2023-04-12 20:57:59. 80847: E /samgraph/3rdparty/collcachelib/coll_cache_lib/freq_recorder.cc:337] bulk append 3575993 into 242287577
[2023-04-12 20:57:59. 95913: E /samgraph/3rdparty/collcachelib/coll_cache_lib/freq_recorder.cc:347] bulk append 30731058
[2023-04-12 20:57:59. 96498: E /samgraph/3rdparty/collcachelib/coll_cache_lib/freq_recorder.cc:337] bulk append 3568798 into 245863570
[2023-04-12 20:57:59.111545: E /samgraph/3rdparty/collcachelib/coll_cache_lib/freq_recorder.cc:347] bulk append 30684267
[2023-04-12 20:57:59.112097: E /samgraph/3rdparty/collcachelib/coll_cache_lib/freq_recorder.cc:337] bulk append 3571630 into 249432368
[2023-04-12 20:57:59.127149: E /samgraph/3rdparty/collcachelib/coll_cache_lib/freq_recorder.cc:347] bulk append 30711691
[2023-04-12 20:57:59.127701: E /samgraph/3rdparty/collcachelib/coll_cache_lib/freq_recorder.cc:337] bulk append 3488680 into 253003998
[2023-04-12 20:57:59.142547: E /samgraph/3rdparty/collcachelib/coll_cache_lib/freq_recorder.cc:347] bulk append 29877077
[2023-04-12 20:57:59.143145: E /samgraph/3rdparty/collcachelib/coll_cache_lib/freq_recorder.cc:337] bulk append 3496939 into 256492678
[2023-04-12 20:57:59.157995: E /samgraph/3rdparty/collcachelib/coll_cache_lib/freq_recorder.cc:347] bulk append 29810906
[2023-04-12 20:57:59.158561: E /samgraph/3rdparty/collcachelib/coll_cache_lib/freq_recorder.cc:337] bulk append 3489668 into 259989617
[2023-04-12 20:57:59.173374: E /samgraph/3rdparty/collcachelib/coll_cache_lib/freq_recorder.cc:347] bulk append 29799389
[2023-04-12 20:57:59.173949: E /samgraph/3rdparty/collcachelib/coll_cache_lib/freq_recorder.cc:337] bulk append 3493568 into 263479285
[2023-04-12 20:57:59.188792: E /samgraph/3rdparty/collcachelib/coll_cache_lib/freq_recorder.cc:347] bulk append 29837683
[2023-04-12 20:57:59.189367: E /samgraph/3rdparty/collcachelib/coll_cache_lib/freq_recorder.cc:337] bulk append 3489067 into 266972853
[2023-04-12 20:57:59.204181: E /samgraph/3rdparty/collcachelib/coll_cache_lib/freq_recorder.cc:347] bulk append 29824306
[2023-04-12 20:57:59.204750: E /samgraph/3rdparty/collcachelib/coll_cache_lib/freq_recorder.cc:337] bulk append 3493644 into 270461920
[2023-04-12 20:57:59.219588: E /samgraph/3rdparty/collcachelib/coll_cache_lib/freq_recorder.cc:347] bulk append 29838714
[2023-04-12 20:57:59.220168: E /samgraph/3rdparty/collcachelib/coll_cache_lib/freq_recorder.cc:337] bulk append 3487206 into 273955564
[2023-04-12 20:57:59.234982: E /samgraph/3rdparty/collcachelib/coll_cache_lib/freq_recorder.cc:347] bulk append 29851820
[2023-04-12 20:57:59.235550: E /samgraph/3rdparty/collcachelib/coll_cache_lib/freq_recorder.cc:337] bulk append 3495773 into 277442770
[2023-04-12 20:57:59.250376: E /samgraph/3rdparty/collcachelib/coll_cache_lib/freq_recorder.cc:347] bulk append 29911787
[2023-04-12 20:57:59.250947: E /samgraph/3rdparty/collcachelib/coll_cache_lib/freq_recorder.cc:337] bulk append 3489065 into 280938543
[2023-04-12 20:57:59.265763: E /samgraph/3rdparty/collcachelib/coll_cache_lib/freq_recorder.cc:347] bulk append 29887952
[2023-04-12 20:57:59.266326: E /samgraph/3rdparty/collcachelib/coll_cache_lib/freq_recorder.cc:337] bulk append 3491094 into 284427608
[2023-04-12 20:57:59.281151: E /samgraph/3rdparty/collcachelib/coll_cache_lib/freq_recorder.cc:347] bulk append 29870765
[2023-04-12 20:57:59.281726: E /samgraph/3rdparty/collcachelib/coll_cache_lib/freq_recorder.cc:266] freq recorder global combining
[2023-04-12 20:57:59.[281766: 2023-04-12 20:57:59E. 281769/samgraph/3rdparty/collcachelib/coll_cache_lib/facade.cc: :E409 ] /samgraph/3rdparty/collcachelib/coll_cache_lib/facade.ccbefore scale, dtype is 0, dim is 256[[:
[2023-04-12 20:57:592023-04-12 20:57:59409[[2023-04-12 20:57:59[..] 2023-04-12 20:57:592023-04-12 20:57:59.2023-04-12 20:57:59281776281782before scale, dtype is 0, dim is 256..281785.: : 
281790281790: 281799EE: : [E:   EE2023-04-12 20:57:59 E/samgraph/3rdparty/collcachelib/coll_cache_lib/facade.cc/samgraph/3rdparty/collcachelib/coll_cache_lib/facade.cc  ./samgraph/3rdparty/collcachelib/coll_cache_lib/facade.cc ::/samgraph/3rdparty/collcachelib/coll_cache_lib/facade.cc/samgraph/3rdparty/collcachelib/coll_cache_lib/facade.cc281839:/samgraph/3rdparty/collcachelib/coll_cache_lib/facade.cc409409::: 409:] ] 409409E] 415before scale, dtype is 0, dim is 256before scale, dtype is 0, dim is 256] ]  before scale, dtype is 0, dim is 256] 

before scale, dtype is 0, dim is 256before scale, dtype is 0, dim is 256/samgraph/3rdparty/collcachelib/coll_cache_lib/facade.cc
after scale, dtype is 7, new dim is 64

:[[
[415[2023-04-12 20:57:592023-04-12 20:57:59[2023-04-12 20:57:59] 2023-04-12 20:57:59..2023-04-12 20:57:59.after scale, dtype is 7, new dim is 64.281914281913.281918
281922: : 281923: : EE: EE  E  /samgraph/3rdparty/collcachelib/coll_cache_lib/facade.cc/samgraph/3rdparty/collcachelib/coll_cache_lib/facade.cc /samgraph/3rdparty/collcachelib/coll_cache_lib/facade.cc/samgraph/3rdparty/collcachelib/coll_cache_lib/facade.cc::/samgraph/3rdparty/collcachelib/coll_cache_lib/facade.cc::415415:415415] ] 415] ] after scale, dtype is 7, new dim is 64after scale, dtype is 7, new dim is 64] after scale, dtype is 7, new dim is 64after scale, dtype is 7, new dim is 64

after scale, dtype is 7, new dim is 64


[2023-04-12 20:57:59.283289: E /samgraph/3rdparty/collcachelib/coll_cache_lib/coll_cache/asymm_link_desc.cc:201] assigning 0 to cpu
[2023-04-12 20:57:59.283330: E /samgraph/3rdparty/collcachelib/coll_cache_lib/coll_cache/asymm_link_desc.cc:218] build symm link desc with 8X NVIDIA A100-SXM4-80GB out of 8
[2023-04-12 20:57:59.283357: E /samgraph/3rdparty/collcachelib/coll_cache_lib/coll_cache/asymm_link_desc.cc:219] remote time is 24.3333
[2023-04-12 20:57:59.283368: E /samgraph/3rdparty/collcachelib/coll_cache_lib/coll_cache/asymm_link_desc.cc:220] cpu time is 91.25
[2023-04-12 20:57:59.283394: E /samgraph/3rdparty/collcachelib/coll_cache_lib/facade.cc:425] registering cpu data with 16.00 GB
[2023-04-12 20:57:59.283428: E /samgraph/3rdparty/collcachelib/coll_cache_lib/coll_cache/asymm_link_desc.cc:201] assigning 0 to cpu
[2023-04-12 20:57:59.283464: E /samgraph/3rdparty/collcachelib/coll_cache_lib/coll_cache/asymm_link_desc.cc:218] build symm link desc with 8X NVIDIA A100-SXM4-80GB out of 8
[2023-04-12 20:57:59.283482: E /samgraph/3rdparty/collcachelib/coll_cache_lib/coll_cache/asymm_link_desc.cc:219] remote time is 24.3333
[2023-04-12 20:57:59.283493: E /samgraph/3rdparty/collcachelib/coll_cache_lib/coll_cache/asymm_link_desc.cc:220] cpu time is 91.25
[2023-04-12 20:57:59.283518: E /samgraph/3rdparty/collcachelib/coll_cache_lib/facade.cc:425] registering cpu data with 16.00 GB
[2023-04-12 20:57:59.283967: E /samgraph/3rdparty/collcachelib/coll_cache_lib/coll_cache/asymm_link_desc.cc:201] assigning 0 to cpu
[2023-04-12 20:57:59.284005: E /samgraph/3rdparty/collcachelib/coll_cache_lib/coll_cache/asymm_link_desc.cc:218] build symm link desc with 8X NVIDIA A100-SXM4-80GB out of 8
[2023-04-12 20:57:59.284022: E /samgraph/3rdparty/collcachelib/coll_cache_lib/coll_cache/asymm_link_desc.cc:219] remote time is 24.3333
[2023-04-12 20:57:59.284032: E /samgraph/3rdparty/collcachelib/coll_cache_lib/coll_cache/asymm_link_desc.cc:220] cpu time is 91.25
[2023-04-12 20:57:59.284057: E /samgraph/3rdparty/collcachelib/coll_cache_lib/facade.cc:425] registering cpu data with 16.00 GB
[2023-04-12 20:57:59.284394: E /samgraph/3rdparty/collcachelib/coll_cache_lib/coll_cache/asymm_link_desc.cc:201] assigning 0 to cpu
[2023-04-12 20:57:59.284433: E /samgraph/3rdparty/collcachelib/coll_cache_lib/coll_cache/asymm_link_desc.cc:218] build symm link desc with 8X NVIDIA A100-SXM4-80GB out of 8
[2023-04-12 20:57:59.284454: E /samgraph/3rdparty/collcachelib/coll_cache_lib/coll_cache/asymm_link_desc.cc:219] remote time is 24.3333
[2023-04-12 20:57:59.284464: E /samgraph/3rdparty/collcachelib/coll_cache_lib/coll_cache/asymm_link_desc.cc:220] cpu time is 91.25
[2023-04-12 20:57:59.284481: E /samgraph/3rdparty/collcachelib/coll_cache_lib/coll_cache/asymm_link_desc.cc:201] assigning 0 to cpu
[2023-04-12 20:57:59.284491: E /samgraph/3rdparty/collcachelib/coll_cache_lib/facade.cc:425] registering cpu data with 16.00 GB
[2023-04-12 20:57:59.284519: E /samgraph/3rdparty/collcachelib/coll_cache_lib/coll_cache/asymm_link_desc.cc:218] build symm link desc with 8X NVIDIA A100-SXM4-80GB out of 8
[2023-04-12 20:57:59.284542: E /samgraph/3rdparty/collcachelib/coll_cache_lib/coll_cache/asymm_link_desc.cc:219] remote time is 24.3333
[2023-04-12 20:57:59.284553: E /samgraph/3rdparty/collcachelib/coll_cache_lib/coll_cache/asymm_link_desc.cc:220] cpu time is 91.25
[2023-04-12 20:57:59.284578: E /samgraph/3rdparty/collcachelib/coll_cache_lib/facade.cc:425] registering cpu data with 16.00 GB
[2023-04-12 20:57:59.284905: E /samgraph/3rdparty/collcachelib/coll_cache_lib/coll_cache/asymm_link_desc.cc:201] assigning 0 to cpu
[2023-04-12 20:57:59.284949: E /samgraph/3rdparty/collcachelib/coll_cache_lib/coll_cache/asymm_link_desc.cc:218] build symm link desc with 8X NVIDIA A100-SXM4-80GB out of 8
[2023-04-12 20:57:59.284967: E /samgraph/3rdparty/collcachelib/coll_cache_lib/coll_cache/asymm_link_desc.cc:219] remote time is 24.3333
[2023-04-12 20:57:59.284978: E /samgraph/3rdparty/collcachelib/coll_cache_lib/coll_cache/asymm_link_desc.cc:220] cpu time is 91.25
[2023-04-12 20:57:59.285003: E /samgraph/3rdparty/collcachelib/coll_cache_lib/facade.cc:425] registering cpu data with 16.00 GB
[2023-04-12 20:57:59.285102: E /samgraph/3rdparty/collcachelib/coll_cache_lib/coll_cache/asymm_link_desc.cc:201] assigning 0 to cpu
[2023-04-12 20:57:59.285138: E /samgraph/3rdparty/collcachelib/coll_cache_lib/coll_cache/asymm_link_desc.cc:218] build symm link desc with 8X NVIDIA A100-SXM4-80GB out of 8
[2023-04-12 20:57:59.285155: E /samgraph/3rdparty/collcachelib/coll_cache_lib/coll_cache/asymm_link_desc.cc:219] remote time is 24.3333
[2023-04-12 20:57:59.285165: E /samgraph/3rdparty/collcachelib/coll_cache_lib/coll_cache/asymm_link_desc.cc:220] cpu time is 91.25
[2023-04-12 20:57:59.285192: E /samgraph/3rdparty/collcachelib/coll_cache_lib/facade.cc:425] registering cpu data with 16.00 GB
[2023-04-12 20:58:02.262053: E /samgraph/3rdparty/collcachelib/coll_cache_lib/facade.cc:427] registering cpu data done.
[2023-04-12 20:58:02.262274: E /samgraph/3rdparty/collcachelib/coll_cache_lib/facade.cc:427] registering cpu data done.
[2023-04-12 20:58:02.262509: E /samgraph/3rdparty/collcachelib/coll_cache_lib/facade.cc:427] registering cpu data done.
[2023-04-12 20:58:02.262815: E /samgraph/3rdparty/collcachelib/coll_cache_lib/facade.cc:427] registering cpu data done.
[2023-04-12 20:58:02.265429: E /samgraph/3rdparty/collcachelib/coll_cache_lib/facade.cc:427] registering cpu data done.
[2023-04-12 20:58:02.270972: E /samgraph/3rdparty/collcachelib/coll_cache_lib/facade.cc:427] registering cpu data done.
[2023-04-12 20:58:02.273884: E /samgraph/3rdparty/collcachelib/coll_cache_lib/facade.cc:427] registering cpu data done.
[2023-04-12 20:58:06.622135: E /samgraph/3rdparty/collcachelib/coll_cache_lib/freq_recorder.cc:269] freq recorder global combine from 287918702 to 57331268
[2023-04-12 20:58:11.924038: E /samgraph/3rdparty/collcachelib/coll_cache_lib/freq_recorder.cc:286] top 5 freq is 1692,1622,1618,1601,1575
[2023-04-12 20:58:11.924125: E /samgraph/3rdparty/collcachelib/coll_cache_lib/facade.cc:409] before scale, dtype is 0, dim is 256
[2023-04-12 20:58:11.924137: E /samgraph/3rdparty/collcachelib/coll_cache_lib/facade.cc:415] after scale, dtype is 7, new dim is 64
[2023-04-12 20:58:11.925264: E /samgraph/3rdparty/collcachelib/coll_cache_lib/coll_cache/asymm_link_desc.cc:201] assigning 0 to cpu
[2023-04-12 20:58:11.925298: E /samgraph/3rdparty/collcachelib/coll_cache_lib/coll_cache/asymm_link_desc.cc:218] build symm link desc with 8X NVIDIA A100-SXM4-80GB out of 8
[2023-04-12 20:58:11.925325: E /samgraph/3rdparty/collcachelib/coll_cache_lib/coll_cache/asymm_link_desc.cc:219] remote time is 24.3333
[2023-04-12 20:58:11.925336: E /samgraph/3rdparty/collcachelib/coll_cache_lib/coll_cache/asymm_link_desc.cc:220] cpu time is 91.25
[2023-04-12 20:58:11.925372: E /samgraph/3rdparty/collcachelib/coll_cache_lib/facade.cc:425] registering cpu data with 16.00 GB
[2023-04-12 20:58:12.690838: E /samgraph/3rdparty/collcachelib/coll_cache_lib/facade.cc:427] registering cpu data done.
[2023-04-12 20:58:12.690900: E /samgraph/3rdparty/collcachelib/coll_cache_lib/facade.cc:174] creating solver
[2023-04-12 20:58:12.690912: E /samgraph/3rdparty/collcachelib/coll_cache_lib/facade.cc:214] solver created. now build & solve
[2023-04-12 20:58:12.892144: E /samgraph/3rdparty/collcachelib/coll_cache_lib/facade.cc:218] solver built. now solve
block 0 storage is 00000001
	access is	0	0	0	0	0	0	0	0	
block 1 storage is 00000010
	access is	1	1	1	1	1	1	1	1	
block 2 storage is 00000100
	access is	2	2	2	2	2	2	2	2	
block 3 storage is 00001000
	access is	3	3	3	3	3	3	3	3	
block 4 storage is 00010000
	access is	4	4	4	4	4	4	4	4	
block 5 storage is 00100000
	access is	5	5	5	5	5	5	5	5	
block 6 storage is 01000000
	access is	6	6	6	6	6	6	6	6	
block 7 storage is 10000000
	access is	7	7	7	7	7	7	7	7	
block 8 storage is 00000000
	access is	8	8	8	8	8	8	8	8	
[2023-04-12 20:58:13. 15885: E /samgraph/3rdparty/collcachelib/coll_cache_lib/facade.cc:222] solver solved
[2023-04-12 20:58:13. 17079: E /samgraph/3rdparty/collcachelib/coll_cache_lib/facade.cc:437] 0 solved master
[2023-04-12 20:58:13. 17101: E /samgraph/3rdparty/collcachelib/coll_cache_lib/facade.cc:444] 0 solved
[2023-04-12 20:58:13. 17112: E /samgraph/3rdparty/collcachelib/coll_cache_lib/facade.cc:447] worker 0 thread 0 initing device 0
[2023-04-12 20:58:13. 17623: E /samgraph/3rdparty/collcachelib/coll_cache_lib/cache_context.cu:2308] Building Coll Cache with ... num gpu device is 8
[2023-04-12 20:58:13. 17975: E /samgraph/3rdparty/collcachelib/coll_cache_lib/cuda/cache_hashtable.cuh:611] per src size local is 1443483
[2023-04-12 20:58:13. 24902: E /samgraph/3rdparty/collcachelib/coll_cache_lib/facade.cc:444] 1 solved
[2023-04-12 20:58:13. 24933: E /samgraph/3rdparty/collcachelib/coll_cache_lib/facade.cc:447] worker 0 thread 1 initing device 1
[2023-04-12 20:58:13. 25292: E /samgraph/3rdparty/collcachelib/coll_cache_lib/cache_context.cu:2308] Building Coll Cache with ... num gpu device is 8
[2023-04-12 20:58:13. 29284: E /samgraph/3rdparty/collcachelib/coll_cache_lib/facade.cc:444] 3 solved
[2023-04-12 20:58:13. 29314: E /samgraph/3rdparty/collcachelib/coll_cache_lib/facade.cc:447] worker 0 thread 3 initing device 3
[2023-04-12 20:58:13. 30816: E /samgraph/3rdparty/collcachelib/coll_cache_lib/facade.cc:444] 7 solved
[2023-04-12 20:58:13. 30887: E /samgraph/3rdparty/collcachelib/coll_cache_lib/facade.cc:447] worker 0 thread 7 initing device 7
[2023-04-12 20:58:13. 31472: E /samgraph/3rdparty/collcachelib/coll_cache_lib/cache_context.cu:2308] Building Coll Cache with ... num gpu device is 8
[2023-04-12 20:58:13. 35892: E /samgraph/3rdparty/collcachelib/coll_cache_lib/facade.cc:444] 2 solved
[2023-04-12 20:58:13. 35922: E /samgraph/3rdparty/collcachelib/coll_cache_lib/facade.cc:447] worker 0 thread 2 initing device 2
[2023-04-12 20:58:13. 35967: E /samgraph/3rdparty/collcachelib/coll_cache_lib/facade.cc:444] 6 solved
[2023-04-12 20:58:13. 35995: E /samgraph/3rdparty/collcachelib/coll_cache_lib/facade.cc:447] worker 0 thread 6 initing device 6
[2023-04-12 20:58:13. 36279: E /samgraph/3rdparty/collcachelib/coll_cache_lib/cache_context.cu:2308] Building Coll Cache with ... num gpu device is 8
[2023-04-12 20:58:13. 45863: E /samgraph/3rdparty/collcachelib/coll_cache_lib/cache_context.cu:2308] Building Coll Cache with ... num gpu device is 8
[2023-04-12 20:58:13. 45866: E /samgraph/3rdparty/collcachelib/coll_cache_lib/facade.cc:444] 4 solved
[2023-04-12 20:58:13. 45911: E /samgraph/3rdparty/collcachelib/coll_cache_lib/facade.cc:447] worker 0 thread 4 initing device 4
[2023-04-12 20:58:13. 46240: E /samgraph/3rdparty/collcachelib/coll_cache_lib/cache_context.cu:2308] Building Coll Cache with ... num gpu device is 8
[2023-04-12 20:58:13. 55005: E /samgraph/3rdparty/collcachelib/coll_cache_lib/facade.cc:444] 5 solved
[2023-04-12 20:58:13. 55058: E /samgraph/3rdparty/collcachelib/coll_cache_lib/facade.cc:447] worker 0 thread 5 initing device 5
[2023-04-12 20:58:13. 55480: E /samgraph/3rdparty/collcachelib/coll_cache_lib/cache_context.cu:2308] Building Coll Cache with ... num gpu device is 8
[2023-04-12 20:58:13. 56949: E /samgraph/3rdparty/collcachelib/coll_cache_lib/cache_context.cu:2308] Building Coll Cache with ... num gpu device is 8
[2023-04-12 20:58:13. 82132: E /samgraph/3rdparty/collcachelib/coll_cache_lib/cache_context.cu:2350] num cpu nodes is 55111030
[2023-04-12 20:58:13. 93226: E /samgraph/3rdparty/collcachelib/coll_cache_lib/cache_context.cu:2350] num cpu nodes is 55111030
[2023-04-12 20:58:13. 99869: E /samgraph/3rdparty/collcachelib/coll_cache_lib/cache_context.cu:2350] num cpu nodes is 55111030
[2023-04-12 20:58:13.104654: E /samgraph/3rdparty/collcachelib/coll_cache_lib/cache_context.cu:2350] num cpu nodes is 55111030
[2023-04-12 20:58:13.109012: E /samgraph/3rdparty/collcachelib/coll_cache_lib/cache_context.cu:2350] num cpu nodes is 55111030
[2023-04-12 20:58:13.110865: E /samgraph/3rdparty/collcachelib/coll_cache_lib/cache_context.cu:2350] num cpu nodes is 55111030
[2023-04-12 20:58:13.119495: E /samgraph/3rdparty/collcachelib/coll_cache_lib/cache_context.cu:2350] num cpu nodes is 55111030
[2023-04-12 20:58:13.119892: E /samgraph/3rdparty/collcachelib/coll_cache_lib/cache_context.cu:2350] num cpu nodes is 55111030
[2023-04-12 20:58:13.179679: E /samgraph/3rdparty/collcachelib/coll_cache_lib/cuda/cache_hashtable.cu:355] create a hashtable with 10497336 possible elem, scale to 33554432
[2023-04-12 20:58:13.179721: E /samgraph/3rdparty/collcachelib/coll_cache_lib/cuda/cache_hashtable.cu:360] SimpleHashTable allocating 256.00 MB
[2023-04-12 20:58:13.190865: E /samgraph/3rdparty/collcachelib/coll_cache_lib/cuda/cache_hashtable.cu:355] create a hashtable with 10497336 possible elem, scale to 33554432
[2023-04-12 20:58:13.190909: E /samgraph/3rdparty/collcachelib/coll_cache_lib/cuda/cache_hashtable.cu:360] SimpleHashTable allocating 256.00 MB
[2023-04-12 20:58:13.203325: E /samgraph/3rdparty/collcachelib/coll_cache_lib/cuda/cache_hashtable.cu:355] create a hashtable with 10497336 possible elem, scale to 33554432
[2023-04-12 20:58:13.203358: E /samgraph/3rdparty/collcachelib/coll_cache_lib/cuda/cache_hashtable.cu:360] SimpleHashTable allocating 256.00 MB
[2023-04-12 20:58:13.205605: E /samgraph/3rdparty/collcachelib/coll_cache_lib/cuda/cache_hashtable.cu:355] create a hashtable with 10497336 possible elem, scale to 33554432
[2023-04-12 20:58:13.205637: E /samgraph/3rdparty/collcachelib/coll_cache_lib/cuda/cache_hashtable.cu:360] SimpleHashTable allocating 256.00 MB
[2023-04-12 20:58:13.208169: E /samgraph/3rdparty/collcachelib/coll_cache_lib/cuda/cache_hashtable.cu:355] create a hashtable with 10497336 possible elem, scale to 33554432
[2023-04-12 20:58:13.208202: E /samgraph/3rdparty/collcachelib/coll_cache_lib/cuda/cache_hashtable.cu:360] SimpleHashTable allocating 256.00 MB
[2023-04-12 20:58:13.209354: E /samgraph/3rdparty/collcachelib/coll_cache_lib/cuda/cache_hashtable.cu:355] create a hashtable with 10497336 possible elem, scale to 33554432
[2023-04-12 20:58:13.209390: E /samgraph/3rdparty/collcachelib/coll_cache_lib/cuda/cache_hashtable.cu:360] SimpleHashTable allocating 256.00 MB
[2023-04-12 20:58:13.217758: E /samgraph/3rdparty/collcachelib/coll_cache_lib/cuda/cache_hashtable.cu:355] create a hashtable with 10497336 possible elem, scale to 33554432
[2023-04-12 20:58:13.217791: E /samgraph/3rdparty/collcachelib/coll_cache_lib/cuda/cache_hashtable.cu:360] SimpleHashTable allocating 256.00 MB
[2023-04-12 20:58:13.219545: E /samgraph/3rdparty/collcachelib/coll_cache_lib/cuda/cache_hashtable.cu:355] create a hashtable with 10497336 possible elem, scale to 33554432
[2023-04-12 20:58:13.219578: E /samgraph/3rdparty/collcachelib/coll_cache_lib/cuda/cache_hashtable.cu:360] SimpleHashTable allocating 256.00 MB
[2023-04-12 20:58:13.268355: E /samgraph/3rdparty/collcachelib/coll_cache_lib/common.cc:107] too many mem allocated for forcescale?1377775->65608
[2023-04-12 20:58:13.268386: E /samgraph/3rdparty/collcachelib/coll_cache_lib/common.cc:107] too many mem allocated for forcescale?1377775->65608
[2023-04-12 20:58:13.268783: E /samgraph/3rdparty/collcachelib/coll_cache_lib/common.cc:107] too many mem allocated for forcescale?1377775->65608
[2023-04-12 20:58:13.269043: E /samgraph/3rdparty/collcachelib/coll_cache_lib/common.cc:107] too many mem allocated for forcescale?1377775->65608
[2023-04-12 20:58:13.269277: E /samgraph/3rdparty/collcachelib/coll_cache_lib/common.cc:107] too many mem allocated for forcescale?1377775->65608
[2023-04-12 20:58:13.269314: E /samgraph/3rdparty/collcachelib/coll_cache_lib/common.cc:107] too many mem allocated for forcescale?1377775->65608
[2023-04-12 20:58:13.269366: E /samgraph/3rdparty/collcachelib/coll_cache_lib/common.cc:107] too many mem allocated for forcescale?1377775->65608
[2023-04-12 20:58:13.269662: E /samgraph/3rdparty/collcachelib/coll_cache_lib/common.cc:107] too many mem allocated for forcescale?1377775->65608
[2023-04-12 20:58:13.279346: E /samgraph/3rdparty/collcachelib/coll_cache_lib/cache_context.cu:2427] Asymm Coll cache (policy: clique_part) | local 1312167 / 65608366 nodes ( 2.00 %~2.00 %) | remote 9185169 / 65608366 nodes ( 14.00 %) | cpu 55111030 / 65608366 nodes ( 84.00 %) | 1.31 GB | 0.254037 secs 
[2023-04-12 20:58:13.294532: E /samgraph/3rdparty/collcachelib/coll_cache_lib/cache_context.cu:2427] Asymm Coll cache (policy: clique_part) | local 1312167 / 65608366 nodes ( 2.00 %~2.00 %) | remote 9185169 / 65608366 nodes ( 14.00 %) | cpu 55111030 / 65608366 nodes ( 84.00 %) | 1.31 GB | 0.237562 secs 
[2023-04-12 20:58:13.295089: E /samgraph/3rdparty/collcachelib/coll_cache_lib/cache_context.cu:2427] Asymm Coll cache (policy: clique_part) | local 1312167 / 65608366 nodes ( 2.00 %~2.00 %) | remote 9185169 / 65608366 nodes ( 14.00 %) | cpu 55111030 / 65608366 nodes ( 84.00 %) | 1.31 GB | 0.248834 secs 
[2023-04-12 20:58:13.295154: E /samgraph/3rdparty/collcachelib/coll_cache_lib/cache_context.cu:2427] Asymm Coll cache (policy: clique_part) | local 1312167 / 65608366 nodes ( 2.00 %~2.00 %) | remote 9185169 / 65608366 nodes ( 14.00 %) | cpu 55111030 / 65608366 nodes ( 84.00 %) | 1.31 GB | 0.25886 secs 
[2023-04-12 20:58:13.295294: E /samgraph/3rdparty/collcachelib/coll_cache_lib/cache_context.cu:2427] Asymm Coll cache (policy: clique_part) | local 1312167 / 65608366 nodes ( 2.00 %~2.00 %) | remote 9185169 / 65608366 nodes ( 14.00 %) | cpu 55111030 / 65608366 nodes ( 84.00 %) | 1.31 GB | 0.277658 secs 
[2023-04-12 20:58:13.297759: E /samgraph/3rdparty/collcachelib/coll_cache_lib/cache_context.cu:2427] Asymm Coll cache (policy: clique_part) | local 1312167 / 65608366 nodes ( 2.00 %~2.00 %) | remote 9185169 / 65608366 nodes ( 14.00 %) | cpu 55111030 / 65608366 nodes ( 84.00 %) | 1.31 GB | 0.251872 secs 
[2023-04-12 20:58:13.299807: E /samgraph/3rdparty/collcachelib/coll_cache_lib/cache_context.cu:2427] Asymm Coll cache (policy: clique_part) | local 1312167 / 65608366 nodes ( 2.00 %~2.00 %) | remote 9185169 / 65608366 nodes ( 14.00 %) | cpu 55111030 / 65608366 nodes ( 84.00 %) | 1.31 GB | 0.26831 secs 
[2023-04-12 20:58:13.303047: E /samgraph/3rdparty/collcachelib/coll_cache_lib/cache_context.cu:2427] Asymm Coll cache (policy: clique_part) | local 1312167 / 65608366 nodes ( 2.00 %~2.00 %) | remote 9185169 / 65608366 nodes ( 14.00 %) | cpu 55111030 / 65608366 nodes ( 84.00 %) | 1.31 GB | 0.247545 secs 
/usr/local/lib/python3.8/dist-packages/torch/nn/parallel/scatter_gather.py:9: UserWarning: is_namedtuple is deprecated, please use the python checks instead
  warnings.warn("is_namedtuple is deprecated, please use the python checks instead")
/usr/local/lib/python3.8/dist-packages/torch/nn/parallel/scatter_gather.py:9: UserWarning: is_namedtuple is deprecated, please use the python checks instead
  warnings.warn("is_namedtuple is deprecated, please use the python checks instead")
/usr/local/lib/python3.8/dist-packages/torch/nn/parallel/scatter_gather.py:9: UserWarning: is_namedtuple is deprecated, please use the python checks instead
  warnings.warn("is_namedtuple is deprecated, please use the python checks instead")
/usr/local/lib/python3.8/dist-packages/torch/nn/parallel/scatter_gather.py:9: UserWarning: is_namedtuple is deprecated, please use the python checks instead
  warnings.warn("is_namedtuple is deprecated, please use the python checks instead")
/usr/local/lib/python3.8/dist-packages/torch/nn/parallel/scatter_gather.py:9: UserWarning: is_namedtuple is deprecated, please use the python checks instead
  warnings.warn("is_namedtuple is deprecated, please use the python checks instead")
/usr/local/lib/python3.8/dist-packages/torch/nn/parallel/scatter_gather.py:9: UserWarning: is_namedtuple is deprecated, please use the python checks instead
  warnings.warn("is_namedtuple is deprecated, please use the python checks instead")
/usr/local/lib/python3.8/dist-packages/torch/nn/parallel/scatter_gather.py:9: UserWarning: is_namedtuple is deprecated, please use the python checks instead
  warnings.warn("is_namedtuple is deprecated, please use the python checks instead")
/usr/local/lib/python3.8/dist-packages/torch/nn/parallel/scatter_gather.py:9: UserWarning: is_namedtuple is deprecated, please use the python checks instead
  warnings.warn("is_namedtuple is deprecated, please use the python checks instead")
