/usr/lib/python3/dist-packages/requests/__init__.py:89: RequestsDependencyWarning: urllib3 (1.26.12) or chardet (3.0.4) doesn't match a supported version!
  warnings.warn("urllib3 ({}) or chardet ({}) doesn't match a supported "
[W socket.cpp:601] [c10d] The client socket has failed to connect to [localhost]:12335 (errno: 99 - Cannot assign requested address).
Rank=7 done reading 8201045 embedding vectors from file /nvme/songxiaoniu/graph-learning/wholegraph/com_friendster/converted/homograph_csr_row_ptr
Rank=6 done reading 8201046 embedding vectors from file /nvme/songxiaoniu/graph-learning/wholegraph/com_friendster/converted/homograph_csr_row_ptr
Rank=1 done reading 8201046 embedding vectors from file /nvme/songxiaoniu/graph-learning/wholegraph/com_friendster/converted/homograph_csr_row_ptr
Rank=0 done reading 8201046 embedding vectors from file /nvme/songxiaoniu/graph-learning/wholegraph/com_friendster/converted/homograph_csr_row_ptr
Rank=5 done reading 8201046 embedding vectors from file /nvme/songxiaoniu/graph-learning/wholegraph/com_friendster/converted/homograph_csr_row_ptr
Rank=2 done reading 8201046 embedding vectors from file /nvme/songxiaoniu/graph-learning/wholegraph/com_friendster/converted/homograph_csr_row_ptr
Rank=4 done reading 8201046 embedding vectors from file /nvme/songxiaoniu/graph-learning/wholegraph/com_friendster/converted/homograph_csr_row_ptr
Rank=3 done reading 8201046 embedding vectors from file /nvme/songxiaoniu/graph-learning/wholegraph/com_friendster/converted/homograph_csr_row_ptr
Rank=1 done reading 451516784 embedding vectors from file /nvme/songxiaoniu/graph-learning/wholegraph/com_friendster/converted/homograph_csr_col_idx
Rank=0 done reading 451516784 embedding vectors from file /nvme/songxiaoniu/graph-learning/wholegraph/com_friendster/converted/homograph_csr_col_idx
Rank=7 done reading 451516782 embedding vectors from file /nvme/songxiaoniu/graph-learning/wholegraph/com_friendster/converted/homograph_csr_col_idx
Rank=6 done reading 451516784 embedding vectors from file /nvme/songxiaoniu/graph-learning/wholegraph/com_friendster/converted/homograph_csr_col_idx
Rank=2 done reading 451516784 embedding vectors from file /nvme/songxiaoniu/graph-learning/wholegraph/com_friendster/converted/homograph_csr_col_idx
Rank=3 done reading 451516784 embedding vectors from file /nvme/songxiaoniu/graph-learning/wholegraph/com_friendster/converted/homograph_csr_col_idx
Rank=4 done reading 451516784 embedding vectors from file /nvme/songxiaoniu/graph-learning/wholegraph/com_friendster/converted/homograph_csr_col_idx
Rank=5 done reading 451516784 embedding vectors from file /nvme/songxiaoniu/graph-learning/wholegraph/com_friendster/converted/homograph_csr_col_idx
[2023-04-14 22:27:40.318290: E /samgraph/3rdparty/collcachelib/coll_cache_lib/freq_recorder.cc:337] bulk append 4210199 into 0
[2023-04-14 22:27:40.335226: E /samgraph/3rdparty/collcachelib/coll_cache_lib/freq_recorder.cc:347] bulk append 57930833
[2023-04-14 22:27:40.335824: E /samgraph/3rdparty/collcachelib/coll_cache_lib/freq_recorder.cc:337] bulk append 4213145 into 4210199
[2023-04-14 22:27:40.352886: E /samgraph/3rdparty/collcachelib/coll_cache_lib/freq_recorder.cc:347] bulk append 57910943
[2023-04-14 22:27:40.353443: E /samgraph/3rdparty/collcachelib/coll_cache_lib/freq_recorder.cc:337] bulk append 4208898 into 8423344
[2023-04-14 22:27:40.370397: E /samgraph/3rdparty/collcachelib/coll_cache_lib/freq_recorder.cc:347] bulk append 57820593
[2023-04-14 22:27:40.370951: E /samgraph/3rdparty/collcachelib/coll_cache_lib/freq_recorder.cc:337] bulk append 4211315 into 12632242
[2023-04-14 22:27:40.387902: E /samgraph/3rdparty/collcachelib/coll_cache_lib/freq_recorder.cc:347] bulk append 57852158
[2023-04-14 22:27:40.388464: E /samgraph/3rdparty/collcachelib/coll_cache_lib/freq_recorder.cc:337] bulk append 4210899 into 16843557
[2023-04-14 22:27:40.405472: E /samgraph/3rdparty/collcachelib/coll_cache_lib/freq_recorder.cc:347] bulk append 57900323
[2023-04-14 22:27:40.406049: E /samgraph/3rdparty/collcachelib/coll_cache_lib/freq_recorder.cc:337] bulk append 4213103 into 21054456
[2023-04-14 22:27:40.423008: E /samgraph/3rdparty/collcachelib/coll_cache_lib/freq_recorder.cc:347] bulk append 57869020
[2023-04-14 22:27:40.423561: E /samgraph/3rdparty/collcachelib/coll_cache_lib/freq_recorder.cc:337] bulk append 4209330 into 25267559
[2023-04-14 22:27:40.440580: E /samgraph/3rdparty/collcachelib/coll_cache_lib/freq_recorder.cc:347] bulk append 57870384
[2023-04-14 22:27:40.441161: E /samgraph/3rdparty/collcachelib/coll_cache_lib/freq_recorder.cc:337] bulk append 4213756 into 29476889
[2023-04-14 22:27:40.458109: E /samgraph/3rdparty/collcachelib/coll_cache_lib/freq_recorder.cc:347] bulk append 57907474
[2023-04-14 22:27:40.458674: E /samgraph/3rdparty/collcachelib/coll_cache_lib/freq_recorder.cc:337] bulk append 4211955 into 33690645
[2023-04-14 22:27:40.475715: E /samgraph/3rdparty/collcachelib/coll_cache_lib/freq_recorder.cc:347] bulk append 57890887
[2023-04-14 22:27:40.476273: E /samgraph/3rdparty/collcachelib/coll_cache_lib/freq_recorder.cc:337] bulk append 4212075 into 37902600
[2023-04-14 22:27:40.493228: E /samgraph/3rdparty/collcachelib/coll_cache_lib/freq_recorder.cc:347] bulk append 57902387
[2023-04-14 22:27:40.493796: E /samgraph/3rdparty/collcachelib/coll_cache_lib/freq_recorder.cc:337] bulk append 4302410 into 42114675
[2023-04-14 22:27:40.511077: E /samgraph/3rdparty/collcachelib/coll_cache_lib/freq_recorder.cc:347] bulk append 59058584
[2023-04-14 22:27:40.511645: E /samgraph/3rdparty/collcachelib/coll_cache_lib/freq_recorder.cc:337] bulk append 4305131 into 46417085
[2023-04-14 22:27:40.528841: E /samgraph/3rdparty/collcachelib/coll_cache_lib/freq_recorder.cc:347] bulk append 58980078
[2023-04-14 22:27:40.529397: E /samgraph/3rdparty/collcachelib/coll_cache_lib/freq_recorder.cc:337] bulk append 4301104 into 50722216
[2023-04-14 22:27:40.546651: E /samgraph/3rdparty/collcachelib/coll_cache_lib/freq_recorder.cc:347] bulk append 58907243
[2023-04-14 22:27:40.547197: E /samgraph/3rdparty/collcachelib/coll_cache_lib/freq_recorder.cc:337] bulk append 4302352 into 55023320
[2023-04-14 22:27:40.564456: E /samgraph/3rdparty/collcachelib/coll_cache_lib/freq_recorder.cc:347] bulk append 58943350
[2023-04-14 22:27:40.565014: E /samgraph/3rdparty/collcachelib/coll_cache_lib/freq_recorder.cc:337] bulk append 4302196 into 59325672
[2023-04-14 22:27:40.582240: E /samgraph/3rdparty/collcachelib/coll_cache_lib/freq_recorder.cc:347] bulk append 59024614
[2023-04-14 22:27:40.582789: E /samgraph/3rdparty/collcachelib/coll_cache_lib/freq_recorder.cc:337] bulk append 4303513 into 63627868
[2023-04-14 22:27:40.599944: E /samgraph/3rdparty/collcachelib/coll_cache_lib/freq_recorder.cc:347] bulk append 58996007
[2023-04-14 22:27:40.600497: E /samgraph/3rdparty/collcachelib/coll_cache_lib/freq_recorder.cc:337] bulk append 4301387 into 67931381
[2023-04-14 22:27:40.617759: E /samgraph/3rdparty/collcachelib/coll_cache_lib/freq_recorder.cc:347] bulk append 58977705
[2023-04-14 22:27:40.618310: E /samgraph/3rdparty/collcachelib/coll_cache_lib/freq_recorder.cc:337] bulk append 4307320 into 72232768
[2023-04-14 22:27:40.635499: E /samgraph/3rdparty/collcachelib/coll_cache_lib/freq_recorder.cc:347] bulk append 59036071
[2023-04-14 22:27:40.636053: E /samgraph/3rdparty/collcachelib/coll_cache_lib/freq_recorder.cc:337] bulk append 4302450 into 76540088
[2023-04-14 22:27:40.653164: E /samgraph/3rdparty/collcachelib/coll_cache_lib/freq_recorder.cc:347] bulk append 58986631
[2023-04-14 22:27:40.653723: E /samgraph/3rdparty/collcachelib/coll_cache_lib/freq_recorder.cc:337] bulk append 4302987 into 80842538
[2023-04-14 22:27:40.671054: E /samgraph/3rdparty/collcachelib/coll_cache_lib/freq_recorder.cc:347] bulk append 59029893
[2023-04-14 22:27:40.671611: E /samgraph/3rdparty/collcachelib/coll_cache_lib/freq_recorder.cc:337] bulk append 4348019 into 85145525
[2023-04-14 22:27:40.688856: E /samgraph/3rdparty/collcachelib/coll_cache_lib/freq_recorder.cc:347] bulk append 59006890
[2023-04-14 22:27:40.689404: E /samgraph/3rdparty/collcachelib/coll_cache_lib/freq_recorder.cc:337] bulk append 4350121 into 89493544
[2023-04-14 22:27:40.706683: E /samgraph/3rdparty/collcachelib/coll_cache_lib/freq_recorder.cc:347] bulk append 58932470
[2023-04-14 22:27:40.707239: E /samgraph/3rdparty/collcachelib/coll_cache_lib/freq_recorder.cc:337] bulk append 4347384 into 93843665
[2023-04-14 22:27:40.724486: E /samgraph/3rdparty/collcachelib/coll_cache_lib/freq_recorder.cc:347] bulk append 58866304
[2023-04-14 22:27:40.725041: E /samgraph/3rdparty/collcachelib/coll_cache_lib/freq_recorder.cc:337] bulk append 4349398 into 98191049
[2023-04-14 22:27:40.742305: E /samgraph/3rdparty/collcachelib/coll_cache_lib/freq_recorder.cc:347] bulk append 58907893
[2023-04-14 22:27:40.742847: E /samgraph/3rdparty/collcachelib/coll_cache_lib/freq_recorder.cc:337] bulk append 4347702 into 102540447
[2023-04-14 22:27:40.760005: E /samgraph/3rdparty/collcachelib/coll_cache_lib/freq_recorder.cc:347] bulk append 58978400
[2023-04-14 22:27:40.760553: E /samgraph/3rdparty/collcachelib/coll_cache_lib/freq_recorder.cc:337] bulk append 4348477 into 106888149
[2023-04-14 22:27:40.777790: E /samgraph/3rdparty/collcachelib/coll_cache_lib/freq_recorder.cc:347] bulk append 58959467
[2023-04-14 22:27:40.778334: E /samgraph/3rdparty/collcachelib/coll_cache_lib/freq_recorder.cc:337] bulk append 4346962 into 111236626
[2023-04-14 22:27:40.795591: E /samgraph/3rdparty/collcachelib/coll_cache_lib/freq_recorder.cc:347] bulk append 58932559
[2023-04-14 22:27:40.796130: E /samgraph/3rdparty/collcachelib/coll_cache_lib/freq_recorder.cc:337] bulk append 4352814 into 115583588
[2023-04-14 22:27:40.813459: E /samgraph/3rdparty/collcachelib/coll_cache_lib/freq_recorder.cc:347] bulk append 59033092
[2023-04-14 22:27:40.814006: E /samgraph/3rdparty/collcachelib/coll_cache_lib/freq_recorder.cc:337] bulk append 4349302 into 119936402
[2023-04-14 22:27:40.831237: E /samgraph/3rdparty/collcachelib/coll_cache_lib/freq_recorder.cc:347] bulk append 58945523
[2023-04-14 22:27:40.831784: E /samgraph/3rdparty/collcachelib/coll_cache_lib/freq_recorder.cc:337] bulk append 4349867 into 124285704
[2023-04-14 22:27:40.849119: E /samgraph/3rdparty/collcachelib/coll_cache_lib/freq_recorder.cc:347] bulk append 59019932
[2023-04-14 22:27:40.849676: E /samgraph/3rdparty/collcachelib/coll_cache_lib/freq_recorder.cc:337] bulk append 4358477 into 128635571
[2023-04-14 22:27:40.867156: E /samgraph/3rdparty/collcachelib/coll_cache_lib/freq_recorder.cc:347] bulk append 58967971
[2023-04-14 22:27:40.867749: E /samgraph/3rdparty/collcachelib/coll_cache_lib/freq_recorder.cc:337] bulk append 4360685 into 132994048
[2023-04-14 22:27:40.885245: E /samgraph/3rdparty/collcachelib/coll_cache_lib/freq_recorder.cc:347] bulk append 58904170
[2023-04-14 22:27:40.885829: E /samgraph/3rdparty/collcachelib/coll_cache_lib/freq_recorder.cc:337] bulk append 4356626 into 137354733
[2023-04-14 22:27:40.903281: E /samgraph/3rdparty/collcachelib/coll_cache_lib/freq_recorder.cc:347] bulk append 58846544
[2023-04-14 22:27:40.903861: E /samgraph/3rdparty/collcachelib/coll_cache_lib/freq_recorder.cc:337] bulk append 4360836 into 141711359
[2023-04-14 22:27:40.921247: E /samgraph/3rdparty/collcachelib/coll_cache_lib/freq_recorder.cc:347] bulk append 58889963
[2023-04-14 22:27:40.921835: E /samgraph/3rdparty/collcachelib/coll_cache_lib/freq_recorder.cc:337] bulk append 4358573 into 146072195
[2023-04-14 22:27:40.939206: E /samgraph/3rdparty/collcachelib/coll_cache_lib/freq_recorder.cc:347] bulk append 58936693
[2023-04-14 22:27:40.939780: E /samgraph/3rdparty/collcachelib/coll_cache_lib/freq_recorder.cc:337] bulk append 4358669 into 150430768
[2023-04-14 22:27:40.957217: E /samgraph/3rdparty/collcachelib/coll_cache_lib/freq_recorder.cc:347] bulk append 58905929
[2023-04-14 22:27:40.957786: E /samgraph/3rdparty/collcachelib/coll_cache_lib/freq_recorder.cc:337] bulk append 4357935 into 154789437
[2023-04-14 22:27:40.975251: E /samgraph/3rdparty/collcachelib/coll_cache_lib/freq_recorder.cc:347] bulk append 58916163
[2023-04-14 22:27:40.975837: E /samgraph/3rdparty/collcachelib/coll_cache_lib/freq_recorder.cc:337] bulk append 4362271 into 159147372
[2023-04-14 22:27:40.993215: E /samgraph/3rdparty/collcachelib/coll_cache_lib/freq_recorder.cc:347] bulk append 59015173
[2023-04-14 22:27:40.993794: E /samgraph/3rdparty/collcachelib/coll_cache_lib/freq_recorder.cc:337] bulk append 4358274 into 163509643
[2023-04-14 22:27:41. 11812: E /samgraph/3rdparty/collcachelib/coll_cache_lib/freq_recorder.cc:347] bulk append 58934748
[2023-04-14 22:27:41. 12413: E /samgraph/3rdparty/collcachelib/coll_cache_lib/freq_recorder.cc:337] bulk append 4359502 into 167867917
[2023-04-14 22:27:41. 30023: E /samgraph/3rdparty/collcachelib/coll_cache_lib/freq_recorder.cc:347] bulk append 59012399
[2023-04-14 22:27:41. 30614: E /samgraph/3rdparty/collcachelib/coll_cache_lib/freq_recorder.cc:337] bulk append 4362138 into 172227419
[2023-04-14 22:27:41. 48013: E /samgraph/3rdparty/collcachelib/coll_cache_lib/freq_recorder.cc:347] bulk append 58863055
[2023-04-14 22:27:41. 48555: E /samgraph/3rdparty/collcachelib/coll_cache_lib/freq_recorder.cc:337] bulk append 4367040 into 176589557
[2023-04-14 22:27:41. 65904: E /samgraph/3rdparty/collcachelib/coll_cache_lib/freq_recorder.cc:347] bulk append 58795925
[2023-04-14 22:27:41. 66462: E /samgraph/3rdparty/collcachelib/coll_cache_lib/freq_recorder.cc:337] bulk append 4364381 into 180956597
[2023-04-14 22:27:41. 83873: E /samgraph/3rdparty/collcachelib/coll_cache_lib/freq_recorder.cc:347] bulk append 58745321
[2023-04-14 22:27:41. 84421: E /samgraph/3rdparty/collcachelib/coll_cache_lib/freq_recorder.cc:337] bulk append 4366930 into 185320978
[2023-04-14 22:27:41.101767: E /samgraph/3rdparty/collcachelib/coll_cache_lib/freq_recorder.cc:347] bulk append 58776985
[2023-04-14 22:27:41.102307: E /samgraph/3rdparty/collcachelib/coll_cache_lib/freq_recorder.cc:337] bulk append 4364109 into 189687908
[2023-04-14 22:27:41.119618: E /samgraph/3rdparty/collcachelib/coll_cache_lib/freq_recorder.cc:347] bulk append 58819276
[2023-04-14 22:27:41.120170: E /samgraph/3rdparty/collcachelib/coll_cache_lib/freq_recorder.cc:337] bulk append 4365087 into 194052017
[2023-04-14 22:27:41.138138: E /samgraph/3rdparty/collcachelib/coll_cache_lib/freq_recorder.cc:347] bulk append 58799893
[2023-04-14 22:27:41.138952: E /samgraph/3rdparty/collcachelib/coll_cache_lib/freq_recorder.cc:337] bulk append 4363813 into 198417104
[2023-04-14 22:27:41.156906: E /samgraph/3rdparty/collcachelib/coll_cache_lib/freq_recorder.cc:347] bulk append 58825597
[2023-04-14 22:27:41.157721: E /samgraph/3rdparty/collcachelib/coll_cache_lib/freq_recorder.cc:337] bulk append 4367414 into 202780917
[2023-04-14 22:27:41.175074: E /samgraph/3rdparty/collcachelib/coll_cache_lib/freq_recorder.cc:347] bulk append 58925014
[2023-04-14 22:27:41.175624: E /samgraph/3rdparty/collcachelib/coll_cache_lib/freq_recorder.cc:337] bulk append 4364756 into 207148331
[2023-04-14 22:27:41.192909: E /samgraph/3rdparty/collcachelib/coll_cache_lib/freq_recorder.cc:347] bulk append 58867280
[2023-04-14 22:27:41.193456: E /samgraph/3rdparty/collcachelib/coll_cache_lib/freq_recorder.cc:337] bulk append 4364558 into 211513087
[2023-04-14 22:27:41.210747: E /samgraph/3rdparty/collcachelib/coll_cache_lib/freq_recorder.cc:347] bulk append 58901907
[2023-04-14 22:27:41.211300: E /samgraph/3rdparty/collcachelib/coll_cache_lib/freq_recorder.cc:337] bulk append 4319717 into 215877645
[2023-04-14 22:27:41.228538: E /samgraph/3rdparty/collcachelib/coll_cache_lib/freq_recorder.cc:347] bulk append 58168527
[2023-04-14 22:27:41.229102: E /samgraph/3rdparty/collcachelib/coll_cache_lib/freq_recorder.cc:337] bulk append 4324145 into 220197362
[2023-04-14 22:27:41.246280: E /samgraph/3rdparty/collcachelib/coll_cache_lib/freq_recorder.cc:347] bulk append 58080682
[2023-04-14 22:27:41.246809: E /samgraph/3rdparty/collcachelib/coll_cache_lib/freq_recorder.cc:337] bulk append 4318339 into 224521507
[2023-04-14 22:27:41.264570: E /samgraph/3rdparty/collcachelib/coll_cache_lib/freq_recorder.cc:347] bulk append 58030546
[2023-04-14 22:27:41.265365: E /samgraph/3rdparty/collcachelib/coll_cache_lib/freq_recorder.cc:337] bulk append 4321761 into 228839846
[2023-04-14 22:27:41.282910: E /samgraph/3rdparty/collcachelib/coll_cache_lib/freq_recorder.cc:347] bulk append 58080170
[2023-04-14 22:27:41.283527: E /samgraph/3rdparty/collcachelib/coll_cache_lib/freq_recorder.cc:337] bulk append 4319896 into 233161607
[2023-04-14 22:27:41.301714: E /samgraph/3rdparty/collcachelib/coll_cache_lib/freq_recorder.cc:347] bulk append 58072979
[2023-04-14 22:27:41.302330: E /samgraph/3rdparty/collcachelib/coll_cache_lib/freq_recorder.cc:337] bulk append 4322757 into 237481503
[2023-04-14 22:27:41.320411: E /samgraph/3rdparty/collcachelib/coll_cache_lib/freq_recorder.cc:347] bulk append 58114747
[2023-04-14 22:27:41.320977: E /samgraph/3rdparty/collcachelib/coll_cache_lib/freq_recorder.cc:337] bulk append 4318914 into 241804260
[2023-04-14 22:27:41.338171: E /samgraph/3rdparty/collcachelib/coll_cache_lib/freq_recorder.cc:347] bulk append 58106071
[2023-04-14 22:27:41.338698: E /samgraph/3rdparty/collcachelib/coll_cache_lib/freq_recorder.cc:337] bulk append 4323828 into 246123174
[2023-04-14 22:27:41.356367: E /samgraph/3rdparty/collcachelib/coll_cache_lib/freq_recorder.cc:347] bulk append 58212550
[2023-04-14 22:27:41.356970: E /samgraph/3rdparty/collcachelib/coll_cache_lib/freq_recorder.cc:337] bulk append 4318649 into 250447002
[2023-04-14 22:27:41.374829: E /samgraph/3rdparty/collcachelib/coll_cache_lib/freq_recorder.cc:347] bulk append 58149614
[2023-04-14 22:27:41.375619: E /samgraph/3rdparty/collcachelib/coll_cache_lib/freq_recorder.cc:337] bulk append 4321832 into 254765651
[2023-04-14 22:27:41.392834: E /samgraph/3rdparty/collcachelib/coll_cache_lib/freq_recorder.cc:347] bulk append 58190658
[2023-04-14 22:27:41.393382: E /samgraph/3rdparty/collcachelib/coll_cache_lib/freq_recorder.cc:337] bulk append 4265299 into 259087483
[2023-04-14 22:27:41.410572: E /samgraph/3rdparty/collcachelib/coll_cache_lib/freq_recorder.cc:347] bulk append 57154642
[2023-04-14 22:27:41.411128: E /samgraph/3rdparty/collcachelib/coll_cache_lib/freq_recorder.cc:337] bulk append 4268038 into 263352782
[2023-04-14 22:27:41.428205: E /samgraph/3rdparty/collcachelib/coll_cache_lib/freq_recorder.cc:347] bulk append 57045435
[2023-04-14 22:27:41.428767: E /samgraph/3rdparty/collcachelib/coll_cache_lib/freq_recorder.cc:337] bulk append 4265354 into 267620820
[2023-04-14 22:27:41.445878: E /samgraph/3rdparty/collcachelib/coll_cache_lib/freq_recorder.cc:347] bulk append 56997789
[2023-04-14 22:27:41.446426: E /samgraph/3rdparty/collcachelib/coll_cache_lib/freq_recorder.cc:337] bulk append 4267051 into 271886174
[2023-04-14 22:27:41.463529: E /samgraph/3rdparty/collcachelib/coll_cache_lib/freq_recorder.cc:347] bulk append 57059154
[2023-04-14 22:27:41.464091: E /samgraph/3rdparty/collcachelib/coll_cache_lib/freq_recorder.cc:337] bulk append 4266528 into 276153225
[2023-04-14 22:27:41.481246: E /samgraph/3rdparty/collcachelib/coll_cache_lib/freq_recorder.cc:347] bulk append 57056354
[2023-04-14 22:27:41.481807: E /samgraph/3rdparty/collcachelib/coll_cache_lib/freq_recorder.cc:337] bulk append 4266952 into 280419753
[2023-04-14 22:27:41.499000: E /samgraph/3rdparty/collcachelib/coll_cache_lib/freq_recorder.cc:347] bulk append 57089449
[2023-04-14 22:27:41.499548: E /samgraph/3rdparty/collcachelib/coll_cache_lib/freq_recorder.cc:337] bulk append 4265540 into 284686705
[2023-04-14 22:27:41.516733: E /samgraph/3rdparty/collcachelib/coll_cache_lib/freq_recorder.cc:347] bulk append 57074130
[2023-04-14 22:27:41.517299: E /samgraph/3rdparty/collcachelib/coll_cache_lib/freq_recorder.cc:337] bulk append 4269658 into 288952245
[2023-04-14 22:27:41.534505: E /samgraph/3rdparty/collcachelib/coll_cache_lib/freq_recorder.cc:347] bulk append 57187496
[2023-04-14 22:27:41.535060: E /samgraph/3rdparty/collcachelib/coll_cache_lib/freq_recorder.cc:337] bulk append 4265461 into 293221903
[2023-04-14 22:27:41.552145: E /samgraph/3rdparty/collcachelib/coll_cache_lib/freq_recorder.cc:347] bulk append 57122620
[2023-04-14 22:27:41.552693: E /samgraph/3rdparty/collcachelib/coll_cache_lib/freq_recorder.cc:337] bulk append 4267406 into 297487364
[2023-04-14 22:27:41.569849: E /samgraph/3rdparty/collcachelib/coll_cache_lib/freq_recorder.cc:347] bulk append 57148900
[2023-04-14 22:27:41.570424: E /samgraph/3rdparty/collcachelib/coll_cache_lib/freq_recorder.cc:337] bulk append 4176706 into 301754770
[2023-04-14 22:27:41.587248: E /samgraph/3rdparty/collcachelib/coll_cache_lib/freq_recorder.cc:347] bulk append 54904604
[2023-04-14 22:27:41.587796: E /samgraph/3rdparty/collcachelib/coll_cache_lib/freq_recorder.cc:337] bulk append 4180898 into 305931476
[2023-04-14 22:27:41.604566: E /samgraph/3rdparty/collcachelib/coll_cache_lib/freq_recorder.cc:347] bulk append 54795826
[2023-04-14 22:27:41.605126: E /samgraph/3rdparty/collcachelib/coll_cache_lib/freq_recorder.cc:337] bulk append 4176851 into 310112374
[2023-04-14 22:27:41.621885: E /samgraph/3rdparty/collcachelib/coll_cache_lib/freq_recorder.cc:347] bulk append 54777243
[2023-04-14 22:27:41.622422: E /samgraph/3rdparty/collcachelib/coll_cache_lib/freq_recorder.cc:337] bulk append 4178671 into 314289225
[2023-04-14 22:27:41.639245: E /samgraph/3rdparty/collcachelib/coll_cache_lib/freq_recorder.cc:347] bulk append 54827203
[2023-04-14 22:27:41.639810: E /samgraph/3rdparty/collcachelib/coll_cache_lib/freq_recorder.cc:337] bulk append 4179649 into 318467896
[2023-04-14 22:27:41.656605: E /samgraph/3rdparty/collcachelib/coll_cache_lib/freq_recorder.cc:347] bulk append 54827507
[2023-04-14 22:27:41.657161: E /samgraph/3rdparty/collcachelib/coll_cache_lib/freq_recorder.cc:337] bulk append 4176822 into 322647545
[2023-04-14 22:27:41.673967: E /samgraph/3rdparty/collcachelib/coll_cache_lib/freq_recorder.cc:347] bulk append 54823673
[2023-04-14 22:27:41.674516: E /samgraph/3rdparty/collcachelib/coll_cache_lib/freq_recorder.cc:337] bulk append 4176255 into 326824367
[2023-04-14 22:27:41.691374: E /samgraph/3rdparty/collcachelib/coll_cache_lib/freq_recorder.cc:347] bulk append 54851305
[2023-04-14 22:27:41.691916: E /samgraph/3rdparty/collcachelib/coll_cache_lib/freq_recorder.cc:337] bulk append 4180781 into 331000622
[2023-04-14 22:27:41.708728: E /samgraph/3rdparty/collcachelib/coll_cache_lib/freq_recorder.cc:347] bulk append 54954543
[2023-04-14 22:27:41.709277: E /samgraph/3rdparty/collcachelib/coll_cache_lib/freq_recorder.cc:337] bulk append 4177149 into 335181403
[2023-04-14 22:27:41.726079: E /samgraph/3rdparty/collcachelib/coll_cache_lib/freq_recorder.cc:347] bulk append 54915751
[2023-04-14 22:27:41.726636: E /samgraph/3rdparty/collcachelib/coll_cache_lib/freq_recorder.cc:337] bulk append 4178220 into 339358552
[2023-04-14 22:27:41.743492: E /samgraph/3rdparty/collcachelib/coll_cache_lib/freq_recorder.cc:347] bulk append 54905821
[2023-04-14 22:27:41.744048: E /samgraph/3rdparty/collcachelib/coll_cache_lib/freq_recorder.cc:266] freq recorder global combining
[2023-04-14 22:27:41.[7440732023-04-14 22:27:41[: [.[2023-04-14 22:27:41[E[2023-04-14 22:27:417440742023-04-14 22:27:41.2023-04-14 22:27:41 2023-04-14 22:27:41.: .744075./samgraph/3rdparty/collcachelib/coll_cache_lib/run_config.cc.744075E744076: 744076:744078:  : E: 141: E/samgraph/3rdparty/collcachelib/coll_cache_lib/run_config.ccE E] E : /samgraph/3rdparty/collcachelib/coll_cache_lib/run_config.cc using concurrent impl MPSPhase /samgraph/3rdparty/collcachelib/coll_cache_lib/run_config.cc141/samgraph/3rdparty/collcachelib/coll_cache_lib/run_config.cc:/samgraph/3rdparty/collcachelib/coll_cache_lib/run_config.cc
/samgraph/3rdparty/collcachelib/coll_cache_lib/run_config.cc:] :141[::141using concurrent impl MPSPhase141] 2023-04-14 22:27:41141141] 
] using concurrent impl MPSPhase.] ] using concurrent impl MPSPhase[using concurrent impl MPSPhase
744177using concurrent impl MPSPhaseusing concurrent impl MPSPhase
2023-04-14 22:27:41
: 

[.E[2023-04-14 22:27:41[744202[ 2023-04-14 22:27:41[.2023-04-14 22:27:41: 2023-04-14 22:27:41/samgraph/3rdparty/collcachelib/coll_cache_lib/facade.cc.2023-04-14 22:27:41744214.E.:744219.: 744222 744224409: 744226E: /samgraph/3rdparty/collcachelib/coll_cache_lib/facade.cc: ] E:  E:Ebefore scale, dtype is 0, dim is 256 E/samgraph/3rdparty/collcachelib/coll_cache_lib/facade.cc 409 
/samgraph/3rdparty/collcachelib/coll_cache_lib/facade.cc :/samgraph/3rdparty/collcachelib/coll_cache_lib/facade.cc] /samgraph/3rdparty/collcachelib/coll_cache_lib/facade.cc:/samgraph/3rdparty/collcachelib/coll_cache_lib/facade.cc[409:before scale, dtype is 0, dim is 256:409:2023-04-14 22:27:41] 409
409] 409.before scale, dtype is 0, dim is 256] ] before scale, dtype is 0, dim is 256] [744305
before scale, dtype is 0, dim is 256before scale, dtype is 0, dim is 256
before scale, dtype is 0, dim is 2562023-04-14 22:27:41: 

[
.[E2023-04-14 22:27:41[744332[2023-04-14 22:27:41 [.2023-04-14 22:27:41: 2023-04-14 22:27:41./samgraph/3rdparty/collcachelib/coll_cache_lib/facade.cc2023-04-14 22:27:41744348.E.744352:.: 744358 744359: 415744362E: /samgraph/3rdparty/collcachelib/coll_cache_lib/facade.cc: E] :  E:E after scale, dtype is 7, new dim is 64E/samgraph/3rdparty/collcachelib/coll_cache_lib/facade.cc 415 /samgraph/3rdparty/collcachelib/coll_cache_lib/facade.cc
 :/samgraph/3rdparty/collcachelib/coll_cache_lib/facade.cc] /samgraph/3rdparty/collcachelib/coll_cache_lib/facade.cc:/samgraph/3rdparty/collcachelib/coll_cache_lib/facade.cc415:after scale, dtype is 7, new dim is 64:415:] 415
415] 415after scale, dtype is 7, new dim is 64] ] after scale, dtype is 7, new dim is 64] 
after scale, dtype is 7, new dim is 64after scale, dtype is 7, new dim is 64
after scale, dtype is 7, new dim is 64


[2023-04-14 22:27:41.745565: E /samgraph/3rdparty/collcachelib/coll_cache_lib/coll_cache/asymm_link_desc.cc:207] assigning 10 to cpu
[2023-04-14 22:27:41.745605: E /samgraph/3rdparty/collcachelib/coll_cache_lib/coll_cache/asymm_link_desc.cc:224] build symm link desc with 8X NVIDIA A100-SXM4-80GB out of 8
[2023-04-14 22:27:41.745632: E /samgraph/3rdparty/collcachelib/coll_cache_lib/coll_cache/asymm_link_desc.cc:225] remote time is 24.3333
[2023-04-14 22:27:41.745643: E /samgraph/3rdparty/collcachelib/coll_cache_lib/coll_cache/asymm_link_desc.cc:226] cpu time is 91.25
[2023-04-14 22:27:41.745670: E /samgraph/3rdparty/collcachelib/coll_cache_lib/facade.cc:425] registering cpu data with 16.00 GB
[2023-04-14 22:27:41.746115: E /samgraph/3rdparty/collcachelib/coll_cache_lib/coll_cache/asymm_link_desc.cc:207] assigning 10 to cpu
[2023-04-14 22:27:41.746152: E /samgraph/3rdparty/collcachelib/coll_cache_lib/coll_cache/asymm_link_desc.cc:224] build symm link desc with 8X NVIDIA A100-SXM4-80GB out of 8
[2023-04-14 22:27:41.746170: E /samgraph/3rdparty/collcachelib/coll_cache_lib/coll_cache/asymm_link_desc.cc:225] remote time is 24.3333
[2023-04-14 22:27:41.746182: E /samgraph/3rdparty/collcachelib/coll_cache_lib/coll_cache/asymm_link_desc.cc:226] cpu time is 91.25
[2023-04-14 22:27:41.746206: E /samgraph/3rdparty/collcachelib/coll_cache_lib/facade.cc:425] registering cpu data with 16.00 GB
[2023-04-14 22:27:41.746267: E /samgraph/3rdparty/collcachelib/coll_cache_lib/coll_cache/asymm_link_desc.cc:207] assigning 10 to cpu
[2023-04-14 22:27:41.746300: E /samgraph/3rdparty/collcachelib/coll_cache_lib/coll_cache/asymm_link_desc.cc:224] build symm link desc with 8X NVIDIA A100-SXM4-80GB out of 8
[2023-04-14 22:27:41.746316: E /samgraph/3rdparty/collcachelib/coll_cache_lib/coll_cache/asymm_link_desc.cc:225] remote time is 24.3333
[2023-04-14 22:27:41.746327: E /samgraph/3rdparty/collcachelib/coll_cache_lib/coll_cache/asymm_link_desc.cc:226] cpu time is 91.25
[2023-04-14 22:27:41.746351: E /samgraph/3rdparty/collcachelib/coll_cache_lib/facade.cc:425] registering cpu data with 16.00 GB
[2023-04-14 22:27:41.746782: E /samgraph/3rdparty/collcachelib/coll_cache_lib/coll_cache/asymm_link_desc.cc:207] assigning 10 to cpu
[2023-04-14 22:27:41.746808: E /samgraph/3rdparty/collcachelib/coll_cache_lib/coll_cache/asymm_link_desc.cc:207] assigning 10 to cpu
[2023-04-14 22:27:41.746821: E /samgraph/3rdparty/collcachelib/coll_cache_lib/coll_cache/asymm_link_desc.cc:224] build symm link desc with 8X NVIDIA A100-SXM4-80GB out of 8
[[2023-04-14 22:27:412023-04-14 22:27:41..746845746843: : EE  /samgraph/3rdparty/collcachelib/coll_cache_lib/coll_cache/asymm_link_desc.cc/samgraph/3rdparty/collcachelib/coll_cache_lib/coll_cache/asymm_link_desc.cc::225224] ] remote time is 24.3333build symm link desc with 8X NVIDIA A100-SXM4-80GB out of 8

[2023-04-14 22:27:41.746890: E /samgraph/3rdparty/collcachelib/coll_cache_lib/coll_cache/asymm_link_desc.cc[:2023-04-14 22:27:41226.] 746895cpu time is 91.25: 
E /samgraph/3rdparty/collcachelib/coll_cache_lib/coll_cache/asymm_link_desc.cc:225] remote time is 24.3333
[2023-04-14 22:27:41.746917: E /samgraph/3rdparty/collcachelib/coll_cache_lib/coll_cache/asymm_link_desc.cc:226] cpu time is 91.25
[2023-04-14 22:27:41.746927: E /samgraph/3rdparty/collcachelib/coll_cache_lib/facade.cc:425] registering cpu data with 16.00 GB
[2023-04-14 22:27:41.746941: E /samgraph/3rdparty/collcachelib/coll_cache_lib/facade.cc:425] registering cpu data with 16.00 GB
[2023-04-14 22:27:41.747196: E /samgraph/3rdparty/collcachelib/coll_cache_lib/coll_cache/asymm_link_desc.cc:207] assigning 10 to cpu
[2023-04-14 22:27:41.747232: E /samgraph/3rdparty/collcachelib/coll_cache_lib/coll_cache/asymm_link_desc.cc:224] build symm link desc with 8X NVIDIA A100-SXM4-80GB out of 8
[2023-04-14 22:27:41.747250: E /samgraph/3rdparty/collcachelib/coll_cache_lib/coll_cache/asymm_link_desc.cc:225] remote time is 24.3333
[2023-04-14 22:27:41.747261: E /samgraph/3rdparty/collcachelib/coll_cache_lib/coll_cache/asymm_link_desc.cc:226] cpu time is 91.25
[2023-04-14 22:27:41.747286: E /samgraph/3rdparty/collcachelib/coll_cache_lib/facade.cc:425] registering cpu data with 16.00 GB
[2023-04-14 22:27:41.747385: E /samgraph/3rdparty/collcachelib/coll_cache_lib/coll_cache/asymm_link_desc.cc:207] assigning 10 to cpu
[2023-04-14 22:27:41.747420: E /samgraph/3rdparty/collcachelib/coll_cache_lib/coll_cache/asymm_link_desc.cc:224] build symm link desc with 8X NVIDIA A100-SXM4-80GB out of 8
[2023-04-14 22:27:41.747436: E /samgraph/3rdparty/collcachelib/coll_cache_lib/coll_cache/asymm_link_desc.cc:225] remote time is 24.3333
[2023-04-14 22:27:41.747447: E /samgraph/3rdparty/collcachelib/coll_cache_lib/coll_cache/asymm_link_desc.cc:226] cpu time is 91.25
[2023-04-14 22:27:41.747471: E /samgraph/3rdparty/collcachelib/coll_cache_lib/facade.cc:425] registering cpu data with 16.00 GB
[[2023-04-14 22:27:44.2023-04-14 22:27:44637838.: E637869 : /samgraph/3rdparty/collcachelib/coll_cache_lib/facade.ccE: 427/samgraph/3rdparty/collcachelib/coll_cache_lib/facade.cc] :registering cpu data done.427] 
registering cpu data done.
[2023-04-14 22:27:44.638090: E /samgraph/3rdparty/collcachelib/coll_cache_lib/facade.cc:427] registering cpu data done.
[2023-04-14 22:27:44.638323: E /samgraph/3rdparty/collcachelib/coll_cache_lib/facade.cc:427] registering cpu data done.
[2023-04-14 22:27:44.640951: E /samgraph/3rdparty/collcachelib/coll_cache_lib/facade.cc:427] registering cpu data done.
[2023-04-14 22:27:44.647831: E /samgraph/3rdparty/collcachelib/coll_cache_lib/facade.cc:427] registering cpu data done.
[2023-04-14 22:27:44.650351: E /samgraph/3rdparty/collcachelib/coll_cache_lib/facade.cc:427] registering cpu data done.
[2023-04-14 22:27:50.500805: E /samgraph/3rdparty/collcachelib/coll_cache_lib/freq_recorder.cc:269] freq recorder global combine from 343536772 to 62142808
[2023-04-14 22:27:51.522655: E /samgraph/3rdparty/collcachelib/coll_cache_lib/freq_recorder.cc:286] top 5 freq is 1948,1934,1903,1893,1893
[2023-04-14 22:27:51.522785: E /samgraph/3rdparty/collcachelib/coll_cache_lib/run_config.cc:141] using concurrent impl MPSPhase
[2023-04-14 22:27:51.522800: E /samgraph/3rdparty/collcachelib/coll_cache_lib/facade.cc:409] before scale, dtype is 0, dim is 256
[2023-04-14 22:27:51.522811: E /samgraph/3rdparty/collcachelib/coll_cache_lib/facade.cc:415] after scale, dtype is 7, new dim is 64
[2023-04-14 22:27:51.523939: E /samgraph/3rdparty/collcachelib/coll_cache_lib/coll_cache/asymm_link_desc.cc:207] assigning 10 to cpu
[2023-04-14 22:27:51.524012: E /samgraph/3rdparty/collcachelib/coll_cache_lib/coll_cache/asymm_link_desc.cc:224] build symm link desc with 8X NVIDIA A100-SXM4-80GB out of 8
[2023-04-14 22:27:51.524049: E /samgraph/3rdparty/collcachelib/coll_cache_lib/coll_cache/asymm_link_desc.cc:225] remote time is 24.3333
[2023-04-14 22:27:51.524060: E /samgraph/3rdparty/collcachelib/coll_cache_lib/coll_cache/asymm_link_desc.cc:226] cpu time is 91.25
[2023-04-14 22:27:51.524086: E /samgraph/3rdparty/collcachelib/coll_cache_lib/facade.cc:425] registering cpu data with 16.00 GB
[2023-04-14 22:27:52.317500: E /samgraph/3rdparty/collcachelib/coll_cache_lib/facade.cc:427] registering cpu data done.
[2023-04-14 22:27:52.317566: E /samgraph/3rdparty/collcachelib/coll_cache_lib/facade.cc:174] creating solver
[2023-04-14 22:27:52.317591: E /samgraph/3rdparty/collcachelib/coll_cache_lib/facade.cc:214] solver created. now build & solve
[2023-04-14 22:27:52.336609: E /samgraph/3rdparty/collcachelib/coll_cache_lib/coll_cache/optimal_solver_class.cc:309] reconfigured max freq to be 1948
[2023-04-14 22:27:52.336636: E /samgraph/3rdparty/collcachelib/coll_cache_lib/coll_cache/optimal_solver_class.cc:311] reconfigured num slot to be 42
[2023-04-14 22:27:52.336646: W /samgraph/3rdparty/collcachelib/coll_cache_lib/coll_cache/optimal_solver_class.cc:318] counting slots...
[2023-04-14 22:27:52.595481: W /samgraph/3rdparty/collcachelib/coll_cache_lib/coll_cache/optimal_solver_class.cc:367] Final num slot is 56
[2023-04-14 22:27:52.595559: W /samgraph/3rdparty/collcachelib/coll_cache_lib/coll_cache/optimal_solver_class.cc:371] preparing block granularity...
[2023-04-14 22:27:52.595574: E /samgraph/3rdparty/collcachelib/coll_cache_lib/coll_cache/optimal_solver_class.cc:399] slot 0 has 10863 nodes, max_size set to 1358, #slice=8
[2023-04-14 22:27:52.595587: E /samgraph/3rdparty/collcachelib/coll_cache_lib/coll_cache/optimal_solver_class.cc:399] slot 1 has 37017 nodes, max_size set to 4628, #slice=8
[2023-04-14 22:27:52.595600: E /samgraph/3rdparty/collcachelib/coll_cache_lib/coll_cache/optimal_solver_class.cc:399] slot 2 has 81462 nodes, max_size set to 10183, #slice=8
[2023-04-14 22:27:52.595613: E /samgraph/3rdparty/collcachelib/coll_cache_lib/coll_cache/optimal_solver_class.cc:399] slot 3 has 131316 nodes, max_size set to 16415, #slice=8
[2023-04-14 22:27:52.595625: E /samgraph/3rdparty/collcachelib/coll_cache_lib/coll_cache/optimal_solver_class.cc:399] slot 4 has 205945 nodes, max_size set to 25744, #slice=8
[2023-04-14 22:27:52.595637: E /samgraph/3rdparty/collcachelib/coll_cache_lib/coll_cache/optimal_solver_class.cc:399] slot 5 has 304394 nodes, max_size set to 38050, #slice=8
[2023-04-14 22:27:52.595650: E /samgraph/3rdparty/collcachelib/coll_cache_lib/coll_cache/optimal_solver_class.cc:399] slot 6 has 437358 nodes, max_size set to 54670, #slice=8
[2023-04-14 22:27:52.595662: E /samgraph/3rdparty/collcachelib/coll_cache_lib/coll_cache/optimal_solver_class.cc:399] slot 7 has 600956 nodes, max_size set to 65608, #slice=16
[2023-04-14 22:27:52.595674: E /samgraph/3rdparty/collcachelib/coll_cache_lib/coll_cache/optimal_solver_class.cc:399] slot 8 has 798124 nodes, max_size set to 65608, #slice=16
[2023-04-14 22:27:52.595687: E /samgraph/3rdparty/collcachelib/coll_cache_lib/coll_cache/optimal_solver_class.cc:399] slot 9 has 981999 nodes, max_size set to 65608, #slice=16
[2023-04-14 22:27:52.595699: E /samgraph/3rdparty/collcachelib/coll_cache_lib/coll_cache/optimal_solver_class.cc:399] slot 10 has 1160652 nodes, max_size set to 65608, #slice=24
[2023-04-14 22:27:52.595712: E /samgraph/3rdparty/collcachelib/coll_cache_lib/coll_cache/optimal_solver_class.cc:399] slot 11 has 1363754 nodes, max_size set to 65608, #slice=24
[2023-04-14 22:27:52.595724: E /samgraph/3rdparty/collcachelib/coll_cache_lib/coll_cache/optimal_solver_class.cc:399] slot 12 has 1500406 nodes, max_size set to 65608, #slice=24
[2023-04-14 22:27:52.595744: E /samgraph/3rdparty/collcachelib/coll_cache_lib/coll_cache/optimal_solver_class.cc:399] slot 13 has 1668293 nodes, max_size set to 65608, #slice=32
[2023-04-14 22:27:52.595757: E /samgraph/3rdparty/collcachelib/coll_cache_lib/coll_cache/optimal_solver_class.cc:399] slot 14 has 1693358 nodes, max_size set to 65608, #slice=32
[2023-04-14 22:27:52.595781: E /samgraph/3rdparty/collcachelib/coll_cache_lib/coll_cache/optimal_solver_class.cc:399] slot 15 has 1758968 nodes, max_size set to 65608, #slice=32
[2023-04-14 22:27:52.595793: E /samgraph/3rdparty/collcachelib/coll_cache_lib/coll_cache/optimal_solver_class.cc:399] slot 16 has 1842628 nodes, max_size set to 65608, #slice=32
[2023-04-14 22:27:52.595806: E /samgraph/3rdparty/collcachelib/coll_cache_lib/coll_cache/optimal_solver_class.cc:399] slot 17 has 1728530 nodes, max_size set to 65608, #slice=32
[2023-04-14 22:27:52.595818: E /samgraph/3rdparty/collcachelib/coll_cache_lib/coll_cache/optimal_solver_class.cc:399] slot 18 has 1926762 nodes, max_size set to 65608, #slice=32
[2023-04-14 22:27:52.595830: E /samgraph/3rdparty/collcachelib/coll_cache_lib/coll_cache/optimal_solver_class.cc:399] slot 19 has 1782998 nodes, max_size set to 65608, #slice=32
[2023-04-14 22:27:52.595842: E /samgraph/3rdparty/collcachelib/coll_cache_lib/coll_cache/optimal_solver_class.cc:399] slot 20 has 1692666 nodes, max_size set to 65608, #slice=32
[2023-04-14 22:27:52.595855: E /samgraph/3rdparty/collcachelib/coll_cache_lib/coll_cache/optimal_solver_class.cc:399] slot 21 has 1754762 nodes, max_size set to 65608, #slice=32
[2023-04-14 22:27:52.595867: E /samgraph/3rdparty/collcachelib/coll_cache_lib/coll_cache/optimal_solver_class.cc:399] slot 22 has 1796407 nodes, max_size set to 65608, #slice=32
[2023-04-14 22:27:52.595879: E /samgraph/3rdparty/collcachelib/coll_cache_lib/coll_cache/optimal_solver_class.cc:399] slot 23 has 1792001 nodes, max_size set to 65608, #slice=32
[2023-04-14 22:27:52.595892: E /samgraph/3rdparty/collcachelib/coll_cache_lib/coll_cache/optimal_solver_class.cc:399] slot 24 has 1715879 nodes, max_size set to 65608, #slice=32
[2023-04-14 22:27:52.595904: E /samgraph/3rdparty/collcachelib/coll_cache_lib/coll_cache/optimal_solver_class.cc:399] slot 25 has 1526433 nodes, max_size set to 65608, #slice=24
[2023-04-14 22:27:52.595916: E /samgraph/3rdparty/collcachelib/coll_cache_lib/coll_cache/optimal_solver_class.cc:399] slot 26 has 1822705 nodes, max_size set to 65608, #slice=32
[2023-04-14 22:27:52.595929: E /samgraph/3rdparty/collcachelib/coll_cache_lib/coll_cache/optimal_solver_class.cc:399] slot 27 has 2288119 nodes, max_size set to 65608, #slice=40
[2023-04-14 22:27:52.595941: E /samgraph/3rdparty/collcachelib/coll_cache_lib/coll_cache/optimal_solver_class.cc:399] slot 28 has 1932726 nodes, max_size set to 65608, #slice=32
[2023-04-14 22:27:52.595953: E /samgraph/3rdparty/collcachelib/coll_cache_lib/coll_cache/optimal_solver_class.cc:399] slot 29 has 1153652 nodes, max_size set to 65608, #slice=24
[2023-04-14 22:27:52.595965: E /samgraph/3rdparty/collcachelib/coll_cache_lib/coll_cache/optimal_solver_class.cc:399] slot 30 has 2897201 nodes, max_size set to 65608, #slice=48
[2023-04-14 22:27:52.595978: E /samgraph/3rdparty/collcachelib/coll_cache_lib/coll_cache/optimal_solver_class.cc:399] slot 31 has 1896119 nodes, max_size set to 65608, #slice=32
[2023-04-14 22:27:52.595990: E /samgraph/3rdparty/collcachelib/coll_cache_lib/coll_cache/optimal_solver_class.cc:399] slot 32 has 2385720 nodes, max_size set to 65608, #slice=40
[2023-04-14 22:27:52.596002: E /samgraph/3rdparty/collcachelib/coll_cache_lib/coll_cache/optimal_solver_class.cc:399] slot 33 has 3111210 nodes, max_size set to 65608, #slice=48
[2023-04-14 22:27:52.596015: E /samgraph/3rdparty/collcachelib/coll_cache_lib/coll_cache/optimal_solver_class.cc:399] slot 35 has 4098984 nodes, max_size set to 65608, #slice=64
[2023-04-14 22:27:52.596027: E /samgraph/3rdparty/collcachelib/coll_cache_lib/coll_cache/optimal_solver_class.cc:399] slot 37 has 5074450 nodes, max_size set to 65608, #slice=80
[2023-04-14 22:27:52.596039: E /samgraph/3rdparty/collcachelib/coll_cache_lib/coll_cache/optimal_solver_class.cc:399] slot 40 has 5187991 nodes, max_size set to 65608, #slice=80
[2023-04-14 22:27:52.596052: E /samgraph/3rdparty/collcachelib/coll_cache_lib/coll_cache/optimal_solver_class.cc:399] slot 41 has 34680 nodes, max_size set to 4335, #slice=8
[2023-04-14 22:27:52.596066: E /samgraph/3rdparty/collcachelib/coll_cache_lib/coll_cache/optimal_solver_class.cc:399] slot 42 has 34871 nodes, max_size set to 4359, #slice=8
[2023-04-14 22:27:52.596078: E /samgraph/3rdparty/collcachelib/coll_cache_lib/coll_cache/optimal_solver_class.cc:399] slot 43 has 34633 nodes, max_size set to 4330, #slice=8
[2023-04-14 22:27:52.596091: E /samgraph/3rdparty/collcachelib/coll_cache_lib/coll_cache/optimal_solver_class.cc:399] slot 44 has 34717 nodes, max_size set to 4340, #slice=8
[2023-04-14 22:27:52.596103: E /samgraph/3rdparty/collcachelib/coll_cache_lib/coll_cache/optimal_solver_class.cc:399] slot 45 has 34626 nodes, max_size set to 4329, #slice=8
[2023-04-14 22:27:52.596115: E /samgraph/3rdparty/collcachelib/coll_cache_lib/coll_cache/optimal_solver_class.cc:399] slot 46 has 34277 nodes, max_size set to 4285, #slice=8
[2023-04-14 22:27:52.596128: E /samgraph/3rdparty/collcachelib/coll_cache_lib/coll_cache/optimal_solver_class.cc:399] slot 47 has 34875 nodes, max_size set to 4360, #slice=8
[2023-04-14 22:27:52.596140: E /samgraph/3rdparty/collcachelib/coll_cache_lib/coll_cache/optimal_solver_class.cc:399] slot 48 has 34684 nodes, max_size set to 4336, #slice=8
[2023-04-14 22:27:52.596152: E /samgraph/3rdparty/collcachelib/coll_cache_lib/coll_cache/optimal_solver_class.cc:399] slot 49 has 34577 nodes, max_size set to 4323, #slice=8
[2023-04-14 22:27:52.596164: E /samgraph/3rdparty/collcachelib/coll_cache_lib/coll_cache/optimal_solver_class.cc:399] slot 50 has 34757 nodes, max_size set to 4345, #slice=8
[2023-04-14 22:27:52.596177: E /samgraph/3rdparty/collcachelib/coll_cache_lib/coll_cache/optimal_solver_class.cc:399] slot 51 has 346631 nodes, max_size set to 43329, #slice=8
[2023-04-14 22:27:52.596189: E /samgraph/3rdparty/collcachelib/coll_cache_lib/coll_cache/optimal_solver_class.cc:399] slot 52 has 346583 nodes, max_size set to 43323, #slice=8
[2023-04-14 22:27:52.596202: E /samgraph/3rdparty/collcachelib/coll_cache_lib/coll_cache/optimal_solver_class.cc:399] slot 53 has 347238 nodes, max_size set to 347238, #slice=1
[2023-04-14 22:27:52.596214: E /samgraph/3rdparty/collcachelib/coll_cache_lib/coll_cache/optimal_solver_class.cc:399] slot 54 has 346712 nodes, max_size set to 346712, #slice=1
[2023-04-14 22:27:52.596226: E /samgraph/3rdparty/collcachelib/coll_cache_lib/coll_cache/optimal_solver_class.cc:399] slot 55 has 345947 nodes, max_size set to 345947, #slice=1
[2023-04-14 22:27:52.596238: E /samgraph/3rdparty/collcachelib/coll_cache_lib/coll_cache/optimal_solver_class.cc:399] slot 56 has 346241 nodes, max_size set to 346241, #slice=1
[2023-04-14 22:27:52.596251: E /samgraph/3rdparty/collcachelib/coll_cache_lib/coll_cache/optimal_solver_class.cc:399] slot 57 has 346215 nodes, max_size set to 346215, #slice=1
[2023-04-14 22:27:52.596263: E /samgraph/3rdparty/collcachelib/coll_cache_lib/coll_cache/optimal_solver_class.cc:399] slot 58 has 346474 nodes, max_size set to 346474, #slice=1
[2023-04-14 22:27:52.596275: E /samgraph/3rdparty/collcachelib/coll_cache_lib/coll_cache/optimal_solver_class.cc:399] slot 59 has 346820 nodes, max_size set to 346820, #slice=1
[2023-04-14 22:27:52.596287: W /samgraph/3rdparty/collcachelib/coll_cache_lib/coll_cache/optimal_solver_class.cc:405] counting blocks...
[2023-04-14 22:27:52.626821: W /samgraph/3rdparty/collcachelib/coll_cache_lib/coll_cache/optimal_solver_class.cc:425] Final num block is 1207
[2023-04-14 22:27:52.626883: W /samgraph/3rdparty/collcachelib/coll_cache_lib/coll_cache/optimal_solver_class.cc:430] counting freq and density...
[2023-04-14 22:27:52.632241: W /samgraph/3rdparty/collcachelib/coll_cache_lib/coll_cache/optimal_solver_class.cc:479] averaging freq and density...
[2023-04-14 22:27:52.632299: W /samgraph/3rdparty/collcachelib/coll_cache_lib/coll_cache/optimal_solver_class.cc:480] 1207
[2023-04-14 22:27:52.633383: E /samgraph/3rdparty/collcachelib/coll_cache_lib/facade.cc:218] solver built. now solve
[2023-04-14 22:27:52.633414: W /samgraph/3rdparty/collcachelib/coll_cache_lib/coll_cache/optimal_solver_class.cc:893] constructing optimal solver, device=8, stream=1
1207 blocks, 8 devices
[2023-04-14 22:27:53.123672: W /samgraph/3rdparty/collcachelib/coll_cache_lib/coll_cache/optimal_solver_class.cc:1078] Add Var...
[2023-04-14 22:27:53.159929: W /samgraph/3rdparty/collcachelib/coll_cache_lib/coll_cache/optimal_solver_class.cc:1096] Capacity...
[2023-04-14 22:27:53.160946: W /samgraph/3rdparty/collcachelib/coll_cache_lib/coll_cache/optimal_solver_class.cc:1099] Connect CPU...
[2023-04-14 22:27:53.181764: W /samgraph/3rdparty/collcachelib/coll_cache_lib/coll_cache/optimal_solver_class.cc:1101] Connect Access To Storage...
[2023-04-14 22:27:53.946000: W /samgraph/3rdparty/collcachelib/coll_cache_lib/coll_cache/optimal_solver_class.cc:1105] Time...
[2023-04-14 22:27:53.948435: E /samgraph/3rdparty/collcachelib/coll_cache_lib/coll_cache/optimal_solver_class.cc:1067] dst 0, total sm is 108
[2023-04-14 22:27:53.951728: E /samgraph/3rdparty/collcachelib/coll_cache_lib/coll_cache/optimal_solver_class.cc:1067] dst 1, total sm is 108
[2023-04-14 22:27:53.955177: E /samgraph/3rdparty/collcachelib/coll_cache_lib/coll_cache/optimal_solver_class.cc:1067] dst 2, total sm is 108
[2023-04-14 22:27:53.959107: E /samgraph/3rdparty/collcachelib/coll_cache_lib/coll_cache/optimal_solver_class.cc:1067] dst 3, total sm is 108
[2023-04-14 22:27:53.962280: E /samgraph/3rdparty/collcachelib/coll_cache_lib/coll_cache/optimal_solver_class.cc:1067] dst 4, total sm is 108
[2023-04-14 22:27:53.965456: E /samgraph/3rdparty/collcachelib/coll_cache_lib/coll_cache/optimal_solver_class.cc:1067] dst 5, total sm is 108
[2023-04-14 22:27:53.968622: E /samgraph/3rdparty/collcachelib/coll_cache_lib/coll_cache/optimal_solver_class.cc:1067] dst 6, total sm is 108
[2023-04-14 22:27:53.971773: E /samgraph/3rdparty/collcachelib/coll_cache_lib/coll_cache/optimal_solver_class.cc:1067] dst 7, total sm is 108
[2023-04-14 22:28:07.689590: W /samgraph/3rdparty/collcachelib/coll_cache_lib/coll_cache/optimal_solver_class.cc:1124] Coll Cache init block placement array
[2023-04-14 22:28:07.695979: W /samgraph/3rdparty/collcachelib/coll_cache_lib/coll_cache/optimal_solver_class.cc:1200] Coll Cache init block placement array done
[2023-04-14 22:28:07.696196: W /samgraph/3rdparty/collcachelib/coll_cache_lib/coll_cache/optimal_solver_class.cc:1202] Coll Cache model reset done
[2023-04-14 22:28:07.753770: E /samgraph/3rdparty/collcachelib/coll_cache_lib/facade.cc:222] solver solved
[2023-04-14 22:28:07.753837: E /samgraph/3rdparty/collcachelib/coll_cache_lib/facade.cc:437] 0 solved master
[2023-04-14 22:28:07.753849: E /samgraph/3rdparty/collcachelib/coll_cache_lib/facade.cc:444] 0 solved
[2023-04-14 22:28:07.753860: E /samgraph/3rdparty/collcachelib/coll_cache_lib/facade.cc:447] worker 0 thread 0 initing device 0
[2023-04-14 22:28:07.755032: E /samgraph/3rdparty/collcachelib/coll_cache_lib/cache_context.cu:2320] Building Coll Cache with ... num gpu device is 8
[2023-04-14 22:28:07.755236: E /samgraph/3rdparty/collcachelib/coll_cache_lib/cuda/cache_hashtable.cuh:611] per src size local is 8660071
[2023-04-14 22:28:07.763276: E /samgraph/3rdparty/collcachelib/coll_cache_lib/facade.cc:444] 1 solved
[2023-04-14 22:28:07.763343: E /samgraph/3rdparty/collcachelib/coll_cache_lib/facade.cc:447] worker 0 thread 1 initing device 1
[2023-04-14 22:28:07.763845: E /samgraph/3rdparty/collcachelib/coll_cache_lib/cache_context.cu:2320] Building Coll Cache with ... num gpu device is 8
[2023-04-14 22:28:07.766507: E /samgraph/3rdparty/collcachelib/coll_cache_lib/facade.cc:444] 3 solved
[2023-04-14 22:28:07.766580: E /samgraph/3rdparty/collcachelib/coll_cache_lib/facade.cc:447] worker 0 thread 3 initing device 3
[2023-04-14 22:28:07.767922: E /samgraph/3rdparty/collcachelib/coll_cache_lib/facade.cc:444] 2 solved
[2023-04-14 22:28:07.767966: E /samgraph/3rdparty/collcachelib/coll_cache_lib/facade.cc:447] worker 0 thread 2 initing device 2
[2023-04-14 22:28:07.774033: E /samgraph/3rdparty/collcachelib/coll_cache_lib/facade.cc:444] 6 solved
[2023-04-14 22:28:07.774094: E /samgraph/3rdparty/collcachelib/coll_cache_lib/facade.cc:447] worker 0 thread 6 initing device 6
[2023-04-14 22:28:07.774526: E /samgraph/3rdparty/collcachelib/coll_cache_lib/cache_context.cu:2320] Building Coll Cache with ... num gpu device is 8
[2023-04-14 22:28:07.774886: E /samgraph/3rdparty/collcachelib/coll_cache_lib/cache_context.cu:2320] Building Coll Cache with ... num gpu device is 8
[2023-04-14 22:28:07.776971: E /samgraph/3rdparty/collcachelib/coll_cache_lib/facade.cc:444] 5 solved
[2023-04-14 22:28:07.777044: E /samgraph/3rdparty/collcachelib/coll_cache_lib/facade.cc:447] worker 0 thread 5 initing device 5
[2023-04-14 22:28:07.777584: E /samgraph/3rdparty/collcachelib/coll_cache_lib/cache_context.cu:2320] Building Coll Cache with ... num gpu device is 8
[2023-04-14 22:28:07.780859: E /samgraph/3rdparty/collcachelib/coll_cache_lib/facade.cc:444] 7 solved
[2023-04-14 22:28:07.780931: E /samgraph/3rdparty/collcachelib/coll_cache_lib/facade.cc:447] worker 0 thread 7 initing device 7
[2023-04-14 22:28:07.781355: E /samgraph/3rdparty/collcachelib/coll_cache_lib/cache_context.cu:2320] Building Coll Cache with ... num gpu device is 8
[2023-04-14 22:28:07.781828: E /samgraph/3rdparty/collcachelib/coll_cache_lib/facade.cc:444] 4 solved
[2023-04-14 22:28:07.781882: E /samgraph/3rdparty/collcachelib/coll_cache_lib/facade.cc:447] worker 0 thread 4 initing device 4
[2023-04-14 22:28:07.782301: E /samgraph/3rdparty/collcachelib/coll_cache_lib/cache_context.cu:2320] Building Coll Cache with ... num gpu device is 8
[2023-04-14 22:28:07.782922: E /samgraph/3rdparty/collcachelib/coll_cache_lib/cache_context.cu:2320] Building Coll Cache with ... num gpu device is 8
[2023-04-14 22:28:07.878667: E /samgraph/3rdparty/collcachelib/coll_cache_lib/cache_context.cu:2362] num cpu nodes is 15906181
[2023-04-14 22:28:07.889825: E /samgraph/3rdparty/collcachelib/coll_cache_lib/cache_context.cu:2362] num cpu nodes is 15906181
[2023-04-14 22:28:07.905415: E /samgraph/3rdparty/collcachelib/coll_cache_lib/cache_context.cu:2362] num cpu nodes is 15906181
[2023-04-14 22:28:07.912270: E /samgraph/3rdparty/collcachelib/coll_cache_lib/cache_context.cu:2362] num cpu nodes is 15906181
[2023-04-14 22:28:07.912438: E /samgraph/3rdparty/collcachelib/coll_cache_lib/cache_context.cu:2362] num cpu nodes is 15906181
[2023-04-14 22:28:07.913286: E /samgraph/3rdparty/collcachelib/coll_cache_lib/cache_context.cu:2362] num cpu nodes is 15906181
[2023-04-14 22:28:07.918663: E /samgraph/3rdparty/collcachelib/coll_cache_lib/cache_context.cu:2362] num cpu nodes is 15906181
[2023-04-14 22:28:07.926773: E /samgraph/3rdparty/collcachelib/coll_cache_lib/cache_context.cu:2362] num cpu nodes is 15906181
[2023-04-14 22:28:08.512078: E /samgraph/3rdparty/collcachelib/coll_cache_lib/cuda/cache_hashtable.cu:355] create a hashtable with 49702185 possible elem, scale to 134217728
[2023-04-14 22:28:08.512133: E /samgraph/3rdparty/collcachelib/coll_cache_lib/cuda/cache_hashtable.cu:360] SimpleHashTable allocating 1024.00 MB
[2023-04-14 22:28:08.521090: E /samgraph/3rdparty/collcachelib/coll_cache_lib/cuda/cache_hashtable.cu:355] create a hashtable with 49702185 possible elem, scale to 134217728
[2023-04-14 22:28:08.521127: E /samgraph/3rdparty/collcachelib/coll_cache_lib/cuda/cache_hashtable.cu:360] SimpleHashTable allocating 1024.00 MB
[2023-04-14 22:28:08.580759: E /samgraph/3rdparty/collcachelib/coll_cache_lib/cuda/cache_hashtable.cu:355] create a hashtable with 49702185 possible elem, scale to 134217728
[2023-04-14 22:28:08.580809: E /samgraph/3rdparty/collcachelib/coll_cache_lib/cuda/cache_hashtable.cu:360] SimpleHashTable allocating 1024.00 MB
[2023-04-14 22:28:08.581188: E /samgraph/3rdparty/collcachelib/coll_cache_lib/cuda/cache_hashtable.cu:355] create a hashtable with 49702185 possible elem, scale to 134217728
[2023-04-14 22:28:08.581225: E /samgraph/3rdparty/collcachelib/coll_cache_lib/cuda/cache_hashtable.cu:360] SimpleHashTable allocating 1024.00 MB
[2023-04-14 22:28:08.581223: E /samgraph/3rdparty/collcachelib/coll_cache_lib/cuda/cache_hashtable.cu:355] create a hashtable with 49702185 possible elem, scale to 134217728
[2023-04-14 22:28:08.581264: E /samgraph/3rdparty/collcachelib/coll_cache_lib/cuda/cache_hashtable.cu:360] SimpleHashTable allocating 1024.00 MB
[2023-04-14 22:28:08.582004: E /samgraph/3rdparty/collcachelib/coll_cache_lib/cuda/cache_hashtable.cu:355] create a hashtable with 49702185 possible elem, scale to 134217728
[2023-04-14 22:28:08.582035: E /samgraph/3rdparty/collcachelib/coll_cache_lib/cuda/cache_hashtable.cu:360] SimpleHashTable allocating 1024.00 MB
[2023-04-14 22:28:08.582156: E /samgraph/3rdparty/collcachelib/coll_cache_lib/cuda/cache_hashtable.cu:355] create a hashtable with 49702185 possible elem, scale to 134217728
[2023-04-14 22:28:08.582189: E /samgraph/3rdparty/collcachelib/coll_cache_lib/cuda/cache_hashtable.cu:360] SimpleHashTable allocating 1024.00 MB
[2023-04-14 22:28:08.582868: E /samgraph/3rdparty/collcachelib/coll_cache_lib/cuda/cache_hashtable.cu:355] create a hashtable with 49702185 possible elem, scale to 134217728
[2023-04-14 22:28:08.582907: E /samgraph/3rdparty/collcachelib/coll_cache_lib/cuda/cache_hashtable.cu:360] SimpleHashTable allocating 1024.00 MB
[2023-04-14 22:28:08.666324: E /samgraph/3rdparty/collcachelib/coll_cache_lib/common.cc:107] too many mem allocated for forcescale?7938612->103647
[2023-04-14 22:28:08.666625: E /samgraph/3rdparty/collcachelib/coll_cache_lib/common.cc:107] too many mem allocated for forcescale?7938612->102214
[2023-04-14 22:28:08.666881: E /samgraph/3rdparty/collcachelib/coll_cache_lib/common.cc:107] too many mem allocated for forcescale?7938612->94820
[2023-04-14 22:28:08.666974: E /samgraph/3rdparty/collcachelib/coll_cache_lib/common.cc:107] too many mem allocated for forcescale?7938612->74928
[2023-04-14 22:28:08.667314: E /samgraph/3rdparty/collcachelib/coll_cache_lib/common.cc:107] too many mem allocated for forcescale?7938612->84182
[2023-04-14 22:28:08.667511: E /samgraph/3rdparty/collcachelib/coll_cache_lib/common.cc:107] too many mem allocated for forcescale?7938612->100718
[2023-04-14 22:28:08.668187: E /samgraph/3rdparty/collcachelib/coll_cache_lib/common.cc:107] too many mem allocated for forcescale?7938612->65911
[2023-04-14 22:28:08.669319: E /samgraph/3rdparty/collcachelib/coll_cache_lib/common.cc:107] too many mem allocated for forcescale?7938612->105794
[2023-04-14 22:28:08.692414: E /samgraph/3rdparty/collcachelib/coll_cache_lib/cache_context.cu:2439] Asymm Coll cache (policy: coll_cache_asymm_link) | local 7843792 / 65608366 nodes ( 11.96 %~12.00 %) | remote 41858393 / 65608366 nodes ( 63.80 %) | cpu 15906181 / 65608366 nodes ( 24.24 %) | 7.57 GB | 0.911042 secs 
[2023-04-14 22:28:08.692509: E /samgraph/3rdparty/collcachelib/coll_cache_lib/cache_context.cu:2439] Asymm Coll cache (policy: coll_cache_asymm_link) | local 7834965 / 65608366 nodes ( 11.94 %~12.00 %) | remote 41867220 / 65608366 nodes ( 63.81 %) | cpu 15906181 / 65608366 nodes ( 24.24 %) | 7.57 GB | 0.917604 secs 
[2023-04-14 22:28:08.693150: E /samgraph/3rdparty/collcachelib/coll_cache_lib/cache_context.cu:2439] Asymm Coll cache (policy: coll_cache_asymm_link) | local 7836398 / 65608366 nodes ( 11.94 %~12.00 %) | remote 41865787 / 65608366 nodes ( 63.81 %) | cpu 15906181 / 65608366 nodes ( 24.24 %) | 7.57 GB | 0.918611 secs 
[2023-04-14 22:28:08.707232: E /samgraph/3rdparty/collcachelib/coll_cache_lib/cache_context.cu:2439] Asymm Coll cache (policy: coll_cache_asymm_link) | local 7872701 / 65608366 nodes ( 12.00 %~12.00 %) | remote 41829484 / 65608366 nodes ( 63.76 %) | cpu 15906181 / 65608366 nodes ( 24.24 %) | 7.57 GB | 0.952173 secs 
[2023-04-14 22:28:08.707821: E /samgraph/3rdparty/collcachelib/coll_cache_lib/cache_context.cu:2439] Asymm Coll cache (policy: coll_cache_asymm_link) | local 7832818 / 65608366 nodes ( 11.94 %~12.00 %) | remote 41869367 / 65608366 nodes ( 63.82 %) | cpu 15906181 / 65608366 nodes ( 24.24 %) | 7.57 GB | 0.925505 secs 
[2023-04-14 22:28:08.710088: W /samgraph/3rdparty/collcachelib/coll_cache_lib/cache_context.cu:3958] before create ctx, mem is 15.14 GB
[2023-04-14 22:28:08.711268: E /samgraph/3rdparty/collcachelib/coll_cache_lib/cache_context.cu:2439] Asymm Coll cache (policy: coll_cache_asymm_link) | local 7863684 / 65608366 nodes ( 11.99 %~12.00 %) | remote 41838501 / 65608366 nodes ( 63.77 %) | cpu 15906181 / 65608366 nodes ( 24.24 %) | 7.57 GB | 0.928292 secs 
[2023-04-14 22:28:08.713684: E /samgraph/3rdparty/collcachelib/coll_cache_lib/cache_context.cu:2439] Asymm Coll cache (policy: coll_cache_asymm_link) | local 7837894 / 65608366 nodes ( 11.95 %~12.00 %) | remote 41864291 / 65608366 nodes ( 63.81 %) | cpu 15906181 / 65608366 nodes ( 24.24 %) | 7.57 GB | 0.949822 secs 
[2023-04-14 22:28:08.716354: W /samgraph/3rdparty/collcachelib/coll_cache_lib/cache_context.cu:3958] before create ctx, mem is 15.14 GB
[2023-04-14 22:28:08.716475: E /samgraph/3rdparty/collcachelib/coll_cache_lib/cache_context.cu:2439] Asymm Coll cache (policy: coll_cache_asymm_link) | local 7854430 / 65608366 nodes ( 11.97 %~12.00 %) | remote 41847755 / 65608366 nodes ( 63.78 %) | cpu 15906181 / 65608366 nodes ( 24.24 %) | 7.57 GB | 0.938873 secs 
[2023-04-14 22:28:08.718754: W /samgraph/3rdparty/collcachelib/coll_cache_lib/cache_context.cu:3958] before create ctx, mem is 15.14 GB
[2023-04-14 22:28:08.721639: W /samgraph/3rdparty/collcachelib/coll_cache_lib/cache_context.cu:3958] before create ctx, mem is 15.14 GB
[2023-04-14 22:28:08.723327: W /samgraph/3rdparty/collcachelib/coll_cache_lib/cache_context.cu:3958] before create ctx, mem is 15.14 GB
[2023-04-14 22:28:08.724922: W /samgraph/3rdparty/collcachelib/coll_cache_lib/cache_context.cu:3958] before create ctx, mem is 15.14 GB
[2023-04-14 22:28:08.727144: W /samgraph/3rdparty/collcachelib/coll_cache_lib/cache_context.cu:3958] before create ctx, mem is 15.14 GB
[2023-04-14 22:28:08.731125: W /samgraph/3rdparty/collcachelib/coll_cache_lib/cache_context.cu:3958] before create ctx, mem is 15.14 GB
[2023-04-14 22:28:18.652254: W /samgraph/3rdparty/collcachelib/coll_cache_lib/cache_context.cu:3958] after create ctx, mem is 17.45 GB
[2023-04-14 22:28:18.652370: W /samgraph/3rdparty/collcachelib/coll_cache_lib/cache_context.cu:3958] after create stream, mem is 17.45 GB
[2023-04-14 22:28:18.685294: W /samgraph/3rdparty/collcachelib/coll_cache_lib/cache_context.cu:3958] after create ctx, mem is 17.46 GB
[2023-04-14 22:28:18.685371: W /samgraph/3rdparty/collcachelib/coll_cache_lib/cache_context.cu:3958] after create stream, mem is 17.46 GB
[2023-04-14 22:28:19.111676: W /samgraph/3rdparty/collcachelib/coll_cache_lib/cache_context.cu:3958] after create ctx, mem is 17.67 GB
[2023-04-14 22:28:19.111871: W /samgraph/3rdparty/collcachelib/coll_cache_lib/cache_context.cu:3958] after create stream, mem is 17.67 GB
[2023-04-14 22:28:19.436585: W /samgraph/3rdparty/collcachelib/coll_cache_lib/cache_context.cu:3958] after create ctx, mem is 17.83 GB
[2023-04-14 22:28:19.436931: W /samgraph/3rdparty/collcachelib/coll_cache_lib/cache_context.cu:3958] after create stream, mem is 17.83 GB
[2023-04-14 22:28:19.650929: W /samgraph/3rdparty/collcachelib/coll_cache_lib/cache_context.cu:3958] after create ctx, mem is 17.93 GB
[2023-04-14 22:28:19.651244: W /samgraph/3rdparty/collcachelib/coll_cache_lib/cache_context.cu:3958] after create stream, mem is 17.93 GB
[2023-04-14 22:28:19.874571: W /samgraph/3rdparty/collcachelib/coll_cache_lib/cache_context.cu:3958] after create ctx, mem is 18.02 GB
[2023-04-14 22:28:19.874745: W /samgraph/3rdparty/collcachelib/coll_cache_lib/cache_context.cu:3958] after create stream, mem is 18.02 GB
[2023-04-14 22:28:20.111305: W /samgraph/3rdparty/collcachelib/coll_cache_lib/cache_context.cu:3958] after create ctx, mem is 18.13 GB
[2023-04-14 22:28:20.111546: W /samgraph/3rdparty/collcachelib/coll_cache_lib/cache_context.cu:3958] after create stream, mem is 18.13 GB
[2023-04-14 22:28:20.246631: W /samgraph/3rdparty/collcachelib/coll_cache_lib/cache_context.cu:3958] after create ctx, mem is 18.20 GB
[2023-04-14 22:28:20.246704: W /samgraph/3rdparty/collcachelib/coll_cache_lib/cache_context.cu:3958] after create stream, mem is 18.20 GB
/usr/local/lib/python3.8/dist-packages/torch/nn/parallel/scatter_gather.py:9: UserWarning: is_namedtuple is deprecated, please use the python checks instead
  warnings.warn("is_namedtuple is deprecated, please use the python checks instead")
/usr/local/lib/python3.8/dist-packages/torch/nn/parallel/scatter_gather.py:9: UserWarning: is_namedtuple is deprecated, please use the python checks instead
  warnings.warn("is_namedtuple is deprecated, please use the python checks instead")
/usr/local/lib/python3.8/dist-packages/torch/nn/parallel/scatter_gather.py:9: UserWarning: is_namedtuple is deprecated, please use the python checks instead
  warnings.warn("is_namedtuple is deprecated, please use the python checks instead")
/usr/local/lib/python3.8/dist-packages/torch/nn/parallel/scatter_gather.py:9: UserWarning: is_namedtuple is deprecated, please use the python checks instead
  warnings.warn("is_namedtuple is deprecated, please use the python checks instead")
/usr/local/lib/python3.8/dist-packages/torch/nn/parallel/scatter_gather.py:9: UserWarning: is_namedtuple is deprecated, please use the python checks instead
  warnings.warn("is_namedtuple is deprecated, please use the python checks instead")
/usr/local/lib/python3.8/dist-packages/torch/nn/parallel/scatter_gather.py:9: UserWarning: is_namedtuple is deprecated, please use the python checks instead
  warnings.warn("is_namedtuple is deprecated, please use the python checks instead")
/usr/local/lib/python3.8/dist-packages/torch/nn/parallel/scatter_gather.py:9: UserWarning: is_namedtuple is deprecated, please use the python checks instead
  warnings.warn("is_namedtuple is deprecated, please use the python checks instead")
/usr/local/lib/python3.8/dist-packages/torch/nn/parallel/scatter_gather.py:9: UserWarning: is_namedtuple is deprecated, please use the python checks instead
  warnings.warn("is_namedtuple is deprecated, please use the python checks instead")
