/usr/lib/python3/dist-packages/requests/__init__.py:89: RequestsDependencyWarning: urllib3 (1.26.12) or chardet (3.0.4) doesn't match a supported version!
  warnings.warn("urllib3 ({}) or chardet ({}) doesn't match a supported "
[W socket.cpp:601] [c10d] The client socket has failed to connect to [localhost]:12335 (errno: 99 - Cannot assign requested address).
Rank=1 done reading 8201046 embedding vectors from file /nvme/songxiaoniu/graph-learning/wholegraph/com_friendster/converted/homograph_csr_row_ptr
Rank=7 done reading 8201045 embedding vectors from file /nvme/songxiaoniu/graph-learning/wholegraph/com_friendster/converted/homograph_csr_row_ptr
Rank=5 done reading 8201046 embedding vectors from file /nvme/songxiaoniu/graph-learning/wholegraph/com_friendster/converted/homograph_csr_row_ptr
Rank=4 done reading 8201046 embedding vectors from file /nvme/songxiaoniu/graph-learning/wholegraph/com_friendster/converted/homograph_csr_row_ptr
Rank=6 done reading 8201046 embedding vectors from file /nvme/songxiaoniu/graph-learning/wholegraph/com_friendster/converted/homograph_csr_row_ptr
Rank=0 done reading 8201046 embedding vectors from file /nvme/songxiaoniu/graph-learning/wholegraph/com_friendster/converted/homograph_csr_row_ptr
Rank=3 done reading 8201046 embedding vectors from file /nvme/songxiaoniu/graph-learning/wholegraph/com_friendster/converted/homograph_csr_row_ptr
Rank=2 done reading 8201046 embedding vectors from file /nvme/songxiaoniu/graph-learning/wholegraph/com_friendster/converted/homograph_csr_row_ptr
Rank=1 done reading 451516784 embedding vectors from file /nvme/songxiaoniu/graph-learning/wholegraph/com_friendster/converted/homograph_csr_col_idx
Rank=0 done reading 451516784 embedding vectors from file /nvme/songxiaoniu/graph-learning/wholegraph/com_friendster/converted/homograph_csr_col_idx
Rank=7 done reading 451516782 embedding vectors from file /nvme/songxiaoniu/graph-learning/wholegraph/com_friendster/converted/homograph_csr_col_idx
Rank=6 done reading 451516784 embedding vectors from file /nvme/songxiaoniu/graph-learning/wholegraph/com_friendster/converted/homograph_csr_col_idx
Rank=5 done reading 451516784 embedding vectors from file /nvme/songxiaoniu/graph-learning/wholegraph/com_friendster/converted/homograph_csr_col_idx
Rank=4 done reading 451516784 embedding vectors from file /nvme/songxiaoniu/graph-learning/wholegraph/com_friendster/converted/homograph_csr_col_idx
Rank=2 done reading 451516784 embedding vectors from file /nvme/songxiaoniu/graph-learning/wholegraph/com_friendster/converted/homograph_csr_col_idx
Rank=3 done reading 451516784 embedding vectors from file /nvme/songxiaoniu/graph-learning/wholegraph/com_friendster/converted/homograph_csr_col_idx
[2023-04-11 23:05:12.732690: E /samgraph/3rdparty/collcachelib/coll_cache_lib/freq_recorder.cc:337] bulk append 3528303 into 0
[2023-04-11 23:05:12.747693: E /samgraph/3rdparty/collcachelib/coll_cache_lib/freq_recorder.cc:347] bulk append 31046643
[2023-04-11 23:05:12.748261: E /samgraph/3rdparty/collcachelib/coll_cache_lib/freq_recorder.cc:337] bulk append 3522925 into 3528303
[2023-04-11 23:05:12.763180: E /samgraph/3rdparty/collcachelib/coll_cache_lib/freq_recorder.cc:347] bulk append 31011815
[2023-04-11 23:05:12.763714: E /samgraph/3rdparty/collcachelib/coll_cache_lib/freq_recorder.cc:337] bulk append 3528373 into 7051228
[2023-04-11 23:05:12.778646: E /samgraph/3rdparty/collcachelib/coll_cache_lib/freq_recorder.cc:347] bulk append 30994737
[2023-04-11 23:05:12.779198: E /samgraph/3rdparty/collcachelib/coll_cache_lib/freq_recorder.cc:337] bulk append 3521982 into 10579601
[2023-04-11 23:05:12.794080: E /samgraph/3rdparty/collcachelib/coll_cache_lib/freq_recorder.cc:347] bulk append 30979207
[2023-04-11 23:05:12.794628: E /samgraph/3rdparty/collcachelib/coll_cache_lib/freq_recorder.cc:337] bulk append 3529306 into 14101583
[2023-04-11 23:05:12.809578: E /samgraph/3rdparty/collcachelib/coll_cache_lib/freq_recorder.cc:347] bulk append 31014341
[2023-04-11 23:05:12.810144: E /samgraph/3rdparty/collcachelib/coll_cache_lib/freq_recorder.cc:337] bulk append 3521868 into 17630889
[2023-04-11 23:05:12.825056: E /samgraph/3rdparty/collcachelib/coll_cache_lib/freq_recorder.cc:347] bulk append 30987967
[2023-04-11 23:05:12.825598: E /samgraph/3rdparty/collcachelib/coll_cache_lib/freq_recorder.cc:337] bulk append 3526670 into 21152757
[2023-04-11 23:05:12.840509: E /samgraph/3rdparty/collcachelib/coll_cache_lib/freq_recorder.cc:347] bulk append 30998964
[2023-04-11 23:05:12.841057: E /samgraph/3rdparty/collcachelib/coll_cache_lib/freq_recorder.cc:337] bulk append 3525729 into 24679427
[2023-04-11 23:05:12.855994: E /samgraph/3rdparty/collcachelib/coll_cache_lib/freq_recorder.cc:347] bulk append 31017858
[2023-04-11 23:05:12.856533: E /samgraph/3rdparty/collcachelib/coll_cache_lib/freq_recorder.cc:337] bulk append 3528473 into 28205156
[2023-04-11 23:05:12.871474: E /samgraph/3rdparty/collcachelib/coll_cache_lib/freq_recorder.cc:347] bulk append 31025820
[2023-04-11 23:05:12.872019: E /samgraph/3rdparty/collcachelib/coll_cache_lib/freq_recorder.cc:337] bulk append 3523292 into 31733629
[2023-04-11 23:05:12.886933: E /samgraph/3rdparty/collcachelib/coll_cache_lib/freq_recorder.cc:347] bulk append 31018720
[2023-04-11 23:05:12.887503: E /samgraph/3rdparty/collcachelib/coll_cache_lib/freq_recorder.cc:337] bulk append 3609425 into 35256921
[2023-04-11 23:05:12.902685: E /samgraph/3rdparty/collcachelib/coll_cache_lib/freq_recorder.cc:347] bulk append 31569304
[2023-04-11 23:05:12.903226: E /samgraph/3rdparty/collcachelib/coll_cache_lib/freq_recorder.cc:337] bulk append 3605566 into 38866346
[2023-04-11 23:05:12.918407: E /samgraph/3rdparty/collcachelib/coll_cache_lib/freq_recorder.cc:347] bulk append 31506028
[2023-04-11 23:05:12.918950: E /samgraph/3rdparty/collcachelib/coll_cache_lib/freq_recorder.cc:337] bulk append 3610732 into 42471912
[2023-04-11 23:05:12.934139: E /samgraph/3rdparty/collcachelib/coll_cache_lib/freq_recorder.cc:347] bulk append 31482142
[2023-04-11 23:05:12.934681: E /samgraph/3rdparty/collcachelib/coll_cache_lib/freq_recorder.cc:337] bulk append 3604299 into 46082644
[2023-04-11 23:05:12.949829: E /samgraph/3rdparty/collcachelib/coll_cache_lib/freq_recorder.cc:347] bulk append 31482209
[2023-04-11 23:05:12.950368: E /samgraph/3rdparty/collcachelib/coll_cache_lib/freq_recorder.cc:337] bulk append 3612455 into 49686943
[2023-04-11 23:05:12.965539: E /samgraph/3rdparty/collcachelib/coll_cache_lib/freq_recorder.cc:347] bulk append 31546990
[2023-04-11 23:05:12.966099: E /samgraph/3rdparty/collcachelib/coll_cache_lib/freq_recorder.cc:337] bulk append 3604893 into 53299398
[2023-04-11 23:05:12.981249: E /samgraph/3rdparty/collcachelib/coll_cache_lib/freq_recorder.cc:347] bulk append 31519022
[2023-04-11 23:05:12.981783: E /samgraph/3rdparty/collcachelib/coll_cache_lib/freq_recorder.cc:337] bulk append 3611211 into 56904291
[2023-04-11 23:05:12.996959: E /samgraph/3rdparty/collcachelib/coll_cache_lib/freq_recorder.cc:347] bulk append 31522892
[2023-04-11 23:05:12.997491: E /samgraph/3rdparty/collcachelib/coll_cache_lib/freq_recorder.cc:337] bulk append 3606095 into 60515502
[2023-04-11 23:05:13. 12643: E /samgraph/3rdparty/collcachelib/coll_cache_lib/freq_recorder.cc:347] bulk append 31534974
[2023-04-11 23:05:13. 13180: E /samgraph/3rdparty/collcachelib/coll_cache_lib/freq_recorder.cc:337] bulk append 3612386 into 64121597
[2023-04-11 23:05:13. 28360: E /samgraph/3rdparty/collcachelib/coll_cache_lib/freq_recorder.cc:347] bulk append 31516555
[2023-04-11 23:05:13. 28912: E /samgraph/3rdparty/collcachelib/coll_cache_lib/freq_recorder.cc:337] bulk append 3604143 into 67733983
[2023-04-11 23:05:13. 44046: E /samgraph/3rdparty/collcachelib/coll_cache_lib/freq_recorder.cc:347] bulk append 31551603
[2023-04-11 23:05:13. 44600: E /samgraph/3rdparty/collcachelib/coll_cache_lib/freq_recorder.cc:337] bulk append 3651997 into 71338126
[2023-04-11 23:05:13. 59970: E /samgraph/3rdparty/collcachelib/coll_cache_lib/freq_recorder.cc:347] bulk append 31496344
[2023-04-11 23:05:13. 60556: E /samgraph/3rdparty/collcachelib/coll_cache_lib/freq_recorder.cc:337] bulk append 3648363 into 74990123
[2023-04-11 23:05:13. 75891: E /samgraph/3rdparty/collcachelib/coll_cache_lib/freq_recorder.cc:347] bulk append 31441998
[2023-04-11 23:05:13. 76451: E /samgraph/3rdparty/collcachelib/coll_cache_lib/freq_recorder.cc:337] bulk append 3649234 into 78638486
[2023-04-11 23:05:13. 91780: E /samgraph/3rdparty/collcachelib/coll_cache_lib/freq_recorder.cc:347] bulk append 31395432
[2023-04-11 23:05:13. 92324: E /samgraph/3rdparty/collcachelib/coll_cache_lib/freq_recorder.cc:337] bulk append 3646075 into 82287720
[2023-04-11 23:05:13.108041: E /samgraph/3rdparty/collcachelib/coll_cache_lib/freq_recorder.cc:347] bulk append 31424036
[2023-04-11 23:05:13.108612: E /samgraph/3rdparty/collcachelib/coll_cache_lib/freq_recorder.cc:337] bulk append 3651370 into 85933795
[2023-04-11 23:05:13.123944: E /samgraph/3rdparty/collcachelib/coll_cache_lib/freq_recorder.cc:347] bulk append 31487618
[2023-04-11 23:05:13.124503: E /samgraph/3rdparty/collcachelib/coll_cache_lib/freq_recorder.cc:337] bulk append 3644957 into 89585165
[2023-04-11 23:05:13.139876: E /samgraph/3rdparty/collcachelib/coll_cache_lib/freq_recorder.cc:347] bulk append 31452204
[2023-04-11 23:05:13.140456: E /samgraph/3rdparty/collcachelib/coll_cache_lib/freq_recorder.cc:337] bulk append 3650193 into 93230122
[2023-04-11 23:05:13.155793: E /samgraph/3rdparty/collcachelib/coll_cache_lib/freq_recorder.cc:347] bulk append 31456142
[2023-04-11 23:05:13.156351: E /samgraph/3rdparty/collcachelib/coll_cache_lib/freq_recorder.cc:337] bulk append 3648446 into 96880315
[2023-04-11 23:05:13.171668: E /samgraph/3rdparty/collcachelib/coll_cache_lib/freq_recorder.cc:347] bulk append 31503492
[2023-04-11 23:05:13.172232: E /samgraph/3rdparty/collcachelib/coll_cache_lib/freq_recorder.cc:337] bulk append 3650906 into 100528761
[2023-04-11 23:05:13.187554: E /samgraph/3rdparty/collcachelib/coll_cache_lib/freq_recorder.cc:347] bulk append 31449645
[2023-04-11 23:05:13.188126: E /samgraph/3rdparty/collcachelib/coll_cache_lib/freq_recorder.cc:337] bulk append 3646746 into 104179667
[2023-04-11 23:05:13.203866: E /samgraph/3rdparty/collcachelib/coll_cache_lib/freq_recorder.cc:347] bulk append 31493846
[2023-04-11 23:05:13.204441: E /samgraph/3rdparty/collcachelib/coll_cache_lib/freq_recorder.cc:337] bulk append 3657395 into 107826413
[2023-04-11 23:05:13.219819: E /samgraph/3rdparty/collcachelib/coll_cache_lib/freq_recorder.cc:347] bulk append 31512078
[2023-04-11 23:05:13.220408: E /samgraph/3rdparty/collcachelib/coll_cache_lib/freq_recorder.cc:337] bulk append 3654290 into 111483808
[2023-04-11 23:05:13.235764: E /samgraph/3rdparty/collcachelib/coll_cache_lib/freq_recorder.cc:347] bulk append 31455929
[2023-04-11 23:05:13.236326: E /samgraph/3rdparty/collcachelib/coll_cache_lib/freq_recorder.cc:337] bulk append 3658283 into 115138098
[2023-04-11 23:05:13.251654: E /samgraph/3rdparty/collcachelib/coll_cache_lib/freq_recorder.cc:347] bulk append 31427730
[2023-04-11 23:05:13.252204: E /samgraph/3rdparty/collcachelib/coll_cache_lib/freq_recorder.cc:337] bulk append 3654047 into 118796381
[2023-04-11 23:05:13.267523: E /samgraph/3rdparty/collcachelib/coll_cache_lib/freq_recorder.cc:347] bulk append 31438237
[2023-04-11 23:05:13.268093: E /samgraph/3rdparty/collcachelib/coll_cache_lib/freq_recorder.cc:337] bulk append 3659948 into 122450428
[2023-04-11 23:05:13.283424: E /samgraph/3rdparty/collcachelib/coll_cache_lib/freq_recorder.cc:347] bulk append 31486314
[2023-04-11 23:05:13.283975: E /samgraph/3rdparty/collcachelib/coll_cache_lib/freq_recorder.cc:337] bulk append 3654749 into 126110376
[2023-04-11 23:05:13.299299: E /samgraph/3rdparty/collcachelib/coll_cache_lib/freq_recorder.cc:347] bulk append 31473968
[2023-04-11 23:05:13.299850: E /samgraph/3rdparty/collcachelib/coll_cache_lib/freq_recorder.cc:337] bulk append 3659912 into 129765125
[2023-04-11 23:05:13.315191: E /samgraph/3rdparty/collcachelib/coll_cache_lib/freq_recorder.cc:347] bulk append 31471021
[2023-04-11 23:05:13.315755: E /samgraph/3rdparty/collcachelib/coll_cache_lib/freq_recorder.cc:337] bulk append 3656145 into 133425037
[2023-04-11 23:05:13.331093: E /samgraph/3rdparty/collcachelib/coll_cache_lib/freq_recorder.cc:347] bulk append 31507273
[2023-04-11 23:05:13.331638: E /samgraph/3rdparty/collcachelib/coll_cache_lib/freq_recorder.cc:337] bulk append 3660573 into 137081182
[2023-04-11 23:05:13.346975: E /samgraph/3rdparty/collcachelib/coll_cache_lib/freq_recorder.cc:347] bulk append 31505854
[2023-04-11 23:05:13.347509: E /samgraph/3rdparty/collcachelib/coll_cache_lib/freq_recorder.cc:337] bulk append 3654093 into 140741755
[2023-04-11 23:05:13.362843: E /samgraph/3rdparty/collcachelib/coll_cache_lib/freq_recorder.cc:347] bulk append 31522322
[2023-04-11 23:05:13.363399: E /samgraph/3rdparty/collcachelib/coll_cache_lib/freq_recorder.cc:337] bulk append 3667899 into 144395848
[2023-04-11 23:05:13.378834: E /samgraph/3rdparty/collcachelib/coll_cache_lib/freq_recorder.cc:347] bulk append 31424824
[2023-04-11 23:05:13.379384: E /samgraph/3rdparty/collcachelib/coll_cache_lib/freq_recorder.cc:337] bulk append 3664895 into 148063747
[2023-04-11 23:05:13.394770: E /samgraph/3rdparty/collcachelib/coll_cache_lib/freq_recorder.cc:347] bulk append 31359418
[2023-04-11 23:05:13.395327: E /samgraph/3rdparty/collcachelib/coll_cache_lib/freq_recorder.cc:337] bulk append 3667206 into 151728642
[2023-04-11 23:05:13.410717: E /samgraph/3rdparty/collcachelib/coll_cache_lib/freq_recorder.cc:347] bulk append 31343775
[2023-04-11 23:05:13.411262: E /samgraph/3rdparty/collcachelib/coll_cache_lib/freq_recorder.cc:337] bulk append 3663720 into 155395848
[2023-04-11 23:05:13.426642: E /samgraph/3rdparty/collcachelib/coll_cache_lib/freq_recorder.cc:347] bulk append 31348823
[2023-04-11 23:05:13.427200: E /samgraph/3rdparty/collcachelib/coll_cache_lib/freq_recorder.cc:337] bulk append 3669783 into 159059568
[2023-04-11 23:05:13.442592: E /samgraph/3rdparty/collcachelib/coll_cache_lib/freq_recorder.cc:347] bulk append 31381792
[2023-04-11 23:05:13.443137: E /samgraph/3rdparty/collcachelib/coll_cache_lib/freq_recorder.cc:337] bulk append 3663346 into 162729351
[2023-04-11 23:05:13.458503: E /samgraph/3rdparty/collcachelib/coll_cache_lib/freq_recorder.cc:347] bulk append 31381704
[2023-04-11 23:05:13.459049: E /samgraph/3rdparty/collcachelib/coll_cache_lib/freq_recorder.cc:337] bulk append 3668644 into 166392697
[2023-04-11 23:05:13.474453: E /samgraph/3rdparty/collcachelib/coll_cache_lib/freq_recorder.cc:347] bulk append 31389290
[2023-04-11 23:05:13.475024: E /samgraph/3rdparty/collcachelib/coll_cache_lib/freq_recorder.cc:337] bulk append 3666441 into 170061341
[2023-04-11 23:05:13.490399: E /samgraph/3rdparty/collcachelib/coll_cache_lib/freq_recorder.cc:347] bulk append 31427422
[2023-04-11 23:05:13.490941: E /samgraph/3rdparty/collcachelib/coll_cache_lib/freq_recorder.cc:337] bulk append 3670461 into 173727782
[2023-04-11 23:05:13.506341: E /samgraph/3rdparty/collcachelib/coll_cache_lib/freq_recorder.cc:347] bulk append 31422010
[2023-04-11 23:05:13.506875: E /samgraph/3rdparty/collcachelib/coll_cache_lib/freq_recorder.cc:337] bulk append 3662171 into 177398243
[2023-04-11 23:05:13.522259: E /samgraph/3rdparty/collcachelib/coll_cache_lib/freq_recorder.cc:347] bulk append 31427640
[2023-04-11 23:05:13.522818: E /samgraph/3rdparty/collcachelib/coll_cache_lib/freq_recorder.cc:337] bulk append 3623686 into 181060414
[2023-04-11 23:05:13.538164: E /samgraph/3rdparty/collcachelib/coll_cache_lib/freq_recorder.cc:347] bulk append 31148528
[2023-04-11 23:05:13.538741: E /samgraph/3rdparty/collcachelib/coll_cache_lib/freq_recorder.cc:337] bulk append 3622775 into 184684100
[2023-04-11 23:05:13.553969: E /samgraph/3rdparty/collcachelib/coll_cache_lib/freq_recorder.cc:347] bulk append 31086887
[2023-04-11 23:05:13.554536: E /samgraph/3rdparty/collcachelib/coll_cache_lib/freq_recorder.cc:337] bulk append 3624561 into 188306875
[2023-04-11 23:05:13.569759: E /samgraph/3rdparty/collcachelib/coll_cache_lib/freq_recorder.cc:347] bulk append 31083941
[2023-04-11 23:05:13.570342: E /samgraph/3rdparty/collcachelib/coll_cache_lib/freq_recorder.cc:337] bulk append 3621969 into 191931436
[2023-04-11 23:05:13.586279: E /samgraph/3rdparty/collcachelib/coll_cache_lib/freq_recorder.cc:347] bulk append 31096139
[2023-04-11 23:05:13.587130: E /samgraph/3rdparty/collcachelib/coll_cache_lib/freq_recorder.cc:337] bulk append 3627712 into 195553405
[2023-04-11 23:05:13.602376: E /samgraph/3rdparty/collcachelib/coll_cache_lib/freq_recorder.cc:347] bulk append 31108974
[2023-04-11 23:05:13.602955: E /samgraph/3rdparty/collcachelib/coll_cache_lib/freq_recorder.cc:337] bulk append 3619395 into 199181117
[2023-04-11 23:05:13.618183: E /samgraph/3rdparty/collcachelib/coll_cache_lib/freq_recorder.cc:347] bulk append 31117751
[2023-04-11 23:05:13.618761: E /samgraph/3rdparty/collcachelib/coll_cache_lib/freq_recorder.cc:337] bulk append 3624262 into 202800512
[2023-04-11 23:05:13.634004: E /samgraph/3rdparty/collcachelib/coll_cache_lib/freq_recorder.cc:347] bulk append 31124046
[2023-04-11 23:05:13.634574: E /samgraph/3rdparty/collcachelib/coll_cache_lib/freq_recorder.cc:337] bulk append 3622158 into 206424774
[2023-04-11 23:05:13.649804: E /samgraph/3rdparty/collcachelib/coll_cache_lib/freq_recorder.cc:347] bulk append 31159475
[2023-04-11 23:05:13.650381: E /samgraph/3rdparty/collcachelib/coll_cache_lib/freq_recorder.cc:337] bulk append 3626047 into 210046932
[2023-04-11 23:05:13.665634: E /samgraph/3rdparty/collcachelib/coll_cache_lib/freq_recorder.cc:347] bulk append 31148610
[2023-04-11 23:05:13.666213: E /samgraph/3rdparty/collcachelib/coll_cache_lib/freq_recorder.cc:337] bulk append 3620253 into 213672979
[2023-04-11 23:05:13.681471: E /samgraph/3rdparty/collcachelib/coll_cache_lib/freq_recorder.cc:347] bulk append 31162615
[2023-04-11 23:05:13.682064: E /samgraph/3rdparty/collcachelib/coll_cache_lib/freq_recorder.cc:337] bulk append 3572426 into 217293232
[2023-04-11 23:05:13.697260: E /samgraph/3rdparty/collcachelib/coll_cache_lib/freq_recorder.cc:347] bulk append 30726910
[2023-04-11 23:05:13.697832: E /samgraph/3rdparty/collcachelib/coll_cache_lib/freq_recorder.cc:337] bulk append 3569274 into 220865658
[2023-04-11 23:05:13.712960: E /samgraph/3rdparty/collcachelib/coll_cache_lib/freq_recorder.cc:347] bulk append 30638008
[2023-04-11 23:05:13.713542: E /samgraph/3rdparty/collcachelib/coll_cache_lib/freq_recorder.cc:337] bulk append 3571223 into 224434932
[2023-04-11 23:05:13.728670: E /samgraph/3rdparty/collcachelib/coll_cache_lib/freq_recorder.cc:347] bulk append 30634872
[2023-04-11 23:05:13.729231: E /samgraph/3rdparty/collcachelib/coll_cache_lib/freq_recorder.cc:337] bulk append 3568032 into 228006155
[2023-04-11 23:05:13.744415: E /samgraph/3rdparty/collcachelib/coll_cache_lib/freq_recorder.cc:347] bulk append 30658887
[2023-04-11 23:05:13.744985: E /samgraph/3rdparty/collcachelib/coll_cache_lib/freq_recorder.cc:337] bulk append 3574933 into 231574187
[2023-04-11 23:05:13.760127: E /samgraph/3rdparty/collcachelib/coll_cache_lib/freq_recorder.cc:347] bulk append 30665068
[2023-04-11 23:05:13.760687: E /samgraph/3rdparty/collcachelib/coll_cache_lib/freq_recorder.cc:337] bulk append 3566225 into 235149120
[2023-04-11 23:05:13.776222: E /samgraph/3rdparty/collcachelib/coll_cache_lib/freq_recorder.cc:347] bulk append 30659894
[2023-04-11 23:05:13.776793: E /samgraph/3rdparty/collcachelib/coll_cache_lib/freq_recorder.cc:337] bulk append 3572688 into 238715345
[2023-04-11 23:05:13.791933: E /samgraph/3rdparty/collcachelib/coll_cache_lib/freq_recorder.cc:347] bulk append 30691147
[2023-04-11 23:05:13.792494: E /samgraph/3rdparty/collcachelib/coll_cache_lib/freq_recorder.cc:337] bulk append 3569040 into 242288033
[2023-04-11 23:05:13.807605: E /samgraph/3rdparty/collcachelib/coll_cache_lib/freq_recorder.cc:347] bulk append 30723286
[2023-04-11 23:05:13.808171: E /samgraph/3rdparty/collcachelib/coll_cache_lib/freq_recorder.cc:337] bulk append 3574305 into 245857073
[2023-04-11 23:05:13.823313: E /samgraph/3rdparty/collcachelib/coll_cache_lib/freq_recorder.cc:347] bulk append 30712075
[2023-04-11 23:05:13.823886: E /samgraph/3rdparty/collcachelib/coll_cache_lib/freq_recorder.cc:337] bulk append 3566427 into 249431378
[2023-04-11 23:05:13.839442: E /samgraph/3rdparty/collcachelib/coll_cache_lib/freq_recorder.cc:347] bulk append 30698570
[2023-04-11 23:05:13.840023: E /samgraph/3rdparty/collcachelib/coll_cache_lib/freq_recorder.cc:337] bulk append 3493582 into 252997805
[2023-04-11 23:05:13.854939: E /samgraph/3rdparty/collcachelib/coll_cache_lib/freq_recorder.cc:347] bulk append 29892183
[2023-04-11 23:05:13.855479: E /samgraph/3rdparty/collcachelib/coll_cache_lib/freq_recorder.cc:337] bulk append 3490910 into 256491387
[2023-04-11 23:05:13.870310: E /samgraph/3rdparty/collcachelib/coll_cache_lib/freq_recorder.cc:347] bulk append 29805350
[2023-04-11 23:05:13.870867: E /samgraph/3rdparty/collcachelib/coll_cache_lib/freq_recorder.cc:337] bulk append 3494105 into 259982297
[2023-04-11 23:05:13.885710: E /samgraph/3rdparty/collcachelib/coll_cache_lib/freq_recorder.cc:347] bulk append 29821944
[2023-04-11 23:05:13.886271: E /samgraph/3rdparty/collcachelib/coll_cache_lib/freq_recorder.cc:337] bulk append 3488517 into 263476402
[2023-04-11 23:05:13.901093: E /samgraph/3rdparty/collcachelib/coll_cache_lib/freq_recorder.cc:347] bulk append 29836377
[2023-04-11 23:05:13.901631: E /samgraph/3rdparty/collcachelib/coll_cache_lib/freq_recorder.cc:337] bulk append 3495448 into 266964919
[2023-04-11 23:05:13.916468: E /samgraph/3rdparty/collcachelib/coll_cache_lib/freq_recorder.cc:347] bulk append 29854915
[2023-04-11 23:05:13.917023: E /samgraph/3rdparty/collcachelib/coll_cache_lib/freq_recorder.cc:337] bulk append 3487661 into 270460367
[2023-04-11 23:05:13.931851: E /samgraph/3rdparty/collcachelib/coll_cache_lib/freq_recorder.cc:347] bulk append 29844443
[2023-04-11 23:05:13.932381: E /samgraph/3rdparty/collcachelib/coll_cache_lib/freq_recorder.cc:337] bulk append 3493038 into 273948028
[2023-04-11 23:05:13.947222: E /samgraph/3rdparty/collcachelib/coll_cache_lib/freq_recorder.cc:347] bulk append 29862609
[2023-04-11 23:05:13.947755: E /samgraph/3rdparty/collcachelib/coll_cache_lib/freq_recorder.cc:337] bulk append 3491685 into 277441066
[2023-04-11 23:05:13.962576: E /samgraph/3rdparty/collcachelib/coll_cache_lib/freq_recorder.cc:347] bulk append 29919599
[2023-04-11 23:05:13.963131: E /samgraph/3rdparty/collcachelib/coll_cache_lib/freq_recorder.cc:337] bulk append 3494256 into 280932751
[2023-04-11 23:05:13.977990: E /samgraph/3rdparty/collcachelib/coll_cache_lib/freq_recorder.cc:347] bulk append 29920929
[2023-04-11 23:05:13.978535: E /samgraph/3rdparty/collcachelib/coll_cache_lib/freq_recorder.cc:337] bulk append 3486632 into 284427007
[2023-04-11 23:05:13.993342: E /samgraph/3rdparty/collcachelib/coll_cache_lib/freq_recorder.cc:347] bulk append 29878195
[2023-04-11 23:05:13.993908: E /samgraph/3rdparty/collcachelib/coll_cache_lib/freq_recorder.cc:266] freq recorder global combining
[2023-04-11 23:05:13.993935: E /samgraph/3rdparty/collcachelib/coll_cache_lib/run_config.cc:[[[1402023-04-11 23:05:13[[[2023-04-11 23:05:132023-04-11 23:05:13] .2023-04-11 23:05:132023-04-11 23:05:132023-04-11 23:05:13..using concurrent impl MPSPhase993938...993937993937
: 993938993942993941: : E: : : E[E EEE 2023-04-11 23:05:13 /samgraph/3rdparty/collcachelib/coll_cache_lib/run_config.cc   /samgraph/3rdparty/collcachelib/coll_cache_lib/run_config.cc./samgraph/3rdparty/collcachelib/coll_cache_lib/run_config.cc:/samgraph/3rdparty/collcachelib/coll_cache_lib/run_config.cc/samgraph/3rdparty/collcachelib/coll_cache_lib/run_config.cc/samgraph/3rdparty/collcachelib/coll_cache_lib/run_config.cc:993991:140:::140: 140] 140140140] E] using concurrent impl MPSPhase] ] ] using concurrent impl MPSPhase using concurrent impl MPSPhase
using concurrent impl MPSPhaseusing concurrent impl MPSPhaseusing concurrent impl MPSPhase
/samgraph/3rdparty/collcachelib/coll_cache_lib/facade.cc



[:[2023-04-11 23:05:13[4092023-04-11 23:05:13.2023-04-11 23:05:13[] [[.994057.2023-04-11 23:05:13before scale, dtype is 0, dim is 2562023-04-11 23:05:132023-04-11 23:05:13994062: 994064.
..: E: 994066994067994067[E E: : : 2023-04-11 23:05:13 /samgraph/3rdparty/collcachelib/coll_cache_lib/facade.cc EEE./samgraph/3rdparty/collcachelib/coll_cache_lib/facade.cc:/samgraph/3rdparty/collcachelib/coll_cache_lib/facade.cc   994100:409:/samgraph/3rdparty/collcachelib/coll_cache_lib/facade.cc/samgraph/3rdparty/collcachelib/coll_cache_lib/facade.cc/samgraph/3rdparty/collcachelib/coll_cache_lib/facade.cc: 409] 409:::E] before scale, dtype is 0, dim is 256] 409409409 before scale, dtype is 0, dim is 256
before scale, dtype is 0, dim is 256] [] ] /samgraph/3rdparty/collcachelib/coll_cache_lib/facade.cc

before scale, dtype is 0, dim is 2562023-04-11 23:05:13before scale, dtype is 0, dim is 256before scale, dtype is 0, dim is 256:[
[.

4152023-04-11 23:05:132023-04-11 23:05:13994171[] .[[.: 2023-04-11 23:05:13after scale, dtype is 7, new dim is 649941822023-04-11 23:05:132023-04-11 23:05:13994183E.
: ..:  994195E994199994200E/samgraph/3rdparty/collcachelib/coll_cache_lib/facade.cc:  : :  :E/samgraph/3rdparty/collcachelib/coll_cache_lib/facade.ccEE/samgraph/3rdparty/collcachelib/coll_cache_lib/facade.cc415 :  :] /samgraph/3rdparty/collcachelib/coll_cache_lib/facade.cc415/samgraph/3rdparty/collcachelib/coll_cache_lib/facade.cc/samgraph/3rdparty/collcachelib/coll_cache_lib/facade.cc415after scale, dtype is 7, new dim is 64:] ::] 
415after scale, dtype is 7, new dim is 64415415after scale, dtype is 7, new dim is 64] 
] ] 
after scale, dtype is 7, new dim is 64after scale, dtype is 7, new dim is 64after scale, dtype is 7, new dim is 64


[2023-04-11 23:05:13.995389: E /samgraph/3rdparty/collcachelib/coll_cache_lib/coll_cache/asymm_link_desc.cc:201] assigning 10 to cpu
[2023-04-11 23:05:13.995430: E /samgraph/3rdparty/collcachelib/coll_cache_lib/coll_cache/asymm_link_desc.cc:218] build symm link desc with 8X NVIDIA A100-SXM4-80GB out of 8
[2023-04-11 23:05:13.995456: E /samgraph/3rdparty/collcachelib/coll_cache_lib/coll_cache/asymm_link_desc.cc:219] remote time is 24.3333
[2023-04-11 23:05:13.995467: E /samgraph/3rdparty/collcachelib/coll_cache_lib/coll_cache/asymm_link_desc.cc:220] cpu time is 91.25
[2023-04-11 23:05:13.995492: E /samgraph/3rdparty/collcachelib/coll_cache_lib/facade.cc:425] registering cpu data with 16.00 GB
[2023-04-11 23:05:13.996027: E /samgraph/3rdparty/collcachelib/coll_cache_lib/coll_cache/asymm_link_desc.cc:201] assigning 10 to cpu
[2023-04-11 23:05:13.996068: E /samgraph/3rdparty/collcachelib/coll_cache_lib/coll_cache/asymm_link_desc.cc:218] build symm link desc with 8X NVIDIA A100-SXM4-80GB out of 8
[2023-04-11 23:05:13.996087: E /samgraph/3rdparty/collcachelib/coll_cache_lib/coll_cache/asymm_link_desc.cc:219] remote time is 24.3333
[2023-04-11 23:05:13.996098: E /samgraph/3rdparty/collcachelib/coll_cache_lib/coll_cache/asymm_link_desc.cc:220] cpu time is 91.25
[2023-04-11 23:05:13.996123: E /samgraph/3rdparty/collcachelib/coll_cache_lib/facade.cc:425] registering cpu data with 16.00 GB
[2023-04-11 23:05:13.996360: E /samgraph/3rdparty/collcachelib/coll_cache_lib/coll_cache/asymm_link_desc.cc:201] assigning 10 to cpu
[2023-04-11 23:05:13.996395: E /samgraph/3rdparty/collcachelib/coll_cache_lib/coll_cache/asymm_link_desc.cc:218] build symm link desc with 8X NVIDIA A100-SXM4-80GB out of 8
[2023-04-11 23:05:13.996411: E /samgraph/3rdparty/collcachelib/coll_cache_lib/coll_cache/asymm_link_desc.cc:219] remote time is 24.3333
[2023-04-11 23:05:13.996421: E /samgraph/3rdparty/collcachelib/coll_cache_lib/coll_cache/asymm_link_desc.cc:220] cpu time is 91.25
[2023-04-11 23:05:13[.2023-04-11 23:05:13996445.: 996447E:  E/samgraph/3rdparty/collcachelib/coll_cache_lib/coll_cache/asymm_link_desc.cc :/samgraph/3rdparty/collcachelib/coll_cache_lib/facade.cc201:] 425assigning 10 to cpu] 
registering cpu data with 16.00 GB
[2023-04-11 23:05:13.996486: E /samgraph/3rdparty/collcachelib/coll_cache_lib/coll_cache/asymm_link_desc.cc:218] build symm link desc with 8X NVIDIA A100-SXM4-80GB out of 8
[2023-04-11 23:05:13.996502: E /samgraph/3rdparty/collcachelib/coll_cache_lib/coll_cache/asymm_link_desc.cc:219] remote time is 24.3333
[2023-04-11 23:05:13.996512: E /samgraph/3rdparty/collcachelib/coll_cache_lib/coll_cache/asymm_link_desc.cc:220] cpu time is 91.25
[2023-04-11 23:05:13.996540: E /samgraph/3rdparty/collcachelib/coll_cache_lib/facade.cc:425] registering cpu data with 16.00 GB
[2023-04-11 23:05:13.996832: E /samgraph/3rdparty/collcachelib/coll_cache_lib/coll_cache/asymm_link_desc.cc:201] assigning 10 to cpu
[2023-04-11 23:05:13.996879: E /samgraph/3rdparty/collcachelib/coll_cache_lib/coll_cache/asymm_link_desc.cc:218] build symm link desc with 8X NVIDIA A100-SXM4-80GB out of 8
[2023-04-11 23:05:13.996902: E /samgraph/3rdparty/collcachelib/coll_cache_lib/coll_cache/asymm_link_desc.cc:219] remote time is 24.3333
[2023-04-11 23:05:13.996913: E /samgraph/3rdparty/collcachelib/coll_cache_lib/coll_cache/asymm_link_desc.cc:220] cpu time is 91.25
[2023-04-11 23:05:13.996939: E /samgraph/3rdparty/collcachelib/coll_cache_lib/facade.cc:425] registering cpu data with 16.00 GB
[2023-04-11 23:05:13.997089: E /samgraph/3rdparty/collcachelib/coll_cache_lib/coll_cache/asymm_link_desc.cc:201] assigning 10 to cpu
[2023-04-11 23:05:13.997124: E /samgraph/3rdparty/collcachelib/coll_cache_lib/coll_cache/asymm_link_desc.cc:218] build symm link desc with 8X NVIDIA A100-SXM4-80GB out of 8
[2023-04-11 23:05:13.997142: E /samgraph/3rdparty/collcachelib/coll_cache_lib/coll_cache/asymm_link_desc.cc:219] remote time is 24.3333
[2023-04-11 23:05:13.997153: E /samgraph/3rdparty/collcachelib/coll_cache_lib/coll_cache/asymm_link_desc.cc:220] cpu time is 91.25
[2023-04-11 23:05:13.997177: E /samgraph/3rdparty/collcachelib/coll_cache_lib/facade.cc:425] registering cpu data with 16.00 GB
[2023-04-11 23:05:13.997292: E /samgraph/3rdparty/collcachelib/coll_cache_lib/coll_cache/asymm_link_desc.cc:201] assigning 10 to cpu
[2023-04-11 23:05:13.997326: E /samgraph/3rdparty/collcachelib/coll_cache_lib/coll_cache/asymm_link_desc.cc:218] build symm link desc with 8X NVIDIA A100-SXM4-80GB out of 8
[2023-04-11 23:05:13.997341: E /samgraph/3rdparty/collcachelib/coll_cache_lib/coll_cache/asymm_link_desc.cc:219] remote time is 24.3333
[2023-04-11 23:05:13.997352: E /samgraph/3rdparty/collcachelib/coll_cache_lib/coll_cache/asymm_link_desc.cc:220] cpu time is 91.25
[2023-04-11 23:05:13.997376: E /samgraph/3rdparty/collcachelib/coll_cache_lib/facade.cc:425] registering cpu data with 16.00 GB
[2023-04-11 23:05:16.920369: E /samgraph/3rdparty/collcachelib/coll_cache_lib/facade.cc:427] [registering cpu data done.2023-04-11 23:05:16
.920416: E /samgraph/3rdparty/collcachelib/coll_cache_lib/facade.cc:427] registering cpu data done.
[2023-04-11 23:05:16.920816: E /samgraph/3rdparty/collcachelib/coll_cache_lib/facade.cc:427] registering cpu data done.
[2023-04-11 23:05:16.921067: E /samgraph/3rdparty/collcachelib/coll_cache_lib/facade.cc:427] registering cpu data done.
[2023-04-11 23:05:16.924656: E /samgraph/3rdparty/collcachelib/coll_cache_lib/facade.cc:427] registering cpu data done.
[2023-04-11 23:05:16.930959: E /samgraph/3rdparty/collcachelib/coll_cache_lib/facade.cc:427] registering cpu data done.
[2023-04-11 23:05:16.933683: E /samgraph/3rdparty/collcachelib/coll_cache_lib/facade.cc:427] registering cpu data done.
[2023-04-11 23:05:21.284233: E /samgraph/3rdparty/collcachelib/coll_cache_lib/freq_recorder.cc:269] freq recorder global combine from 287913639 to 57331781
[2023-04-11 23:05:26.618586: E /samgraph/3rdparty/collcachelib/coll_cache_lib/freq_recorder.cc:286] top 5 freq is 1668,1628,1624,1602,1568
[2023-04-11 23:05:26.618694: E /samgraph/3rdparty/collcachelib/coll_cache_lib/run_config.cc:140] using concurrent impl MPSPhase
[2023-04-11 23:05:26.618713: E /samgraph/3rdparty/collcachelib/coll_cache_lib/facade.cc:409] before scale, dtype is 0, dim is 256
[2023-04-11 23:05:26.618727: E /samgraph/3rdparty/collcachelib/coll_cache_lib/facade.cc:415] after scale, dtype is 7, new dim is 64
[2023-04-11 23:05:26.619874: E /samgraph/3rdparty/collcachelib/coll_cache_lib/coll_cache/asymm_link_desc.cc:201] assigning 10 to cpu
[2023-04-11 23:05:26.619927: E /samgraph/3rdparty/collcachelib/coll_cache_lib/coll_cache/asymm_link_desc.cc:218] build symm link desc with 8X NVIDIA A100-SXM4-80GB out of 8
[2023-04-11 23:05:26.619966: E /samgraph/3rdparty/collcachelib/coll_cache_lib/coll_cache/asymm_link_desc.cc:219] remote time is 24.3333
[2023-04-11 23:05:26.619980: E /samgraph/3rdparty/collcachelib/coll_cache_lib/coll_cache/asymm_link_desc.cc:220] cpu time is 91.25
[2023-04-11 23:05:26.620029: E /samgraph/3rdparty/collcachelib/coll_cache_lib/facade.cc:425] registering cpu data with 16.00 GB
[2023-04-11 23:05:27.407942: E /samgraph/3rdparty/collcachelib/coll_cache_lib/facade.cc:427] registering cpu data done.
[2023-04-11 23:05:27.408024: E /samgraph/3rdparty/collcachelib/coll_cache_lib/facade.cc:174] creating solver
[2023-04-11 23:05:27.408036: E /samgraph/3rdparty/collcachelib/coll_cache_lib/facade.cc:214] solver created. now build & solve
[2023-04-11 23:05:27.608148: E /samgraph/3rdparty/collcachelib/coll_cache_lib/facade.cc:218] solver built. now solve
[2023-04-11 23:05:27.608229: E /samgraph/3rdparty/collcachelib/coll_cache_lib/coll_cache/optimal_solver_class.cc:1432] num_cached_nodes = 7873003
[2023-04-11 23:05:27.777523: E /samgraph/3rdparty/collcachelib/coll_cache_lib/facade.cc:222] solver solved
[2023-04-11 23:05:27.778703: E /samgraph/3rdparty/collcachelib/coll_cache_lib/facade.cc:437] 0 solved master
[2023-04-11 23:05:27.778726: E /samgraph/3rdparty/collcachelib/coll_cache_lib/facade.cc:444] 0 solved
[2023-04-11 23:05:27.778744: E /samgraph/3rdparty/collcachelib/coll_cache_lib/facade.cc:447] worker 0 thread 0 initing device 0
[2023-04-11 23:05:27.779377: E /samgraph/3rdparty/collcachelib/coll_cache_lib/cache_context.cu:2308] Building Coll Cache with ... num gpu device is 8
[2023-04-11 23:05:27.779434: E /samgraph/3rdparty/collcachelib/coll_cache_lib/cuda/cache_hashtable.cuh:611] per src size local is 8660403
[2023-04-11 23:05:27.785859: E /samgraph/3rdparty/collcachelib/coll_cache_lib/facade.cc:444] 3 solved
[2023-04-11 23:05:27.785895: E /samgraph/3rdparty/collcachelib/coll_cache_lib/facade.cc:447] worker 0 thread 3 initing device 3
[[2023-04-11 23:05:272023-04-11 23:05:27..786468786468: : EE  /samgraph/3rdparty/collcachelib/coll_cache_lib/facade.cc/samgraph/3rdparty/collcachelib/coll_cache_lib/facade.cc::444444] ] 7 solved5 solved

[[2023-04-11 23:05:272023-04-11 23:05:27..786504786504: : EE  /samgraph/3rdparty/collcachelib/coll_cache_lib/facade.cc/samgraph/3rdparty/collcachelib/coll_cache_lib/facade.cc::447447] ] worker 0 thread 7 initing device 7worker 0 thread 5 initing device 5

[2023-04-11 23:05:27.786609: E /samgraph/3rdparty/collcachelib/coll_cache_lib/facade.cc:444] 6 solved
[2023-04-11 23:05:27.786633: E /samgraph/3rdparty/collcachelib/coll_cache_lib/facade.cc:447] worker 0 thread 6 initing device 6
[[[2023-04-11 23:05:272023-04-11 23:05:272023-04-11 23:05:27...786907786909786909: : : EEE   /samgraph/3rdparty/collcachelib/coll_cache_lib/cache_context.cu/samgraph/3rdparty/collcachelib/coll_cache_lib/cache_context.cu/samgraph/3rdparty/collcachelib/coll_cache_lib/cache_context.cu:::230823082308] ] ] Building Coll Cache with ... num gpu device is 8Building Coll Cache with ... num gpu device is 8Building Coll Cache with ... num gpu device is 8


[2023-04-11 23:05:27.792466: E /samgraph/3rdparty/collcachelib/coll_cache_lib/facade.cc:444] 2 solved
[2023-04-11 23:05:27.792575: E /samgraph/3rdparty/collcachelib/coll_cache_lib/facade.cc:447] worker 0 thread 2 initing device 2
[2023-04-11 23:05:27.792655: E /samgraph/3rdparty/collcachelib/coll_cache_lib/facade.cc:444] 1 solved
[2023-04-11 23:05:27.792695: E /samgraph/3rdparty/collcachelib/coll_cache_lib/facade.cc:447] worker 0 thread 1 initing device 1
[2023-04-11 23:05:27.793198: E /samgraph/3rdparty/collcachelib/coll_cache_lib/cache_context.cu:2308] Building Coll Cache with ... num gpu device is 8
[2023-04-11 23:05:27.803025: E /samgraph/3rdparty/collcachelib/coll_cache_lib/cache_context.cu:2308] Building Coll Cache with ... num gpu device is 8
[2023-04-11 23:05:27.803184: E /samgraph/3rdparty/collcachelib/coll_cache_lib/cache_context.cu:2308] Building Coll Cache with ... num gpu device is 8
[2023-04-11 23:05:27.805884: E /samgraph/3rdparty/collcachelib/coll_cache_lib/facade.cc:444] 4 solved
[2023-04-11 23:05:27.805969: E /samgraph/3rdparty/collcachelib/coll_cache_lib/facade.cc:447] worker 0 thread 4 initing device 4
[2023-04-11 23:05:27.806567: E /samgraph/3rdparty/collcachelib/coll_cache_lib/cache_context.cu:2308] Building Coll Cache with ... num gpu device is 8
[2023-04-11 23:05:27.824530: E /samgraph/3rdparty/collcachelib/coll_cache_lib/common.cc:261] making a tensor with 0 num item
[2023-04-11 23:05:27.824592: E /samgraph/3rdparty/collcachelib/coll_cache_lib/cache_context.cu:2350] num cpu nodes is 57735363
[[2023-04-11 23:05:272023-04-11 23:05:27..830708830707: : EE  /samgraph/3rdparty/collcachelib/coll_cache_lib/common.cc/samgraph/3rdparty/collcachelib/coll_cache_lib/common.cc::261261] ] making a tensor with 0 num itemmaking a tensor with 0 num item

[[2023-04-11 23:05:272023-04-11 23:05:27..830784830784: : EE  /samgraph/3rdparty/collcachelib/coll_cache_lib/cache_context.cu/samgraph/3rdparty/collcachelib/coll_cache_lib/cache_context.cu::23502350] ] num cpu nodes is 57735363num cpu nodes is 57735363

[2023-04-11 23:05:27.830806: E /samgraph/3rdparty/collcachelib/coll_cache_lib/common.cc:261] making a tensor with 0 num item
[2023-04-11 23:05:27.830833: E /samgraph/3rdparty/collcachelib/coll_cache_lib/cache_context.cu:2350] num cpu nodes is 57735363
[2023-04-11 23:05:27.841108: E /samgraph/3rdparty/collcachelib/coll_cache_lib/common.cc:261] making a tensor with 0 num item
[2023-04-11 23:05:27.841158: E /samgraph/3rdparty/collcachelib/coll_cache_lib/cache_context.cu:2350] num cpu nodes is 57735363
[2023-04-11 23:05:27.848005: E /samgraph/3rdparty/collcachelib/coll_cache_lib/common.cc:261] making a tensor with 0 num item
[2023-04-11 23:05:27.848038: E /samgraph/3rdparty/collcachelib/coll_cache_lib/cache_context.cu:2350] num cpu nodes is 57735363
[2023-04-11 23:05:27.850204: E /samgraph/3rdparty/collcachelib/coll_cache_lib/common.cc:261] making a tensor with 0 num item
[2023-04-11 23:05:27.850244: E /samgraph/3rdparty/collcachelib/coll_cache_lib/cache_context.cu:2350] num cpu nodes is 57735363
[2023-04-11 23:05:27.850605: E /samgraph/3rdparty/collcachelib/coll_cache_lib/common.cc:261] making a tensor with 0 num item
[2023-04-11 23:05:27.850636: E /samgraph/3rdparty/collcachelib/coll_cache_lib/cache_context.cu:2350] num cpu nodes is 57735363
[2023-04-11 23:05:28.514598: E /samgraph/3rdparty/collcachelib/coll_cache_lib/cuda/cache_hashtable.cu:355] create a hashtable with 7873003 possible elem, scale to 16777216
[2023-04-11 23:05:28.514672: E /samgraph/3rdparty/collcachelib/coll_cache_lib/cuda/cache_hashtable.cu:360] SimpleHashTable allocating 128.00 MB
[2023-04-11 23:05:28.515460: E /samgraph/3rdparty/collcachelib/coll_cache_lib/cuda/cache_hashtable.cu:355] create a hashtable with 7873003 possible elem, scale to 16777216
[2023-04-11 23:05:28.515495: E /samgraph/3rdparty/collcachelib/coll_cache_lib/cuda/cache_hashtable.cu:360] SimpleHashTable allocating 128.00 MB
[2023-04-11 23:05:28.515986: E /samgraph/3rdparty/collcachelib/coll_cache_lib/cuda/cache_hashtable.cu:355] create a hashtable with 7873003 possible elem, scale to 16777216
[2023-04-11 23:05:28.516032: E /samgraph/3rdparty/collcachelib/coll_cache_lib/cuda/cache_hashtable.cu:360] SimpleHashTable allocating 128.00 MB
[2023-04-11 23:05:28.516130: E /samgraph/3rdparty/collcachelib/coll_cache_lib/cuda/cache_hashtable.cu:355] create a hashtable with 7873003 possible elem, scale to 16777216
[2023-04-11 23:05:28.516166: E /samgraph/3rdparty/collcachelib/coll_cache_lib/cuda/cache_hashtable.cu:360] SimpleHashTable allocating 128.00 MB
[2023-04-11 23:05:28.516182: E /samgraph/3rdparty/collcachelib/coll_cache_lib/cuda/cache_hashtable.cu:355] create a hashtable with 7873003 possible elem, scale to 16777216
[2023-04-11 23:05:28.516215: E /samgraph/3rdparty/collcachelib/coll_cache_lib/cuda/cache_hashtable.cu:360] SimpleHashTable allocating 128.00 MB
[2023-04-11 23:05:28.516650: E /samgraph/3rdparty/collcachelib/coll_cache_lib/cuda/cache_hashtable.cu:355] create a hashtable with 7873003 possible elem, scale to 16777216
[2023-04-11 23:05:28[.2023-04-11 23:05:28516667.: 516686E:  E/samgraph/3rdparty/collcachelib/coll_cache_lib/cuda/cache_hashtable.cu :/samgraph/3rdparty/collcachelib/coll_cache_lib/cuda/cache_hashtable.cu355:] 360create a hashtable with 7873003 possible elem, scale to 16777216] 
SimpleHashTable allocating 128.00 MB
[2023-04-11 23:05:28.516731: E /samgraph/3rdparty/collcachelib/coll_cache_lib/cuda/cache_hashtable.cu:360] SimpleHashTable allocating 128.00 MB
[2023-04-11 23:05:28.517412: E /samgraph/3rdparty/collcachelib/coll_cache_lib/cuda/cache_hashtable.cu:355] create a hashtable with 7873003 possible elem, scale to 16777216
[2023-04-11 23:05:28.517444: E /samgraph/3rdparty/collcachelib/coll_cache_lib/cuda/cache_hashtable.cu:360] SimpleHashTable allocating 128.00 MB
[2023-04-11 23:05:28.540962: E /samgraph/3rdparty/collcachelib/coll_cache_lib/common.cc:107] too many mem allocated for forcescale?7938612->65609
[2023-04-11 23:05:28.541143: E /samgraph/3rdparty/collcachelib/coll_cache_lib/common.cc:107] too many mem allocated for forcescale?7938612->65609
[2023-04-11 23:05:28.541308: E /samgraph/3rdparty/collcachelib/coll_cache_lib/common.cc:107] too many mem allocated for forcescale?7938612->65609
[2023-04-11 23:05:28.541471: E /samgraph/3rdparty/collcachelib/coll_cache_lib/common.cc:107] too many mem allocated for forcescale?7938612->65609
[2023-04-11 23:05:28.541637: E /samgraph/3rdparty/collcachelib/coll_cache_lib/common.cc:107] too many mem allocated for forcescale?7938612->65609
[2023-04-11 23:05:28.541807: E /samgraph/3rdparty/collcachelib/coll_cache_lib/common.cc:107] too many mem allocated for forcescale?7938612->65609
[2023-04-11 23:05:28.541976: E /samgraph/3rdparty/collcachelib/coll_cache_lib/common.cc:107] too many mem allocated for forcescale?7938612->65609
[2023-04-11 23:05:28.542142: E /samgraph/3rdparty/collcachelib/coll_cache_lib/common.cc:107] too many mem allocated for forcescale?7938612->65609
[2023-04-11 23:05:28.556886: E /samgraph/3rdparty/collcachelib/coll_cache_lib/cache_context.cu:2427] Asymm Coll cache (policy: rep_cache) | local 7873003 / 65608366 nodes ( 12.00 %~12.00 %) | remote 0 / 65608366 nodes ( 0.00 %) | cpu 57735363 / 65608366 nodes ( 88.00 %) | 7.57 GB | 0.777493 secs 
[2023-04-11 23:05:28.561991: W /samgraph/3rdparty/collcachelib/coll_cache_lib/cache_context.cu:3946] before create ctx, mem is 14.17 GB
[2023-04-11 23:05:28.562026: W /samgraph/3rdparty/collcachelib/coll_cache_lib/cache_context.cu:3946] before create ctx, mem is 14.17 GB
[2023-04-11 23:05:28.562079: E /samgraph/3rdparty/collcachelib/coll_cache_lib/cache_context.cu:2427] Asymm Coll cache (policy: rep_cache) | local 7873003 / 65608366 nodes ( 12.00 %~12.00 %) | remote 0 / 65608366 nodes ( 0.00 %) | cpu 57735363 / 65608366 nodes ( 88.00 %) | 7.57 GB | 0.758989 secs 
[2023-04-11 23:05:28.562281: W /samgraph/3rdparty/collcachelib/coll_cache_lib/cache_context.cu:3946] before create ctx, mem is 14.17 GB
[2023-04-11 23:05:28.562495: W /samgraph/3rdparty/collcachelib/coll_cache_lib/cache_context.cu:3946] before create ctx, mem is 14.17 GB
[[2023-04-11 23:05:282023-04-11 23:05:28..563230563235: : EE  /samgraph/3rdparty/collcachelib/coll_cache_lib/cache_context.cu/samgraph/3rdparty/collcachelib/coll_cache_lib/cache_context.cu::24272427] ] Asymm Coll cache (policy: rep_cache) | local 7873003 / 65608366 nodes ( 12.00 %~12.00 %) | remote 0 / 65608366 nodes ( 0.00 %) | cpu 57735363 / 65608366 nodes ( 88.00 %) | 7.57 GB | 0.75999 secs Asymm Coll cache (policy: rep_cache) | local 7873003 / 65608366 nodes ( 12.00 %~12.00 %) | remote 0 / 65608366 nodes ( 0.00 %) | cpu 57735363 / 65608366 nodes ( 88.00 %) | 7.57 GB | 0.776283 secs 

[2023-04-11 23:05:28.567876: W /samgraph/3rdparty/collcachelib/coll_cache_lib/cache_context.cu:3946] before create ctx, mem is 14.17 GB
[2023-04-11 23:05:28.568169: W /samgraph/3rdparty/collcachelib/coll_cache_lib/cache_context.cu:3946] before create ctx, mem is 14.17 GB
[2023-04-11 23:05:28.568360: E /samgraph/3rdparty/collcachelib/coll_cache_lib/cache_context.cu:2427] Asymm Coll cache (policy: rep_cache) | local 7873003 / 65608366 nodes ( 12.00 %~12.00 %) | remote 0 / 65608366 nodes ( 0.00 %) | cpu 57735363 / 65608366 nodes ( 88.00 %) | 7.57 GB | 0.781409 secs 
[2023-04-11 23:05:28.569960: E /samgraph/3rdparty/collcachelib/coll_cache_lib/cache_context.cu:2427] Asymm Coll cache (policy: rep_cache) | local 7873003 / 65608366 nodes ( 12.00 %~12.00 %) | remote 0 / 65608366 nodes ( 0.00 %) | cpu 57735363 / 65608366 nodes ( 88.00 %) | 7.57 GB | 0.763377 secs 
[2023-04-11 23:05:28.572912: E /samgraph/3rdparty/collcachelib/coll_cache_lib/cache_context.cu:2427] Asymm Coll cache (policy: rep_cache) | local 7873003 / 65608366 nodes ( 12.00 %~12.00 %) | remote 0 / 65608366 nodes ( 0.00 %) | cpu 57735363 / 65608366 nodes ( 88.00 %) | 7.57 GB | 0.779685 secs 
[2023-04-11 23:05:28.573490: E /samgraph/3rdparty/collcachelib/coll_cache_lib/cache_context.cu:2427] Asymm Coll cache (policy: rep_cache) | local 7873003 / 65608366 nodes ( 12.00 %~12.00 %) | remote 0 / 65608366 nodes ( 0.00 %) | cpu 57735363 / 65608366 nodes ( 88.00 %) | 7.57 GB | 0.786538 secs 
[2023-04-11 23:05:28.573556: W /samgraph/3rdparty/collcachelib/coll_cache_lib/cache_context.cu:3946] before create ctx, mem is 14.17 GB
[2023-04-11 23:05:28.581357: W /samgraph/3rdparty/collcachelib/coll_cache_lib/cache_context.cu:3946] before create ctx, mem is 14.17 GB
[2023-04-11 23:05:38.837620: W /samgraph/3rdparty/collcachelib/coll_cache_lib/cache_context.cu:3946] after create ctx, mem is 16.74 GB
[2023-04-11 23:05:38.837734: W /samgraph/3rdparty/collcachelib/coll_cache_lib/cache_context.cu:3946] after create stream, mem is 16.74 GB
[2023-04-11 23:05:38.883739: W /samgraph/3rdparty/collcachelib/coll_cache_lib/cache_context.cu:3946] after create ctx, mem is 16.76 GB
[2023-04-11 23:05:38.883811: W /samgraph/3rdparty/collcachelib/coll_cache_lib/cache_context.cu:3946] after create stream, mem is 16.76 GB
[2023-04-11 23:05:38.897206: W /samgraph/3rdparty/collcachelib/coll_cache_lib/cache_context.cu:3946] after create ctx, mem is 16.77 GB
[2023-04-11 23:05:38.897302: W /samgraph/3rdparty/collcachelib/coll_cache_lib/cache_context.cu:3946] after create stream, mem is 16.77 GB
[2023-04-11 23:05:39.153405: W /samgraph/3rdparty/collcachelib/coll_cache_lib/cache_context.cu:3946] after create ctx, mem is 16.88 GB
[2023-04-11 23:05:39.153752: W /samgraph/3rdparty/collcachelib/coll_cache_lib/cache_context.cu:3946] after create stream, mem is 16.88 GB
[2023-04-11 23:05:39.377222: W /samgraph/3rdparty/collcachelib/coll_cache_lib/cache_context.cu:3946] after create ctx, mem is 16.97 GB
[2023-04-11 23:05:39.377413: W /samgraph/3rdparty/collcachelib/coll_cache_lib/cache_context.cu:3946] after create stream, mem is 16.98 GB
[2023-04-11 23:05:39.576581: W /samgraph/3rdparty/collcachelib/coll_cache_lib/cache_context.cu:3946] after create ctx, mem is 17.08 GB
[2023-04-11 23:05:39.576688: W /samgraph/3rdparty/collcachelib/coll_cache_lib/cache_context.cu:3946] after create stream, mem is 17.08 GB
[2023-04-11 23:05:39.808822: W /samgraph/3rdparty/collcachelib/coll_cache_lib/cache_context.cu:3946] after create ctx, mem is 17.18 GB
[2023-04-11 23:05:39.808934: W /samgraph/3rdparty/collcachelib/coll_cache_lib/cache_context.cu:3946] after create stream, mem is 17.18 GB
[2023-04-11 23:05:39.934698: W /samgraph/3rdparty/collcachelib/coll_cache_lib/cache_context.cu:3946] after create ctx, mem is 17.24 GB
[2023-04-11 23:05:39.934787: W /samgraph/3rdparty/collcachelib/coll_cache_lib/cache_context.cu:3946] after create stream, mem is 17.24 GB
Warning, found a larger batch, re allocating emb output now12666961266163
/usr/local/lib/python3.8/dist-packages/torch/nn/parallel/scatter_gather.py:9: UserWarning: is_namedtuple is deprecated, please use the python checks instead
  warnings.warn("is_namedtuple is deprecated, please use the python checks instead")
/usr/local/lib/python3.8/dist-packages/torch/nn/parallel/scatter_gather.py:9: UserWarning: is_namedtuple is deprecated, please use the python checks instead
  warnings.warn("is_namedtuple is deprecated, please use the python checks instead")
/usr/local/lib/python3.8/dist-packages/torch/nn/parallel/scatter_gather.py:9: UserWarning: is_namedtuple is deprecated, please use the python checks instead
  warnings.warn("is_namedtuple is deprecated, please use the python checks instead")
/usr/local/lib/python3.8/dist-packages/torch/nn/parallel/scatter_gather.py:9: UserWarning: is_namedtuple is deprecated, please use the python checks instead
  warnings.warn("is_namedtuple is deprecated, please use the python checks instead")
/usr/local/lib/python3.8/dist-packages/torch/nn/parallel/scatter_gather.py:9: UserWarning: is_namedtuple is deprecated, please use the python checks instead
  warnings.warn("is_namedtuple is deprecated, please use the python checks instead")
/usr/local/lib/python3.8/dist-packages/torch/nn/parallel/scatter_gather.py:9: UserWarning: is_namedtuple is deprecated, please use the python checks instead
  warnings.warn("is_namedtuple is deprecated, please use the python checks instead")
/usr/local/lib/python3.8/dist-packages/torch/nn/parallel/scatter_gather.py:9: UserWarning: is_namedtuple is deprecated, please use the python checks instead
  warnings.warn("is_namedtuple is deprecated, please use the python checks instead")
/usr/local/lib/python3.8/dist-packages/torch/nn/parallel/scatter_gather.py:9: UserWarning: is_namedtuple is deprecated, please use the python checks instead
  warnings.warn("is_namedtuple is deprecated, please use the python checks instead")
