succeed=True
[CUDA] cuda: usage: 6.44 GB
0 :  {link #0 : 1}, {link #1 : 2}, {link #2 : 3}, {link #3 : 4}, {link #4 : 5}, {link #5 : 6}, {link #6 : 7},
1 :  {link #0 : 2}, {link #1 : 3}, {link #2 : 4}, {link #3 : 5}, {link #4 : 6}, {link #5 : 7}, {link #6 : 0},
2 :  {link #0 : 3}, {link #1 : 4}, {link #2 : 5}, {link #3 : 6}, {link #4 : 7}, {link #5 : 0}, {link #6 : 1},
3 :  {link #0 : 4}, {link #1 : 5}, {link #2 : 6}, {link #3 : 7}, {link #4 : 0}, {link #5 : 1}, {link #6 : 2},
4 :  {link #0 : 5}, {link #1 : 6}, {link #2 : 7}, {link #3 : 0}, {link #4 : 1}, {link #5 : 2}, {link #6 : 3},
5 :  {link #0 : 6}, {link #1 : 7}, {link #2 : 0}, {link #3 : 1}, {link #4 : 2}, {link #5 : 3}, {link #6 : 4},
6 :  {link #0 : 7}, {link #1 : 0}, {link #2 : 1}, {link #3 : 2}, {link #4 : 3}, {link #5 : 4}, {link #6 : 5},
7 :  {link #0 : 0}, {link #1 : 1}, {link #2 : 2}, {link #3 : 3}, {link #4 : 4}, {link #5 : 5}, {link #6 : 6},
0 : local 98, cpu 10 {link #0 : g1 8}, {link #1 : g2 8}, {link #2 : g3 8}, {link #3 : g4 8}, {link #4 : g5 8}, {link #5 : g6 8}, {link #6 : g7 8},
1 : local 98, cpu 10 {link #0 : g2 8}, {link #1 : g3 8}, {link #2 : g4 8}, {link #3 : g5 8}, {link #4 : g6 8}, {link #5 : g7 8}, {link #6 : g0 8},
2 : local 98, cpu 10 {link #0 : g3 8}, {link #1 : g4 8}, {link #2 : g5 8}, {link #3 : g6 8}, {link #4 : g7 8}, {link #5 : g0 8}, {link #6 : g1 8},
3 : local 98, cpu 10 {link #0 : g4 8}, {link #1 : g5 8}, {link #2 : g6 8}, {link #3 : g7 8}, {link #4 : g0 8}, {link #5 : g1 8}, {link #6 : g2 8},
4 : local 98, cpu 10 {link #0 : g5 8}, {link #1 : g6 8}, {link #2 : g7 8}, {link #3 : g0 8}, {link #4 : g1 8}, {link #5 : g2 8}, {link #6 : g3 8},
5 : local 98, cpu 10 {link #0 : g6 8}, {link #1 : g7 8}, {link #2 : g0 8}, {link #3 : g1 8}, {link #4 : g2 8}, {link #5 : g3 8}, {link #6 : g4 8},
6 : local 98, cpu 10 {link #0 : g7 8}, {link #1 : g0 8}, {link #2 : g1 8}, {link #3 : g2 8}, {link #4 : g3 8}, {link #5 : g4 8}, {link #6 : g5 8},
7 : local 98, cpu 10 {link #0 : g0 8}, {link #1 : g1 8}, {link #2 : g2 8}, {link #3 : g3 8}, {link #4 : g4 8}, {link #5 : g5 8}, {link #6 : g6 8},
0 :  {link #0 : 1}, {link #1 : 2}, {link #2 : 3}, {link #3 : 4}, {link #4 : 5}, {link #5 : 6}, {link #6 : 7},
1 :  {link #0 : 2}, {link #1 : 3}, {link #2 : 4}, {link #3 : 5}, {link #4 : 6}, {link #5 : 7}, {link #6 : 0},
2 :  {link #0 : 3}, {link #1 : 4}, {link #2 : 5}, {link #3 : 6}, {link #4 : 7}, {link #5 : 0}, {link #6 : 1},
3 :  {link #0 : 4}, {link #1 : 5}, {link #2 : 6}, {link #3 : 7}, {link #4 : 0}, {link #5 : 1}, {link #6 : 2},
4 :  {link #0 : 5}, {link #1 : 6}, {link #2 : 7}, {link #3 : 0}, {link #4 : 1}, {link #5 : 2}, {link #6 : 3},
5 :  {link #0 : 6}, {link #1 : 7}, {link #2 : 0}, {link #3 : 1}, {link #4 : 2}, {link #5 : 3}, {link #6 : 4},
6 :  {link #0 : 7}, {link #1 : 0}, {link #2 : 1}, {link #3 : 2}, {link #4 : 3}, {link #5 : 4}, {link #6 : 5},
7 :  {link #0 : 0}, {link #1 : 1}, {link #2 : 2}, {link #3 : 3}, {link #4 : 4}, {link #5 : 5}, {link #6 : 6},
0 : local 98, cpu 10 {link #0 : g1 8}, {link #1 : g2 8}, {link #2 : g3 8}, {link #3 : g4 8}, {link #4 : g5 8}, {link #5 : g6 8}, {link #6 : g7 8},
1 : local 98, cpu 10 {link #0 : g2 8}, {link #1 : g3 8}, {link #2 : g4 8}, {link #3 : g5 8}, {link #4 : g6 8}, {link #5 : g7 8}, {link #6 : g0 8},
2 : local 98, cpu 10 {link #0 : g3 8}, {link #1 : g4 8}, {link #2 : g5 8}, {link #3 : g6 8}, {link #4 : g7 8}, {link #5 : g0 8}, {link #6 : g1 8},
3 : local 98, cpu 10 {link #0 : g4 8}, {link #1 : g5 8}, {link #2 : g6 8}, {link #3 : g7 8}, {link #4 : g0 8}, {link #5 : g1 8}, {link #6 : g2 8},
4 : local 98, cpu 10 {link #0 : g5 8}, {link #1 : g6 8}, {link #2 : g7 8}, {link #3 : g0 8}, {link #4 : g1 8}, {link #5 : g2 8}, {link #6 : g3 8},
5 : local 98, cpu 10 {link #0 : g6 8}, {link #1 : g7 8}, {link #2 : g0 8}, {link #3 : g1 8}, {link #4 : g2 8}, {link #5 : g3 8}, {link #6 : g4 8},
6 : local 98, cpu 10 {link #0 : g7 8}, {link #1 : g0 8}, {link #2 : g1 8}, {link #3 : g2 8}, {link #4 : g3 8}, {link #5 : g4 8}, {link #6 : g5 8},
7 : local 98, cpu 10 {link #0 : g0 8}, {link #1 : g1 8}, {link #2 : g2 8}, {link #3 : g3 8}, {link #4 : g4 8}, {link #5 : g5 8}, {link #6 : g6 8},
0 :  {link #0 : 1}, {link #1 : 2}, {link #2 : 3}, {link #3 : 4}, {link #4 : 5}, {link #5 : 6}, {link #6 : 7},
1 :  {link #0 : 2}, {link #1 : 3}, {link #2 : 4}, {link #3 : 5}, {link #4 : 6}, {link #5 : 7}, {link #6 : 0},
2 :  {link #0 : 3}, {link #1 : 4}, {link #2 : 5}, {link #3 : 6}, {link #4 : 7}, {link #5 : 0}, {link #6 : 1},
3 :  {link #0 : 4}, {link #1 : 5}, {link #2 : 6}, {link #3 : 7}, {link #4 : 0}, {link #5 : 1}, {link #6 : 2},
4 :  {link #0 : 5}, {link #1 : 6}, {link #2 : 7}, {link #3 : 0}, {link #4 : 1}, {link #5 : 2}, {link #6 : 3},
5 :  {link #0 : 6}, {link #1 : 7}, {link #2 : 0}, {link #3 : 1}, {link #4 : 2}, {link #5 : 3}, {link #6 : 4},
6 :  {link #0 : 7}, {link #1 : 0}, {link #2 : 1}, {link #3 : 2}, {link #4 : 3}, {link #5 : 4}, {link #6 : 5},
7 :  {link #0 : 0}, {link #1 : 1}, {link #2 : 2}, {link #3 : 3}, {link #4 : 4}, {link #5 : 5}, {link #6 : 6},
0 : local 98, cpu 10 {link #0 : g1 8}, {link #1 : g2 8}, {link #2 : g3 8}, {link #3 : g4 8}, {link #4 : g5 8}, {link #5 : g6 8}, {link #6 : g7 8},
1 : local 98, cpu 10 {link #0 : g2 8}, {link #1 : g3 8}, {link #2 : g4 8}, {link #3 : g5 8}, {link #4 : g6 8}, {link #5 : g7 8}, {link #6 : g0 8},
2 : local 98, cpu 10 {link #0 : g3 8}, {link #1 : g4 8}, {link #2 : g5 8}, {link #3 : g6 8}, {link #4 : g7 8}, {link #5 : g0 8}, {link #6 : g1 8},
3 : local 98, cpu 10 {link #0 : g4 8}, {link #1 : g5 8}, {link #2 : g6 8}, {link #3 : g7 8}, {link #4 : g0 8}, {link #5 : g1 8}, {link #6 : g2 8},
4 : local 98, cpu 10 {link #0 : g5 8}, {link #1 : g6 8}, {link #2 : g7 8}, {link #3 : g0 8}, {link #4 : g1 8}, {link #5 : g2 8}, {link #6 : g3 8},
5 : local 98, cpu 10 {link #0 : g6 8}, {link #1 : g7 8}, {link #2 : g0 8}, {link #3 : g1 8}, {link #4 : g2 8}, {link #5 : g3 8}, {link #6 : g4 8},
6 : local 98, cpu 10 {link #0 : g7 8}, {link #1 : g0 8}, {link #2 : g1 8}, {link #3 : g2 8}, {link #4 : g3 8}, {link #5 : g4 8}, {link #6 : g5 8},
7 : local 98, cpu 10 {link #0 : g0 8}, {link #1 : g1 8}, {link #2 : g2 8}, {link #3 : g3 8}, {link #4 : g4 8}, {link #5 : g5 8}, {link #6 : g6 8},
0 :  {link #0 : 1}, {link #1 : 2}, {link #2 : 3}, {link #3 : 4}, {link #4 : 5}, {link #5 : 6}, {link #6 : 7},
1 :  {link #0 : 2}, {link #1 : 3}, {link #2 : 4}, {link #3 : 5}, {link #4 : 6}, {link #5 : 7}, {link #6 : 0},
2 :  {link #0 : 3}, {link #1 : 4}, {link #2 : 5}, {link #3 : 6}, {link #4 : 7}, {link #5 : 0}, {link #6 : 1},
3 :  {link #0 : 4}, {link #1 : 5}, {link #2 : 6}, {link #3 : 7}, {link #4 : 0}, {link #5 : 1}, {link #6 : 2},
4 :  {link #0 : 5}, {link #1 : 6}, {link #2 : 7}, {link #3 : 0}, {link #4 : 1}, {link #5 : 2}, {link #6 : 3},
5 :  {link #0 : 6}, {link #1 : 7}, {link #2 : 0}, {link #3 : 1}, {link #4 : 2}, {link #5 : 3}, {link #6 : 4},
6 :  {link #0 : 7}, {link #1 : 0}, {link #2 : 1}, {link #3 : 2}, {link #4 : 3}, {link #5 : 4}, {link #6 : 5},
7 :  {link #0 : 0}, {link #1 : 1}, {link #2 : 2}, {link #3 : 3}, {link #4 : 4}, {link #5 : 5}, {link #6 : 6},
0 : local 98, cpu 10 {link #0 : g1 8}, {link #1 : g2 8}, {link #2 : g3 8}, {link #3 : g4 8}, {link #4 : g5 8}, {link #5 : g6 8}, {link #6 : g7 8},
1 : local 98, cpu 10 {link #0 : g2 8}, {link #1 : g3 8}, {link #2 : g4 8}, {link #3 : g5 8}, {link #4 : g6 8}, {link #5 : g7 8}, {link #6 : g0 8},
2 : local 98, cpu 10 {link #0 : g3 8}, {link #1 : g4 8}, {link #2 : g5 8}, {link #3 : g6 8}, {link #4 : g7 8}, {link #5 : g0 8}, {link #6 : g1 8},
3 : local 98, cpu 10 {link #0 : g4 8}, {link #1 : g5 8}, {link #2 : g6 8}, {link #3 : g7 8}, {link #4 : g0 8}, {link #5 : g1 8}, {link #6 : g2 8},
4 : local 98, cpu 10 {link #0 : g5 8}, {link #1 : g6 8}, {link #2 : g7 8}, {link #3 : g0 8}, {link #4 : g1 8}, {link #5 : g2 8}, {link #6 : g3 8},
5 : local 98, cpu 10 {link #0 : g6 8}, {link #1 : g7 8}, {link #2 : g0 8}, {link #3 : g1 8}, {link #4 : g2 8}, {link #5 : g3 8}, {link #6 : g4 8},
6 : local 98, cpu 10 {link #0 : g7 8}, {link #1 : g0 8}, {link #2 : g1 8}, {link #3 : g2 8}, {link #4 : g3 8}, {link #5 : g4 8}, {link #6 : g5 8},
7 : local 98, cpu 10 {link #0 : g0 8}, {link #1 : g1 8}, {link #2 : g2 8}, {link #3 : g3 8}, {link #4 : g4 8}, {link #5 : g5 8}, {link #6 : g6 8},
0 :  {link #0 : 1}, {link #1 : 2}, {link #2 : 3}, {link #3 : 4}, {link #4 : 5}, {link #5 : 6}, {link #6 : 7},
1 :  {link #0 : 2}, {link #1 : 3}, {link #2 : 4}, {link #3 : 5}, {link #4 : 6}, {link #5 : 7}, {link #6 : 0},
2 :  {link #0 : 3}, {link #1 : 4}, {link #2 : 5}, {link #3 : 6}, {link #4 : 7}, {link #5 : 0}, {link #6 : 1},
3 :  {link #0 : 4}, {link #1 : 5}, {link #2 : 6}, {link #3 : 7}, {link #4 : 0}, {link #5 : 1}, {link #6 : 2},
4 :  {link #0 : 5}, {link #1 : 6}, {link #2 : 7}, {link #3 : 0}, {link #4 : 1}, {link #5 : 2}, {link #6 : 3},
5 :  {link #0 : 6}, {link #1 : 7}, {link #2 : 0}, {link #3 : 1}, {link #4 : 2}, {link #5 : 3}, {link #6 : 4},
6 :  {link #0 : 7}, {link #1 : 0}, {link #2 : 1}, {link #3 : 2}, {link #4 : 3}, {link #5 : 4}, {link #6 : 5},
7 :  {link #0 : 0}, {link #1 : 1}, {link #2 : 2}, {link #3 : 3}, {link #4 : 4}, {link #5 : 5}, {link #6 : 6},
0 : local 98, cpu 10 {link #0 : g1 8}, {link #1 : g2 8}, {link #2 : g3 8}, {link #3 : g4 8}, {link #4 : g5 8}, {link #5 : g6 8}, {link #6 : g7 8},
1 : local 98, cpu 10 {link #0 : g2 8}, {link #1 : g3 8}, {link #2 : g4 8}, {link #3 : g5 8}, {link #4 : g6 8}, {link #5 : g7 8}, {link #6 : g0 8},
2 : local 98, cpu 10 {link #0 : g3 8}, {link #1 : g4 8}, {link #2 : g5 8}, {link #3 : g6 8}, {link #4 : g7 8}, {link #5 : g0 8}, {link #6 : g1 8},
3 : local 98, cpu 10 {link #0 : g4 8}, {link #1 : g5 8}, {link #2 : g6 8}, {link #3 : g7 8}, {link #4 : g0 8}, {link #5 : g1 8}, {link #6 : g2 8},
4 : local 98, cpu 10 {link #0 : g5 8}, {link #1 : g6 8}, {link #2 : g7 8}, {link #3 : g0 8}, {link #4 : g1 8}, {link #5 : g2 8}, {link #6 : g3 8},
5 : local 98, cpu 10 {link #0 : g6 8}, {link #1 : g7 8}, {link #2 : g0 8}, {link #3 : g1 8}, {link #4 : g2 8}, {link #5 : g3 8}, {link #6 : g4 8},
6 : local 98, cpu 10 {link #0 : g7 8}, {link #1 : g0 8}, {link #2 : g1 8}, {link #3 : g2 8}, {link #4 : g3 8}, {link #5 : g4 8}, {link #6 : g5 8},
7 : local 98, cpu 10 {link #0 : g0 8}, {link #1 : g1 8}, {link #2 : g2 8}, {link #3 : g3 8}, {link #4 : g4 8}, {link #5 : g5 8}, {link #6 : g6 8},
0 :  {link #0 : 1}, {link #1 : 2}, {link #2 : 3}, {link #3 : 4}, {link #4 : 5}, {link #5 : 6}, {link #6 : 7},
1 :  {link #0 : 2}, {link #1 : 3}, {link #2 : 4}, {link #3 : 5}, {link #4 : 6}, {link #5 : 7}, {link #6 : 0},
2 :  {link #0 : 3}, {link #1 : 4}, {link #2 : 5}, {link #3 : 6}, {link #4 : 7}, {link #5 : 0}, {link #6 : 1},
3 :  {link #0 : 4}, {link #1 : 5}, {link #2 : 6}, {link #3 : 7}, {link #4 : 0}, {link #5 : 1}, {link #6 : 2},
4 :  {link #0 : 5}, {link #1 : 6}, {link #2 : 7}, {link #3 : 0}, {link #4 : 1}, {link #5 : 2}, {link #6 : 3},
5 :  {link #0 : 6}, {link #1 : 7}, {link #2 : 0}, {link #3 : 1}, {link #4 : 2}, {link #5 : 3}, {link #6 : 4},
6 :  {link #0 : 7}, {link #1 : 0}, {link #2 : 1}, {link #3 : 2}, {link #4 : 3}, {link #5 : 4}, {link #6 : 5},
7 :  {link #0 : 0}, {link #1 : 1}, {link #2 : 2}, {link #3 : 3}, {link #4 : 4}, {link #5 : 5}, {link #6 : 6},
0 : local 98, cpu 10 {link #0 : g1 8}, {link #1 : g2 8}, {link #2 : g3 8}, {link #3 : g4 8}, {link #4 : g5 8}, {link #5 : g6 8}, {link #6 : g7 8},
1 : local 98, cpu 10 {link #0 : g2 8}, {link #1 : g3 8}, {link #2 : g4 8}, {link #3 : g5 8}, {link #4 : g6 8}, {link #5 : g7 8}, {link #6 : g0 8},
2 : local 98, cpu 10 {link #0 : g3 8}, {link #1 : g4 8}, {link #2 : g5 8}, {link #3 : g6 8}, {link #4 : g7 8}, {link #5 : g0 8}, {link #6 : g1 8},
3 : local 98, cpu 10 {link #0 : g4 8}, {link #1 : g5 8}, {link #2 : g6 8}, {link #3 : g7 8}, {link #4 : g0 8}, {link #5 : g1 8}, {link #6 : g2 8},
4 : local 98, cpu 10 {link #0 : g5 8}, {link #1 : g6 8}, {link #2 : g7 8}, {link #3 : g0 8}, {link #4 : g1 8}, {link #5 : g2 8}, {link #6 : g3 8},
5 : local 98, cpu 10 {link #0 : g6 8}, {link #1 : g7 8}, {link #2 : g0 8}, {link #3 : g1 8}, {link #4 : g2 8}, {link #5 : g3 8}, {link #6 : g4 8},
6 : local 98, cpu 10 {link #0 : g7 8}, {link #1 : g0 8}, {link #2 : g1 8}, {link #3 : g2 8}, {link #4 : g3 8}, {link #5 : g4 8}, {link #6 : g5 8},
7 : local 98, cpu 10 {link #0 : g0 8}, {link #1 : g1 8}, {link #2 : g2 8}, {link #3 : g3 8}, {link #4 : g4 8}, {link #5 : g5 8}, {link #6 : g6 8},
0 :  {link #0 : 1}, {link #1 : 2}, {link #2 : 3}, {link #3 : 4}, {link #4 : 5}, {link #5 : 6}, {link #6 : 7},
1 :  {link #0 : 2}, {link #1 : 3}, {link #2 : 4}, {link #3 : 5}, {link #4 : 6}, {link #5 : 7}, {link #6 : 0},
2 :  {link #0 : 3}, {link #1 : 4}, {link #2 : 5}, {link #3 : 6}, {link #4 : 7}, {link #5 : 0}, {link #6 : 1},
3 :  {link #0 : 4}, {link #1 : 5}, {link #2 : 6}, {link #3 : 7}, {link #4 : 0}, {link #5 : 1}, {link #6 : 2},
4 :  {link #0 : 5}, {link #1 : 6}, {link #2 : 7}, {link #3 : 0}, {link #4 : 1}, {link #5 : 2}, {link #6 : 3},
5 :  {link #0 : 6}, {link #1 : 7}, {link #2 : 0}, {link #3 : 1}, {link #4 : 2}, {link #5 : 3}, {link #6 : 4},
6 :  {link #0 : 7}, {link #1 : 0}, {link #2 : 1}, {link #3 : 2}, {link #4 : 3}, {link #5 : 4}, {link #6 : 5},
7 :  {link #0 : 0}, {link #1 : 1}, {link #2 : 2}, {link #3 : 3}, {link #4 : 4}, {link #5 : 5}, {link #6 : 6},
0 : local 98, cpu 10 {link #0 : g1 8}, {link #1 : g2 8}, {link #2 : g3 8}, {link #3 : g4 8}, {link #4 : g5 8}, {link #5 : g6 8}, {link #6 : g7 8},
1 : local 98, cpu 10 {link #0 : g2 8}, {link #1 : g3 8}, {link #2 : g4 8}, {link #3 : g5 8}, {link #4 : g6 8}, {link #5 : g7 8}, {link #6 : g0 8},
2 : local 98, cpu 10 {link #0 : g3 8}, {link #1 : g4 8}, {link #2 : g5 8}, {link #3 : g6 8}, {link #4 : g7 8}, {link #5 : g0 8}, {link #6 : g1 8},
3 : local 98, cpu 10 {link #0 : g4 8}, {link #1 : g5 8}, {link #2 : g6 8}, {link #3 : g7 8}, {link #4 : g0 8}, {link #5 : g1 8}, {link #6 : g2 8},
4 : local 98, cpu 10 {link #0 : g5 8}, {link #1 : g6 8}, {link #2 : g7 8}, {link #3 : g0 8}, {link #4 : g1 8}, {link #5 : g2 8}, {link #6 : g3 8},
5 : local 98, cpu 10 {link #0 : g6 8}, {link #1 : g7 8}, {link #2 : g0 8}, {link #3 : g1 8}, {link #4 : g2 8}, {link #5 : g3 8}, {link #6 : g4 8},
6 : local 98, cpu 10 {link #0 : g7 8}, {link #1 : g0 8}, {link #2 : g1 8}, {link #3 : g2 8}, {link #4 : g3 8}, {link #5 : g4 8}, {link #6 : g5 8},
7 : local 98, cpu 10 {link #0 : g0 8}, {link #1 : g1 8}, {link #2 : g2 8}, {link #3 : g3 8}, {link #4 : g4 8}, {link #5 : g5 8}, {link #6 : g6 8},
0 :  {link #0 : 1}, {link #1 : 2}, {link #2 : 3}, {link #3 : 4}, {link #4 : 5}, {link #5 : 6}, {link #6 : 7},
1 :  {link #0 : 2}, {link #1 : 3}, {link #2 : 4}, {link #3 : 5}, {link #4 : 6}, {link #5 : 7}, {link #6 : 0},
2 :  {link #0 : 3}, {link #1 : 4}, {link #2 : 5}, {link #3 : 6}, {link #4 : 7}, {link #5 : 0}, {link #6 : 1},
3 :  {link #0 : 4}, {link #1 : 5}, {link #2 : 6}, {link #3 : 7}, {link #4 : 0}, {link #5 : 1}, {link #6 : 2},
4 :  {link #0 : 5}, {link #1 : 6}, {link #2 : 7}, {link #3 : 0}, {link #4 : 1}, {link #5 : 2}, {link #6 : 3},
5 :  {link #0 : 6}, {link #1 : 7}, {link #2 : 0}, {link #3 : 1}, {link #4 : 2}, {link #5 : 3}, {link #6 : 4},
6 :  {link #0 : 7}, {link #1 : 0}, {link #2 : 1}, {link #3 : 2}, {link #4 : 3}, {link #5 : 4}, {link #6 : 5},
7 :  {link #0 : 0}, {link #1 : 1}, {link #2 : 2}, {link #3 : 3}, {link #4 : 4}, {link #5 : 5}, {link #6 : 6},
0 : local 98, cpu 10 {link #0 : g1 8}, {link #1 : g2 8}, {link #2 : g3 8}, {link #3 : g4 8}, {link #4 : g5 8}, {link #5 : g6 8}, {link #6 : g7 8},
1 : local 98, cpu 10 {link #0 : g2 8}, {link #1 : g3 8}, {link #2 : g4 8}, {link #3 : g5 8}, {link #4 : g6 8}, {link #5 : g7 8}, {link #6 : g0 8},
2 : local 98, cpu 10 {link #0 : g3 8}, {link #1 : g4 8}, {link #2 : g5 8}, {link #3 : g6 8}, {link #4 : g7 8}, {link #5 : g0 8}, {link #6 : g1 8},
3 : local 98, cpu 10 {link #0 : g4 8}, {link #1 : g5 8}, {link #2 : g6 8}, {link #3 : g7 8}, {link #4 : g0 8}, {link #5 : g1 8}, {link #6 : g2 8},
4 : local 98, cpu 10 {link #0 : g5 8}, {link #1 : g6 8}, {link #2 : g7 8}, {link #3 : g0 8}, {link #4 : g1 8}, {link #5 : g2 8}, {link #6 : g3 8},
5 : local 98, cpu 10 {link #0 : g6 8}, {link #1 : g7 8}, {link #2 : g0 8}, {link #3 : g1 8}, {link #4 : g2 8}, {link #5 : g3 8}, {link #6 : g4 8},
6 : local 98, cpu 10 {link #0 : g7 8}, {link #1 : g0 8}, {link #2 : g1 8}, {link #3 : g2 8}, {link #4 : g3 8}, {link #5 : g4 8}, {link #6 : g5 8},
7 : local 98, cpu 10 {link #0 : g0 8}, {link #1 : g1 8}, {link #2 : g2 8}, {link #3 : g3 8}, {link #4 : g4 8}, {link #5 : g5 8}, {link #6 : g6 8},
Set parameter WLSAccessID
Set parameter WLSSecret
Set parameter LicenseID
Set parameter TimeLimit to value 200
Set parameter MIPGap to value 0.05
Set parameter LogFile to value "cppsolver.log"
Set parameter Threads to value 56
Academic license - for non-commercial use only - registered to xiaoniu.sxn@sjtu.edu.cn
Gurobi Optimizer version 9.5.1 build v9.5.1rc2 (linux64)
Thread count: 56 physical cores, 112 logical processors, using up to 56 threads
Academic license - for non-commercial use only - registered to xiaoniu.sxn@sjtu.edu.cn
Optimize a model with 572824 rows, 81649 columns and 1406800 nonzeros
Model fingerprint: 0x06543bb8
Variable types: 9 continuous, 81640 integer (81640 binary)
Coefficient statistics:
  Matrix range     [8e-09, 2e+04]
  Objective range  [1e+00, 1e+00]
  Bounds range     [1e+00, 1e+00]
  RHS range        [1e+00, 7e+04]
Warning: Model contains large matrix coefficient range
         Consider reformulating model or setting NumericFocus parameter
         to avoid numerical issues.
Found heuristic solution: objective 297877.17174
Presolve removed 492366 rows and 7 columns
Presolve time: 1.19s
Presolved: 80458 rows, 81642 columns, 394251 nonzeros
Variable types: 1 continuous, 81641 integer (81640 binary)

Deterministic concurrent LP optimizer: primal and dual simplex
Showing first log only...


Use crossover to convert LP symmetric solution to basic solution...
Concurrent spin time: 0.01s

Solved with dual simplex

Root relaxation: objective 6.912099e+03, 47460 iterations, 0.71 seconds (1.28 work units)

    Nodes    |    Current Node    |     Objective Bounds      |     Work
 Expl Unexpl |  Obj  Depth IntInf | Incumbent    BestBd   Gap | It/Node Time

H    0     0                    6912.0987954 6912.09880  0.00%     -    2s
     0     0 6912.09880    0  737 6912.09880 6912.09880  0.00%     -    2s

Explored 1 nodes (47460 simplex iterations) in 2.08 seconds (3.76 work units)
Thread count was 56 (of 112 available processors)

Solution count 2: 6912.1 297877 

Optimal solution found (tolerance 5.00e-02)
Best objective 6.912098795364e+03, best bound 6.912098795364e+03, gap 0.0000%
coll_cache:optimal_local_rate=0.820506,0.819067,0.804094,0.822061,0.82391,0.823434,0.821451,0.823798,
coll_cache:optimal_remote_rate=0.179494,0.180933,0.195906,0.177939,0.17609,0.176566,0.178549,0.176202,
coll_cache:optimal_cpu_rate=0,0,0,0,0,0,0,0,
z=6912.1
test_result:init:feat_nbytes=67182966784
test_result:init:cache_nbytes=26940368896
test_result:init:feat_nbytes=67182966784
test_result:init:cache_nbytes=26940368896
test_result:init:feat_nbytes=67182966784
test_result:init:cache_nbytes=26940368896
test_result:init:feat_nbytes=67182966784
test_result:init:cache_nbytes=26940368896
test_result:init:feat_nbytes=67182966784
test_result:init:cache_nbytes=26940368896
test_result:init:feat_nbytes=67182966784
test_result:init:cache_nbytes=26940368896
test_result:init:feat_nbytes=67182966784
test_result:init:cache_nbytes=26940368896
test_result:init:feat_nbytes=67182966784
test_result:init:cache_nbytes=26940368896
    [Step(average) Profiler Level 1 E3 S999]
        L1  sample           0.002062 | send           0.000000
        L1  recv             0.000000 | copy           0.002426 | convert time 0.000000 | train  0.004203
        L1  feature nbytes    1.18 GB | label nbytes 0.00 Bytes
        L1  id nbytes      0.00 Bytes | graph nbytes 0.00 Bytes
        L1  miss nbytes    0.00 Bytes | remote nbytes  222.07 MB
        L1  num nodes               0 | num samples           0
        L1  seq duration     0.000000 | refresh duration   0.000000
    [Step(average) Profiler Level 2 E3 S999]
        L2  shuffle     0.000000 | core sample  0.000000 | id remap        0.000000
        L2  graph copy  0.000000 | id copy      0.000000 | cache feat copy 0.002426
        L2  last layer sample time 0.000000 | size 0.000000
    [Step(average) Profiler Level 3 E3 S999]
        L3  khop sample coo  0.000000 | khop sort coo      0.000000 | khop count edge     0.000000 | khop compact edge 0.000000
        L3  walk sample coo  0.000000 | walk topk total    0.000000 | walk topk step1     0.000000 | walk topk step2   0.000000
        L3  walk topk step3  0.000000 | walk topk step4    0.000000 | walk topk step5     0.000000
        L3  walk topk step6  0.000000 | walk topk step7    0.000000
        L3  remap unique     0.000000 | remap populate     0.000000 | remap mapnode       0.000000 | remap mapedge     0.000000
        L3  cache get_index  0.000407 | cache copy_index   0.000000 | cache extract_miss  0.000000
        L3  cache copy_miss  0.000000 | cache combine_miss 0.000000 | cache combine cache 0.000529 | cache combine remote 0.001457
        L3  label extract  0.000000
    [Profiler Level Percentiles E3 S999]
        p50.00_tail_logl2featcopy=0.002443
        p90.00_tail_logl2featcopy=0.002513
        p95.00_tail_logl2featcopy=0.002542
        p99.00_tail_logl2featcopy=0.002700
        p99.90_tail_logl2featcopy=0.012324
[CUDA] cuda: usage: 37.81 GB
Rank=1, Graph loaded.
!!!!dist_homo_graph enumerate latency per epoch: 0.004410, per step: 0.000035
presamping
presamping takes 6.634279727935791
Rank=6, Graph loaded.
!!!!dist_homo_graph enumerate latency per epoch: 0.006959, per step: 0.000056
presamping
presamping takes 6.135596036911011
Rank=5, Graph loaded.
!!!!dist_homo_graph enumerate latency per epoch: 0.005895, per step: 0.000047
presamping
presamping takes 6.26093602180481
Rank=4, Graph loaded.
!!!!dist_homo_graph enumerate latency per epoch: 0.007262, per step: 0.000058
presamping
presamping takes 7.405801296234131
config:eval_tsp="2023-04-14 18:20:31"
config:num_worker=8
config:num_intra_size=8
config:root_dir=/nvme/songxiaoniu/graph-learning/wholegraph
config:graph_name=com-friendster
config:epochs=4
config:batchsize=2000
config:skip_epoch=2
config:local_step=125
config:presc_epoch=2
config:neighbors=10,25
config:hiddensize=256
config:num_layer=2
config:model=sage
config:framework=dgl
config:dataloaderworkers=0
config:dropout=0.5
config:lr=0.003
config:use_nccl=False
config:use_amp=False
config:use_collcache=True
config:cache_percentage=0.4
config:cache_policy=coll_cache_asymm_link
config:omp_thread_num=56
config:unsupervised=True
config:classnum=100
config:global_barrier=<multiprocessing.synchronize.Barrier object at 0x7fb11b6b9370>
config:worker_id=0
creating_intra_node_communicator root=0, local_size=8, world_size=8
Rank=0, Graph loaded.
!!!!dist_homo_graph enumerate latency per epoch: 0.004266, per step: 0.000034
epoch=4 total_steps=500
presamping
presamping takes 6.163311243057251
start training...
[Epoch 0], time=2.6332733631134033, loss=0.6931472420692444
[Epoch 1], time=1.0903887748718262, loss=0.6931472420692444
[Epoch 2], time=1.1002507209777832, loss=0.6931472420692444
[Epoch 3], time=1.0845251083374023, loss=0.6931472420692444
|===========================================================================|
|                  PyTorch CUDA memory summary, device ID 0                 |
|---------------------------------------------------------------------------|
|            CUDA OOMs: 0            |        cudaMalloc retries: 0         |
|===========================================================================|
|        Metric         | Cur Usage  | Peak Usage | Tot Alloc  | Tot Freed  |
|---------------------------------------------------------------------------|
| Allocated memory      |   82504 KB |  387265 KB |  562118 MB |  562038 MB |
|       from large pool |   75116 KB |  380367 KB |  553344 MB |  553271 MB |
|       from small pool |    7387 KB |    8999 KB |    8773 MB |    8766 MB |
|---------------------------------------------------------------------------|
| Active memory         |   82504 KB |  387265 KB |  562118 MB |  562038 MB |
|       from large pool |   75116 KB |  380367 KB |  553344 MB |  553271 MB |
|       from small pool |    7387 KB |    8999 KB |    8773 MB |    8766 MB |
|---------------------------------------------------------------------------|
| GPU reserved memory   |  559104 KB |  559104 KB |  559104 KB |       0 B  |
|       from large pool |  546816 KB |  546816 KB |  546816 KB |       0 B  |
|       from small pool |   12288 KB |   12288 KB |   12288 KB |       0 B  |
|---------------------------------------------------------------------------|
| Non-releasable memory |   93624 KB |  171492 KB |  170108 MB |  170017 MB |
|       from large pool |   90771 KB |  168133 KB |  161020 MB |  160932 MB |
|       from small pool |    2852 KB |    6751 KB |    9087 MB |    9085 MB |
|---------------------------------------------------------------------------|
| Allocations           |      62    |      78    |   95938    |   95876    |
|       from large pool |      12    |      20    |   25277    |   25265    |
|       from small pool |      50    |      61    |   70661    |   70611    |
|---------------------------------------------------------------------------|
| Active allocs         |      62    |      78    |   95938    |   95876    |
|       from large pool |      12    |      20    |   25277    |   25265    |
|       from small pool |      50    |      61    |   70661    |   70611    |
|---------------------------------------------------------------------------|
| GPU reserved segments |      21    |      21    |      21    |       0    |
|       from large pool |      15    |      15    |      15    |       0    |
|       from small pool |       6    |       6    |       6    |       0    |
|---------------------------------------------------------------------------|
| Non-releasable allocs |      24    |      36    |   39437    |   39413    |
|       from large pool |       8    |      17    |   21216    |   21208    |
|       from small pool |      16    |      25    |   18221    |   18205    |
|---------------------------------------------------------------------------|
| Oversize allocations  |       0    |       0    |       0    |       0    |
|---------------------------------------------------------------------------|
| Oversize GPU segments |       0    |       0    |       0    |       0    |
|===========================================================================|

[TRAIN_TIME] train time is 5.909824 seconds
[EPOCH_TIME] 1.477456 seconds, maybe large due to not enough epoch skipped.
[EPOCH_TIME] 1.092565 seconds
Rank=7, Graph loaded.
!!!!dist_homo_graph enumerate latency per epoch: 0.006002, per step: 0.000048
presamping
presamping takes 6.733702182769775
Rank=2, Graph loaded.
!!!!dist_homo_graph enumerate latency per epoch: 0.007293, per step: 0.000058
presamping
presamping takes 6.559892416000366
Rank=3, Graph loaded.
!!!!dist_homo_graph enumerate latency per epoch: 0.004691, per step: 0.000038
presamping
presamping takes 6.701945066452026

