succeed=True
    [Step(average) Profiler Level 1 E3 S999]
        L1  sample           0.001316 | send           0.000000
        L1  recv             0.000000 | copy           0.004576 | convert time 0.000000 | train  0.006792
        L1  feature nbytes 0.00 Bytes | label nbytes 0.00 Bytes
        L1  id nbytes      0.00 Bytes | graph nbytes 0.00 Bytes
        L1  miss nbytes    0.00 Bytes | remote nbytes 0.00 Bytes
        L1  num nodes               0 | num samples           0
    [Step(average) Profiler Level 2 E3 S999]
        L2  shuffle     0.000000 | core sample  0.000000 | id remap        0.000000
        L2  graph copy  0.000000 | id copy      0.000000 | cache feat copy 0.004576
        L2  last layer sample time 0.000000 | size 0.000000
    [Step(average) Profiler Level 3 E3 S999]
        L3  khop sample coo  0.000000 | khop sort coo      0.000000 | khop count edge     0.000000 | khop compact edge 0.000000
        L3  walk sample coo  0.000000 | walk topk total    0.000000 | walk topk step1     0.000000 | walk topk step2   0.000000
        L3  walk topk step3  0.000000 | walk topk step4    0.000000 | walk topk step5     0.000000
        L3  walk topk step6  0.000000 | walk topk step7    0.000000
        L3  remap unique     0.000000 | remap populate     0.000000 | remap mapnode       0.000000 | remap mapedge     0.000000
        L3  cache get_index  0.000000 | cache copy_index   0.000000 | cache extract_miss  0.000000
        L3  cache copy_miss  0.000000 | cache combine_miss 0.000000 | cache combine cache 0.000000 | cache combine remote 0.000000
        L3  label extract  0.000000
    [Profiler Level Percentiles E3 S999]
        p50.00_tail_logl2featcopy=0.004858
        p90.00_tail_logl2featcopy=0.004924
        p95.00_tail_logl2featcopy=0.004942
        p99.00_tail_logl2featcopy=0.005505
        p99.90_tail_logl2featcopy=0.010568
[CUDA] cuda: usage: 55.70 GB
Rank=7, Graph loaded.
!!!!dist_homo_graph enumerate latency per epoch: 0.004348, per step: 0.000035
config:eval_tsp="2023-04-12 00:47:15"
config:num_worker=8
config:root_dir=/nvme/songxiaoniu/graph-learning/wholegraph
config:graph_name=mag240m-homo
config:epochs=4
config:batchsize=1000
config:skip_epoch=2
config:local_step=125
config:presc_epoch=2
config:neighbors=10,25
config:hiddensize=256
config:num_layer=2
config:model=sage
config:framework=dgl
config:dataloaderworkers=0
config:dropout=0.5
config:lr=0.003
config:use_nccl=False
config:use_amp=True
config:use_collcache=False
config:cache_percentage=0.25
config:cache_policy=coll_cache_asymm_link
config:omp_thread_num=40
config:unsupervised=True
config:classnum=153
config:global_barrier=<multiprocessing.synchronize.Barrier object at 0x7fd5da8e7280>
config:worker_id=0
creating_intra_node_communicator root=0, local_size=8, world_size=8
Rank=0, Graph loaded.
!!!!dist_homo_graph enumerate latency per epoch: 0.005557, per step: 0.000044
epoch=4 total_steps=500
start training...
[Epoch 0], time=3.3418054580688477, loss=0.6931471824645996
[Epoch 1], time=1.5899858474731445, loss=0.6931471824645996
[Epoch 2], time=1.589233160018921, loss=0.6931471824645996
[Epoch 3], time=1.5921518802642822, loss=0.6931471824645996
|===========================================================================|
|                  PyTorch CUDA memory summary, device ID 0                 |
|---------------------------------------------------------------------------|
|            CUDA OOMs: 0            |        cudaMalloc retries: 0         |
|===========================================================================|
|        Metric         | Cur Usage  | Peak Usage | Tot Alloc  | Tot Freed  |
|---------------------------------------------------------------------------|
| Allocated memory      |     778 MB |    1565 MB |     855 GB |     854 GB |
|       from large pool |     768 MB |    1557 MB |     848 GB |     848 GB |
|       from small pool |       9 MB |      12 MB |       6 GB |       6 GB |
|---------------------------------------------------------------------------|
| Active memory         |     778 MB |    1565 MB |     855 GB |     854 GB |
|       from large pool |     768 MB |    1557 MB |     848 GB |     848 GB |
|       from small pool |       9 MB |      12 MB |       6 GB |       6 GB |
|---------------------------------------------------------------------------|
| GPU reserved memory   |    4910 MB |    4910 MB |    4910 MB |       0 B  |
|       from large pool |    4894 MB |    4894 MB |    4894 MB |       0 B  |
|       from small pool |      16 MB |      16 MB |      16 MB |       0 B  |
|---------------------------------------------------------------------------|
| Non-releasable memory |   52869 KB |    2551 MB |     930 GB |     930 GB |
|       from large pool |   50773 KB |    2548 MB |     922 GB |     922 GB |
|       from small pool |    2096 KB |       4 MB |       7 GB |       7 GB |
|---------------------------------------------------------------------------|
| Allocations           |      58    |      77    |   95915    |   95857    |
|       from large pool |      12    |      23    |   34003    |   33991    |
|       from small pool |      46    |      57    |   61912    |   61866    |
|---------------------------------------------------------------------------|
| Active allocs         |      58    |      77    |   95915    |   95857    |
|       from large pool |      12    |      23    |   34003    |   33991    |
|       from small pool |      46    |      57    |   61912    |   61866    |
|---------------------------------------------------------------------------|
| GPU reserved segments |      20    |      20    |      20    |       0    |
|       from large pool |      12    |      12    |      12    |       0    |
|       from small pool |       8    |       8    |       8    |       0    |
|---------------------------------------------------------------------------|
| Non-releasable allocs |      22    |      37    |   37932    |   37910    |
|       from large pool |       7    |      18    |   18280    |   18273    |
|       from small pool |      15    |      25    |   19652    |   19637    |
|---------------------------------------------------------------------------|
| Oversize allocations  |       0    |       0    |       0    |       0    |
|---------------------------------------------------------------------------|
| Oversize GPU segments |       0    |       0    |       0    |       0    |
|===========================================================================|

[TRAIN_TIME] train time is 8.114041 seconds
[EPOCH_TIME] 2.028510 seconds, maybe large due to not enough epoch skipped.
[EPOCH_TIME] 1.590871 seconds
Rank=4, Graph loaded.
!!!!dist_homo_graph enumerate latency per epoch: 0.004205, per step: 0.000034
Rank=6, Graph loaded.
!!!!dist_homo_graph enumerate latency per epoch: 0.004378, per step: 0.000035
Rank=5, Graph loaded.
!!!!dist_homo_graph enumerate latency per epoch: 0.004220, per step: 0.000034
Rank=1, Graph loaded.
!!!!dist_homo_graph enumerate latency per epoch: 0.004221, per step: 0.000034
Rank=3, Graph loaded.
!!!!dist_homo_graph enumerate latency per epoch: 0.004269, per step: 0.000034
Rank=2, Graph loaded.
!!!!dist_homo_graph enumerate latency per epoch: 0.004821, per step: 0.000039

