succeed=True
[CUDA] cuda: usage: 6.44 GB
0 :  {link #0 : 1}, {link #1 : 2}, {link #2 : 3}, {link #3 : 4}, {link #4 : 5}, {link #5 : 6}, {link #6 : 7},
1 :  {link #0 : 2}, {link #1 : 3}, {link #2 : 4}, {link #3 : 5}, {link #4 : 6}, {link #5 : 7}, {link #6 : 0},
2 :  {link #0 : 3}, {link #1 : 4}, {link #2 : 5}, {link #3 : 6}, {link #4 : 7}, {link #5 : 0}, {link #6 : 1},
3 :  {link #0 : 4}, {link #1 : 5}, {link #2 : 6}, {link #3 : 7}, {link #4 : 0}, {link #5 : 1}, {link #6 : 2},
4 :  {link #0 : 5}, {link #1 : 6}, {link #2 : 7}, {link #3 : 0}, {link #4 : 1}, {link #5 : 2}, {link #6 : 3},
5 :  {link #0 : 6}, {link #1 : 7}, {link #2 : 0}, {link #3 : 1}, {link #4 : 2}, {link #5 : 3}, {link #6 : 4},
6 :  {link #0 : 7}, {link #1 : 0}, {link #2 : 1}, {link #3 : 2}, {link #4 : 3}, {link #5 : 4}, {link #6 : 5},
7 :  {link #0 : 0}, {link #1 : 1}, {link #2 : 2}, {link #3 : 3}, {link #4 : 4}, {link #5 : 5}, {link #6 : 6},
0 : local 98, cpu 10 {link #0 : g1 8}, {link #1 : g2 8}, {link #2 : g3 8}, {link #3 : g4 8}, {link #4 : g5 8}, {link #5 : g6 8}, {link #6 : g7 8},
1 : local 98, cpu 10 {link #0 : g2 8}, {link #1 : g3 8}, {link #2 : g4 8}, {link #3 : g5 8}, {link #4 : g6 8}, {link #5 : g7 8}, {link #6 : g0 8},
2 : local 98, cpu 10 {link #0 : g3 8}, {link #1 : g4 8}, {link #2 : g5 8}, {link #3 : g6 8}, {link #4 : g7 8}, {link #5 : g0 8}, {link #6 : g1 8},
3 : local 98, cpu 10 {link #0 : g4 8}, {link #1 : g5 8}, {link #2 : g6 8}, {link #3 : g7 8}, {link #4 : g0 8}, {link #5 : g1 8}, {link #6 : g2 8},
4 : local 98, cpu 10 {link #0 : g5 8}, {link #1 : g6 8}, {link #2 : g7 8}, {link #3 : g0 8}, {link #4 : g1 8}, {link #5 : g2 8}, {link #6 : g3 8},
5 : local 98, cpu 10 {link #0 : g6 8}, {link #1 : g7 8}, {link #2 : g0 8}, {link #3 : g1 8}, {link #4 : g2 8}, {link #5 : g3 8}, {link #6 : g4 8},
6 : local 98, cpu 10 {link #0 : g7 8}, {link #1 : g0 8}, {link #2 : g1 8}, {link #3 : g2 8}, {link #4 : g3 8}, {link #5 : g4 8}, {link #6 : g5 8},
7 : local 98, cpu 10 {link #0 : g0 8}, {link #1 : g1 8}, {link #2 : g2 8}, {link #3 : g3 8}, {link #4 : g4 8}, {link #5 : g5 8}, {link #6 : g6 8},
0 :  {link #0 : 1}, {link #1 : 2}, {link #2 : 3}, {link #3 : 4}, {link #4 : 5}, {link #5 : 6}, {link #6 : 7},
1 :  {link #0 : 2}, {link #1 : 3}, {link #2 : 4}, {link #3 : 5}, {link #4 : 6}, {link #5 : 7}, {link #6 : 0},
2 :  {link #0 : 3}, {link #1 : 4}, {link #2 : 5}, {link #3 : 6}, {link #4 : 7}, {link #5 : 0}, {link #6 : 1},
3 :  {link #0 : 4}, {link #1 : 5}, {link #2 : 6}, {link #3 : 7}, {link #4 : 0}, {link #5 : 1}, {link #6 : 2},
4 :  {link #0 : 5}, {link #1 : 6}, {link #2 : 7}, {link #3 : 0}, {link #4 : 1}, {link #5 : 2}, {link #6 : 3},
5 :  {link #0 : 6}, {link #1 : 7}, {link #2 : 0}, {link #3 : 1}, {link #4 : 2}, {link #5 : 3}, {link #6 : 4},
6 :  {link #0 : 7}, {link #1 : 0}, {link #2 : 1}, {link #3 : 2}, {link #4 : 3}, {link #5 : 4}, {link #6 : 5},
7 :  {link #0 : 0}, {link #1 : 1}, {link #2 : 2}, {link #3 : 3}, {link #4 : 4}, {link #5 : 5}, {link #6 : 6},
0 : local 98, cpu 10 {link #0 : g1 8}, {link #1 : g2 8}, {link #2 : g3 8}, {link #3 : g4 8}, {link #4 : g5 8}, {link #5 : g6 8}, {link #6 : g7 8},
1 : local 98, cpu 10 {link #0 : g2 8}, {link #1 : g3 8}, {link #2 : g4 8}, {link #3 : g5 8}, {link #4 : g6 8}, {link #5 : g7 8}, {link #6 : g0 8},
2 : local 98, cpu 10 {link #0 : g3 8}, {link #1 : g4 8}, {link #2 : g5 8}, {link #3 : g6 8}, {link #4 : g7 8}, {link #5 : g0 8}, {link #6 : g1 8},
3 : local 98, cpu 10 {link #0 : g4 8}, {link #1 : g5 8}, {link #2 : g6 8}, {link #3 : g7 8}, {link #4 : g0 8}, {link #5 : g1 8}, {link #6 : g2 8},
4 : local 98, cpu 10 {link #0 : g5 8}, {link #1 : g6 8}, {link #2 : g7 8}, {link #3 : g0 8}, {link #4 : g1 8}, {link #5 : g2 8}, {link #6 : g3 8},
5 : local 98, cpu 10 {link #0 : g6 8}, {link #1 : g7 8}, {link #2 : g0 8}, {link #3 : g1 8}, {link #4 : g2 8}, {link #5 : g3 8}, {link #6 : g4 8},
6 : local 98, cpu 10 {link #0 : g7 8}, {link #1 : g0 8}, {link #2 : g1 8}, {link #3 : g2 8}, {link #4 : g3 8}, {link #5 : g4 8}, {link #6 : g5 8},
7 : local 98, cpu 10 {link #0 : g0 8}, {link #1 : g1 8}, {link #2 : g2 8}, {link #3 : g3 8}, {link #4 : g4 8}, {link #5 : g5 8}, {link #6 : g6 8},
0 :  {link #0 : 1}, {link #1 : 2}, {link #2 : 3}, {link #3 : 4}, {link #4 : 5}, {link #5 : 6}, {link #6 : 7},
1 :  {link #0 : 2}, {link #1 : 3}, {link #2 : 4}, {link #3 : 5}, {link #4 : 6}, {link #5 : 7}, {link #6 : 0},
2 :  {link #0 : 3}, {link #1 : 4}, {link #2 : 5}, {link #3 : 6}, {link #4 : 7}, {link #5 : 0}, {link #6 : 1},
3 :  {link #0 : 4}, {link #1 : 5}, {link #2 : 6}, {link #3 : 7}, {link #4 : 0}, {link #5 : 1}, {link #6 : 2},
4 :  {link #0 : 5}, {link #1 : 6}, {link #2 : 7}, {link #3 : 0}, {link #4 : 1}, {link #5 : 2}, {link #6 : 3},
5 :  {link #0 : 6}, {link #1 : 7}, {link #2 : 0}, {link #3 : 1}, {link #4 : 2}, {link #5 : 3}, {link #6 : 4},
6 :  {link #0 : 7}, {link #1 : 0}, {link #2 : 1}, {link #3 : 2}, {link #4 : 3}, {link #5 : 4}, {link #6 : 5},
7 :  {link #0 : 0}, {link #1 : 1}, {link #2 : 2}, {link #3 : 3}, {link #4 : 4}, {link #5 : 5}, {link #6 : 6},
0 : local 98, cpu 10 {link #0 : g1 8}, {link #1 : g2 8}, {link #2 : g3 8}, {link #3 : g4 8}, {link #4 : g5 8}, {link #5 : g6 8}, {link #6 : g7 8},
1 : local 98, cpu 10 {link #0 : g2 8}, {link #1 : g3 8}, {link #2 : g4 8}, {link #3 : g5 8}, {link #4 : g6 8}, {link #5 : g7 8}, {link #6 : g0 8},
2 : local 98, cpu 10 {link #0 : g3 8}, {link #1 : g4 8}, {link #2 : g5 8}, {link #3 : g6 8}, {link #4 : g7 8}, {link #5 : g0 8}, {link #6 : g1 8},
3 : local 98, cpu 10 {link #0 : g4 8}, {link #1 : g5 8}, {link #2 : g6 8}, {link #3 : g7 8}, {link #4 : g0 8}, {link #5 : g1 8}, {link #6 : g2 8},
4 : local 98, cpu 10 {link #0 : g5 8}, {link #1 : g6 8}, {link #2 : g7 8}, {link #3 : g0 8}, {link #4 : g1 8}, {link #5 : g2 8}, {link #6 : g3 8},
5 : local 98, cpu 10 {link #0 : g6 8}, {link #1 : g7 8}, {link #2 : g0 8}, {link #3 : g1 8}, {link #4 : g2 8}, {link #5 : g3 8}, {link #6 : g4 8},
6 : local 98, cpu 10 {link #0 : g7 8}, {link #1 : g0 8}, {link #2 : g1 8}, {link #3 : g2 8}, {link #4 : g3 8}, {link #5 : g4 8}, {link #6 : g5 8},
7 : local 98, cpu 10 {link #0 : g0 8}, {link #1 : g1 8}, {link #2 : g2 8}, {link #3 : g3 8}, {link #4 : g4 8}, {link #5 : g5 8}, {link #6 : g6 8},
0 :  {link #0 : 1}, {link #1 : 2}, {link #2 : 3}, {link #3 : 4}, {link #4 : 5}, {link #5 : 6}, {link #6 : 7},
1 :  {link #0 : 2}, {link #1 : 3}, {link #2 : 4}, {link #3 : 5}, {link #4 : 6}, {link #5 : 7}, {link #6 : 0},
2 :  {link #0 : 3}, {link #1 : 4}, {link #2 : 5}, {link #3 : 6}, {link #4 : 7}, {link #5 : 0}, {link #6 : 1},
3 :  {link #0 : 4}, {link #1 : 5}, {link #2 : 6}, {link #3 : 7}, {link #4 : 0}, {link #5 : 1}, {link #6 : 2},
4 :  {link #0 : 5}, {link #1 : 6}, {link #2 : 7}, {link #3 : 0}, {link #4 : 1}, {link #5 : 2}, {link #6 : 3},
5 :  {link #0 : 6}, {link #1 : 7}, {link #2 : 0}, {link #3 : 1}, {link #4 : 2}, {link #5 : 3}, {link #6 : 4},
6 :  {link #0 : 7}, {link #1 : 0}, {link #2 : 1}, {link #3 : 2}, {link #4 : 3}, {link #5 : 4}, {link #6 : 5},
7 :  {link #0 : 0}, {link #1 : 1}, {link #2 : 2}, {link #3 : 3}, {link #4 : 4}, {link #5 : 5}, {link #6 : 6},
0 : local 98, cpu 10 {link #0 : g1 8}, {link #1 : g2 8}, {link #2 : g3 8}, {link #3 : g4 8}, {link #4 : g5 8}, {link #5 : g6 8}, {link #6 : g7 8},
1 : local 98, cpu 10 {link #0 : g2 8}, {link #1 : g3 8}, {link #2 : g4 8}, {link #3 : g5 8}, {link #4 : g6 8}, {link #5 : g7 8}, {link #6 : g0 8},
2 : local 98, cpu 10 {link #0 : g3 8}, {link #1 : g4 8}, {link #2 : g5 8}, {link #3 : g6 8}, {link #4 : g7 8}, {link #5 : g0 8}, {link #6 : g1 8},
3 : local 98, cpu 10 {link #0 : g4 8}, {link #1 : g5 8}, {link #2 : g6 8}, {link #3 : g7 8}, {link #4 : g0 8}, {link #5 : g1 8}, {link #6 : g2 8},
4 : local 98, cpu 10 {link #0 : g5 8}, {link #1 : g6 8}, {link #2 : g7 8}, {link #3 : g0 8}, {link #4 : g1 8}, {link #5 : g2 8}, {link #6 : g3 8},
5 : local 98, cpu 10 {link #0 : g6 8}, {link #1 : g7 8}, {link #2 : g0 8}, {link #3 : g1 8}, {link #4 : g2 8}, {link #5 : g3 8}, {link #6 : g4 8},
6 : local 98, cpu 10 {link #0 : g7 8}, {link #1 : g0 8}, {link #2 : g1 8}, {link #3 : g2 8}, {link #4 : g3 8}, {link #5 : g4 8}, {link #6 : g5 8},
7 : local 98, cpu 10 {link #0 : g0 8}, {link #1 : g1 8}, {link #2 : g2 8}, {link #3 : g3 8}, {link #4 : g4 8}, {link #5 : g5 8}, {link #6 : g6 8},
0 :  {link #0 : 1}, {link #1 : 2}, {link #2 : 3}, {link #3 : 4}, {link #4 : 5}, {link #5 : 6}, {link #6 : 7},
1 :  {link #0 : 2}, {link #1 : 3}, {link #2 : 4}, {link #3 : 5}, {link #4 : 6}, {link #5 : 7}, {link #6 : 0},
2 :  {link #0 : 3}, {link #1 : 4}, {link #2 : 5}, {link #3 : 6}, {link #4 : 7}, {link #5 : 0}, {link #6 : 1},
3 :  {link #0 : 4}, {link #1 : 5}, {link #2 : 6}, {link #3 : 7}, {link #4 : 0}, {link #5 : 1}, {link #6 : 2},
4 :  {link #0 : 5}, {link #1 : 6}, {link #2 : 7}, {link #3 : 0}, {link #4 : 1}, {link #5 : 2}, {link #6 : 3},
5 :  {link #0 : 6}, {link #1 : 7}, {link #2 : 0}, {link #3 : 1}, {link #4 : 2}, {link #5 : 3}, {link #6 : 4},
6 :  {link #0 : 7}, {link #1 : 0}, {link #2 : 1}, {link #3 : 2}, {link #4 : 3}, {link #5 : 4}, {link #6 : 5},
7 :  {link #0 : 0}, {link #1 : 1}, {link #2 : 2}, {link #3 : 3}, {link #4 : 4}, {link #5 : 5}, {link #6 : 6},
0 : local 98, cpu 10 {link #0 : g1 8}, {link #1 : g2 8}, {link #2 : g3 8}, {link #3 : g4 8}, {link #4 : g5 8}, {link #5 : g6 8}, {link #6 : g7 8},
1 : local 98, cpu 10 {link #0 : g2 8}, {link #1 : g3 8}, {link #2 : g4 8}, {link #3 : g5 8}, {link #4 : g6 8}, {link #5 : g7 8}, {link #6 : g0 8},
2 : local 98, cpu 10 {link #0 : g3 8}, {link #1 : g4 8}, {link #2 : g5 8}, {link #3 : g6 8}, {link #4 : g7 8}, {link #5 : g0 8}, {link #6 : g1 8},
3 : local 98, cpu 10 {link #0 : g4 8}, {link #1 : g5 8}, {link #2 : g6 8}, {link #3 : g7 8}, {link #4 : g0 8}, {link #5 : g1 8}, {link #6 : g2 8},
4 : local 98, cpu 10 {link #0 : g5 8}, {link #1 : g6 8}, {link #2 : g7 8}, {link #3 : g0 8}, {link #4 : g1 8}, {link #5 : g2 8}, {link #6 : g3 8},
5 : local 98, cpu 10 {link #0 : g6 8}, {link #1 : g7 8}, {link #2 : g0 8}, {link #3 : g1 8}, {link #4 : g2 8}, {link #5 : g3 8}, {link #6 : g4 8},
6 : local 98, cpu 10 {link #0 : g7 8}, {link #1 : g0 8}, {link #2 : g1 8}, {link #3 : g2 8}, {link #4 : g3 8}, {link #5 : g4 8}, {link #6 : g5 8},
7 : local 98, cpu 10 {link #0 : g0 8}, {link #1 : g1 8}, {link #2 : g2 8}, {link #3 : g3 8}, {link #4 : g4 8}, {link #5 : g5 8}, {link #6 : g6 8},
0 :  {link #0 : 1}, {link #1 : 2}, {link #2 : 3}, {link #3 : 4}, {link #4 : 5}, {link #5 : 6}, {link #6 : 7},
1 :  {link #0 : 2}, {link #1 : 3}, {link #2 : 4}, {link #3 : 5}, {link #4 : 6}, {link #5 : 7}, {link #6 : 0},
2 :  {link #0 : 3}, {link #1 : 4}, {link #2 : 5}, {link #3 : 6}, {link #4 : 7}, {link #5 : 0}, {link #6 : 1},
3 :  {link #0 : 4}, {link #1 : 5}, {link #2 : 6}, {link #3 : 7}, {link #4 : 0}, {link #5 : 1}, {link #6 : 2},
4 :  {link #0 : 5}, {link #1 : 6}, {link #2 : 7}, {link #3 : 0}, {link #4 : 1}, {link #5 : 2}, {link #6 : 3},
5 :  {link #0 : 6}, {link #1 : 7}, {link #2 : 0}, {link #3 : 1}, {link #4 : 2}, {link #5 : 3}, {link #6 : 4},
6 :  {link #0 : 7}, {link #1 : 0}, {link #2 : 1}, {link #3 : 2}, {link #4 : 3}, {link #5 : 4}, {link #6 : 5},
7 :  {link #0 : 0}, {link #1 : 1}, {link #2 : 2}, {link #3 : 3}, {link #4 : 4}, {link #5 : 5}, {link #6 : 6},
0 : local 98, cpu 10 {link #0 : g1 8}, {link #1 : g2 8}, {link #2 : g3 8}, {link #3 : g4 8}, {link #4 : g5 8}, {link #5 : g6 8}, {link #6 : g7 8},
1 : local 98, cpu 10 {link #0 : g2 8}, {link #1 : g3 8}, {link #2 : g4 8}, {link #3 : g5 8}, {link #4 : g6 8}, {link #5 : g7 8}, {link #6 : g0 8},
2 : local 98, cpu 10 {link #0 : g3 8}, {link #1 : g4 8}, {link #2 : g5 8}, {link #3 : g6 8}, {link #4 : g7 8}, {link #5 : g0 8}, {link #6 : g1 8},
3 : local 98, cpu 10 {link #0 : g4 8}, {link #1 : g5 8}, {link #2 : g6 8}, {link #3 : g7 8}, {link #4 : g0 8}, {link #5 : g1 8}, {link #6 : g2 8},
4 : local 98, cpu 10 {link #0 : g5 8}, {link #1 : g6 8}, {link #2 : g7 8}, {link #3 : g0 8}, {link #4 : g1 8}, {link #5 : g2 8}, {link #6 : g3 8},
5 : local 98, cpu 10 {link #0 : g6 8}, {link #1 : g7 8}, {link #2 : g0 8}, {link #3 : g1 8}, {link #4 : g2 8}, {link #5 : g3 8}, {link #6 : g4 8},
6 : local 98, cpu 10 {link #0 : g7 8}, {link #1 : g0 8}, {link #2 : g1 8}, {link #3 : g2 8}, {link #4 : g3 8}, {link #5 : g4 8}, {link #6 : g5 8},
7 : local 98, cpu 10 {link #0 : g0 8}, {link #1 : g1 8}, {link #2 : g2 8}, {link #3 : g3 8}, {link #4 : g4 8}, {link #5 : g5 8}, {link #6 : g6 8},
0 :  {link #0 : 1}, {link #1 : 2}, {link #2 : 3}, {link #3 : 4}, {link #4 : 5}, {link #5 : 6}, {link #6 : 7},
1 :  {link #0 : 2}, {link #1 : 3}, {link #2 : 4}, {link #3 : 5}, {link #4 : 6}, {link #5 : 7}, {link #6 : 0},
2 :  {link #0 : 3}, {link #1 : 4}, {link #2 : 5}, {link #3 : 6}, {link #4 : 7}, {link #5 : 0}, {link #6 : 1},
3 :  {link #0 : 4}, {link #1 : 5}, {link #2 : 6}, {link #3 : 7}, {link #4 : 0}, {link #5 : 1}, {link #6 : 2},
4 :  {link #0 : 5}, {link #1 : 6}, {link #2 : 7}, {link #3 : 0}, {link #4 : 1}, {link #5 : 2}, {link #6 : 3},
5 :  {link #0 : 6}, {link #1 : 7}, {link #2 : 0}, {link #3 : 1}, {link #4 : 2}, {link #5 : 3}, {link #6 : 4},
6 :  {link #0 : 7}, {link #1 : 0}, {link #2 : 1}, {link #3 : 2}, {link #4 : 3}, {link #5 : 4}, {link #6 : 5},
7 :  {link #0 : 0}, {link #1 : 1}, {link #2 : 2}, {link #3 : 3}, {link #4 : 4}, {link #5 : 5}, {link #6 : 6},
0 : local 98, cpu 10 {link #0 : g1 8}, {link #1 : g2 8}, {link #2 : g3 8}, {link #3 : g4 8}, {link #4 : g5 8}, {link #5 : g6 8}, {link #6 : g7 8},
1 : local 98, cpu 10 {link #0 : g2 8}, {link #1 : g3 8}, {link #2 : g4 8}, {link #3 : g5 8}, {link #4 : g6 8}, {link #5 : g7 8}, {link #6 : g0 8},
2 : local 98, cpu 10 {link #0 : g3 8}, {link #1 : g4 8}, {link #2 : g5 8}, {link #3 : g6 8}, {link #4 : g7 8}, {link #5 : g0 8}, {link #6 : g1 8},
3 : local 98, cpu 10 {link #0 : g4 8}, {link #1 : g5 8}, {link #2 : g6 8}, {link #3 : g7 8}, {link #4 : g0 8}, {link #5 : g1 8}, {link #6 : g2 8},
4 : local 98, cpu 10 {link #0 : g5 8}, {link #1 : g6 8}, {link #2 : g7 8}, {link #3 : g0 8}, {link #4 : g1 8}, {link #5 : g2 8}, {link #6 : g3 8},
5 : local 98, cpu 10 {link #0 : g6 8}, {link #1 : g7 8}, {link #2 : g0 8}, {link #3 : g1 8}, {link #4 : g2 8}, {link #5 : g3 8}, {link #6 : g4 8},
6 : local 98, cpu 10 {link #0 : g7 8}, {link #1 : g0 8}, {link #2 : g1 8}, {link #3 : g2 8}, {link #4 : g3 8}, {link #5 : g4 8}, {link #6 : g5 8},
7 : local 98, cpu 10 {link #0 : g0 8}, {link #1 : g1 8}, {link #2 : g2 8}, {link #3 : g3 8}, {link #4 : g4 8}, {link #5 : g5 8}, {link #6 : g6 8},
0 :  {link #0 : 1}, {link #1 : 2}, {link #2 : 3}, {link #3 : 4}, {link #4 : 5}, {link #5 : 6}, {link #6 : 7},
1 :  {link #0 : 2}, {link #1 : 3}, {link #2 : 4}, {link #3 : 5}, {link #4 : 6}, {link #5 : 7}, {link #6 : 0},
2 :  {link #0 : 3}, {link #1 : 4}, {link #2 : 5}, {link #3 : 6}, {link #4 : 7}, {link #5 : 0}, {link #6 : 1},
3 :  {link #0 : 4}, {link #1 : 5}, {link #2 : 6}, {link #3 : 7}, {link #4 : 0}, {link #5 : 1}, {link #6 : 2},
4 :  {link #0 : 5}, {link #1 : 6}, {link #2 : 7}, {link #3 : 0}, {link #4 : 1}, {link #5 : 2}, {link #6 : 3},
5 :  {link #0 : 6}, {link #1 : 7}, {link #2 : 0}, {link #3 : 1}, {link #4 : 2}, {link #5 : 3}, {link #6 : 4},
6 :  {link #0 : 7}, {link #1 : 0}, {link #2 : 1}, {link #3 : 2}, {link #4 : 3}, {link #5 : 4}, {link #6 : 5},
7 :  {link #0 : 0}, {link #1 : 1}, {link #2 : 2}, {link #3 : 3}, {link #4 : 4}, {link #5 : 5}, {link #6 : 6},
0 : local 98, cpu 10 {link #0 : g1 8}, {link #1 : g2 8}, {link #2 : g3 8}, {link #3 : g4 8}, {link #4 : g5 8}, {link #5 : g6 8}, {link #6 : g7 8},
1 : local 98, cpu 10 {link #0 : g2 8}, {link #1 : g3 8}, {link #2 : g4 8}, {link #3 : g5 8}, {link #4 : g6 8}, {link #5 : g7 8}, {link #6 : g0 8},
2 : local 98, cpu 10 {link #0 : g3 8}, {link #1 : g4 8}, {link #2 : g5 8}, {link #3 : g6 8}, {link #4 : g7 8}, {link #5 : g0 8}, {link #6 : g1 8},
3 : local 98, cpu 10 {link #0 : g4 8}, {link #1 : g5 8}, {link #2 : g6 8}, {link #3 : g7 8}, {link #4 : g0 8}, {link #5 : g1 8}, {link #6 : g2 8},
4 : local 98, cpu 10 {link #0 : g5 8}, {link #1 : g6 8}, {link #2 : g7 8}, {link #3 : g0 8}, {link #4 : g1 8}, {link #5 : g2 8}, {link #6 : g3 8},
5 : local 98, cpu 10 {link #0 : g6 8}, {link #1 : g7 8}, {link #2 : g0 8}, {link #3 : g1 8}, {link #4 : g2 8}, {link #5 : g3 8}, {link #6 : g4 8},
6 : local 98, cpu 10 {link #0 : g7 8}, {link #1 : g0 8}, {link #2 : g1 8}, {link #3 : g2 8}, {link #4 : g3 8}, {link #5 : g4 8}, {link #6 : g5 8},
7 : local 98, cpu 10 {link #0 : g0 8}, {link #1 : g1 8}, {link #2 : g2 8}, {link #3 : g3 8}, {link #4 : g4 8}, {link #5 : g5 8}, {link #6 : g6 8},
coll_cache:optimal_rep_storage=0
coll_cache:optimal_part_storage=0.16
coll_cache:optimal_cpu_storage=0.84
coll_cache:optimal_local_storage=0.02
coll_cache:optimal_remote_storage=0.14
coll_cache:optimal_local_rate=0.091868
coll_cache:optimal_remote_rate=0.643076
coll_cache:optimal_cpu_rate=0.265056
z=151266,151266,151266,151266,151266,151266,151266,151266,
test_result:init:feat_nbytes=67182966784
test_result:init:cache_nbytes=1410841600
test_result:init:feat_nbytes=67182966784
test_result:init:cache_nbytes=1410841600
test_result:init:feat_nbytes=67182966784
test_result:init:cache_nbytes=1410841600
test_result:init:feat_nbytes=67182966784
test_result:init:cache_nbytes=1410841600
test_result:init:feat_nbytes=67182966784
test_result:init:cache_nbytes=1410841600
test_result:init:feat_nbytes=67182966784
test_result:init:cache_nbytes=1410841600
test_result:init:feat_nbytes=67182966784
test_result:init:cache_nbytes=1410841600
test_result:init:feat_nbytes=67182966784
test_result:init:cache_nbytes=1410841600
    [Step(average) Profiler Level 1 E3 S999]
        L1  sample           0.002047 | send           0.000000
        L1  recv             0.000000 | copy           0.026934 | convert time 0.000000 | train  0.007690
        L1  feature nbytes    1.18 GB | label nbytes 0.00 Bytes
        L1  id nbytes      0.00 Bytes | graph nbytes 0.00 Bytes
        L1  miss nbytes     325.69 MB | remote nbytes  776.79 MB
        L1  num nodes               0 | num samples           0
    [Step(average) Profiler Level 2 E3 S999]
        L2  shuffle     0.000000 | core sample  0.000000 | id remap        0.000000
        L2  graph copy  0.000000 | id copy      0.000000 | cache feat copy 0.026934
        L2  last layer sample time 0.000000 | size 0.000000
    [Step(average) Profiler Level 3 E3 S999]
        L3  khop sample coo  0.000000 | khop sort coo      0.000000 | khop count edge     0.000000 | khop compact edge 0.000000
        L3  walk sample coo  0.000000 | walk topk total    0.000000 | walk topk step1     0.000000 | walk topk step2   0.000000
        L3  walk topk step3  0.000000 | walk topk step4    0.000000 | walk topk step5     0.000000
        L3  walk topk step6  0.000000 | walk topk step7    0.000000
        L3  remap unique     0.000000 | remap populate     0.000000 | remap mapnode       0.000000 | remap mapedge     0.000000
        L3  cache get_index  0.000369 | cache copy_index   0.000000 | cache extract_miss  0.000000
        L3  cache copy_miss  0.000000 | cache combine_miss 0.026530 | cache combine cache 0.000290 | cache combine remote 0.003961
        L3  label extract  0.000000
    [Profiler Level Percentiles E3 S999]
        p50.00_tail_logl2featcopy=0.026772
        p90.00_tail_logl2featcopy=0.028980
        p95.00_tail_logl2featcopy=0.029159
        p99.00_tail_logl2featcopy=0.029378
        p99.90_tail_logl2featcopy=0.039038
[CUDA] cuda: usage: 14.16 GB
Rank=5, Graph loaded.
!!!!dist_homo_graph enumerate latency per epoch: 0.005853, per step: 0.000047
presamping
presamping takes 6.311051607131958
Rank=6, Graph loaded.
!!!!dist_homo_graph enumerate latency per epoch: 0.006044, per step: 0.000048
presamping
presamping takes 6.387925386428833
Rank=4, Graph loaded.
!!!!dist_homo_graph enumerate latency per epoch: 0.005498, per step: 0.000044
presamping
presamping takes 5.462627649307251
Rank=7, Graph loaded.
!!!!dist_homo_graph enumerate latency per epoch: 0.005736, per step: 0.000046
presamping
presamping takes 6.277311325073242
Rank=1, Graph loaded.
!!!!dist_homo_graph enumerate latency per epoch: 0.004277, per step: 0.000034
presamping
presamping takes 6.466008424758911
Rank=2, Graph loaded.
!!!!dist_homo_graph enumerate latency per epoch: 0.004946, per step: 0.000040
presamping
presamping takes 6.635448932647705
Rank=3, Graph loaded.
!!!!dist_homo_graph enumerate latency per epoch: 0.004498, per step: 0.000036
presamping
presamping takes 6.800464868545532
config:eval_tsp="2023-04-11 22:30:51"
config:num_worker=8
config:root_dir=/nvme/songxiaoniu/graph-learning/wholegraph
config:graph_name=com-friendster
config:epochs=4
config:batchsize=2000
config:skip_epoch=2
config:local_step=125
config:presc_epoch=2
config:neighbors=10,25
config:hiddensize=256
config:num_layer=2
config:model=sage
config:framework=dgl
config:dataloaderworkers=0
config:dropout=0.5
config:lr=0.003
config:use_nccl=False
config:use_amp=True
config:use_collcache=True
config:cache_percentage=0.02
config:cache_policy=clique_part
config:omp_thread_num=40
config:unsupervised=True
config:classnum=100
config:global_barrier=<multiprocessing.synchronize.Barrier object at 0x7f49a5ee0310>
config:worker_id=0
creating_intra_node_communicator root=0, local_size=8, world_size=8
Rank=0, Graph loaded.
!!!!dist_homo_graph enumerate latency per epoch: 0.003978, per step: 0.000032
epoch=4 total_steps=500
presamping
presamping takes 6.258358716964722
start training...
[Epoch 0], time=5.890169143676758, loss=0.6931472420692444
[Epoch 1], time=4.593076944351196, loss=0.6931472420692444
[Epoch 2], time=4.585740089416504, loss=0.6931472420692444
[Epoch 3], time=4.587728500366211, loss=0.6931472420692444
|===========================================================================|
|                  PyTorch CUDA memory summary, device ID 0                 |
|---------------------------------------------------------------------------|
|            CUDA OOMs: 0            |        cudaMalloc retries: 0         |
|===========================================================================|
|        Metric         | Cur Usage  | Peak Usage | Tot Alloc  | Tot Freed  |
|---------------------------------------------------------------------------|
| Allocated memory      |   82751 KB |  781325 KB |     832 GB |     832 GB |
|       from large pool |   75581 KB |  774983 KB |     824 GB |     824 GB |
|       from small pool |    7169 KB |    8918 KB |       8 GB |       8 GB |
|---------------------------------------------------------------------------|
| Active memory         |   82751 KB |  781325 KB |     832 GB |     832 GB |
|       from large pool |   75581 KB |  774983 KB |     824 GB |     824 GB |
|       from small pool |    7169 KB |    8918 KB |       8 GB |       8 GB |
|---------------------------------------------------------------------------|
| GPU reserved memory   |    1446 MB |    1446 MB |    1446 MB |       0 B  |
|       from large pool |    1434 MB |    1434 MB |    1434 MB |       0 B  |
|       from small pool |      12 MB |      12 MB |      12 MB |       0 B  |
|---------------------------------------------------------------------------|
| Non-releasable memory |   33985 KB |  700594 KB |  727137 MB |  727104 MB |
|       from large pool |   30914 KB |  697743 KB |  718111 MB |  718081 MB |
|       from small pool |    3070 KB |    6492 KB |    9026 MB |    9023 MB |
|---------------------------------------------------------------------------|
| Allocations           |      58    |      74    |  102445    |  102387    |
|       from large pool |      12    |      22    |   31281    |   31269    |
|       from small pool |      46    |      57    |   71164    |   71118    |
|---------------------------------------------------------------------------|
| Active allocs         |      58    |      74    |  102445    |  102387    |
|       from large pool |      12    |      22    |   31281    |   31269    |
|       from small pool |      46    |      57    |   71164    |   71118    |
|---------------------------------------------------------------------------|
| GPU reserved segments |      20    |      20    |      20    |       0    |
|       from large pool |      14    |      14    |      14    |       0    |
|       from small pool |       6    |       6    |       6    |       0    |
|---------------------------------------------------------------------------|
| Non-releasable allocs |      21    |      35    |   36826    |   36805    |
|       from large pool |       5    |      15    |   18878    |   18873    |
|       from small pool |      16    |      25    |   17948    |   17932    |
|---------------------------------------------------------------------------|
| Oversize allocations  |       0    |       0    |       0    |       0    |
|---------------------------------------------------------------------------|
| Oversize GPU segments |       0    |       0    |       0    |       0    |
|===========================================================================|

[TRAIN_TIME] train time is 19.659827 seconds
[EPOCH_TIME] 4.914957 seconds, maybe large due to not enough epoch skipped.
[EPOCH_TIME] 4.586909 seconds

