/usr/lib/python3/dist-packages/requests/__init__.py:89: RequestsDependencyWarning: urllib3 (1.26.12) or chardet (3.0.4) doesn't match a supported version!
  warnings.warn("urllib3 ({}) or chardet ({}) doesn't match a supported "
Rank=1 done reading 8201046 embedding vectors from file /nvme/songxiaoniu/graph-learning/wholegraph/com_friendster/converted/homograph_csr_row_ptr
Rank=0 done reading 8201046 embedding vectors from file /nvme/songxiaoniu/graph-learning/wholegraph/com_friendster/converted/homograph_csr_row_ptr
Rank=5 done reading 8201046 embedding vectors from file /nvme/songxiaoniu/graph-learning/wholegraph/com_friendster/converted/homograph_csr_row_ptr
Rank=4 done reading 8201046 embedding vectors from file /nvme/songxiaoniu/graph-learning/wholegraph/com_friendster/converted/homograph_csr_row_ptr
Rank=7 done reading 8201045 embedding vectors from file /nvme/songxiaoniu/graph-learning/wholegraph/com_friendster/converted/homograph_csr_row_ptr
Rank=6 done reading 8201046 embedding vectors from file /nvme/songxiaoniu/graph-learning/wholegraph/com_friendster/converted/homograph_csr_row_ptr
Rank=3 done reading 8201046 embedding vectors from file /nvme/songxiaoniu/graph-learning/wholegraph/com_friendster/converted/homograph_csr_row_ptr
Rank=2 done reading 8201046 embedding vectors from file /nvme/songxiaoniu/graph-learning/wholegraph/com_friendster/converted/homograph_csr_row_ptr
Rank=0 done reading 451516784 embedding vectors from file /nvme/songxiaoniu/graph-learning/wholegraph/com_friendster/converted/homograph_csr_col_idx
Rank=1 done reading 451516784 embedding vectors from file /nvme/songxiaoniu/graph-learning/wholegraph/com_friendster/converted/homograph_csr_col_idx
Rank=7 done reading 451516782 embedding vectors from file /nvme/songxiaoniu/graph-learning/wholegraph/com_friendster/converted/homograph_csr_col_idx
Rank=6 done reading 451516784 embedding vectors from file /nvme/songxiaoniu/graph-learning/wholegraph/com_friendster/converted/homograph_csr_col_idx
Rank=4 done reading 451516784 embedding vectors from file /nvme/songxiaoniu/graph-learning/wholegraph/com_friendster/converted/homograph_csr_col_idx
Rank=5 done reading 451516784 embedding vectors from file /nvme/songxiaoniu/graph-learning/wholegraph/com_friendster/converted/homograph_csr_col_idx
Rank=3 done reading 451516784 embedding vectors from file /nvme/songxiaoniu/graph-learning/wholegraph/com_friendster/converted/homograph_csr_col_idx
Rank=2 done reading 451516784 embedding vectors from file /nvme/songxiaoniu/graph-learning/wholegraph/com_friendster/converted/homograph_csr_col_idx
[2023-04-14 22:58:58.567080: E /samgraph/3rdparty/collcachelib/coll_cache_lib/freq_recorder.cc:337] bulk append 4211499 into 0
[2023-04-14 22:58:58.584152: E /samgraph/3rdparty/collcachelib/coll_cache_lib/freq_recorder.cc:347] bulk append 57941809
[2023-04-14 22:58:58.584740: E /samgraph/3rdparty/collcachelib/coll_cache_lib/freq_recorder.cc:337] bulk append 4214213 into 4211499
[2023-04-14 22:58:58.601631: E /samgraph/3rdparty/collcachelib/coll_cache_lib/freq_recorder.cc:347] bulk append 57915845
[2023-04-14 22:58:58.602209: E /samgraph/3rdparty/collcachelib/coll_cache_lib/freq_recorder.cc:337] bulk append 4209098 into 8425712
[2023-04-14 22:58:58.619065: E /samgraph/3rdparty/collcachelib/coll_cache_lib/freq_recorder.cc:347] bulk append 57850322
[2023-04-14 22:58:58.619628: E /samgraph/3rdparty/collcachelib/coll_cache_lib/freq_recorder.cc:337] bulk append 4212634 into 12634810
[2023-04-14 22:58:58.636500: E /samgraph/3rdparty/collcachelib/coll_cache_lib/freq_recorder.cc:347] bulk append 57860147
[2023-04-14 22:58:58.637073: E /samgraph/3rdparty/collcachelib/coll_cache_lib/freq_recorder.cc:337] bulk append 4210133 into 16847444
[2023-04-14 22:58:58.654004: E /samgraph/3rdparty/collcachelib/coll_cache_lib/freq_recorder.cc:347] bulk append 57898232
[2023-04-14 22:58:58.654564: E /samgraph/3rdparty/collcachelib/coll_cache_lib/freq_recorder.cc:337] bulk append 4211922 into 21057577
[2023-04-14 22:58:58.671513: E /samgraph/3rdparty/collcachelib/coll_cache_lib/freq_recorder.cc:347] bulk append 57873323
[2023-04-14 22:58:58.672098: E /samgraph/3rdparty/collcachelib/coll_cache_lib/freq_recorder.cc:337] bulk append 4210553 into 25269499
[2023-04-14 22:58:58.689040: E /samgraph/3rdparty/collcachelib/coll_cache_lib/freq_recorder.cc:347] bulk append 57881232
[2023-04-14 22:58:58.689683: E /samgraph/3rdparty/collcachelib/coll_cache_lib/freq_recorder.cc:337] bulk append 4216757 into 29480052
[2023-04-14 22:58:58.708807: E /samgraph/3rdparty/collcachelib/coll_cache_lib/freq_recorder.cc:347] bulk append 57932065
[2023-04-14 22:58:58.709365: E /samgraph/3rdparty/collcachelib/coll_cache_lib/freq_recorder.cc:337] bulk append 4210543 into 33696809
[2023-04-14 22:58:58.727019: E /samgraph/3rdparty/collcachelib/coll_cache_lib/freq_recorder.cc:347] bulk append 57904801
[2023-04-14 22:58:58.727843: E /samgraph/3rdparty/collcachelib/coll_cache_lib/freq_recorder.cc:337] bulk append 4211058 into 37907352
[2023-04-14 22:58:58.744714: E /samgraph/3rdparty/collcachelib/coll_cache_lib/freq_recorder.cc:347] bulk append 57927317
[2023-04-14 22:58:58.745308: E /samgraph/3rdparty/collcachelib/coll_cache_lib/freq_recorder.cc:337] bulk append 4303131 into 42118410
[2023-04-14 22:58:58.762533: E /samgraph/3rdparty/collcachelib/coll_cache_lib/freq_recorder.cc:347] bulk append 59089137
[2023-04-14 22:58:58.763104: E /samgraph/3rdparty/collcachelib/coll_cache_lib/freq_recorder.cc:337] bulk append 4305295 into 46421541
[2023-04-14 22:58:58.780431: E /samgraph/3rdparty/collcachelib/coll_cache_lib/freq_recorder.cc:347] bulk append 59003967
[2023-04-14 22:58:58.780998: E /samgraph/3rdparty/collcachelib/coll_cache_lib/freq_recorder.cc:337] bulk append 4303393 into 50726836
[2023-04-14 22:58:58.798277: E /samgraph/3rdparty/collcachelib/coll_cache_lib/freq_recorder.cc:347] bulk append 58922676
[2023-04-14 22:58:58.798829: E /samgraph/3rdparty/collcachelib/coll_cache_lib/freq_recorder.cc:337] bulk append 4304023 into 55030229
[2023-04-14 22:58:58.816098: E /samgraph/3rdparty/collcachelib/coll_cache_lib/freq_recorder.cc:347] bulk append 58961587
[2023-04-14 22:58:58.816649: E /samgraph/3rdparty/collcachelib/coll_cache_lib/freq_recorder.cc:337] bulk append 4303717 into 59334252
[2023-04-14 22:58:58.834021: E /samgraph/3rdparty/collcachelib/coll_cache_lib/freq_recorder.cc:347] bulk append 59025614
[2023-04-14 22:58:58.834579: E /samgraph/3rdparty/collcachelib/coll_cache_lib/freq_recorder.cc:337] bulk append 4304933 into 63637969
[2023-04-14 22:58:58.851779: E /samgraph/3rdparty/collcachelib/coll_cache_lib/freq_recorder.cc:347] bulk append 59021768
[2023-04-14 22:58:58.852327: E /samgraph/3rdparty/collcachelib/coll_cache_lib/freq_recorder.cc:337] bulk append 4302250 into 67942902
[2023-04-14 22:58:58.870171: E /samgraph/3rdparty/collcachelib/coll_cache_lib/freq_recorder.cc:347] bulk append 58991070
[2023-04-14 22:58:58.871012: E /samgraph/3rdparty/collcachelib/coll_cache_lib/freq_recorder.cc:337] bulk append 4307327 into 72245152
[2023-04-14 22:58:58.888681: E /samgraph/3rdparty/collcachelib/coll_cache_lib/freq_recorder.cc:347] bulk append 59045080
[2023-04-14 22:58:58.889241: E /samgraph/3rdparty/collcachelib/coll_cache_lib/freq_recorder.cc:337] bulk append 4303607 into 76552479
[2023-04-14 22:58:58.906867: E /samgraph/3rdparty/collcachelib/coll_cache_lib/freq_recorder.cc:347] bulk append 58996522
[2023-04-14 22:58:58.907418: E /samgraph/3rdparty/collcachelib/coll_cache_lib/freq_recorder.cc:337] bulk append 4305084 into 80856086
[2023-04-14 22:58:58.925494: E /samgraph/3rdparty/collcachelib/coll_cache_lib/freq_recorder.cc:347] bulk append 59060837
[2023-04-14 22:58:58.926081: E /samgraph/3rdparty/collcachelib/coll_cache_lib/freq_recorder.cc:337] bulk append 4347882 into 85161170
[2023-04-14 22:58:58.943472: E /samgraph/3rdparty/collcachelib/coll_cache_lib/freq_recorder.cc:347] bulk append 59023959
[2023-04-14 22:58:58.944040: E /samgraph/3rdparty/collcachelib/coll_cache_lib/freq_recorder.cc:337] bulk append 4352062 into 89509052
[2023-04-14 22:58:58.961311: E /samgraph/3rdparty/collcachelib/coll_cache_lib/freq_recorder.cc:347] bulk append 58950704
[2023-04-14 22:58:58.961902: E /samgraph/3rdparty/collcachelib/coll_cache_lib/freq_recorder.cc:337] bulk append 4347865 into 93861114
[2023-04-14 22:58:58.979211: E /samgraph/3rdparty/collcachelib/coll_cache_lib/freq_recorder.cc:347] bulk append 58868992
[2023-04-14 22:58:58.979776: E /samgraph/3rdparty/collcachelib/coll_cache_lib/freq_recorder.cc:337] bulk append 4350189 into 98208979
[2023-04-14 22:58:58.997071: E /samgraph/3rdparty/collcachelib/coll_cache_lib/freq_recorder.cc:347] bulk append 58896098
[2023-04-14 22:58:58.997629: E /samgraph/3rdparty/collcachelib/coll_cache_lib/freq_recorder.cc:337] bulk append 4348031 into 102559168
[2023-04-14 22:58:59. 14868: E /samgraph/3rdparty/collcachelib/coll_cache_lib/freq_recorder.cc:347] bulk append 58965097
[2023-04-14 22:58:59. 15436: E /samgraph/3rdparty/collcachelib/coll_cache_lib/freq_recorder.cc:337] bulk append 4350893 into 106907199
[2023-04-14 22:58:59. 32760: E /samgraph/3rdparty/collcachelib/coll_cache_lib/freq_recorder.cc:347] bulk append 58962351
[2023-04-14 22:58:59. 33319: E /samgraph/3rdparty/collcachelib/coll_cache_lib/freq_recorder.cc:337] bulk append 4348336 into 111258092
[2023-04-14 22:58:59. 50640: E /samgraph/3rdparty/collcachelib/coll_cache_lib/freq_recorder.cc:347] bulk append 58934493
[2023-04-14 22:58:59. 51201: E /samgraph/3rdparty/collcachelib/coll_cache_lib/freq_recorder.cc:337] bulk append 4354172 into 115606428
[2023-04-14 22:58:59. 68701: E /samgraph/3rdparty/collcachelib/coll_cache_lib/freq_recorder.cc:347] bulk append 59045431
[2023-04-14 22:58:59. 69301: E /samgraph/3rdparty/collcachelib/coll_cache_lib/freq_recorder.cc:337] bulk append 4350832 into 119960600
[2023-04-14 22:58:59. 86640: E /samgraph/3rdparty/collcachelib/coll_cache_lib/freq_recorder.cc:347] bulk append 58946552
[2023-04-14 22:58:59. 87208: E /samgraph/3rdparty/collcachelib/coll_cache_lib/freq_recorder.cc:337] bulk append 4351374 into 124311432
[2023-04-14 22:58:59.104721: E /samgraph/3rdparty/collcachelib/coll_cache_lib/freq_recorder.cc:347] bulk append 59043368
[2023-04-14 22:58:59.105308: E /samgraph/3rdparty/collcachelib/coll_cache_lib/freq_recorder.cc:337] bulk append 4358754 into 128662806
[2023-04-14 22:58:59.122663: E /samgraph/3rdparty/collcachelib/coll_cache_lib/freq_recorder.cc:347] bulk append 58972560
[2023-04-14 22:58:59.123274: E /samgraph/3rdparty/collcachelib/coll_cache_lib/freq_recorder.cc:337] bulk append 4362228 into 133021560
[2023-04-14 22:58:59.140572: E /samgraph/3rdparty/collcachelib/coll_cache_lib/freq_recorder.cc:347] bulk append 58913437
[2023-04-14 22:58:59.141174: E /samgraph/3rdparty/collcachelib/coll_cache_lib/freq_recorder.cc:337] bulk append 4356850 into 137383788
[2023-04-14 22:58:59.159016: E /samgraph/3rdparty/collcachelib/coll_cache_lib/freq_recorder.cc:347] bulk append 58846877
[2023-04-14 22:58:59.159851: E /samgraph/3rdparty/collcachelib/coll_cache_lib/freq_recorder.cc:337] bulk append 4362713 into 141740638
[2023-04-14 22:58:59.177125: E /samgraph/3rdparty/collcachelib/coll_cache_lib/freq_recorder.cc:347] bulk append 58893647
[2023-04-14 22:58:59.177705: E /samgraph/3rdparty/collcachelib/coll_cache_lib/freq_recorder.cc:337] bulk append 4359396 into 146103351
[2023-04-14 22:58:59.195040: E /samgraph/3rdparty/collcachelib/coll_cache_lib/freq_recorder.cc:347] bulk append 58931803
[2023-04-14 22:58:59.195626: E /samgraph/3rdparty/collcachelib/coll_cache_lib/freq_recorder.cc:337] bulk append 4358793 into 150462747
[2023-04-14 22:58:59.212916: E /samgraph/3rdparty/collcachelib/coll_cache_lib/freq_recorder.cc:347] bulk append 58924475
[2023-04-14 22:58:59.213508: E /samgraph/3rdparty/collcachelib/coll_cache_lib/freq_recorder.cc:337] bulk append 4357672 into 154821540
[2023-04-14 22:58:59.230790: E /samgraph/3rdparty/collcachelib/coll_cache_lib/freq_recorder.cc:347] bulk append 58916308
[2023-04-14 22:58:59.231379: E /samgraph/3rdparty/collcachelib/coll_cache_lib/freq_recorder.cc:337] bulk append 4361738 into 159179212
[2023-04-14 22:58:59.248659: E /samgraph/3rdparty/collcachelib/coll_cache_lib/freq_recorder.cc:347] bulk append 59019509
[2023-04-14 22:58:59.249273: E /samgraph/3rdparty/collcachelib/coll_cache_lib/freq_recorder.cc:337] bulk append 4359668 into 163540950
[2023-04-14 22:58:59.266557: E /samgraph/3rdparty/collcachelib/coll_cache_lib/freq_recorder.cc:347] bulk append 58949841
[2023-04-14 22:58:59.267138: E /samgraph/3rdparty/collcachelib/coll_cache_lib/freq_recorder.cc:337] bulk append 4360840 into 167900618
[2023-04-14 22:58:59.284437: E /samgraph/3rdparty/collcachelib/coll_cache_lib/freq_recorder.cc:347] bulk append 59018377
[2023-04-14 22:58:59.285033: E /samgraph/3rdparty/collcachelib/coll_cache_lib/freq_recorder.cc:337] bulk append 4361707 into 172261458
[2023-04-14 22:58:59.302450: E /samgraph/3rdparty/collcachelib/coll_cache_lib/freq_recorder.cc:347] bulk append 58890885
[2023-04-14 22:58:59.303011: E /samgraph/3rdparty/collcachelib/coll_cache_lib/freq_recorder.cc:337] bulk append 4367764 into 176623165
[2023-04-14 22:58:59.320319: E /samgraph/3rdparty/collcachelib/coll_cache_lib/freq_recorder.cc:347] bulk append 58824861
[2023-04-14 22:58:59.320866: E /samgraph/3rdparty/collcachelib/coll_cache_lib/freq_recorder.cc:337] bulk append 4361051 into 180990929
[2023-04-14 22:58:59.338251: E /samgraph/3rdparty/collcachelib/coll_cache_lib/freq_recorder.cc:347] bulk append 58759465
[2023-04-14 22:58:59.338809: E /samgraph/3rdparty/collcachelib/coll_cache_lib/freq_recorder.cc:337] bulk append 4366719 into 185351980
[2023-04-14 22:58:59.356143: E /samgraph/3rdparty/collcachelib/coll_cache_lib/freq_recorder.cc:347] bulk append 58799806
[2023-04-14 22:58:59.356686: E /samgraph/3rdparty/collcachelib/coll_cache_lib/freq_recorder.cc:337] bulk append 4363177 into 189718699
[2023-04-14 22:58:59.374107: E /samgraph/3rdparty/collcachelib/coll_cache_lib/freq_recorder.cc:347] bulk append 58834968
[2023-04-14 22:58:59.374665: E /samgraph/3rdparty/collcachelib/coll_cache_lib/freq_recorder.cc:337] bulk append 4366836 into 194081876
[2023-04-14 22:58:59.392010: E /samgraph/3rdparty/collcachelib/coll_cache_lib/freq_recorder.cc:347] bulk append 58835871
[2023-04-14 22:58:59.392560: E /samgraph/3rdparty/collcachelib/coll_cache_lib/freq_recorder.cc:337] bulk append 4362994 into 198448712
[2023-04-14 22:58:59.409930: E /samgraph/3rdparty/collcachelib/coll_cache_lib/freq_recorder.cc:347] bulk append 58832422
[2023-04-14 22:58:59.410495: E /samgraph/3rdparty/collcachelib/coll_cache_lib/freq_recorder.cc:337] bulk append 4368594 into 202811706
[2023-04-14 22:58:59.427878: E /samgraph/3rdparty/collcachelib/coll_cache_lib/freq_recorder.cc:347] bulk append 58934419
[2023-04-14 22:58:59.428416: E /samgraph/3rdparty/collcachelib/coll_cache_lib/freq_recorder.cc:337] bulk append 4363264 into 207180300
[2023-04-14 22:58:59.445718: E /samgraph/3rdparty/collcachelib/coll_cache_lib/freq_recorder.cc:347] bulk append 58889969
[2023-04-14 22:58:59.446262: E /samgraph/3rdparty/collcachelib/coll_cache_lib/freq_recorder.cc:337] bulk append 4364579 into 211543564
[2023-04-14 22:58:59.463788: E /samgraph/3rdparty/collcachelib/coll_cache_lib/freq_recorder.cc:347] bulk append 58925496
[2023-04-14 22:58:59.464346: E /samgraph/3rdparty/collcachelib/coll_cache_lib/freq_recorder.cc:337] bulk append 4316963 into 215908143
[2023-04-14 22:58:59.481742: E /samgraph/3rdparty/collcachelib/coll_cache_lib/freq_recorder.cc:347] bulk append 58166926
[2023-04-14 22:58:59.482307: E /samgraph/3rdparty/collcachelib/coll_cache_lib/freq_recorder.cc:337] bulk append 4321479 into 220225106
[2023-04-14 22:58:59.499672: E /samgraph/3rdparty/collcachelib/coll_cache_lib/freq_recorder.cc:347] bulk append 58069776
[2023-04-14 22:58:59.500256: E /samgraph/3rdparty/collcachelib/coll_cache_lib/freq_recorder.cc:337] bulk append 4315979 into 224546585
[2023-04-14 22:58:59.518176: E /samgraph/3rdparty/collcachelib/coll_cache_lib/freq_recorder.cc:347] bulk append 58028098
[2023-04-14 22:58:59.518992: E /samgraph/3rdparty/collcachelib/coll_cache_lib/freq_recorder.cc:337] bulk append 4320496 into 228862564
[2023-04-14 22:58:59.536277: E /samgraph/3rdparty/collcachelib/coll_cache_lib/freq_recorder.cc:347] bulk append 58082130
[2023-04-14 22:58:59.536857: E /samgraph/3rdparty/collcachelib/coll_cache_lib/freq_recorder.cc:337] bulk append 4318854 into 233183060
[2023-04-14 22:58:59.554136: E /samgraph/3rdparty/collcachelib/coll_cache_lib/freq_recorder.cc:347] bulk append 58098176
[2023-04-14 22:58:59.554704: E /samgraph/3rdparty/collcachelib/coll_cache_lib/freq_recorder.cc:337] bulk append 4321252 into 237501914
[2023-04-14 22:58:59.571998: E /samgraph/3rdparty/collcachelib/coll_cache_lib/freq_recorder.cc:347] bulk append 58107631
[2023-04-14 22:58:59.572582: E /samgraph/3rdparty/collcachelib/coll_cache_lib/freq_recorder.cc:337] bulk append 4316987 into 241823166
[2023-04-14 22:58:59.589892: E /samgraph/3rdparty/collcachelib/coll_cache_lib/freq_recorder.cc:347] bulk append 58119989
[2023-04-14 22:58:59.590465: E /samgraph/3rdparty/collcachelib/coll_cache_lib/freq_recorder.cc:337] bulk append 4323064 into 246140153
[2023-04-14 22:58:59.607826: E /samgraph/3rdparty/collcachelib/coll_cache_lib/freq_recorder.cc:347] bulk append 58210288
[2023-04-14 22:58:59.608395: E /samgraph/3rdparty/collcachelib/coll_cache_lib/freq_recorder.cc:337] bulk append 4317128 into 250463217
[2023-04-14 22:58:59.625633: E /samgraph/3rdparty/collcachelib/coll_cache_lib/freq_recorder.cc:347] bulk append 58138986
[2023-04-14 22:58:59.626211: E /samgraph/3rdparty/collcachelib/coll_cache_lib/freq_recorder.cc:337] bulk append 4320848 into 254780345
[2023-04-14 22:58:59.643575: E /samgraph/3rdparty/collcachelib/coll_cache_lib/freq_recorder.cc:347] bulk append 58186016
[2023-04-14 22:58:59.644159: E /samgraph/3rdparty/collcachelib/coll_cache_lib/freq_recorder.cc:337] bulk append 4264164 into 259101193
[2023-04-14 22:58:59.661381: E /samgraph/3rdparty/collcachelib/coll_cache_lib/freq_recorder.cc:347] bulk append 57141133
[2023-04-14 22:58:59.661932: E /samgraph/3rdparty/collcachelib/coll_cache_lib/freq_recorder.cc:337] bulk append 4266243 into 263365357
[2023-04-14 22:58:59.679626: E /samgraph/3rdparty/collcachelib/coll_cache_lib/freq_recorder.cc:347] bulk append 57019012
[2023-04-14 22:58:59.680450: E /samgraph/3rdparty/collcachelib/coll_cache_lib/freq_recorder.cc:337] bulk append 4263275 into 267631600
[2023-04-14 22:58:59.697556: E /samgraph/3rdparty/collcachelib/coll_cache_lib/freq_recorder.cc:347] bulk append 56973516
[2023-04-14 22:58:59.698121: E /samgraph/3rdparty/collcachelib/coll_cache_lib/freq_recorder.cc:337] bulk append 4267085 into 271894875
[2023-04-14 22:58:59.715209: E /samgraph/3rdparty/collcachelib/coll_cache_lib/freq_recorder.cc:347] bulk append 57050684
[2023-04-14 22:58:59.715744: E /samgraph/3rdparty/collcachelib/coll_cache_lib/freq_recorder.cc:337] bulk append 4266101 into 276161960
[2023-04-14 22:58:59.732706: E /samgraph/3rdparty/collcachelib/coll_cache_lib/freq_recorder.cc:347] bulk append 57036943
[2023-04-14 22:58:59.733256: E /samgraph/3rdparty/collcachelib/coll_cache_lib/freq_recorder.cc:337] bulk append 4266856 into 280428061
[2023-04-14 22:58:59.750373: E /samgraph/3rdparty/collcachelib/coll_cache_lib/freq_recorder.cc:347] bulk append 57052336
[2023-04-14 22:58:59.750910: E /samgraph/3rdparty/collcachelib/coll_cache_lib/freq_recorder.cc:337] bulk append 4263976 into 284694917
[2023-04-14 22:58:59.768081: E /samgraph/3rdparty/collcachelib/coll_cache_lib/freq_recorder.cc:347] bulk append 57062010
[2023-04-14 22:58:59.768614: E /samgraph/3rdparty/collcachelib/coll_cache_lib/freq_recorder.cc:337] bulk append 4268893 into 288958893
[2023-04-14 22:58:59.785809: E /samgraph/3rdparty/collcachelib/coll_cache_lib/freq_recorder.cc:347] bulk append 57158983
[2023-04-14 22:58:59.786362: E /samgraph/3rdparty/collcachelib/coll_cache_lib/freq_recorder.cc:337] bulk append 4263135 into 293227786
[2023-04-14 22:58:59.803359: E /samgraph/3rdparty/collcachelib/coll_cache_lib/freq_recorder.cc:347] bulk append 57106488
[2023-04-14 22:58:59.803909: E /samgraph/3rdparty/collcachelib/coll_cache_lib/freq_recorder.cc:337] bulk append 4266563 into 297490921
[2023-04-14 22:58:59.821001: E /samgraph/3rdparty/collcachelib/coll_cache_lib/freq_recorder.cc:347] bulk append 57141201
[2023-04-14 22:58:59.821571: E /samgraph/3rdparty/collcachelib/coll_cache_lib/freq_recorder.cc:337] bulk append 4176220 into 301757484
[2023-04-14 22:58:59.840297: E /samgraph/3rdparty/collcachelib/coll_cache_lib/freq_recorder.cc:347] bulk append 54884289
[2023-04-14 22:58:59.840863: E /samgraph/3rdparty/collcachelib/coll_cache_lib/freq_recorder.cc:337] bulk append 4179671 into 305933704
[2023-04-14 22:58:59.857679: E /samgraph/3rdparty/collcachelib/coll_cache_lib/freq_recorder.cc:347] bulk append 54788598
[2023-04-14 22:58:59.858229: E /samgraph/3rdparty/collcachelib/coll_cache_lib/freq_recorder.cc:337] bulk append 4177332 into 310113375
[2023-04-14 22:58:59.875543: E /samgraph/3rdparty/collcachelib/coll_cache_lib/freq_recorder.cc:347] bulk append 54758741
[2023-04-14 22:58:59.876341: E /samgraph/3rdparty/collcachelib/coll_cache_lib/freq_recorder.cc:337] bulk append 4178940 into 314290707
[2023-04-14 22:58:59.893158: E /samgraph/3rdparty/collcachelib/coll_cache_lib/freq_recorder.cc:347] bulk append 54807115
[2023-04-14 22:58:59.893701: E /samgraph/3rdparty/collcachelib/coll_cache_lib/freq_recorder.cc:337] bulk append 4178118 into 318469647
[2023-04-14 22:58:59.911650: E /samgraph/3rdparty/collcachelib/coll_cache_lib/freq_recorder.cc:347] bulk append 54830114
[2023-04-14 22:58:59.912457: E /samgraph/3rdparty/collcachelib/coll_cache_lib/freq_recorder.cc:337] bulk append 4177558 into 322647765
[2023-04-14 22:58:59.929353: E /samgraph/3rdparty/collcachelib/coll_cache_lib/freq_recorder.cc:347] bulk append 54810142
[2023-04-14 22:58:59.929913: E /samgraph/3rdparty/collcachelib/coll_cache_lib/freq_recorder.cc:337] bulk append 4176548 into 326825323
[2023-04-14 22:58:59.947290: E /samgraph/3rdparty/collcachelib/coll_cache_lib/freq_recorder.cc:347] bulk append 54838181
[2023-04-14 22:58:59.948115: E /samgraph/3rdparty/collcachelib/coll_cache_lib/freq_recorder.cc:337] bulk append 4180630 into 331001871
[2023-04-14 22:58:59.964881: E /samgraph/3rdparty/collcachelib/coll_cache_lib/freq_recorder.cc:347] bulk append 54950273
[2023-04-14 22:58:59.965435: E /samgraph/3rdparty/collcachelib/coll_cache_lib/freq_recorder.cc:337] bulk append 4177448 into 335182501
[2023-04-14 22:58:59.982157: E /samgraph/3rdparty/collcachelib/coll_cache_lib/freq_recorder.cc:347] bulk append 54919336
[2023-04-14 22:58:59.982693: E /samgraph/3rdparty/collcachelib/coll_cache_lib/freq_recorder.cc:337] bulk append 4175871 into 339359949
[2023-04-14 22:58:59.999591: E /samgraph/3rdparty/collcachelib/coll_cache_lib/freq_recorder.cc:347] bulk append 54889971
[[[[[2023-04-14 22:59:002023-04-14 22:59:00[2023-04-14 22:59:00[2023-04-14 22:59:002023-04-14 22:59:00...2023-04-14 22:59:002023-04-14 22:59:00..   182[   184   183..   183   154: : : 2023-04-14 22:59:00   186   197: : EEE.: : EE      208EE  /samgraph/3rdparty/collcachelib/coll_cache_lib/run_config.cc/samgraph/3rdparty/collcachelib/coll_cache_lib/run_config.cc/samgraph/3rdparty/collcachelib/coll_cache_lib/run_config.cc:   /samgraph/3rdparty/collcachelib/coll_cache_lib/run_config.cc/samgraph/3rdparty/collcachelib/coll_cache_lib/freq_recorder.cc:::E/samgraph/3rdparty/collcachelib/coll_cache_lib/run_config.cc/samgraph/3rdparty/collcachelib/coll_cache_lib/run_config.cc::141141141 ::141266] ] ] /samgraph/3rdparty/collcachelib/coll_cache_lib/run_config.cc141141] ] using concurrent impl MPSPhaseusing concurrent impl MPSPhaseusing concurrent impl MPSPhase:] ] using concurrent impl MPSPhasefreq recorder global combining


141using concurrent impl MPSPhaseusing concurrent impl MPSPhase

] 

using concurrent impl MPSPhase[[[[
2023-04-14 22:59:002023-04-14 22:59:002023-04-14 22:59:002023-04-14 22:59:00[[....[2023-04-14 22:59:002023-04-14 22:59:00   337   338   337   3442023-04-14 22:59:00..: : : : .   349   348EEEE   358: :     : EE/samgraph/3rdparty/collcachelib/coll_cache_lib/facade.cc/samgraph/3rdparty/collcachelib/coll_cache_lib/facade.cc/samgraph/3rdparty/collcachelib/coll_cache_lib/facade.cc/samgraph/3rdparty/collcachelib/coll_cache_lib/facade.ccE  :::: /samgraph/3rdparty/collcachelib/coll_cache_lib/facade.cc/samgraph/3rdparty/collcachelib/coll_cache_lib/facade.cc409409409409/samgraph/3rdparty/collcachelib/coll_cache_lib/facade.cc::] ] ] ] :409409before scale, dtype is 0, dim is 256before scale, dtype is 0, dim is 256before scale, dtype is 0, dim is 256before scale, dtype is 0, dim is 256409] ] 



] before scale, dtype is 0, dim is 256before scale, dtype is 0, dim is 256before scale, dtype is 0, dim is 256[[[
[

2023-04-14 22:59:002023-04-14 22:59:002023-04-14 22:59:002023-04-14 22:59:00[...[[.2023-04-14 22:59:00   477   478   4772023-04-14 22:59:002023-04-14 22:59:00   480.: : : ..:    491EEE   495   494E:    : :  E/samgraph/3rdparty/collcachelib/coll_cache_lib/facade.cc/samgraph/3rdparty/collcachelib/coll_cache_lib/facade.cc/samgraph/3rdparty/collcachelib/coll_cache_lib/facade.ccEE/samgraph/3rdparty/collcachelib/coll_cache_lib/facade.cc :::  :/samgraph/3rdparty/collcachelib/coll_cache_lib/facade.cc415415415/samgraph/3rdparty/collcachelib/coll_cache_lib/facade.cc/samgraph/3rdparty/collcachelib/coll_cache_lib/facade.cc415:] ] ] ::] 415after scale, dtype is 7, new dim is 64after scale, dtype is 7, new dim is 64after scale, dtype is 7, new dim is 64415415after scale, dtype is 7, new dim is 64] 


] ] 
after scale, dtype is 7, new dim is 64after scale, dtype is 7, new dim is 64after scale, dtype is 7, new dim is 64


[2023-04-14 22:59:00.  1751: E /samgraph/3rdparty/collcachelib/coll_cache_lib/coll_cache/asymm_link_desc.cc:207] assigning 10 to cpu
[2023-04-14 22:59:00.  1792: E /samgraph/3rdparty/collcachelib/coll_cache_lib/coll_cache/asymm_link_desc.cc:224] build symm link desc with 8X NVIDIA A100-SXM4-80GB out of 8
[2023-04-14 22:59:00.  1818: E /samgraph/3rdparty/collcachelib/coll_cache_lib/coll_cache/asymm_link_desc.cc:225] remote time is 24.3333
[2023-04-14 22:59:00.  1828: E /samgraph/3rdparty/collcachelib/coll_cache_lib/coll_cache/asymm_link_desc.cc:226] cpu time is 91.25
[2023-04-14 22:59:00.  1854: E /samgraph/3rdparty/collcachelib/coll_cache_lib/facade.cc:425] registering cpu data with 16.00 GB
[2023-04-14 22:59:00.  2171: E /samgraph/3rdparty/collcachelib/coll_cache_lib/coll_cache/asymm_link_desc.cc:207] assigning 10 to cpu
[2023-04-14 22:59:00.  2231: E /samgraph/3rdparty/collcachelib/coll_cache_lib/coll_cache/asymm_link_desc.cc:224] build symm link desc with 8X NVIDIA A100-SXM4-80GB out of 8
[2023-04-14 22:59:00.  2249: E /samgraph/3rdparty/collcachelib/coll_cache_lib/coll_cache/asymm_link_desc.cc:225] remote time is 24.3333
[2023-04-14 22:59:00.  2260: E /samgraph/3rdparty/collcachelib/coll_cache_lib/coll_cache/asymm_link_desc.cc:226] cpu time is 91.25
[2023-04-14 22:59:00.  2285: E /samgraph/3rdparty/collcachelib/coll_cache_lib/facade.cc:425] registering cpu data with 16.00 GB
[2023-04-14 22:59:00.  2302: E /samgraph/3rdparty/collcachelib/coll_cache_lib/coll_cache/asymm_link_desc.cc:207] assigning 10 to cpu
[2023-04-14 22:59:00.  2336: E /samgraph/3rdparty/collcachelib/coll_cache_lib/coll_cache/asymm_link_desc.cc:224] build symm link desc with 8X NVIDIA A100-SXM4-80GB out of 8
[2023-04-14 22:59:00.  2352: E /samgraph/3rdparty/collcachelib/coll_cache_lib/coll_cache/asymm_link_desc.cc:225] remote time is 24.3333
[2023-04-14 22:59:00.  2363: E /samgraph/3rdparty/collcachelib/coll_cache_lib/coll_cache/asymm_link_desc.cc:226] cpu time is 91.25
[2023-04-14 22:59:00.  2389: E /samgraph/3rdparty/collcachelib/coll_cache_lib/facade.cc:425] registering cpu data with 16.00 GB
[2023-04-14 22:59:00.  2809: E /samgraph/3rdparty/collcachelib/coll_cache_lib/coll_cache/asymm_link_desc.cc:207] assigning 10 to cpu
[2023-04-14 22:59:00.  2845: E /samgraph/3rdparty/collcachelib/coll_cache_lib/coll_cache/asymm_link_desc.cc:224] build symm link desc with 8X NVIDIA A100-SXM4-80GB out of 8
[2023-04-14 22:59:00.  2862: E /samgraph/3rdparty/collcachelib/coll_cache_lib/coll_cache/asymm_link_desc.cc:225] remote time is 24.3333
[2023-04-14 22:59:00.  2872: E /samgraph/3rdparty/collcachelib/coll_cache_lib/coll_cache/asymm_link_desc.cc:226] cpu time is 91.25
[2023-04-14 22:59:00.  2897: E /samgraph/3rdparty/collcachelib/coll_cache_lib/facade.cc:425] registering cpu data with 16.00 GB
[2023-04-14 22:59:00.  3044: E /samgraph/3rdparty/collcachelib/coll_cache_lib/coll_cache/asymm_link_desc.cc:207] assigning 10 to cpu
[2023-04-14 22:59:00.  3084: E /samgraph/3rdparty/collcachelib/coll_cache_lib/coll_cache/asymm_link_desc.cc:224] build symm link desc with 8X NVIDIA A100-SXM4-80GB out of 8
[2023-04-14 22:59:00.  3105: E /samgraph/3rdparty/collcachelib/coll_cache_lib/coll_cache/asymm_link_desc.cc:225] remote time is 24.3333
[2023-04-14 22:59:00.  3116: E /samgraph/3rdparty/collcachelib/coll_cache_lib/coll_cache/asymm_link_desc.cc:226] cpu time is 91.25
[2023-04-14 22:59:00.  3142: E /samgraph/3rdparty/collcachelib/coll_cache_lib/facade.cc:425] registering cpu data with 16.00 GB
[2023-04-14 22:59:00.  3311: E /samgraph/3rdparty/collcachelib/coll_cache_lib/coll_cache/asymm_link_desc.cc:207] assigning 10 to cpu
[2023-04-14 22:59:00.  3374: E /samgraph/3rdparty/collcachelib/coll_cache_lib/coll_cache/asymm_link_desc.cc:224] build symm link desc with 8X NVIDIA A100-SXM4-80GB out of 8
[2023-04-14 22:59:00.  3392: E /samgraph/3rdparty/collcachelib/coll_cache_lib/coll_cache/asymm_link_desc.cc:225] remote time is 24.3333
[2023-04-14 22:59:00.  3403: E /samgraph/3rdparty/collcachelib/coll_cache_lib/coll_cache/asymm_link_desc.cc:226] cpu time is 91.25
[2023-04-14 22:59:00.  3428: E /samgraph/3rdparty/collcachelib/coll_cache_lib/facade.cc:425] registering cpu data with 16.00 GB
[2023-04-14 22:59:00.  3515: E /samgraph/3rdparty/collcachelib/coll_cache_lib/coll_cache/asymm_link_desc.cc:207] assigning 10 to cpu
[2023-04-14 22:59:00.  3568: E /samgraph/3rdparty/collcachelib/coll_cache_lib/coll_cache/asymm_link_desc.cc:224] build symm link desc with 8X NVIDIA A100-SXM4-80GB out of 8
[2023-04-14 22:59:00.  3585: E /samgraph/3rdparty/collcachelib/coll_cache_lib/coll_cache/asymm_link_desc.cc:225] remote time is 24.3333
[2023-04-14 22:59:00.  3595: E /samgraph/3rdparty/collcachelib/coll_cache_lib/coll_cache/asymm_link_desc.cc:226] cpu time is 91.25
[2023-04-14 22:59:00.  3621: E /samgraph/3rdparty/collcachelib/coll_cache_lib/facade.cc:425] registering cpu data with 16.00 GB
[2023-04-14 22:59:02.915019: E /samgraph/3rdparty/collcachelib/coll_cache_lib/facade.cc:427] registering cpu data done.
[2023-04-14 22:59:02.915263: E /samgraph/3rdparty/collcachelib/coll_cache_lib/facade.cc:427] registering cpu data done.
[2023-04-14 22:59:02.915554: E /samgraph/3rdparty/collcachelib/coll_cache_lib/facade.cc:427] registering cpu data done.
[2023-04-14 22:59:02.917677: E /samgraph/3rdparty/collcachelib/coll_cache_lib/facade.cc:427] registering cpu data done.
[2023-04-14 22:59:02.918427: E /samgraph/3rdparty/collcachelib/coll_cache_lib/facade.cc:427] registering cpu data done.
[2023-04-14 22:59:02.924842: E /samgraph/3rdparty/collcachelib/coll_cache_lib/facade.cc:427] registering cpu data done.
[2023-04-14 22:59:02.927657: E /samgraph/3rdparty/collcachelib/coll_cache_lib/facade.cc:427] registering cpu data done.
[2023-04-14 22:59:07.951221: E /samgraph/3rdparty/collcachelib/coll_cache_lib/freq_recorder.cc:269] freq recorder global combine from 343535820 to 62138383
[2023-04-14 22:59:08.959781: E /samgraph/3rdparty/collcachelib/coll_cache_lib/freq_recorder.cc:286] top 5 freq is 1944,1930,1898,1892,1890
[2023-04-14 22:59:08.959923: E /samgraph/3rdparty/collcachelib/coll_cache_lib/run_config.cc:141] using concurrent impl MPSPhase
[2023-04-14 22:59:08.959941: E /samgraph/3rdparty/collcachelib/coll_cache_lib/facade.cc:409] before scale, dtype is 0, dim is 256
[2023-04-14 22:59:08.959955: E /samgraph/3rdparty/collcachelib/coll_cache_lib/facade.cc:415] after scale, dtype is 7, new dim is 64
[2023-04-14 22:59:08.961119: E /samgraph/3rdparty/collcachelib/coll_cache_lib/coll_cache/asymm_link_desc.cc:207] assigning 10 to cpu
[2023-04-14 22:59:08.961183: E /samgraph/3rdparty/collcachelib/coll_cache_lib/coll_cache/asymm_link_desc.cc:224] build symm link desc with 8X NVIDIA A100-SXM4-80GB out of 8
[2023-04-14 22:59:08.961213: E /samgraph/3rdparty/collcachelib/coll_cache_lib/coll_cache/asymm_link_desc.cc:225] remote time is 24.3333
[2023-04-14 22:59:08.961243: E /samgraph/3rdparty/collcachelib/coll_cache_lib/coll_cache/asymm_link_desc.cc:226] cpu time is 91.25
[2023-04-14 22:59:08.961282: E /samgraph/3rdparty/collcachelib/coll_cache_lib/facade.cc:425] registering cpu data with 16.00 GB
[2023-04-14 22:59:09.756230: E /samgraph/3rdparty/collcachelib/coll_cache_lib/facade.cc:427] registering cpu data done.
[2023-04-14 22:59:09.756298: E /samgraph/3rdparty/collcachelib/coll_cache_lib/facade.cc:174] creating solver
[2023-04-14 22:59:09.756310: E /samgraph/3rdparty/collcachelib/coll_cache_lib/facade.cc:214] solver created. now build & solve
[2023-04-14 22:59:09.950327: E /samgraph/3rdparty/collcachelib/coll_cache_lib/facade.cc:218] solver built. now solve
[2023-04-14 22:59:09.950411: E /samgraph/3rdparty/collcachelib/coll_cache_lib/coll_cache/optimal_solver_class.cc:1474] num_cached_nodes = 16402091
[2023-04-14 22:59:10. 79945: E /samgraph/3rdparty/collcachelib/coll_cache_lib/facade.cc:222] solver solved
[2023-04-14 22:59:10. 81447: E /samgraph/3rdparty/collcachelib/coll_cache_lib/facade.cc:437] 0 solved master
[2023-04-14 22:59:10. 81475: E /samgraph/3rdparty/collcachelib/coll_cache_lib/facade.cc:444] 0 solved
[2023-04-14 22:59:10. 81489: E /samgraph/3rdparty/collcachelib/coll_cache_lib/facade.cc:447] worker 0 thread 0 initing device 0
[2023-04-14 22:59:10. 82354: E /samgraph/3rdparty/collcachelib/coll_cache_lib/cache_context.cu:2320] Building Coll Cache with ... num gpu device is 8
[2023-04-14 22:59:10. 82422: E /samgraph/3rdparty/collcachelib/coll_cache_lib/cuda/cache_hashtable.cuh:611] per src size local is 18042400
[[2023-04-14 22:59:10. 92009: E 2023-04-14 22:59:10/samgraph/3rdparty/collcachelib/coll_cache_lib/facade.cc.: 92010444: ] E3 solved 
/samgraph/3rdparty/collcachelib/coll_cache_lib/facade.cc:444] 2 solved[
2023-04-14 22:59:10. 92074: E /samgraph/3rdparty/collcachelib/coll_cache_lib/facade.cc[:2023-04-14 22:59:10447.]  92080: Eworker 0 thread 3 initing device 3 
/samgraph/3rdparty/collcachelib/coll_cache_lib/facade.cc:447] worker 0 thread 2 initing device 2
[2023-04-14 22:59:10. 93533: E /samgraph/3rdparty/collcachelib/coll_cache_lib/facade.cc:444] 1 solved
[2023-04-14 22:59:10. 93589: E /samgraph/3rdparty/collcachelib/coll_cache_lib/facade.cc:447] worker 0 thread 1 initing device 1
[2023-04-14 22:59:10. 94027: E /samgraph/3rdparty/collcachelib/coll_cache_lib/cache_context.cu:2320] Building Coll Cache with ... num gpu device is 8
[2023-04-14 22:59:10.100836: E /samgraph/3rdparty/collcachelib/coll_cache_lib/facade.cc:444] 4 solved
[2023-04-14 22:59:10.100880: E /samgraph/3rdparty/collcachelib/coll_cache_lib/facade.cc:447] worker 0 thread 4 initing device 4
[2023-04-14 22:59:10.100979: E /samgraph/3rdparty/collcachelib/coll_cache_lib/cache_context.cu:2320] Building Coll Cache with ... num gpu device is 8
[2023-04-14 22:59:10.100982: E /samgraph/3rdparty/collcachelib/coll_cache_lib/facade.cc:444] 6 solved
[2023-04-14 22:59:10.101035: E /samgraph/3rdparty/collcachelib/coll_cache_lib/facade.cc:447] worker 0 thread 6 initing device 6
[2023-04-14 22:59:10.101200: E /samgraph/3rdparty/collcachelib/coll_cache_lib/cache_context.cu:2320] Building Coll Cache with ... num gpu device is 8
[2023-04-14 22:59:10.101410: E /samgraph/3rdparty/collcachelib/coll_cache_lib/cache_context.cu:2320] Building Coll Cache with ... num gpu device is 8
[2023-04-14 22:59:10.101627: E /samgraph/3rdparty/collcachelib/coll_cache_lib/facade.cc:444] 7 solved
[2023-04-14 22:59:10.101666: E /samgraph/3rdparty/collcachelib/coll_cache_lib/facade.cc:447] worker 0 thread 7 initing device 7
[2023-04-14 22:59:10.101877: E /samgraph/3rdparty/collcachelib/coll_cache_lib/facade.cc:444] 5 solved
[2023-04-14 22:59:10.101909: E /samgraph/3rdparty/collcachelib/coll_cache_lib/facade.cc:447] worker 0 thread 5 initing device 5
[2023-04-14 22:59:10.101993: E /samgraph/3rdparty/collcachelib/coll_cache_lib/cache_context.cu:2320] Building Coll Cache with ... num gpu device is 8
[2023-04-14 22:59:10.102202: E /samgraph/3rdparty/collcachelib/coll_cache_lib/cache_context.cu:2320] Building Coll Cache with ... num gpu device is 8
[2023-04-14 22:59:10.108980: E /samgraph/3rdparty/collcachelib/coll_cache_lib/cache_context.cu:2320] Building Coll Cache with ... num gpu device is 8
[2023-04-14 22:59:10.147497: E /samgraph/3rdparty/collcachelib/coll_cache_lib/common.cc:261] making a tensor with 0 num item
[2023-04-14 22:59:10.147570: E /samgraph/3rdparty/collcachelib/coll_cache_lib/cache_context.cu:2362] num cpu nodes is 49206275
[2023-04-14 22:59:10.147699: E /samgraph/3rdparty/collcachelib/coll_cache_lib/common.cc:261] making a tensor with 0 num item
[2023-04-14 22:59:10.147729: E /samgraph/3rdparty/collcachelib/coll_cache_lib/cache_context.cu:2362] num cpu nodes is 49206275
[2023-04-14 22:59:10.155475: E /samgraph/3rdparty/collcachelib/coll_cache_lib/common.cc:261] making a tensor with 0 num item
[2023-04-14 22:59:10.155526: E /samgraph/3rdparty/collcachelib/coll_cache_lib/cache_context.cu:2362] num cpu nodes is 49206275
[2023-04-14 22:59:10.155765: E /samgraph/3rdparty/collcachelib/coll_cache_lib/common.cc:261] making a tensor with 0 num item
[2023-04-14 22:59:10.155818: E /samgraph/3rdparty/collcachelib/coll_cache_lib/cache_context.cu:2362] num cpu nodes is 49206275
[2023-04-14 22:59:10.155829: E /samgraph/3rdparty/collcachelib/coll_cache_lib/common.cc:261] making a tensor with 0 num item
[2023-04-14 22:59:10.155862: E /samgraph/3rdparty/collcachelib/coll_cache_lib/cache_context.cu:2362] num cpu nodes is 49206275
[2023-04-14 22:59:10.162838: E /samgraph/3rdparty/collcachelib/coll_cache_lib/common.cc:261] making a tensor with 0 num item
[2023-04-14 22:59:10.162875: E /samgraph/3rdparty/collcachelib/coll_cache_lib/cache_context.cu:2362] num cpu nodes is 49206275
[2023-04-14 22:59:10.165490: E /samgraph/3rdparty/collcachelib/coll_cache_lib/common.cc:261] making a tensor with 0 num item
[2023-04-14 22:59:10.165530: E /samgraph/3rdparty/collcachelib/coll_cache_lib/cache_context.cu:2362] num cpu nodes is 49206275
[2023-04-14 22:59:10.168882: E /samgraph/3rdparty/collcachelib/coll_cache_lib/common.cc:261] making a tensor with 0 num item
[2023-04-14 22:59:10.168918: E /samgraph/3rdparty/collcachelib/coll_cache_lib/cache_context.cu:2362] num cpu nodes is 49206275
[2023-04-14 22:59:11.582616: E /samgraph/3rdparty/collcachelib/coll_cache_lib/cuda/cache_hashtable.cu:355] create a hashtable with 16402091 possible elem, scale to 33554432
[2023-04-14 22:59:11.582675: E /samgraph/3rdparty/collcachelib/coll_cache_lib/cuda/cache_hashtable.cu:360] SimpleHashTable allocating 256.00 MB
[2023-04-14 22:59:11.583449: E /samgraph/3rdparty/collcachelib/coll_cache_lib/cuda/cache_hashtable.cu:355] create a hashtable with 16402091 possible elem, scale to 33554432
[2023-04-14 22:59:11.583504: E /samgraph/3rdparty/collcachelib/coll_cache_lib/cuda/cache_hashtable.cu:360] SimpleHashTable allocating 256.00 MB
[2023-04-14 22:59:11.585716: E /samgraph/3rdparty/collcachelib/coll_cache_lib/cuda/cache_hashtable.cu:355] create a hashtable with 16402091 possible elem, scale to 33554432
[2023-04-14 22:59:11.585764: E /samgraph/3rdparty/collcachelib/coll_cache_lib/cuda/cache_hashtable.cu:360] SimpleHashTable allocating 256.00 MB
[2023-04-14 22:59:11.586596: E /samgraph/3rdparty/collcachelib/coll_cache_lib/cuda/cache_hashtable.cu:355] create a hashtable with 16402091 possible elem, scale to 33554432
[2023-04-14 22:59:11.586643: E /samgraph/3rdparty/collcachelib/coll_cache_lib/cuda/cache_hashtable.cu:360] SimpleHashTable allocating 256.00 MB
[2023-04-14 22:59:11.587150: E /samgraph/3rdparty/collcachelib/coll_cache_lib/cuda/cache_hashtable.cu:355] create a hashtable with 16402091 possible elem, scale to 33554432
[2023-04-14 22:59:11.587191: E /samgraph/3rdparty/collcachelib/coll_cache_lib/cuda/cache_hashtable.cu:360] SimpleHashTable allocating 256.00 MB
[2023-04-14 22:59:11.587507: E /samgraph/3rdparty/collcachelib/coll_cache_lib/cuda/cache_hashtable.cu:355] create a hashtable with 16402091 possible elem, scale to 33554432
[2023-04-14 22:59:11.587543: E /samgraph/3rdparty/collcachelib/coll_cache_lib/cuda/cache_hashtable.cu:360] SimpleHashTable allocating 256.00 MB
[2023-04-14 22:59:11.587677: E /samgraph/3rdparty/collcachelib/coll_cache_lib/cuda/cache_hashtable.cu:355] create a hashtable with 16402091 possible elem, scale to 33554432
[2023-04-14 22:59:11.587706: E /samgraph/3rdparty/collcachelib/coll_cache_lib/cuda/cache_hashtable.cu:360] SimpleHashTable allocating 256.00 MB
[2023-04-14 22:59:11.588111: E /samgraph/3rdparty/collcachelib/coll_cache_lib/cuda/cache_hashtable.cu:355] create a hashtable with 16402091 possible elem, scale to 33554432
[2023-04-14 22:59:11.588151: E /samgraph/3rdparty/collcachelib/coll_cache_lib/cuda/cache_hashtable.cu:360] SimpleHashTable allocating 256.00 MB
[2023-04-14 22:59:11.619952: E /samgraph/3rdparty/collcachelib/coll_cache_lib/common.cc:107] too many mem allocated for forcescale?16467699->65608
[2023-04-14 22:59:11.620137: E /samgraph/3rdparty/collcachelib/coll_cache_lib/common.cc:107] too many mem allocated for forcescale?16467699->65608
[2023-04-14 22:59:11.620320: E /samgraph/3rdparty/collcachelib/coll_cache_lib/common.cc:107] too many mem allocated for forcescale?16467699->65608
[2023-04-14 22:59:11.620488: E /samgraph/3rdparty/collcachelib/coll_cache_lib/common.cc:107] too many mem allocated for forcescale?16467699->65608
[2023-04-14 22:59:11.620642: E /samgraph/3rdparty/collcachelib/coll_cache_lib/common.cc:107] too many mem allocated for forcescale?16467699->65608
[2023-04-14 22:59:11.620823: E /samgraph/3rdparty/collcachelib/coll_cache_lib/common.cc:107] too many mem allocated for forcescale?16467699->65608
[2023-04-14 22:59:11.621047: E /samgraph/3rdparty/collcachelib/coll_cache_lib/common.cc:107] too many mem allocated for forcescale?16467699->65608
[2023-04-14 22:59:11.621182: E /samgraph/3rdparty/collcachelib/coll_cache_lib/common.cc:107] too many mem allocated for forcescale?16467699->65608
[2023-04-14 22:59:11.651972: E /samgraph/3rdparty/collcachelib/coll_cache_lib/cache_context.cu:2439] Asymm Coll cache (policy: rep_cache) | local 16402091 / 65608366 nodes ( 25.00 %~25.00 %) | remote 0 / 65608366 nodes ( 0.00 %) | cpu 49206275 / 65608366 nodes ( 75.00 %) | 15.70 GB | 1.55076 secs 
[2023-04-14 22:59:11.652990: E /samgraph/3rdparty/collcachelib/coll_cache_lib/cache_context.cu:2439] Asymm Coll cache (policy: rep_cache) | local 16402091 / 65608366 nodes ( 25.00 %~25.00 %) | remote 0 / 65608366 nodes ( 0.00 %) | cpu 49206275 / 65608366 nodes ( 75.00 %) | 15.70 GB | 1.54395 secs 
[2023-04-14 22:59:11.656482: E /samgraph/3rdparty/collcachelib/coll_cache_lib/cache_context.cu:2439] Asymm Coll cache (policy: rep_cache) | local 16402091 / 65608366 nodes ( 25.00 %~25.00 %) | remote 0 / 65608366 nodes ( 0.00 %) | cpu 49206275 / 65608366 nodes ( 75.00 %) | 15.70 GB | 1.55548 secs 
[2023-04-14 22:59:11.656757: E /samgraph/3rdparty/collcachelib/coll_cache_lib/cache_context.cu:2439] Asymm Coll cache (policy: rep_cache) | local 16402091 / 65608366 nodes ( 25.00 %~25.00 %) | remote 0 / 65608366 nodes ( 0.00 %) | cpu 49206275 / 65608366 nodes ( 75.00 %) | 15.70 GB | 1.55453 secs 
[2023-04-14 22:59:11.661053: E /samgraph/3rdparty/collcachelib/coll_cache_lib/cache_context.cu:2439] Asymm Coll cache (policy: rep_cache) | local 16402091 / 65608366 nodes ( 25.00 %~25.00 %) | remote 0 / 65608366 nodes ( 0.00 %) | cpu 49206275 / 65608366 nodes ( 75.00 %) | 15.70 GB | 1.56701 secs 
[2023-04-14 22:59:11.661909: E /samgraph/3rdparty/collcachelib/coll_cache_lib/cache_context.cu:2439] Asymm Coll cache (policy: rep_cache) | local 16402091 / 65608366 nodes ( 25.00 %~25.00 %) | remote 0 / 65608366 nodes ( 0.00 %) | cpu 49206275 / 65608366 nodes ( 75.00 %) | 15.70 GB | 1.57954 secs 
[2023-04-14 22:59:11.662269: E /samgraph/3rdparty/collcachelib/coll_cache_lib/cache_context.cu:2439] Asymm Coll cache (policy: rep_cache) | local 16402091 / 65608366 nodes ( 25.00 %~25.00 %) | remote 0 / 65608366 nodes ( 0.00 %) | cpu 49206275 / 65608366 nodes ( 75.00 %) | 15.70 GB | 1.56084 secs 
[2023-04-14 22:59:11.667298: E /samgraph/3rdparty/collcachelib/coll_cache_lib/cache_context.cu:2439] Asymm Coll cache (policy: rep_cache) | local 16402091 / 65608366 nodes ( 25.00 %~25.00 %) | remote 0 / 65608366 nodes ( 0.00 %) | cpu 49206275 / 65608366 nodes ( 75.00 %) | 15.70 GB | 1.56529 secs 
[2023-04-14 22:59:11.668118: W /samgraph/3rdparty/collcachelib/coll_cache_lib/cache_context.cu:3958] before create ctx, mem is 22.52 GB
[2023-04-14 22:59:11.671785: W /samgraph/3rdparty/collcachelib/coll_cache_lib/cache_context.cu:3958] before create ctx, mem is 22.52 GB
[2023-04-14 22:59:11.672405: W /samgraph/3rdparty/collcachelib/coll_cache_lib/cache_context.cu:3958] before create ctx, mem is 22.52 GB
[2023-04-14 22:59:11.673616: W /samgraph/3rdparty/collcachelib/coll_cache_lib/cache_context.cu:3958] before create ctx, mem is 22.52 GB
[2023-04-14 22:59:11.674186: W /samgraph/3rdparty/collcachelib/coll_cache_lib/cache_context.cu:3958] before create ctx, mem is 22.52 GB
[2023-04-14 22:59:11.676344: W /samgraph/3rdparty/collcachelib/coll_cache_lib/cache_context.cu:3958] before create ctx, mem is 22.52 GB
[2023-04-14 22:59:11.677717: W /samgraph/3rdparty/collcachelib/coll_cache_lib/cache_context.cu:3958] before create ctx, mem is 22.52 GB
[2023-04-14 22:59:11.678266: W /samgraph/3rdparty/collcachelib/coll_cache_lib/cache_context.cu:3958] before create ctx, mem is 22.52 GB
[2023-04-14 22:59:21.881703: W /samgraph/3rdparty/collcachelib/coll_cache_lib/cache_context.cu:3958] after create ctx, mem is 24.91 GB
[2023-04-14 22:59:21.882070: W /samgraph/3rdparty/collcachelib/coll_cache_lib/cache_context.cu:3958] after create stream, mem is 24.91 GB
[2023-04-14 22:59:22.320256: W /samgraph/3rdparty/collcachelib/coll_cache_lib/cache_context.cu:3958] after create ctx, mem is 25.12 GB
[2023-04-14 22:59:22.320347: W /samgraph/3rdparty/collcachelib/coll_cache_lib/cache_context.cu:3958] after create stream, mem is 25.12 GB
[2023-04-14 22:59:22.507301: W /samgraph/3rdparty/collcachelib/coll_cache_lib/cache_context.cu:3958] after create ctx, mem is 25.20 GB
[2023-04-14 22:59:22.507390: W /samgraph/3rdparty/collcachelib/coll_cache_lib/cache_context.cu:3958] after create stream, mem is 25.20 GB
[2023-04-14 22:59:22.644637: W /samgraph/3rdparty/collcachelib/coll_cache_lib/cache_context.cu:3958] after create ctx, mem is 25.26 GB
[2023-04-14 22:59:22.645343: W /samgraph/3rdparty/collcachelib/coll_cache_lib/cache_context.cu:3958] after create stream, mem is 25.26 GB
[2023-04-14 22:59:22.878630: W /samgraph/3rdparty/collcachelib/coll_cache_lib/cache_context.cu:3958] after create ctx, mem is 25.36 GB
[2023-04-14 22:59:22.879018: W /samgraph/3rdparty/collcachelib/coll_cache_lib/cache_context.cu:3958] after create stream, mem is 25.36 GB
[2023-04-14 22:59:23.  9679: W /samgraph/3rdparty/collcachelib/coll_cache_lib/cache_context.cu:3958] after create ctx, mem is 25.42 GB
[2023-04-14 22:59:23. 10099: W /samgraph/3rdparty/collcachelib/coll_cache_lib/cache_context.cu:3958] after create stream, mem is 25.42 GB
[2023-04-14 22:59:23.239870: W /samgraph/3rdparty/collcachelib/coll_cache_lib/cache_context.cu:3958] after create ctx, mem is 25.52 GB
[2023-04-14 22:59:23.239949: W /samgraph/3rdparty/collcachelib/coll_cache_lib/cache_context.cu:3958] after create stream, mem is 25.52 GB
[2023-04-14 22:59:23.395647: W /samgraph/3rdparty/collcachelib/coll_cache_lib/cache_context.cu:3958] after create ctx, mem is 25.59 GB
[2023-04-14 22:59:23.395747: W /samgraph/3rdparty/collcachelib/coll_cache_lib/cache_context.cu:3958] after create stream, mem is 25.59 GB
/usr/local/lib/python3.8/dist-packages/torch/nn/parallel/scatter_gather.py:9: UserWarning: is_namedtuple is deprecated, please use the python checks instead
  warnings.warn("is_namedtuple is deprecated, please use the python checks instead")
/usr/local/lib/python3.8/dist-packages/torch/nn/parallel/scatter_gather.py:9: UserWarning: is_namedtuple is deprecated, please use the python checks instead
  warnings.warn("is_namedtuple is deprecated, please use the python checks instead")
/usr/local/lib/python3.8/dist-packages/torch/nn/parallel/scatter_gather.py:9: UserWarning: is_namedtuple is deprecated, please use the python checks instead
  warnings.warn("is_namedtuple is deprecated, please use the python checks instead")
/usr/local/lib/python3.8/dist-packages/torch/nn/parallel/scatter_gather.py:9: UserWarning: is_namedtuple is deprecated, please use the python checks instead
  warnings.warn("is_namedtuple is deprecated, please use the python checks instead")
/usr/local/lib/python3.8/dist-packages/torch/nn/parallel/scatter_gather.py:9: UserWarning: is_namedtuple is deprecated, please use the python checks instead
  warnings.warn("is_namedtuple is deprecated, please use the python checks instead")
/usr/local/lib/python3.8/dist-packages/torch/nn/parallel/scatter_gather.py:9: UserWarning: is_namedtuple is deprecated, please use the python checks instead
  warnings.warn("is_namedtuple is deprecated, please use the python checks instead")
/usr/local/lib/python3.8/dist-packages/torch/nn/parallel/scatter_gather.py:9: UserWarning: is_namedtuple is deprecated, please use the python checks instead
  warnings.warn("is_namedtuple is deprecated, please use the python checks instead")
/usr/local/lib/python3.8/dist-packages/torch/nn/parallel/scatter_gather.py:9: UserWarning: is_namedtuple is deprecated, please use the python checks instead
  warnings.warn("is_namedtuple is deprecated, please use the python checks instead")
