succeed=True
[CUDA] cuda: usage: 6.48 GB
0 :  {link #0 : 1}, {link #1 : 2}, {link #2 : 3}, {link #3 : 4}, {link #4 : 5}, {link #5 : 6}, {link #6 : 7},
1 :  {link #0 : 2}, {link #1 : 3}, {link #2 : 4}, {link #3 : 5}, {link #4 : 6}, {link #5 : 7}, {link #6 : 0},
2 :  {link #0 : 3}, {link #1 : 4}, {link #2 : 5}, {link #3 : 6}, {link #4 : 7}, {link #5 : 0}, {link #6 : 1},
3 :  {link #0 : 4}, {link #1 : 5}, {link #2 : 6}, {link #3 : 7}, {link #4 : 0}, {link #5 : 1}, {link #6 : 2},
4 :  {link #0 : 5}, {link #1 : 6}, {link #2 : 7}, {link #3 : 0}, {link #4 : 1}, {link #5 : 2}, {link #6 : 3},
5 :  {link #0 : 6}, {link #1 : 7}, {link #2 : 0}, {link #3 : 1}, {link #4 : 2}, {link #5 : 3}, {link #6 : 4},
6 :  {link #0 : 7}, {link #1 : 0}, {link #2 : 1}, {link #3 : 2}, {link #4 : 3}, {link #5 : 4}, {link #6 : 5},
7 :  {link #0 : 0}, {link #1 : 1}, {link #2 : 2}, {link #3 : 3}, {link #4 : 4}, {link #5 : 5}, {link #6 : 6},
0 : local 108, cpu 0 {link #0 : g1 0}, {link #1 : g2 0}, {link #2 : g3 0}, {link #3 : g4 0}, {link #4 : g5 0}, {link #5 : g6 0}, {link #6 : g7 0},
1 : local 108, cpu 0 {link #0 : g2 0}, {link #1 : g3 0}, {link #2 : g4 0}, {link #3 : g5 0}, {link #4 : g6 0}, {link #5 : g7 0}, {link #6 : g0 0},
2 : local 108, cpu 0 {link #0 : g3 0}, {link #1 : g4 0}, {link #2 : g5 0}, {link #3 : g6 0}, {link #4 : g7 0}, {link #5 : g0 0}, {link #6 : g1 0},
3 : local 108, cpu 0 {link #0 : g4 0}, {link #1 : g5 0}, {link #2 : g6 0}, {link #3 : g7 0}, {link #4 : g0 0}, {link #5 : g1 0}, {link #6 : g2 0},
4 : local 108, cpu 0 {link #0 : g5 0}, {link #1 : g6 0}, {link #2 : g7 0}, {link #3 : g0 0}, {link #4 : g1 0}, {link #5 : g2 0}, {link #6 : g3 0},
5 : local 108, cpu 0 {link #0 : g6 0}, {link #1 : g7 0}, {link #2 : g0 0}, {link #3 : g1 0}, {link #4 : g2 0}, {link #5 : g3 0}, {link #6 : g4 0},
6 : local 108, cpu 0 {link #0 : g7 0}, {link #1 : g0 0}, {link #2 : g1 0}, {link #3 : g2 0}, {link #4 : g3 0}, {link #5 : g4 0}, {link #6 : g5 0},
7 : local 108, cpu 0 {link #0 : g0 0}, {link #1 : g1 0}, {link #2 : g2 0}, {link #3 : g3 0}, {link #4 : g4 0}, {link #5 : g5 0}, {link #6 : g6 0},
0 :  {link #0 : 1}, {link #1 : 2}, {link #2 : 3}, {link #3 : 4}, {link #4 : 5}, {link #5 : 6}, {link #6 : 7},
1 :  {link #0 : 2}, {link #1 : 3}, {link #2 : 4}, {link #3 : 5}, {link #4 : 6}, {link #5 : 7}, {link #6 : 0},
2 :  {link #0 : 3}, {link #1 : 4}, {link #2 : 5}, {link #3 : 6}, {link #4 : 7}, {link #5 : 0}, {link #6 : 1},
3 :  {link #0 : 4}, {link #1 : 5}, {link #2 : 6}, {link #3 : 7}, {link #4 : 0}, {link #5 : 1}, {link #6 : 2},
4 :  {link #0 : 5}, {link #1 : 6}, {link #2 : 7}, {link #3 : 0}, {link #4 : 1}, {link #5 : 2}, {link #6 : 3},
5 :  {link #0 : 6}, {link #1 : 7}, {link #2 : 0}, {link #3 : 1}, {link #4 : 2}, {link #5 : 3}, {link #6 : 4},
6 :  {link #0 : 7}, {link #1 : 0}, {link #2 : 1}, {link #3 : 2}, {link #4 : 3}, {link #5 : 4}, {link #6 : 5},
7 :  {link #0 : 0}, {link #1 : 1}, {link #2 : 2}, {link #3 : 3}, {link #4 : 4}, {link #5 : 5}, {link #6 : 6},
0 : local 108, cpu 0 {link #0 : g1 0}, {link #1 : g2 0}, {link #2 : g3 0}, {link #3 : g4 0}, {link #4 : g5 0}, {link #5 : g6 0}, {link #6 : g7 0},
1 : local 108, cpu 0 {link #0 : g2 0}, {link #1 : g3 0}, {link #2 : g4 0}, {link #3 : g5 0}, {link #4 : g6 0}, {link #5 : g7 0}, {link #6 : g0 0},
2 : local 108, cpu 0 {link #0 : g3 0}, {link #1 : g4 0}, {link #2 : g5 0}, {link #3 : g6 0}, {link #4 : g7 0}, {link #5 : g0 0}, {link #6 : g1 0},
3 : local 108, cpu 0 {link #0 : g4 0}, {link #1 : g5 0}, {link #2 : g6 0}, {link #3 : g7 0}, {link #4 : g0 0}, {link #5 : g1 0}, {link #6 : g2 0},
4 : local 108, cpu 0 {link #0 : g5 0}, {link #1 : g6 0}, {link #2 : g7 0}, {link #3 : g0 0}, {link #4 : g1 0}, {link #5 : g2 0}, {link #6 : g3 0},
5 : local 108, cpu 0 {link #0 : g6 0}, {link #1 : g7 0}, {link #2 : g0 0}, {link #3 : g1 0}, {link #4 : g2 0}, {link #5 : g3 0}, {link #6 : g4 0},
6 : local 108, cpu 0 {link #0 : g7 0}, {link #1 : g0 0}, {link #2 : g1 0}, {link #3 : g2 0}, {link #4 : g3 0}, {link #5 : g4 0}, {link #6 : g5 0},
7 : local 108, cpu 0 {link #0 : g0 0}, {link #1 : g1 0}, {link #2 : g2 0}, {link #3 : g3 0}, {link #4 : g4 0}, {link #5 : g5 0}, {link #6 : g6 0},
0 :  {link #0 : 1}, {link #1 : 2}, {link #2 : 3}, {link #3 : 4}, {link #4 : 5}, {link #5 : 6}, {link #6 : 7},
1 :  {link #0 : 2}, {link #1 : 3}, {link #2 : 4}, {link #3 : 5}, {link #4 : 6}, {link #5 : 7}, {link #6 : 0},
2 :  {link #0 : 3}, {link #1 : 4}, {link #2 : 5}, {link #3 : 6}, {link #4 : 7}, {link #5 : 0}, {link #6 : 1},
3 :  {link #0 : 4}, {link #1 : 5}, {link #2 : 6}, {link #3 : 7}, {link #4 : 0}, {link #5 : 1}, {link #6 : 2},
4 :  {link #0 : 5}, {link #1 : 6}, {link #2 : 7}, {link #3 : 0}, {link #4 : 1}, {link #5 : 2}, {link #6 : 3},
5 :  {link #0 : 6}, {link #1 : 7}, {link #2 : 0}, {link #3 : 1}, {link #4 : 2}, {link #5 : 3}, {link #6 : 4},
6 :  {link #0 : 7}, {link #1 : 0}, {link #2 : 1}, {link #3 : 2}, {link #4 : 3}, {link #5 : 4}, {link #6 : 5},
7 :  {link #0 : 0}, {link #1 : 1}, {link #2 : 2}, {link #3 : 3}, {link #4 : 4}, {link #5 : 5}, {link #6 : 6},
0 : local 108, cpu 0 {link #0 : g1 0}, {link #1 : g2 0}, {link #2 : g3 0}, {link #3 : g4 0}, {link #4 : g5 0}, {link #5 : g6 0}, {link #6 : g7 0},
1 : local 108, cpu 0 {link #0 : g2 0}, {link #1 : g3 0}, {link #2 : g4 0}, {link #3 : g5 0}, {link #4 : g6 0}, {link #5 : g7 0}, {link #6 : g0 0},
2 : local 108, cpu 0 {link #0 : g3 0}, {link #1 : g4 0}, {link #2 : g5 0}, {link #3 : g6 0}, {link #4 : g7 0}, {link #5 : g0 0}, {link #6 : g1 0},
3 : local 108, cpu 0 {link #0 : g4 0}, {link #1 : g5 0}, {link #2 : g6 0}, {link #3 : g7 0}, {link #4 : g0 0}, {link #5 : g1 0}, {link #6 : g2 0},
4 : local 108, cpu 0 {link #0 : g5 0}, {link #1 : g6 0}, {link #2 : g7 0}, {link #3 : g0 0}, {link #4 : g1 0}, {link #5 : g2 0}, {link #6 : g3 0},
5 : local 108, cpu 0 {link #0 : g6 0}, {link #1 : g7 0}, {link #2 : g0 0}, {link #3 : g1 0}, {link #4 : g2 0}, {link #5 : g3 0}, {link #6 : g4 0},
6 : local 108, cpu 0 {link #0 : g7 0}, {link #1 : g0 0}, {link #2 : g1 0}, {link #3 : g2 0}, {link #4 : g3 0}, {link #5 : g4 0}, {link #6 : g5 0},
7 : local 108, cpu 0 {link #0 : g0 0}, {link #1 : g1 0}, {link #2 : g2 0}, {link #3 : g3 0}, {link #4 : g4 0}, {link #5 : g5 0}, {link #6 : g6 0},
0 :  {link #0 : 1}, {link #1 : 2}, {link #2 : 3}, {link #3 : 4}, {link #4 : 5}, {link #5 : 6}, {link #6 : 7},
1 :  {link #0 : 2}, {link #1 : 3}, {link #2 : 4}, {link #3 : 5}, {link #4 : 6}, {link #5 : 7}, {link #6 : 0},
2 :  {link #0 : 3}, {link #1 : 4}, {link #2 : 5}, {link #3 : 6}, {link #4 : 7}, {link #5 : 0}, {link #6 : 1},
3 :  {link #0 : 4}, {link #1 : 5}, {link #2 : 6}, {link #3 : 7}, {link #4 : 0}, {link #5 : 1}, {link #6 : 2},
4 :  {link #0 : 5}, {link #1 : 6}, {link #2 : 7}, {link #3 : 0}, {link #4 : 1}, {link #5 : 2}, {link #6 : 3},
5 :  {link #0 : 6}, {link #1 : 7}, {link #2 : 0}, {link #3 : 1}, {link #4 : 2}, {link #5 : 3}, {link #6 : 4},
6 :  {link #0 : 7}, {link #1 : 0}, {link #2 : 1}, {link #3 : 2}, {link #4 : 3}, {link #5 : 4}, {link #6 : 5},
7 :  {link #0 : 0}, {link #1 : 1}, {link #2 : 2}, {link #3 : 3}, {link #4 : 4}, {link #5 : 5}, {link #6 : 6},
0 : local 108, cpu 0 {link #0 : g1 0}, {link #1 : g2 0}, {link #2 : g3 0}, {link #3 : g4 0}, {link #4 : g5 0}, {link #5 : g6 0}, {link #6 : g7 0},
1 : local 108, cpu 0 {link #0 : g2 0}, {link #1 : g3 0}, {link #2 : g4 0}, {link #3 : g5 0}, {link #4 : g6 0}, {link #5 : g7 0}, {link #6 : g0 0},
2 : local 108, cpu 0 {link #0 : g3 0}, {link #1 : g4 0}, {link #2 : g5 0}, {link #3 : g6 0}, {link #4 : g7 0}, {link #5 : g0 0}, {link #6 : g1 0},
3 : local 108, cpu 0 {link #0 : g4 0}, {link #1 : g5 0}, {link #2 : g6 0}, {link #3 : g7 0}, {link #4 : g0 0}, {link #5 : g1 0}, {link #6 : g2 0},
4 : local 108, cpu 0 {link #0 : g5 0}, {link #1 : g6 0}, {link #2 : g7 0}, {link #3 : g0 0}, {link #4 : g1 0}, {link #5 : g2 0}, {link #6 : g3 0},
5 : local 108, cpu 0 {link #0 : g6 0}, {link #1 : g7 0}, {link #2 : g0 0}, {link #3 : g1 0}, {link #4 : g2 0}, {link #5 : g3 0}, {link #6 : g4 0},
6 : local 108, cpu 0 {link #0 : g7 0}, {link #1 : g0 0}, {link #2 : g1 0}, {link #3 : g2 0}, {link #4 : g3 0}, {link #5 : g4 0}, {link #6 : g5 0},
7 : local 108, cpu 0 {link #0 : g0 0}, {link #1 : g1 0}, {link #2 : g2 0}, {link #3 : g3 0}, {link #4 : g4 0}, {link #5 : g5 0}, {link #6 : g6 0},
0 :  {link #0 : 1}, {link #1 : 2}, {link #2 : 3}, {link #3 : 4}, {link #4 : 5}, {link #5 : 6}, {link #6 : 7},
1 :  {link #0 : 2}, {link #1 : 3}, {link #2 : 4}, {link #3 : 5}, {link #4 : 6}, {link #5 : 7}, {link #6 : 0},
2 :  {link #0 : 3}, {link #1 : 4}, {link #2 : 5}, {link #3 : 6}, {link #4 : 7}, {link #5 : 0}, {link #6 : 1},
3 :  {link #0 : 4}, {link #1 : 5}, {link #2 : 6}, {link #3 : 7}, {link #4 : 0}, {link #5 : 1}, {link #6 : 2},
4 :  {link #0 : 5}, {link #1 : 6}, {link #2 : 7}, {link #3 : 0}, {link #4 : 1}, {link #5 : 2}, {link #6 : 3},
5 :  {link #0 : 6}, {link #1 : 7}, {link #2 : 0}, {link #3 : 1}, {link #4 : 2}, {link #5 : 3}, {link #6 : 4},
6 :  {link #0 : 7}, {link #1 : 0}, {link #2 : 1}, {link #3 : 2}, {link #4 : 3}, {link #5 : 4}, {link #6 : 5},
7 :  {link #0 : 0}, {link #1 : 1}, {link #2 : 2}, {link #3 : 3}, {link #4 : 4}, {link #5 : 5}, {link #6 : 6},
0 : local 108, cpu 0 {link #0 : g1 0}, {link #1 : g2 0}, {link #2 : g3 0}, {link #3 : g4 0}, {link #4 : g5 0}, {link #5 : g6 0}, {link #6 : g7 0},
1 : local 108, cpu 0 {link #0 : g2 0}, {link #1 : g3 0}, {link #2 : g4 0}, {link #3 : g5 0}, {link #4 : g6 0}, {link #5 : g7 0}, {link #6 : g0 0},
2 : local 108, cpu 0 {link #0 : g3 0}, {link #1 : g4 0}, {link #2 : g5 0}, {link #3 : g6 0}, {link #4 : g7 0}, {link #5 : g0 0}, {link #6 : g1 0},
3 : local 108, cpu 0 {link #0 : g4 0}, {link #1 : g5 0}, {link #2 : g6 0}, {link #3 : g7 0}, {link #4 : g0 0}, {link #5 : g1 0}, {link #6 : g2 0},
4 : local 108, cpu 0 {link #0 : g5 0}, {link #1 : g6 0}, {link #2 : g7 0}, {link #3 : g0 0}, {link #4 : g1 0}, {link #5 : g2 0}, {link #6 : g3 0},
5 : local 108, cpu 0 {link #0 : g6 0}, {link #1 : g7 0}, {link #2 : g0 0}, {link #3 : g1 0}, {link #4 : g2 0}, {link #5 : g3 0}, {link #6 : g4 0},
6 : local 108, cpu 0 {link #0 : g7 0}, {link #1 : g0 0}, {link #2 : g1 0}, {link #3 : g2 0}, {link #4 : g3 0}, {link #5 : g4 0}, {link #6 : g5 0},
7 : local 108, cpu 0 {link #0 : g0 0}, {link #1 : g1 0}, {link #2 : g2 0}, {link #3 : g3 0}, {link #4 : g4 0}, {link #5 : g5 0}, {link #6 : g6 0},
0 :  {link #0 : 1}, {link #1 : 2}, {link #2 : 3}, {link #3 : 4}, {link #4 : 5}, {link #5 : 6}, {link #6 : 7},
1 :  {link #0 : 2}, {link #1 : 3}, {link #2 : 4}, {link #3 : 5}, {link #4 : 6}, {link #5 : 7}, {link #6 : 0},
2 :  {link #0 : 3}, {link #1 : 4}, {link #2 : 5}, {link #3 : 6}, {link #4 : 7}, {link #5 : 0}, {link #6 : 1},
3 :  {link #0 : 4}, {link #1 : 5}, {link #2 : 6}, {link #3 : 7}, {link #4 : 0}, {link #5 : 1}, {link #6 : 2},
4 :  {link #0 : 5}, {link #1 : 6}, {link #2 : 7}, {link #3 : 0}, {link #4 : 1}, {link #5 : 2}, {link #6 : 3},
5 :  {link #0 : 6}, {link #1 : 7}, {link #2 : 0}, {link #3 : 1}, {link #4 : 2}, {link #5 : 3}, {link #6 : 4},
6 :  {link #0 : 7}, {link #1 : 0}, {link #2 : 1}, {link #3 : 2}, {link #4 : 3}, {link #5 : 4}, {link #6 : 5},
7 :  {link #0 : 0}, {link #1 : 1}, {link #2 : 2}, {link #3 : 3}, {link #4 : 4}, {link #5 : 5}, {link #6 : 6},
0 : local 108, cpu 0 {link #0 : g1 0}, {link #1 : g2 0}, {link #2 : g3 0}, {link #3 : g4 0}, {link #4 : g5 0}, {link #5 : g6 0}, {link #6 : g7 0},
1 : local 108, cpu 0 {link #0 : g2 0}, {link #1 : g3 0}, {link #2 : g4 0}, {link #3 : g5 0}, {link #4 : g6 0}, {link #5 : g7 0}, {link #6 : g0 0},
2 : local 108, cpu 0 {link #0 : g3 0}, {link #1 : g4 0}, {link #2 : g5 0}, {link #3 : g6 0}, {link #4 : g7 0}, {link #5 : g0 0}, {link #6 : g1 0},
3 : local 108, cpu 0 {link #0 : g4 0}, {link #1 : g5 0}, {link #2 : g6 0}, {link #3 : g7 0}, {link #4 : g0 0}, {link #5 : g1 0}, {link #6 : g2 0},
4 : local 108, cpu 0 {link #0 : g5 0}, {link #1 : g6 0}, {link #2 : g7 0}, {link #3 : g0 0}, {link #4 : g1 0}, {link #5 : g2 0}, {link #6 : g3 0},
5 : local 108, cpu 0 {link #0 : g6 0}, {link #1 : g7 0}, {link #2 : g0 0}, {link #3 : g1 0}, {link #4 : g2 0}, {link #5 : g3 0}, {link #6 : g4 0},
6 : local 108, cpu 0 {link #0 : g7 0}, {link #1 : g0 0}, {link #2 : g1 0}, {link #3 : g2 0}, {link #4 : g3 0}, {link #5 : g4 0}, {link #6 : g5 0},
7 : local 108, cpu 0 {link #0 : g0 0}, {link #1 : g1 0}, {link #2 : g2 0}, {link #3 : g3 0}, {link #4 : g4 0}, {link #5 : g5 0}, {link #6 : g6 0},
0 :  {link #0 : 1}, {link #1 : 2}, {link #2 : 3}, {link #3 : 4}, {link #4 : 5}, {link #5 : 6}, {link #6 : 7},
1 :  {link #0 : 2}, {link #1 : 3}, {link #2 : 4}, {link #3 : 5}, {link #4 : 6}, {link #5 : 7}, {link #6 : 0},
2 :  {link #0 : 3}, {link #1 : 4}, {link #2 : 5}, {link #3 : 6}, {link #4 : 7}, {link #5 : 0}, {link #6 : 1},
3 :  {link #0 : 4}, {link #1 : 5}, {link #2 : 6}, {link #3 : 7}, {link #4 : 0}, {link #5 : 1}, {link #6 : 2},
4 :  {link #0 : 5}, {link #1 : 6}, {link #2 : 7}, {link #3 : 0}, {link #4 : 1}, {link #5 : 2}, {link #6 : 3},
5 :  {link #0 : 6}, {link #1 : 7}, {link #2 : 0}, {link #3 : 1}, {link #4 : 2}, {link #5 : 3}, {link #6 : 4},
6 :  {link #0 : 7}, {link #1 : 0}, {link #2 : 1}, {link #3 : 2}, {link #4 : 3}, {link #5 : 4}, {link #6 : 5},
7 :  {link #0 : 0}, {link #1 : 1}, {link #2 : 2}, {link #3 : 3}, {link #4 : 4}, {link #5 : 5}, {link #6 : 6},
0 : local 108, cpu 0 {link #0 : g1 0}, {link #1 : g2 0}, {link #2 : g3 0}, {link #3 : g4 0}, {link #4 : g5 0}, {link #5 : g6 0}, {link #6 : g7 0},
1 : local 108, cpu 0 {link #0 : g2 0}, {link #1 : g3 0}, {link #2 : g4 0}, {link #3 : g5 0}, {link #4 : g6 0}, {link #5 : g7 0}, {link #6 : g0 0},
2 : local 108, cpu 0 {link #0 : g3 0}, {link #1 : g4 0}, {link #2 : g5 0}, {link #3 : g6 0}, {link #4 : g7 0}, {link #5 : g0 0}, {link #6 : g1 0},
3 : local 108, cpu 0 {link #0 : g4 0}, {link #1 : g5 0}, {link #2 : g6 0}, {link #3 : g7 0}, {link #4 : g0 0}, {link #5 : g1 0}, {link #6 : g2 0},
4 : local 108, cpu 0 {link #0 : g5 0}, {link #1 : g6 0}, {link #2 : g7 0}, {link #3 : g0 0}, {link #4 : g1 0}, {link #5 : g2 0}, {link #6 : g3 0},
5 : local 108, cpu 0 {link #0 : g6 0}, {link #1 : g7 0}, {link #2 : g0 0}, {link #3 : g1 0}, {link #4 : g2 0}, {link #5 : g3 0}, {link #6 : g4 0},
6 : local 108, cpu 0 {link #0 : g7 0}, {link #1 : g0 0}, {link #2 : g1 0}, {link #3 : g2 0}, {link #4 : g3 0}, {link #5 : g4 0}, {link #6 : g5 0},
7 : local 108, cpu 0 {link #0 : g0 0}, {link #1 : g1 0}, {link #2 : g2 0}, {link #3 : g3 0}, {link #4 : g4 0}, {link #5 : g5 0}, {link #6 : g6 0},
0 :  {link #0 : 1}, {link #1 : 2}, {link #2 : 3}, {link #3 : 4}, {link #4 : 5}, {link #5 : 6}, {link #6 : 7},
1 :  {link #0 : 2}, {link #1 : 3}, {link #2 : 4}, {link #3 : 5}, {link #4 : 6}, {link #5 : 7}, {link #6 : 0},
2 :  {link #0 : 3}, {link #1 : 4}, {link #2 : 5}, {link #3 : 6}, {link #4 : 7}, {link #5 : 0}, {link #6 : 1},
3 :  {link #0 : 4}, {link #1 : 5}, {link #2 : 6}, {link #3 : 7}, {link #4 : 0}, {link #5 : 1}, {link #6 : 2},
4 :  {link #0 : 5}, {link #1 : 6}, {link #2 : 7}, {link #3 : 0}, {link #4 : 1}, {link #5 : 2}, {link #6 : 3},
5 :  {link #0 : 6}, {link #1 : 7}, {link #2 : 0}, {link #3 : 1}, {link #4 : 2}, {link #5 : 3}, {link #6 : 4},
6 :  {link #0 : 7}, {link #1 : 0}, {link #2 : 1}, {link #3 : 2}, {link #4 : 3}, {link #5 : 4}, {link #6 : 5},
7 :  {link #0 : 0}, {link #1 : 1}, {link #2 : 2}, {link #3 : 3}, {link #4 : 4}, {link #5 : 5}, {link #6 : 6},
0 : local 108, cpu 0 {link #0 : g1 0}, {link #1 : g2 0}, {link #2 : g3 0}, {link #3 : g4 0}, {link #4 : g5 0}, {link #5 : g6 0}, {link #6 : g7 0},
1 : local 108, cpu 0 {link #0 : g2 0}, {link #1 : g3 0}, {link #2 : g4 0}, {link #3 : g5 0}, {link #4 : g6 0}, {link #5 : g7 0}, {link #6 : g0 0},
2 : local 108, cpu 0 {link #0 : g3 0}, {link #1 : g4 0}, {link #2 : g5 0}, {link #3 : g6 0}, {link #4 : g7 0}, {link #5 : g0 0}, {link #6 : g1 0},
3 : local 108, cpu 0 {link #0 : g4 0}, {link #1 : g5 0}, {link #2 : g6 0}, {link #3 : g7 0}, {link #4 : g0 0}, {link #5 : g1 0}, {link #6 : g2 0},
4 : local 108, cpu 0 {link #0 : g5 0}, {link #1 : g6 0}, {link #2 : g7 0}, {link #3 : g0 0}, {link #4 : g1 0}, {link #5 : g2 0}, {link #6 : g3 0},
5 : local 108, cpu 0 {link #0 : g6 0}, {link #1 : g7 0}, {link #2 : g0 0}, {link #3 : g1 0}, {link #4 : g2 0}, {link #5 : g3 0}, {link #6 : g4 0},
6 : local 108, cpu 0 {link #0 : g7 0}, {link #1 : g0 0}, {link #2 : g1 0}, {link #3 : g2 0}, {link #4 : g3 0}, {link #5 : g4 0}, {link #6 : g5 0},
7 : local 108, cpu 0 {link #0 : g0 0}, {link #1 : g1 0}, {link #2 : g2 0}, {link #3 : g3 0}, {link #4 : g4 0}, {link #5 : g5 0}, {link #6 : g6 0},
coll_cache:optimal_rep_storage=0
coll_cache:optimal_part_storage=0.16
coll_cache:optimal_cpu_storage=0.84
coll_cache:optimal_local_storage=0.02
coll_cache:optimal_remote_storage=0.14
coll_cache:optimal_local_rate=0.107665
coll_cache:optimal_remote_rate=0.753653
coll_cache:optimal_cpu_rate=0.138682
z=12307.5,12307.5,12307.5,12307.5,12307.5,12307.5,12307.5,12307.5,
test_result:init:feat_nbytes=375030526464
test_result:init:cache_nbytes=7875640320
test_result:init:feat_nbytes=375030526464
test_result:init:cache_nbytes=7875640320
test_result:init:feat_nbytes=375030526464
test_result:init:cache_nbytes=7875640320
test_result:init:feat_nbytes=375030526464
test_result:init:cache_nbytes=7875640320
test_result:init:feat_nbytes=375030526464
test_result:init:cache_nbytes=7875640320
test_result:init:feat_nbytes=375030526464
test_result:init:cache_nbytes=7875640320
test_result:init:feat_nbytes=375030526464
test_result:init:cache_nbytes=7875640320
test_result:init:feat_nbytes=375030526464
test_result:init:cache_nbytes=7875640320
    [Step(average) Profiler Level 1 E3 S999]
        L1  sample           0.001307 | send           0.000000
        L1  recv             0.000000 | copy           0.010625 | convert time 0.000000 | train  0.007438
        L1  feature nbytes  707.83 MB | label nbytes 0.00 Bytes
        L1  id nbytes      0.00 Bytes | graph nbytes 0.00 Bytes
        L1  miss nbytes    0.00 Bytes | remote nbytes 0.00 Bytes
        L1  num nodes               0 | num samples           0
    [Step(average) Profiler Level 2 E3 S999]
        L2  shuffle     0.000000 | core sample  0.000000 | id remap        0.000000
        L2  graph copy  0.000000 | id copy      0.000000 | cache feat copy 0.010625
        L2  last layer sample time 0.000000 | size 0.000000
    [Step(average) Profiler Level 3 E3 S999]
        L3  khop sample coo  0.000000 | khop sort coo      0.000000 | khop count edge     0.000000 | khop compact edge 0.000000
        L3  walk sample coo  0.000000 | walk topk total    0.000000 | walk topk step1     0.000000 | walk topk step2   0.000000
        L3  walk topk step3  0.000000 | walk topk step4    0.000000 | walk topk step5     0.000000
        L3  walk topk step6  0.000000 | walk topk step7    0.000000
        L3  remap unique     0.000000 | remap populate     0.000000 | remap mapnode       0.000000 | remap mapedge     0.000000
        L3  cache get_index  0.000206 | cache copy_index   0.000000 | cache extract_miss  0.000000
        L3  cache copy_miss  0.000000 | cache combine_miss 0.000000 | cache combine cache 0.010394 | cache combine remote 0.000000
        L3  label extract  0.000000
    [Profiler Level Percentiles E3 S999]
        p50.00_tail_logl2featcopy=0.011381
        p90.00_tail_logl2featcopy=0.011596
        p95.00_tail_logl2featcopy=0.011636
        p99.00_tail_logl2featcopy=0.011740
        p99.90_tail_logl2featcopy=0.016836
[CUDA] cuda: usage: 17.22 GB
Rank=2, Graph loaded.
!!!!dist_homo_graph enumerate latency per epoch: 0.008104, per step: 0.000065
presamping
presamping takes 4.9226837158203125
Rank=1, Graph loaded.
!!!!dist_homo_graph enumerate latency per epoch: 0.004525, per step: 0.000036
presamping
presamping takes 3.553161144256592
Rank=3, Graph loaded.
!!!!dist_homo_graph enumerate latency per epoch: 0.005646, per step: 0.000045
presamping
presamping takes 3.4014172554016113
Rank=6, Graph loaded.
!!!!dist_homo_graph enumerate latency per epoch: 0.005344, per step: 0.000043
presamping
presamping takes 3.4408485889434814
Rank=4, Graph loaded.
!!!!dist_homo_graph enumerate latency per epoch: 0.006529, per step: 0.000052
presamping
presamping takes 3.6191604137420654
config:eval_tsp="2023-04-12 00:37:37"
config:num_worker=8
config:root_dir=/nvme/songxiaoniu/graph-learning/wholegraph
config:graph_name=mag240m-homo
config:epochs=4
config:batchsize=1000
config:skip_epoch=2
config:local_step=125
config:presc_epoch=2
config:neighbors=10,25
config:hiddensize=256
config:num_layer=2
config:model=sage
config:framework=dgl
config:dataloaderworkers=0
config:dropout=0.5
config:lr=0.003
config:use_nccl=False
config:use_amp=True
config:use_collcache=True
config:cache_percentage=0.02
config:cache_policy=clique_part
config:omp_thread_num=40
config:unsupervised=True
config:classnum=153
config:global_barrier=<multiprocessing.synchronize.Barrier object at 0x7fb3070b5310>
config:worker_id=0
creating_intra_node_communicator root=0, local_size=8, world_size=8
Rank=0, Graph loaded.
!!!!dist_homo_graph enumerate latency per epoch: 0.004059, per step: 0.000032
epoch=4 total_steps=500
presamping
presamping takes 4.1625542640686035
start training...
[Epoch 0], time=3.6841115951538086, loss=0.6931471824645996
[Epoch 1], time=2.434413194656372, loss=0.6931471824645996
[Epoch 2], time=2.421678066253662, loss=0.6931471824645996
[Epoch 3], time=2.4225471019744873, loss=0.6931471824645996
|===========================================================================|
|                  PyTorch CUDA memory summary, device ID 0                 |
|---------------------------------------------------------------------------|
|            CUDA OOMs: 0            |        cudaMalloc retries: 0         |
|===========================================================================|
|        Metric         | Cur Usage  | Peak Usage | Tot Alloc  | Tot Freed  |
|---------------------------------------------------------------------------|
| Allocated memory      |   49291 KB |  374546 KB |  510739 MB |  510691 MB |
|       from large pool |   38952 KB |  365143 KB |  503763 MB |  503725 MB |
|       from small pool |   10339 KB |   12666 KB |    6976 MB |    6966 MB |
|---------------------------------------------------------------------------|
| Active memory         |   49291 KB |  374546 KB |  510739 MB |  510691 MB |
|       from large pool |   38952 KB |  365143 KB |  503763 MB |  503725 MB |
|       from small pool |   10339 KB |   12666 KB |    6976 MB |    6966 MB |
|---------------------------------------------------------------------------|
| GPU reserved memory   |    1174 MB |    1174 MB |    1174 MB |       0 B  |
|       from large pool |    1158 MB |    1158 MB |    1158 MB |       0 B  |
|       from small pool |      16 MB |      16 MB |      16 MB |       0 B  |
|---------------------------------------------------------------------------|
| Non-releasable memory |   59253 KB |  579037 KB |  394938 MB |  394880 MB |
|       from large pool |   57304 KB |  576138 KB |  387586 MB |  387530 MB |
|       from small pool |    1949 KB |    4774 KB |    7352 MB |    7350 MB |
|---------------------------------------------------------------------------|
| Allocations           |      62    |      81    |  106934    |  106872    |
|       from large pool |      15    |      26    |   35769    |   35754    |
|       from small pool |      47    |      58    |   71165    |   71118    |
|---------------------------------------------------------------------------|
| Active allocs         |      62    |      81    |  106934    |  106872    |
|       from large pool |      15    |      26    |   35769    |   35754    |
|       from small pool |      47    |      58    |   71165    |   71118    |
|---------------------------------------------------------------------------|
| GPU reserved segments |      19    |      19    |      19    |       0    |
|       from large pool |      11    |      11    |      11    |       0    |
|       from small pool |       8    |       8    |       8    |       0    |
|---------------------------------------------------------------------------|
| Non-releasable allocs |      25    |      37    |   41349    |   41324    |
|       from large pool |       8    |      15    |   21351    |   21343    |
|       from small pool |      17    |      28    |   19998    |   19981    |
|---------------------------------------------------------------------------|
| Oversize allocations  |       0    |       0    |       0    |       0    |
|---------------------------------------------------------------------------|
| Oversize GPU segments |       0    |       0    |       0    |       0    |
|===========================================================================|

[TRAIN_TIME] train time is 10.964340 seconds
[EPOCH_TIME] 2.741085 seconds, maybe large due to not enough epoch skipped.
[EPOCH_TIME] 2.422251 seconds
Rank=5, Graph loaded.
!!!!dist_homo_graph enumerate latency per epoch: 0.005697, per step: 0.000046
presamping
presamping takes 3.6284353733062744
Rank=7, Graph loaded.
!!!!dist_homo_graph enumerate latency per epoch: 0.004687, per step: 0.000037
presamping
presamping takes 2.642516613006592

