/usr/lib/python3/dist-packages/requests/__init__.py:89: RequestsDependencyWarning: urllib3 (1.26.12) or chardet (3.0.4) doesn't match a supported version!
  warnings.warn("urllib3 ({}) or chardet ({}) doesn't match a supported "
Rank=0 done reading 13882495 embedding vectors from file /nvme/songxiaoniu/graph-learning/wholegraph/ogbn_papers100M/converted/homograph_csr_row_ptr
Rank=1 done reading 13882495 embedding vectors from file /nvme/songxiaoniu/graph-learning/wholegraph/ogbn_papers100M/converted/homograph_csr_row_ptr
Rank=3 done reading 13882495 embedding vectors from file /nvme/songxiaoniu/graph-learning/wholegraph/ogbn_papers100M/converted/homograph_csr_row_ptr
Rank=5 done reading 13882495 embedding vectors from file /nvme/songxiaoniu/graph-learning/wholegraph/ogbn_papers100M/converted/homograph_csr_row_ptr
Rank=6 done reading 13882495 embedding vectors from file /nvme/songxiaoniu/graph-learning/wholegraph/ogbn_papers100M/converted/homograph_csr_row_ptr
Rank=7 done reading 13882492 embedding vectors from file /nvme/songxiaoniu/graph-learning/wholegraph/ogbn_papers100M/converted/homograph_csr_row_ptr
Rank=4 done reading 13882495 embedding vectors from file /nvme/songxiaoniu/graph-learning/wholegraph/ogbn_papers100M/converted/homograph_csr_row_ptr
Rank=2 done reading 13882495 embedding vectors from file /nvme/songxiaoniu/graph-learning/wholegraph/ogbn_papers100M/converted/homograph_csr_row_ptr
Rank=0 done reading 403921468 embedding vectors from file /nvme/songxiaoniu/graph-learning/wholegraph/ogbn_papers100M/converted/homograph_csr_col_idx
Rank=5 done reading 403921468 embedding vectors from file /nvme/songxiaoniu/graph-learning/wholegraph/ogbn_papers100M/converted/homograph_csr_col_idx
Rank=1 done reading 403921468 embedding vectors from file /nvme/songxiaoniu/graph-learning/wholegraph/ogbn_papers100M/converted/homograph_csr_col_idx
Rank=4 done reading 403921468 embedding vectors from file /nvme/songxiaoniu/graph-learning/wholegraph/ogbn_papers100M/converted/homograph_csr_col_idx
Rank=3 done reading 403921468 embedding vectors from file /nvme/songxiaoniu/graph-learning/wholegraph/ogbn_papers100M/converted/homograph_csr_col_idx
Rank=2 done reading 403921468 embedding vectors from file /nvme/songxiaoniu/graph-learning/wholegraph/ogbn_papers100M/converted/homograph_csr_col_idx
Rank=7 done reading 403921468 embedding vectors from file /nvme/songxiaoniu/graph-learning/wholegraph/ogbn_papers100M/converted/homograph_csr_col_idx
Rank=6 done reading 403921468 embedding vectors from file /nvme/songxiaoniu/graph-learning/wholegraph/ogbn_papers100M/converted/homograph_csr_col_idx
[2023-04-11 21:59:29.983676: E /samgraph/3rdparty/collcachelib/coll_cache_lib/freq_recorder.cc:337] bulk append 6389828 into 0
[2023-04-11 21:59:30.  8135: E /samgraph/3rdparty/collcachelib/coll_cache_lib/freq_recorder.cc:347] bulk append 28175962
[2023-04-11 21:59:30.  8842: E /samgraph/3rdparty/collcachelib/coll_cache_lib/freq_recorder.cc:337] bulk append 6395470 into 6389828
[2023-04-11 21:59:30. 33249: E /samgraph/3rdparty/collcachelib/coll_cache_lib/freq_recorder.cc:347] bulk append 28192132
[2023-04-11 21:59:30. 33954: E /samgraph/3rdparty/collcachelib/coll_cache_lib/freq_recorder.cc:337] bulk append 6391110 into 12785298
[2023-04-11 21:59:30. 58286: E /samgraph/3rdparty/collcachelib/coll_cache_lib/freq_recorder.cc:347] bulk append 28172955
[2023-04-11 21:59:30. 58897: E /samgraph/3rdparty/collcachelib/coll_cache_lib/freq_recorder.cc:337] bulk append 6393641 into 19176408
[2023-04-11 21:59:30. 83202: E /samgraph/3rdparty/collcachelib/coll_cache_lib/freq_recorder.cc:347] bulk append 28194944
[2023-04-11 21:59:30. 83882: E /samgraph/3rdparty/collcachelib/coll_cache_lib/freq_recorder.cc:337] bulk append 6389433 into 25570049
[2023-04-11 21:59:30.108239: E /samgraph/3rdparty/collcachelib/coll_cache_lib/freq_recorder.cc:347] bulk append 28161143
[2023-04-11 21:59:30.108944: E /samgraph/3rdparty/collcachelib/coll_cache_lib/freq_recorder.cc:337] bulk append 6396899 into 31959482
[2023-04-11 21:59:30.133280: E /samgraph/3rdparty/collcachelib/coll_cache_lib/freq_recorder.cc:347] bulk append 28195440
[2023-04-11 21:59:30.134009: E /samgraph/3rdparty/collcachelib/coll_cache_lib/freq_recorder.cc:337] bulk append 6388178 into 38356381
[2023-04-11 21:59:30.158359: E /samgraph/3rdparty/collcachelib/coll_cache_lib/freq_recorder.cc:347] bulk append 28180889
[2023-04-11 21:59:30.159026: E /samgraph/3rdparty/collcachelib/coll_cache_lib/freq_recorder.cc:337] bulk append 6397212 into 44744559
[2023-04-11 21:59:30.183357: E /samgraph/3rdparty/collcachelib/coll_cache_lib/freq_recorder.cc:347] bulk append 28192042
[2023-04-11 21:59:30.184057: E /samgraph/3rdparty/collcachelib/coll_cache_lib/freq_recorder.cc:337] bulk append 6387981 into 51141771
[2023-04-11 21:59:30.208411: E /samgraph/3rdparty/collcachelib/coll_cache_lib/freq_recorder.cc:347] bulk append 28143364
[2023-04-11 21:59:30.209110: E /samgraph/3rdparty/collcachelib/coll_cache_lib/freq_recorder.cc:337] bulk append 6397184 into 57529752
[2023-04-11 21:59:30.233456: E /samgraph/3rdparty/collcachelib/coll_cache_lib/freq_recorder.cc:347] bulk append 28187559
[2023-04-11 21:59:30.658124: E /samgraph/3rdparty/collcachelib/coll_cache_lib/freq_recorder.cc:337] bulk append 6190899 into 63926936
[2023-04-11 21:59:30.681919: E /samgraph/3rdparty/collcachelib/coll_cache_lib/freq_recorder.cc:347] bulk append 29554252
[2023-04-11 21:59:30.682515: E /samgraph/3rdparty/collcachelib/coll_cache_lib/freq_recorder.cc:337] bulk append 6193276 into 70117835
[2023-04-11 21:59:30.706263: E /samgraph/3rdparty/collcachelib/coll_cache_lib/freq_recorder.cc:347] bulk append 29595693
[2023-04-11 21:59:30.706975: E /samgraph/3rdparty/collcachelib/coll_cache_lib/freq_recorder.cc:337] bulk append 6189107 into 76311111
[2023-04-11 21:59:30.730618: E /samgraph/3rdparty/collcachelib/coll_cache_lib/freq_recorder.cc:347] bulk append 29562988
[2023-04-11 21:59:30.731187: E /samgraph/3rdparty/collcachelib/coll_cache_lib/freq_recorder.cc:337] bulk append 6192577 into 82500218
[2023-04-11 21:59:30.754893: E /samgraph/3rdparty/collcachelib/coll_cache_lib/freq_recorder.cc:347] bulk append 29595764
[2023-04-11 21:59:30.755457: E /samgraph/3rdparty/collcachelib/coll_cache_lib/freq_recorder.cc:337] bulk append 6190042 into 88692795
[2023-04-11 21:59:30.779120: E /samgraph/3rdparty/collcachelib/coll_cache_lib/freq_recorder.cc:347] bulk append 29554708
[2023-04-11 21:59:30.779686: E /samgraph/3rdparty/collcachelib/coll_cache_lib/freq_recorder.cc:337] bulk append 6196776 into 94882837
[2023-04-11 21:59:30.803357: E /samgraph/3rdparty/collcachelib/coll_cache_lib/freq_recorder.cc:347] bulk append 29593475
[2023-04-11 21:59:30.803923: E /samgraph/3rdparty/collcachelib/coll_cache_lib/freq_recorder.cc:337] bulk append 6189189 into 101079613
[2023-04-11 21:59:30.827962: E /samgraph/3rdparty/collcachelib/coll_cache_lib/freq_recorder.cc:347] bulk append 29565888
[2023-04-11 21:59:30.828767: E /samgraph/3rdparty/collcachelib/coll_cache_lib/freq_recorder.cc:337] bulk append 6192940 into 107268802
[2023-04-11 21:59:30.852461: E /samgraph/3rdparty/collcachelib/coll_cache_lib/freq_recorder.cc:347] bulk append 29575357
[2023-04-11 21:59:30.853037: E /samgraph/3rdparty/collcachelib/coll_cache_lib/freq_recorder.cc:337] bulk append 6188442 into 113461742
[2023-04-11 21:59:30.876662: E /samgraph/3rdparty/collcachelib/coll_cache_lib/freq_recorder.cc:347] bulk append 29533712
[2023-04-11 21:59:30.877219: E /samgraph/3rdparty/collcachelib/coll_cache_lib/freq_recorder.cc:337] bulk append 6193999 into 119650184
[2023-04-11 21:59:30.901235: E /samgraph/3rdparty/collcachelib/coll_cache_lib/freq_recorder.cc:347] bulk append 29592739
[2023-04-11 21:59:30.902185: E /samgraph/3rdparty/collcachelib/coll_cache_lib/freq_recorder.cc:337] bulk append 6050505 into 125844183
[2023-04-11 21:59:30.925301: E /samgraph/3rdparty/collcachelib/coll_cache_lib/freq_recorder.cc:347] bulk append 29612870
[2023-04-11 21:59:30.925870: E /samgraph/3rdparty/collcachelib/coll_cache_lib/freq_recorder.cc:337] bulk append 6052738 into 131894688
[2023-04-11 21:59:30.948883: E /samgraph/3rdparty/collcachelib/coll_cache_lib/freq_recorder.cc:347] bulk append 29671401
[2023-04-11 21:59:30.949465: E /samgraph/3rdparty/collcachelib/coll_cache_lib/freq_recorder.cc:337] bulk append 6050422 into 137947426
[2023-04-11 21:59:30.972525: E /samgraph/3rdparty/collcachelib/coll_cache_lib/freq_recorder.cc:347] bulk append 29651379
[2023-04-11 21:59:30.973098: E /samgraph/3rdparty/collcachelib/coll_cache_lib/freq_recorder.cc:337] bulk append 6054899 into 143997848
[2023-04-11 21:59:30.996146: E /samgraph/3rdparty/collcachelib/coll_cache_lib/freq_recorder.cc:347] bulk append 29669103
[2023-04-11 21:59:30.996708: E /samgraph/3rdparty/collcachelib/coll_cache_lib/freq_recorder.cc:337] bulk append 6049503 into 150052747
[2023-04-11 21:59:31. 19731: E /samgraph/3rdparty/collcachelib/coll_cache_lib/freq_recorder.cc:347] bulk append 29624915
[2023-04-11 21:59:31. 20297: E /samgraph/3rdparty/collcachelib/coll_cache_lib/freq_recorder.cc:337] bulk append 6056407 into 156102250
[2023-04-11 21:59:31. 43347: E /samgraph/3rdparty/collcachelib/coll_cache_lib/freq_recorder.cc:347] bulk append 29669842
[2023-04-11 21:59:31. 43916: E /samgraph/3rdparty/collcachelib/coll_cache_lib/freq_recorder.cc:337] bulk append 6050682 into 162158657
[2023-04-11 21:59:31. 66983: E /samgraph/3rdparty/collcachelib/coll_cache_lib/freq_recorder.cc:347] bulk append 29646170
[2023-04-11 21:59:31. 67547: E /samgraph/3rdparty/collcachelib/coll_cache_lib/freq_recorder.cc:337] bulk append 6054209 into 168209339
[2023-04-11 21:59:31. 90615: E /samgraph/3rdparty/collcachelib/coll_cache_lib/freq_recorder.cc:347] bulk append 29647870
[2023-04-11 21:59:31. 91192: E /samgraph/3rdparty/collcachelib/coll_cache_lib/freq_recorder.cc:337] bulk append 6049893 into 174263548
[2023-04-11 21:59:31.114209: E /samgraph/3rdparty/collcachelib/coll_cache_lib/freq_recorder.cc:347] bulk append 29624312
[2023-04-11 21:59:31.114781: E /samgraph/3rdparty/collcachelib/coll_cache_lib/freq_recorder.cc:337] bulk append 6051834 into 180313441
[2023-04-11 21:59:31.137801: E /samgraph/3rdparty/collcachelib/coll_cache_lib/freq_recorder.cc:347] bulk append 29648607
[2023-04-11 21:59:31.138386: E /samgraph/3rdparty/collcachelib/coll_cache_lib/freq_recorder.cc:337] bulk append 6052190 into 186365275
[2023-04-11 21:59:31.161434: E /samgraph/3rdparty/collcachelib/coll_cache_lib/freq_recorder.cc:347] bulk append 29613907
[2023-04-11 21:59:31.161999: E /samgraph/3rdparty/collcachelib/coll_cache_lib/freq_recorder.cc:337] bulk append 6056931 into 192417465
[2023-04-11 21:59:31.185101: E /samgraph/3rdparty/collcachelib/coll_cache_lib/freq_recorder.cc:347] bulk append 29661274
[2023-04-11 21:59:31.185656: E /samgraph/3rdparty/collcachelib/coll_cache_lib/freq_recorder.cc:337] bulk append 6052591 into 198474396
[2023-04-11 21:59:31.208674: E /samgraph/3rdparty/collcachelib/coll_cache_lib/freq_recorder.cc:347] bulk append 29652414
[2023-04-11 21:59:31.209242: E /samgraph/3rdparty/collcachelib/coll_cache_lib/freq_recorder.cc:337] bulk append 6054991 into 204526987
[2023-04-11 21:59:31.232318: E /samgraph/3rdparty/collcachelib/coll_cache_lib/freq_recorder.cc:347] bulk append 29670528
[2023-04-11 21:59:31.232877: E /samgraph/3rdparty/collcachelib/coll_cache_lib/freq_recorder.cc:337] bulk append 6052956 into 210581978
[2023-04-11 21:59:31.255945: E /samgraph/3rdparty/collcachelib/coll_cache_lib/freq_recorder.cc:347] bulk append 29622440
[2023-04-11 21:59:31.256495: E /samgraph/3rdparty/collcachelib/coll_cache_lib/freq_recorder.cc:337] bulk append 6056466 into 216634934
[2023-04-11 21:59:31.279513: E /samgraph/3rdparty/collcachelib/coll_cache_lib/freq_recorder.cc:347] bulk append 29679106
[2023-04-11 21:59:31.280067: E /samgraph/3rdparty/collcachelib/coll_cache_lib/freq_recorder.cc:337] bulk append 6051004 into 222691400
[2023-04-11 21:59:31.303097: E /samgraph/3rdparty/collcachelib/coll_cache_lib/freq_recorder.cc:347] bulk append 29641573
[2023-04-11 21:59:31.303652: E /samgraph/3rdparty/collcachelib/coll_cache_lib/freq_recorder.cc:337] bulk append 6056819 into 228742404
[2023-04-11 21:59:31.327082: E /samgraph/3rdparty/collcachelib/coll_cache_lib/freq_recorder.cc:347] bulk append 29651512
[2023-04-11 21:59:31.327909: E /samgraph/3rdparty/collcachelib/coll_cache_lib/freq_recorder.cc:337] bulk append 6050204 into 234799223
[2023-04-11 21:59:31.350905: E /samgraph/3rdparty/collcachelib/coll_cache_lib/freq_recorder.cc:347] bulk append 29614624
[2023-04-11 21:59:31.351461: E /samgraph/3rdparty/collcachelib/coll_cache_lib/freq_recorder.cc:337] bulk append 6053234 into 240849427
[2023-04-11 21:59:31.374528: E /samgraph/3rdparty/collcachelib/coll_cache_lib/freq_recorder.cc:347] bulk append 29654280
[2023-04-11 21:59:31.375136: E /samgraph/3rdparty/collcachelib/coll_cache_lib/freq_recorder.cc:337] bulk append 6106208 into 246902661
[2023-04-11 21:59:31.398507: E /samgraph/3rdparty/collcachelib/coll_cache_lib/freq_recorder.cc:347] bulk append 29787678
[2023-04-11 21:59:31.399075: E /samgraph/3rdparty/collcachelib/coll_cache_lib/freq_recorder.cc:337] bulk append 6107594 into 253008869
[2023-04-11 21:59:31.422404: E /samgraph/3rdparty/collcachelib/coll_cache_lib/freq_recorder.cc:347] bulk append 29829366
[2023-04-11 21:59:31.422960: E /samgraph/3rdparty/collcachelib/coll_cache_lib/freq_recorder.cc:337] bulk append 6106437 into 259116463
[2023-04-11 21:59:31.446287: E /samgraph/3rdparty/collcachelib/coll_cache_lib/freq_recorder.cc:347] bulk append 29818908
[2023-04-11 21:59:31.446856: E /samgraph/3rdparty/collcachelib/coll_cache_lib/freq_recorder.cc:337] bulk append 6108395 into 265222900
[2023-04-11 21:59:31.470202: E /samgraph/3rdparty/collcachelib/coll_cache_lib/freq_recorder.cc:347] bulk append 29835846
[2023-04-11 21:59:31.470754: E /samgraph/3rdparty/collcachelib/coll_cache_lib/freq_recorder.cc:337] bulk append 6105260 into 271331295
[2023-04-11 21:59:31.494081: E /samgraph/3rdparty/collcachelib/coll_cache_lib/freq_recorder.cc:347] bulk append 29781631
[2023-04-11 21:59:31.494629: E /samgraph/3rdparty/collcachelib/coll_cache_lib/freq_recorder.cc:337] bulk append 6111669 into 277436555
[2023-04-11 21:59:31.517990: E /samgraph/3rdparty/collcachelib/coll_cache_lib/freq_recorder.cc:347] bulk append 29844494
[2023-04-11 21:59:31.518538: E /samgraph/3rdparty/collcachelib/coll_cache_lib/freq_recorder.cc:337] bulk append 6104744 into 283548224
[2023-04-11 21:59:31.541842: E /samgraph/3rdparty/collcachelib/coll_cache_lib/freq_recorder.cc:347] bulk append 29809887
[2023-04-11 21:59:31.542404: E /samgraph/3rdparty/collcachelib/coll_cache_lib/freq_recorder.cc:337] bulk append 6109681 into 289652968
[2023-04-11 21:59:31.565765: E /samgraph/3rdparty/collcachelib/coll_cache_lib/freq_recorder.cc:347] bulk append 29817653
[2023-04-11 21:59:31.566307: E /samgraph/3rdparty/collcachelib/coll_cache_lib/freq_recorder.cc:337] bulk append 6104516 into 295762649
[2023-04-11 21:59:31.589603: E /samgraph/3rdparty/collcachelib/coll_cache_lib/freq_recorder.cc:347] bulk append 29792141
[2023-04-11 21:59:31.590172: E /samgraph/3rdparty/collcachelib/coll_cache_lib/freq_recorder.cc:337] bulk append 6108129 into 301867165
[2023-04-11 21:59:31.613456: E /samgraph/3rdparty/collcachelib/coll_cache_lib/freq_recorder.cc:347] bulk append 29807655
[2023-04-11 21:59:31.614027: E /samgraph/3rdparty/collcachelib/coll_cache_lib/freq_recorder.cc:337] bulk append 6211499 into 307975294
[2023-04-11 21:59:31.637747: E /samgraph/3rdparty/collcachelib/coll_cache_lib/freq_recorder.cc:347] bulk append 29292084
[2023-04-11 21:59:31.638315: E /samgraph/3rdparty/collcachelib/coll_cache_lib/freq_recorder.cc:337] bulk append 6214001 into 314186793
[2023-04-11 21:59:31.662006: E /samgraph/3rdparty/collcachelib/coll_cache_lib/freq_recorder.cc:347] bulk append 29350319
[2023-04-11 21:59:31.662574: E /samgraph/3rdparty/collcachelib/coll_cache_lib/freq_recorder.cc:337] bulk append 6209997 into 320400794
[2023-04-11 21:59:31.686230: E /samgraph/3rdparty/collcachelib/coll_cache_lib/freq_recorder.cc:347] bulk append 29303844
[2023-04-11 21:59:31.686813: E /samgraph/3rdparty/collcachelib/coll_cache_lib/freq_recorder.cc:337] bulk append 6213326 into 326610791
[2023-04-11 21:59:31.710536: E /samgraph/3rdparty/collcachelib/coll_cache_lib/freq_recorder.cc:347] bulk append 29333962
[2023-04-11 21:59:31.711111: E /samgraph/3rdparty/collcachelib/coll_cache_lib/freq_recorder.cc:337] bulk append 6207895 into 332824117
[2023-04-11 21:59:31.734728: E /samgraph/3rdparty/collcachelib/coll_cache_lib/freq_recorder.cc:347] bulk append 29291619
[2023-04-11 21:59:31.735298: E /samgraph/3rdparty/collcachelib/coll_cache_lib/freq_recorder.cc:337] bulk append 6215983 into 339032012
[2023-04-11 21:59:31.758969: E /samgraph/3rdparty/collcachelib/coll_cache_lib/freq_recorder.cc:347] bulk append 29342022
[2023-04-11 21:59:31.759541: E /samgraph/3rdparty/collcachelib/coll_cache_lib/freq_recorder.cc:337] bulk append 6208445 into 345247995
[2023-04-11 21:59:31.783192: E /samgraph/3rdparty/collcachelib/coll_cache_lib/freq_recorder.cc:347] bulk append 29306111
[2023-04-11 21:59:31.783775: E /samgraph/3rdparty/collcachelib/coll_cache_lib/freq_recorder.cc:337] bulk append 6213446 into 351456440
[2023-04-11 21:59:31.807466: E /samgraph/3rdparty/collcachelib/coll_cache_lib/freq_recorder.cc:347] bulk append 29332847
[2023-04-11 21:59:31.808045: E /samgraph/3rdparty/collcachelib/coll_cache_lib/freq_recorder.cc:337] bulk append 6210288 into 357669886
[2023-04-11 21:59:31.831742: E /samgraph/3rdparty/collcachelib/coll_cache_lib/freq_recorder.cc:347] bulk append 29304544
[2023-04-11 21:59:31.832308: E /samgraph/3rdparty/collcachelib/coll_cache_lib/freq_recorder.cc:337] bulk append 6212897 into 363880174
[2023-04-11 21:59:31.856002: E /samgraph/3rdparty/collcachelib/coll_cache_lib/freq_recorder.cc:347] bulk append 29322465
[2023-04-11 21:59:31.856573: E /samgraph/3rdparty/collcachelib/coll_cache_lib/freq_recorder.cc:337] bulk append 6316306 into 370093071
[2023-04-11 21:59:31.880690: E /samgraph/3rdparty/collcachelib/coll_cache_lib/freq_recorder.cc:347] bulk append 27943794
[2023-04-11 21:59:31.881256: E /samgraph/3rdparty/collcachelib/coll_cache_lib/freq_recorder.cc:337] bulk append 6322240 into 376409377
[2023-04-11 21:59:31.905380: E /samgraph/3rdparty/collcachelib/coll_cache_lib/freq_recorder.cc:347] bulk append 27989306
[2023-04-11 21:59:31.905949: E /samgraph/3rdparty/collcachelib/coll_cache_lib/freq_recorder.cc:337] bulk append 6319712 into 382731617
[2023-04-11 21:59:31.930032: E /samgraph/3rdparty/collcachelib/coll_cache_lib/freq_recorder.cc:347] bulk append 27981108
[2023-04-11 21:59:31.930599: E /samgraph/3rdparty/collcachelib/coll_cache_lib/freq_recorder.cc:337] bulk append 6320026 into 389051329
[2023-04-11 21:59:31.954691: E /samgraph/3rdparty/collcachelib/coll_cache_lib/freq_recorder.cc:347] bulk append 27978342
[2023-04-11 21:59:31.955275: E /samgraph/3rdparty/collcachelib/coll_cache_lib/freq_recorder.cc:337] bulk append 6318788 into 395371355
[2023-04-11 21:59:31.979348: E /samgraph/3rdparty/collcachelib/coll_cache_lib/freq_recorder.cc:347] bulk append 27952616
[2023-04-11 21:59:31.979908: E /samgraph/3rdparty/collcachelib/coll_cache_lib/freq_recorder.cc:337] bulk append 6324374 into 401690143
[2023-04-11 21:59:32.  4000: E /samgraph/3rdparty/collcachelib/coll_cache_lib/freq_recorder.cc:347] bulk append 27998593
[2023-04-11 21:59:32.  4554: E /samgraph/3rdparty/collcachelib/coll_cache_lib/freq_recorder.cc:337] bulk append 6316190 into 408014517
[2023-04-11 21:59:32. 28637: E /samgraph/3rdparty/collcachelib/coll_cache_lib/freq_recorder.cc:347] bulk append 27953760
[2023-04-11 21:59:32. 29210: E /samgraph/3rdparty/collcachelib/coll_cache_lib/freq_recorder.cc:337] bulk append 6324135 into 414330707
[2023-04-11 21:59:32. 53315: E /samgraph/3rdparty/collcachelib/coll_cache_lib/freq_recorder.cc:347] bulk append 27980523
[2023-04-11 21:59:32. 53876: E /samgraph/3rdparty/collcachelib/coll_cache_lib/freq_recorder.cc:337] bulk append 6317754 into 420654842
[2023-04-11 21:59:32. 77955: E /samgraph/3rdparty/collcachelib/coll_cache_lib/freq_recorder.cc:347] bulk append 27946721
[2023-04-11 21:59:32. 78517: E /samgraph/3rdparty/collcachelib/coll_cache_lib/freq_recorder.cc:337] bulk append 6319081 into 426972596
[2023-04-11 21:59:32.102595: E /samgraph/3rdparty/collcachelib/coll_cache_lib/freq_recorder.cc:347] bulk append 27969393
[2023-04-11 21:59:32.103182: E /samgraph/3rdparty/collcachelib/coll_cache_lib/freq_recorder.cc:337] bulk append 6089982 into 433291677
[2023-04-11 21:59:32.126405: E /samgraph/3rdparty/collcachelib/coll_cache_lib/freq_recorder.cc:347] bulk append 26389531
[2023-04-11 21:59:32.126968: E /samgraph/3rdparty/collcachelib/coll_cache_lib/freq_recorder.cc:337] bulk append 6095965 into 439381659
[2023-04-11 21:59:32.150184: E /samgraph/3rdparty/collcachelib/coll_cache_lib/freq_recorder.cc:347] bulk append 26451862
[2023-04-11 21:59:32.150755: E /samgraph/3rdparty/collcachelib/coll_cache_lib/freq_recorder.cc:337] bulk append 6090782 into 445477624
[2023-04-11 21:59:32.173961: E /samgraph/3rdparty/collcachelib/coll_cache_lib/freq_recorder.cc:347] bulk append 26433063
[2023-04-11 21:59:32.174532: E /samgraph/3rdparty/collcachelib/coll_cache_lib/freq_recorder.cc:337] bulk append 6094842 into 451568406
[2023-04-11 21:59:32.197705: E /samgraph/3rdparty/collcachelib/coll_cache_lib/freq_recorder.cc:347] bulk append 26451305
[2023-04-11 21:59:32.198278: E /samgraph/3rdparty/collcachelib/coll_cache_lib/freq_recorder.cc:337] bulk append 6091715 into 457663248
[2023-04-11 21:59:32.221466: E /samgraph/3rdparty/collcachelib/coll_cache_lib/freq_recorder.cc:347] bulk append 26411092
[2023-04-11 21:59:32.222036: E /samgraph/3rdparty/collcachelib/coll_cache_lib/freq_recorder.cc:337] bulk append 6096974 into 463754963
[2023-04-11 21:59:32.245238: E /samgraph/3rdparty/collcachelib/coll_cache_lib/freq_recorder.cc:347] bulk append 26457850
[2023-04-11 21:59:32.245811: E /samgraph/3rdparty/collcachelib/coll_cache_lib/freq_recorder.cc:337] bulk append 6091667 into 469851937
[2023-04-11 21:59:32.269008: E /samgraph/3rdparty/collcachelib/coll_cache_lib/freq_recorder.cc:347] bulk append 26416208
[2023-04-11 21:59:32.269565: E /samgraph/3rdparty/collcachelib/coll_cache_lib/freq_recorder.cc:337] bulk append 6096750 into 475943604
[2023-04-11 21:59:32.292729: E /samgraph/3rdparty/collcachelib/coll_cache_lib/freq_recorder.cc:347] bulk append 26449200
[2023-04-11 21:59:32.293303: E /samgraph/3rdparty/collcachelib/coll_cache_lib/freq_recorder.cc:337] bulk append 6089571 into 482040354
[2023-04-11 21:59:32.316453: E /samgraph/3rdparty/collcachelib/coll_cache_lib/freq_recorder.cc:347] bulk append 26396237
[2023-04-11 21:59:32.317028: E /samgraph/3rdparty/collcachelib/coll_cache_lib/freq_recorder.cc:337] bulk append 6096466 into 488129925
[2023-04-11 21:59:32.340221: E /samgraph/3rdparty/collcachelib/coll_cache_lib/freq_recorder.cc:347] bulk append 26441872
[2023-04-11 21:59:32.340790: E /samgraph/3rdparty/collcachelib/coll_cache_lib/freq_recorder.cc:266] freq recorder global combining
[2023-04-11 21:59:32.340833: E /samgraph/3rdparty/collcachelib/coll_cache_lib/facade.cc:409] [before scale, dtype is 0, dim is 1282023-04-11 21:59:32
.340845: E /samgraph/3rdparty/collcachelib/coll_cache_lib/facade.cc:409] [[[before scale, dtype is 0, dim is 128[[[2023-04-11 21:59:322023-04-11 21:59:322023-04-11 21:59:32
2023-04-11 21:59:322023-04-11 21:59:322023-04-11 21:59:32.....[.3408463408493408553408493408492023-04-11 21:59:32340850: : : : : .: EEEEE340880E     :  /samgraph/3rdparty/collcachelib/coll_cache_lib/facade.cc/samgraph/3rdparty/collcachelib/coll_cache_lib/facade.cc/samgraph/3rdparty/collcachelib/coll_cache_lib/facade.cc/samgraph/3rdparty/collcachelib/coll_cache_lib/facade.cc/samgraph/3rdparty/collcachelib/coll_cache_lib/facade.ccE/samgraph/3rdparty/collcachelib/coll_cache_lib/facade.cc::::: :409409415409409/samgraph/3rdparty/collcachelib/coll_cache_lib/facade.cc409] ] ] ] ] :] before scale, dtype is 0, dim is 128before scale, dtype is 0, dim is 128after scale, dtype is 7, new dim is 32before scale, dtype is 0, dim is 128before scale, dtype is 0, dim is 128415before scale, dtype is 0, dim is 128




[] 
[2023-04-11 21:59:32[after scale, dtype is 7, new dim is 32[2023-04-11 21:59:32.[2023-04-11 21:59:32
2023-04-11 21:59:32.3409862023-04-11 21:59:32..340985: .340989340990: E340995: : E : EE /samgraph/3rdparty/collcachelib/coll_cache_lib/facade.ccE  /samgraph/3rdparty/collcachelib/coll_cache_lib/facade.cc: /samgraph/3rdparty/collcachelib/coll_cache_lib/facade.cc/samgraph/3rdparty/collcachelib/coll_cache_lib/facade.cc:415/samgraph/3rdparty/collcachelib/coll_cache_lib/facade.cc::415] :415415] after scale, dtype is 7, new dim is 32415] ] after scale, dtype is 7, new dim is 32
] after scale, dtype is 7, new dim is 32after scale, dtype is 7, new dim is 32
after scale, dtype is 7, new dim is 32


[2023-04-11 21:59:32.342341: E /samgraph/3rdparty/collcachelib/coll_cache_lib/coll_cache/asymm_link_desc.cc:201] assigning 0 to cpu
[2023-04-11 21:59:32.342396: E /samgraph/3rdparty/collcachelib/coll_cache_lib/coll_cache/asymm_link_desc.cc:218] build symm link desc with 8X NVIDIA A100-SXM4-80GB out of 8
[2023-04-11 21:59:32.342421: E /samgraph/3rdparty/collcachelib/coll_cache_lib/coll_cache/asymm_link_desc.cc:219] remote time is 24.3333
[2023-04-11 21:59:32.342432: E /samgraph/3rdparty/collcachelib/coll_cache_lib/coll_cache/asymm_link_desc.cc:220] cpu time is 91.25
[2023-04-11 21:59:32.342458: E /samgraph/3rdparty/collcachelib/coll_cache_lib/facade.cc:425] registering cpu data with 8.00 GB
[2023-04-11 21:59:32.342488: E /samgraph/3rdparty/collcachelib/coll_cache_lib/coll_cache/asymm_link_desc.cc:201] assigning 0 to cpu
[2023-04-11 21:59:32.342532: E /samgraph/3rdparty/collcachelib/coll_cache_lib/coll_cache/asymm_link_desc.cc:218] build symm link desc with 8X NVIDIA A100-SXM4-80GB out of 8
[2023-04-11 21:59:32.342549: E /samgraph/3rdparty/collcachelib/coll_cache_lib/coll_cache/asymm_link_desc.cc:219] remote time is 24.3333
[2023-04-11 21:59:32.342560: E /samgraph/3rdparty/collcachelib/coll_cache_lib/coll_cache/asymm_link_desc.cc:220] cpu time is 91.25
[2023-04-11 21:59:32.342585: E /samgraph/3rdparty/collcachelib/coll_cache_lib/facade.cc:425] registering cpu data with 8.00 GB
[2023-04-11 21:59:32.342970: E /samgraph/3rdparty/collcachelib/coll_cache_lib/coll_cache/asymm_link_desc.cc:201] assigning 0 to cpu
[2023-04-11 21:59:32.343019: E /samgraph/3rdparty/collcachelib/coll_cache_lib/coll_cache/asymm_link_desc.cc:218] build symm link desc with 8X NVIDIA A100-SXM4-80GB out of 8
[2023-04-11 21:59:32.343037: E /samgraph/3rdparty/collcachelib/coll_cache_lib/coll_cache/asymm_link_desc.cc:219] remote time is 24.3333
[2023-04-11 21:59:32.343047: E /samgraph/3rdparty/collcachelib/coll_cache_lib/coll_cache/asymm_link_desc.cc:220] cpu time is 91.25
[2023-04-11 21:59:32.343072: E /samgraph/3rdparty/collcachelib/coll_cache_lib/facade.cc:425] registering cpu data with 8.00 GB
[2023-04-11 21:59:32.343331: E /samgraph/3rdparty/collcachelib/coll_cache_lib/coll_cache/asymm_link_desc.cc:201] assigning 0 to cpu
[2023-04-11 21:59:32.343371: E /samgraph/3rdparty/collcachelib/coll_cache_lib/coll_cache/asymm_link_desc.cc:218] build symm link desc with 8X NVIDIA A100-SXM4-80GB out of 8
[2023-04-11 21:59:32.343387: E /samgraph/3rdparty/collcachelib/coll_cache_lib/coll_cache/asymm_link_desc.cc:219] remote time is 24.3333
[2023-04-11 21:59:32.343398: E /samgraph/3rdparty/collcachelib/coll_cache_lib/coll_cache/asymm_link_desc.cc:220] cpu time is 91.25
[2023-04-11 21:59:32.343423: E /samgraph/3rdparty/collcachelib/coll_cache_lib/facade.cc:425] registering cpu data with 8.00 GB
[2023-04-11 21:59:32.343584: E /samgraph/3rdparty/collcachelib/coll_cache_lib/coll_cache/asymm_link_desc.cc:201] assigning 0 to cpu
[2023-04-11 21:59:32.343623: E /samgraph/3rdparty/collcachelib/coll_cache_lib/coll_cache/asymm_link_desc.cc:218] build symm link desc with 8X NVIDIA A100-SXM4-80GB out of 8
[2023-04-11 21:59:32.343644: E /samgraph/3rdparty/collcachelib/coll_cache_lib/coll_cache/asymm_link_desc.cc:219] remote time is 24.3333
[2023-04-11 21:59:32.343655: E /samgraph/3rdparty/collcachelib/coll_cache_lib/coll_cache/asymm_link_desc.cc:220] cpu time is 91.25
[2023-04-11 21:59:32.343680: E /samgraph/3rdparty/collcachelib/coll_cache_lib/facade.cc:425] registering cpu data with 8.00 GB
[2023-04-11 21:59:32.343830: E /samgraph/3rdparty/collcachelib/coll_cache_lib/coll_cache/asymm_link_desc.cc:201] assigning 0 to cpu
[2023-04-11 21:59:32.343870: E /samgraph/3rdparty/collcachelib/coll_cache_lib/coll_cache/asymm_link_desc.cc:218] build symm link desc with 8X NVIDIA A100-SXM4-80GB out of 8
[2023-04-11 21:59:32.343896: E /samgraph/3rdparty/collcachelib/coll_cache_lib/coll_cache/asymm_link_desc.cc:219] remote time is 24.3333
[2023-04-11 21:59:32.343907: E /samgraph/3rdparty/collcachelib/coll_cache_lib/coll_cache/asymm_link_desc.cc:220] cpu time is 91.25
[2023-04-11 21:59:32.343932: E /samgraph/3rdparty/collcachelib/coll_cache_lib/facade.cc:425] registering cpu data with 8.00 GB
[2023-04-11 21:59:32.344033: E /samgraph/3rdparty/collcachelib/coll_cache_lib/coll_cache/asymm_link_desc.cc:201] assigning 0 to cpu
[2023-04-11 21:59:32.344072: E /samgraph/3rdparty/collcachelib/coll_cache_lib/coll_cache/asymm_link_desc.cc:218] build symm link desc with 8X NVIDIA A100-SXM4-80GB out of 8
[2023-04-11 21:59:32.344089: E /samgraph/3rdparty/collcachelib/coll_cache_lib/coll_cache/asymm_link_desc.cc:219] remote time is 24.3333
[2023-04-11 21:59:32.344099: E /samgraph/3rdparty/collcachelib/coll_cache_lib/coll_cache/asymm_link_desc.cc:220] cpu time is 91.25
[2023-04-11 21:59:32.344124: E /samgraph/3rdparty/collcachelib/coll_cache_lib/facade.cc:425] registering cpu data with 8.00 GB
[2023-04-11 21:59:33.810132: E /samgraph/3rdparty/collcachelib/coll_cache_lib/facade.cc:427] registering cpu data done.
[2023-04-11 21:59:33.810218: E /samgraph/3rdparty/collcachelib/coll_cache_lib/facade.cc:427] registering cpu data done.
[2023-04-11 21:59:33.810498: E /samgraph/3rdparty/collcachelib/coll_cache_lib/facade.cc:427] registering cpu data done.
[2023-04-11 21:59:33.810635: E /samgraph/3rdparty/collcachelib/coll_cache_lib/facade.cc:427] registering cpu data done.
[2023-04-11 21:59:33.812036: E /samgraph/3rdparty/collcachelib/coll_cache_lib/facade.cc:427] registering cpu data done.
[2023-04-11 21:59:33.815455: E /samgraph/3rdparty/collcachelib/coll_cache_lib/facade.cc:427] registering cpu data done.
[2023-04-11 21:59:33.816849: E /samgraph/3rdparty/collcachelib/coll_cache_lib/facade.cc:427] registering cpu data done.
[2023-04-11 21:59:43.867782: E /samgraph/3rdparty/collcachelib/coll_cache_lib/freq_recorder.cc:269] freq recorder global combine from 494226391 to 96362705
[2023-04-11 21:59:53.116951: E /samgraph/3rdparty/collcachelib/coll_cache_lib/freq_recorder.cc:286] top 5 freq is 2000,2000,2000,2000,2000
[2023-04-11 21:59:53.117056: E /samgraph/3rdparty/collcachelib/coll_cache_lib/facade.cc:409] before scale, dtype is 0, dim is 128
[2023-04-11 21:59:53.117068: E /samgraph/3rdparty/collcachelib/coll_cache_lib/facade.cc:415] after scale, dtype is 7, new dim is 32
[2023-04-11 21:59:53.118185: E /samgraph/3rdparty/collcachelib/coll_cache_lib/coll_cache/asymm_link_desc.cc:201] assigning 0 to cpu
[2023-04-11 21:59:53.118223: E /samgraph/3rdparty/collcachelib/coll_cache_lib/coll_cache/asymm_link_desc.cc:218] build symm link desc with 8X NVIDIA A100-SXM4-80GB out of 8
[2023-04-11 21:59:53.118246: E /samgraph/3rdparty/collcachelib/coll_cache_lib/coll_cache/asymm_link_desc.cc:219] remote time is 24.3333
[2023-04-11 21:59:53.118256: E /samgraph/3rdparty/collcachelib/coll_cache_lib/coll_cache/asymm_link_desc.cc:220] cpu time is 91.25
[2023-04-11 21:59:53.118290: E /samgraph/3rdparty/collcachelib/coll_cache_lib/facade.cc:425] registering cpu data with 8.00 GB
[2023-04-11 21:59:53.539934: E /samgraph/3rdparty/collcachelib/coll_cache_lib/facade.cc:427] registering cpu data done.
[2023-04-11 21:59:53.540001: E /samgraph/3rdparty/collcachelib/coll_cache_lib/facade.cc:174] creating solver
[2023-04-11 21:59:53.540012: E /samgraph/3rdparty/collcachelib/coll_cache_lib/facade.cc:214] solver created. now build & solve
[2023-04-11 21:59:53.931708: E /samgraph/3rdparty/collcachelib/coll_cache_lib/facade.cc:218] solver built. now solve
block 0 storage is 00000001
	access is	0	0	0	0	0	0	0	0	
block 1 storage is 00000010
	access is	1	1	1	1	1	1	1	1	
block 2 storage is 00000100
	access is	2	2	2	2	2	2	2	2	
block 3 storage is 00001000
	access is	3	3	3	3	3	3	3	3	
block 4 storage is 00010000
	access is	4	4	4	4	4	4	4	4	
block 5 storage is 00100000
	access is	5	5	5	5	5	5	5	5	
block 6 storage is 01000000
	access is	6	6	6	6	6	6	6	6	
block 7 storage is 10000000
	access is	7	7	7	7	7	7	7	7	
block 8 storage is 00000000
	access is	8	8	8	8	8	8	8	8	
[2023-04-11 21:59:54.192391: E /samgraph/3rdparty/collcachelib/coll_cache_lib/facade.cc:222] solver solved
[2023-04-11 21:59:54.194459: E /samgraph/3rdparty/collcachelib/coll_cache_lib/facade.cc:437] 0 solved master
[2023-04-11 21:59:54.194489: E /samgraph/3rdparty/collcachelib/coll_cache_lib/facade.cc:444] 0 solved
[2023-04-11 21:59:54.194502: E /samgraph/3rdparty/collcachelib/coll_cache_lib/facade.cc:447] worker 0 thread 0 initing device 0
[2023-04-11 21:59:54.195198: E /samgraph/3rdparty/collcachelib/coll_cache_lib/cache_context.cu:2308] Building Coll Cache with ... num gpu device is 8
[2023-04-11 21:59:54.195303: E /samgraph/3rdparty/collcachelib/coll_cache_lib/cuda/cache_hashtable.cuh:611] per src size local is 15270843
[2023-04-11 21:59:54.208611: E /samgraph/3rdparty/collcachelib/coll_cache_lib/facade.cc:444] 5 solved
[2023-04-11 21:59:54.208681: E /samgraph/3rdparty/collcachelib/coll_cache_lib/facade.cc:447] worker 0 thread 5 initing device 5
[2023-04-11 21:59:54.209085: E /samgraph/3rdparty/collcachelib/coll_cache_lib/cache_context.cu:2308] Building Coll Cache with ... num gpu device is 8
[[2023-04-11 21:59:54.215862: E 2023-04-11 21:59:54/samgraph/3rdparty/collcachelib/coll_cache_lib/facade.cc.:215862444: ] E 2 solved/samgraph/3rdparty/collcachelib/coll_cache_lib/facade.cc
:444] 3 solved
[2023-04-11 21:59:54.215926: [E2023-04-11 21:59:54 ./samgraph/3rdparty/collcachelib/coll_cache_lib/facade.cc215930:: 447E]  worker 0 thread 2 initing device 2/samgraph/3rdparty/collcachelib/coll_cache_lib/facade.cc
:447] worker 0 thread 3 initing device 3
[[2023-04-11 21:59:542023-04-11 21:59:54..216911216921: : EE  /samgraph/3rdparty/collcachelib/coll_cache_lib/facade.cc/samgraph/3rdparty/collcachelib/coll_cache_lib/facade.cc::444444] ] 1 solved7 solved

[2023-04-11 21:59:54.216983: [E2023-04-11 21:59:54 ./samgraph/3rdparty/collcachelib/coll_cache_lib/facade.cc216985:: 447E]  worker 0 thread 1 initing device 1/samgraph/3rdparty/collcachelib/coll_cache_lib/facade.cc
:447] worker 0 thread 7 initing device 7
[2023-04-11 21:59:54.217309: E /samgraph/3rdparty/collcachelib/coll_cache_lib/cache_context.cu:2308] Building Coll Cache with ... num gpu device is 8
[2023-04-11 21:59:54.217341: E /samgraph/3rdparty/collcachelib/coll_cache_lib/cache_context.cu:2308] Building Coll Cache with ... num gpu device is 8
[2023-04-11 21:59:54.217932: E /samgraph/3rdparty/collcachelib/coll_cache_lib/facade.cc:444] 6 solved
[2023-04-11 21:59:54.218007: E /samgraph/3rdparty/collcachelib/coll_cache_lib/facade.cc:447] worker 0 thread 6 initing device 6
[2023-04-11 21:59:54.218480: E /samgraph/3rdparty/collcachelib/coll_cache_lib/cache_context.cu:2308] Building Coll Cache with ... num gpu device is 8
[2023-04-11 21:59:54.227978: E /samgraph/3rdparty/collcachelib/coll_cache_lib/facade.cc:444] 4 solved
[2023-04-11 21:59:54.228072: E /samgraph/3rdparty/collcachelib/coll_cache_lib/facade.cc:447] worker 0 thread 4 initing device 4
[2023-04-11 21:59:54.228653: E /samgraph/3rdparty/collcachelib/coll_cache_lib/cache_context.cu:2308] Building Coll Cache with ... num gpu device is 8
[2023-04-11 21:59:54.236918: E /samgraph/3rdparty/collcachelib/coll_cache_lib/cache_context.cu:2308] Building Coll Cache with ... num gpu device is 8
[2023-04-11 21:59:54.236973: E /samgraph/3rdparty/collcachelib/coll_cache_lib/cache_context.cu:2308] Building Coll Cache with ... num gpu device is 8
[2023-04-11 21:59:54.434944: E /samgraph/3rdparty/collcachelib/coll_cache_lib/cache_context.cu:2350] num cpu nodes is 4
[2023-04-11 21:59:54.456194: E /samgraph/3rdparty/collcachelib/coll_cache_lib/cache_context.cu:2350] num cpu nodes is 4
[2023-04-11 21:59:54.464473: E /samgraph/3rdparty/collcachelib/coll_cache_lib/cache_context.cu:2350] num cpu nodes is 4
[2023-04-11 21:59:54.468390: E /samgraph/3rdparty/collcachelib/coll_cache_lib/cache_context.cu:2350] num cpu nodes is 4
[2023-04-11 21:59:54.476172: E /samgraph/3rdparty/collcachelib/coll_cache_lib/cache_context.cu:2350] num cpu nodes is 4
[2023-04-11 21:59:54.481540: E /samgraph/3rdparty/collcachelib/coll_cache_lib/cache_context.cu:2350] num cpu nodes is 4
[2023-04-11 21:59:54.481647: E /samgraph/3rdparty/collcachelib/coll_cache_lib/cache_context.cu:2350] num cpu nodes is 4
[2023-04-11 21:59:54.494419: E /samgraph/3rdparty/collcachelib/coll_cache_lib/cache_context.cu:2350] num cpu nodes is 4
[2023-04-11 21:59:54.934179: E /samgraph/3rdparty/collcachelib/coll_cache_lib/cuda/cache_hashtable.cu:355] create a hashtable with 111059952 possible elem, scale to 268435456
[2023-04-11 21:59:54.934234: E /samgraph/3rdparty/collcachelib/coll_cache_lib/cuda/cache_hashtable.cu:360] SimpleHashTable allocating 2.00 GB
[2023-04-11 21:59:55. 13811: E /samgraph/3rdparty/collcachelib/coll_cache_lib/cuda/cache_hashtable.cu:355] create a hashtable with 111059952 possible elem, scale to 268435456
[2023-04-11 21:59:55. 13850: E /samgraph/3rdparty/collcachelib/coll_cache_lib/cuda/cache_hashtable.cu:360] SimpleHashTable allocating 2.00 GB
[2023-04-11 21:59:55. 86871: E /samgraph/3rdparty/collcachelib/coll_cache_lib/cuda/cache_hashtable.cu:355] create a hashtable with 111059952 possible elem, scale to 268435456
[2023-04-11 21:59:55. 86922: E /samgraph/3rdparty/collcachelib/coll_cache_lib/cuda/cache_hashtable.cu:360] SimpleHashTable allocating 2.00 GB
[2023-04-11 21:59:55. 87264: E /samgraph/3rdparty/collcachelib/coll_cache_lib/cuda/cache_hashtable.cu:355] create a hashtable with 111059952 possible elem, scale to 268435456
[2023-04-11 21:59:55. 87301: E /samgraph/3rdparty/collcachelib/coll_cache_lib/cuda/cache_hashtable.cu:360] SimpleHashTable allocating 2.00 GB
[2023-04-11 21:59:55. 87327: E /samgraph/3rdparty/collcachelib/coll_cache_lib/cuda/cache_hashtable.cu:355] create a hashtable with 111059952 possible elem, scale to 268435456
[2023-04-11 21:59:55. 87357: E /samgraph/3rdparty/collcachelib/coll_cache_lib/cuda/cache_hashtable.cu:360] SimpleHashTable allocating 2.00 GB
[2023-04-11 21:59:55. 87430: E /samgraph/3rdparty/collcachelib/coll_cache_lib/cuda/cache_hashtable.cu:355] create a hashtable with 111059952 possible elem, scale to 268435456
[2023-04-11 21:59:55. 87461: E /samgraph/3rdparty/collcachelib/coll_cache_lib/cuda/cache_hashtable.cu:360] SimpleHashTable allocating 2.00 GB
[2023-04-11 21:59:55. 88520: E /samgraph/3rdparty/collcachelib/coll_cache_lib/cuda/cache_hashtable.cu:355] create a hashtable with 111059952 possible elem, scale to 268435456
[2023-04-11 21:59:55. 88555: E /samgraph/3rdparty/collcachelib/coll_cache_lib/cuda/cache_hashtable.cu[:2023-04-11 21:59:55360.]  88537SimpleHashTable allocating 2.00 GB: 
E /samgraph/3rdparty/collcachelib/coll_cache_lib/cuda/cache_hashtable.cu:355] create a hashtable with 111059952 possible elem, scale to 268435456
[2023-04-11 21:59:55. 88582: E /samgraph/3rdparty/collcachelib/coll_cache_lib/cuda/cache_hashtable.cu:360] SimpleHashTable allocating 2.00 GB
[2023-04-11 21:59:55.260903: E /samgraph/3rdparty/collcachelib/coll_cache_lib/common.cc:107] too many mem allocated for forcescale?22323051->8440557
[2023-04-11 21:59:55.261247: E /samgraph/3rdparty/collcachelib/coll_cache_lib/common.cc:107] too many mem allocated for forcescale?22323051->8440557
[2023-04-11 21:59:55.261345: E /samgraph/3rdparty/collcachelib/coll_cache_lib/common.cc:107] too many mem allocated for forcescale?22323051->8440557
[2023-04-11 21:59:55.261677: E /samgraph/3rdparty/collcachelib/coll_cache_lib/common.cc:107] too many mem allocated for forcescale?22323051->8440557
[2023-04-11 21:59:55.263901: E /samgraph/3rdparty/collcachelib/coll_cache_lib/common.cc:107] too many mem allocated for forcescale?22323051->8440557
[2023-04-11 21:59:55.264022: E /samgraph/3rdparty/collcachelib/coll_cache_lib/common.cc:107] too many mem allocated for forcescale?22323051->8440557
[2023-04-11 21:59:55.264120: E /samgraph/3rdparty/collcachelib/coll_cache_lib/common.cc:107] too many mem allocated for forcescale?22323051->8440557
[2023-04-11 21:59:55.264996: E /samgraph/3rdparty/collcachelib/coll_cache_lib/common.cc:107] too many mem allocated for forcescale?22323051->8440557
[2023-04-11 21:59:55.283001: E /samgraph/3rdparty/collcachelib/coll_cache_lib/cache_context.cu:2427] Asymm Coll cache (policy: clique_part) | local 13882494 / 111059956 nodes ( 12.50 %~20.00 %) | remote 97177458 / 111059956 nodes ( 87.50 %) | cpu 4 / 111059956 nodes ( 0.00 %) | 10.64 GB | 1.0739 secs 
[2023-04-11 21:59:55.288088: E /samgraph/3rdparty/collcachelib/coll_cache_lib/cache_context.cu:2427] Asymm Coll cache (policy: clique_part) | local 13882494 / 111059956 nodes ( 12.50 %~20.00 %) | remote 97177458 / 111059956 nodes ( 87.50 %) | cpu 4 / 111059956 nodes ( 0.00 %) | 10.64 GB | 1.06959 secs 
[2023-04-11 21:59:55.291012: E /samgraph/3rdparty/collcachelib/coll_cache_lib/cache_context.cu:2427] Asymm Coll cache (policy: clique_part) | local 13882494 / 111059956 nodes ( 12.50 %~20.00 %) | remote 97177458 / 111059956 nodes ( 87.50 %) | cpu 4 / 111059956 nodes ( 0.00 %) | 10.64 GB | 1.06233 secs 
[2023-04-11 21:59:55.292438: E /samgraph/3rdparty/collcachelib/coll_cache_lib/cache_context.cu:2427] Asymm Coll cache (policy: clique_part) | local 13882494 / 111059956 nodes ( 12.50 %~20.00 %) | remote 97177458 / 111059956 nodes ( 87.50 %) | cpu 4 / 111059956 nodes ( 0.00 %) | 10.64 GB | 1.05544 secs 
[2023-04-11 21:59:55.292481: E /samgraph/3rdparty/collcachelib/coll_cache_lib/cache_context.cu:2427] Asymm Coll cache (policy: clique_part) | local 13882494 / 111059956 nodes ( 12.50 %~20.00 %) | remote 97177458 / 111059956 nodes ( 87.50 %) | cpu 4 / 111059956 nodes ( 0.00 %) | 10.64 GB | 1.07512 secs 
[2023-04-11 21:59:55.296223: E /samgraph/3rdparty/collcachelib/coll_cache_lib/cache_context.cu:2427] Asymm Coll cache (policy: clique_part) | local 13882494 / 111059956 nodes ( 12.50 %~20.00 %) | remote 97177458 / 111059956 nodes ( 87.50 %) | cpu 4 / 111059956 nodes ( 0.00 %) | 10.64 GB | 1.0789 secs 
[2023-04-11 21:59:55.297516: E /samgraph/3rdparty/collcachelib/coll_cache_lib/cache_context.cu:2427] Asymm Coll cache (policy: clique_part) | local 13882494 / 111059956 nodes ( 12.50 %~20.00 %) | remote 97177458 / 111059956 nodes ( 87.50 %) | cpu 4 / 111059956 nodes ( 0.00 %) | 10.64 GB | 1.1023 secs 
[2023-04-11 21:59:55.302462: E /samgraph/3rdparty/collcachelib/coll_cache_lib/cache_context.cu:2427] Asymm Coll cache (policy: clique_part) | local 13882494 / 111059956 nodes ( 12.50 %~20.00 %) | remote 97177458 / 111059956 nodes ( 87.50 %) | cpu 4 / 111059956 nodes ( 0.00 %) | 10.64 GB | 1.0655 secs 
/usr/local/lib/python3.8/dist-packages/torch/nn/parallel/scatter_gather.py:9: UserWarning: is_namedtuple is deprecated, please use the python checks instead
  warnings.warn("is_namedtuple is deprecated, please use the python checks instead")
/usr/local/lib/python3.8/dist-packages/torch/nn/parallel/scatter_gather.py:9: UserWarning: is_namedtuple is deprecated, please use the python checks instead
  warnings.warn("is_namedtuple is deprecated, please use the python checks instead")
/usr/local/lib/python3.8/dist-packages/torch/nn/parallel/scatter_gather.py:9: UserWarning: is_namedtuple is deprecated, please use the python checks instead
  warnings.warn("is_namedtuple is deprecated, please use the python checks instead")
/usr/local/lib/python3.8/dist-packages/torch/nn/parallel/scatter_gather.py:9: UserWarning: is_namedtuple is deprecated, please use the python checks instead
  warnings.warn("is_namedtuple is deprecated, please use the python checks instead")
/usr/local/lib/python3.8/dist-packages/torch/nn/parallel/scatter_gather.py:9: UserWarning: is_namedtuple is deprecated, please use the python checks instead
  warnings.warn("is_namedtuple is deprecated, please use the python checks instead")
/usr/local/lib/python3.8/dist-packages/torch/nn/parallel/scatter_gather.py:9: UserWarning: is_namedtuple is deprecated, please use the python checks instead
  warnings.warn("is_namedtuple is deprecated, please use the python checks instead")
/usr/local/lib/python3.8/dist-packages/torch/nn/parallel/scatter_gather.py:9: UserWarning: is_namedtuple is deprecated, please use the python checks instead
  warnings.warn("is_namedtuple is deprecated, please use the python checks instead")
/usr/local/lib/python3.8/dist-packages/torch/nn/parallel/scatter_gather.py:9: UserWarning: is_namedtuple is deprecated, please use the python checks instead
  warnings.warn("is_namedtuple is deprecated, please use the python checks instead")
