/usr/lib/python3/dist-packages/requests/__init__.py:89: RequestsDependencyWarning: urllib3 (1.26.12) or chardet (3.0.4) doesn't match a supported version!
  warnings.warn("urllib3 ({}) or chardet ({}) doesn't match a supported "
Rank=2 done reading 13882495 embedding vectors from file /nvme/songxiaoniu/graph-learning/wholegraph/ogbn_papers100M/converted/homograph_csr_row_ptr
Rank=3 done reading 13882495 embedding vectors from file /nvme/songxiaoniu/graph-learning/wholegraph/ogbn_papers100M/converted/homograph_csr_row_ptr
Rank=5 done reading 13882495 embedding vectors from file /nvme/songxiaoniu/graph-learning/wholegraph/ogbn_papers100M/converted/homograph_csr_row_ptr
Rank=6 done reading 13882495 embedding vectors from file /nvme/songxiaoniu/graph-learning/wholegraph/ogbn_papers100M/converted/homograph_csr_row_ptr
Rank=7 done reading 13882492 embedding vectors from file /nvme/songxiaoniu/graph-learning/wholegraph/ogbn_papers100M/converted/homograph_csr_row_ptr
Rank=4 done reading 13882495 embedding vectors from file /nvme/songxiaoniu/graph-learning/wholegraph/ogbn_papers100M/converted/homograph_csr_row_ptr
Rank=0 done reading 13882495 embedding vectors from file /nvme/songxiaoniu/graph-learning/wholegraph/ogbn_papers100M/converted/homograph_csr_row_ptr
Rank=1 done reading 13882495 embedding vectors from file /nvme/songxiaoniu/graph-learning/wholegraph/ogbn_papers100M/converted/homograph_csr_row_ptr
Rank=6 done reading 403921468 embedding vectors from file /nvme/songxiaoniu/graph-learning/wholegraph/ogbn_papers100M/converted/homograph_csr_col_idx
Rank=7 done reading 403921468 embedding vectors from file /nvme/songxiaoniu/graph-learning/wholegraph/ogbn_papers100M/converted/homograph_csr_col_idx
Rank=3 done reading 403921468 embedding vectors from file /nvme/songxiaoniu/graph-learning/wholegraph/ogbn_papers100M/converted/homograph_csr_col_idx
Rank=2 done reading 403921468 embedding vectors from file /nvme/songxiaoniu/graph-learning/wholegraph/ogbn_papers100M/converted/homograph_csr_col_idx
Rank=1 done reading 403921468 embedding vectors from file /nvme/songxiaoniu/graph-learning/wholegraph/ogbn_papers100M/converted/homograph_csr_col_idx
Rank=0 done reading 403921468 embedding vectors from file /nvme/songxiaoniu/graph-learning/wholegraph/ogbn_papers100M/converted/homograph_csr_col_idx
Rank=5 done reading 403921468 embedding vectors from file /nvme/songxiaoniu/graph-learning/wholegraph/ogbn_papers100M/converted/homograph_csr_col_idx
Rank=4 done reading 403921468 embedding vectors from file /nvme/songxiaoniu/graph-learning/wholegraph/ogbn_papers100M/converted/homograph_csr_col_idx
[2023-04-14 20:59:37.592862: E /samgraph/3rdparty/collcachelib/coll_cache_lib/freq_recorder.cc:337] bulk append 7701764 into 0
[2023-04-14 20:59:37.624742: E /samgraph/3rdparty/collcachelib/coll_cache_lib/freq_recorder.cc:347] bulk append 54676175
[2023-04-14 20:59:37.625913: E /samgraph/3rdparty/collcachelib/coll_cache_lib/freq_recorder.cc:337] bulk append 7708901 into 7701764
[2023-04-14 20:59:37.657750: E /samgraph/3rdparty/collcachelib/coll_cache_lib/freq_recorder.cc:347] bulk append 54715615
[2023-04-14 20:59:37.658912: E /samgraph/3rdparty/collcachelib/coll_cache_lib/freq_recorder.cc:337] bulk append 7701021 into 15410665
[2023-04-14 20:59:37.690717: E /samgraph/3rdparty/collcachelib/coll_cache_lib/freq_recorder.cc:347] bulk append 54693437
[2023-04-14 20:59:37.691868: E /samgraph/3rdparty/collcachelib/coll_cache_lib/freq_recorder.cc:337] bulk append 7708337 into 23111686
[2023-04-14 20:59:37.723693: E /samgraph/3rdparty/collcachelib/coll_cache_lib/freq_recorder.cc:347] bulk append 54691886
[2023-04-14 20:59:37.724846: E /samgraph/3rdparty/collcachelib/coll_cache_lib/freq_recorder.cc:337] bulk append 7701098 into 30820023
[2023-04-14 20:59:37.756649: E /samgraph/3rdparty/collcachelib/coll_cache_lib/freq_recorder.cc:347] bulk append 54668646
[2023-04-14 20:59:37.757794: E /samgraph/3rdparty/collcachelib/coll_cache_lib/freq_recorder.cc:337] bulk append 7710923 into 38521121
[2023-04-14 20:59:37.789643: E /samgraph/3rdparty/collcachelib/coll_cache_lib/freq_recorder.cc:347] bulk append 54731629
[2023-04-14 20:59:37.790800: E /samgraph/3rdparty/collcachelib/coll_cache_lib/freq_recorder.cc:337] bulk append 7701866 into 46232044
[2023-04-14 20:59:37.822602: E /samgraph/3rdparty/collcachelib/coll_cache_lib/freq_recorder.cc:347] bulk append 54680607
[2023-04-14 20:59:37.823742: E /samgraph/3rdparty/collcachelib/coll_cache_lib/freq_recorder.cc:337] bulk append 7710743 into 53933910
[2023-04-14 20:59:37.855596: E /samgraph/3rdparty/collcachelib/coll_cache_lib/freq_recorder.cc:347] bulk append 54728779
[2023-04-14 20:59:37.856770: E /samgraph/3rdparty/collcachelib/coll_cache_lib/freq_recorder.cc:337] bulk append 7700775 into 61644653
[2023-04-14 20:59:37.888576: E /samgraph/3rdparty/collcachelib/coll_cache_lib/freq_recorder.cc:347] bulk append 54618423
[2023-04-14 20:59:37.889716: E /samgraph/3rdparty/collcachelib/coll_cache_lib/freq_recorder.cc:337] bulk append 7709553 into 69345428
[2023-04-14 20:59:37.921504: E /samgraph/3rdparty/collcachelib/coll_cache_lib/freq_recorder.cc:347] bulk append 54710806
[2023-04-14 20:59:37.922677: E /samgraph/3rdparty/collcachelib/coll_cache_lib/freq_recorder.cc:337] bulk append 7438700 into 77054981
[2023-04-14 20:59:37.953815: E /samgraph/3rdparty/collcachelib/coll_cache_lib/freq_recorder.cc:347] bulk append 57297579
[2023-04-14 20:59:37.954957: E /samgraph/3rdparty/collcachelib/coll_cache_lib/freq_recorder.cc:337] bulk append 7444177 into 84493681
[2023-04-14 20:59:37.986073: E /samgraph/3rdparty/collcachelib/coll_cache_lib/freq_recorder.cc:347] bulk append 57392838
[2023-04-14 20:59:37.987207: E /samgraph/3rdparty/collcachelib/coll_cache_lib/freq_recorder.cc:337] bulk append 7434340 into 91937858
[2023-04-14 20:59:38. 18262: E /samgraph/3rdparty/collcachelib/coll_cache_lib/freq_recorder.cc:347] bulk append 57351018
[2023-04-14 20:59:38. 19404: E /samgraph/3rdparty/collcachelib/coll_cache_lib/freq_recorder.cc:337] bulk append 7446606 into 99372198
[2023-04-14 20:59:38. 50564: E /samgraph/3rdparty/collcachelib/coll_cache_lib/freq_recorder.cc:347] bulk append 57385080
[2023-04-14 20:59:38. 51697: E /samgraph/3rdparty/collcachelib/coll_cache_lib/freq_recorder.cc:337] bulk append 7435750 into 106818804
[2023-04-14 20:59:38. 82756: E /samgraph/3rdparty/collcachelib/coll_cache_lib/freq_recorder.cc:347] bulk append 57310867
[2023-04-14 20:59:38. 83890: E /samgraph/3rdparty/collcachelib/coll_cache_lib/freq_recorder.cc:337] bulk append 7445434 into 114254554
[2023-04-14 20:59:38.115146: E /samgraph/3rdparty/collcachelib/coll_cache_lib/freq_recorder.cc:347] bulk append 57408942
[2023-04-14 20:59:38.116284: E /samgraph/3rdparty/collcachelib/coll_cache_lib/freq_recorder.cc:337] bulk append 7435285 into 121699988
[2023-04-14 20:59:38.147364: E /samgraph/3rdparty/collcachelib/coll_cache_lib/freq_recorder.cc:347] bulk append 57328663
[2023-04-14 20:59:38.148512: E /samgraph/3rdparty/collcachelib/coll_cache_lib/freq_recorder.cc:337] bulk append 7445383 into 129135273
[2023-04-14 20:59:38.179632: E /samgraph/3rdparty/collcachelib/coll_cache_lib/freq_recorder.cc:347] bulk append 57365631
[2023-04-14 20:59:38.180782: E /samgraph/3rdparty/collcachelib/coll_cache_lib/freq_recorder.cc:337] bulk append 7435394 into 136580656
[2023-04-14 20:59:38.211861: E /samgraph/3rdparty/collcachelib/coll_cache_lib/freq_recorder.cc:347] bulk append 57264857
[2023-04-14 20:59:38.213021: E /samgraph/3rdparty/collcachelib/coll_cache_lib/freq_recorder.cc:337] bulk append 7442008 into 144016050
[2023-04-14 20:59:38.244100: E /samgraph/3rdparty/collcachelib/coll_cache_lib/freq_recorder.cc:347] bulk append 57353261
[2023-04-14 20:59:38.245242: E /samgraph/3rdparty/collcachelib/coll_cache_lib/freq_recorder.cc:337] bulk append 7285360 into 151458058
[2023-04-14 20:59:38.275930: E /samgraph/3rdparty/collcachelib/coll_cache_lib/freq_recorder.cc:347] bulk append 57406524
[2023-04-14 20:59:38.277101: E /samgraph/3rdparty/collcachelib/coll_cache_lib/freq_recorder.cc:337] bulk append 7295195 into 158743418
[2023-04-14 20:59:38.307732: E /samgraph/3rdparty/collcachelib/coll_cache_lib/freq_recorder.cc:347] bulk append 57519360
[2023-04-14 20:59:38.308924: E /samgraph/3rdparty/collcachelib/coll_cache_lib/freq_recorder.cc:337] bulk append 7284065 into 166038613
[2023-04-14 20:59:38.339542: E /samgraph/3rdparty/collcachelib/coll_cache_lib/freq_recorder.cc:347] bulk append 57495565
[2023-04-14 20:59:38.340685: E /samgraph/3rdparty/collcachelib/coll_cache_lib/freq_recorder.cc:337] bulk append 7294269 into 173322678
[2023-04-14 20:59:38.371347: E /samgraph/3rdparty/collcachelib/coll_cache_lib/freq_recorder.cc:347] bulk append 57539524
[2023-04-14 20:59:38.372515: E /samgraph/3rdparty/collcachelib/coll_cache_lib/freq_recorder.cc:337] bulk append 7285288 into 180616947
[2023-04-14 20:59:38.403132: E /samgraph/3rdparty/collcachelib/coll_cache_lib/freq_recorder.cc:347] bulk append 57457780
[2023-04-14 20:59:38.404289: E /samgraph/3rdparty/collcachelib/coll_cache_lib/freq_recorder.cc:337] bulk append 7295057 into 187902235
[2023-04-14 20:59:38.436241: E /samgraph/3rdparty/collcachelib/coll_cache_lib/freq_recorder.cc:347] bulk append 57550929
[2023-04-14 20:59:38.437943: E /samgraph/3rdparty/collcachelib/coll_cache_lib/freq_recorder.cc:337] bulk append 7285221 into 195197292
[2023-04-14 20:59:38.469026: E /samgraph/3rdparty/collcachelib/coll_cache_lib/freq_recorder.cc:347] bulk append 57470951
[2023-04-14 20:59:38.470193: E /samgraph/3rdparty/collcachelib/coll_cache_lib/freq_recorder.cc:337] bulk append 7293516 into 202482513
[2023-04-14 20:59:38.500824: E /samgraph/3rdparty/collcachelib/coll_cache_lib/freq_recorder.cc:347] bulk append 57510536
[2023-04-14 20:59:38.501996: E /samgraph/3rdparty/collcachelib/coll_cache_lib/freq_recorder.cc:337] bulk append 7286252 into 209776029
[2023-04-14 20:59:38.532807: E /samgraph/3rdparty/collcachelib/coll_cache_lib/freq_recorder.cc:347] bulk append 57436646
[2023-04-14 20:59:38.533967: E /samgraph/3rdparty/collcachelib/coll_cache_lib/freq_recorder.cc:337] bulk append 7292190 into 217062281
[2023-04-14 20:59:38.564605: E /samgraph/3rdparty/collcachelib/coll_cache_lib/freq_recorder.cc:347] bulk append 57501624
[2023-04-14 20:59:38.565772: E /samgraph/3rdparty/collcachelib/coll_cache_lib/freq_recorder.cc:337] bulk append 7286598 into 224354471
[2023-04-14 20:59:38.596846: E /samgraph/3rdparty/collcachelib/coll_cache_lib/freq_recorder.cc:347] bulk append 57409146
[2023-04-14 20:59:38.597994: E /samgraph/3rdparty/collcachelib/coll_cache_lib/freq_recorder.cc:337] bulk append 7292826 into 231641069
[2023-04-14 20:59:38.628589: E /samgraph/3rdparty/collcachelib/coll_cache_lib/freq_recorder.cc:347] bulk append 57496907
[2023-04-14 20:59:38.629738: E /samgraph/3rdparty/collcachelib/coll_cache_lib/freq_recorder.cc:337] bulk append 7287330 into 238933895
[2023-04-14 20:59:38.660432: E /samgraph/3rdparty/collcachelib/coll_cache_lib/freq_recorder.cc:347] bulk append 57471093
[2023-04-14 20:59:38.661586: E /samgraph/3rdparty/collcachelib/coll_cache_lib/freq_recorder.cc:337] bulk append 7293559 into 246221225
[2023-04-14 20:59:38.692239: E /samgraph/3rdparty/collcachelib/coll_cache_lib/freq_recorder.cc:347] bulk append 57504680
[2023-04-14 20:59:38.693403: E /samgraph/3rdparty/collcachelib/coll_cache_lib/freq_recorder.cc:337] bulk append 7284502 into 253514784
[2023-04-14 20:59:38.723985: E /samgraph/3rdparty/collcachelib/coll_cache_lib/freq_recorder.cc:347] bulk append 57430418
[2023-04-14 20:59:38.725130: E /samgraph/3rdparty/collcachelib/coll_cache_lib/freq_recorder.cc:337] bulk append 7295784 into 260799286
[2023-04-14 20:59:38.755809: E /samgraph/3rdparty/collcachelib/coll_cache_lib/freq_recorder.cc:347] bulk append 57535110
[2023-04-14 20:59:38.756951: E /samgraph/3rdparty/collcachelib/coll_cache_lib/freq_recorder.cc:337] bulk append 7284794 into 268095070
[2023-04-14 20:59:38.787492: E /samgraph/3rdparty/collcachelib/coll_cache_lib/freq_recorder.cc:347] bulk append 57450837
[2023-04-14 20:59:38.788622: E /samgraph/3rdparty/collcachelib/coll_cache_lib/freq_recorder.cc:337] bulk append 7294562 into 275379864
[2023-04-14 20:59:38.819239: E /samgraph/3rdparty/collcachelib/coll_cache_lib/freq_recorder.cc:347] bulk append 57503442
[2023-04-14 20:59:38.820393: E /samgraph/3rdparty/collcachelib/coll_cache_lib/freq_recorder.cc:337] bulk append 7286163 into 282674426
[2023-04-14 20:59:38.851430: E /samgraph/3rdparty/collcachelib/coll_cache_lib/freq_recorder.cc:347] bulk append 57415372
[2023-04-14 20:59:38.852565: E /samgraph/3rdparty/collcachelib/coll_cache_lib/freq_recorder.cc:337] bulk append 7293394 into 289960589
[2023-04-14 20:59:38.883632: E /samgraph/3rdparty/collcachelib/coll_cache_lib/freq_recorder.cc:347] bulk append 57478267
[2023-04-14 20:59:38.884770: E /samgraph/3rdparty/collcachelib/coll_cache_lib/freq_recorder.cc:337] bulk append 7348195 into 297253983
[2023-04-14 20:59:38.915574: E /samgraph/3rdparty/collcachelib/coll_cache_lib/freq_recorder.cc:347] bulk append 57658701
[2023-04-14 20:59:38.916714: E /samgraph/3rdparty/collcachelib/coll_cache_lib/freq_recorder.cc:337] bulk append 7356430 into 304602178
[2023-04-14 20:59:38.947494: E /samgraph/3rdparty/collcachelib/coll_cache_lib/freq_recorder.cc:347] bulk append 57758950
[2023-04-14 20:59:38.948621: E /samgraph/3rdparty/collcachelib/coll_cache_lib/freq_recorder.cc:337] bulk append 7346804 into 311958608
[2023-04-14 20:59:38.979444: E /samgraph/3rdparty/collcachelib/coll_cache_lib/freq_recorder.cc:347] bulk append 57740661
[2023-04-14 20:59:38.980570: E /samgraph/3rdparty/collcachelib/coll_cache_lib/freq_recorder.cc:337] bulk append 7355622 into 319305412
[2023-04-14 20:59:39. 11357: E /samgraph/3rdparty/collcachelib/coll_cache_lib/freq_recorder.cc:347] bulk append 57747387
[2023-04-14 20:59:39. 12489: E /samgraph/3rdparty/collcachelib/coll_cache_lib/freq_recorder.cc:337] bulk append 7347038 into 326661034
[2023-04-14 20:59:39. 43236: E /samgraph/3rdparty/collcachelib/coll_cache_lib/freq_recorder.cc:347] bulk append 57678355
[2023-04-14 20:59:39. 44347: E /samgraph/3rdparty/collcachelib/coll_cache_lib/freq_recorder.cc:337] bulk append 7357631 into 334008072
[2023-04-14 20:59:39. 75142: E /samgraph/3rdparty/collcachelib/coll_cache_lib/freq_recorder.cc:347] bulk append 57782923
[2023-04-14 20:59:39. 76265: E /samgraph/3rdparty/collcachelib/coll_cache_lib/freq_recorder.cc:337] bulk append 7346540 into 341365703
[2023-04-14 20:59:39.107079: E /samgraph/3rdparty/collcachelib/coll_cache_lib/freq_recorder.cc:347] bulk append 57715578
[2023-04-14 20:59:39.108191: E /samgraph/3rdparty/collcachelib/coll_cache_lib/freq_recorder.cc:337] bulk append 7356522 into 348712243
[2023-04-14 20:59:39.138984: E /samgraph/3rdparty/collcachelib/coll_cache_lib/freq_recorder.cc:347] bulk append 57744944
[2023-04-14 20:59:39.140106: E /samgraph/3rdparty/collcachelib/coll_cache_lib/freq_recorder.cc:337] bulk append 7346595 into 356068765
[2023-04-14 20:59:39.170865: E /samgraph/3rdparty/collcachelib/coll_cache_lib/freq_recorder.cc:347] bulk append 57642434
[2023-04-14 20:59:39.171990: E /samgraph/3rdparty/collcachelib/coll_cache_lib/freq_recorder.cc:337] bulk append 7353835 into 363415360
[2023-04-14 20:59:39.202758: E /samgraph/3rdparty/collcachelib/coll_cache_lib/freq_recorder.cc:347] bulk append 57736411
[2023-04-14 20:59:39.203893: E /samgraph/3rdparty/collcachelib/coll_cache_lib/freq_recorder.cc:337] bulk append 7486938 into 370769195
[2023-04-14 20:59:39.235150: E /samgraph/3rdparty/collcachelib/coll_cache_lib/freq_recorder.cc:347] bulk append 56714010
[2023-04-14 20:59:39.236307: E /samgraph/3rdparty/collcachelib/coll_cache_lib/freq_recorder.cc:337] bulk append 7492323 into 378256133
[2023-04-14 20:59:39.267572: E /samgraph/3rdparty/collcachelib/coll_cache_lib/freq_recorder.cc:347] bulk append 56819324
[2023-04-14 20:59:39.268730: E /samgraph/3rdparty/collcachelib/coll_cache_lib/freq_recorder.cc:337] bulk append 7486132 into 385748456
[2023-04-14 20:59:39.299965: E /samgraph/3rdparty/collcachelib/coll_cache_lib/freq_recorder.cc:347] bulk append 56764566
[2023-04-14 20:59:39.301119: E /samgraph/3rdparty/collcachelib/coll_cache_lib/freq_recorder.cc:337] bulk append 7493110 into 393234588
[2023-04-14 20:59:39.332390: E /samgraph/3rdparty/collcachelib/coll_cache_lib/freq_recorder.cc:347] bulk append 56801762
[2023-04-14 20:59:39.333546: E /samgraph/3rdparty/collcachelib/coll_cache_lib/freq_recorder.cc:337] bulk append 7487402 into 400727698
[2023-04-14 20:59:39.364803: E /samgraph/3rdparty/collcachelib/coll_cache_lib/freq_recorder.cc:347] bulk append 56726311
[2023-04-14 20:59:39.365948: E /samgraph/3rdparty/collcachelib/coll_cache_lib/freq_recorder.cc:337] bulk append 7495789 into 408215100
[2023-04-14 20:59:39.397221: E /samgraph/3rdparty/collcachelib/coll_cache_lib/freq_recorder.cc:347] bulk append 56830780
[2023-04-14 20:59:39.398393: E /samgraph/3rdparty/collcachelib/coll_cache_lib/freq_recorder.cc:337] bulk append 7486011 into 415710889
[2023-04-14 20:59:39.429622: E /samgraph/3rdparty/collcachelib/coll_cache_lib/freq_recorder.cc:347] bulk append 56767895
[2023-04-14 20:59:39.430784: E /samgraph/3rdparty/collcachelib/coll_cache_lib/freq_recorder.cc:337] bulk append 7494763 into 423196900
[2023-04-14 20:59:39.462053: E /samgraph/3rdparty/collcachelib/coll_cache_lib/freq_recorder.cc:347] bulk append 56801749
[2023-04-14 20:59:39.463200: E /samgraph/3rdparty/collcachelib/coll_cache_lib/freq_recorder.cc:337] bulk append 7485415 into 430691663
[2023-04-14 20:59:39.494441: E /samgraph/3rdparty/collcachelib/coll_cache_lib/freq_recorder.cc:347] bulk append 56726502
[2023-04-14 20:59:39.495598: E /samgraph/3rdparty/collcachelib/coll_cache_lib/freq_recorder.cc:337] bulk append 7494656 into 438177078
[2023-04-14 20:59:39.526848: E /samgraph/3rdparty/collcachelib/coll_cache_lib/freq_recorder.cc:347] bulk append 56790863
[2023-04-14 20:59:39.528012: E /samgraph/3rdparty/collcachelib/coll_cache_lib/freq_recorder.cc:337] bulk append 7625498 into 445671734
[2023-04-14 20:59:39.559721: E /samgraph/3rdparty/collcachelib/coll_cache_lib/freq_recorder.cc:347] bulk append 54428859
[2023-04-14 20:59:39.560881: E /samgraph/3rdparty/collcachelib/coll_cache_lib/freq_recorder.cc:337] bulk append 7631804 into 453297232
[2023-04-14 20:59:39.592547: E /samgraph/3rdparty/collcachelib/coll_cache_lib/freq_recorder.cc:347] bulk append 54498479
[2023-04-14 20:59:39.593688: E /samgraph/3rdparty/collcachelib/coll_cache_lib/freq_recorder.cc:337] bulk append 7623999 into 460929036
[2023-04-14 20:59:39.625347: E /samgraph/3rdparty/collcachelib/coll_cache_lib/freq_recorder.cc:347] bulk append 54472530
[2023-04-14 20:59:39.626517: E /samgraph/3rdparty/collcachelib/coll_cache_lib/freq_recorder.cc:337] bulk append 7631482 into 468553035
[2023-04-14 20:59:39.658180: E /samgraph/3rdparty/collcachelib/coll_cache_lib/freq_recorder.cc:347] bulk append 54484256
[2023-04-14 20:59:39.659323: E /samgraph/3rdparty/collcachelib/coll_cache_lib/freq_recorder.cc:337] bulk append 7624992 into 476184517
[2023-04-14 20:59:39.690972: E /samgraph/3rdparty/collcachelib/coll_cache_lib/freq_recorder.cc:347] bulk append 54430268
[2023-04-14 20:59:39.692131: E /samgraph/3rdparty/collcachelib/coll_cache_lib/freq_recorder.cc:337] bulk append 7633106 into 483809509
[2023-04-14 20:59:39.723822: E /samgraph/3rdparty/collcachelib/coll_cache_lib/freq_recorder.cc:347] bulk append 54521401
[2023-04-14 20:59:39.724972: E /samgraph/3rdparty/collcachelib/coll_cache_lib/freq_recorder.cc:337] bulk append 7623591 into 491442615
[2023-04-14 20:59:39.757788: E /samgraph/3rdparty/collcachelib/coll_cache_lib/freq_recorder.cc:347] bulk append 54427253
[2023-04-14 20:59:39.759489: E /samgraph/3rdparty/collcachelib/coll_cache_lib/freq_recorder.cc:337] bulk append 7632078 into 499066206
[2023-04-14 20:59:39.791118: E /samgraph/3rdparty/collcachelib/coll_cache_lib/freq_recorder.cc:347] bulk append 54503908
[2023-04-14 20:59:39.792264: E /samgraph/3rdparty/collcachelib/coll_cache_lib/freq_recorder.cc:337] bulk append 7622991 into 506698284
[2023-04-14 20:59:39.823888: E /samgraph/3rdparty/collcachelib/coll_cache_lib/freq_recorder.cc:347] bulk append 54395191
[2023-04-14 20:59:39.825032: E /samgraph/3rdparty/collcachelib/coll_cache_lib/freq_recorder.cc:337] bulk append 7631583 into 514321275
[2023-04-14 20:59:39.856705: E /samgraph/3rdparty/collcachelib/coll_cache_lib/freq_recorder.cc:347] bulk append 54482744
[2023-04-14 20:59:39.857863: E /samgraph/3rdparty/collcachelib/coll_cache_lib/freq_recorder.cc:337] bulk append 7477628 into 521952858
[2023-04-14 20:59:39.889501: E /samgraph/3rdparty/collcachelib/coll_cache_lib/freq_recorder.cc:347] bulk append 51236292
[2023-04-14 20:59:39.890649: E /samgraph/3rdparty/collcachelib/coll_cache_lib/freq_recorder.cc:337] bulk append 7486570 into 529430486
[2023-04-14 20:59:39.923018: E /samgraph/3rdparty/collcachelib/coll_cache_lib/freq_recorder.cc:347] bulk append 51347264
[2023-04-14 20:59:39.924696: E /samgraph/3rdparty/collcachelib/coll_cache_lib/freq_recorder.cc:337] bulk append 7475419 into 536917056
[2023-04-14 20:59:39.955766: E /samgraph/3rdparty/collcachelib/coll_cache_lib/freq_recorder.cc:347] bulk append 51286092
[2023-04-14 20:59:39.956910: E /samgraph/3rdparty/collcachelib/coll_cache_lib/freq_recorder.cc:337] bulk append 7485159 into 544392475
[2023-04-14 20:59:39.988037: E /samgraph/3rdparty/collcachelib/coll_cache_lib/freq_recorder.cc:347] bulk append 51302901
[2023-04-14 20:59:39.989157: E /samgraph/3rdparty/collcachelib/coll_cache_lib/freq_recorder.cc:337] bulk append 7477939 into 551877634
[2023-04-14 20:59:40. 20767: E /samgraph/3rdparty/collcachelib/coll_cache_lib/freq_recorder.cc:347] bulk append 51271940
[2023-04-14 20:59:40. 21912: E /samgraph/3rdparty/collcachelib/coll_cache_lib/freq_recorder.cc:337] bulk append 7486027 into 559355573
[2023-04-14 20:59:40. 53026: E /samgraph/3rdparty/collcachelib/coll_cache_lib/freq_recorder.cc:347] bulk append 51366101
[2023-04-14 20:59:40. 54162: E /samgraph/3rdparty/collcachelib/coll_cache_lib/freq_recorder.cc:337] bulk append 7479124 into 566841600
[2023-04-14 20:59:40. 85763: E /samgraph/3rdparty/collcachelib/coll_cache_lib/freq_recorder.cc:347] bulk append 51266298
[2023-04-14 20:59:40. 86892: E /samgraph/3rdparty/collcachelib/coll_cache_lib/freq_recorder.cc:337] bulk append 7486280 into 574320724
[2023-04-14 20:59:40.118026: E /samgraph/3rdparty/collcachelib/coll_cache_lib/freq_recorder.cc:347] bulk append 51336946
[2023-04-14 20:59:40.119168: E /samgraph/3rdparty/collcachelib/coll_cache_lib/freq_recorder.cc:337] bulk append 7476163 into 581807004
[2023-04-14 20:59:40.150248: E /samgraph/3rdparty/collcachelib/coll_cache_lib/freq_recorder.cc:347] bulk append 51248042
[2023-04-14 20:59:40.151384: E /samgraph/3rdparty/collcachelib/coll_cache_lib/freq_recorder.cc:337] bulk append 7485351 into 589283167
[2023-04-14 20:59:40.182488: E /samgraph/3rdparty/collcachelib/coll_cache_lib/freq_recorder.cc:347] bulk append 51332343
[2023-04-14 20:59:40.183646: E /samgraph/3rdparty/collcachelib/coll_cache_lib/freq_recorder.cc:266] freq recorder global combining
[2023-04-14 20:59:40.183694: E /samgraph/3rdparty/collcachelib/coll_cache_lib/run_config.cc:141[] [[[2023-04-14 20:59:40using concurrent impl MPSPhase2023-04-14 20:59:40[2023-04-14 20:59:402023-04-14 20:59:40.
.2023-04-14 20:59:40183698.[[.183696.2023-04-14 20:59:40: 1836972023-04-14 20:59:40183697: 183708.E: .: E: 183705 E183740E E: /samgraph/3rdparty/collcachelib/coll_cache_lib/run_config.cc :  /samgraph/3rdparty/collcachelib/coll_cache_lib/run_config.cc E:/samgraph/3rdparty/collcachelib/coll_cache_lib/run_config.ccE/samgraph/3rdparty/collcachelib/coll_cache_lib/run_config.cc:/samgraph/3rdparty/collcachelib/coll_cache_lib/run_config.cc 141: :141:/samgraph/3rdparty/collcachelib/coll_cache_lib/run_config.cc] 141/samgraph/3rdparty/collcachelib/coll_cache_lib/facade.cc141] 141:using concurrent impl MPSPhase] :] using concurrent impl MPSPhase] 141
using concurrent impl MPSPhase409using concurrent impl MPSPhase
using concurrent impl MPSPhase] 
] 
[
using concurrent impl MPSPhasebefore scale, dtype is 0, dim is 128[2023-04-14 20:59:40[
[
[2023-04-14 20:59:40.2023-04-14 20:59:402023-04-14 20:59:402023-04-14 20:59:40[.[183861...2023-04-14 20:59:401838692023-04-14 20:59:40: 183873183876183879.: .E: : : 183890E183891 EEE:  : /samgraph/3rdparty/collcachelib/coll_cache_lib/facade.cc   E/samgraph/3rdparty/collcachelib/coll_cache_lib/facade.ccE:/samgraph/3rdparty/collcachelib/coll_cache_lib/facade.cc/samgraph/3rdparty/collcachelib/coll_cache_lib/facade.cc/samgraph/3rdparty/collcachelib/coll_cache_lib/facade.cc : 409:::/samgraph/3rdparty/collcachelib/coll_cache_lib/facade.cc409/samgraph/3rdparty/collcachelib/coll_cache_lib/facade.cc] 409409409:] :before scale, dtype is 0, dim is 128] ] ] 409before scale, dtype is 0, dim is 128415
before scale, dtype is 0, dim is 128before scale, dtype is 0, dim is 128before scale, dtype is 0, dim is 128] 
] 
[

before scale, dtype is 0, dim is 128after scale, dtype is 7, new dim is 32[2023-04-14 20:59:40[[
[
2023-04-14 20:59:40.2023-04-14 20:59:402023-04-14 20:59:402023-04-14 20:59:40[.184011...2023-04-14 20:59:40184020: 184024184028184029.: E: : : 184041E EEE:  /samgraph/3rdparty/collcachelib/coll_cache_lib/facade.cc   E/samgraph/3rdparty/collcachelib/coll_cache_lib/facade.cc:/samgraph/3rdparty/collcachelib/coll_cache_lib/facade.cc/samgraph/3rdparty/collcachelib/coll_cache_lib/facade.cc/samgraph/3rdparty/collcachelib/coll_cache_lib/facade.cc :415:::/samgraph/3rdparty/collcachelib/coll_cache_lib/facade.cc415] 415415415:] after scale, dtype is 7, new dim is 32] ] ] 415after scale, dtype is 7, new dim is 32
after scale, dtype is 7, new dim is 32after scale, dtype is 7, new dim is 32after scale, dtype is 7, new dim is 32] 



after scale, dtype is 7, new dim is 32
[2023-04-14 20:59:40.185187: E /samgraph/3rdparty/collcachelib/coll_cache_lib/coll_cache/asymm_link_desc.cc:207] assigning 10 to cpu
[2023-04-14 20:59:40.185228: E /samgraph/3rdparty/collcachelib/coll_cache_lib/coll_cache/asymm_link_desc.cc:224] build symm link desc with 8X NVIDIA A100-SXM4-80GB out of 8
[2023-04-14 20:59:40.185254: E /samgraph/3rdparty/collcachelib/coll_cache_lib/coll_cache/asymm_link_desc.cc:225] remote time is 24.3333
[2023-04-14 20:59:40.185264: E /samgraph/3rdparty/collcachelib/coll_cache_lib/coll_cache/asymm_link_desc.cc:226] cpu time is 91.25
[2023-04-14 20:59:40.185290: E /samgraph/3rdparty/collcachelib/coll_cache_lib/facade.cc:425] registering cpu data with 8.00 GB
[2023-04-14 20:59:40.185716: E /samgraph/3rdparty/collcachelib/coll_cache_lib/coll_cache/asymm_link_desc.cc:207] assigning 10 to cpu
[2023-04-14 20:59:40.185766: E /samgraph/3rdparty/collcachelib/coll_cache_lib/coll_cache/asymm_link_desc.cc:224] build symm link desc with 8X NVIDIA A100-SXM4-80GB out of 8
[2023-04-14 20:59:40.185783[: 2023-04-14 20:59:40E. 185787/samgraph/3rdparty/collcachelib/coll_cache_lib/coll_cache/asymm_link_desc.cc: :E207 ] /samgraph/3rdparty/collcachelib/coll_cache_lib/coll_cache/asymm_link_desc.ccassigning 10 to cpu:
225] remote time is 24.3333
[2023-04-14 20:59:40.185806: E /samgraph/3rdparty/collcachelib/coll_cache_lib/coll_cache/asymm_link_desc.cc:226] cpu time is 91.25
[2023-04-14 20:59:40.185824: E /samgraph/3rdparty/collcachelib/coll_cache_lib/coll_cache/asymm_link_desc.cc:224] build symm link desc with 8X NVIDIA A100-SXM4-80GB out of 8
[2023-04-14 20:59:40.[1858312023-04-14 20:59:40: .E185840 : /samgraph/3rdparty/collcachelib/coll_cache_lib/facade.ccE: 425/samgraph/3rdparty/collcachelib/coll_cache_lib/coll_cache/asymm_link_desc.cc] :registering cpu data with 8.00 GB225
] remote time is 24.3333
[2023-04-14 20:59:40.185860: E /samgraph/3rdparty/collcachelib/coll_cache_lib/coll_cache/asymm_link_desc.cc:226] cpu time is 91.25
[2023-04-14 20:59:40.185884: E /samgraph/3rdparty/collcachelib/coll_cache_lib/facade.cc:425] registering cpu data with 8.00 GB
[2023-04-14 20:59:40.186488: E /samgraph/3rdparty/collcachelib/coll_cache_lib/coll_cache/asymm_link_desc.cc:207] assigning 10 to cpu
[2023-04-14 20:59:40.186529: E /samgraph/3rdparty/collcachelib/coll_cache_lib/coll_cache/asymm_link_desc.cc:224] build symm link desc with 8X NVIDIA A100-SXM4-80GB out of 8
[2023-04-14 20:59:40.186549: E /samgraph/3rdparty/collcachelib/coll_cache_lib/coll_cache/asymm_link_desc.cc:225] remote time is 24.3333
[2023-04-14 20:59:40.186560: E /samgraph/3rdparty/collcachelib/coll_cache_lib/coll_cache/asymm_link_desc.cc:226] cpu time is 91.25
[2023-04-14 20:59:40.186572: E /samgraph/3rdparty/collcachelib/coll_cache_lib/coll_cache/asymm_link_desc.cc:207] assigning 10 to cpu
[2023-04-14 20:59:40.186587: E /samgraph/3rdparty/collcachelib/coll_cache_lib/facade.cc:425] registering cpu data with 8.00 GB
[2023-04-14 20:59:40.186613: E /samgraph/3rdparty/collcachelib/coll_cache_lib/coll_cache/asymm_link_desc.cc:224] build symm link desc with 8X NVIDIA A100-SXM4-80GB out of 8
[2023-04-14 20:59:40.186632: E /samgraph/3rdparty/collcachelib/coll_cache_lib/coll_cache/asymm_link_desc.cc:225] remote time is 24.3333
[2023-04-14 20:59:40.186643: E /samgraph/3rdparty/collcachelib/coll_cache_lib/coll_cache/asymm_link_desc.cc:226] cpu time is 91.25
[2023-04-14 20:59:40.186661: E /samgraph/3rdparty/collcachelib/coll_cache_lib/coll_cache/asymm_link_desc.cc:207] [assigning 10 to cpu2023-04-14 20:59:40
.186668: E /samgraph/3rdparty/collcachelib/coll_cache_lib/facade.cc:425] registering cpu data with 8.00 GB
[2023-04-14 20:59:40.186699: E /samgraph/3rdparty/collcachelib/coll_cache_lib/coll_cache/asymm_link_desc.cc:224] build symm link desc with 8X NVIDIA A100-SXM4-80GB out of 8
[2023-04-14 20:59:40.186715: E /samgraph/3rdparty/collcachelib/coll_cache_lib/coll_cache/asymm_link_desc.cc:225] remote time is 24.3333
[2023-04-14 20:59:40.186726: E /samgraph/3rdparty/collcachelib/coll_cache_lib/coll_cache/asymm_link_desc.cc:226] cpu time is 91.25
[2023-04-14 20:59:40.186754: E /samgraph/3rdparty/collcachelib/coll_cache_lib/facade.cc:425] registering cpu data with 8.00 GB
[2023-04-14 20:59:40.186865: E /samgraph/3rdparty/collcachelib/coll_cache_lib/coll_cache/asymm_link_desc.cc:207] assigning 10 to cpu
[2023-04-14 20:59:40.186899: E /samgraph/3rdparty/collcachelib/coll_cache_lib/coll_cache/asymm_link_desc.cc:224] build symm link desc with 8X NVIDIA A100-SXM4-80GB out of 8
[2023-04-14 20:59:40.186915: E /samgraph/3rdparty/collcachelib/coll_cache_lib/coll_cache/asymm_link_desc.cc:225] remote time is 24.3333
[2023-04-14 20:59:40.186926: E /samgraph/3rdparty/collcachelib/coll_cache_lib/coll_cache/asymm_link_desc.cc:226] cpu time is 91.25
[2023-04-14 20:59:40.186950: E /samgraph/3rdparty/collcachelib/coll_cache_lib/facade.cc:425] registering cpu data with 8.00 GB
[2023-04-14 20:59:41.668363: E /samgraph/3rdparty/collcachelib/coll_cache_lib/facade.cc:427] registering cpu data done.
[2023-04-14 20:59:41.669075: E /samgraph/3rdparty/collcachelib/coll_cache_lib/facade.cc:427] registering cpu data done.
[2023-04-14 20:59:41.669224: E /samgraph/3rdparty/collcachelib/coll_cache_lib/facade.cc:427] registering cpu data done.
[2023-04-14 20:59:41.670583: E /samgraph/3rdparty/collcachelib/coll_cache_lib/facade.cc:427] registering cpu data done.
[2023-04-14 20:59:41.670841: E /samgraph/3rdparty/collcachelib/coll_cache_lib/facade.cc:427] registering cpu data done.
[2023-04-14 20:59:41.673604: E /samgraph/3rdparty/collcachelib/coll_cache_lib/facade.cc:427] registering cpu data done.
[2023-04-14 20:59:41.675116: E /samgraph/3rdparty/collcachelib/coll_cache_lib/facade.cc:427] registering cpu data done.
[2023-04-14 20:59:53.160897: E /samgraph/3rdparty/collcachelib/coll_cache_lib/freq_recorder.cc:269] freq recorder global combine from 596768518 to 103466594
[2023-04-14 20:59:54.969525: E /samgraph/3rdparty/collcachelib/coll_cache_lib/freq_recorder.cc:286] top 5 freq is 2000,2000,2000,2000,2000
[2023-04-14 20:59:54.969639: E /samgraph/3rdparty/collcachelib/coll_cache_lib/run_config.cc:141] using concurrent impl MPSPhase
[2023-04-14 20:59:54.969654: E /samgraph/3rdparty/collcachelib/coll_cache_lib/facade.cc:409] before scale, dtype is 0, dim is 128
[2023-04-14 20:59:54.969665: E /samgraph/3rdparty/collcachelib/coll_cache_lib/facade.cc:415] after scale, dtype is 7, new dim is 32
[2023-04-14 20:59:54.970801: E /samgraph/3rdparty/collcachelib/coll_cache_lib/coll_cache/asymm_link_desc.cc:207] assigning 10 to cpu
[2023-04-14 20:59:54.970838: E /samgraph/3rdparty/collcachelib/coll_cache_lib/coll_cache/asymm_link_desc.cc:224] build symm link desc with 8X NVIDIA A100-SXM4-80GB out of 8
[2023-04-14 20:59:54.970866: E /samgraph/3rdparty/collcachelib/coll_cache_lib/coll_cache/asymm_link_desc.cc:225] remote time is 24.3333
[2023-04-14 20:59:54.970883: E /samgraph/3rdparty/collcachelib/coll_cache_lib/coll_cache/asymm_link_desc.cc:226] cpu time is 91.25
[2023-04-14 20:59:54.970909: E /samgraph/3rdparty/collcachelib/coll_cache_lib/facade.cc:425] registering cpu data with 8.00 GB
[2023-04-14 20:59:55.383103: E /samgraph/3rdparty/collcachelib/coll_cache_lib/facade.cc:427] registering cpu data done.
[2023-04-14 20:59:55.383173: E /samgraph/3rdparty/collcachelib/coll_cache_lib/facade.cc:174] creating solver
[2023-04-14 20:59:55.383192: E /samgraph/3rdparty/collcachelib/coll_cache_lib/facade.cc:214] solver created. now build & solve
[2023-04-14 20:59:55.416345: E /samgraph/3rdparty/collcachelib/coll_cache_lib/coll_cache/optimal_solver_class.cc:309] reconfigured max freq to be 2000
[2023-04-14 20:59:55.416380: E /samgraph/3rdparty/collcachelib/coll_cache_lib/coll_cache/optimal_solver_class.cc:311] reconfigured num slot to be 42
[2023-04-14 20:59:55.416390: W /samgraph/3rdparty/collcachelib/coll_cache_lib/coll_cache/optimal_solver_class.cc:318] counting slots...
[2023-04-14 20:59:55.901899: W /samgraph/3rdparty/collcachelib/coll_cache_lib/coll_cache/optimal_solver_class.cc:367] Final num slot is 56
[2023-04-14 20:59:55.901982: W /samgraph/3rdparty/collcachelib/coll_cache_lib/coll_cache/optimal_solver_class.cc:371] preparing block granularity...
[2023-04-14 20:59:55.901997: E /samgraph/3rdparty/collcachelib/coll_cache_lib/coll_cache/optimal_solver_class.cc:399] slot 0 has 9588 nodes, max_size set to 1199, #slice=8
[2023-04-14 20:59:55.902010: E /samgraph/3rdparty/collcachelib/coll_cache_lib/coll_cache/optimal_solver_class.cc:399] slot 1 has 12439 nodes, max_size set to 1555, #slice=8
[2023-04-14 20:59:55.902023: E /samgraph/3rdparty/collcachelib/coll_cache_lib/coll_cache/optimal_solver_class.cc:399] slot 2 has 19342 nodes, max_size set to 2418, #slice=8
[2023-04-14 20:59:55.902035: E /samgraph/3rdparty/collcachelib/coll_cache_lib/coll_cache/optimal_solver_class.cc:399] slot 3 has 29850 nodes, max_size set to 3732, #slice=8
[2023-04-14 20:59:55.902048: E /samgraph/3rdparty/collcachelib/coll_cache_lib/coll_cache/optimal_solver_class.cc:399] slot 4 has 46395 nodes, max_size set to 5800, #slice=8
[2023-04-14 20:59:55.902060: E /samgraph/3rdparty/collcachelib/coll_cache_lib/coll_cache/optimal_solver_class.cc:399] slot 5 has 71291 nodes, max_size set to 8912, #slice=8
[2023-04-14 20:59:55.902073: E /samgraph/3rdparty/collcachelib/coll_cache_lib/coll_cache/optimal_solver_class.cc:399] slot 6 has 107431 nodes, max_size set to 13429, #slice=8
[2023-04-14 20:59:55.902085: E /samgraph/3rdparty/collcachelib/coll_cache_lib/coll_cache/optimal_solver_class.cc:399] slot 7 has 163830 nodes, max_size set to 20479, #slice=8
[2023-04-14 20:59:55.902097: E /samgraph/3rdparty/collcachelib/coll_cache_lib/coll_cache/optimal_solver_class.cc:399] slot 8 has 248340 nodes, max_size set to 31043, #slice=8
[2023-04-14 20:59:55.902110: E /samgraph/3rdparty/collcachelib/coll_cache_lib/coll_cache/optimal_solver_class.cc:399] slot 9 has 365191 nodes, max_size set to 45649, #slice=8
[2023-04-14 20:59:55.902123: E /samgraph/3rdparty/collcachelib/coll_cache_lib/coll_cache/optimal_solver_class.cc:399] slot 10 has 540997 nodes, max_size set to 67625, #slice=8
[2023-04-14 20:59:55.902135: E /samgraph/3rdparty/collcachelib/coll_cache_lib/coll_cache/optimal_solver_class.cc:399] slot 11 has 779692 nodes, max_size set to 97462, #slice=8
[2023-04-14 20:59:55.902148: E /samgraph/3rdparty/collcachelib/coll_cache_lib/coll_cache/optimal_solver_class.cc:399] slot 12 has 1128630 nodes, max_size set to 111059, #slice=16
[2023-04-14 20:59:55.902160: E /samgraph/3rdparty/collcachelib/coll_cache_lib/coll_cache/optimal_solver_class.cc:399] slot 13 has 1558617 nodes, max_size set to 111059, #slice=16
[2023-04-14 20:59:55.902172: E /samgraph/3rdparty/collcachelib/coll_cache_lib/coll_cache/optimal_solver_class.cc:399] slot 14 has 2159115 nodes, max_size set to 111059, #slice=24
[2023-04-14 20:59:55.902185: E /samgraph/3rdparty/collcachelib/coll_cache_lib/coll_cache/optimal_solver_class.cc:399] slot 15 has 2748885 nodes, max_size set to 111059, #slice=32
[2023-04-14 20:59:55.902209: E /samgraph/3rdparty/collcachelib/coll_cache_lib/coll_cache/optimal_solver_class.cc:399] slot 16 has 3516646 nodes, max_size set to 111059, #slice=32
[2023-04-14 20:59:55.902221: E /samgraph/3rdparty/collcachelib/coll_cache_lib/coll_cache/optimal_solver_class.cc:399] slot 17 has 4100858 nodes, max_size set to 111059, #slice=40
[2023-04-14 20:59:55.902233: E /samgraph/3rdparty/collcachelib/coll_cache_lib/coll_cache/optimal_solver_class.cc:399] slot 18 has 4686791 nodes, max_size set to 111059, #slice=48
[2023-04-14 20:59:55.902246: E /samgraph/3rdparty/collcachelib/coll_cache_lib/coll_cache/optimal_solver_class.cc:399] slot 19 has 4485038 nodes, max_size set to 111059, #slice=48
[2023-04-14 20:59:55.902258: E /samgraph/3rdparty/collcachelib/coll_cache_lib/coll_cache/optimal_solver_class.cc:399] slot 20 has 4849963 nodes, max_size set to 111059, #slice=48
[2023-04-14 20:59:55.902271: E /samgraph/3rdparty/collcachelib/coll_cache_lib/coll_cache/optimal_solver_class.cc:399] slot 21 has 4438740 nodes, max_size set to 111059, #slice=40
[2023-04-14 20:59:55.902283: E /samgraph/3rdparty/collcachelib/coll_cache_lib/coll_cache/optimal_solver_class.cc:399] slot 22 has 4407398 nodes, max_size set to 111059, #slice=40
[2023-04-14 20:59:55.902295: E /samgraph/3rdparty/collcachelib/coll_cache_lib/coll_cache/optimal_solver_class.cc:399] slot 23 has 4232096 nodes, max_size set to 111059, #slice=40
[2023-04-14 20:59:55.902308: E /samgraph/3rdparty/collcachelib/coll_cache_lib/coll_cache/optimal_solver_class.cc:399] slot 24 has 4919884 nodes, max_size set to 111059, #slice=48
[2023-04-14 20:59:55.902320: E /samgraph/3rdparty/collcachelib/coll_cache_lib/coll_cache/optimal_solver_class.cc:399] slot 25 has 3409249 nodes, max_size set to 111059, #slice=32
[2023-04-14 20:59:55.902333: E /samgraph/3rdparty/collcachelib/coll_cache_lib/coll_cache/optimal_solver_class.cc:399] slot 26 has 3904687 nodes, max_size set to 111059, #slice=40
[2023-04-14 20:59:55.902345: E /samgraph/3rdparty/collcachelib/coll_cache_lib/coll_cache/optimal_solver_class.cc:399] slot 27 has 2995150 nodes, max_size set to 111059, #slice=32
[2023-04-14 20:59:55.902358: E /samgraph/3rdparty/collcachelib/coll_cache_lib/coll_cache/optimal_solver_class.cc:399] slot 28 has 3450642 nodes, max_size set to 111059, #slice=32
[2023-04-14 20:59:55.902370: E /samgraph/3rdparty/collcachelib/coll_cache_lib/coll_cache/optimal_solver_class.cc:399] slot 29 has 4114280 nodes, max_size set to 111059, #slice=40
[2023-04-14 20:59:55.902382: E /samgraph/3rdparty/collcachelib/coll_cache_lib/coll_cache/optimal_solver_class.cc:399] slot 30 has 2410415 nodes, max_size set to 111059, #slice=24
[2023-04-14 20:59:55.902395: E /samgraph/3rdparty/collcachelib/coll_cache_lib/coll_cache/optimal_solver_class.cc:399] slot 31 has 5868184 nodes, max_size set to 111059, #slice=56
[2023-04-14 20:59:55.902407: E /samgraph/3rdparty/collcachelib/coll_cache_lib/coll_cache/optimal_solver_class.cc:399] slot 32 has 3692830 nodes, max_size set to 111059, #slice=40
[2023-04-14 20:59:55.902420: E /samgraph/3rdparty/collcachelib/coll_cache_lib/coll_cache/optimal_solver_class.cc:399] slot 34 has 4442722 nodes, max_size set to 111059, #slice=48
[2023-04-14 20:59:55.902432: E /samgraph/3rdparty/collcachelib/coll_cache_lib/coll_cache/optimal_solver_class.cc:399] slot 35 has 5446334 nodes, max_size set to 111059, #slice=56
[2023-04-14 20:59:55.902444: E /samgraph/3rdparty/collcachelib/coll_cache_lib/coll_cache/optimal_solver_class.cc:399] slot 37 has 6616283 nodes, max_size set to 111059, #slice=64
[2023-04-14 20:59:55.902457: E /samgraph/3rdparty/collcachelib/coll_cache_lib/coll_cache/optimal_solver_class.cc:399] slot 40 has 7488771 nodes, max_size set to 111059, #slice=72
[2023-04-14 20:59:55.902469: E /samgraph/3rdparty/collcachelib/coll_cache_lib/coll_cache/optimal_solver_class.cc:399] slot 41 has 76039 nodes, max_size set to 9505, #slice=8
[2023-04-14 20:59:55.902482: E /samgraph/3rdparty/collcachelib/coll_cache_lib/coll_cache/optimal_solver_class.cc:399] slot 42 has 76071 nodes, max_size set to 9509, #slice=8
[2023-04-14 20:59:55.902496: E /samgraph/3rdparty/collcachelib/coll_cache_lib/coll_cache/optimal_solver_class.cc:399] slot 43 has 76019 nodes, max_size set to 9503, #slice=8
[2023-04-14 20:59:55.902509: E /samgraph/3rdparty/collcachelib/coll_cache_lib/coll_cache/optimal_solver_class.cc:399] slot 44 has 76239 nodes, max_size set to 9530, #slice=8
[2023-04-14 20:59:55.902521: E /samgraph/3rdparty/collcachelib/coll_cache_lib/coll_cache/optimal_solver_class.cc:399] slot 45 has 75949 nodes, max_size set to 9494, #slice=8
[2023-04-14 20:59:55.902534: E /samgraph/3rdparty/collcachelib/coll_cache_lib/coll_cache/optimal_solver_class.cc:399] slot 46 has 76022 nodes, max_size set to 9503, #slice=8
[2023-04-14 20:59:55.902546: E /samgraph/3rdparty/collcachelib/coll_cache_lib/coll_cache/optimal_solver_class.cc:399] slot 47 has 76025 nodes, max_size set to 9504, #slice=8
[2023-04-14 20:59:55.902558: E /samgraph/3rdparty/collcachelib/coll_cache_lib/coll_cache/optimal_solver_class.cc:399] slot 48 has 76057 nodes, max_size set to 9508, #slice=8
[2023-04-14 20:59:55.902571: E /samgraph/3rdparty/collcachelib/coll_cache_lib/coll_cache/optimal_solver_class.cc:399] slot 49 has 75750 nodes, max_size set to 9469, #slice=8
[2023-04-14 20:59:55.902584: E /samgraph/3rdparty/collcachelib/coll_cache_lib/coll_cache/optimal_solver_class.cc:399] slot 50 has 76186 nodes, max_size set to 9524, #slice=8
[2023-04-14 20:59:55.902596: E /samgraph/3rdparty/collcachelib/coll_cache_lib/coll_cache/optimal_solver_class.cc:399] slot 51 has 759275 nodes, max_size set to 94910, #slice=8
[2023-04-14 20:59:55.902608: E /samgraph/3rdparty/collcachelib/coll_cache_lib/coll_cache/optimal_solver_class.cc:399] slot 52 has 759646 nodes, max_size set to 94956, #slice=8
[2023-04-14 20:59:55.902621: E /samgraph/3rdparty/collcachelib/coll_cache_lib/coll_cache/optimal_solver_class.cc:399] slot 53 has 761025 nodes, max_size set to 95129, #slice=8
[2023-04-14 20:59:55.902633: E /samgraph/3rdparty/collcachelib/coll_cache_lib/coll_cache/optimal_solver_class.cc:399] slot 54 has 758611 nodes, max_size set to 94827, #slice=8
[2023-04-14 20:59:55.902646: E /samgraph/3rdparty/collcachelib/coll_cache_lib/coll_cache/optimal_solver_class.cc:399] slot 55 has 758298 nodes, max_size set to 94788, #slice=8
[2023-04-14 20:59:55.902659: E /samgraph/3rdparty/collcachelib/coll_cache_lib/coll_cache/optimal_solver_class.cc:399] slot 56 has 759313 nodes, max_size set to 94915, #slice=8
[2023-04-14 20:59:55.902671: E /samgraph/3rdparty/collcachelib/coll_cache_lib/coll_cache/optimal_solver_class.cc:399] slot 57 has 758333 nodes, max_size set to 94792, #slice=8
[2023-04-14 20:59:55.902683: E /samgraph/3rdparty/collcachelib/coll_cache_lib/coll_cache/optimal_solver_class.cc:399] slot 58 has 758882 nodes, max_size set to 94861, #slice=8
[2023-04-14 20:59:55.902696: E /samgraph/3rdparty/collcachelib/coll_cache_lib/coll_cache/optimal_solver_class.cc:399] slot 59 has 759622 nodes, max_size set to 94953, #slice=8
[2023-04-14 20:59:55.902708: W /samgraph/3rdparty/collcachelib/coll_cache_lib/coll_cache/optimal_solver_class.cc:405] counting blocks...
[2023-04-14 20:59:55.955788: W /samgraph/3rdparty/collcachelib/coll_cache_lib/coll_cache/optimal_solver_class.cc:425] Final num block is 1256
[2023-04-14 20:59:55.955850: W /samgraph/3rdparty/collcachelib/coll_cache_lib/coll_cache/optimal_solver_class.cc:430] counting freq and density...
[2023-04-14 20:59:55.962929: W /samgraph/3rdparty/collcachelib/coll_cache_lib/coll_cache/optimal_solver_class.cc:479] averaging freq and density...
[2023-04-14 20:59:55.963004: W /samgraph/3rdparty/collcachelib/coll_cache_lib/coll_cache/optimal_solver_class.cc:480] 1256
[2023-04-14 20:59:55.965021: E /samgraph/3rdparty/collcachelib/coll_cache_lib/facade.cc:218] solver built. now solve
[2023-04-14 20:59:55.965057: W /samgraph/3rdparty/collcachelib/coll_cache_lib/coll_cache/optimal_solver_class.cc:893] constructing optimal solver, device=8, stream=1
1256 blocks, 8 devices
[2023-04-14 20:59:56.715935: W /samgraph/3rdparty/collcachelib/coll_cache_lib/coll_cache/optimal_solver_class.cc:1078] Add Var...
[2023-04-14 20:59:56.753205: W /samgraph/3rdparty/collcachelib/coll_cache_lib/coll_cache/optimal_solver_class.cc:1096] Capacity...
[2023-04-14 20:59:56.754225: W /samgraph/3rdparty/collcachelib/coll_cache_lib/coll_cache/optimal_solver_class.cc:1099] Connect CPU...
[2023-04-14 20:59:56.775459: W /samgraph/3rdparty/collcachelib/coll_cache_lib/coll_cache/optimal_solver_class.cc:1101] Connect Access To Storage...
[2023-04-14 20:59:57.544866: W /samgraph/3rdparty/collcachelib/coll_cache_lib/coll_cache/optimal_solver_class.cc:1105] Time...
[2023-04-14 20:59:57.547273: E /samgraph/3rdparty/collcachelib/coll_cache_lib/coll_cache/optimal_solver_class.cc:1067] dst 0, total sm is 108
[2023-04-14 20:59:57.550639: E /samgraph/3rdparty/collcachelib/coll_cache_lib/coll_cache/optimal_solver_class.cc:1067] dst 1, total sm is 108
[2023-04-14 20:59:57.553919: E /samgraph/3rdparty/collcachelib/coll_cache_lib/coll_cache/optimal_solver_class.cc:1067] dst 2, total sm is 108
[2023-04-14 20:59:57.557205: E /samgraph/3rdparty/collcachelib/coll_cache_lib/coll_cache/optimal_solver_class.cc:1067] dst 3, total sm is 108
[2023-04-14 20:59:57.560484: E /samgraph/3rdparty/collcachelib/coll_cache_lib/coll_cache/optimal_solver_class.cc:1067] dst 4, total sm is 108
[2023-04-14 20:59:57.563750: E /samgraph/3rdparty/collcachelib/coll_cache_lib/coll_cache/optimal_solver_class.cc:1067] dst 5, total sm is 108
[2023-04-14 20:59:57.567025: E /samgraph/3rdparty/collcachelib/coll_cache_lib/coll_cache/optimal_solver_class.cc:1067] dst 6, total sm is 108
[2023-04-14 20:59:57.570277: E /samgraph/3rdparty/collcachelib/coll_cache_lib/coll_cache/optimal_solver_class.cc:1067] dst 7, total sm is 108
[2023-04-14 21:00:24. 37411: W /samgraph/3rdparty/collcachelib/coll_cache_lib/coll_cache/optimal_solver_class.cc:1124] Coll Cache init block placement array
[2023-04-14 21:00:24. 44971: W /samgraph/3rdparty/collcachelib/coll_cache_lib/coll_cache/optimal_solver_class.cc:1200] Coll Cache init block placement array done
[2023-04-14 21:00:24. 45599: W /samgraph/3rdparty/collcachelib/coll_cache_lib/coll_cache/optimal_solver_class.cc:1202] Coll Cache model reset done
[2023-04-14 21:00:24.101850: E /samgraph/3rdparty/collcachelib/coll_cache_lib/facade.cc:222] solver solved
[2023-04-14 21:00:24.101917: E /samgraph/3rdparty/collcachelib/coll_cache_lib/facade.cc:437] 0 solved master
[2023-04-14 21:00:24.101928: E /samgraph/3rdparty/collcachelib/coll_cache_lib/facade.cc:444] 0 solved
[2023-04-14 21:00:24.101938: E /samgraph/3rdparty/collcachelib/coll_cache_lib/facade.cc:447] worker 0 thread 0 initing device 0
[2023-04-14 21:00:24.102588: E /samgraph/3rdparty/collcachelib/coll_cache_lib/cache_context.cu:2320] Building Coll Cache with ... num gpu device is 8
[2023-04-14 21:00:24.102888: E /samgraph/3rdparty/collcachelib/coll_cache_lib/cuda/cache_hashtable.cuh:611] per src size local is 24432582
[[[2023-04-14 21:00:24.1234952023-04-14 21:00:24: .E2023-04-14 21:00:24123499 .: /samgraph/3rdparty/collcachelib/coll_cache_lib/facade.cc123500E::  444E/samgraph/3rdparty/collcachelib/coll_cache_lib/facade.cc]  :1 solved/samgraph/3rdparty/collcachelib/coll_cache_lib/facade.cc
444:] 4443 solved] [
2 solved2023-04-14 21:00:24
.123575: [E2023-04-14 21:00:24 [./samgraph/3rdparty/collcachelib/coll_cache_lib/facade.cc2023-04-14 21:00:24123581:.: 447123583E] :  worker 0 thread 1 initing device 1E/samgraph/3rdparty/collcachelib/coll_cache_lib/facade.cc
 :/samgraph/3rdparty/collcachelib/coll_cache_lib/facade.cc447:] 447] worker 0 thread 3 initing device 3worker 0 thread 2 initing device 2

[2023-04-14 21:00:24.124020: E /samgraph/3rdparty/collcachelib/coll_cache_lib/cache_context.cu:2320] Building Coll Cache with ... num gpu device is 8
[2023-04-14 21:00:24.138038: E /samgraph/3rdparty/collcachelib/coll_cache_lib/facade.cc:444] 6 solved
[2023-04-14 21:00:24.138121: E /samgraph/3rdparty/collcachelib/coll_cache_lib/facade.cc:447] worker 0 thread 6 initing device 6
[2023-04-14 21:00:24.138558: E /samgraph/3rdparty/collcachelib/coll_cache_lib/cache_context.cu:2320] Building Coll Cache with ... num gpu device is 8
[2023-04-14 21:00:24.138867: E /samgraph/3rdparty/collcachelib/coll_cache_lib/facade.cc:444] 4 solved
[2023-04-14 21:00:24.138959: E /samgraph/3rdparty/collcachelib/coll_cache_lib/facade.cc:447] worker 0 thread 4 initing device 4
[2023-04-14 21:00:24.139484: E /samgraph/3rdparty/collcachelib/coll_cache_lib/cache_context.cu:2320] Building Coll Cache with ... num gpu device is 8
[2023-04-14 21:00:24.144905: E /samgraph/3rdparty/collcachelib/coll_cache_lib/cache_context.cu:2320] Building Coll Cache with ... num gpu device is 8
[2023-04-14 21:00:24.144960: E /samgraph/3rdparty/collcachelib/coll_cache_lib/cache_context.cu:2320] Building Coll Cache with ... num gpu device is 8
[2023-04-14 21:00:24.147955: E /samgraph/3rdparty/collcachelib/coll_cache_lib/facade.cc:444] 5 solved
[2023-04-14 21:00:24.148042: E /samgraph/3rdparty/collcachelib/coll_cache_lib/facade.cc:447] worker 0 thread 5 initing device 5
[2023-04-14 21:00:24.148521: E /samgraph/3rdparty/collcachelib/coll_cache_lib/cache_context.cu:2320] Building Coll Cache with ... num gpu device is 8
[2023-04-14 21:00:24.151312: E /samgraph/3rdparty/collcachelib/coll_cache_lib/facade.cc:444] 7 solved
[2023-04-14 21:00:24.151406: E /samgraph/3rdparty/collcachelib/coll_cache_lib/facade.cc:447] worker 0 thread 7 initing device 7
[2023-04-14 21:00:24.151916: E /samgraph/3rdparty/collcachelib/coll_cache_lib/cache_context.cu:2320] Building Coll Cache with ... num gpu device is 8
[2023-04-14 21:00:24.338029: E /samgraph/3rdparty/collcachelib/coll_cache_lib/cache_context.cu:2362] num cpu nodes is 483091
[2023-04-14 21:00:24.350339: E /samgraph/3rdparty/collcachelib/coll_cache_lib/cache_context.cu:2362] num cpu nodes is 483091
[2023-04-14 21:00:24.376450: E /samgraph/3rdparty/collcachelib/coll_cache_lib/cache_context.cu:2362] num cpu nodes is 483091
[2023-04-14 21:00:24.377576: E /samgraph/3rdparty/collcachelib/coll_cache_lib/cache_context.cu:2362] num cpu nodes is 483091
[2023-04-14 21:00:24.380438: E /samgraph/3rdparty/collcachelib/coll_cache_lib/cache_context.cu:2362] num cpu nodes is 483091
[2023-04-14 21:00:24.386537: E /samgraph/3rdparty/collcachelib/coll_cache_lib/cache_context.cu:2362] num cpu nodes is 483091
[2023-04-14 21:00:24.398720: E /samgraph/3rdparty/collcachelib/coll_cache_lib/cache_context.cu:2362] num cpu nodes is 483091
[2023-04-14 21:00:24.399538: E /samgraph/3rdparty/collcachelib/coll_cache_lib/cache_context.cu:2362] num cpu nodes is 483091
[2023-04-14 21:00:25.243425: E /samgraph/3rdparty/collcachelib/coll_cache_lib/cuda/cache_hashtable.cu:355] create a hashtable with 110576865 possible elem, scale to 268435456
[2023-04-14 21:00:25.243498: E /samgraph/3rdparty/collcachelib/coll_cache_lib/cuda/cache_hashtable.cu:360] SimpleHashTable allocating 2.00 GB
[2023-04-14 21:00:25.252548: E /samgraph/3rdparty/collcachelib/coll_cache_lib/cuda/cache_hashtable.cu:355] create a hashtable with 110576865 possible elem, scale to 268435456
[2023-04-14 21:00:25.252606: E /samgraph/3rdparty/collcachelib/coll_cache_lib/cuda/cache_hashtable.cu:360] SimpleHashTable allocating 2.00 GB
[2023-04-14 21:00:25.336385: E /samgraph/3rdparty/collcachelib/coll_cache_lib/cuda/cache_hashtable.cu:355] create a hashtable with 110576865 possible elem, scale to 268435456
[2023-04-14 21:00:25.336421: E /samgraph/3rdparty/collcachelib/coll_cache_lib/cuda/cache_hashtable.cu:360] SimpleHashTable allocating 2.00 GB
[2023-04-14 21:00:25.336573: E /samgraph/3rdparty/collcachelib/coll_cache_lib/cuda/cache_hashtable.cu:355] create a hashtable with 110576865 possible elem, scale to 268435456
[2023-04-14 21:00:25.336603: E /samgraph/3rdparty/collcachelib/coll_cache_lib/cuda/cache_hashtable.cu:360] SimpleHashTable allocating 2.00 GB
[2023-04-14 21:00:25.337144: E /samgraph/3rdparty/collcachelib/coll_cache_lib/cuda/cache_hashtable.cu:355] create a hashtable with 110576865 possible elem, scale to 268435456
[2023-04-14 21:00:25.337185: E /samgraph/3rdparty/collcachelib/coll_cache_lib/cuda/cache_hashtable.cu:360] SimpleHashTable allocating 2.00 GB
[2023-04-14 21:00:25.337563: E /samgraph/3rdparty/collcachelib/coll_cache_lib/cuda/cache_hashtable.cu:355] create a hashtable with 110576865 possible elem, scale to 268435456
[2023-04-14 21:00:25.337599: E /samgraph/3rdparty/collcachelib/coll_cache_lib/cuda/cache_hashtable.cu:360] SimpleHashTable allocating 2.00 GB
[2023-04-14 21:00:25.338646: E /samgraph/3rdparty/collcachelib/coll_cache_lib/cuda/cache_hashtable.cu:355] create a hashtable with 110576865 possible elem, scale to 268435456
[2023-04-14 21:00:25.338685: E /samgraph/3rdparty/collcachelib/coll_cache_lib/cuda/cache_hashtable.cu:360] SimpleHashTable allocating 2.00 GB
[2023-04-14 21:00:25.339020: E /samgraph/3rdparty/collcachelib/coll_cache_lib/cuda/cache_hashtable.cu:355] create a hashtable with 110576865 possible elem, scale to 268435456
[2023-04-14 21:00:25.339056: E /samgraph/3rdparty/collcachelib/coll_cache_lib/cuda/cache_hashtable.cu:360] SimpleHashTable allocating 2.00 GB
[2023-04-14 21:00:25.505803: E /samgraph/3rdparty/collcachelib/coll_cache_lib/common.cc:107] too many mem allocated for forcescale?22323051->146099
[2023-04-14 21:00:25.506161: E /samgraph/3rdparty/collcachelib/coll_cache_lib/common.cc:107] too many mem allocated for forcescale?22323051->111703
[2023-04-14 21:00:25.506210: E /samgraph/3rdparty/collcachelib/coll_cache_lib/common.cc:107] too many mem allocated for forcescale?22323051->114525
[2023-04-14 21:00:25.506643: E /samgraph/3rdparty/collcachelib/coll_cache_lib/common.cc:107] too many mem allocated for forcescale?22323051->113900
[2023-04-14 21:00:25.507071: E /samgraph/3rdparty/collcachelib/coll_cache_lib/common.cc:107] too many mem allocated for forcescale?22323051->150113
[2023-04-14 21:00:25.507319: E /samgraph/3rdparty/collcachelib/coll_cache_lib/common.cc:107] too many mem allocated for forcescale?22323051->119034
[2023-04-14 21:00:25.507574: E /samgraph/3rdparty/collcachelib/coll_cache_lib/common.cc:107] too many mem allocated for forcescale?22323051->136263
[2023-04-14 21:00:25.508250: E /samgraph/3rdparty/collcachelib/coll_cache_lib/common.cc:107] too many mem allocated for forcescale?22323051->183881
[2023-04-14 21:00:25.537114: E /samgraph/3rdparty/collcachelib/coll_cache_lib/cache_context.cu:2439] Asymm Coll cache (policy: coll_cache_asymm_link) | local 22176952 / 111059956 nodes ( 19.97 %~20.00 %) | remote 88399913 / 111059956 nodes ( 79.60 %) | cpu 483091 / 111059956 nodes ( 0.43 %) | 10.64 GB | 1.38858 secs 
[2023-04-14 21:00:25.542768: E /samgraph/3rdparty/collcachelib/coll_cache_lib/cache_context.cu:2439] Asymm Coll cache (policy: coll_cache_asymm_link) | local 22209151 / 111059956 nodes ( 20.00 %~20.00 %) | remote 88367714 / 111059956 nodes ( 79.57 %) | cpu 483091 / 111059956 nodes ( 0.43 %) | 10.64 GB | 1.39778 secs 
[2023-04-14 21:00:25.543128: E /samgraph/3rdparty/collcachelib/coll_cache_lib/cache_context.cu:2439] Asymm Coll cache (policy: coll_cache_asymm_link) | local 22172938 / 111059956 nodes ( 19.96 %~20.00 %) | remote 88403927 / 111059956 nodes ( 79.60 %) | cpu 483091 / 111059956 nodes ( 0.43 %) | 10.64 GB | 1.40363 secs 
[2023-04-14 21:00:25.547310: E /samgraph/3rdparty/collcachelib/coll_cache_lib/cache_context.cu:2439] Asymm Coll cache (policy: coll_cache_asymm_link) | local 22211348 / 111059956 nodes ( 20.00 %~20.00 %) | remote 88365517 / 111059956 nodes ( 79.57 %) | cpu 483091 / 111059956 nodes ( 0.43 %) | 10.64 GB | 1.44471 secs 
[2023-04-14 21:00:25.548726: E /samgraph/3rdparty/collcachelib/coll_cache_lib/cache_context.cu:2439] Asymm Coll cache (policy: coll_cache_asymm_link) | local 22186788 / 111059956 nodes ( 19.98 %~20.00 %) | remote 88390077 / 111059956 nodes ( 79.59 %) | cpu 483091 / 111059956 nodes ( 0.43 %) | 10.64 GB | 1.42469 secs 
[2023-04-14 21:00:25.552388: W /samgraph/3rdparty/collcachelib/coll_cache_lib/cache_context.cu:3958] before create ctx, mem is 19.07 GB
[2023-04-14 21:00:25.552457: E /samgraph/3rdparty/collcachelib/coll_cache_lib/cache_context.cu:2439] Asymm Coll cache (policy: coll_cache_asymm_link) | local 22139170 / 111059956 nodes ( 19.93 %~20.00 %) | remote 88437695 / 111059956 nodes ( 79.63 %) | cpu 483091 / 111059956 nodes ( 0.43 %) | 10.64 GB | 1.40052 secs 
[2023-04-14 21:00:25.552617: E /samgraph/3rdparty/collcachelib/coll_cache_lib/cache_context.cu:2439] Asymm Coll cache (policy: coll_cache_asymm_link) | local 22208526 / 111059956 nodes ( 20.00 %~20.00 %) | remote 88368339 / 111059956 nodes ( 79.57 %) | cpu 483091 / 111059956 nodes ( 0.43 %) | 10.64 GB | 1.41404 secs 
[2023-04-14 21:00:25.557700: W /samgraph/3rdparty/collcachelib/coll_cache_lib/cache_context.cu:3958] before create ctx, mem is 19.07 GB
[2023-04-14 21:00:25.557761: E /samgraph/3rdparty/collcachelib/coll_cache_lib/cache_context.cu:2439] Asymm Coll cache (policy: coll_cache_asymm_link) | local 22204017 / 111059956 nodes ( 19.99 %~20.00 %) | remote 88372848 / 111059956 nodes ( 79.57 %) | cpu 483091 / 111059956 nodes ( 0.43 %) | 10.64 GB | 1.41281 secs 
[2023-04-14 21:00:25.560397: W /samgraph/3rdparty/collcachelib/coll_cache_lib/cache_context.cu:3958] before create ctx, mem is 19.07 GB
[2023-04-14 21:00:25.560971: W /samgraph/3rdparty/collcachelib/coll_cache_lib/cache_context.cu:3958] before create ctx, mem is 19.07 GB
[2023-04-14 21:00:25.562234: W /samgraph/3rdparty/collcachelib/coll_cache_lib/cache_context.cu:3958] before create ctx, mem is 19.07 GB
[2023-04-14 21:00:25.563215: W /samgraph/3rdparty/collcachelib/coll_cache_lib/cache_context.cu:3958] before create ctx, mem is 19.07 GB
[2023-04-14 21:00:25.564253: W /samgraph/3rdparty/collcachelib/coll_cache_lib/cache_context.cu:3958] before create ctx, mem is 19.07 GB
[2023-04-14 21:00:25.567286: W /samgraph/3rdparty/collcachelib/coll_cache_lib/cache_context.cu:3958] before create ctx, mem is 19.07 GB
[2023-04-14 21:00:35.712809: W /samgraph/3rdparty/collcachelib/coll_cache_lib/cache_context.cu:3958] after create ctx, mem is 21.51 GB
[2023-04-14 21:00:35.712930: W /samgraph/3rdparty/collcachelib/coll_cache_lib/cache_context.cu:3958] after create stream, mem is 21.51 GB
[2023-04-14 21:00:35.732294: W /samgraph/3rdparty/collcachelib/coll_cache_lib/cache_context.cu:3958] after create ctx, mem is 21.52 GB
[2023-04-14 21:00:35.732363: W /samgraph/3rdparty/collcachelib/coll_cache_lib/cache_context.cu:3958] after create stream, mem is 21.52 GB
[2023-04-14 21:00:35.971035: W /samgraph/3rdparty/collcachelib/coll_cache_lib/cache_context.cu:3958] after create ctx, mem is 21.65 GB
[2023-04-14 21:00:35.971132: W /samgraph/3rdparty/collcachelib/coll_cache_lib/cache_context.cu:3958] after create stream, mem is 21.65 GB
[2023-04-14 21:00:36.140225: W /samgraph/3rdparty/collcachelib/coll_cache_lib/cache_context.cu:3958] after create ctx, mem is 21.73 GB
[2023-04-14 21:00:36.140566: W /samgraph/3rdparty/collcachelib/coll_cache_lib/cache_context.cu:3958] after create stream, mem is 21.73 GB
[2023-04-14 21:00:36.196509: W /samgraph/3rdparty/collcachelib/coll_cache_lib/cache_context.cu:3958] after create ctx, mem is 21.76 GB
[2023-04-14 21:00:36.196616: W /samgraph/3rdparty/collcachelib/coll_cache_lib/cache_context.cu:3958] after create stream, mem is 21.76 GB
[2023-04-14 21:00:36.656399: W /samgraph/3rdparty/collcachelib/coll_cache_lib/cache_context.cu:3958] after create ctx, mem is 21.99 GB
[2023-04-14 21:00:36.656498: W /samgraph/3rdparty/collcachelib/coll_cache_lib/cache_context.cu:3958] after create stream, mem is 21.99 GB
[2023-04-14 21:00:36.765723: W /samgraph/3rdparty/collcachelib/coll_cache_lib/cache_context.cu:3958] after create ctx, mem is 22.04 GB
[2023-04-14 21:00:36.766201: W /samgraph/3rdparty/collcachelib/coll_cache_lib/cache_context.cu:3958] after create stream, mem is 22.04 GB
[2023-04-14 21:00:36.978422: W /samgraph/3rdparty/collcachelib/coll_cache_lib/cache_context.cu:3958] after create ctx, mem is 22.14 GB
[2023-04-14 21:00:36.978640: W /samgraph/3rdparty/collcachelib/coll_cache_lib/cache_context.cu:3958] after create stream, mem is 22.14 GB
/usr/local/lib/python3.8/dist-packages/torch/nn/parallel/scatter_gather.py:9: UserWarning: is_namedtuple is deprecated, please use the python checks instead
  warnings.warn("is_namedtuple is deprecated, please use the python checks instead")
/usr/local/lib/python3.8/dist-packages/torch/nn/parallel/scatter_gather.py:9: UserWarning: is_namedtuple is deprecated, please use the python checks instead
  warnings.warn("is_namedtuple is deprecated, please use the python checks instead")
/usr/local/lib/python3.8/dist-packages/torch/nn/parallel/scatter_gather.py:9: UserWarning: is_namedtuple is deprecated, please use the python checks instead
  warnings.warn("is_namedtuple is deprecated, please use the python checks instead")
/usr/local/lib/python3.8/dist-packages/torch/nn/parallel/scatter_gather.py:9: UserWarning: is_namedtuple is deprecated, please use the python checks instead
  warnings.warn("is_namedtuple is deprecated, please use the python checks instead")
/usr/local/lib/python3.8/dist-packages/torch/nn/parallel/scatter_gather.py:9: UserWarning: is_namedtuple is deprecated, please use the python checks instead
  warnings.warn("is_namedtuple is deprecated, please use the python checks instead")
/usr/local/lib/python3.8/dist-packages/torch/nn/parallel/scatter_gather.py:9: UserWarning: is_namedtuple is deprecated, please use the python checks instead
  warnings.warn("is_namedtuple is deprecated, please use the python checks instead")
/usr/local/lib/python3.8/dist-packages/torch/nn/parallel/scatter_gather.py:9: UserWarning: is_namedtuple is deprecated, please use the python checks instead
  warnings.warn("is_namedtuple is deprecated, please use the python checks instead")
/usr/local/lib/python3.8/dist-packages/torch/nn/parallel/scatter_gather.py:9: UserWarning: is_namedtuple is deprecated, please use the python checks instead
  warnings.warn("is_namedtuple is deprecated, please use the python checks instead")
