/usr/lib/python3/dist-packages/requests/__init__.py:89: RequestsDependencyWarning: urllib3 (1.26.12) or chardet (3.0.4) doesn't match a supported version!
  warnings.warn("urllib3 ({}) or chardet ({}) doesn't match a supported "
[W socket.cpp:601] [c10d] The client socket has failed to connect to [localhost]:12335 (errno: 99 - Cannot assign requested address).
[W socket.cpp:601] [c10d] The client socket has failed to connect to [localhost]:12335 (errno: 99 - Cannot assign requested address).
Rank=4 done reading 8201046 embedding vectors from file /nvme/songxiaoniu/graph-learning/wholegraph/com_friendster/converted/homograph_csr_row_ptr
Rank=5 done reading 8201046 embedding vectors from file /nvme/songxiaoniu/graph-learning/wholegraph/com_friendster/converted/homograph_csr_row_ptr
Rank=1 done reading 8201046 embedding vectors from file /nvme/songxiaoniu/graph-learning/wholegraph/com_friendster/converted/homograph_csr_row_ptr
Rank=0 done reading 8201046 embedding vectors from file /nvme/songxiaoniu/graph-learning/wholegraph/com_friendster/converted/homograph_csr_row_ptr
Rank=3 done reading 8201046 embedding vectors from file /nvme/songxiaoniu/graph-learning/wholegraph/com_friendster/converted/homograph_csr_row_ptr
Rank=2 done reading 8201046 embedding vectors from file /nvme/songxiaoniu/graph-learning/wholegraph/com_friendster/converted/homograph_csr_row_ptr
Rank=6 done reading 8201046 embedding vectors from file /nvme/songxiaoniu/graph-learning/wholegraph/com_friendster/converted/homograph_csr_row_ptr
Rank=7 done reading 8201045 embedding vectors from file /nvme/songxiaoniu/graph-learning/wholegraph/com_friendster/converted/homograph_csr_row_ptr
Rank=4 done reading 451516784 embedding vectors from file /nvme/songxiaoniu/graph-learning/wholegraph/com_friendster/converted/homograph_csr_col_idx
Rank=5 done reading 451516784 embedding vectors from file /nvme/songxiaoniu/graph-learning/wholegraph/com_friendster/converted/homograph_csr_col_idx
Rank=1 done reading 451516784 embedding vectors from file /nvme/songxiaoniu/graph-learning/wholegraph/com_friendster/converted/homograph_csr_col_idx
Rank=0 done reading 451516784 embedding vectors from file /nvme/songxiaoniu/graph-learning/wholegraph/com_friendster/converted/homograph_csr_col_idx
Rank=6 done reading 451516784 embedding vectors from file /nvme/songxiaoniu/graph-learning/wholegraph/com_friendster/converted/homograph_csr_col_idx
Rank=7 done reading 451516782 embedding vectors from file /nvme/songxiaoniu/graph-learning/wholegraph/com_friendster/converted/homograph_csr_col_idx
Rank=2 done reading 451516784 embedding vectors from file /nvme/songxiaoniu/graph-learning/wholegraph/com_friendster/converted/homograph_csr_col_idx
Rank=3 done reading 451516784 embedding vectors from file /nvme/songxiaoniu/graph-learning/wholegraph/com_friendster/converted/homograph_csr_col_idx
[2023-04-11 22:24:40.690450: E /samgraph/3rdparty/collcachelib/coll_cache_lib/freq_recorder.cc:337] bulk append 3524763 into 0
[2023-04-11 22:24:40.705427: E /samgraph/3rdparty/collcachelib/coll_cache_lib/freq_recorder.cc:347] bulk append 31046958
[2023-04-11 22:24:40.705976: E /samgraph/3rdparty/collcachelib/coll_cache_lib/freq_recorder.cc:337] bulk append 3527375 into 3524763
[2023-04-11 22:24:40.720909: E /samgraph/3rdparty/collcachelib/coll_cache_lib/freq_recorder.cc:347] bulk append 31024222
[2023-04-11 22:24:40.721442: E /samgraph/3rdparty/collcachelib/coll_cache_lib/freq_recorder.cc:337] bulk append 3521412 into 7052138
[2023-04-11 22:24:40.736365: E /samgraph/3rdparty/collcachelib/coll_cache_lib/freq_recorder.cc:347] bulk append 30978223
[2023-04-11 22:24:40.736907: E /samgraph/3rdparty/collcachelib/coll_cache_lib/freq_recorder.cc:337] bulk append 3526728 into 10573550
[2023-04-11 22:24:40.751834: E /samgraph/3rdparty/collcachelib/coll_cache_lib/freq_recorder.cc:347] bulk append 30991423
[2023-04-11 22:24:40.752385: E /samgraph/3rdparty/collcachelib/coll_cache_lib/freq_recorder.cc:337] bulk append 3523461 into 14100278
[2023-04-11 22:24:40.767312: E /samgraph/3rdparty/collcachelib/coll_cache_lib/freq_recorder.cc:347] bulk append 31011296
[2023-04-11 22:24:40.767862: E /samgraph/3rdparty/collcachelib/coll_cache_lib/freq_recorder.cc:337] bulk append 3528257 into 17623739
[2023-04-11 22:24:40.782793: E /samgraph/3rdparty/collcachelib/coll_cache_lib/freq_recorder.cc:347] bulk append 31005360
[2023-04-11 22:24:40.783330: E /samgraph/3rdparty/collcachelib/coll_cache_lib/freq_recorder.cc:337] bulk append 3524678 into 21151996
[2023-04-11 22:24:40.798243: E /samgraph/3rdparty/collcachelib/coll_cache_lib/freq_recorder.cc:347] bulk append 30999563
[2023-04-11 22:24:40.798788: E /samgraph/3rdparty/collcachelib/coll_cache_lib/freq_recorder.cc:337] bulk append 3528903 into 24676674
[2023-04-11 22:24:40.813711: E /samgraph/3rdparty/collcachelib/coll_cache_lib/freq_recorder.cc:347] bulk append 31036291
[2023-04-11 22:24:40.814250: E /samgraph/3rdparty/collcachelib/coll_cache_lib/freq_recorder.cc:337] bulk append 3524690 into 28205577
[2023-04-11 22:24:40.829168: E /samgraph/3rdparty/collcachelib/coll_cache_lib/freq_recorder.cc:347] bulk append 31020549
[2023-04-11 22:24:40.829709: E /samgraph/3rdparty/collcachelib/coll_cache_lib/freq_recorder.cc:337] bulk append 3527467 into 31730267
[2023-04-11 22:24:40.844613: E /samgraph/3rdparty/collcachelib/coll_cache_lib/freq_recorder.cc:347] bulk append 31018101
[2023-04-11 22:24:40.845178: E /samgraph/3rdparty/collcachelib/coll_cache_lib/freq_recorder.cc:337] bulk append 3605960 into 35257734
[2023-04-11 22:24:40.860398: E /samgraph/3rdparty/collcachelib/coll_cache_lib/freq_recorder.cc:347] bulk append 31544814
[2023-04-11 22:24:40.860957: E /samgraph/3rdparty/collcachelib/coll_cache_lib/freq_recorder.cc:337] bulk append 3609837 into 38863694
[2023-04-11 22:24:40.876175: E /samgraph/3rdparty/collcachelib/coll_cache_lib/freq_recorder.cc:347] bulk append 31497618
[2023-04-11 22:24:40.876725: E /samgraph/3rdparty/collcachelib/coll_cache_lib/freq_recorder.cc:337] bulk append 3603373 into 42473531
[2023-04-11 22:24:40.892339: E /samgraph/3rdparty/collcachelib/coll_cache_lib/freq_recorder.cc:347] bulk append 31447561
[2023-04-11 22:24:40.892878: E /samgraph/3rdparty/collcachelib/coll_cache_lib/freq_recorder.cc:337] bulk append 3611258 into 46076904
[2023-04-11 22:24:40.908105: E /samgraph/3rdparty/collcachelib/coll_cache_lib/freq_recorder.cc:347] bulk append 31473424
[2023-04-11 22:24:40.908648: E /samgraph/3rdparty/collcachelib/coll_cache_lib/freq_recorder.cc:337] bulk append 3606227 into 49688162
[2023-04-11 22:24:40.923853: E /samgraph/3rdparty/collcachelib/coll_cache_lib/freq_recorder.cc:347] bulk append 31512744
[2023-04-11 22:24:40.924399: E /samgraph/3rdparty/collcachelib/coll_cache_lib/freq_recorder.cc:337] bulk append 3608866 into 53294389
[2023-04-11 22:24:40.939604: E /samgraph/3rdparty/collcachelib/coll_cache_lib/freq_recorder.cc:347] bulk append 31514420
[2023-04-11 22:24:40.940166: E /samgraph/3rdparty/collcachelib/coll_cache_lib/freq_recorder.cc:337] bulk append 3605571 into 56903255
[2023-04-11 22:24:40.955471: E /samgraph/3rdparty/collcachelib/coll_cache_lib/freq_recorder.cc:347] bulk append 31497060
[2023-04-11 22:24:40.956022: E /samgraph/3rdparty/collcachelib/coll_cache_lib/freq_recorder.cc:337] bulk append 3612963 into 60508826
[2023-04-11 22:24:40.971246: E /samgraph/3rdparty/collcachelib/coll_cache_lib/freq_recorder.cc:347] bulk append 31516466
[2023-04-11 22:24:40.971797: E /samgraph/3rdparty/collcachelib/coll_cache_lib/freq_recorder.cc:337] bulk append 3605963 into 64121789
[2023-04-11 22:24:40.987034: E /samgraph/3rdparty/collcachelib/coll_cache_lib/freq_recorder.cc:347] bulk append 31489814
[2023-04-11 22:24:40.987592: E /samgraph/3rdparty/collcachelib/coll_cache_lib/freq_recorder.cc:337] bulk append 3609481 into 67727752
[2023-04-11 22:24:41.  2818: E /samgraph/3rdparty/collcachelib/coll_cache_lib/freq_recorder.cc:347] bulk append 31531945
[2023-04-11 22:24:41.  3374: E /samgraph/3rdparty/collcachelib/coll_cache_lib/freq_recorder.cc:337] bulk append 3647898 into 71337233
[2023-04-11 22:24:41. 18745: E /samgraph/3rdparty/collcachelib/coll_cache_lib/freq_recorder.cc:347] bulk append 31491377
[2023-04-11 22:24:41. 19319: E /samgraph/3rdparty/collcachelib/coll_cache_lib/freq_recorder.cc:337] bulk append 3653246 into 74985131
[2023-04-11 22:24:41. 34669: E /samgraph/3rdparty/collcachelib/coll_cache_lib/freq_recorder.cc:347] bulk append 31451870
[2023-04-11 22:24:41. 35231: E /samgraph/3rdparty/collcachelib/coll_cache_lib/freq_recorder.cc:337] bulk append 3647574 into 78638377
[2023-04-11 22:24:41. 50579: E /samgraph/3rdparty/collcachelib/coll_cache_lib/freq_recorder.cc:347] bulk append 31405545
[2023-04-11 22:24:41. 51127: E /samgraph/3rdparty/collcachelib/coll_cache_lib/freq_recorder.cc:337] bulk append 3651221 into 82285951
[2023-04-11 22:24:41. 66496: E /samgraph/3rdparty/collcachelib/coll_cache_lib/freq_recorder.cc:347] bulk append 31435880
[2023-04-11 22:24:41. 67064: E /samgraph/3rdparty/collcachelib/coll_cache_lib/freq_recorder.cc:337] bulk append 3648804 into 85937172
[2023-04-11 22:24:41. 82417: E /samgraph/3rdparty/collcachelib/coll_cache_lib/freq_recorder.cc:347] bulk append 31469332
[2023-04-11 22:24:41. 82972: E /samgraph/3rdparty/collcachelib/coll_cache_lib/freq_recorder.cc:337] bulk append 3651823 into 89585976
[2023-04-11 22:24:41. 98325: E /samgraph/3rdparty/collcachelib/coll_cache_lib/freq_recorder.cc:347] bulk append 31477726
[2023-04-11 22:24:41. 98879: E /samgraph/3rdparty/collcachelib/coll_cache_lib/freq_recorder.cc:337] bulk append 3647904 into 93237799
[2023-04-11 22:24:41.114237: E /samgraph/3rdparty/collcachelib/coll_cache_lib/freq_recorder.cc:347] bulk append 31454354
[2023-04-11 22:24:41.114790: E /samgraph/3rdparty/collcachelib/coll_cache_lib/freq_recorder.cc:337] bulk append 3654691 into 96885703
[2023-04-11 22:24:41.130162: E /samgraph/3rdparty/collcachelib/coll_cache_lib/freq_recorder.cc:347] bulk append 31509065
[2023-04-11 22:24:41.130692: E /samgraph/3rdparty/collcachelib/coll_cache_lib/freq_recorder.cc:337] bulk append 3649424 into 100540394
[2023-04-11 22:24:41.146038: E /samgraph/3rdparty/collcachelib/coll_cache_lib/freq_recorder.cc:347] bulk append 31450109
[2023-04-11 22:24:41.146585: E /samgraph/3rdparty/collcachelib/coll_cache_lib/freq_recorder.cc:337] bulk append 3653571 into 104189818
[2023-04-11 22:24:41.161935: E /samgraph/3rdparty/collcachelib/coll_cache_lib/freq_recorder.cc:347] bulk append 31517606
[2023-04-11 22:24:41.162501: E /samgraph/3rdparty/collcachelib/coll_cache_lib/freq_recorder.cc:337] bulk append 3655767 into 107843389
[2023-04-11 22:24:41.177956: E /samgraph/3rdparty/collcachelib/coll_cache_lib/freq_recorder.cc:347] bulk append 31499377
[2023-04-11 22:24:41.178536: E /samgraph/3rdparty/collcachelib/coll_cache_lib/freq_recorder.cc:337] bulk append 3660950 into 111499156
[2023-04-11 22:24:41.193935: E /samgraph/3rdparty/collcachelib/coll_cache_lib/freq_recorder.cc:347] bulk append 31460201
[2023-04-11 22:24:41.194492: E /samgraph/3rdparty/collcachelib/coll_cache_lib/freq_recorder.cc:337] bulk append 3653093 into 115160106
[2023-04-11 22:24:41.209868: E /samgraph/3rdparty/collcachelib/coll_cache_lib/freq_recorder.cc:347] bulk append 31423392
[2023-04-11 22:24:41.210440: E /samgraph/3rdparty/collcachelib/coll_cache_lib/freq_recorder.cc:337] bulk append 3659463 into 118813199
[2023-04-11 22:24:41.225806: E /samgraph/3rdparty/collcachelib/coll_cache_lib/freq_recorder.cc:347] bulk append 31459252
[2023-04-11 22:24:41.226360: E /samgraph/3rdparty/collcachelib/coll_cache_lib/freq_recorder.cc:337] bulk append 3655394 into 122472662
[2023-04-11 22:24:41.241720: E /samgraph/3rdparty/collcachelib/coll_cache_lib/freq_recorder.cc:347] bulk append 31473540
[2023-04-11 22:24:41.242286: E /samgraph/3rdparty/collcachelib/coll_cache_lib/freq_recorder.cc:337] bulk append 3658316 into 126128056
[2023-04-11 22:24:41.257654: E /samgraph/3rdparty/collcachelib/coll_cache_lib/freq_recorder.cc:347] bulk append 31485798
[2023-04-11 22:24:41.258214: E /samgraph/3rdparty/collcachelib/coll_cache_lib/freq_recorder.cc:337] bulk append 3654993 into 129786372
[2023-04-11 22:24:41.273578: E /samgraph/3rdparty/collcachelib/coll_cache_lib/freq_recorder.cc:347] bulk append 31477377
[2023-04-11 22:24:41.274172: E /samgraph/3rdparty/collcachelib/coll_cache_lib/freq_recorder.cc:337] bulk append 3660891 into 133441365
[2023-04-11 22:24:41.289557: E /samgraph/3rdparty/collcachelib/coll_cache_lib/freq_recorder.cc:347] bulk append 31532068
[2023-04-11 22:24:41.290128: E /samgraph/3rdparty/collcachelib/coll_cache_lib/freq_recorder.cc:337] bulk append 3654881 into 137102256
[2023-04-11 22:24:41.305513: E /samgraph/3rdparty/collcachelib/coll_cache_lib/freq_recorder.cc:347] bulk append 31488338
[2023-04-11 22:24:41.306093: E /samgraph/3rdparty/collcachelib/coll_cache_lib/freq_recorder.cc:337] bulk append 3658837 into 140757137
[2023-04-11 22:24:41.321477: E /samgraph/3rdparty/collcachelib/coll_cache_lib/freq_recorder.cc:347] bulk append 31537496
[2023-04-11 22:24:41.322042: E /samgraph/3rdparty/collcachelib/coll_cache_lib/freq_recorder.cc:337] bulk append 3662673 into 144415974
[2023-04-11 22:24:41.337417: E /samgraph/3rdparty/collcachelib/coll_cache_lib/freq_recorder.cc:347] bulk append 31405056
[2023-04-11 22:24:41.337981: E /samgraph/3rdparty/collcachelib/coll_cache_lib/freq_recorder.cc:337] bulk append 3669497 into 148078647
[2023-04-11 22:24:41.353342: E /samgraph/3rdparty/collcachelib/coll_cache_lib/freq_recorder.cc:347] bulk append 31362944
[2023-04-11 22:24:41.353889: E /samgraph/3rdparty/collcachelib/coll_cache_lib/freq_recorder.cc:337] bulk append 3663189 into 151748144
[2023-04-11 22:24:41.369224: E /samgraph/3rdparty/collcachelib/coll_cache_lib/freq_recorder.cc:347] bulk append 31332428
[2023-04-11 22:24:41.369780: E /samgraph/3rdparty/collcachelib/coll_cache_lib/freq_recorder.cc:337] bulk append 3669054 into 155411333
[2023-04-11 22:24:41.385131: E /samgraph/3rdparty/collcachelib/coll_cache_lib/freq_recorder.cc:347] bulk append 31362218
[2023-04-11 22:24:41.385668: E /samgraph/3rdparty/collcachelib/coll_cache_lib/freq_recorder.cc:337] bulk append 3664730 into 159080387
[2023-04-11 22:24:41.401021: E /samgraph/3rdparty/collcachelib/coll_cache_lib/freq_recorder.cc:347] bulk append 31374144
[2023-04-11 22:24:41.401572: E /samgraph/3rdparty/collcachelib/coll_cache_lib/freq_recorder.cc:337] bulk append 3666967 into 162745117
[2023-04-11 22:24:41.416918: E /samgraph/3rdparty/collcachelib/coll_cache_lib/freq_recorder.cc:347] bulk append 31388922
[2023-04-11 22:24:41.417456: E /samgraph/3rdparty/collcachelib/coll_cache_lib/freq_recorder.cc:337] bulk append 3663730 into 166412084
[2023-04-11 22:24:41.432797: E /samgraph/3rdparty/collcachelib/coll_cache_lib/freq_recorder.cc:347] bulk append 31377979
[2023-04-11 22:24:41.433347: E /samgraph/3rdparty/collcachelib/coll_cache_lib/freq_recorder.cc:337] bulk append 3671056 into 170075814
[2023-04-11 22:24:41.448702: E /samgraph/3rdparty/collcachelib/coll_cache_lib/freq_recorder.cc:347] bulk append 31446258
[2023-04-11 22:24:41.449253: E /samgraph/3rdparty/collcachelib/coll_cache_lib/freq_recorder.cc:337] bulk append 3664065 into 173746870
[2023-04-11 22:24:41.464588: E /samgraph/3rdparty/collcachelib/coll_cache_lib/freq_recorder.cc:347] bulk append 31406198
[2023-04-11 22:24:41.465128: E /samgraph/3rdparty/collcachelib/coll_cache_lib/freq_recorder.cc:337] bulk append 3666192 into 177410935
[2023-04-11 22:24:41.480478: E /samgraph/3rdparty/collcachelib/coll_cache_lib/freq_recorder.cc:347] bulk append 31435424
[2023-04-11 22:24:41.481052: E /samgraph/3rdparty/collcachelib/coll_cache_lib/freq_recorder.cc:337] bulk append 3620529 into 181077127
[2023-04-11 22:24:41.496357: E /samgraph/3rdparty/collcachelib/coll_cache_lib/freq_recorder.cc:347] bulk append 31139897
[2023-04-11 22:24:41.496930: E /samgraph/3rdparty/collcachelib/coll_cache_lib/freq_recorder.cc:337] bulk append 3628910 into 184697656
[2023-04-11 22:24:41.512217: E /samgraph/3rdparty/collcachelib/coll_cache_lib/freq_recorder.cc:347] bulk append 31092704
[2023-04-11 22:24:41.512784: E /samgraph/3rdparty/collcachelib/coll_cache_lib/freq_recorder.cc:337] bulk append 3621352 into 188326566
[2023-04-11 22:24:41.528037: E /samgraph/3rdparty/collcachelib/coll_cache_lib/freq_recorder.cc:347] bulk append 31055758
[2023-04-11 22:24:41.528622: E /samgraph/3rdparty/collcachelib/coll_cache_lib/freq_recorder.cc:337] bulk append 3625512 into 191947918
[2023-04-11 22:24:41.543886: E /samgraph/3rdparty/collcachelib/coll_cache_lib/freq_recorder.cc:347] bulk append 31089735
[2023-04-11 22:24:41.544435: E /samgraph/3rdparty/collcachelib/coll_cache_lib/freq_recorder.cc:337] bulk append 3622431 into 195573430
[2023-04-11 22:24:41.559693: E /samgraph/3rdparty/collcachelib/coll_cache_lib/freq_recorder.cc:347] bulk append 31098616
[2023-04-11 22:24:41.560268: E /samgraph/3rdparty/collcachelib/coll_cache_lib/freq_recorder.cc:337] bulk append 3625785 into 199195861
[2023-04-11 22:24:41.575522: E /samgraph/3rdparty/collcachelib/coll_cache_lib/freq_recorder.cc:347] bulk append 31109668
[2023-04-11 22:24:41.576089: E /samgraph/3rdparty/collcachelib/coll_cache_lib/freq_recorder.cc:337] bulk append 3621355 into 202821646
[2023-04-11 22:24:41.591318: E /samgraph/3rdparty/collcachelib/coll_cache_lib/freq_recorder.cc:347] bulk append 31108944
[2023-04-11 22:24:41.591883: E /samgraph/3rdparty/collcachelib/coll_cache_lib/freq_recorder.cc:337] bulk append 3628625 into 206443001
[2023-04-11 22:24:41.607155: E /samgraph/3rdparty/collcachelib/coll_cache_lib/freq_recorder.cc:347] bulk append 31164253
[2023-04-11 22:24:41.607720: E /samgraph/3rdparty/collcachelib/coll_cache_lib/freq_recorder.cc:337] bulk append 3621036 into 210071626
[2023-04-11 22:24:41.623077: E /samgraph/3rdparty/collcachelib/coll_cache_lib/freq_recorder.cc:347] bulk append 31130201
[2023-04-11 22:24:41.623661: E /samgraph/3rdparty/collcachelib/coll_cache_lib/freq_recorder.cc:337] bulk append 3625604 into 213692662
[2023-04-11 22:24:41.638941: E /samgraph/3rdparty/collcachelib/coll_cache_lib/freq_recorder.cc:347] bulk append 31153134
[2023-04-11 22:24:41.639530: E /samgraph/3rdparty/collcachelib/coll_cache_lib/freq_recorder.cc:337] bulk append 3567084 into 217318266
[2023-04-11 22:24:41.654613: E /samgraph/3rdparty/collcachelib/coll_cache_lib/freq_recorder.cc:347] bulk append 30713007
[2023-04-11 22:24:41.655183: E /samgraph/3rdparty/collcachelib/coll_cache_lib/freq_recorder.cc:337] bulk append 3574684 into 220885350
[2023-04-11 22:24:41.670261: E /samgraph/3rdparty/collcachelib/coll_cache_lib/freq_recorder.cc:347] bulk append 30649151
[2023-04-11 22:24:41.670825: E /samgraph/3rdparty/collcachelib/coll_cache_lib/freq_recorder.cc:337] bulk append 3567003 into 224460034
[2023-04-11 22:24:41.685872: E /samgraph/3rdparty/collcachelib/coll_cache_lib/freq_recorder.cc:347] bulk append 30623887
[2023-04-11 22:24:41.686413: E /samgraph/3rdparty/collcachelib/coll_cache_lib/freq_recorder.cc:337] bulk append 3572222 into 228027037
[2023-04-11 22:24:41.701485: E /samgraph/3rdparty/collcachelib/coll_cache_lib/freq_recorder.cc:347] bulk append 30653747
[2023-04-11 22:24:41.702042: E /samgraph/3rdparty/collcachelib/coll_cache_lib/freq_recorder.cc:337] bulk append 3569977 into 231599259
[2023-04-11 22:24:41.717111: E /samgraph/3rdparty/collcachelib/coll_cache_lib/freq_recorder.cc:347] bulk append 30653629
[2023-04-11 22:24:41.717663: E /samgraph/3rdparty/collcachelib/coll_cache_lib/freq_recorder.cc:337] bulk append 3572380 into 235169236
[2023-04-11 22:24:41.732721: E /samgraph/3rdparty/collcachelib/coll_cache_lib/freq_recorder.cc:347] bulk append 30678840
[2023-04-11 22:24:41.733266: E /samgraph/3rdparty/collcachelib/coll_cache_lib/freq_recorder.cc:337] bulk append 3567834 into 238741616
[2023-04-11 22:24:41.748307: E /samgraph/3rdparty/collcachelib/coll_cache_lib/freq_recorder.cc:347] bulk append 30670829
[2023-04-11 22:24:41.748866: E /samgraph/3rdparty/collcachelib/coll_cache_lib/freq_recorder.cc:337] bulk append 3576000 into 242309450
[2023-04-11 22:24:41.763957: E /samgraph/3rdparty/collcachelib/coll_cache_lib/freq_recorder.cc:347] bulk append 30726008
[2023-04-11 22:24:41.764508: E /samgraph/3rdparty/collcachelib/coll_cache_lib/freq_recorder.cc:337] bulk append 3569812 into 245885450
[2023-04-11 22:24:41.779559: E /samgraph/3rdparty/collcachelib/coll_cache_lib/freq_recorder.cc:347] bulk append 30691644
[2023-04-11 22:24:41.780131: E /samgraph/3rdparty/collcachelib/coll_cache_lib/freq_recorder.cc:337] bulk append 3572138 into 249455262
[2023-04-11 22:24:41.795210: E /samgraph/3rdparty/collcachelib/coll_cache_lib/freq_recorder.cc:347] bulk append 30722135
[2023-04-11 22:24:41.795784: E /samgraph/3rdparty/collcachelib/coll_cache_lib/freq_recorder.cc:337] bulk append 3489008 into 253027400
[2023-04-11 22:24:41.810685: E /samgraph/3rdparty/collcachelib/coll_cache_lib/freq_recorder.cc:347] bulk append 29898502
[2023-04-11 22:24:41.811271: E /samgraph/3rdparty/collcachelib/coll_cache_lib/freq_recorder.cc:337] bulk append 3495648 into 256516408
[2023-04-11 22:24:41.826130: E /samgraph/3rdparty/collcachelib/coll_cache_lib/freq_recorder.cc:347] bulk append 29818573
[2023-04-11 22:24:41.826675: E /samgraph/3rdparty/collcachelib/coll_cache_lib/freq_recorder.cc:337] bulk append 3488882 into 260012056
[2023-04-11 22:24:41.841507: E /samgraph/3rdparty/collcachelib/coll_cache_lib/freq_recorder.cc:347] bulk append 29815832
[2023-04-11 22:24:41.842053: E /samgraph/3rdparty/collcachelib/coll_cache_lib/freq_recorder.cc:337] bulk append 3495144 into 263500938
[2023-04-11 22:24:41.856912: E /samgraph/3rdparty/collcachelib/coll_cache_lib/freq_recorder.cc:347] bulk append 29851821
[2023-04-11 22:24:41.857440: E /samgraph/3rdparty/collcachelib/coll_cache_lib/freq_recorder.cc:337] bulk append 3490193 into 266996082
[2023-04-11 22:24:41.872291: E /samgraph/3rdparty/collcachelib/coll_cache_lib/freq_recorder.cc:347] bulk append 29842752
[2023-04-11 22:24:41.872838: E /samgraph/3rdparty/collcachelib/coll_cache_lib/freq_recorder.cc:337] bulk append 3493404 into 270486275
[2023-04-11 22:24:41.887692: E /samgraph/3rdparty/collcachelib/coll_cache_lib/freq_recorder.cc:347] bulk append 29853793
[2023-04-11 22:24:41.888235: E /samgraph/3rdparty/collcachelib/coll_cache_lib/freq_recorder.cc:337] bulk append 3490583 into 273979679
[2023-04-11 22:24:41.903072: E /samgraph/3rdparty/collcachelib/coll_cache_lib/freq_recorder.cc:347] bulk append 29854162
[2023-04-11 22:24:41.903589: E /samgraph/3rdparty/collcachelib/coll_cache_lib/freq_recorder.cc:337] bulk append 3496730 into 277470262
[2023-04-11 22:24:41.920226: E /samgraph/3rdparty/collcachelib/coll_cache_lib/freq_recorder.cc:347] bulk append 29920704
[2023-04-11 22:24:41.920767: E /samgraph/3rdparty/collcachelib/coll_cache_lib/freq_recorder.cc:337] bulk append 3489734 into 280966992
[2023-04-11 22:24:41.935586: E /samgraph/3rdparty/collcachelib/coll_cache_lib/freq_recorder.cc:347] bulk append 29917504
[2023-04-11 22:24:41.936136: E /samgraph/3rdparty/collcachelib/coll_cache_lib/freq_recorder.cc:337] bulk append 3493345 into 284456726
[2023-04-11 22:24:41.950988: E /samgraph/3rdparty/collcachelib/coll_cache_lib/freq_recorder.cc:347] bulk append 29882977
[2023-04-11 22:24:41.951528: E /samgraph/3rdparty/collcachelib/coll_cache_lib/freq_recorder.cc:266] freq recorder global combining
[2023-04-11 22:24:41.951561: E[[ [2023-04-11 22:24:41[[2023-04-11 22:24:41/samgraph/3rdparty/collcachelib/coll_cache_lib/run_config.cc2023-04-11 22:24:41.2023-04-11 22:24:412023-04-11 22:24:41.:.[951565..9515631409515632023-04-11 22:24:41: 951568951567: ] : .E: : Eusing concurrent impl MPSPhaseE951592 EE 
 : /samgraph/3rdparty/collcachelib/coll_cache_lib/run_config.cc  /samgraph/3rdparty/collcachelib/coll_cache_lib/run_config.cc/samgraph/3rdparty/collcachelib/coll_cache_lib/run_config.ccE:/samgraph/3rdparty/collcachelib/coll_cache_lib/run_config.cc[/samgraph/3rdparty/collcachelib/coll_cache_lib/run_config.cc:: 140:2023-04-11 22:24:41:140140/samgraph/3rdparty/collcachelib/coll_cache_lib/run_config.cc] 140.140] ] :using concurrent impl MPSPhase] 951649] using concurrent impl MPSPhaseusing concurrent impl MPSPhase140
using concurrent impl MPSPhase: using concurrent impl MPSPhase

] 
E
[using concurrent impl MPSPhase [[[2023-04-11 22:24:41
/samgraph/3rdparty/collcachelib/coll_cache_lib/facade.cc[2023-04-11 22:24:412023-04-11 22:24:412023-04-11 22:24:41.:2023-04-11 22:24:41.[..951702409.9517122023-04-11 22:24:41951707951708: ] 951713: .: : Ebefore scale, dtype is 0, dim is 256: E951727EE 
E :   /samgraph/3rdparty/collcachelib/coll_cache_lib/facade.cc /samgraph/3rdparty/collcachelib/coll_cache_lib/facade.cc[E/samgraph/3rdparty/collcachelib/coll_cache_lib/facade.cc/samgraph/3rdparty/collcachelib/coll_cache_lib/facade.cc:/samgraph/3rdparty/collcachelib/coll_cache_lib/facade.cc:2023-04-11 22:24:41 ::409:409./samgraph/3rdparty/collcachelib/coll_cache_lib/facade.cc409409] 409] 951799:] ] before scale, dtype is 0, dim is 256] before scale, dtype is 0, dim is 256: 409before scale, dtype is 0, dim is 256before scale, dtype is 0, dim is 256
before scale, dtype is 0, dim is 256
E[] 


 [2023-04-11 22:24:41before scale, dtype is 0, dim is 256[/samgraph/3rdparty/collcachelib/coll_cache_lib/facade.cc[2023-04-11 22:24:41[.
2023-04-11 22:24:41:2023-04-11 22:24:41.2023-04-11 22:24:41951873.[415.951877.: 9518842023-04-11 22:24:41] 951885: 951885E: .after scale, dtype is 7, new dim is 64: E:  E951903
E E/samgraph/3rdparty/collcachelib/coll_cache_lib/facade.cc :  /samgraph/3rdparty/collcachelib/coll_cache_lib/facade.cc :/samgraph/3rdparty/collcachelib/coll_cache_lib/facade.ccE/samgraph/3rdparty/collcachelib/coll_cache_lib/facade.cc:/samgraph/3rdparty/collcachelib/coll_cache_lib/facade.cc415: :415:] 415/samgraph/3rdparty/collcachelib/coll_cache_lib/facade.cc415] 415after scale, dtype is 7, new dim is 64] :] after scale, dtype is 7, new dim is 64] 
after scale, dtype is 7, new dim is 64415after scale, dtype is 7, new dim is 64
after scale, dtype is 7, new dim is 64
] 

after scale, dtype is 7, new dim is 64
[2023-04-11 22:24:41.953118: E /samgraph/3rdparty/collcachelib/coll_cache_lib/coll_cache/asymm_link_desc.cc:201] assigning 10 to cpu
[2023-04-11 22:24:41.953169: E /samgraph/3rdparty/collcachelib/coll_cache_lib/coll_cache/asymm_link_desc.cc:218] build symm link desc with 8X NVIDIA A100-SXM4-80GB out of 8
[2023-04-11 22:24:41.953198: E /samgraph/3rdparty/collcachelib/coll_cache_lib/coll_cache/asymm_link_desc.cc:219] remote time is 24.3333
[2023-04-11 22:24:41.953209: E /samgraph/3rdparty/collcachelib/coll_cache_lib/coll_cache/asymm_link_desc.cc:220] cpu time is 91.25
[2023-04-11 22:24:41.953235: E /samgraph/3rdparty/collcachelib/coll_cache_lib/facade.cc:425] registering cpu data with 16.00 GB
[2023-04-11 22:24:41.953493: E /samgraph/3rdparty/collcachelib/coll_cache_lib/coll_cache/asymm_link_desc.cc:201] assigning 10 to cpu
[2023-04-11 22:24:41.953529: E /samgraph/3rdparty/collcachelib/coll_cache_lib/coll_cache/asymm_link_desc.cc:218] build symm link desc with 8X NVIDIA A100-SXM4-80GB out of 8
[2023-04-11 22:24:41.953551: E /samgraph/3rdparty/collcachelib/coll_cache_lib/coll_cache/asymm_link_desc.cc:219] remote time is 24.3333
[2023-04-11 22:24:41.953562: E /samgraph/3rdparty/collcachelib/coll_cache_lib/coll_cache/asymm_link_desc.cc:220] cpu time is 91.25
[2023-04-11 22:24:41.953587: E /samgraph/3rdparty/collcachelib/coll_cache_lib/facade.cc:425] registering cpu data with 16.00 GB
[2023-04-11 22:24:41.953980: E /samgraph/3rdparty/collcachelib/coll_cache_lib/coll_cache/asymm_link_desc.cc:201] assigning 10 to cpu
[2023-04-11 22:24:41.954018: E /samgraph/3rdparty/collcachelib/coll_cache_lib/coll_cache/asymm_link_desc.cc:218] build symm link desc with 8X NVIDIA A100-SXM4-80GB out of 8
[2023-04-11 22:24:41.954037: E /samgraph/3rdparty/collcachelib/coll_cache_lib/coll_cache/asymm_link_desc.cc:219] remote time is 24.3333
[2023-04-11 22:24:41.954048: E /samgraph/3rdparty/collcachelib/coll_cache_lib/coll_cache/asymm_link_desc.cc:220] cpu time is 91.25
[2023-04-11 22:24:41.954073: E /samgraph/3rdparty/collcachelib/coll_cache_lib/facade.cc:425] registering cpu data with 16.00 GB
[2023-04-11 22:24:41.954289: E /samgraph/3rdparty/collcachelib/coll_cache_lib/coll_cache/asymm_link_desc.cc:201] assigning 10 to cpu
[2023-04-11 22:24:41.954313: E /samgraph/3rdparty/collcachelib/coll_cache_lib/coll_cache/asymm_link_desc.cc:201] assigning 10 to cpu
[2023-04-11 22:24:41.954338: E /samgraph/3rdparty/collcachelib/coll_cache_lib/coll_cache/asymm_link_desc.cc:218] build symm link desc with 8X NVIDIA A100-SXM4-80GB out of 8[
2023-04-11 22:24:41.954354: E /samgraph/3rdparty/collcachelib/coll_cache_lib/coll_cache/asymm_link_desc.cc:218] build symm link desc with 8X NVIDIA A100-SXM4-80GB out of 8
[2023-04-11 22:24:41.954369: E /samgraph/3rdparty/collcachelib/coll_cache_lib/coll_cache/asymm_link_desc.cc:219] [remote time is 24.33332023-04-11 22:24:41
.954376: E /samgraph/3rdparty/collcachelib/coll_cache_lib/coll_cache/asymm_link_desc.cc[:2023-04-11 22:24:41219.] 954389remote time is 24.3333: 
E /samgraph/3rdparty/collcachelib/coll_cache_lib/coll_cache/asymm_link_desc.cc:220] [cpu time is 91.252023-04-11 22:24:41
.954409: E /samgraph/3rdparty/collcachelib/coll_cache_lib/coll_cache/asymm_link_desc.cc:220] cpu time is 91.25
[2023-04-11 22:24:41.954434: E [/samgraph/3rdparty/collcachelib/coll_cache_lib/facade.cc2023-04-11 22:24:41:.425954441] : registering cpu data with 16.00 GBE
 /samgraph/3rdparty/collcachelib/coll_cache_lib/facade.cc[:2023-04-11 22:24:41425.] 954464registering cpu data with 16.00 GB: 
E /samgraph/3rdparty/collcachelib/coll_cache_lib/coll_cache/asymm_link_desc.cc:201] assigning 10 to cpu
[2023-04-11 22:24:41.954529: E /samgraph/3rdparty/collcachelib/coll_cache_lib/coll_cache/asymm_link_desc.cc:218] build symm link desc with 8X NVIDIA A100-SXM4-80GB out of 8
[2023-04-11 22:24:41.954546: E /samgraph/3rdparty/collcachelib/coll_cache_lib/coll_cache/asymm_link_desc.cc:219] remote time is 24.3333
[2023-04-11 22:24:41.954556: E /samgraph/3rdparty/collcachelib/coll_cache_lib/coll_cache/asymm_link_desc.cc:220] cpu time is 91.25
[2023-04-11 22:24:41.954581: E /samgraph/3rdparty/collcachelib/coll_cache_lib/facade.cc:425] registering cpu data with 16.00 GB
[2023-04-11 22:24:41.954640: E /samgraph/3rdparty/collcachelib/coll_cache_lib/coll_cache/asymm_link_desc.cc:201] assigning 10 to cpu
[2023-04-11 22:24:41.954726: E /samgraph/3rdparty/collcachelib/coll_cache_lib/coll_cache/asymm_link_desc.cc:218] build symm link desc with 8X NVIDIA A100-SXM4-80GB out of 8
[2023-04-11 22:24:41.954749: E /samgraph/3rdparty/collcachelib/coll_cache_lib/coll_cache/asymm_link_desc.cc:219] remote time is 24.3333
[2023-04-11 22:24:41.954760: E /samgraph/3rdparty/collcachelib/coll_cache_lib/coll_cache/asymm_link_desc.cc:220] cpu time is 91.25
[2023-04-11 22:24:41.954785: E /samgraph/3rdparty/collcachelib/coll_cache_lib/facade.cc:425] registering cpu data with 16.00 GB
[2023-04-11 22:24:44.876445: E /samgraph/3rdparty/collcachelib/coll_cache_lib/facade.cc:427] registering cpu data done.
[[2023-04-11 22:24:44.2023-04-11 22:24:44.876539876536: : EE  /samgraph/3rdparty/collcachelib/coll_cache_lib/facade.cc/samgraph/3rdparty/collcachelib/coll_cache_lib/facade.cc::427427] ] registering cpu data done.registering cpu data done.

[2023-04-11 22:24:44.876576: E /samgraph/3rdparty/collcachelib/coll_cache_lib/facade.cc:427] registering cpu data done.
[2023-04-11 22:24:44.880909: E /samgraph/3rdparty/collcachelib/coll_cache_lib/facade.cc:427] registering cpu data done.
[2023-04-11 22:24:44.887055: E /samgraph/3rdparty/collcachelib/coll_cache_lib/facade.cc:427] registering cpu data done.
[2023-04-11 22:24:44.889801: E /samgraph/3rdparty/collcachelib/coll_cache_lib/facade.cc:427] registering cpu data done.
[2023-04-11 22:24:49.191922: E /samgraph/3rdparty/collcachelib/coll_cache_lib/freq_recorder.cc:269] freq recorder global combine from 287950071 to 57333937
[2023-04-11 22:24:54.499520: E /samgraph/3rdparty/collcachelib/coll_cache_lib/freq_recorder.cc:286] top 5 freq is 1703,1617,1612,1607,1570
[2023-04-11 22:24:54.499610: E /samgraph/3rdparty/collcachelib/coll_cache_lib/run_config.cc:140] using concurrent impl MPSPhase
[2023-04-11 22:24:54.499624: E /samgraph/3rdparty/collcachelib/coll_cache_lib/facade.cc:409] before scale, dtype is 0, dim is 256
[2023-04-11 22:24:54.499636: E /samgraph/3rdparty/collcachelib/coll_cache_lib/facade.cc:415] after scale, dtype is 7, new dim is 64
[2023-04-11 22:24:54.500752: E /samgraph/3rdparty/collcachelib/coll_cache_lib/coll_cache/asymm_link_desc.cc:201] assigning 10 to cpu
[2023-04-11 22:24:54.500789: E /samgraph/3rdparty/collcachelib/coll_cache_lib/coll_cache/asymm_link_desc.cc:218] build symm link desc with 8X NVIDIA A100-SXM4-80GB out of 8
[2023-04-11 22:24:54.500825: E /samgraph/3rdparty/collcachelib/coll_cache_lib/coll_cache/asymm_link_desc.cc:219] remote time is 24.3333
[2023-04-11 22:24:54.500836: E /samgraph/3rdparty/collcachelib/coll_cache_lib/coll_cache/asymm_link_desc.cc:220] cpu time is 91.25
[2023-04-11 22:24:54.500863: E /samgraph/3rdparty/collcachelib/coll_cache_lib/facade.cc:425] registering cpu data with 16.00 GB
[2023-04-11 22:24:55.291555: E /samgraph/3rdparty/collcachelib/coll_cache_lib/facade.cc:427] registering cpu data done.
[2023-04-11 22:24:55.291625: E /samgraph/3rdparty/collcachelib/coll_cache_lib/facade.cc:174] creating solver
[2023-04-11 22:24:55.291637: E /samgraph/3rdparty/collcachelib/coll_cache_lib/facade.cc:214] solver created. now build & solve
[2023-04-11 22:24:55.489453: E /samgraph/3rdparty/collcachelib/coll_cache_lib/facade.cc:218] solver built. now solve
[2023-04-11 22:24:55.489517: E /samgraph/3rdparty/collcachelib/coll_cache_lib/coll_cache/optimal_solver_class.cc:1432] num_cached_nodes = 656083
[2023-04-11 22:24:55.660770: E /samgraph/3rdparty/collcachelib/coll_cache_lib/facade.cc:222] solver solved
[2023-04-11 22:24:55.662083: E /samgraph/3rdparty/collcachelib/coll_cache_lib/facade.cc:437] 0 solved master
[2023-04-11 22:24:55.662110: E /samgraph/3rdparty/collcachelib/coll_cache_lib/facade.cc:444] 0 solved
[2023-04-11 22:24:55.662123: E /samgraph/3rdparty/collcachelib/coll_cache_lib/facade.cc:447] worker 0 thread 0 initing device 0
[2023-04-11 22:24:55.662806: E /samgraph/3rdparty/collcachelib/coll_cache_lib/cache_context.cu:2308] Building Coll Cache with ... num gpu device is 8
[2023-04-11 22:24:55.662873: E /samgraph/3rdparty/collcachelib/coll_cache_lib/cuda/cache_hashtable.cuh:611] per src size local is 721791
[2023-04-11 22:24:55.669872: E /samgraph/3rdparty/collcachelib/coll_cache_lib/facade.cc:444] 5 solved
[2023-04-11 22:24:55.669943: E /samgraph/3rdparty/collcachelib/coll_cache_lib/facade.cc:447] worker 0 thread 5 initing device 5
[2023-04-11 22:24:55.670017: E /samgraph/3rdparty/collcachelib/coll_cache_lib/facade.cc:444] 7 solved
[2023-04-11 22:24:55.670079: E /samgraph/3rdparty/collcachelib/coll_cache_lib/facade.cc:447] worker 0 thread 7 initing device 7
[2023-04-11 22:24:55.670422: E /samgraph/3rdparty/collcachelib/coll_cache_lib/cache_context.cu:2308] Building Coll Cache with ... num gpu device is 8
[2023-04-11 22:24:55.670606: E /samgraph/3rdparty/collcachelib/coll_cache_lib/cache_context.cu:2308] Building Coll Cache with ... num gpu device is 8
[2023-04-11 22:24:55.670834: E /samgraph/3rdparty/collcachelib/coll_cache_lib/facade.cc:444] 3 solved
[2023-04-11 22:24:55.670898: E /samgraph/3rdparty/collcachelib/coll_cache_lib/facade.cc:447] worker 0 thread 3 initing device 3
[2023-04-11 22:24:55.679474: E /samgraph/3rdparty/collcachelib/coll_cache_lib/common.cc:261] making a tensor with 0 num item
[2023-04-11 22:24:55.679530: E /samgraph/3rdparty/collcachelib/coll_cache_lib/cache_context.cu:2350] num cpu nodes is 64952283
[2023-04-11 22:24:55.683310: E /samgraph/3rdparty/collcachelib/coll_cache_lib/facade.cc:444] 6 solved
[2023-04-11 22:24:55.683363: E /samgraph/3rdparty/collcachelib/coll_cache_lib/facade.cc:447] worker 0 thread 6 initing device 6
[2023-04-11 22:24:55.683361: E /samgraph/3rdparty/collcachelib/coll_cache_lib/facade.cc:444] 2 solved
[2023-04-11 22:24:55.683437: E /samgraph/3rdparty/collcachelib/coll_cache_lib/facade.cc:447] worker 0 thread 2 initing device 2
[2023-04-11 22:24:55.683761: E /samgraph/3rdparty/collcachelib/coll_cache_lib/cache_context.cu:2308] Building Coll Cache with ... num gpu device is 8
[2023-04-11 22:24:55.684874: E /samgraph/3rdparty/collcachelib/coll_cache_lib/facade.cc:444] 1 solved
[2023-04-11 22:24:55.684910: E /samgraph/3rdparty/collcachelib/coll_cache_lib/facade.cc:447] worker 0 thread 1 initing device 1
[2023-04-11 22:24:55.685214: E /samgraph/3rdparty/collcachelib/coll_cache_lib/cache_context.cu:2308] Building Coll Cache with ... num gpu device is 8
[2023-04-11 22:24:55.688172: E /samgraph/3rdparty/collcachelib/coll_cache_lib/common.cc:261] making a tensor with 0 num item
[2023-04-11 22:24:55.688218: E /samgraph/3rdparty/collcachelib/coll_cache_lib/cache_context.cu:2350] num cpu nodes is 64952283
[2023-04-11 22:24:55.693555: E /samgraph/3rdparty/collcachelib/coll_cache_lib/common.cc:261] making a tensor with 0 num item
[2023-04-11 22:24:55.693610: E /samgraph/3rdparty/collcachelib/coll_cache_lib/cache_context.cu:2350] num cpu nodes is 64952283
[2023-04-11 22:24:55.694840: E /samgraph/3rdparty/collcachelib/coll_cache_lib/facade.cc:444] 4 solved
[2023-04-11 22:24:55.694890: E /samgraph/3rdparty/collcachelib/coll_cache_lib/facade.cc:447] [worker 0 thread 4 initing device 42023-04-11 22:24:55
.694891: E /samgraph/3rdparty/collcachelib/coll_cache_lib/cache_context.cu:2308] Building Coll Cache with ... num gpu device is 8
[2023-04-11 22:24:55.695351: E /samgraph/3rdparty/collcachelib/coll_cache_lib/cache_context.cu:2308] Building Coll Cache with ... num gpu device is 8
[2023-04-11 22:24:55.695929: E /samgraph/3rdparty/collcachelib/coll_cache_lib/cache_context.cu:2308] Building Coll Cache with ... num gpu device is 8
[2023-04-11 22:24:55.702147: E /samgraph/3rdparty/collcachelib/coll_cache_lib/common.cc:261] making a tensor with 0 num item
[2023-04-11 22:24:55.702214: E /samgraph/3rdparty/collcachelib/coll_cache_lib/cache_context.cu:2350] num cpu nodes is 64952283
[2023-04-11 22:24:55.710129: E /samgraph/3rdparty/collcachelib/coll_cache_lib/common.cc:261] making a tensor with 0 num item
[2023-04-11 22:24:55.710209: E /samgraph/3rdparty/collcachelib/coll_cache_lib/cache_context.cu:2350] num cpu nodes is 64952283
[2023-04-11 22:24:55.711649: E /samgraph/3rdparty/collcachelib/coll_cache_lib/common.cc:261] making a tensor with 0 num item
[2023-04-11 22:24:55.711683[: 2023-04-11 22:24:55E. 711677/samgraph/3rdparty/collcachelib/coll_cache_lib/cache_context.cu: :E2350 ] /samgraph/3rdparty/collcachelib/coll_cache_lib/common.ccnum cpu nodes is 64952283:
261] making a tensor with 0 num item
[2023-04-11 22:24:55.711708: E /samgraph/3rdparty/collcachelib/coll_cache_lib/cache_context.cu:2350] num cpu nodes is 64952283
[2023-04-11 22:24:55.712875: E /samgraph/3rdparty/collcachelib/coll_cache_lib/common.cc:261] making a tensor with 0 num item
[2023-04-11 22:24:55.712926: E /samgraph/3rdparty/collcachelib/coll_cache_lib/cache_context.cu:2350] num cpu nodes is 64952283
[2023-04-11 22:24:55.713559: E /samgraph/3rdparty/collcachelib/coll_cache_lib/cuda/cache_hashtable.cu:355] create a hashtable with 656083 possible elem, scale to 2097152
[2023-04-11 22:24:55.713605: E /samgraph/3rdparty/collcachelib/coll_cache_lib/cuda/cache_hashtable.cu:360] SimpleHashTable allocating 16.00 MB
[2023-04-11 22:24:55.723449: E /samgraph/3rdparty/collcachelib/coll_cache_lib/cuda/cache_hashtable.cu:355] create a hashtable with 656083 possible elem, scale to 2097152
[2023-04-11 22:24:55.723491: E /samgraph/3rdparty/collcachelib/coll_cache_lib/cuda/cache_hashtable.cu:360] SimpleHashTable allocating 16.00 MB
[2023-04-11 22:24:55.730182: E /samgraph/3rdparty/collcachelib/coll_cache_lib/cuda/cache_hashtable.cu:355] create a hashtable with 656083 possible elem, scale to 2097152
[2023-04-11 22:24:55.730220: E /samgraph/3rdparty/collcachelib/coll_cache_lib/cuda/cache_hashtable.cu:360] SimpleHashTable allocating 16.00 MB
[2023-04-11 22:24:55.735883: E /samgraph/3rdparty/collcachelib/coll_cache_lib/cuda/cache_hashtable.cu:355] create a hashtable with 656083 possible elem, scale to 2097152
[2023-04-11 22:24:55.735916: E /samgraph/3rdparty/collcachelib/coll_cache_lib/cuda/cache_hashtable.cu:360] SimpleHashTable allocating 16.00 MB
[2023-04-11 22:24:55.745175: E /samgraph/3rdparty/collcachelib/coll_cache_lib/cuda/cache_hashtable.cu:355] create a hashtable with 656083 possible elem, scale to 2097152
[2023-04-11 22:24:55.745204: E /samgraph/3rdparty/collcachelib/coll_cache_lib/cuda/cache_hashtable.cu:360] SimpleHashTable allocating 16.00 MB
[2023-04-11 22:24:55.749952: E /samgraph/3rdparty/collcachelib/coll_cache_lib/cuda/cache_hashtable.cu:355] create a hashtable with 656083 possible elem, scale to 2097152
[2023-04-11 22:24:55.749989: E /samgraph/3rdparty/collcachelib/coll_cache_lib/cuda/cache_hashtable.cu:360] SimpleHashTable allocating 16.00 MB
[2023-04-11 22:24:55.768620: E /samgraph/3rdparty/collcachelib/coll_cache_lib/cuda/cache_hashtable.cu:355] [create a hashtable with 656083 possible elem, scale to 20971522023-04-11 22:24:55
.768633: E /samgraph/3rdparty/collcachelib/coll_cache_lib/cuda/cache_hashtable.cu:355] create a hashtable with 656083 possible elem, scale to 2097152[
2023-04-11 22:24:55.768657: E /samgraph/3rdparty/collcachelib/coll_cache_lib/cuda/cache_hashtable.cu:360] SimpleHashTable allocating 16.00 MB
[2023-04-11 22:24:55.768669: E /samgraph/3rdparty/collcachelib/coll_cache_lib/cuda/cache_hashtable.cu:360] SimpleHashTable allocating 16.00 MB
[2023-04-11 22:24:55.788295: E /samgraph/3rdparty/collcachelib/coll_cache_lib/common.cc:107] too many mem allocated for forcescale?721692->65609
[2023-04-11 22:24:55.788482: E /samgraph/3rdparty/collcachelib/coll_cache_lib/common.cc:107] too many mem allocated for forcescale?721692->65609
[2023-04-11 22:24:55.788663: E /samgraph/3rdparty/collcachelib/coll_cache_lib/common.cc:107] too many mem allocated for forcescale?721692->65609
[2023-04-11 22:24:55.788852: E /samgraph/3rdparty/collcachelib/coll_cache_lib/common.cc:107] too many mem allocated for forcescale?721692->65609
[2023-04-11 22:24:55.789053: E /samgraph/3rdparty/collcachelib/coll_cache_lib/common.cc:107] too many mem allocated for forcescale?721692->65609
[2023-04-11 22:24:55.789239: E /samgraph/3rdparty/collcachelib/coll_cache_lib/common.cc:107] too many mem allocated for forcescale?721692->65609
[2023-04-11 22:24:55.789478: E /samgraph/3rdparty/collcachelib/coll_cache_lib/common.cc:107] too many mem allocated for forcescale?721692->65609
[2023-04-11 22:24:55.789699: E /samgraph/3rdparty/collcachelib/coll_cache_lib/common.cc:107] too many mem allocated for forcescale?721692->65609
[2023-04-11 22:24:55.806871: E /samgraph/3rdparty/collcachelib/coll_cache_lib/cache_context.cu:2427] Asymm Coll cache (policy: rep_cache) | local 656083 / 65608366 nodes ( 1.00 %~1.00 %) | remote 0 / 65608366 nodes ( 0.00 %) | cpu 64952283 / 65608366 nodes ( 99.00 %) | 704.78 MB | 0.1115 secs 
[2023-04-11 22:24:55.808930: E /samgraph/3rdparty/collcachelib/coll_cache_lib/cache_context.cu:2427] Asymm Coll cache (policy: rep_cache) | local 656083 / 65608366 nodes ( 1.00 %~1.00 %) | remote 0 / 65608366 nodes ( 0.00 %) | cpu 64952283 / 65608366 nodes ( 99.00 %) | 704.78 MB | 0.138308 secs 
[2023-04-11 22:24:55.809865: E /samgraph/3rdparty/collcachelib/coll_cache_lib/cache_context.cu:2427] Asymm Coll cache (policy: rep_cache) | local 656083 / 65608366 nodes ( 1.00 %~1.00 %) | remote 0 / 65608366 nodes ( 0.00 %) | cpu 64952283 / 65608366 nodes ( 99.00 %) | 704.78 MB | 0.147039 secs 
[2023-04-11 22:24:55.809944: E /samgraph/3rdparty/collcachelib/coll_cache_lib/cache_context.cu:2427] Asymm Coll cache (policy: rep_cache) | local 656083 / 65608366 nodes ( 1.00 %~1.00 %) | remote 0 / 65608366 nodes ( 0.00 %) | cpu 64952283 / 65608366 nodes ( 99.00 %) | 704.78 MB | 0.124706 secs 
[2023-04-11 22:24:55.810149: W /samgraph/3rdparty/collcachelib/coll_cache_lib/cache_context.cu:3946] before create ctx, mem is 7.18 GB
[2023-04-11 22:24:55.811822: W /samgraph/3rdparty/collcachelib/coll_cache_lib/cache_context.cu:3946] before create ctx, mem is 7.18 GB
[2023-04-11 22:24:55.811921: W /samgraph/3rdparty/collcachelib/coll_cache_lib/cache_context.cu:3946] before create ctx, mem is 7.18 GB
[2023-04-11 22:24:55.813866: W /samgraph/3rdparty/collcachelib/coll_cache_lib/cache_context.cu:3946] before create ctx, mem is 7.18 GB
[2023-04-11 22:24:55.814242: E /samgraph/3rdparty/collcachelib/coll_cache_lib/cache_context.cu:2427] Asymm Coll cache (policy: rep_cache) | local 656083 / 65608366 nodes ( 1.00 %~1.00 %) | remote 0 / 65608366 nodes ( 0.00 %) | cpu 64952283 / 65608366 nodes ( 99.00 %) | 704.78 MB | 0.130463 secs 
[2023-04-11 22:24:55.814904: E /samgraph/3rdparty/collcachelib/coll_cache_lib/cache_context.cu:2427] Asymm Coll cache (policy: rep_cache) | local 656083 / 65608366 nodes ( 1.00 %~1.00 %) | remote 0 / 65608366 nodes ( 0.00 %) | cpu 64952283 / 65608366 nodes ( 99.00 %) | 704.78 MB | 0.144465 secs 
[2023-04-11 22:24:55.815238: E /samgraph/3rdparty/collcachelib/coll_cache_lib/cache_context.cu:2427] Asymm Coll cache (policy: rep_cache) | local 656083 / 65608366 nodes ( 1.00 %~1.00 %) | remote 0 / 65608366 nodes ( 0.00 %) | cpu 64952283 / 65608366 nodes ( 99.00 %) | 704.78 MB | 0.120319 secs 
[2023-04-11 22:24:55.820787: W /samgraph/3rdparty/collcachelib/coll_cache_lib/cache_context.cu:3946] before create ctx, mem is 7.18 GB
[2023-04-11 22:24:55.821711: W /samgraph/3rdparty/collcachelib/coll_cache_lib/cache_context.cu:3946] before create ctx, mem is 7.18 GB
[2023-04-11 22:24:55.822145: E /samgraph/3rdparty/collcachelib/coll_cache_lib/cache_context.cu:2427] Asymm Coll cache (policy: rep_cache) | local 656083 / 65608366 nodes ( 1.00 %~1.00 %) | remote 0 / 65608366 nodes ( 0.00 %) | cpu 64952283 / 65608366 nodes ( 99.00 %) | 704.78 MB | 0.126193 secs 
[2023-04-11 22:24:55.823079: W /samgraph/3rdparty/collcachelib/coll_cache_lib/cache_context.cu:3946] before create ctx, mem is 7.18 GB
[2023-04-11 22:24:55.828388: W /samgraph/3rdparty/collcachelib/coll_cache_lib/cache_context.cu:3946] before create ctx, mem is 7.18 GB
[2023-04-11 22:25:05.479159: W /samgraph/3rdparty/collcachelib/coll_cache_lib/cache_context.cu:3946] after create ctx, mem is 9.55 GB
[2023-04-11 22:25:05.479257: W /samgraph/3rdparty/collcachelib/coll_cache_lib/cache_context.cu:3946] after create stream, mem is 9.55 GB
[2023-04-11 22:25:05.669445: W /samgraph/3rdparty/collcachelib/coll_cache_lib/cache_context.cu:3946] after create ctx, mem is 9.65 GB
[2023-04-11 22:25:05.669761: W /samgraph/3rdparty/collcachelib/coll_cache_lib/cache_context.cu:3946] after create stream, mem is 9.65 GB
[2023-04-11 22:25:05.913391: W /samgraph/3rdparty/collcachelib/coll_cache_lib/cache_context.cu:3946] after create ctx, mem is 9.77 GB
[2023-04-11 22:25:05.913472: W /samgraph/3rdparty/collcachelib/coll_cache_lib/cache_context.cu:3946] after create stream, mem is 9.77 GB
[2023-04-11 22:25:06.196792: W /samgraph/3rdparty/collcachelib/coll_cache_lib/cache_context.cu:3946] after create ctx, mem is 9.92 GB
[2023-04-11 22:25:06.196882: W /samgraph/3rdparty/collcachelib/coll_cache_lib/cache_context.cu:3946] after create stream, mem is 9.92 GB
[2023-04-11 22:25:06.365962: W /samgraph/3rdparty/collcachelib/coll_cache_lib/cache_context.cu:3946] after create ctx, mem is 10.02 GB
[2023-04-11 22:25:06.366200: W /samgraph/3rdparty/collcachelib/coll_cache_lib/cache_context.cu:3946] after create stream, mem is 10.02 GB
[2023-04-11 22:25:06.485814: W /samgraph/3rdparty/collcachelib/coll_cache_lib/cache_context.cu:3946] after create ctx, mem is 10.08 GB
[2023-04-11 22:25:06.485881: W /samgraph/3rdparty/collcachelib/coll_cache_lib/cache_context.cu:3946] after create stream, mem is 10.08 GB
[2023-04-11 22:25:06.767709: W /samgraph/3rdparty/collcachelib/coll_cache_lib/cache_context.cu:3946] after create ctx, mem is 10.21 GB
[2023-04-11 22:25:06.767803: W /samgraph/3rdparty/collcachelib/coll_cache_lib/cache_context.cu:3946] after create stream, mem is 10.21 GB
[2023-04-11 22:25:06.827546: W /samgraph/3rdparty/collcachelib/coll_cache_lib/cache_context.cu:3946] after create ctx, mem is 10.24 GB
[2023-04-11 22:25:06.827636: W /samgraph/3rdparty/collcachelib/coll_cache_lib/cache_context.cu:3946] after create stream, mem is 10.24 GB
/usr/local/lib/python3.8/dist-packages/torch/nn/parallel/scatter_gather.py:9: UserWarning: is_namedtuple is deprecated, please use the python checks instead
  warnings.warn("is_namedtuple is deprecated, please use the python checks instead")
/usr/local/lib/python3.8/dist-packages/torch/nn/parallel/scatter_gather.py:9: UserWarning: is_namedtuple is deprecated, please use the python checks instead
  warnings.warn("is_namedtuple is deprecated, please use the python checks instead")
/usr/local/lib/python3.8/dist-packages/torch/nn/parallel/scatter_gather.py:9: UserWarning: is_namedtuple is deprecated, please use the python checks instead
  warnings.warn("is_namedtuple is deprecated, please use the python checks instead")
/usr/local/lib/python3.8/dist-packages/torch/nn/parallel/scatter_gather.py:9: UserWarning: is_namedtuple is deprecated, please use the python checks instead
  warnings.warn("is_namedtuple is deprecated, please use the python checks instead")
/usr/local/lib/python3.8/dist-packages/torch/nn/parallel/scatter_gather.py:9: UserWarning: is_namedtuple is deprecated, please use the python checks instead
  warnings.warn("is_namedtuple is deprecated, please use the python checks instead")
/usr/local/lib/python3.8/dist-packages/torch/nn/parallel/scatter_gather.py:9: UserWarning: is_namedtuple is deprecated, please use the python checks instead
  warnings.warn("is_namedtuple is deprecated, please use the python checks instead")
/usr/local/lib/python3.8/dist-packages/torch/nn/parallel/scatter_gather.py:9: UserWarning: is_namedtuple is deprecated, please use the python checks instead
  warnings.warn("is_namedtuple is deprecated, please use the python checks instead")
/usr/local/lib/python3.8/dist-packages/torch/nn/parallel/scatter_gather.py:9: UserWarning: is_namedtuple is deprecated, please use the python checks instead
  warnings.warn("is_namedtuple is deprecated, please use the python checks instead")
