/usr/lib/python3/dist-packages/requests/__init__.py:89: RequestsDependencyWarning: urllib3 (1.26.12) or chardet (3.0.4) doesn't match a supported version!
  warnings.warn("urllib3 ({}) or chardet ({}) doesn't match a supported "
Rank=6 done reading 13882495 embedding vectors from file /nvme/songxiaoniu/graph-learning/wholegraph/ogbn_papers100M/converted/homograph_csr_row_ptr
Rank=5 done reading 13882495 embedding vectors from file /nvme/songxiaoniu/graph-learning/wholegraph/ogbn_papers100M/converted/homograph_csr_row_ptr
Rank=7 done reading 13882492 embedding vectors from file /nvme/songxiaoniu/graph-learning/wholegraph/ogbn_papers100M/converted/homograph_csr_row_ptr
Rank=4 done reading 13882495 embedding vectors from file /nvme/songxiaoniu/graph-learning/wholegraph/ogbn_papers100M/converted/homograph_csr_row_ptr
Rank=3 done reading 13882495 embedding vectors from file /nvme/songxiaoniu/graph-learning/wholegraph/ogbn_papers100M/converted/homograph_csr_row_ptr
Rank=1 done reading 13882495 embedding vectors from file /nvme/songxiaoniu/graph-learning/wholegraph/ogbn_papers100M/converted/homograph_csr_row_ptr
Rank=0 done reading 13882495 embedding vectors from file /nvme/songxiaoniu/graph-learning/wholegraph/ogbn_papers100M/converted/homograph_csr_row_ptr
Rank=2 done reading 13882495 embedding vectors from file /nvme/songxiaoniu/graph-learning/wholegraph/ogbn_papers100M/converted/homograph_csr_row_ptr
Rank=0 done reading 403921468 embedding vectors from file /nvme/songxiaoniu/graph-learning/wholegraph/ogbn_papers100M/converted/homograph_csr_col_idx
Rank=1 done reading 403921468 embedding vectors from file /nvme/songxiaoniu/graph-learning/wholegraph/ogbn_papers100M/converted/homograph_csr_col_idx
Rank=6 done reading 403921468 embedding vectors from file /nvme/songxiaoniu/graph-learning/wholegraph/ogbn_papers100M/converted/homograph_csr_col_idx
Rank=7 done reading 403921468 embedding vectors from file /nvme/songxiaoniu/graph-learning/wholegraph/ogbn_papers100M/converted/homograph_csr_col_idx
Rank=4 done reading 403921468 embedding vectors from file /nvme/songxiaoniu/graph-learning/wholegraph/ogbn_papers100M/converted/homograph_csr_col_idx
Rank=5 done reading 403921468 embedding vectors from file /nvme/songxiaoniu/graph-learning/wholegraph/ogbn_papers100M/converted/homograph_csr_col_idx
Rank=3 done reading 403921468 embedding vectors from file /nvme/songxiaoniu/graph-learning/wholegraph/ogbn_papers100M/converted/homograph_csr_col_idx
Rank=2 done reading 403921468 embedding vectors from file /nvme/songxiaoniu/graph-learning/wholegraph/ogbn_papers100M/converted/homograph_csr_col_idx
[2023-04-14 20:54:16.712242: E /samgraph/3rdparty/collcachelib/coll_cache_lib/freq_recorder.cc:337] bulk append 7706638 into 0
[2023-04-14 20:54:16.744967: E /samgraph/3rdparty/collcachelib/coll_cache_lib/freq_recorder.cc:347] bulk append 54702200
[2023-04-14 20:54:16.746300: E /samgraph/3rdparty/collcachelib/coll_cache_lib/freq_recorder.cc:337] bulk append 7707023 into 7706638
[2023-04-14 20:54:16.778945: E /samgraph/3rdparty/collcachelib/coll_cache_lib/freq_recorder.cc:347] bulk append 54718267
[2023-04-14 20:54:16.780344: E /samgraph/3rdparty/collcachelib/coll_cache_lib/freq_recorder.cc:337] bulk append 7707025 into 15413661
[2023-04-14 20:54:16.813039: E /samgraph/3rdparty/collcachelib/coll_cache_lib/freq_recorder.cc:347] bulk append 54706905
[2023-04-14 20:54:16.814449: E /samgraph/3rdparty/collcachelib/coll_cache_lib/freq_recorder.cc:337] bulk append 7707675 into 23120686
[2023-04-14 20:54:16.847132: E /samgraph/3rdparty/collcachelib/coll_cache_lib/freq_recorder.cc:347] bulk append 54703453
[2023-04-14 20:54:16.848540: E /samgraph/3rdparty/collcachelib/coll_cache_lib/freq_recorder.cc:337] bulk append 7708600 into 30828361
[2023-04-14 20:54:16.881130: E /samgraph/3rdparty/collcachelib/coll_cache_lib/freq_recorder.cc:347] bulk append 54695968
[2023-04-14 20:54:16.882501: E /samgraph/3rdparty/collcachelib/coll_cache_lib/freq_recorder.cc:337] bulk append 7706302 into 38536961
[2023-04-14 20:54:16.915198: E /samgraph/3rdparty/collcachelib/coll_cache_lib/freq_recorder.cc:347] bulk append 54739032
[2023-04-14 20:54:16.916629: E /samgraph/3rdparty/collcachelib/coll_cache_lib/freq_recorder.cc:337] bulk append 7708687 into 46243263
[2023-04-14 20:54:16.949357: E /samgraph/3rdparty/collcachelib/coll_cache_lib/freq_recorder.cc:347] bulk append 54730682
[2023-04-14 20:54:16.950768: E /samgraph/3rdparty/collcachelib/coll_cache_lib/freq_recorder.cc:337] bulk append 7708544 into 53951950
[2023-04-14 20:54:16.983353: E /samgraph/3rdparty/collcachelib/coll_cache_lib/freq_recorder.cc:347] bulk append 54729497
[2023-04-14 20:54:16.984603: E /samgraph/3rdparty/collcachelib/coll_cache_lib/freq_recorder.cc:337] bulk append 7704477 into 61660494
[2023-04-14 20:54:17. 17198: E /samgraph/3rdparty/collcachelib/coll_cache_lib/freq_recorder.cc:347] bulk append 54653609
[2023-04-14 20:54:17. 18586: E /samgraph/3rdparty/collcachelib/coll_cache_lib/freq_recorder.cc:337] bulk append 7707221 into 69364971
[2023-04-14 20:54:17. 51157: E /samgraph/3rdparty/collcachelib/coll_cache_lib/freq_recorder.cc:347] bulk append 54699909
[2023-04-14 20:54:18.389494: E /samgraph/3rdparty/collcachelib/coll_cache_lib/freq_recorder.cc:337] bulk append 7442417 into 77072192
[2023-04-14 20:54:18.420762: E /samgraph/3rdparty/collcachelib/coll_cache_lib/freq_recorder.cc:347] bulk append 57297689
[2023-04-14 20:54:18.421928: E /samgraph/3rdparty/collcachelib/coll_cache_lib/freq_recorder.cc:337] bulk append 7442802 into 84514609
[2023-04-14 20:54:18.453074: E /samgraph/3rdparty/collcachelib/coll_cache_lib/freq_recorder.cc:347] bulk append 57372814
[2023-04-14 20:54:18.454230: E /samgraph/3rdparty/collcachelib/coll_cache_lib/freq_recorder.cc:337] bulk append 7440062 into 91957411
[2023-04-14 20:54:18.485378: E /samgraph/3rdparty/collcachelib/coll_cache_lib/freq_recorder.cc:347] bulk append 57361423
[2023-04-14 20:54:18.486536: E /samgraph/3rdparty/collcachelib/coll_cache_lib/freq_recorder.cc:337] bulk append 7442551 into 99397473
[2023-04-14 20:54:18.517681: E /samgraph/3rdparty/collcachelib/coll_cache_lib/freq_recorder.cc:347] bulk append 57363012
[2023-04-14 20:54:18.518831: E /samgraph/3rdparty/collcachelib/coll_cache_lib/freq_recorder.cc:337] bulk append 7441513 into 106840024
[2023-04-14 20:54:18.549954: E /samgraph/3rdparty/collcachelib/coll_cache_lib/freq_recorder.cc:347] bulk append 57312093
[2023-04-14 20:54:18.551112: E /samgraph/3rdparty/collcachelib/coll_cache_lib/freq_recorder.cc:337] bulk append 7442082 into 114281537
[2023-04-14 20:54:18.582254: E /samgraph/3rdparty/collcachelib/coll_cache_lib/freq_recorder.cc:347] bulk append 57377561
[2023-04-14 20:54:18.583414: E /samgraph/3rdparty/collcachelib/coll_cache_lib/freq_recorder.cc:337] bulk append 7442566 into 121723619
[2023-04-14 20:54:18.614571: E /samgraph/3rdparty/collcachelib/coll_cache_lib/freq_recorder.cc:347] bulk append 57336049
[2023-04-14 20:54:18.615727: E /samgraph/3rdparty/collcachelib/coll_cache_lib/freq_recorder.cc:337] bulk append 7442540 into 129166185
[2023-04-14 20:54:18.646873: E /samgraph/3rdparty/collcachelib/coll_cache_lib/freq_recorder.cc:347] bulk append 57353456
[2023-04-14 20:54:18.648050: E /samgraph/3rdparty/collcachelib/coll_cache_lib/freq_recorder.cc:337] bulk append 7441145 into 136608725
[2023-04-14 20:54:18.679147: E /samgraph/3rdparty/collcachelib/coll_cache_lib/freq_recorder.cc:347] bulk append 57287029
[2023-04-14 20:54:18.680307: E /samgraph/3rdparty/collcachelib/coll_cache_lib/freq_recorder.cc:337] bulk append 7441509 into 144049870
[2023-04-14 20:54:18.711457: E /samgraph/3rdparty/collcachelib/coll_cache_lib/freq_recorder.cc:347] bulk append 57353546
[2023-04-14 20:54:18.712641: E /samgraph/3rdparty/collcachelib/coll_cache_lib/freq_recorder.cc:337] bulk append 7287761 into 151491379
[2023-04-14 20:54:18.743350: E /samgraph/3rdparty/collcachelib/coll_cache_lib/freq_recorder.cc:347] bulk append 57420477
[2023-04-14 20:54:18.744487: E /samgraph/3rdparty/collcachelib/coll_cache_lib/freq_recorder.cc:337] bulk append 7288272 into 158779140
[2023-04-14 20:54:18.775141: E /samgraph/3rdparty/collcachelib/coll_cache_lib/freq_recorder.cc:347] bulk append 57510143
[2023-04-14 20:54:18.776293: E /samgraph/3rdparty/collcachelib/coll_cache_lib/freq_recorder.cc:337] bulk append 7287776 into 166067412
[2023-04-14 20:54:18.808943: E /samgraph/3rdparty/collcachelib/coll_cache_lib/freq_recorder.cc:347] bulk append 57501594
[2023-04-14 20:54:18.810090: E /samgraph/3rdparty/collcachelib/coll_cache_lib/freq_recorder.cc:337] bulk append 7287240 into 173355188
[2023-04-14 20:54:18.840709: E /samgraph/3rdparty/collcachelib/coll_cache_lib/freq_recorder.cc:347] bulk append 57509890
[2023-04-14 20:54:18.841855: E /samgraph/3rdparty/collcachelib/coll_cache_lib/freq_recorder.cc:337] bulk append 7288622 into 180642428
[2023-04-14 20:54:18.872459: E /samgraph/3rdparty/collcachelib/coll_cache_lib/freq_recorder.cc:347] bulk append 57460419
[2023-04-14 20:54:18.873610: E /samgraph/3rdparty/collcachelib/coll_cache_lib/freq_recorder.cc:337] bulk append 7289312 into 187931050
[2023-04-14 20:54:18.904245: E /samgraph/3rdparty/collcachelib/coll_cache_lib/freq_recorder.cc:347] bulk append 57513003
[2023-04-14 20:54:18.905372: E /samgraph/3rdparty/collcachelib/coll_cache_lib/freq_recorder.cc:337] bulk append 7287886 into 195220362
[2023-04-14 20:54:18.935989: E /samgraph/3rdparty/collcachelib/coll_cache_lib/freq_recorder.cc:347] bulk append 57475858
[2023-04-14 20:54:18.937124: E /samgraph/3rdparty/collcachelib/coll_cache_lib/freq_recorder.cc:337] bulk append 7287671 into 202508248
[2023-04-14 20:54:18.967747: E /samgraph/3rdparty/collcachelib/coll_cache_lib/freq_recorder.cc:347] bulk append 57481869
[2023-04-14 20:54:18.968898: E /samgraph/3rdparty/collcachelib/coll_cache_lib/freq_recorder.cc:337] bulk append 7286182 into 209795919
[2023-04-14 20:54:18.999510: E /samgraph/3rdparty/collcachelib/coll_cache_lib/freq_recorder.cc:347] bulk append 57425490
[2023-04-14 20:54:19.   650: E /samgraph/3rdparty/collcachelib/coll_cache_lib/freq_recorder.cc:337] bulk append 7285212 into 217082101
[2023-04-14 20:54:19. 31264: E /samgraph/3rdparty/collcachelib/coll_cache_lib/freq_recorder.cc:347] bulk append 57489811
[2023-04-14 20:54:19. 32427: E /samgraph/3rdparty/collcachelib/coll_cache_lib/freq_recorder.cc:337] bulk append 7286245 into 224367313
[2023-04-14 20:54:19. 62983: E /samgraph/3rdparty/collcachelib/coll_cache_lib/freq_recorder.cc:347] bulk append 57460340
[2023-04-14 20:54:19. 64141: E /samgraph/3rdparty/collcachelib/coll_cache_lib/freq_recorder.cc:337] bulk append 7286153 into 231653558
[2023-04-14 20:54:19. 94662: E /samgraph/3rdparty/collcachelib/coll_cache_lib/freq_recorder.cc:347] bulk append 57542584
[2023-04-14 20:54:19. 95820: E /samgraph/3rdparty/collcachelib/coll_cache_lib/freq_recorder.cc:337] bulk append 7285588 into 238939711
[2023-04-14 20:54:19.126348: E /samgraph/3rdparty/collcachelib/coll_cache_lib/freq_recorder.cc:347] bulk append 57529606
[2023-04-14 20:54:19.127487: E /samgraph/3rdparty/collcachelib/coll_cache_lib/freq_recorder.cc:337] bulk append 7284993 into 246225299
[2023-04-14 20:54:19.157989: E /samgraph/3rdparty/collcachelib/coll_cache_lib/freq_recorder.cc:347] bulk append 57529264
[2023-04-14 20:54:19.159137: E /samgraph/3rdparty/collcachelib/coll_cache_lib/freq_recorder.cc:337] bulk append 7288508 into 253510292
[2023-04-14 20:54:19.189648: E /samgraph/3rdparty/collcachelib/coll_cache_lib/freq_recorder.cc:347] bulk append 57474095
[2023-04-14 20:54:19.190802: E /samgraph/3rdparty/collcachelib/coll_cache_lib/freq_recorder.cc:337] bulk append 7287348 into 260798800
[2023-04-14 20:54:19.221337: E /samgraph/3rdparty/collcachelib/coll_cache_lib/freq_recorder.cc:347] bulk append 57556631
[2023-04-14 20:54:19.222499: E /samgraph/3rdparty/collcachelib/coll_cache_lib/freq_recorder.cc:337] bulk append 7286930 into 268086148
[2023-04-14 20:54:19.253023: E /samgraph/3rdparty/collcachelib/coll_cache_lib/freq_recorder.cc:347] bulk append 57480468
[2023-04-14 20:54:19.254168: E /samgraph/3rdparty/collcachelib/coll_cache_lib/freq_recorder.cc:337] bulk append 7286043 into 275373078
[2023-04-14 20:54:19.284667: E /samgraph/3rdparty/collcachelib/coll_cache_lib/freq_recorder.cc:347] bulk append 57511806
[2023-04-14 20:54:19.285836: E /samgraph/3rdparty/collcachelib/coll_cache_lib/freq_recorder.cc:337] bulk append 7286334 into 282659121
[2023-04-14 20:54:19.316335: E /samgraph/3rdparty/collcachelib/coll_cache_lib/freq_recorder.cc:347] bulk append 57459193
[2023-04-14 20:54:19.317483: E /samgraph/3rdparty/collcachelib/coll_cache_lib/freq_recorder.cc:337] bulk append 7285435 into 289945455
[2023-04-14 20:54:19.348001: E /samgraph/3rdparty/collcachelib/coll_cache_lib/freq_recorder.cc:347] bulk append 57511861
[2023-04-14 20:54:19.349158: E /samgraph/3rdparty/collcachelib/coll_cache_lib/freq_recorder.cc:337] bulk append 7344835 into 297230890
[2023-04-14 20:54:19.379877: E /samgraph/3rdparty/collcachelib/coll_cache_lib/freq_recorder.cc:347] bulk append 57661089
[2023-04-14 20:54:19.380990: E /samgraph/3rdparty/collcachelib/coll_cache_lib/freq_recorder.cc:337] bulk append 7344545 into 304575725
[2023-04-14 20:54:19.411672: E /samgraph/3rdparty/collcachelib/coll_cache_lib/freq_recorder.cc:347] bulk append 57736504
[2023-04-14 20:54:19.412806: E /samgraph/3rdparty/collcachelib/coll_cache_lib/freq_recorder.cc:337] bulk append 7346824 into 311920270
[2023-04-14 20:54:19.443503: E /samgraph/3rdparty/collcachelib/coll_cache_lib/freq_recorder.cc:347] bulk append 57733429
[2023-04-14 20:54:19.444625: E /samgraph/3rdparty/collcachelib/coll_cache_lib/freq_recorder.cc:337] bulk append 7347350 into 319267094
[2023-04-14 20:54:19.475361: E /samgraph/3rdparty/collcachelib/coll_cache_lib/freq_recorder.cc:347] bulk append 57731645
[2023-04-14 20:54:19.476488: E /samgraph/3rdparty/collcachelib/coll_cache_lib/freq_recorder.cc:337] bulk append 7344032 into 326614444
[2023-04-14 20:54:19.507189: E /samgraph/3rdparty/collcachelib/coll_cache_lib/freq_recorder.cc:347] bulk append 57673303
[2023-04-14 20:54:19.508303: E /samgraph/3rdparty/collcachelib/coll_cache_lib/freq_recorder.cc:337] bulk append 7348020 into 333958476
[2023-04-14 20:54:19.539043: E /samgraph/3rdparty/collcachelib/coll_cache_lib/freq_recorder.cc:347] bulk append 57769249
[2023-04-14 20:54:19.540161: E /samgraph/3rdparty/collcachelib/coll_cache_lib/freq_recorder.cc:337] bulk append 7347753 into 341306496
[2023-04-14 20:54:19.570861: E /samgraph/3rdparty/collcachelib/coll_cache_lib/freq_recorder.cc:347] bulk append 57708065
[2023-04-14 20:54:19.571987: E /samgraph/3rdparty/collcachelib/coll_cache_lib/freq_recorder.cc:337] bulk append 7345486 into 348654249
[2023-04-14 20:54:19.602690: E /samgraph/3rdparty/collcachelib/coll_cache_lib/freq_recorder.cc:347] bulk append 57719159
[2023-04-14 20:54:19.603813: E /samgraph/3rdparty/collcachelib/coll_cache_lib/freq_recorder.cc:337] bulk append 7345440 into 355999735
[2023-04-14 20:54:19.634531: E /samgraph/3rdparty/collcachelib/coll_cache_lib/freq_recorder.cc:347] bulk append 57664529
[2023-04-14 20:54:19.635656: E /samgraph/3rdparty/collcachelib/coll_cache_lib/freq_recorder.cc:337] bulk append 7346276 into 363345175
[2023-04-14 20:54:19.666450: E /samgraph/3rdparty/collcachelib/coll_cache_lib/freq_recorder.cc:347] bulk append 57723192
[2023-04-14 20:54:19.667627: E /samgraph/3rdparty/collcachelib/coll_cache_lib/freq_recorder.cc:337] bulk append 7489125 into 370691451
[2023-04-14 20:54:19.698844: E /samgraph/3rdparty/collcachelib/coll_cache_lib/freq_recorder.cc:347] bulk append 56785548
[2023-04-14 20:54:19.699987: E /samgraph/3rdparty/collcachelib/coll_cache_lib/freq_recorder.cc:337] bulk append 7489010 into 378180576
[2023-04-14 20:54:19.731798: E /samgraph/3rdparty/collcachelib/coll_cache_lib/freq_recorder.cc:347] bulk append 56855111
[2023-04-14 20:54:19.732956: E /samgraph/3rdparty/collcachelib/coll_cache_lib/freq_recorder.cc:337] bulk append 7487646 into 385669586
[2023-04-14 20:54:19.764125: E /samgraph/3rdparty/collcachelib/coll_cache_lib/freq_recorder.cc:347] bulk append 56836945
[2023-04-14 20:54:19.765245: E /samgraph/3rdparty/collcachelib/coll_cache_lib/freq_recorder.cc:337] bulk append 7490606 into 393157232
[2023-04-14 20:54:19.796420: E /samgraph/3rdparty/collcachelib/coll_cache_lib/freq_recorder.cc:347] bulk append 56852009
[2023-04-14 20:54:19.797565: E /samgraph/3rdparty/collcachelib/coll_cache_lib/freq_recorder.cc:337] bulk append 7487605 into 400647838
[2023-04-14 20:54:19.828731: E /samgraph/3rdparty/collcachelib/coll_cache_lib/freq_recorder.cc:347] bulk append 56784802
[2023-04-14 20:54:19.829849: E /samgraph/3rdparty/collcachelib/coll_cache_lib/freq_recorder.cc:337] bulk append 7492559 into 408135443
[2023-04-14 20:54:19.861014: E /samgraph/3rdparty/collcachelib/coll_cache_lib/freq_recorder.cc:347] bulk append 56878753
[2023-04-14 20:54:19.862137: E /samgraph/3rdparty/collcachelib/coll_cache_lib/freq_recorder.cc:337] bulk append 7488652 into 415628002
[2023-04-14 20:54:19.893306: E /samgraph/3rdparty/collcachelib/coll_cache_lib/freq_recorder.cc:347] bulk append 56832745
[2023-04-14 20:54:19.894434: E /samgraph/3rdparty/collcachelib/coll_cache_lib/freq_recorder.cc:337] bulk append 7492554 into 423116654
[2023-04-14 20:54:19.925674: E /samgraph/3rdparty/collcachelib/coll_cache_lib/freq_recorder.cc:347] bulk append 56856626
[2023-04-14 20:54:19.926809: E /samgraph/3rdparty/collcachelib/coll_cache_lib/freq_recorder.cc:337] bulk append 7487267 into 430609208
[2023-04-14 20:54:19.957974: E /samgraph/3rdparty/collcachelib/coll_cache_lib/freq_recorder.cc:347] bulk append 56780964
[2023-04-14 20:54:19.959093: E /samgraph/3rdparty/collcachelib/coll_cache_lib/freq_recorder.cc:337] bulk append 7490184 into 438096475
[2023-04-14 20:54:19.990258: E /samgraph/3rdparty/collcachelib/coll_cache_lib/freq_recorder.cc:347] bulk append 56843544
[2023-04-14 20:54:19.991379: E /samgraph/3rdparty/collcachelib/coll_cache_lib/freq_recorder.cc:337] bulk append 7625606 into 445586659
[2023-04-14 20:54:20. 23127: E /samgraph/3rdparty/collcachelib/coll_cache_lib/freq_recorder.cc:347] bulk append 54399257
[2023-04-14 20:54:20. 24254: E /samgraph/3rdparty/collcachelib/coll_cache_lib/freq_recorder.cc:337] bulk append 7626158 into 453212265
[2023-04-14 20:54:20. 56007: E /samgraph/3rdparty/collcachelib/coll_cache_lib/freq_recorder.cc:347] bulk append 54447998
[2023-04-14 20:54:20. 57129: E /samgraph/3rdparty/collcachelib/coll_cache_lib/freq_recorder.cc:337] bulk append 7625192 into 460838423
[2023-04-14 20:54:20. 88823: E /samgraph/3rdparty/collcachelib/coll_cache_lib/freq_recorder.cc:347] bulk append 54456333
[2023-04-14 20:54:20. 89964: E /samgraph/3rdparty/collcachelib/coll_cache_lib/freq_recorder.cc:337] bulk append 7626244 into 468463615
[2023-04-14 20:54:20.122906: E /samgraph/3rdparty/collcachelib/coll_cache_lib/freq_recorder.cc:347] bulk append 54438827
[2023-04-14 20:54:20.124577: E /samgraph/3rdparty/collcachelib/coll_cache_lib/freq_recorder.cc:337] bulk append 7626428 into 476089859
[2023-04-14 20:54:20.156291: E /samgraph/3rdparty/collcachelib/coll_cache_lib/freq_recorder.cc:347] bulk append 54418820
[2023-04-14 20:54:20.157422: E /samgraph/3rdparty/collcachelib/coll_cache_lib/freq_recorder.cc:337] bulk append 7629311 into 483716287
[2023-04-14 20:54:20.189125: E /samgraph/3rdparty/collcachelib/coll_cache_lib/freq_recorder.cc:347] bulk append 54476752
[2023-04-14 20:54:20.190261: E /samgraph/3rdparty/collcachelib/coll_cache_lib/freq_recorder.cc:337] bulk append 7626934 into 491345598
[2023-04-14 20:54:20.221976: E /samgraph/3rdparty/collcachelib/coll_cache_lib/freq_recorder.cc:347] bulk append 54435520
[2023-04-14 20:54:20.223105: E /samgraph/3rdparty/collcachelib/coll_cache_lib/freq_recorder.cc:337] bulk append 7627348 into 498972532
[2023-04-14 20:54:20.254831: E /samgraph/3rdparty/collcachelib/coll_cache_lib/freq_recorder.cc:347] bulk append 54437999
[2023-04-14 20:54:20.255953: E /samgraph/3rdparty/collcachelib/coll_cache_lib/freq_recorder.cc:337] bulk append 7625766 into 506599880
[2023-04-14 20:54:20.287672: E /samgraph/3rdparty/collcachelib/coll_cache_lib/freq_recorder.cc:347] bulk append 54397476
[2023-04-14 20:54:20.288808: E /samgraph/3rdparty/collcachelib/coll_cache_lib/freq_recorder.cc:337] bulk append 7626266 into 514225646
[2023-04-14 20:54:20.320524: E /samgraph/3rdparty/collcachelib/coll_cache_lib/freq_recorder.cc:347] bulk append 54455609
[2023-04-14 20:54:20.321675: E /samgraph/3rdparty/collcachelib/coll_cache_lib/freq_recorder.cc:337] bulk append 7485641 into 521851912
[2023-04-14 20:54:20.352847: E /samgraph/3rdparty/collcachelib/coll_cache_lib/freq_recorder.cc:347] bulk append 51256481
[2023-04-14 20:54:20.353989: E /samgraph/3rdparty/collcachelib/coll_cache_lib/freq_recorder.cc:337] bulk append 7480237 into 529337553
[2023-04-14 20:54:20.385117: E /samgraph/3rdparty/collcachelib/coll_cache_lib/freq_recorder.cc:347] bulk append 51335426
[2023-04-14 20:54:20.386261: E /samgraph/3rdparty/collcachelib/coll_cache_lib/freq_recorder.cc:337] bulk append 7483327 into 536817790
[2023-04-14 20:54:20.417423: E /samgraph/3rdparty/collcachelib/coll_cache_lib/freq_recorder.cc:347] bulk append 51317128
[2023-04-14 20:54:20.418544: E /samgraph/3rdparty/collcachelib/coll_cache_lib/freq_recorder.cc:337] bulk append 7482610 into 544301117
[2023-04-14 20:54:20.449679: E /samgraph/3rdparty/collcachelib/coll_cache_lib/freq_recorder.cc:347] bulk append 51320570
[2023-04-14 20:54:20.450818: E /samgraph/3rdparty/collcachelib/coll_cache_lib/freq_recorder.cc:337] bulk append 7484530 into 551783727
[2023-04-14 20:54:20.481956: E /samgraph/3rdparty/collcachelib/coll_cache_lib/freq_recorder.cc:347] bulk append 51281565
[2023-04-14 20:54:20.483095: E /samgraph/3rdparty/collcachelib/coll_cache_lib/freq_recorder.cc:337] bulk append 7485592 into 559268257
[2023-04-14 20:54:20.514268: E /samgraph/3rdparty/collcachelib/coll_cache_lib/freq_recorder.cc:347] bulk append 51384496
[2023-04-14 20:54:20.515394: E /samgraph/3rdparty/collcachelib/coll_cache_lib/freq_recorder.cc:337] bulk append 7486935 into 566753849
[2023-04-14 20:54:20.546514: E /samgraph/3rdparty/collcachelib/coll_cache_lib/freq_recorder.cc:347] bulk append 51290509
[2023-04-14 20:54:20.547640: E /samgraph/3rdparty/collcachelib/coll_cache_lib/freq_recorder.cc:337] bulk append 7482833 into 574240784
[2023-04-14 20:54:20.578749: E /samgraph/3rdparty/collcachelib/coll_cache_lib/freq_recorder.cc:347] bulk append 51332284
[2023-04-14 20:54:20.579864: E /samgraph/3rdparty/collcachelib/coll_cache_lib/freq_recorder.cc:337] bulk append 7483503 into 581723617
[2023-04-14 20:54:20.610988: E /samgraph/3rdparty/collcachelib/coll_cache_lib/freq_recorder.cc:347] bulk append 51283270
[2023-04-14 20:54:20.612115: E /samgraph/3rdparty/collcachelib/coll_cache_lib/freq_recorder.cc:337] bulk append 7484383 into 589207120
[2023-04-14 20:54:20.643245: E /samgraph/3rdparty/collcachelib/coll_cache_lib/freq_recorder.cc:347] bulk append 51336169
[[[[[2023-04-14 20:54:202023-04-14 20:54:20[2023-04-14 20:54:202023-04-14 20:54:202023-04-14 20:54:20...2023-04-14 20:54:20..644405[644405644410.644409[644408: 2023-04-14 20:54:20: 2023-04-14 20:54:20: 644413: : E.E.E: EE 644434 644390 E  /samgraph/3rdparty/collcachelib/coll_cache_lib/run_config.cc: /samgraph/3rdparty/collcachelib/coll_cache_lib/run_config.cc: /samgraph/3rdparty/collcachelib/coll_cache_lib/run_config.cc /samgraph/3rdparty/collcachelib/coll_cache_lib/run_config.cc/samgraph/3rdparty/collcachelib/coll_cache_lib/run_config.cc:E:E:/samgraph/3rdparty/collcachelib/coll_cache_lib/run_config.cc::141 141 141:141141] /samgraph/3rdparty/collcachelib/coll_cache_lib/run_config.cc] /samgraph/3rdparty/collcachelib/coll_cache_lib/freq_recorder.cc] 141] ] using concurrent impl MPSPhase:using concurrent impl MPSPhase:using concurrent impl MPSPhase] using concurrent impl MPSPhaseusing concurrent impl MPSPhase
141
266
using concurrent impl MPSPhase

] ] [
freq recorder global combining[using concurrent impl MPSPhase[2023-04-14 20:54:20[[
2023-04-14 20:54:20
[2023-04-14 20:54:20.2023-04-14 20:54:202023-04-14 20:54:20.2023-04-14 20:54:20.644575..[644577.644581: 6445846445842023-04-14 20:54:20: 644589: E: : .E: E EE644604 E /samgraph/3rdparty/collcachelib/coll_cache_lib/facade.cc  : /samgraph/3rdparty/collcachelib/coll_cache_lib/facade.cc /samgraph/3rdparty/collcachelib/coll_cache_lib/facade.cc:/samgraph/3rdparty/collcachelib/coll_cache_lib/facade.cc/samgraph/3rdparty/collcachelib/coll_cache_lib/facade.ccE:/samgraph/3rdparty/collcachelib/coll_cache_lib/facade.cc:409:: 409:409] 409409/samgraph/3rdparty/collcachelib/coll_cache_lib/facade.cc] 409] before scale, dtype is 0, dim is 128] ] :before scale, dtype is 0, dim is 128] before scale, dtype is 0, dim is 128
before scale, dtype is 0, dim is 128before scale, dtype is 0, dim is 128409
before scale, dtype is 0, dim is 128


[] 
[[2023-04-14 20:54:20[[before scale, dtype is 0, dim is 1282023-04-14 20:54:202023-04-14 20:54:20.[2023-04-14 20:54:202023-04-14 20:54:20
..6446912023-04-14 20:54:20[..644696644698: .2023-04-14 20:54:20644700644702: : E644707.: : EE : 644721EE  /samgraph/3rdparty/collcachelib/coll_cache_lib/facade.ccE:   /samgraph/3rdparty/collcachelib/coll_cache_lib/facade.cc/samgraph/3rdparty/collcachelib/coll_cache_lib/facade.cc: E/samgraph/3rdparty/collcachelib/coll_cache_lib/facade.cc/samgraph/3rdparty/collcachelib/coll_cache_lib/facade.cc::415/samgraph/3rdparty/collcachelib/coll_cache_lib/facade.cc ::415415] :/samgraph/3rdparty/collcachelib/coll_cache_lib/facade.cc415415] ] after scale, dtype is 7, new dim is 32415:] ] after scale, dtype is 7, new dim is 32after scale, dtype is 7, new dim is 32
] 415after scale, dtype is 7, new dim is 32after scale, dtype is 7, new dim is 32

after scale, dtype is 7, new dim is 32] 


after scale, dtype is 7, new dim is 32
[2023-04-14 20:54:20.646294: E /samgraph/3rdparty/collcachelib/coll_cache_lib/coll_cache/asymm_link_desc.cc:207] assigning 10 to cpu
[2023-04-14 20:54:20.646335: E /samgraph/3rdparty/collcachelib/coll_cache_lib/coll_cache/asymm_link_desc.cc:224] build symm link desc with 8X NVIDIA A100-SXM4-80GB out of 8
[2023-04-14 20:54:20.646362: E /samgraph/3rdparty/collcachelib/coll_cache_lib/coll_cache/asymm_link_desc.cc:225] remote time is 24.3333
[2023-04-14 20:54:20.646373: E /samgraph/3rdparty/collcachelib/coll_cache_lib/coll_cache/asymm_link_desc.cc:226] cpu time is 91.25
[2023-04-14 20:54:20.646380: E /samgraph/3rdparty/collcachelib/coll_cache_lib/coll_cache/asymm_link_desc.cc:207] assigning 10 to cpu
[2023-04-14 20:54:20.646403: E /samgraph/3rdparty/collcachelib/coll_cache_lib/facade.cc:425] registering cpu data with 8.00 GB
[2023-04-14 20:54:20.646413: E /samgraph/3rdparty/collcachelib/coll_cache_lib/coll_cache/asymm_link_desc.cc:224] build symm link desc with 8X NVIDIA A100-SXM4-80GB out of 8
[2023-04-14 20:54:20.646432: E /samgraph/3rdparty/collcachelib/coll_cache_lib/coll_cache/asymm_link_desc.cc:225] remote time is 24.3333
[2023-04-14 20:54:20.646443: E /samgraph/3rdparty/collcachelib/coll_cache_lib/coll_cache/asymm_link_desc.cc:226] cpu time is 91.25
[2023-04-14 20:54:20.646470: E /samgraph/3rdparty/collcachelib/coll_cache_lib/facade.cc:425] registering cpu data with 8.00 GB
[2023-04-14 20:54:20.646582: E /samgraph/3rdparty/collcachelib/coll_cache_lib/coll_cache/asymm_link_desc.cc:207] assigning 10 to cpu
[2023-04-14 20:54:20.646617: E /samgraph/3rdparty/collcachelib/coll_cache_lib/coll_cache/asymm_link_desc.cc:224] build symm link desc with 8X NVIDIA A100-SXM4-80GB out of 8
[2023-04-14 20:54:20.646632: E /samgraph/3rdparty/collcachelib/coll_cache_lib/coll_cache/asymm_link_desc.cc:225] remote time is 24.3333
[2023-04-14 20:54:20.646643: E /samgraph/3rdparty/collcachelib/coll_cache_lib/coll_cache/asymm_link_desc.cc:226] cpu time is 91.25
[2023-04-14 20:54:20.646670: E /samgraph/3rdparty/collcachelib/coll_cache_lib/facade.cc:425] registering cpu data with 8.00 GB
[2023-04-14 20:54:20.647263: E /samgraph/3rdparty/collcachelib/coll_cache_lib/coll_cache/asymm_link_desc.cc:207] assigning 10 to cpu
[2023-04-14 20:54:20.647303: E /samgraph/3rdparty/collcachelib/coll_cache_lib/coll_cache/asymm_link_desc.cc:224] build symm link desc with 8X NVIDIA A100-SXM4-80GB out of 8
[2023-04-14 20:54:20.647325: E /samgraph/3rdparty/collcachelib/coll_cache_lib/coll_cache/asymm_link_desc.cc:225] remote time is 24.3333
[2023-04-14 20:54:20.647335: E /samgraph/3rdparty/collcachelib/coll_cache_lib/coll_cache/asymm_link_desc.cc:226] cpu time is 91.25
[2023-04-14 20:54:20.647349: E /samgraph/3rdparty/collcachelib/coll_cache_lib/coll_cache/asymm_link_desc.cc:207] assigning 10 to cpu
[2023-04-14 20:54:20.647365: E /samgraph/3rdparty/collcachelib/coll_cache_lib/facade.cc:425] registering cpu data with 8.00 GB
[2023-04-14 20:54:20.647389: E /samgraph/3rdparty/collcachelib/coll_cache_lib/coll_cache/asymm_link_desc.cc:224] build symm link desc with 8X NVIDIA A100-SXM4-80GB out of 8
[2023-04-14 20:54:20.647408: E /samgraph/3rdparty/collcachelib/coll_cache_lib/coll_cache/asymm_link_desc.cc:225] remote time is 24.3333
[2023-04-14 20:54:20.647419: E /samgraph/3rdparty/collcachelib/coll_cache_lib/coll_cache/asymm_link_desc.cc:226] cpu time is 91.25
[2023-04-14 20:54:20.647446: E /samgraph/3rdparty/collcachelib/coll_cache_lib/facade.cc:425] registering cpu data with 8.00 GB
[2023-04-14 20:54:20.647511: E /samgraph/3rdparty/collcachelib/coll_cache_lib/coll_cache/asymm_link_desc.cc:207] assigning 10 to cpu
[2023-04-14 20:54:20.647548: E /samgraph/3rdparty/collcachelib/coll_cache_lib/coll_cache/asymm_link_desc.cc:224] build symm link desc with 8X NVIDIA A100-SXM4-80GB out of 8
[2023-04-14 20:54:20.647565: E /samgraph/3rdparty/collcachelib/coll_cache_lib/coll_cache/asymm_link_desc.cc:225] remote time is 24.3333
[2023-04-14 20:54:20.647576: E /samgraph/3rdparty/collcachelib/coll_cache_lib/coll_cache/asymm_link_desc.cc:226] cpu time is 91.25
[2023-04-14 20:54:20.647604: E /samgraph/3rdparty/collcachelib/coll_cache_lib/facade.cc:425] registering cpu data with 8.00 GB
[2023-04-14 20:54:20.647723: E /samgraph/3rdparty/collcachelib/coll_cache_lib/coll_cache/asymm_link_desc.cc:207] assigning 10 to cpu
[2023-04-14 20:54:20.647791: E /samgraph/3rdparty/collcachelib/coll_cache_lib/coll_cache/asymm_link_desc.cc:224] build symm link desc with 8X NVIDIA A100-SXM4-80GB out of 8
[2023-04-14 20:54:20.647812: E /samgraph/3rdparty/collcachelib/coll_cache_lib/coll_cache/asymm_link_desc.cc:225] remote time is 24.3333
[2023-04-14 20:54:20.647822: E /samgraph/3rdparty/collcachelib/coll_cache_lib/coll_cache/asymm_link_desc.cc:226] cpu time is 91.25
[2023-04-14 20:54:20.647850: E /samgraph/3rdparty/collcachelib/coll_cache_lib/facade.cc:425] registering cpu data with 8.00 GB
[2023-04-14 20:54:22.116243: E /samgraph/3rdparty/collcachelib/coll_cache_lib/facade.cc:427] registering cpu data done.
[2023-04-14 20:54:22.116448: E /samgraph/3rdparty/collcachelib/coll_cache_lib/facade.cc:427] registering cpu data done.
[2023-04-14 20:54:22.116729: E /samgraph/3rdparty/collcachelib/coll_cache_lib/facade.cc:427] registering cpu data done.
[2023-04-14 20:54:22.116854: E /samgraph/3rdparty/collcachelib/coll_cache_lib/facade.cc:427] registering cpu data done.
[2023-04-14 20:54:22.118662: E /samgraph/3rdparty/collcachelib/coll_cache_lib/facade.cc:427] registering cpu data done.
[2023-04-14 20:54:22.121745: E /samgraph/3rdparty/collcachelib/coll_cache_lib/facade.cc:427] registering cpu data done.
[2023-04-14 20:54:22.123457: E /samgraph/3rdparty/collcachelib/coll_cache_lib/facade.cc:427] registering cpu data done.
[2023-04-14 20:54:33.852739: E /samgraph/3rdparty/collcachelib/coll_cache_lib/freq_recorder.cc:269] freq recorder global combine from 596691503 to 103464827
[2023-04-14 20:54:35.666528: E /samgraph/3rdparty/collcachelib/coll_cache_lib/freq_recorder.cc:286] top 5 freq is 2000,2000,2000,2000,2000
[2023-04-14 20:54:35.666661: E /samgraph/3rdparty/collcachelib/coll_cache_lib/run_config.cc:141] using concurrent impl MPSPhase
[2023-04-14 20:54:35.666679: E /samgraph/3rdparty/collcachelib/coll_cache_lib/facade.cc:409] before scale, dtype is 0, dim is 128
[2023-04-14 20:54:35.666693: E /samgraph/3rdparty/collcachelib/coll_cache_lib/facade.cc:415] after scale, dtype is 7, new dim is 32
[2023-04-14 20:54:35.667862: E /samgraph/3rdparty/collcachelib/coll_cache_lib/coll_cache/asymm_link_desc.cc:207] assigning 10 to cpu
[2023-04-14 20:54:35.667929: E /samgraph/3rdparty/collcachelib/coll_cache_lib/coll_cache/asymm_link_desc.cc:224] build symm link desc with 8X NVIDIA A100-SXM4-80GB out of 8
[2023-04-14 20:54:35.667962: E /samgraph/3rdparty/collcachelib/coll_cache_lib/coll_cache/asymm_link_desc.cc:225] remote time is 24.3333
[2023-04-14 20:54:35.667988: E /samgraph/3rdparty/collcachelib/coll_cache_lib/coll_cache/asymm_link_desc.cc:226] cpu time is 91.25
[2023-04-14 20:54:35.668045: E /samgraph/3rdparty/collcachelib/coll_cache_lib/facade.cc:425] registering cpu data with 8.00 GB
[2023-04-14 20:54:36. 92510: E /samgraph/3rdparty/collcachelib/coll_cache_lib/facade.cc:427] registering cpu data done.
[2023-04-14 20:54:36. 92573: E /samgraph/3rdparty/collcachelib/coll_cache_lib/facade.cc:174] creating solver
[2023-04-14 20:54:36. 92585: E /samgraph/3rdparty/collcachelib/coll_cache_lib/facade.cc:214] solver created. now build & solve
[2023-04-14 20:54:36.470320: E /samgraph/3rdparty/collcachelib/coll_cache_lib/facade.cc:218] solver built. now solve
block 0 storage is 00000001
	access is	0	0	0	0	0	0	0	0	
block 1 storage is 00000010
	access is	1	1	1	1	1	1	1	1	
block 2 storage is 00000100
	access is	2	2	2	2	2	2	2	2	
block 3 storage is 00001000
	access is	3	3	3	3	3	3	3	3	
block 4 storage is 00010000
	access is	4	4	4	4	4	4	4	4	
block 5 storage is 00100000
	access is	5	5	5	5	5	5	5	5	
block 6 storage is 01000000
	access is	6	6	6	6	6	6	6	6	
block 7 storage is 10000000
	access is	7	7	7	7	7	7	7	7	
block 8 storage is 00000000
	access is	8	8	8	8	8	8	8	8	
[2023-04-14 20:54:36.699679: E /samgraph/3rdparty/collcachelib/coll_cache_lib/facade.cc:222] solver solved
[2023-04-14 20:54:36.702100: E /samgraph/3rdparty/collcachelib/coll_cache_lib/facade.cc:437] 0 solved master
[2023-04-14 20:54:36.702127: E /samgraph/3rdparty/collcachelib/coll_cache_lib/facade.cc:444] 0 solved
[2023-04-14 20:54:36.702141: E /samgraph/3rdparty/collcachelib/coll_cache_lib/facade.cc:447] worker 0 thread 0 initing device 0
[2023-04-14 20:54:36.703056: E /samgraph/3rdparty/collcachelib/coll_cache_lib/cache_context.cu:2320] Building Coll Cache with ... num gpu device is 8
[2023-04-14 20:54:36.703204: E /samgraph/3rdparty/collcachelib/coll_cache_lib/cuda/cache_hashtable.cuh:611] per src size local is 15270843
[2023-04-14 20:54:36.720699: E /samgraph/3rdparty/collcachelib/coll_cache_lib/facade.cc:444] 2 solved
[2023-04-14 20:54:36.720781: E /samgraph/3rdparty/collcachelib/coll_cache_lib/facade.cc:447] worker 0 thread 2 initing device 2
[[2023-04-14 20:54:36.724390: E 2023-04-14 20:54:36/samgraph/3rdparty/collcachelib/coll_cache_lib/facade.cc.:724390444: ] E 1 solved/samgraph/3rdparty/collcachelib/coll_cache_lib/facade.cc
:444] 3 solved[
2023-04-14 20:54:36.724492: E /samgraph/3rdparty/collcachelib/coll_cache_lib/facade.cc[:2023-04-14 20:54:36447.] 724498worker 0 thread 1 initing device 1: 
E /samgraph/3rdparty/collcachelib/coll_cache_lib/facade.cc:447] worker 0 thread 3 initing device 3
[2023-04-14 20:54:36.725035: E /samgraph/3rdparty/collcachelib/coll_cache_lib/cache_context.cu:2320] Building Coll Cache with ... num gpu device is 8
[2023-04-14 20:54:36.739835: E /samgraph/3rdparty/collcachelib/coll_cache_lib/cache_context.cu:2320] [Building Coll Cache with ... num gpu device is 8
2023-04-14 20:54:36.739825: E /samgraph/3rdparty/collcachelib/coll_cache_lib/facade.cc:444] 4 solved
[2023-04-14 20:54:36.739872: E /samgraph/3rdparty/collcachelib/coll_cache_lib/facade.cc:447] worker 0 thread 4 initing device 4
[2023-04-14 20:54:36.739896: E /samgraph/3rdparty/collcachelib/coll_cache_lib/facade.cc:444] 5 solved
[2023-04-14 20:54:36.739946: E /samgraph/3rdparty/collcachelib/coll_cache_lib/facade.cc:447] worker 0 thread 5 initing device 5
[2023-04-14 20:54:36.739953: E /samgraph/3rdparty/collcachelib/coll_cache_lib/facade.cc:444] 6 solved
[2023-04-14 20:54:36.739995: E /samgraph/3rdparty/collcachelib/coll_cache_lib/facade.cc:447] worker 0 thread 6 initing device 6
[2023-04-14 20:54:36.740057: E /samgraph/3rdparty/collcachelib/coll_cache_lib/cache_context.cu:2320] Building Coll Cache with ... num gpu device is 8
[2023-04-14 20:54:36.740293: E /samgraph/3rdparty/collcachelib/coll_cache_lib/cache_context.cu:2320] Building Coll Cache with ... num gpu device is 8
[2023-04-14 20:54:36.740318: E /samgraph/3rdparty/collcachelib/coll_cache_lib/cache_context.cu:2320] Building Coll Cache with ... num gpu device is 8
[2023-04-14 20:54:36.740353: E /samgraph/3rdparty/collcachelib/coll_cache_lib/cache_context.cu:2320] Building Coll Cache with ... num gpu device is 8
[2023-04-14 20:54:36.746853: E /samgraph/3rdparty/collcachelib/coll_cache_lib/facade.cc:444] 7 solved
[2023-04-14 20:54:36.746940: E /samgraph/3rdparty/collcachelib/coll_cache_lib/facade.cc:447] worker 0 thread 7 initing device 7
[2023-04-14 20:54:36.747357: E /samgraph/3rdparty/collcachelib/coll_cache_lib/cache_context.cu:2320] Building Coll Cache with ... num gpu device is 8
[2023-04-14 20:54:36.934935: E /samgraph/3rdparty/collcachelib/coll_cache_lib/cache_context.cu:2362] num cpu nodes is 4
[2023-04-14 20:54:36.952785: E /samgraph/3rdparty/collcachelib/coll_cache_lib/cache_context.cu:2362] num cpu nodes is 4
[2023-04-14 20:54:36.992669: E /samgraph/3rdparty/collcachelib/coll_cache_lib/cache_context.cu:2362] num cpu nodes is 4
[2023-04-14 20:54:36.998899: E /samgraph/3rdparty/collcachelib/coll_cache_lib/cache_context.cu:2362] num cpu nodes is 4
[2023-04-14 20:54:37.  5077: E /samgraph/3rdparty/collcachelib/coll_cache_lib/cache_context.cu:2362] num cpu nodes is 4
[2023-04-14 20:54:37.  9401: E /samgraph/3rdparty/collcachelib/coll_cache_lib/cache_context.cu:2362] num cpu nodes is 4
[2023-04-14 20:54:37. 13116: E /samgraph/3rdparty/collcachelib/coll_cache_lib/cache_context.cu:2362] num cpu nodes is 4
[2023-04-14 20:54:37. 16325: E /samgraph/3rdparty/collcachelib/coll_cache_lib/cache_context.cu:2362] num cpu nodes is 4
[2023-04-14 20:54:37.493717: E /samgraph/3rdparty/collcachelib/coll_cache_lib/cuda/cache_hashtable.cu:355] create a hashtable with 111059952 possible elem, scale to 268435456
[2023-04-14 20:54:37.493784: E /samgraph/3rdparty/collcachelib/coll_cache_lib/cuda/cache_hashtable.cu:360] SimpleHashTable allocating 2.00 GB
[2023-04-14 20:54:37.509960: E /samgraph/3rdparty/collcachelib/coll_cache_lib/cuda/cache_hashtable.cu:355] create a hashtable with 111059952 possible elem, scale to 268435456
[2023-04-14 20:54:37.509996: E /samgraph/3rdparty/collcachelib/coll_cache_lib/cuda/cache_hashtable.cu:360] SimpleHashTable allocating 2.00 GB
[2023-04-14 20:54:37.614106: E /samgraph/3rdparty/collcachelib/coll_cache_lib/cuda/cache_hashtable.cu:355] create a hashtable with 111059952 possible elem, scale to 268435456
[2023-04-14 20:54:37.614143: E /samgraph/3rdparty/collcachelib/coll_cache_lib/cuda/cache_hashtable.cu:360] SimpleHashTable allocating 2.00 GB
[2023-04-14 20:54:37.614712: E /samgraph/3rdparty/collcachelib/coll_cache_lib/cuda/cache_hashtable.cu:355] create a hashtable with 111059952 possible elem, scale to 268435456
[2023-04-14 20:54:37.614767: E /samgraph/3rdparty/collcachelib/coll_cache_lib/cuda/cache_hashtable.cu:360] SimpleHashTable allocating 2.00 GB
[2023-04-14 20:54:37.615248[: 2023-04-14 20:54:37E. 615257/samgraph/3rdparty/collcachelib/coll_cache_lib/cuda/cache_hashtable.cu: :E355 ] /samgraph/3rdparty/collcachelib/coll_cache_lib/cuda/cache_hashtable.cu:355create a hashtable with 111059952 possible elem, scale to 268435456] 
create a hashtable with 111059952 possible elem, scale to 268435456
[2023-04-14 20:54:37.[6152772023-04-14 20:54:37[: .2023-04-14 20:54:37E615291. : 615293/samgraph/3rdparty/collcachelib/coll_cache_lib/cuda/cache_hashtable.cuE: : E355/samgraph/3rdparty/collcachelib/coll_cache_lib/cuda/cache_hashtable.cu ] :/samgraph/3rdparty/collcachelib/coll_cache_lib/cuda/cache_hashtable.cucreate a hashtable with 111059952 possible elem, scale to 268435456360:
] 360] SimpleHashTable allocating 2.00 GBSimpleHashTable allocating 2.00 GB

[2023-04-14 20:54:37.615323: E /samgraph/3rdparty/collcachelib/coll_cache_lib/cuda/cache_hashtable.cu:360] SimpleHashTable allocating 2.00 GB
[2023-04-14 20:54:37.616372: E /samgraph/3rdparty/collcachelib/coll_cache_lib/cuda/cache_hashtable.cu:355] create a hashtable with 111059952 possible elem, scale to 268435456
[2023-04-14 20:54:37.616422: E /samgraph/3rdparty/collcachelib/coll_cache_lib/cuda/cache_hashtable.cu:360] SimpleHashTable allocating 2.00 GB
[2023-04-14 20:54:37.792059: E /samgraph/3rdparty/collcachelib/coll_cache_lib/common.cc:107] too many mem allocated for forcescale?22323051->8440557
[2023-04-14 20:54:37.792283: E /samgraph/3rdparty/collcachelib/coll_cache_lib/common.cc:107] too many mem allocated for forcescale?22323051->8440557
[2023-04-14 20:54:37.792390: E /samgraph/3rdparty/collcachelib/coll_cache_lib/common.cc:107] too many mem allocated for forcescale?22323051->8440557
[2023-04-14 20:54:37.792625: E /samgraph/3rdparty/collcachelib/coll_cache_lib/common.cc:107] too many mem allocated for forcescale?22323051->8440557
[2023-04-14 20:54:37.792915: E /samgraph/3rdparty/collcachelib/coll_cache_lib/common.cc:107] too many mem allocated for forcescale?22323051->8440557
[2023-04-14 20:54:37.793236: E /samgraph/3rdparty/collcachelib/coll_cache_lib/common.cc:107] too many mem allocated for forcescale?22323051->8440557
[2023-04-14 20:54:37.794182: E /samgraph/3rdparty/collcachelib/coll_cache_lib/common.cc:107] too many mem allocated for forcescale?22323051->8440557
[2023-04-14 20:54:37.797129: E /samgraph/3rdparty/collcachelib/coll_cache_lib/common.cc:107] too many mem allocated for forcescale?22323051->8440557
[2023-04-14 20:54:37.825185: E /samgraph/3rdparty/collcachelib/coll_cache_lib/cache_context.cu:2439] Asymm Coll cache (policy: clique_part) | local 13882494 / 111059956 nodes ( 12.50 %~20.00 %) | remote 97177458 / 111059956 nodes ( 87.50 %) | cpu 4 / 111059956 nodes ( 0.00 %) | 10.64 GB | 1.1221 secs 
[2023-04-14 20:54:37.825796: W /samgraph/3rdparty/collcachelib/coll_cache_lib/cache_context.cu:3958] before create ctx, mem is 19.09 GB
[2023-04-14 20:54:37.825891: E /samgraph/3rdparty/collcachelib/coll_cache_lib/cache_context.cu:2439] Asymm Coll cache (policy: clique_part) | local 13882494 / 111059956 nodes ( 12.50 %~20.00 %) | remote 97177458 / 111059956 nodes ( 87.50 %) | cpu 4 / 111059956 nodes ( 0.00 %) | 10.64 GB | 1.07852 secs 
[2023-04-14 20:54:37.826190: W /samgraph/3rdparty/collcachelib/coll_cache_lib/cache_context.cu:3958] before create ctx, mem is 19.09 GB
[2023-04-14 20:54:37.831155: W /samgraph/3rdparty/collcachelib/coll_cache_lib/cache_context.cu:3958] before create ctx, mem is 19.09 GB
[2023-04-14 20:54:37.835240: E /samgraph/3rdparty/collcachelib/coll_cache_lib/cache_context.cu:2439] Asymm Coll cache (policy: clique_part) | local 13882494 / 111059956 nodes ( 12.50 %~20.00 %) | remote 97177458 / 111059956 nodes ( 87.50 %) | cpu 4 / 111059956 nodes ( 0.00 %) | 10.64 GB | 1.09487 secs 
[2023-04-14 20:54:37.835412: E /samgraph/3rdparty/collcachelib/coll_cache_lib/cache_context.cu:2439] Asymm Coll cache (policy: clique_part) | local 13882494 / 111059956 nodes ( 12.50 %~20.00 %) | remote 97177458 / 111059956 nodes ( 87.50 %) | cpu 4 / 111059956 nodes ( 0.00 %) | 10.64 GB | 1.0951 secs 
[2023-04-14 20:54:37.835799: E /samgraph/3rdparty/collcachelib/coll_cache_lib/cache_context.cu:2439] Asymm Coll cache (policy: clique_part) | local 13882494 / 111059956 nodes ( 12.50 %~20.00 %) | remote 97177458 / 111059956 nodes ( 87.50 %) | cpu 4 / 111059956 nodes ( 0.00 %) | 10.64 GB | 1.0957 secs 
[2023-04-14 20:54:37.835934: E /samgraph/3rdparty/collcachelib/coll_cache_lib/cache_context.cu:2439] Asymm Coll cache (policy: clique_part) | local 13882494 / 111059956 nodes ( 12.50 %~20.00 %) | remote 97177458 / 111059956 nodes ( 87.50 %) | cpu 4 / 111059956 nodes ( 0.00 %) | 10.64 GB | 1.11088 secs 
[2023-04-14 20:54:37.836106: E /samgraph/3rdparty/collcachelib/coll_cache_lib/cache_context.cu:2439] Asymm Coll cache (policy: clique_part) | local 13882494 / 111059956 nodes ( 12.50 %~20.00 %) | remote 97177458 / 111059956 nodes ( 87.50 %) | cpu 4 / 111059956 nodes ( 0.00 %) | 10.64 GB | 1.09625 secs 
[2023-04-14 20:54:37.841757: W /samgraph/3rdparty/collcachelib/coll_cache_lib/cache_context.cu:3958] before create ctx, mem is 19.09 GB
[2023-04-14 20:54:37.845061: E /samgraph/3rdparty/collcachelib/coll_cache_lib/cache_context.cu:2439] Asymm Coll cache (policy: clique_part) | local 13882494 / 111059956 nodes ( 12.50 %~20.00 %) | remote 97177458 / 111059956 nodes ( 87.50 %) | cpu 4 / 111059956 nodes ( 0.00 %) | 10.64 GB | 1.10472 secs 
[2023-04-14 20:54:37.846460: W /samgraph/3rdparty/collcachelib/coll_cache_lib/cache_context.cu:3958] before create ctx, mem is 19.09 GB
[2023-04-14 20:54:37.847094: W /samgraph/3rdparty/collcachelib/coll_cache_lib/cache_context.cu:3958] before create ctx, mem is 19.09 GB
[2023-04-14 20:54:37.847594: W /samgraph/3rdparty/collcachelib/coll_cache_lib/cache_context.cu:3958] before create ctx, mem is 19.09 GB
[2023-04-14 20:54:37.850838: W /samgraph/3rdparty/collcachelib/coll_cache_lib/cache_context.cu:3958] before create ctx, mem is 19.09 GB
[2023-04-14 20:54:47.898532: W /samgraph/3rdparty/collcachelib/coll_cache_lib/cache_context.cu:3958] after create ctx, mem is 21.47 GB
[2023-04-14 20:54:47.898631: W /samgraph/3rdparty/collcachelib/coll_cache_lib/cache_context.cu:3958] after create stream, mem is 21.47 GB
[2023-04-14 20:54:47.994644: W /samgraph/3rdparty/collcachelib/coll_cache_lib/cache_context.cu:3958] after create ctx, mem is 21.50 GB
[2023-04-14 20:54:47.994746: W /samgraph/3rdparty/collcachelib/coll_cache_lib/cache_context.cu:3958] after create stream, mem is 21.50 GB
[2023-04-14 20:54:48.179310: W /samgraph/3rdparty/collcachelib/coll_cache_lib/cache_context.cu:3958] after create ctx, mem is 21.60 GB
[2023-04-14 20:54:48.179377: W /samgraph/3rdparty/collcachelib/coll_cache_lib/cache_context.cu:3958] after create stream, mem is 21.60 GB
[2023-04-14 20:54:48.254244: W /samgraph/3rdparty/collcachelib/coll_cache_lib/cache_context.cu:3958] after create ctx, mem is 21.64 GB
[2023-04-14 20:54:48.254335: W /samgraph/3rdparty/collcachelib/coll_cache_lib/cache_context.cu:3958] after create stream, mem is 21.64 GB
[2023-04-14 20:54:48.871721: W /samgraph/3rdparty/collcachelib/coll_cache_lib/cache_context.cu:3958] after create ctx, mem is 21.95 GB
[2023-04-14 20:54:48.871799: W /samgraph/3rdparty/collcachelib/coll_cache_lib/cache_context.cu:3958] after create stream, mem is 21.95 GB
[2023-04-14 20:54:48.878152: W /samgraph/3rdparty/collcachelib/coll_cache_lib/cache_context.cu:3958] after create ctx, mem is 21.95 GB
[2023-04-14 20:54:48.878233: W /samgraph/3rdparty/collcachelib/coll_cache_lib/cache_context.cu:3958] after create stream, mem is 21.95 GB
[2023-04-14 20:54:49.137911: W /samgraph/3rdparty/collcachelib/coll_cache_lib/cache_context.cu:3958] after create ctx, mem is 22.07 GB
[2023-04-14 20:54:49.138121: W /samgraph/3rdparty/collcachelib/coll_cache_lib/cache_context.cu:3958] after create stream, mem is 22.07 GB
[2023-04-14 20:54:49.332579: W /samgraph/3rdparty/collcachelib/coll_cache_lib/cache_context.cu:3958] after create ctx, mem is 22.15 GB
[2023-04-14 20:54:49.332650: W /samgraph/3rdparty/collcachelib/coll_cache_lib/cache_context.cu:3958] after create stream, mem is 22.15 GB
/usr/local/lib/python3.8/dist-packages/torch/nn/parallel/scatter_gather.py:9: UserWarning: is_namedtuple is deprecated, please use the python checks instead
  warnings.warn("is_namedtuple is deprecated, please use the python checks instead")
/usr/local/lib/python3.8/dist-packages/torch/nn/parallel/scatter_gather.py:9: UserWarning: is_namedtuple is deprecated, please use the python checks instead
  warnings.warn("is_namedtuple is deprecated, please use the python checks instead")
/usr/local/lib/python3.8/dist-packages/torch/nn/parallel/scatter_gather.py:9: UserWarning: is_namedtuple is deprecated, please use the python checks instead
  warnings.warn("is_namedtuple is deprecated, please use the python checks instead")
/usr/local/lib/python3.8/dist-packages/torch/nn/parallel/scatter_gather.py:9: UserWarning: is_namedtuple is deprecated, please use the python checks instead
  warnings.warn("is_namedtuple is deprecated, please use the python checks instead")
/usr/local/lib/python3.8/dist-packages/torch/nn/parallel/scatter_gather.py:9: UserWarning: is_namedtuple is deprecated, please use the python checks instead
  warnings.warn("is_namedtuple is deprecated, please use the python checks instead")
/usr/local/lib/python3.8/dist-packages/torch/nn/parallel/scatter_gather.py:9: UserWarning: is_namedtuple is deprecated, please use the python checks instead
  warnings.warn("is_namedtuple is deprecated, please use the python checks instead")
/usr/local/lib/python3.8/dist-packages/torch/nn/parallel/scatter_gather.py:9: UserWarning: is_namedtuple is deprecated, please use the python checks instead
  warnings.warn("is_namedtuple is deprecated, please use the python checks instead")
/usr/local/lib/python3.8/dist-packages/torch/nn/parallel/scatter_gather.py:9: UserWarning: is_namedtuple is deprecated, please use the python checks instead
  warnings.warn("is_namedtuple is deprecated, please use the python checks instead")
