/usr/lib/python3/dist-packages/requests/__init__.py:89: RequestsDependencyWarning: urllib3 (1.26.12) or chardet (3.0.4) doesn't match a supported version!
  warnings.warn("urllib3 ({}) or chardet ({}) doesn't match a supported "
[W socket.cpp:601] [c10d] The client socket has failed to connect to [localhost]:12335 (errno: 99 - Cannot assign requested address).
Rank=5 done reading 8201046 embedding vectors from file /nvme/songxiaoniu/graph-learning/wholegraph/com_friendster/converted/homograph_csr_row_ptr
Rank=1 done reading 8201046 embedding vectors from file /nvme/songxiaoniu/graph-learning/wholegraph/com_friendster/converted/homograph_csr_row_ptr
Rank=0 done reading 8201046 embedding vectors from file /nvme/songxiaoniu/graph-learning/wholegraph/com_friendster/converted/homograph_csr_row_ptr
Rank=7 done reading 8201045 embedding vectors from file /nvme/songxiaoniu/graph-learning/wholegraph/com_friendster/converted/homograph_csr_row_ptr
Rank=6 done reading 8201046 embedding vectors from file /nvme/songxiaoniu/graph-learning/wholegraph/com_friendster/converted/homograph_csr_row_ptr
Rank=4 done reading 8201046 embedding vectors from file /nvme/songxiaoniu/graph-learning/wholegraph/com_friendster/converted/homograph_csr_row_ptr
Rank=2 done reading 8201046 embedding vectors from file /nvme/songxiaoniu/graph-learning/wholegraph/com_friendster/converted/homograph_csr_row_ptr
Rank=3 done reading 8201046 embedding vectors from file /nvme/songxiaoniu/graph-learning/wholegraph/com_friendster/converted/homograph_csr_row_ptr
Rank=3 done reading 451516784 embedding vectors from file /nvme/songxiaoniu/graph-learning/wholegraph/com_friendster/converted/homograph_csr_col_idx
Rank=2 done reading 451516784 embedding vectors from file /nvme/songxiaoniu/graph-learning/wholegraph/com_friendster/converted/homograph_csr_col_idx
Rank=5 done reading 451516784 embedding vectors from file /nvme/songxiaoniu/graph-learning/wholegraph/com_friendster/converted/homograph_csr_col_idx
Rank=4 done reading 451516784 embedding vectors from file /nvme/songxiaoniu/graph-learning/wholegraph/com_friendster/converted/homograph_csr_col_idx
Rank=7 done reading 451516782 embedding vectors from file /nvme/songxiaoniu/graph-learning/wholegraph/com_friendster/converted/homograph_csr_col_idx
Rank=6 done reading 451516784 embedding vectors from file /nvme/songxiaoniu/graph-learning/wholegraph/com_friendster/converted/homograph_csr_col_idx
Rank=1 done reading 451516784 embedding vectors from file /nvme/songxiaoniu/graph-learning/wholegraph/com_friendster/converted/homograph_csr_col_idx
Rank=0 done reading 451516784 embedding vectors from file /nvme/songxiaoniu/graph-learning/wholegraph/com_friendster/converted/homograph_csr_col_idx
[2023-04-13 03:39:54.411475: E /samgraph/3rdparty/collcachelib/coll_cache_lib/freq_recorder.cc:337] bulk append 3522808 into 0
[2023-04-13 03:39:54.426554: E /samgraph/3rdparty/collcachelib/coll_cache_lib/freq_recorder.cc:347] bulk append 31018976
[2023-04-13 03:39:54.427168: E /samgraph/3rdparty/collcachelib/coll_cache_lib/freq_recorder.cc:337] bulk append 3527342 into 3522808
[2023-04-13 03:39:54.442211: E /samgraph/3rdparty/collcachelib/coll_cache_lib/freq_recorder.cc:347] bulk append 31021049
[2023-04-13 03:39:54.442824: E /samgraph/3rdparty/collcachelib/coll_cache_lib/freq_recorder.cc:337] bulk append 3521496 into 7050150
[2023-04-13 03:39:54.457844: E /samgraph/3rdparty/collcachelib/coll_cache_lib/freq_recorder.cc:347] bulk append 30965813
[2023-04-13 03:39:54.458450: E /samgraph/3rdparty/collcachelib/coll_cache_lib/freq_recorder.cc:337] bulk append 3527249 into 10571646
[2023-04-13 03:39:54.473476: E /samgraph/3rdparty/collcachelib/coll_cache_lib/freq_recorder.cc:347] bulk append 30983273
[2023-04-13 03:39:54.474070: E /samgraph/3rdparty/collcachelib/coll_cache_lib/freq_recorder.cc:337] bulk append 3521476 into 14098895
[2023-04-13 03:39:54.489095: E /samgraph/3rdparty/collcachelib/coll_cache_lib/freq_recorder.cc:347] bulk append 31002301
[2023-04-13 03:39:54.489672: E /samgraph/3rdparty/collcachelib/coll_cache_lib/freq_recorder.cc:337] bulk append 3524874 into 17620371
[2023-04-13 03:39:54.504709: E /samgraph/3rdparty/collcachelib/coll_cache_lib/freq_recorder.cc:347] bulk append 30985746
[2023-04-13 03:39:54.505286: E /samgraph/3rdparty/collcachelib/coll_cache_lib/freq_recorder.cc:337] bulk append 3522358 into 21145245
[2023-04-13 03:39:54.520290: E /samgraph/3rdparty/collcachelib/coll_cache_lib/freq_recorder.cc:347] bulk append 30993782
[2023-04-13 03:39:54.520876: E /samgraph/3rdparty/collcachelib/coll_cache_lib/freq_recorder.cc:337] bulk append 3527184 into 24667603
[2023-04-13 03:39:54.535923: E /samgraph/3rdparty/collcachelib/coll_cache_lib/freq_recorder.cc:347] bulk append 31020978
[2023-04-13 03:39:54.536505: E /samgraph/3rdparty/collcachelib/coll_cache_lib/freq_recorder.cc:337] bulk append 3522800 into 28194787
[2023-04-13 03:39:54.551539: E /samgraph/3rdparty/collcachelib/coll_cache_lib/freq_recorder.cc:347] bulk append 31006170
[2023-04-13 03:39:54.552124: E /samgraph/3rdparty/collcachelib/coll_cache_lib/freq_recorder.cc:337] bulk append 3525762 into 31717587
[2023-04-13 03:39:54.567166: E /samgraph/3rdparty/collcachelib/coll_cache_lib/freq_recorder.cc:347] bulk append 31006992
[2023-04-13 03:39:54.822314: E /samgraph/3rdparty/collcachelib/coll_cache_lib/freq_recorder.cc:337] bulk append 3605777 into 35243349
[2023-04-13 03:39:54.837594: E /samgraph/3rdparty/collcachelib/coll_cache_lib/freq_recorder.cc:347] bulk append 31538741
[2023-04-13 03:39:54.838162: E /samgraph/3rdparty/collcachelib/coll_cache_lib/freq_recorder.cc:337] bulk append 3612496 into 38849126
[2023-04-13 03:39:54.853363: E /samgraph/3rdparty/collcachelib/coll_cache_lib/freq_recorder.cc:347] bulk append 31514097
[2023-04-13 03:39:54.853914: E /samgraph/3rdparty/collcachelib/coll_cache_lib/freq_recorder.cc:337] bulk append 3605238 into 42461622
[2023-04-13 03:39:54.869093: E /samgraph/3rdparty/collcachelib/coll_cache_lib/freq_recorder.cc:347] bulk append 31452655
[2023-04-13 03:39:54.869630: E /samgraph/3rdparty/collcachelib/coll_cache_lib/freq_recorder.cc:337] bulk append 3611760 into 46066860
[2023-04-13 03:39:54.884831: E /samgraph/3rdparty/collcachelib/coll_cache_lib/freq_recorder.cc:347] bulk append 31478881
[2023-04-13 03:39:54.885363: E /samgraph/3rdparty/collcachelib/coll_cache_lib/freq_recorder.cc:337] bulk append 3607599 into 49678620
[2023-04-13 03:39:54.900546: E /samgraph/3rdparty/collcachelib/coll_cache_lib/freq_recorder.cc:347] bulk append 31525282
[2023-04-13 03:39:54.901076: E /samgraph/3rdparty/collcachelib/coll_cache_lib/freq_recorder.cc:337] bulk append 3611583 into 53286219
[2023-04-13 03:39:54.916266: E /samgraph/3rdparty/collcachelib/coll_cache_lib/freq_recorder.cc:347] bulk append 31524293
[2023-04-13 03:39:54.916800: E /samgraph/3rdparty/collcachelib/coll_cache_lib/freq_recorder.cc:337] bulk append 3607536 into 56897802
[2023-04-13 03:39:54.931985: E /samgraph/3rdparty/collcachelib/coll_cache_lib/freq_recorder.cc:347] bulk append 31497374
[2023-04-13 03:39:54.932521: E /samgraph/3rdparty/collcachelib/coll_cache_lib/freq_recorder.cc:337] bulk append 3613459 into 60505338
[2023-04-13 03:39:54.947713: E /samgraph/3rdparty/collcachelib/coll_cache_lib/freq_recorder.cc:347] bulk append 31525685
[2023-04-13 03:39:54.948271: E /samgraph/3rdparty/collcachelib/coll_cache_lib/freq_recorder.cc:337] bulk append 3606736 into 64118797
[2023-04-13 03:39:54.963463: E /samgraph/3rdparty/collcachelib/coll_cache_lib/freq_recorder.cc:347] bulk append 31494050
[2023-04-13 03:39:54.964009: E /samgraph/3rdparty/collcachelib/coll_cache_lib/freq_recorder.cc:337] bulk append 3610912 into 67725533
[2023-04-13 03:39:54.979895: E /samgraph/3rdparty/collcachelib/coll_cache_lib/freq_recorder.cc:347] bulk append 31542225
[2023-04-13 03:39:54.980707: E /samgraph/3rdparty/collcachelib/coll_cache_lib/freq_recorder.cc:337] bulk append 3649320 into 71336445
[2023-04-13 03:39:54.996077: E /samgraph/3rdparty/collcachelib/coll_cache_lib/freq_recorder.cc:347] bulk append 31488497
[2023-04-13 03:39:54.996626: E /samgraph/3rdparty/collcachelib/coll_cache_lib/freq_recorder.cc:337] bulk append 3653161 into 74985765
[2023-04-13 03:39:55. 12000: E /samgraph/3rdparty/collcachelib/coll_cache_lib/freq_recorder.cc:347] bulk append 31459642
[2023-04-13 03:39:55. 12539: E /samgraph/3rdparty/collcachelib/coll_cache_lib/freq_recorder.cc:337] bulk append 3646905 into 78638926
[2023-04-13 03:39:55. 27836: E /samgraph/3rdparty/collcachelib/coll_cache_lib/freq_recorder.cc:347] bulk append 31406003
[2023-04-13 03:39:55. 28375: E /samgraph/3rdparty/collcachelib/coll_cache_lib/freq_recorder.cc:337] bulk append 3651803 into 82285831
[2023-04-13 03:39:55. 43741: E /samgraph/3rdparty/collcachelib/coll_cache_lib/freq_recorder.cc:347] bulk append 31423119
[2023-04-13 03:39:55. 44274: E /samgraph/3rdparty/collcachelib/coll_cache_lib/freq_recorder.cc:337] bulk append 3649892 into 85937634
[2023-04-13 03:39:55. 59574: E /samgraph/3rdparty/collcachelib/coll_cache_lib/freq_recorder.cc:347] bulk append 31466843
[2023-04-13 03:39:55. 60131: E /samgraph/3rdparty/collcachelib/coll_cache_lib/freq_recorder.cc:337] bulk append 3652087 into 89587526
[2023-04-13 03:39:55. 75437: E /samgraph/3rdparty/collcachelib/coll_cache_lib/freq_recorder.cc:347] bulk append 31465884
[2023-04-13 03:39:55. 75982: E /samgraph/3rdparty/collcachelib/coll_cache_lib/freq_recorder.cc:337] bulk append 3647758 into 93239613
[2023-04-13 03:39:55. 91274: E /samgraph/3rdparty/collcachelib/coll_cache_lib/freq_recorder.cc:347] bulk append 31443940
[2023-04-13 03:39:55. 91807: E /samgraph/3rdparty/collcachelib/coll_cache_lib/freq_recorder.cc:337] bulk append 3655839 into 96887371
[2023-04-13 03:39:55.107113: E /samgraph/3rdparty/collcachelib/coll_cache_lib/freq_recorder.cc:347] bulk append 31510060
[2023-04-13 03:39:55.107659: E /samgraph/3rdparty/collcachelib/coll_cache_lib/freq_recorder.cc:337] bulk append 3649296 into 100543210
[2023-04-13 03:39:55.122955: E /samgraph/3rdparty/collcachelib/coll_cache_lib/freq_recorder.cc:347] bulk append 31459753
[2023-04-13 03:39:55.123492: E /samgraph/3rdparty/collcachelib/coll_cache_lib/freq_recorder.cc:337] bulk append 3651440 into 104192506
[2023-04-13 03:39:55.138798: E /samgraph/3rdparty/collcachelib/coll_cache_lib/freq_recorder.cc:347] bulk append 31516209
[2023-04-13 03:39:55.139346: E /samgraph/3rdparty/collcachelib/coll_cache_lib/freq_recorder.cc:337] bulk append 3655225 into 107843946
[2023-04-13 03:39:55.154744: E /samgraph/3rdparty/collcachelib/coll_cache_lib/freq_recorder.cc:347] bulk append 31498870
[2023-04-13 03:39:55.155301: E /samgraph/3rdparty/collcachelib/coll_cache_lib/freq_recorder.cc:337] bulk append 3659132 into 111499171
[2023-04-13 03:39:55.170671: E /samgraph/3rdparty/collcachelib/coll_cache_lib/freq_recorder.cc:347] bulk append 31463345
[2023-04-13 03:39:55.171231: E /samgraph/3rdparty/collcachelib/coll_cache_lib/freq_recorder.cc:337] bulk append 3654128 into 115158303
[2023-04-13 03:39:55.187215: E /samgraph/3rdparty/collcachelib/coll_cache_lib/freq_recorder.cc:347] bulk append 31420522
[2023-04-13 03:39:55.188010: E /samgraph/3rdparty/collcachelib/coll_cache_lib/freq_recorder.cc:337] bulk append 3659050 into 118812431
[2023-04-13 03:39:55.203363: E /samgraph/3rdparty/collcachelib/coll_cache_lib/freq_recorder.cc:347] bulk append 31447157
[2023-04-13 03:39:55.203925: E /samgraph/3rdparty/collcachelib/coll_cache_lib/freq_recorder.cc:337] bulk append 3654333 into 122471481
[2023-04-13 03:39:55.219278: E /samgraph/3rdparty/collcachelib/coll_cache_lib/freq_recorder.cc:347] bulk append 31471259
[2023-04-13 03:39:55.219829: E /samgraph/3rdparty/collcachelib/coll_cache_lib/freq_recorder.cc:337] bulk append 3656240 into 126125814
[2023-04-13 03:39:55.235193: E /samgraph/3rdparty/collcachelib/coll_cache_lib/freq_recorder.cc:347] bulk append 31481958
[2023-04-13 03:39:55.235747: E /samgraph/3rdparty/collcachelib/coll_cache_lib/freq_recorder.cc:337] bulk append 3653911 into 129782054
[2023-04-13 03:39:55.251099: E /samgraph/3rdparty/collcachelib/coll_cache_lib/freq_recorder.cc:347] bulk append 31472908
[2023-04-13 03:39:55.251628: E /samgraph/3rdparty/collcachelib/coll_cache_lib/freq_recorder.cc:337] bulk append 3661135 into 133435965
[2023-04-13 03:39:55.267134: E /samgraph/3rdparty/collcachelib/coll_cache_lib/freq_recorder.cc:347] bulk append 31527992
[2023-04-13 03:39:55.267743: E /samgraph/3rdparty/collcachelib/coll_cache_lib/freq_recorder.cc:337] bulk append 3654825 into 137097100
[2023-04-13 03:39:55.283098: E /samgraph/3rdparty/collcachelib/coll_cache_lib/freq_recorder.cc:347] bulk append 31486728
[2023-04-13 03:39:55.283631: E /samgraph/3rdparty/collcachelib/coll_cache_lib/freq_recorder.cc:337] bulk append 3655007 into 140751925
[2023-04-13 03:39:55.298986: E /samgraph/3rdparty/collcachelib/coll_cache_lib/freq_recorder.cc:347] bulk append 31525060
[2023-04-13 03:39:55.299539: E /samgraph/3rdparty/collcachelib/coll_cache_lib/freq_recorder.cc:337] bulk append 3662828 into 144406932
[2023-04-13 03:39:55.314906: E /samgraph/3rdparty/collcachelib/coll_cache_lib/freq_recorder.cc:347] bulk append 31415560
[2023-04-13 03:39:55.315483: E /samgraph/3rdparty/collcachelib/coll_cache_lib/freq_recorder.cc:337] bulk append 3669622 into 148069760
[2023-04-13 03:39:55.330810: E /samgraph/3rdparty/collcachelib/coll_cache_lib/freq_recorder.cc:347] bulk append 31364350
[2023-04-13 03:39:55.331370: E /samgraph/3rdparty/collcachelib/coll_cache_lib/freq_recorder.cc:337] bulk append 3664672 into 151739382
[2023-04-13 03:39:55.346696: E /samgraph/3rdparty/collcachelib/coll_cache_lib/freq_recorder.cc:347] bulk append 31338734
[2023-04-13 03:39:55.347271: E /samgraph/3rdparty/collcachelib/coll_cache_lib/freq_recorder.cc:337] bulk append 3667887 into 155404054
[2023-04-13 03:39:55.362607: E /samgraph/3rdparty/collcachelib/coll_cache_lib/freq_recorder.cc:347] bulk append 31355842
[2023-04-13 03:39:55.363176: E /samgraph/3rdparty/collcachelib/coll_cache_lib/freq_recorder.cc:337] bulk append 3665601 into 159071941
[2023-04-13 03:39:55.378488: E /samgraph/3rdparty/collcachelib/coll_cache_lib/freq_recorder.cc:347] bulk append 31368309
[2023-04-13 03:39:55.379063: E /samgraph/3rdparty/collcachelib/coll_cache_lib/freq_recorder.cc:337] bulk append 3668625 into 162737542
[2023-04-13 03:39:55.394401: E /samgraph/3rdparty/collcachelib/coll_cache_lib/freq_recorder.cc:347] bulk append 31390025
[2023-04-13 03:39:55.395005: E /samgraph/3rdparty/collcachelib/coll_cache_lib/freq_recorder.cc:337] bulk append 3665110 into 166406167
[2023-04-13 03:39:55.410363: E /samgraph/3rdparty/collcachelib/coll_cache_lib/freq_recorder.cc:347] bulk append 31385666
[2023-04-13 03:39:55.410948: E /samgraph/3rdparty/collcachelib/coll_cache_lib/freq_recorder.cc:337] bulk append 3670863 into 170071277
[2023-04-13 03:39:55.426300: E /samgraph/3rdparty/collcachelib/coll_cache_lib/freq_recorder.cc:347] bulk append 31440546
[2023-04-13 03:39:55.426871: E /samgraph/3rdparty/collcachelib/coll_cache_lib/freq_recorder.cc:337] bulk append 3665659 into 173742140
[2023-04-13 03:39:55.442223: E /samgraph/3rdparty/collcachelib/coll_cache_lib/freq_recorder.cc:347] bulk append 31414863
[2023-04-13 03:39:55.442787: E /samgraph/3rdparty/collcachelib/coll_cache_lib/freq_recorder.cc:337] bulk append 3667832 into 177407799
[2023-04-13 03:39:55.458119: E /samgraph/3rdparty/collcachelib/coll_cache_lib/freq_recorder.cc:347] bulk append 31437809
[2023-04-13 03:39:55.458698: E /samgraph/3rdparty/collcachelib/coll_cache_lib/freq_recorder.cc:337] bulk append 3620366 into 181075631
[2023-04-13 03:39:55.473909: E /samgraph/3rdparty/collcachelib/coll_cache_lib/freq_recorder.cc:347] bulk append 31135696
[2023-04-13 03:39:55.474455: E /samgraph/3rdparty/collcachelib/coll_cache_lib/freq_recorder.cc:337] bulk append 3628594 into 184695997
[2023-04-13 03:39:55.489661: E /samgraph/3rdparty/collcachelib/coll_cache_lib/freq_recorder.cc:347] bulk append 31088983
[2023-04-13 03:39:55.490224: E /samgraph/3rdparty/collcachelib/coll_cache_lib/freq_recorder.cc:337] bulk append 3620468 into 188324591
[2023-04-13 03:39:55.505378: E /samgraph/3rdparty/collcachelib/coll_cache_lib/freq_recorder.cc:347] bulk append 31055057
[2023-04-13 03:39:55.505924: E /samgraph/3rdparty/collcachelib/coll_cache_lib/freq_recorder.cc:337] bulk append 3625741 into 191945059
[2023-04-13 03:39:55.521098: E /samgraph/3rdparty/collcachelib/coll_cache_lib/freq_recorder.cc:347] bulk append 31081689
[2023-04-13 03:39:55.521642: E /samgraph/3rdparty/collcachelib/coll_cache_lib/freq_recorder.cc:337] bulk append 3622300 into 195570800
[2023-04-13 03:39:55.536809: E /samgraph/3rdparty/collcachelib/coll_cache_lib/freq_recorder.cc:347] bulk append 31092098
[2023-04-13 03:39:55.537362: E /samgraph/3rdparty/collcachelib/coll_cache_lib/freq_recorder.cc:337] bulk append 3626845 into 199193100
[2023-04-13 03:39:55.552576: E /samgraph/3rdparty/collcachelib/coll_cache_lib/freq_recorder.cc:347] bulk append 31123199
[2023-04-13 03:39:55.553116: E /samgraph/3rdparty/collcachelib/coll_cache_lib/freq_recorder.cc:337] bulk append 3622244 into 202819945
[2023-04-13 03:39:55.568273: E /samgraph/3rdparty/collcachelib/coll_cache_lib/freq_recorder.cc:347] bulk append 31107662
[2023-04-13 03:39:55.568838: E /samgraph/3rdparty/collcachelib/coll_cache_lib/freq_recorder.cc:337] bulk append 3628311 into 206442189
[2023-04-13 03:39:55.584016: E /samgraph/3rdparty/collcachelib/coll_cache_lib/freq_recorder.cc:347] bulk append 31163404
[2023-04-13 03:39:55.584542: E /samgraph/3rdparty/collcachelib/coll_cache_lib/freq_recorder.cc:337] bulk append 3623778 into 210070500
[2023-04-13 03:39:55.599699: E /samgraph/3rdparty/collcachelib/coll_cache_lib/freq_recorder.cc:347] bulk append 31122454
[2023-04-13 03:39:55.600234: E /samgraph/3rdparty/collcachelib/coll_cache_lib/freq_recorder.cc:337] bulk append 3625038 into 213694278
[2023-04-13 03:39:55.615390: E /samgraph/3rdparty/collcachelib/coll_cache_lib/freq_recorder.cc:347] bulk append 31157156
[2023-04-13 03:39:55.615930: E /samgraph/3rdparty/collcachelib/coll_cache_lib/freq_recorder.cc:337] bulk append 3567414 into 217319316
[2023-04-13 03:39:55.631064: E /samgraph/3rdparty/collcachelib/coll_cache_lib/freq_recorder.cc:347] bulk append 30732041
[2023-04-13 03:39:55.631625: E /samgraph/3rdparty/collcachelib/coll_cache_lib/freq_recorder.cc:337] bulk append 3572810 into 220886730
[2023-04-13 03:39:55.647431: E /samgraph/3rdparty/collcachelib/coll_cache_lib/freq_recorder.cc:347] bulk append 30664500
[2023-04-13 03:39:55.648238: E /samgraph/3rdparty/collcachelib/coll_cache_lib/freq_recorder.cc:337] bulk append 3567196 into 224459540
[2023-04-13 03:39:55.663303: E /samgraph/3rdparty/collcachelib/coll_cache_lib/freq_recorder.cc:347] bulk append 30635608
[2023-04-13 03:39:55.663846: E /samgraph/3rdparty/collcachelib/coll_cache_lib/freq_recorder.cc:337] bulk append 3572250 into 228026736
[2023-04-13 03:39:55.678934: E /samgraph/3rdparty/collcachelib/coll_cache_lib/freq_recorder.cc:347] bulk append 30679620
[2023-04-13 03:39:55.679482: E /samgraph/3rdparty/collcachelib/coll_cache_lib/freq_recorder.cc:337] bulk append 3569520 into 231598986
[2023-04-13 03:39:55.694553: E /samgraph/3rdparty/collcachelib/coll_cache_lib/freq_recorder.cc:347] bulk append 30673008
[2023-04-13 03:39:55.695091: E /samgraph/3rdparty/collcachelib/coll_cache_lib/freq_recorder.cc:337] bulk append 3572461 into 235168506
[2023-04-13 03:39:55.710175: E /samgraph/3rdparty/collcachelib/coll_cache_lib/freq_recorder.cc:347] bulk append 30695201
[2023-04-13 03:39:55.710725: E /samgraph/3rdparty/collcachelib/coll_cache_lib/freq_recorder.cc:337] bulk append 3567856 into 238740967
[2023-04-13 03:39:55.725795: E /samgraph/3rdparty/collcachelib/coll_cache_lib/freq_recorder.cc:347] bulk append 30678582
[2023-04-13 03:39:55.726342: E /samgraph/3rdparty/collcachelib/coll_cache_lib/freq_recorder.cc:337] bulk append 3574650 into 242308823
[2023-04-13 03:39:55.741429: E /samgraph/3rdparty/collcachelib/coll_cache_lib/freq_recorder.cc:347] bulk append 30755248
[2023-04-13 03:39:55.741985: E /samgraph/3rdparty/collcachelib/coll_cache_lib/freq_recorder.cc:337] bulk append 3569229 into 245883473
[2023-04-13 03:39:55.757056: E /samgraph/3rdparty/collcachelib/coll_cache_lib/freq_recorder.cc:347] bulk append 30720248
[2023-04-13 03:39:55.757617: E /samgraph/3rdparty/collcachelib/coll_cache_lib/freq_recorder.cc:337] bulk append 3570146 into 249452702
[2023-04-13 03:39:55.772712: E /samgraph/3rdparty/collcachelib/coll_cache_lib/freq_recorder.cc:347] bulk append 30731221
[2023-04-13 03:39:55.773280: E /samgraph/3rdparty/collcachelib/coll_cache_lib/freq_recorder.cc:337] bulk append 3488805 into 253022848
[2023-04-13 03:39:55.788136: E /samgraph/3rdparty/collcachelib/coll_cache_lib/freq_recorder.cc:347] bulk append 29884477
[2023-04-13 03:39:55.788718: E /samgraph/3rdparty/collcachelib/coll_cache_lib/freq_recorder.cc:337] bulk append 3494485 into 256511653
[2023-04-13 03:39:55.803551: E /samgraph/3rdparty/collcachelib/coll_cache_lib/freq_recorder.cc:347] bulk append 29822946
[2023-04-13 03:39:55.804124: E /samgraph/3rdparty/collcachelib/coll_cache_lib/freq_recorder.cc:337] bulk append 3489855 into 260006138
[2023-04-13 03:39:55.818937: E /samgraph/3rdparty/collcachelib/coll_cache_lib/freq_recorder.cc:347] bulk append 29812988
[2023-04-13 03:39:55.819483: E /samgraph/3rdparty/collcachelib/coll_cache_lib/freq_recorder.cc:337] bulk append 3494295 into 263495993
[2023-04-13 03:39:55.834307: E /samgraph/3rdparty/collcachelib/coll_cache_lib/freq_recorder.cc:347] bulk append 29849319
[2023-04-13 03:39:55.834880: E /samgraph/3rdparty/collcachelib/coll_cache_lib/freq_recorder.cc:337] bulk append 3490571 into 266990288
[2023-04-13 03:39:55.849705: E /samgraph/3rdparty/collcachelib/coll_cache_lib/freq_recorder.cc:347] bulk append 29838675
[2023-04-13 03:39:55.850272: E /samgraph/3rdparty/collcachelib/coll_cache_lib/freq_recorder.cc:337] bulk append 3493789 into 270480859
[2023-04-13 03:39:55.865086: E /samgraph/3rdparty/collcachelib/coll_cache_lib/freq_recorder.cc:347] bulk append 29853486
[2023-04-13 03:39:55.865649: E /samgraph/3rdparty/collcachelib/coll_cache_lib/freq_recorder.cc:337] bulk append 3489586 into 273974648
[2023-04-13 03:39:55.880461: E /samgraph/3rdparty/collcachelib/coll_cache_lib/freq_recorder.cc:347] bulk append 29852570
[2023-04-13 03:39:55.881027: E /samgraph/3rdparty/collcachelib/coll_cache_lib/freq_recorder.cc:337] bulk append 3498103 into 277464234
[2023-04-13 03:39:55.895868: E /samgraph/3rdparty/collcachelib/coll_cache_lib/freq_recorder.cc:347] bulk append 29934753
[2023-04-13 03:39:55.896427: E /samgraph/3rdparty/collcachelib/coll_cache_lib/freq_recorder.cc:337] bulk append 3491253 into 280962337
[2023-04-13 03:39:55.911237: E /samgraph/3rdparty/collcachelib/coll_cache_lib/freq_recorder.cc:347] bulk append 29911771
[2023-04-13 03:39:55.911802: E /samgraph/3rdparty/collcachelib/coll_cache_lib/freq_recorder.cc:337] bulk append 3492825 into 284453590
[2023-04-13 03:39:55.926619: E /samgraph/3rdparty/collcachelib/coll_cache_lib/freq_recorder.cc:347] bulk append 29885163
[2023-04-13 03:39:55.927190: E /samgraph/3rdparty/collcachelib/coll_cache_lib/freq_recorder.cc:266] freq recorder global combining
[2023-04-13 03:39:55.927224: E /samgraph/3rdparty/collcachelib/coll_cache_lib/run_config.cc:140] [[[using concurrent impl MPSPhase[[[2023-04-13 03:39:552023-04-13 03:39:552023-04-13 03:39:552023-04-13 03:39:55
2023-04-13 03:39:552023-04-13 03:39:55......927227927228[927232927226927230927228: : 2023-04-13 03:39:55: : : : EE.EEEE  927266    /samgraph/3rdparty/collcachelib/coll_cache_lib/run_config.cc/samgraph/3rdparty/collcachelib/coll_cache_lib/run_config.cc: /samgraph/3rdparty/collcachelib/coll_cache_lib/run_config.cc/samgraph/3rdparty/collcachelib/coll_cache_lib/run_config.cc/samgraph/3rdparty/collcachelib/coll_cache_lib/run_config.cc/samgraph/3rdparty/collcachelib/coll_cache_lib/run_config.cc::E::::140140 140140140140] ] /samgraph/3rdparty/collcachelib/coll_cache_lib/facade.cc] ] ] ] using concurrent impl MPSPhaseusing concurrent impl MPSPhase:using concurrent impl MPSPhaseusing concurrent impl MPSPhaseusing concurrent impl MPSPhaseusing concurrent impl MPSPhase

409



] [[before scale, dtype is 0, dim is 2562023-04-13 03:39:55[2023-04-13 03:39:55[[
[.2023-04-13 03:39:55.2023-04-13 03:39:552023-04-13 03:39:552023-04-13 03:39:55927368[.927368...: 2023-04-13 03:39:55927372: 927374927372927375E.: E: : :  927386E EEE/samgraph/3rdparty/collcachelib/coll_cache_lib/facade.cc:  /samgraph/3rdparty/collcachelib/coll_cache_lib/facade.cc   :E/samgraph/3rdparty/collcachelib/coll_cache_lib/facade.cc:/samgraph/3rdparty/collcachelib/coll_cache_lib/facade.cc/samgraph/3rdparty/collcachelib/coll_cache_lib/facade.cc/samgraph/3rdparty/collcachelib/coll_cache_lib/facade.cc409 :409:::] /samgraph/3rdparty/collcachelib/coll_cache_lib/facade.cc409] 409409409before scale, dtype is 0, dim is 256:] before scale, dtype is 0, dim is 256] ] ] 
415before scale, dtype is 0, dim is 256
before scale, dtype is 0, dim is 256before scale, dtype is 0, dim is 256before scale, dtype is 0, dim is 256] 
[

[
after scale, dtype is 7, new dim is 642023-04-13 03:39:55[2023-04-13 03:39:55[[
.2023-04-13 03:39:55[.2023-04-13 03:39:552023-04-13 03:39:55927473.2023-04-13 03:39:55927475..: 927481.: 927484927485E: 927489E: :  E:  EE/samgraph/3rdparty/collcachelib/coll_cache_lib/facade.cc E/samgraph/3rdparty/collcachelib/coll_cache_lib/facade.cc  :/samgraph/3rdparty/collcachelib/coll_cache_lib/facade.cc :/samgraph/3rdparty/collcachelib/coll_cache_lib/facade.cc/samgraph/3rdparty/collcachelib/coll_cache_lib/facade.cc415:/samgraph/3rdparty/collcachelib/coll_cache_lib/facade.cc415::] 415:] 415415after scale, dtype is 7, new dim is 64] 415after scale, dtype is 7, new dim is 64] ] 
after scale, dtype is 7, new dim is 64] 
after scale, dtype is 7, new dim is 64after scale, dtype is 7, new dim is 64
after scale, dtype is 7, new dim is 64


[2023-04-13 03:39:55.928670: E /samgraph/3rdparty/collcachelib/coll_cache_lib/coll_cache/asymm_link_desc.cc:201] assigning 10 to cpu
[2023-04-13 03:39:55.928712: E /samgraph/3rdparty/collcachelib/coll_cache_lib/coll_cache/asymm_link_desc.cc:218] build symm link desc with 8X NVIDIA A100-SXM4-80GB out of 8
[2023-04-13 03:39:55.928743: E /samgraph/3rdparty/collcachelib/coll_cache_lib/coll_cache/asymm_link_desc.cc:219] remote time is 24.3333
[2023-04-13 03:39:55.928754: E /samgraph/3rdparty/collcachelib/coll_cache_lib/coll_cache/asymm_link_desc.cc:220] cpu time is 91.25
[2023-04-13 03:39:55.928780: E /samgraph/3rdparty/collcachelib/coll_cache_lib/facade.cc:425] registering cpu data with 16.00 GB
[2023-04-13 03:39:55.929187: E /samgraph/3rdparty/collcachelib/coll_cache_lib/coll_cache/asymm_link_desc.cc:201] assigning 10 to cpu
[2023-04-13 03:39:55.929220: E /samgraph/3rdparty/collcachelib/coll_cache_lib/coll_cache/asymm_link_desc.cc:218] build symm link desc with 8X NVIDIA A100-SXM4-80GB out of 8
[2023-04-13 03:39:55.929238: E /samgraph/3rdparty/collcachelib/coll_cache_lib/coll_cache/asymm_link_desc.cc:219] remote time is 24.3333
[2023-04-13 03:39:55.929249: E /samgraph/3rdparty/collcachelib/coll_cache_lib/coll_cache/asymm_link_desc.cc:220] cpu time is 91.25
[2023-04-13 03:39:55.929274: E /samgraph/3rdparty/collcachelib/coll_cache_lib/facade.cc:425] registering cpu data with 16.00 GB
[2023-04-13 03:39:55.929444: E /samgraph/3rdparty/collcachelib/coll_cache_lib/coll_cache/asymm_link_desc.cc:201] assigning 10 to cpu
[2023-04-13 03:39:55.929477: E /samgraph/3rdparty/collcachelib/coll_cache_lib/coll_cache/asymm_link_desc.cc:218] build symm link desc with 8X NVIDIA A100-SXM4-80GB out of 8
[2023-04-13 03:39:55.929493: E /samgraph/3rdparty/collcachelib/coll_cache_lib/coll_cache/asymm_link_desc.cc:219] remote time is 24.3333
[2023-04-13 03:39:55.929504: E /samgraph/3rdparty/collcachelib/coll_cache_lib/coll_cache/asymm_link_desc.cc:220] cpu time is 91.25
[2023-04-13 03:39:55.929528: E /samgraph/3rdparty/collcachelib/coll_cache_lib/facade.cc:425] registering cpu data with 16.00 GB
[2023-04-13 03:39:55.929874: E /samgraph/3rdparty/collcachelib/coll_cache_lib/coll_cache/asymm_link_desc.cc:201] assigning 10 to cpu
[2023-04-13 03:39:55.929912: E /samgraph/3rdparty/collcachelib/coll_cache_lib/coll_cache/asymm_link_desc.cc:218] build symm link desc with 8X NVIDIA A100-SXM4-80GB out of 8
[2023-04-13 03:39:55.929923: E [/samgraph/3rdparty/collcachelib/coll_cache_lib/coll_cache/asymm_link_desc.cc2023-04-13 03:39:55:.201929930] : assigning 10 to cpuE
 /samgraph/3rdparty/collcachelib/coll_cache_lib/coll_cache/asymm_link_desc.cc:219] remote time is 24.3333
[2023-04-13 03:39:55.929961: E /samgraph/3rdparty/collcachelib/coll_cache_lib/coll_cache/asymm_link_desc.cc:220] cpu time is 91.25
[2023-04-13 03:39:55.929973: E /samgraph/3rdparty/collcachelib/coll_cache_lib/coll_cache/asymm_link_desc.cc:218] build symm link desc with 8X NVIDIA A100-SXM4-80GB out of 8
[2023-04-13 03:39:55.929985: E /samgraph/3rdparty/collcachelib/coll_cache_lib/facade.cc:425] registering cpu data with 16.00 GB[
2023-04-13 03:39:55.929997: E /samgraph/3rdparty/collcachelib/coll_cache_lib/coll_cache/asymm_link_desc.cc:219] remote time is 24.3333
[2023-04-13 03:39:55.930012: E /samgraph/3rdparty/collcachelib/coll_cache_lib/coll_cache/asymm_link_desc.cc:220] cpu time is 91.25
[2023-04-13 03:39:55.930037: E /samgraph/3rdparty/collcachelib/coll_cache_lib/facade.cc:425] registering cpu data with 16.00 GB
[2023-04-13 03:39:55.930091: E /samgraph/3rdparty/collcachelib/coll_cache_lib/coll_cache/asymm_link_desc.cc:201] assigning 10 to cpu
[2023-04-13 03:39:55.930126: E /samgraph/3rdparty/collcachelib/coll_cache_lib/coll_cache/asymm_link_desc.cc:218] build symm link desc with 8X NVIDIA A100-SXM4-80GB out of 8
[2023-04-13 03:39:55.930143: E /samgraph/3rdparty/collcachelib/coll_cache_lib/coll_cache/asymm_link_desc.cc:219] remote time is 24.3333
[2023-04-13 03:39:55.930155: E /samgraph/3rdparty/collcachelib/coll_cache_lib/coll_cache/asymm_link_desc.cc:220] cpu time is 91.25
[2023-04-13 03:39:55.930180: E /samgraph/3rdparty/collcachelib/coll_cache_lib/facade.cc:425] registering cpu data with 16.00 GB
[2023-04-13 03:39:55.930280: E /samgraph/3rdparty/collcachelib/coll_cache_lib/coll_cache/asymm_link_desc.cc:201] assigning 10 to cpu
[2023-04-13 03:39:55.930315: E /samgraph/3rdparty/collcachelib/coll_cache_lib/coll_cache/asymm_link_desc.cc:218] build symm link desc with 8X NVIDIA A100-SXM4-80GB out of 8
[2023-04-13 03:39:55.930331: E /samgraph/3rdparty/collcachelib/coll_cache_lib/coll_cache/asymm_link_desc.cc:219] remote time is 24.3333
[2023-04-13 03:39:55.930342: E /samgraph/3rdparty/collcachelib/coll_cache_lib/coll_cache/asymm_link_desc.cc:220] cpu time is 91.25
[2023-04-13 03:39:55.930366: E /samgraph/3rdparty/collcachelib/coll_cache_lib/facade.cc:425] registering cpu data with 16.00 GB
[2023-04-13 03:39:58.815066: E /samgraph/3rdparty/collcachelib/coll_cache_lib/facade.cc:427] registering cpu data done.
[2023-04-13 03:39:58.815277: E /samgraph/3rdparty/collcachelib/coll_cache_lib/facade.cc:427] registering cpu data done.
[2023-04-13 03:39:58.815669: E /samgraph/3rdparty/collcachelib/coll_cache_lib/facade.cc:427] registering cpu data done.
[2023-04-13 03:39:58.815762: E /samgraph/3rdparty/collcachelib/coll_cache_lib/facade.cc:427] registering cpu data done.
[2023-04-13 03:39:58.819533: E /samgraph/3rdparty/collcachelib/coll_cache_lib/facade.cc:427] registering cpu data done.
[2023-04-13 03:39:58.825251: E /samgraph/3rdparty/collcachelib/coll_cache_lib/facade.cc:427] registering cpu data done.
[2023-04-13 03:39:58.828212: E /samgraph/3rdparty/collcachelib/coll_cache_lib/facade.cc:427] registering cpu data done.
[2023-04-13 03:40:03.217564: E /samgraph/3rdparty/collcachelib/coll_cache_lib/freq_recorder.cc:269] freq recorder global combine from 287946415 to 57335795
[2023-04-13 03:40:08.518997: E /samgraph/3rdparty/collcachelib/coll_cache_lib/freq_recorder.cc:286] top 5 freq is 1691,1622,1615,1605,1605
[2023-04-13 03:40:08.519142: E /samgraph/3rdparty/collcachelib/coll_cache_lib/run_config.cc:140] using concurrent impl MPSPhase
[2023-04-13 03:40:08.519161: E /samgraph/3rdparty/collcachelib/coll_cache_lib/facade.cc:409] before scale, dtype is 0, dim is 256
[2023-04-13 03:40:08.519175: E /samgraph/3rdparty/collcachelib/coll_cache_lib/facade.cc:415] after scale, dtype is 7, new dim is 64
[2023-04-13 03:40:08.520298: E /samgraph/3rdparty/collcachelib/coll_cache_lib/coll_cache/asymm_link_desc.cc:201] assigning 10 to cpu
[2023-04-13 03:40:08.520352: E /samgraph/3rdparty/collcachelib/coll_cache_lib/coll_cache/asymm_link_desc.cc:218] build symm link desc with 8X NVIDIA A100-SXM4-80GB out of 8
[2023-04-13 03:40:08.520390: E /samgraph/3rdparty/collcachelib/coll_cache_lib/coll_cache/asymm_link_desc.cc:219] remote time is 24.3333
[2023-04-13 03:40:08.520404: E /samgraph/3rdparty/collcachelib/coll_cache_lib/coll_cache/asymm_link_desc.cc:220] cpu time is 91.25
[2023-04-13 03:40:08.520443: E /samgraph/3rdparty/collcachelib/coll_cache_lib/facade.cc:425] registering cpu data with 16.00 GB
[2023-04-13 03:40:09.312221: E /samgraph/3rdparty/collcachelib/coll_cache_lib/facade.cc:427] registering cpu data done.
[2023-04-13 03:40:09.312287: E /samgraph/3rdparty/collcachelib/coll_cache_lib/facade.cc:444] 0 solved
[2023-04-13 03:40:09.312299: E /samgraph/3rdparty/collcachelib/coll_cache_lib/facade.cc:447] worker 0 thread 0 initing device 0
[[2023-04-13 03:40:09.2023-04-13 03:40:09312297.: 312297E:  E[[[/samgraph/3rdparty/collcachelib/coll_cache_lib/facade.cc[ 2023-04-13 03:40:092023-04-13 03:40:092023-04-13 03:40:09:[2023-04-13 03:40:09/samgraph/3rdparty/collcachelib/coll_cache_lib/facade.cc...4442023-04-13 03:40:09.:312304312301312301] .312303444: : : 2 solved312297: ] EEE
: E3 solved[   E 
2023-04-13 03:40:09/samgraph/3rdparty/collcachelib/coll_cache_lib/facade.cc/samgraph/3rdparty/collcachelib/coll_cache_lib/facade.cc/samgraph/3rdparty/collcachelib/coll_cache_lib/facade.cc /samgraph/3rdparty/collcachelib/coll_cache_lib/facade.cc.:[::/samgraph/3rdparty/collcachelib/coll_cache_lib/facade.cc:3124014442023-04-13 03:40:09444444:444: ] .] ] 444] E1 solved3124175 solved7 solved] 4 solved 
: 

6 solved
/samgraph/3rdparty/collcachelib/coll_cache_lib/facade.ccE
[[[: 2023-04-13 03:40:09[2023-04-13 03:40:092023-04-13 03:40:09[447/samgraph/3rdparty/collcachelib/coll_cache_lib/facade.cc.2023-04-13 03:40:09..2023-04-13 03:40:09] :312480.312482312484.worker 0 thread 2 initing device 2447: 312487: : 312490
] E: EE: worker 0 thread 3 initing device 3 E  E
/samgraph/3rdparty/collcachelib/coll_cache_lib/facade.cc /samgraph/3rdparty/collcachelib/coll_cache_lib/facade.cc/samgraph/3rdparty/collcachelib/coll_cache_lib/facade.cc :/samgraph/3rdparty/collcachelib/coll_cache_lib/facade.cc::/samgraph/3rdparty/collcachelib/coll_cache_lib/facade.cc447:447447:] 447] ] 447] worker 0 thread 1 initing device 1worker 0 thread 7 initing device 7] 
worker 0 thread 4 initing device 4worker 0 thread 6 initing device 6
worker 0 thread 5 initing device 5


[2023-04-13 03:40:09.738566: F /samgraph/3rdparty/collcachelib/coll_cache_lib/cuda/cuda_device.cc:149] Check failed: e == cudaSuccess || e == cudaErrorCudartUnloading [6517]CUDA: invalid argument
[2023-04-13 03:40:09.738771: F /samgraph/3rdparty/collcachelib/coll_cache_lib/cuda/cuda_device.cc:149] Check failed: e == cudaSuccess || e == cudaErrorCudartUnloading [6520]CUDA: invalid argument
[2023-04-13 03:40:09.739039: F /samgraph/3rdparty/collcachelib/coll_cache_lib/cuda/cuda_device.cc:149] Check failed: e == cudaSuccess || e == cudaErrorCudartUnloading [6531]CUDA: invalid argument
[2023-04-13 03:40:09.739056: F /samgraph/3rdparty/collcachelib/coll_cache_lib/cuda/cuda_device.cc:149] Check failed: e == cudaSuccess || e == cudaErrorCudartUnloading [6527]CUDA: invalid argument
[2023-04-13 03:40:09.739096: F /samgraph/3rdparty/collcachelib/coll_cache_lib/cuda/cuda_device.cc:149] Check failed: e == cudaSuccess || e == cudaErrorCudartUnloading [6525]CUDA: invalid argument
[2023-04-13 03:40:09.739127: F /samgraph/3rdparty/collcachelib/coll_cache_lib/cuda/cuda_device.cc:149[] 2023-04-13 03:40:09.Check failed: e == cudaSuccess || e == cudaErrorCudartUnloading [6518]CUDA: invalid argument739135
: F /samgraph/3rdparty/collcachelib/coll_cache_lib/cuda/cuda_device.cc:149] Check failed: e == cudaSuccess || e == cudaErrorCudartUnloading [6523]CUDA: invalid argument
[2023-04-13 03:40:09.739207: F /samgraph/3rdparty/collcachelib/coll_cache_lib/cuda/cuda_device.cc:149] Check failed: e == cudaSuccess || e == cudaErrorCudartUnloading [6529]CUDA: invalid argument
[E whole_graph_pytorch_wrapper.cc:147] detect an abnormal terminated child, signal is Aborted
