succeed=True
[CUDA] cuda: usage: 5.38 GB
0 : local 72, cpu 8 {link #0 : g3 24}, {link #1 : g6 24}, {link #2 : g1 12}, {link #3 : g2 12},
1 : local 72, cpu 8 {link #0 : g7 24}, {link #1 : g2 24}, {link #2 : g3 12}, {link #3 : g0 12},
2 : local 72, cpu 8 {link #0 : g1 24}, {link #1 : g3 24}, {link #2 : g0 12}, {link #3 : g4 12},
3 : local 72, cpu 8 {link #0 : g2 24}, {link #1 : g0 24}, {link #2 : g5 12}, {link #3 : g1 12},
4 : local 72, cpu 8 {link #0 : g5 24}, {link #1 : g7 24}, {link #2 : g2 12}, {link #3 : g6 12},
5 : local 72, cpu 8 {link #0 : g6 24}, {link #1 : g4 24}, {link #2 : g7 12}, {link #3 : g3 12},
6 : local 72, cpu 8 {link #0 : g0 24}, {link #1 : g5 24}, {link #2 : g4 12}, {link #3 : g7 12},
7 : local 72, cpu 8 {link #0 : g4 24}, {link #1 : g1 24}, {link #2 : g6 12}, {link #3 : g5 12},
0 : local 72, cpu 8 {link #0 : g3 24}, {link #1 : g6 24}, {link #2 : g1 12}, {link #3 : g2 12},
1 : local 72, cpu 8 {link #0 : g7 24}, {link #1 : g2 24}, {link #2 : g3 12}, {link #3 : g0 12},
2 : local 72, cpu 8 {link #0 : g1 24}, {link #1 : g3 24}, {link #2 : g0 12}, {link #3 : g4 12},
3 : local 72, cpu 8 {link #0 : g2 24}, {link #1 : g0 24}, {link #2 : g5 12}, {link #3 : g1 12},
4 : local 72, cpu 8 {link #0 : g5 24}, {link #1 : g7 24}, {link #2 : g2 12}, {link #3 : g6 12},
5 : local 72, cpu 8 {link #0 : g6 24}, {link #1 : g4 24}, {link #2 : g7 12}, {link #3 : g3 12},
6 : local 72, cpu 8 {link #0 : g0 24}, {link #1 : g5 24}, {link #2 : g4 12}, {link #3 : g7 12},
7 : local 72, cpu 8 {link #0 : g4 24}, {link #1 : g1 24}, {link #2 : g6 12}, {link #3 : g5 12},
0 : local 72, cpu 8 {link #0 : g3 24}, {link #1 : g6 24}, {link #2 : g1 12}, {link #3 : g2 12},
1 : local 72, cpu 8 {link #0 : g7 24}, {link #1 : g2 24}, {link #2 : g3 12}, {link #3 : g0 12},
2 : local 72, cpu 8 {link #0 : g1 24}, {link #1 : g3 24}, {link #2 : g0 12}, {link #3 : g4 12},
3 : local 72, cpu 8 {link #0 : g2 24}, {link #1 : g0 24}, {link #2 : g5 12}, {link #3 : g1 12},
4 : local 72, cpu 8 {link #0 : g5 24}, {link #1 : g7 24}, {link #2 : g2 12}, {link #3 : g6 12},
5 : local 72, cpu 8 {link #0 : g6 24}, {link #1 : g4 24}, {link #2 : g7 12}, {link #3 : g3 12},
6 : local 72, cpu 8 {link #0 : g0 24}, {link #1 : g5 24}, {link #2 : g4 12}, {link #3 : g7 12},
7 : local 72, cpu 8 {link #0 : g4 24}, {link #1 : g1 24}, {link #2 : g6 12}, {link #3 : g5 12},
0 : local 72, cpu 8 {link #0 : g3 24}, {link #1 : g6 24}, {link #2 : g1 12}, {link #3 : g2 12},
1 : local 72, cpu 8 {link #0 : g7 24}, {link #1 : g2 24}, {link #2 : g3 12}, {link #3 : g0 12},
2 : local 72, cpu 8 {link #0 : g1 24}, {link #1 : g3 24}, {link #2 : g0 12}, {link #3 : g4 12},
3 : local 72, cpu 8 {link #0 : g2 24}, {link #1 : g0 24}, {link #2 : g5 12}, {link #3 : g1 12},
4 : local 72, cpu 8 {link #0 : g5 24}, {link #1 : g7 24}, {link #2 : g2 12}, {link #3 : g6 12},
5 : local 72, cpu 8 {link #0 : g6 24}, {link #1 : g4 24}, {link #2 : g7 12}, {link #3 : g3 12},
6 : local 72, cpu 8 {link #0 : g0 24}, {link #1 : g5 24}, {link #2 : g4 12}, {link #3 : g7 12},
7 : local 72, cpu 8 {link #0 : g4 24}, {link #1 : g1 24}, {link #2 : g6 12}, {link #3 : g5 12},
0 : local 72, cpu 8 {link #0 : g3 24}, {link #1 : g6 24}, {link #2 : g1 12}, {link #3 : g2 12},
1 : local 72, cpu 8 {link #0 : g7 24}, {link #1 : g2 24}, {link #2 : g3 12}, {link #3 : g0 12},
2 : local 72, cpu 8 {link #0 : g1 24}, {link #1 : g3 24}, {link #2 : g0 12}, {link #3 : g4 12},
3 : local 72, cpu 8 {link #0 : g2 24}, {link #1 : g0 24}, {link #2 : g5 12}, {link #3 : g1 12},
4 : local 72, cpu 8 {link #0 : g5 24}, {link #1 : g7 24}, {link #2 : g2 12}, {link #3 : g6 12},
5 : local 72, cpu 8 {link #0 : g6 24}, {link #1 : g4 24}, {link #2 : g7 12}, {link #3 : g3 12},
6 : local 72, cpu 8 {link #0 : g0 24}, {link #1 : g5 24}, {link #2 : g4 12}, {link #3 : g7 12},
7 : local 72, cpu 8 {link #0 : g4 24}, {link #1 : g1 24}, {link #2 : g6 12}, {link #3 : g5 12},
0 : local 72, cpu 8 {link #0 : g3 24}, {link #1 : g6 24}, {link #2 : g1 12}, {link #3 : g2 12},
1 : local 72, cpu 8 {link #0 : g7 24}, {link #1 : g2 24}, {link #2 : g3 12}, {link #3 : g0 12},
2 : local 72, cpu 8 {link #0 : g1 24}, {link #1 : g3 24}, {link #2 : g0 12}, {link #3 : g4 12},
3 : local 72, cpu 8 {link #0 : g2 24}, {link #1 : g0 24}, {link #2 : g5 12}, {link #3 : g1 12},
4 : local 72, cpu 8 {link #0 : g5 24}, {link #1 : g7 24}, {link #2 : g2 12}, {link #3 : g6 12},
5 : local 72, cpu 8 {link #0 : g6 24}, {link #1 : g4 24}, {link #2 : g7 12}, {link #3 : g3 12},
6 : local 72, cpu 8 {link #0 : g0 24}, {link #1 : g5 24}, {link #2 : g4 12}, {link #3 : g7 12},
7 : local 72, cpu 8 {link #0 : g4 24}, {link #1 : g1 24}, {link #2 : g6 12}, {link #3 : g5 12},
0 : local 72, cpu 8 {link #0 : g3 24}, {link #1 : g6 24}, {link #2 : g1 12}, {link #3 : g2 12},
1 : local 72, cpu 8 {link #0 : g7 24}, {link #1 : g2 24}, {link #2 : g3 12}, {link #3 : g0 12},
2 : local 72, cpu 8 {link #0 : g1 24}, {link #1 : g3 24}, {link #2 : g0 12}, {link #3 : g4 12},
3 : local 72, cpu 8 {link #0 : g2 24}, {link #1 : g0 24}, {link #2 : g5 12}, {link #3 : g1 12},
4 : local 72, cpu 8 {link #0 : g5 24}, {link #1 : g7 24}, {link #2 : g2 12}, {link #3 : g6 12},
5 : local 72, cpu 8 {link #0 : g6 24}, {link #1 : g4 24}, {link #2 : g7 12}, {link #3 : g3 12},
6 : local 72, cpu 8 {link #0 : g0 24}, {link #1 : g5 24}, {link #2 : g4 12}, {link #3 : g7 12},
7 : local 72, cpu 8 {link #0 : g4 24}, {link #1 : g1 24}, {link #2 : g6 12}, {link #3 : g5 12},
0 : local 72, cpu 8 {link #0 : g3 24}, {link #1 : g6 24}, {link #2 : g1 12}, {link #3 : g2 12},
1 : local 72, cpu 8 {link #0 : g7 24}, {link #1 : g2 24}, {link #2 : g3 12}, {link #3 : g0 12},
2 : local 72, cpu 8 {link #0 : g1 24}, {link #1 : g3 24}, {link #2 : g0 12}, {link #3 : g4 12},
3 : local 72, cpu 8 {link #0 : g2 24}, {link #1 : g0 24}, {link #2 : g5 12}, {link #3 : g1 12},
4 : local 72, cpu 8 {link #0 : g5 24}, {link #1 : g7 24}, {link #2 : g2 12}, {link #3 : g6 12},
5 : local 72, cpu 8 {link #0 : g6 24}, {link #1 : g4 24}, {link #2 : g7 12}, {link #3 : g3 12},
6 : local 72, cpu 8 {link #0 : g0 24}, {link #1 : g5 24}, {link #2 : g4 12}, {link #3 : g7 12},
7 : local 72, cpu 8 {link #0 : g4 24}, {link #1 : g1 24}, {link #2 : g6 12}, {link #3 : g5 12},
Set parameter WLSAccessID
Set parameter WLSSecret
Set parameter LicenseID
Set parameter TimeLimit to value 200
Set parameter MIPGap to value 0.05
Set parameter ScaleFlag to value 1
Set parameter DegenMoves to value 2
Set parameter Cuts to value 2
Set parameter LogFile to value "cppsolver.log"
Set parameter Threads to value 48
Academic license - for non-commercial use only - registered to xiaoniu.sxn@sjtu.edu.cn
Gurobi Optimizer version 9.5.2 build v9.5.2rc0 (linux64)
Thread count: 48 physical cores, 96 logical processors, using up to 48 threads
Academic license - for non-commercial use only - registered to xiaoniu.sxn@sjtu.edu.cn
Optimize a model with 92992 rows, 14441 columns and 233784 nonzeros
Model fingerprint: 0x9adaa3aa
Variable types: 9 continuous, 14432 integer (14432 binary)
Coefficient statistics:
  Matrix range     [5e-09, 5e+04]
  Objective range  [1e+00, 1e+00]
  Bounds range     [1e+00, 1e+00]
  RHS range        [1e+00, 7e+04]
Warning: Model contains large matrix coefficient range
         Consider reformulating model or setting NumericFocus parameter
         to avoid numerical issues.
Found heuristic solution: objective 364245.83390
Presolve removed 78862 rows and 7 columns
Presolve time: 0.23s
Presolved: 14130 rows, 14434 columns, 68675 nonzeros
Variable types: 1 continuous, 14433 integer (14432 binary)
Warning: Markowitz tolerance tightened to 0.03125

Root relaxation: objective 9.521761e+03, 23077 iterations, 4.21 seconds (4.86 work units)

    Nodes    |    Current Node    |     Objective Bounds      |     Work
 Expl Unexpl |  Obj  Depth IntInf | Incumbent    BestBd   Gap | It/Node Time

     0     0 9521.76144    0 5303 364245.834 9521.76144  97.4%     -    6s
H    0     0                    148562.78608 9521.76144  93.6%     -    6s
H    0     0                    147128.40774 9521.76144  93.5%     -    6s
H    0     0                    29023.903477 9521.76144  67.2%     -    6s
H    0     0                    24709.008997 9521.76144  61.5%     -    8s
H    0     0                    22696.049757 9884.89179  56.4%     -   13s
H    0     0                    21975.504238 9884.89179  55.0%     -   13s
H    0     0                    21867.981262 9884.89179  54.8%     -   13s
     0     0 9990.80791    0 3161 21867.9813 9990.80791  54.3%     -   13s
H    0     0                    21550.003007 9990.80791  53.6%     -   13s
H    0     0                    18858.029781 9990.80791  47.0%     -   13s
     0     0 10033.8479    0 2513 18858.0298 10033.8479  46.8%     -   14s
H    0     0                    18346.686534 10045.0372  45.2%     -   16s
H    0     0                    18132.021192 10045.0372  44.6%     -   16s
H    0     0                    14626.310925 10045.0372  31.3%     -   16s
H    0     0                    14601.264057 10045.0372  31.2%     -   16s
     0     0 10045.0372    0 2573 14601.2641 10045.0372  31.2%     -   16s
H    0     0                    13312.719755 10045.4143  24.5%     -   18s
H    0     0                    13026.609817 10045.4143  22.9%     -   18s
H    0     0                    12414.106611 10045.4143  19.1%     -   18s
H    0     0                    12020.228082 10045.4143  16.4%     -   18s
H    0     0                    11970.056960 10045.4143  16.1%     -   18s
H    0     0                    11841.121487 10045.4143  15.2%     -   18s
H    0     0                    11268.625578 10045.4143  10.9%     -   18s
     0     0 10045.4143    0 2733 11268.6256 10045.4143  10.9%     -   18s
     0     0 10045.4143    0 2726 11268.6256 10045.4143  10.9%     -   19s
H    0     0                    10874.448401 10152.4253  6.64%     -   22s
     0     0 10152.4253    0 1398 10874.4484 10152.4253  6.64%     -   22s
     0     0 10153.4503    0 1089 10874.4484 10153.4503  6.63%     -   23s
     0     0 10153.4503    0 1044 10874.4484 10153.4503  6.63%     -   23s
     0     0 10155.7370    0  595 10874.4484 10155.7370  6.61%     -   25s
H    0     0                    10327.709089 10155.7370  1.67%     -   27s

Cutting planes:
  Gomory: 117
  Lift-and-project: 100
  MIR: 24
  Flow cover: 9
  Zero half: 2178

Explored 1 nodes (71282 simplex iterations) in 27.08 seconds (24.74 work units)
Thread count was 48 (of 96 available processors)

Solution count 10: 10327.7 10874.4 11268.6 ... 14601.3

Optimal solution found (tolerance 5.00e-02)
Best objective 1.032770908920e+04, best bound 1.015573704335e+04, gap 1.6652%
coll_cache:optimal_local_rate=0.623435,0.625407,0.620076,0.620022,0.620741,0.621146,0.620684,0.620351,
coll_cache:optimal_remote_rate=0.37191,0.369938,0.375269,0.375323,0.374604,0.374199,0.374661,0.374993,
coll_cache:optimal_cpu_rate=0.00465525,0.00465525,0.00465525,0.00465525,0.00465525,0.00465525,0.00465525,0.00465525,
z=10327.7
test_result:init:feat_nbytes=56862697472
test_result:init:cache_nbytes=17115671552
test_result:init:feat_nbytes=56862697472
test_result:init:cache_nbytes=17115671552
test_result:init:feat_nbytes=56862697472
test_result:init:cache_nbytes=17115671552
test_result:init:feat_nbytes=56862697472
test_result:init:cache_nbytes=17115671552
test_result:init:feat_nbytes=56862697472
test_result:init:cache_nbytes=17115671552
test_result:init:feat_nbytes=56862697472
test_result:init:cache_nbytes=17115671552
test_result:init:feat_nbytes=56862697472
test_result:init:cache_nbytes=17115671552
test_result:init:feat_nbytes=56862697472
test_result:init:cache_nbytes=17115671552
    [Step(average) Profiler Level 1 E3 S999]
        L1  sample           0.007692 | send           0.000000
        L1  recv             0.000000 | copy           0.015512 | convert time 0.000000 | train  0.012766
        L1  feature nbytes    1.07 GB | label nbytes 0.00 Bytes
        L1  id nbytes      0.00 Bytes | graph nbytes 0.00 Bytes
        L1  miss nbytes       7.88 MB | remote nbytes  409.19 MB
        L1  num nodes               0 | num samples           0
        L1  seq duration     0.000000 | refresh duration   0.000000
    [Step(average) Profiler Level 2 E3 S999]
        L2  shuffle     0.000000 | core sample  0.000000 | id remap        0.000000
        L2  graph copy  0.000000 | id copy      0.000000 | cache feat copy 0.015512
        L2  last layer sample time 0.000000 | size 0.000000
    [Step(average) Profiler Level 3 E3 S999]
        L3  khop sample coo  0.000000 | khop sort coo      0.000000 | khop count edge     0.000000 | khop compact edge 0.000000
        L3  walk sample coo  0.000000 | walk topk total    0.000000 | walk topk step1     0.000000 | walk topk step2   0.000000
        L3  walk topk step3  0.000000 | walk topk step4    0.000000 | walk topk step5     0.000000
        L3  walk topk step6  0.000000 | walk topk step7    0.000000
        L3  remap unique     0.000000 | remap populate     0.000000 | remap mapnode       0.000000 | remap mapedge     0.000000
        L3  cache get_index  0.001901 | cache copy_index   0.000000 | cache extract_miss  0.000000
        L3  cache copy_miss  0.000000 | cache combine_miss 0.002901 | cache combine cache 0.001931 | cache combine remote 0.011620
        L3  label extract  0.000000
    [Profiler Level Percentiles E3 S999]
        p50.00_tail_logl2featcopy=0.015510
        p90.00_tail_logl2featcopy=0.016440
        p95.00_tail_logl2featcopy=0.016526
        p99.00_tail_logl2featcopy=0.016779
        p99.90_tail_logl2featcopy=0.029166
[CUDA] cuda: usage: 29.04 GB
config:eval_tsp="2023-04-14 08:09:45"
config:num_worker=8
config:num_intra_size=4
config:root_dir=/nvme/songxiaoniu/graph-learning/wholegraph
config:graph_name=ogbn-papers100M
config:epochs=4
config:batchsize=4000
config:skip_epoch=2
config:local_step=125
config:presc_epoch=2
config:neighbors=10,25
config:hiddensize=256
config:num_layer=2
config:model=sage
config:framework=dgl
config:dataloaderworkers=0
config:dropout=0.5
config:lr=0.003
config:use_nccl=False
config:use_amp=True
config:use_collcache=True
config:cache_percentage=0.3
config:cache_policy=coll_cache_asymm_link
config:omp_thread_num=48
config:unsupervised=True
config:classnum=172
config:global_barrier=<multiprocessing.synchronize.Barrier object at 0x7f06996f3400>
config:worker_id=0
creating_intra_node_communicator root=0, local_size=4, world_size=8
Rank=0, Graph loaded.
!!!!dist_homo_graph enumerate latency per epoch: 0.006896, per step: 0.000055
epoch=4 total_steps=500
presamping
presamping takes 21.987595081329346
start training...
[Epoch 0], time=6.232306241989136, loss=0.6931472420692444
[Epoch 1], time=4.502876281738281, loss=0.6931472420692444
[Epoch 2], time=4.50311803817749, loss=0.6931472420692444
[Epoch 3], time=4.507347822189331, loss=0.6931472420692444
|===========================================================================|
|                  PyTorch CUDA memory summary, device ID 0                 |
|---------------------------------------------------------------------------|
|            CUDA OOMs: 0            |        cudaMalloc retries: 0         |
|===========================================================================|
|        Metric         | Cur Usage  | Peak Usage | Tot Alloc  | Tot Freed  |
|---------------------------------------------------------------------------|
| Allocated memory      |  141717 KB |     789 MB |    1206 GB |    1206 GB |
|       from large pool |  131582 KB |     780 MB |    1193 GB |    1193 GB |
|       from small pool |   10135 KB |      14 MB |      13 GB |      13 GB |
|---------------------------------------------------------------------------|
| Active memory         |  141717 KB |     789 MB |    1206 GB |    1206 GB |
|       from large pool |  131582 KB |     780 MB |    1193 GB |    1193 GB |
|       from small pool |   10135 KB |      14 MB |      13 GB |      13 GB |
|---------------------------------------------------------------------------|
| GPU reserved memory   |    2456 MB |    2456 MB |    2456 MB |       0 B  |
|       from large pool |    2436 MB |    2436 MB |    2436 MB |       0 B  |
|       from small pool |      20 MB |      20 MB |      20 MB |       0 B  |
|---------------------------------------------------------------------------|
| Non-releasable memory |   63083 KB |     891 MB |    1263 GB |    1263 GB |
|       from large pool |   56834 KB |     886 MB |    1249 GB |    1249 GB |
|       from small pool |    6249 KB |       9 MB |      13 GB |      13 GB |
|---------------------------------------------------------------------------|
| Allocations           |      58    |      74    |  102444    |  102386    |
|       from large pool |      11    |      21    |   32274    |   32263    |
|       from small pool |      47    |      58    |   70170    |   70123    |
|---------------------------------------------------------------------------|
| Active allocs         |      58    |      74    |  102444    |  102386    |
|       from large pool |      11    |      21    |   32274    |   32263    |
|       from small pool |      47    |      58    |   70170    |   70123    |
|---------------------------------------------------------------------------|
| GPU reserved segments |      26    |      26    |      26    |       0    |
|       from large pool |      16    |      16    |      16    |       0    |
|       from small pool |      10    |      10    |      10    |       0    |
|---------------------------------------------------------------------------|
| Non-releasable allocs |      26    |      42    |   33269    |   33243    |
|       from large pool |       8    |      17    |   16272    |   16264    |
|       from small pool |      18    |      29    |   16997    |   16979    |
|---------------------------------------------------------------------------|
| Oversize allocations  |       0    |       0    |       0    |       0    |
|---------------------------------------------------------------------------|
| Oversize GPU segments |       0    |       0    |       0    |       0    |
|===========================================================================|

[TRAIN_TIME] train time is 19.747276 seconds
[EPOCH_TIME] 4.936819 seconds, maybe large due to not enough epoch skipped.
[EPOCH_TIME] 4.505485 seconds
Rank=1, Graph loaded.
!!!!dist_homo_graph enumerate latency per epoch: 0.012194, per step: 0.000098
presamping
presamping takes 22.006911993026733
Rank=3, Graph loaded.
!!!!dist_homo_graph enumerate latency per epoch: 0.013284, per step: 0.000106
presamping
presamping takes 22.17998456954956
Rank=6, Graph loaded.
!!!!dist_homo_graph enumerate latency per epoch: 0.006151, per step: 0.000049
presamping
presamping takes 20.060172080993652
Rank=5, Graph loaded.
!!!!dist_homo_graph enumerate latency per epoch: 0.005818, per step: 0.000047
presamping
presamping takes 22.556375980377197
Rank=7, Graph loaded.
!!!!dist_homo_graph enumerate latency per epoch: 0.005797, per step: 0.000046
presamping
presamping takes 19.199580669403076
creating_intra_node_communicator root=4, local_size=4, world_size=8
Rank=4, Graph loaded.
!!!!dist_homo_graph enumerate latency per epoch: 0.007337, per step: 0.000059
presamping
presamping takes 22.748822450637817
Rank=2, Graph loaded.
!!!!dist_homo_graph enumerate latency per epoch: 0.006872, per step: 0.000055
presamping
presamping takes 22.61206293106079

