/usr/lib/python3/dist-packages/requests/__init__.py:89: RequestsDependencyWarning: urllib3 (1.26.12) or chardet (3.0.4) doesn't match a supported version!
  warnings.warn("urllib3 ({}) or chardet ({}) doesn't match a supported "
[W socket.cpp:601] [c10d] The client socket has failed to connect to [localhost]:12335 (errno: 99 - Cannot assign requested address).
[W socket.cpp:601] [c10d] The client socket has failed to connect to [localhost]:12335 (errno: 99 - Cannot assign requested address).
[W socket.cpp:601] [c10d] The client socket has failed to connect to [localhost]:12335 (errno: 99 - Cannot assign requested address).
[W socket.cpp:601] [c10d] The client socket has failed to connect to [localhost]:12335 (errno: 99 - Cannot assign requested address).
[W socket.cpp:601] [c10d] The client socket has failed to connect to [localhost]:12335 (errno: 99 - Cannot assign requested address).
[W socket.cpp:601] [c10d] The client socket has failed to connect to [localhost]:12335 (errno: 99 - Cannot assign requested address).
[W socket.cpp:601] [c10d] The client socket has failed to connect to [localhost]:12335 (errno: 99 - Cannot assign requested address).
Rank=1 done reading 16402092 embedding vectors from file /nvme/songxiaoniu/graph-learning/wholegraph/com_friendster/converted/homograph_csr_row_ptr
Rank=3 done reading 16402091 embedding vectors from file /nvme/songxiaoniu/graph-learning/wholegraph/com_friendster/converted/homograph_csr_row_ptr
Rank=0 done reading 16402092 embedding vectors from file /nvme/songxiaoniu/graph-learning/wholegraph/com_friendster/converted/homograph_csr_row_ptr
Rank=2 done reading 16402092 embedding vectors from file /nvme/songxiaoniu/graph-learning/wholegraph/com_friendster/converted/homograph_csr_row_ptr
Rank=2 done reading 16402092 embedding vectors from file /nvme/songxiaoniu/graph-learning/wholegraph/com_friendster/converted/homograph_csr_row_ptr
Rank=3 done reading 16402091 embedding vectors from file /nvme/songxiaoniu/graph-learning/wholegraph/com_friendster/converted/homograph_csr_row_ptr
Rank=0 done reading 16402092 embedding vectors from file /nvme/songxiaoniu/graph-learning/wholegraph/com_friendster/converted/homograph_csr_row_ptr
Rank=1 done reading 16402092 embedding vectors from file /nvme/songxiaoniu/graph-learning/wholegraph/com_friendster/converted/homograph_csr_row_ptr
Rank=3 done reading 903033566 embedding vectors from file /nvme/songxiaoniu/graph-learning/wholegraph/com_friendster/converted/homograph_csr_col_idx
Rank=2 done reading 903033568 embedding vectors from file /nvme/songxiaoniu/graph-learning/wholegraph/com_friendster/converted/homograph_csr_col_idx
Rank=0 done reading 903033568 embedding vectors from file /nvme/songxiaoniu/graph-learning/wholegraph/com_friendster/converted/homograph_csr_col_idx
Rank=1 done reading 903033568 embedding vectors from file /nvme/songxiaoniu/graph-learning/wholegraph/com_friendster/converted/homograph_csr_col_idx
Rank=2 done reading 903033568 embedding vectors from file /nvme/songxiaoniu/graph-learning/wholegraph/com_friendster/converted/homograph_csr_col_idx
Rank=3 done reading 903033566 embedding vectors from file /nvme/songxiaoniu/graph-learning/wholegraph/com_friendster/converted/homograph_csr_col_idx
Rank=0 done reading 903033568 embedding vectors from file /nvme/songxiaoniu/graph-learning/wholegraph/com_friendster/converted/homograph_csr_col_idx
Rank=1 done reading 903033568 embedding vectors from file /nvme/songxiaoniu/graph-learning/wholegraph/com_friendster/converted/homograph_csr_col_idx
[2023-04-15 07:07:11.945990: E /samgraph/3rdparty/collcachelib/coll_cache_lib/freq_recorder.cc:337] bulk append 1645260 into 0
[2023-04-15 07:07:11.954067: E /samgraph/3rdparty/collcachelib/coll_cache_lib/freq_recorder.cc:347] bulk append 3567850
[2023-04-15 07:07:11.954506: E /samgraph/3rdparty/collcachelib/coll_cache_lib/freq_recorder.cc:337] bulk append 1646337 into 1645260
[2023-04-15 07:07:11.962565: E /samgraph/3rdparty/collcachelib/coll_cache_lib/freq_recorder.cc:347] bulk append 3561083
[2023-04-15 07:07:11.963007: E /samgraph/3rdparty/collcachelib/coll_cache_lib/freq_recorder.cc:337] bulk append 1643795 into 3291597
[2023-04-15 07:07:11.971093: E /samgraph/3rdparty/collcachelib/coll_cache_lib/freq_recorder.cc:347] bulk append 3555092
[2023-04-15 07:07:11.971533: E /samgraph/3rdparty/collcachelib/coll_cache_lib/freq_recorder.cc:337] bulk append 1643087 into 4935392
[2023-04-15 07:07:11.979531: E /samgraph/3rdparty/collcachelib/coll_cache_lib/freq_recorder.cc:347] bulk append 3553351
[2023-04-15 07:07:11.979967: E /samgraph/3rdparty/collcachelib/coll_cache_lib/freq_recorder.cc:337] bulk append 1646381 into 6578479
[2023-04-15 07:07:11.987981: E /samgraph/3rdparty/collcachelib/coll_cache_lib/freq_recorder.cc:347] bulk append 3562404
[2023-04-15 07:07:11.988425: E /samgraph/3rdparty/collcachelib/coll_cache_lib/freq_recorder.cc:337] bulk append 1643617 into 8224860
[2023-04-15 07:07:11.996415: E /samgraph/3rdparty/collcachelib/coll_cache_lib/freq_recorder.cc:347] bulk append 3555458
[2023-04-15 07:07:11.996850: E /samgraph/3rdparty/collcachelib/coll_cache_lib/freq_recorder.cc:337] bulk append 1643955 into 9868477
[2023-04-15 07:07:12.  4880: E /samgraph/3rdparty/collcachelib/coll_cache_lib/freq_recorder.cc:347] bulk append 3560461
[2023-04-15 07:07:12.  5333: E /samgraph/3rdparty/collcachelib/coll_cache_lib/freq_recorder.cc:337] bulk append 1647378 into 11512432
[2023-04-15 07:07:12. 13342: E /samgraph/3rdparty/collcachelib/coll_cache_lib/freq_recorder.cc:347] bulk append 3565848
[2023-04-15 07:07:12. 13778: E /samgraph/3rdparty/collcachelib/coll_cache_lib/freq_recorder.cc:337] bulk append 1645337 into 13159810
[2023-04-15 07:07:12. 21826: E /samgraph/3rdparty/collcachelib/coll_cache_lib/freq_recorder.cc:347] bulk append 3562061
[2023-04-15 07:07:12. 22268: E /samgraph/3rdparty/collcachelib/coll_cache_lib/freq_recorder.cc:337] bulk append 1645706 into 14805147
[2023-04-15 07:07:12. 30321: E /samgraph/3rdparty/collcachelib/coll_cache_lib/freq_recorder.cc:347] bulk append 3566659
[2023-04-15 07:07:12. 30789: E /samgraph/3rdparty/collcachelib/coll_cache_lib/freq_recorder.cc:337] bulk append 1644515 into 16450853
[2023-04-15 07:07:12. 38827: E /samgraph/3rdparty/collcachelib/coll_cache_lib/freq_recorder.cc:347] bulk append 3562713
[2023-04-15 07:07:12. 39273: E /samgraph/3rdparty/collcachelib/coll_cache_lib/freq_recorder.cc:337] bulk append 1644093 into 18095368
[2023-04-15 07:07:12. 47264: E /samgraph/3rdparty/collcachelib/coll_cache_lib/freq_recorder.cc:347] bulk append 3557184
[2023-04-15 07:07:12. 47699: E /samgraph/3rdparty/collcachelib/coll_cache_lib/freq_recorder.cc:337] bulk append 1644329 into 19739461
[2023-04-15 07:07:12. 55697: E /samgraph/3rdparty/collcachelib/coll_cache_lib/freq_recorder.cc:347] bulk append 3558589
[2023-04-15 07:07:12. 56140: E /samgraph/3rdparty/collcachelib/coll_cache_lib/freq_recorder.cc:337] bulk append 1646049 into 21383790
[2023-04-15 07:07:12. 64186: E /samgraph/3rdparty/collcachelib/coll_cache_lib/freq_recorder.cc:347] bulk append 3559474
[2023-04-15 07:07:12. 64623: E /samgraph/3rdparty/collcachelib/coll_cache_lib/freq_recorder.cc:337] bulk append 1644467 into 23029839
[2023-04-15 07:07:12. 72666: E /samgraph/3rdparty/collcachelib/coll_cache_lib/freq_recorder.cc:347] bulk append 3555887
[2023-04-15 07:07:12. 73117: E /samgraph/3rdparty/collcachelib/coll_cache_lib/freq_recorder.cc:337] bulk append 1643974 into 24674306
[2023-04-15 07:07:12. 81171: E /samgraph/3rdparty/collcachelib/coll_cache_lib/freq_recorder.cc:347] bulk append 3559589
[2023-04-15 07:07:12. 81607: E /samgraph/3rdparty/collcachelib/coll_cache_lib/freq_recorder.cc:337] bulk append 1646061 into 26318280
[2023-04-15 07:07:12. 89644: E /samgraph/3rdparty/collcachelib/coll_cache_lib/freq_recorder.cc:347] bulk append 3561939
[2023-04-15 07:07:12. 90086: E /samgraph/3rdparty/collcachelib/coll_cache_lib/freq_recorder.cc:337] bulk append 1646425 into 27964341
[2023-04-15 07:07:12. 98115: E /samgraph/3rdparty/collcachelib/coll_cache_lib/freq_recorder.cc:347] bulk append 3564481
[2023-04-15 07:07:12. 98556: E /samgraph/3rdparty/collcachelib/coll_cache_lib/freq_recorder.cc:337] bulk append 1644832 into 29610766
[2023-04-15 07:07:12.106613: E /samgraph/3rdparty/collcachelib/coll_cache_lib/freq_recorder.cc:347] bulk append 3563980
[2023-04-15 07:07:12.107056: E /samgraph/3rdparty/collcachelib/coll_cache_lib/freq_recorder.cc:337] bulk append 1644377 into 31255598
[2023-04-15 07:07:12.115042: E /samgraph/3rdparty/collcachelib/coll_cache_lib/freq_recorder.cc:347] bulk append 3564940
[2023-04-15 07:07:12.115499: E /samgraph/3rdparty/collcachelib/coll_cache_lib/freq_recorder.cc:337] bulk append 1644192 into 32899975
[2023-04-15 07:07:12.123525: E /samgraph/3rdparty/collcachelib/coll_cache_lib/freq_recorder.cc:347] bulk append 3561526
[2023-04-15 07:07:12.123969: E /samgraph/3rdparty/collcachelib/coll_cache_lib/freq_recorder.cc:337] bulk append 1644550 into 34544167
[2023-04-15 07:07:12.131975: E /samgraph/3rdparty/collcachelib/coll_cache_lib/freq_recorder.cc:347] bulk append 3556817
[2023-04-15 07:07:12.132422: E /samgraph/3rdparty/collcachelib/coll_cache_lib/freq_recorder.cc:337] bulk append 1643695 into 36188717
[2023-04-15 07:07:12.140408: E /samgraph/3rdparty/collcachelib/coll_cache_lib/freq_recorder.cc:347] bulk append 3555742
[2023-04-15 07:07:12.140849: E /samgraph/3rdparty/collcachelib/coll_cache_lib/freq_recorder.cc:337] bulk append 1643538 into 37832412
[2023-04-15 07:07:12.148843: E /samgraph/3rdparty/collcachelib/coll_cache_lib/freq_recorder.cc:347] bulk append 3555503
[2023-04-15 07:07:12.149300: E /samgraph/3rdparty/collcachelib/coll_cache_lib/freq_recorder.cc:337] bulk append 1645889 into 39475950
[2023-04-15 07:07:12.157311: E /samgraph/3rdparty/collcachelib/coll_cache_lib/freq_recorder.cc:347] bulk append 3559473
[2023-04-15 07:07:12.157750: E /samgraph/3rdparty/collcachelib/coll_cache_lib/freq_recorder.cc:337] bulk append 1644751 into 41121839
[2023-04-15 07:07:12.165802: E /samgraph/3rdparty/collcachelib/coll_cache_lib/freq_recorder.cc:347] bulk append 3558421
[2023-04-15 07:07:12.166249: E /samgraph/3rdparty/collcachelib/coll_cache_lib/freq_recorder.cc:337] bulk append 1643337 into 42766590
[2023-04-15 07:07:12.174239: E /samgraph/3rdparty/collcachelib/coll_cache_lib/freq_recorder.cc:347] bulk append 3557762
[2023-04-15 07:07:12.174679: E /samgraph/3rdparty/collcachelib/coll_cache_lib/freq_recorder.cc:337] bulk append 1646068 into 44409927
[2023-04-15 07:07:12.182761: E /samgraph/3rdparty/collcachelib/coll_cache_lib/freq_recorder.cc:347] bulk append 3565109
[2023-04-15 07:07:12.183208: E /samgraph/3rdparty/collcachelib/coll_cache_lib/freq_recorder.cc:337] bulk append 1644488 into 46055995
[2023-04-15 07:07:12.191257: E /samgraph/3rdparty/collcachelib/coll_cache_lib/freq_recorder.cc:347] bulk append 3559754
[2023-04-15 07:07:12.191695: E /samgraph/3rdparty/collcachelib/coll_cache_lib/freq_recorder.cc:337] bulk append 1645194 into 47700483
[2023-04-15 07:07:12.199704: E /samgraph/3rdparty/collcachelib/coll_cache_lib/freq_recorder.cc:347] bulk append 3564368
[2023-04-15 07:07:12.200159: E /samgraph/3rdparty/collcachelib/coll_cache_lib/freq_recorder.cc:337] bulk append 1645611 into 49345677
[2023-04-15 07:07:12.208182: E /samgraph/3rdparty/collcachelib/coll_cache_lib/freq_recorder.cc:347] bulk append 3565112
[2023-04-15 07:07:12.208621: E /samgraph/3rdparty/collcachelib/coll_cache_lib/freq_recorder.cc:337] bulk append 1645991 into 50991288
[2023-04-15 07:07:12.216625: E /samgraph/3rdparty/collcachelib/coll_cache_lib/freq_recorder.cc:347] bulk append 3561352
[2023-04-15 07:07:12.217081: E /samgraph/3rdparty/collcachelib/coll_cache_lib/freq_recorder.cc:337] bulk append 1642887 into 52637279
[2023-04-15 07:07:12.225135: E /samgraph/3rdparty/collcachelib/coll_cache_lib/freq_recorder.cc:347] bulk append 3553918
[2023-04-15 07:07:12.225574: E /samgraph/3rdparty/collcachelib/coll_cache_lib/freq_recorder.cc:337] bulk append 1643123 into 54280166
[2023-04-15 07:07:12.233613: E /samgraph/3rdparty/collcachelib/coll_cache_lib/freq_recorder.cc:347] bulk append 3555921
[2023-04-15 07:07:12.234054: E /samgraph/3rdparty/collcachelib/coll_cache_lib/freq_recorder.cc:337] bulk append 1644192 into 55923289
[2023-04-15 07:07:12.242094: E /samgraph/3rdparty/collcachelib/coll_cache_lib/freq_recorder.cc:347] bulk append 3560871
[2023-04-15 07:07:12.242534: E /samgraph/3rdparty/collcachelib/coll_cache_lib/freq_recorder.cc:337] bulk append 1643394 into 57567481
[2023-04-15 07:07:12.250564: E /samgraph/3rdparty/collcachelib/coll_cache_lib/freq_recorder.cc:347] bulk append 3557464
[2023-04-15 07:07:12.251000: E /samgraph/3rdparty/collcachelib/coll_cache_lib/freq_recorder.cc:337] bulk append 1645297 into 59210875
[2023-04-15 07:07:12.258989: E /samgraph/3rdparty/collcachelib/coll_cache_lib/freq_recorder.cc:347] bulk append 3561993
[2023-04-15 07:07:12.259432: E /samgraph/3rdparty/collcachelib/coll_cache_lib/freq_recorder.cc:337] bulk append 1647128 into 60856172
[2023-04-15 07:07:12.267486: E /samgraph/3rdparty/collcachelib/coll_cache_lib/freq_recorder.cc:347] bulk append 3566049
[2023-04-15 07:07:12.267923: E /samgraph/3rdparty/collcachelib/coll_cache_lib/freq_recorder.cc:337] bulk append 1643733 into 62503300
[2023-04-15 07:07:12.275905: E /samgraph/3rdparty/collcachelib/coll_cache_lib/freq_recorder.cc:347] bulk append 3560774
[2023-04-15 07:07:12.276348: E /samgraph/3rdparty/collcachelib/coll_cache_lib/freq_recorder.cc:337] bulk append 1645203 into 64147033
[2023-04-15 07:07:12.284332: E /samgraph/3rdparty/collcachelib/coll_cache_lib/freq_recorder.cc:347] bulk append 3564225
[2023-04-15 07:07:12.284780: E /samgraph/3rdparty/collcachelib/coll_cache_lib/freq_recorder.cc:337] bulk append 1649713 into 65792236
[2023-04-15 07:07:12.292848: E /samgraph/3rdparty/collcachelib/coll_cache_lib/freq_recorder.cc:347] bulk append 3579787
[2023-04-15 07:07:12.293306: E /samgraph/3rdparty/collcachelib/coll_cache_lib/freq_recorder.cc:337] bulk append 1648206 into 67441949
[2023-04-15 07:07:12.301365: E /samgraph/3rdparty/collcachelib/coll_cache_lib/freq_recorder.cc:347] bulk append 3573840
[2023-04-15 07:07:12.301798: E /samgraph/3rdparty/collcachelib/coll_cache_lib/freq_recorder.cc:337] bulk append 1648553 into 69090155
[2023-04-15 07:07:12.309805: E /samgraph/3rdparty/collcachelib/coll_cache_lib/freq_recorder.cc:347] bulk append 3573509
[2023-04-15 07:07:12.310249: E /samgraph/3rdparty/collcachelib/coll_cache_lib/freq_recorder.cc:337] bulk append 1647159 into 70738708
[2023-04-15 07:07:12.318301: E /samgraph/3rdparty/collcachelib/coll_cache_lib/freq_recorder.cc:347] bulk append 3573728
[2023-04-15 07:07:12.318733: E /samgraph/3rdparty/collcachelib/coll_cache_lib/freq_recorder.cc:337] bulk append 1648089 into 72385867
[2023-04-15 07:07:12.326740: E /samgraph/3rdparty/collcachelib/coll_cache_lib/freq_recorder.cc:347] bulk append 3574944
[2023-04-15 07:07:12.327183: E /samgraph/3rdparty/collcachelib/coll_cache_lib/freq_recorder.cc:337] bulk append 1645985 into 74033956
[2023-04-15 07:07:12.335233: E /samgraph/3rdparty/collcachelib/coll_cache_lib/freq_recorder.cc:347] bulk append 3572346
[2023-04-15 07:07:12.335672: E /samgraph/3rdparty/collcachelib/coll_cache_lib/freq_recorder.cc:337] bulk append 1648229 into 75679941
[2023-04-15 07:07:12.343719: E /samgraph/3rdparty/collcachelib/coll_cache_lib/freq_recorder.cc:347] bulk append 3576236
[2023-04-15 07:07:12.344160: E /samgraph/3rdparty/collcachelib/coll_cache_lib/freq_recorder.cc:337] bulk append 1649639 into 77328170
[2023-04-15 07:07:12.352265: E /samgraph/3rdparty/collcachelib/coll_cache_lib/freq_recorder.cc:347] bulk append 3580201
[2023-04-15 07:07:12.352698: E /samgraph/3rdparty/collcachelib/coll_cache_lib/freq_recorder.cc:337] bulk append 1648368 into 78977809
[2023-04-15 07:07:12.360712: E /samgraph/3rdparty/collcachelib/coll_cache_lib/freq_recorder.cc:347] bulk append 3577032
[2023-04-15 07:07:12.361161: E /samgraph/3rdparty/collcachelib/coll_cache_lib/freq_recorder.cc:337] bulk append 1647213 into 80626177
[2023-04-15 07:07:12.369160: E /samgraph/3rdparty/collcachelib/coll_cache_lib/freq_recorder.cc:347] bulk append 3580935
[2023-04-15 07:07:12.369604: E /samgraph/3rdparty/collcachelib/coll_cache_lib/freq_recorder.cc:337] bulk append 1648972 into 82273390
[2023-04-15 07:07:12.377632: E /samgraph/3rdparty/collcachelib/coll_cache_lib/freq_recorder.cc:347] bulk append 3577713
[2023-04-15 07:07:12.378085: E /samgraph/3rdparty/collcachelib/coll_cache_lib/freq_recorder.cc:337] bulk append 1648487 into 83922362
[2023-04-15 07:07:12.386088: E /samgraph/3rdparty/collcachelib/coll_cache_lib/freq_recorder.cc:347] bulk append 3571826
[2023-04-15 07:07:12.386522: E /samgraph/3rdparty/collcachelib/coll_cache_lib/freq_recorder.cc:337] bulk append 1648044 into 85570849
[2023-04-15 07:07:12.394518: E /samgraph/3rdparty/collcachelib/coll_cache_lib/freq_recorder.cc:347] bulk append 3571362
[2023-04-15 07:07:12.394953: E /samgraph/3rdparty/collcachelib/coll_cache_lib/freq_recorder.cc:337] bulk append 1646911 into 87218893
[2023-04-15 07:07:12.402992: E /samgraph/3rdparty/collcachelib/coll_cache_lib/freq_recorder.cc:347] bulk append 3570992
[2023-04-15 07:07:12.403434: E /samgraph/3rdparty/collcachelib/coll_cache_lib/freq_recorder.cc:337] bulk append 1650075 into 88865804
[2023-04-15 07:07:12.411482: E /samgraph/3rdparty/collcachelib/coll_cache_lib/freq_recorder.cc:347] bulk append 3577530
[2023-04-15 07:07:12.411918: E /samgraph/3rdparty/collcachelib/coll_cache_lib/freq_recorder.cc:337] bulk append 1647837 into 90515879
[2023-04-15 07:07:12.419919: E /samgraph/3rdparty/collcachelib/coll_cache_lib/freq_recorder.cc:347] bulk append 3569705
[2023-04-15 07:07:12.420360: E /samgraph/3rdparty/collcachelib/coll_cache_lib/freq_recorder.cc:337] bulk append 1647975 into 92163716
[2023-04-15 07:07:12.428369: E /samgraph/3rdparty/collcachelib/coll_cache_lib/freq_recorder.cc:347] bulk append 3570043
[2023-04-15 07:07:12.428804: E /samgraph/3rdparty/collcachelib/coll_cache_lib/freq_recorder.cc:337] bulk append 1650313 into 93811691
[2023-04-15 07:07:12.436808: E /samgraph/3rdparty/collcachelib/coll_cache_lib/freq_recorder.cc:347] bulk append 3577900
[2023-04-15 07:07:12.437257: E /samgraph/3rdparty/collcachelib/coll_cache_lib/freq_recorder.cc:337] bulk append 1648437 into 95462004
[2023-04-15 07:07:12.445261: E /samgraph/3rdparty/collcachelib/coll_cache_lib/freq_recorder.cc:347] bulk append 3575156
[2023-04-15 07:07:12.445693: E /samgraph/3rdparty/collcachelib/coll_cache_lib/freq_recorder.cc:337] bulk append 1648056 into 97110441
[2023-04-15 07:07:12.453747: E /samgraph/3rdparty/collcachelib/coll_cache_lib/freq_recorder.cc:347] bulk append 3575244
[2023-04-15 07:07:12.454198: E /samgraph/3rdparty/collcachelib/coll_cache_lib/freq_recorder.cc:337] bulk append 1649372 into 98758497
[2023-04-15 07:07:12.462235: E /samgraph/3rdparty/collcachelib/coll_cache_lib/freq_recorder.cc:347] bulk append 3581355
[2023-04-15 07:07:12.462671: E /samgraph/3rdparty/collcachelib/coll_cache_lib/freq_recorder.cc:337] bulk append 1650126 into 100407869
[2023-04-15 07:07:12.470678: E /samgraph/3rdparty/collcachelib/coll_cache_lib/freq_recorder.cc:347] bulk append 3578266
[2023-04-15 07:07:12.471124: E /samgraph/3rdparty/collcachelib/coll_cache_lib/freq_recorder.cc:337] bulk append 1648546 into 102057995
[2023-04-15 07:07:12.479120: E /samgraph/3rdparty/collcachelib/coll_cache_lib/freq_recorder.cc:347] bulk append 3574492
[2023-04-15 07:07:12.479561: E /samgraph/3rdparty/collcachelib/coll_cache_lib/freq_recorder.cc:337] bulk append 1651057 into 103706541
[2023-04-15 07:07:12.487605: E /samgraph/3rdparty/collcachelib/coll_cache_lib/freq_recorder.cc:347] bulk append 3581167
[2023-04-15 07:07:12.488049: E /samgraph/3rdparty/collcachelib/coll_cache_lib/freq_recorder.cc:337] bulk append 1650923 into 105357598
[2023-04-15 07:07:12.496096: E /samgraph/3rdparty/collcachelib/coll_cache_lib/freq_recorder.cc:347] bulk append 3580936
[2023-04-15 07:07:12.496530: E /samgraph/3rdparty/collcachelib/coll_cache_lib/freq_recorder.cc:337] bulk append 1649094 into 107008521
[2023-04-15 07:07:12.504571: E /samgraph/3rdparty/collcachelib/coll_cache_lib/freq_recorder.cc:347] bulk append 3577421
[2023-04-15 07:07:12.505016: E /samgraph/3rdparty/collcachelib/coll_cache_lib/freq_recorder.cc:337] bulk append 1650811 into 108657615
[2023-04-15 07:07:12.513012: E /samgraph/3rdparty/collcachelib/coll_cache_lib/freq_recorder.cc:347] bulk append 3582485
[2023-04-15 07:07:12.513464: E /samgraph/3rdparty/collcachelib/coll_cache_lib/freq_recorder.cc:337] bulk append 1649590 into 110308426
[2023-04-15 07:07:12.521466: E /samgraph/3rdparty/collcachelib/coll_cache_lib/freq_recorder.cc:347] bulk append 3580485
[2023-04-15 07:07:12.521903: E /samgraph/3rdparty/collcachelib/coll_cache_lib/freq_recorder.cc:337] bulk append 1650675 into 111958016
[2023-04-15 07:07:12.529906: E /samgraph/3rdparty/collcachelib/coll_cache_lib/freq_recorder.cc:347] bulk append 3583825
[2023-04-15 07:07:12.530348: E /samgraph/3rdparty/collcachelib/coll_cache_lib/freq_recorder.cc:337] bulk append 1650697 into 113608691
[2023-04-15 07:07:12.538391: E /samgraph/3rdparty/collcachelib/coll_cache_lib/freq_recorder.cc:347] bulk append 3582440
[2023-04-15 07:07:12.538848: E /samgraph/3rdparty/collcachelib/coll_cache_lib/freq_recorder.cc:337] bulk append 1646572 into 115259388
[2023-04-15 07:07:12.546965: E /samgraph/3rdparty/collcachelib/coll_cache_lib/freq_recorder.cc:347] bulk append 3568492
[2023-04-15 07:07:12.547396: E /samgraph/3rdparty/collcachelib/coll_cache_lib/freq_recorder.cc:337] bulk append 1644673 into 116905960
[2023-04-15 07:07:12.555457: E /samgraph/3rdparty/collcachelib/coll_cache_lib/freq_recorder.cc:347] bulk append 3558980
[2023-04-15 07:07:12.555868: E /samgraph/3rdparty/collcachelib/coll_cache_lib/freq_recorder.cc:337] bulk append 1644681 into 118550633
[2023-04-15 07:07:12.563931: E /samgraph/3rdparty/collcachelib/coll_cache_lib/freq_recorder.cc:347] bulk append 3561943
[2023-04-15 07:07:12.564345: E /samgraph/3rdparty/collcachelib/coll_cache_lib/freq_recorder.cc:337] bulk append 1643064 into 120195314
[2023-04-15 07:07:12.572393: E /samgraph/3rdparty/collcachelib/coll_cache_lib/freq_recorder.cc:347] bulk append 3559029
[2023-04-15 07:07:12.572802: E /samgraph/3rdparty/collcachelib/coll_cache_lib/freq_recorder.cc:337] bulk append 1645015 into 121838378
[2023-04-15 07:07:12.580860: E /samgraph/3rdparty/collcachelib/coll_cache_lib/freq_recorder.cc:347] bulk append 3563007
[2023-04-15 07:07:12.581284: E /samgraph/3rdparty/collcachelib/coll_cache_lib/freq_recorder.cc:337] bulk append 1643157 into 123483393
[2023-04-15 07:07:12.589351: E /samgraph/3rdparty/collcachelib/coll_cache_lib/freq_recorder.cc:347] bulk append 3559112
[2023-04-15 07:07:12.589757: E /samgraph/3rdparty/collcachelib/coll_cache_lib/freq_recorder.cc:337] bulk append 1644414 into 125126550
[2023-04-15 07:07:12.597811: E /samgraph/3rdparty/collcachelib/coll_cache_lib/freq_recorder.cc:347] bulk append 3561451
[2023-04-15 07:07:12.598215: E /samgraph/3rdparty/collcachelib/coll_cache_lib/freq_recorder.cc:337] bulk append 1646859 into 126770964
[2023-04-15 07:07:12.606351: E /samgraph/3rdparty/collcachelib/coll_cache_lib/freq_recorder.cc:347] bulk append 3569006
[2023-04-15 07:07:12.606754: E /samgraph/3rdparty/collcachelib/coll_cache_lib/freq_recorder.cc:337] bulk append 1646481 into 128417823
[2023-04-15 07:07:12.614815: E /samgraph/3rdparty/collcachelib/coll_cache_lib/freq_recorder.cc:347] bulk append 3568159
[2023-04-15 07:07:12.615216: E /samgraph/3rdparty/collcachelib/coll_cache_lib/freq_recorder.cc:337] bulk append 1643655 into 130064304
[2023-04-15 07:07:12.623304: E /samgraph/3rdparty/collcachelib/coll_cache_lib/freq_recorder.cc:347] bulk append 3567108
[2023-04-15 07:07:12.623711: E /samgraph/3rdparty/collcachelib/coll_cache_lib/freq_recorder.cc:266] freq recorder global combining
[[[2023-04-15 07:07:12[2023-04-15 07:07:12[2023-04-15 07:07:12[.2023-04-15 07:07:12.2023-04-15 07:07:12.[2023-04-15 07:07:12623754.623754.6237532023-04-15 07:07:12.: 623759: 623760: .623762E: E: E623773:  E E : E/samgraph/3rdparty/collcachelib/coll_cache_lib/facade.cc /samgraph/3rdparty/collcachelib/coll_cache_lib/facade.cc /samgraph/3rdparty/collcachelib/coll_cache_lib/facade.ccE :/samgraph/3rdparty/collcachelib/coll_cache_lib/facade.cc:/samgraph/3rdparty/collcachelib/coll_cache_lib/facade.cc: /samgraph/3rdparty/collcachelib/coll_cache_lib/facade.cc409:409:409/samgraph/3rdparty/collcachelib/coll_cache_lib/facade.cc:] 409] 409] :409before scale, dtype is 0, dim is 256] before scale, dtype is 0, dim is 256] before scale, dtype is 0, dim is 256409] 
before scale, dtype is 0, dim is 256
before scale, dtype is 0, dim is 256
] before scale, dtype is 0, dim is 256
[
[before scale, dtype is 0, dim is 256
[2023-04-15 07:07:12[2023-04-15 07:07:12
[2023-04-15 07:07:12[.2023-04-15 07:07:12.2023-04-15 07:07:12.[2023-04-15 07:07:122023-04-15 07:07:12623976.623982.623986..: 623994: 623998: 624019624005E: E: E: :  E E EE/samgraph/3rdparty/collcachelib/coll_cache_lib/facade.cc /samgraph/3rdparty/collcachelib/coll_cache_lib/facade.cc /samgraph/3rdparty/collcachelib/coll_cache_lib/facade.cc  :/samgraph/3rdparty/collcachelib/coll_cache_lib/facade.cc:/samgraph/3rdparty/collcachelib/coll_cache_lib/facade.cc:/samgraph/3rdparty/collcachelib/coll_cache_lib/facade.cc/samgraph/3rdparty/collcachelib/coll_cache_lib/facade.cc415:415:415::] 415] 415] 415415after scale, dtype is 7, new dim is 64] after scale, dtype is 7, new dim is 64] after scale, dtype is 7, new dim is 64] ] 
after scale, dtype is 7, new dim is 64
after scale, dtype is 7, new dim is 64
after scale, dtype is 7, new dim is 64after scale, dtype is 7, new dim is 64



[2023-04-15 07:07:12.627645: E /samgraph/3rdparty/collcachelib/coll_cache_lib/coll_cache/asymm_link_desc.cc:181] v100x8, slow pcie
[2023-04-15 07:07:12.627679: E /samgraph/3rdparty/collcachelib/coll_cache_lib/coll_cache/asymm_link_desc.cc:207[] 2023-04-15 07:07:12assigning 0 to cpu.
627692: E /samgraph/3rdparty/collcachelib/coll_cache_lib/coll_cache/asymm_link_desc.cc:181] v100x8, slow pcie
[2023-04-15 07:07:12.[6277312023-04-15 07:07:12: [.E2023-04-15 07:07:12627735 .: /samgraph/3rdparty/collcachelib/coll_cache_lib/coll_cache/asymm_link_desc.cc627737E::  207E/samgraph/3rdparty/collcachelib/coll_cache_lib/coll_cache/asymm_link_desc.cc]  :assigning 0 to cpu/samgraph/3rdparty/collcachelib/coll_cache_lib/coll_cache/asymm_link_desc.cc224
:] [181build asymm link desc with 8X Tesla V100-SXM2-32GB out of 82023-04-15 07:07:12] 
.v100x8, slow pcie627782
: [E2023-04-15 07:07:12 [.[/samgraph/3rdparty/collcachelib/coll_cache_lib/coll_cache/asymm_link_desc.cc2023-04-15 07:07:126278092023-04-15 07:07:12:.: [.181627816E2023-04-15 07:07:12627818] :  .: v100x8, slow pcieE/samgraph/3rdparty/collcachelib/coll_cache_lib/coll_cache/asymm_link_desc.cc627827E
 ::  /samgraph/3rdparty/collcachelib/coll_cache_lib/coll_cache/asymm_link_desc.cc224[E[/samgraph/3rdparty/collcachelib/coll_cache_lib/coll_cache/asymm_link_desc.cc:] 2023-04-15 07:07:12 2023-04-15 07:07:12:207build asymm link desc with 8X Tesla V100-SXM2-32GB out of 8./samgraph/3rdparty/collcachelib/coll_cache_lib/coll_cache/asymm_link_desc.cc.225] 
627872:627877] assigning 0 to cpu: 181: remote time is 15.5556
E] [[E
 v100x8, slow pcie2023-04-15 07:07:122023-04-15 07:07:12 /samgraph/3rdparty/collcachelib/coll_cache_lib/coll_cache/asymm_link_desc.cc
[..[/samgraph/3rdparty/collcachelib/coll_cache_lib/coll_cache/asymm_link_desc.cc:2023-04-15 07:07:12627924[6279262023-04-15 07:07:12:181.: 2023-04-15 07:07:12: .207] 627954E.E627959] v100x8, slow pcie:  /samgraph/3rdparty/collcachelib/coll_cache_lib/coll_cache/asymm_link_desc.cc627972 : assigning 0 to cpu
E:: /samgraph/3rdparty/collcachelib/coll_cache_lib/coll_cache/asymm_link_desc.ccE
 181[E: /samgraph/3rdparty/collcachelib/coll_cache_lib/coll_cache/asymm_link_desc.cc] 2023-04-15 07:07:12 225/samgraph/3rdparty/collcachelib/coll_cache_lib/coll_cache/asymm_link_desc.cc:v100x8, slow pcie./samgraph/3rdparty/collcachelib/coll_cache_lib/coll_cache/asymm_link_desc.cc] [:226
628059:remote time is 15.55562023-04-15 07:07:12224[] : 207
.] 2023-04-15 07:07:12[cpu time is 102.941E] 628094build asymm link desc with 8X Tesla V100-SXM2-32GB out of 8.2023-04-15 07:07:12
 assigning 0 to cpu: 
628126./samgraph/3rdparty/collcachelib/coll_cache_lib/coll_cache/asymm_link_desc.cc
E: 628146:[ E: 2072023-04-15 07:07:12[/samgraph/3rdparty/collcachelib/coll_cache_lib/coll_cache/asymm_link_desc.cc E] .[2023-04-15 07:07:12:/samgraph/3rdparty/collcachelib/coll_cache_lib/coll_cache/asymm_link_desc.cc assigning 0 to cpu6281872023-04-15 07:07:12.224:/samgraph/3rdparty/collcachelib/coll_cache_lib/coll_cache/asymm_link_desc.cc
: .628196] 207:E628215: build asymm link desc with 8X Tesla V100-SXM2-32GB out of 8] 226 : E
assigning 0 to cpu] [/samgraph/3rdparty/collcachelib/coll_cache_lib/coll_cache/asymm_link_desc.ccE 
cpu time is 102.9412023-04-15 07:07:12:[ /samgraph/3rdparty/collcachelib/coll_cache_lib/facade.cc
.2252023-04-15 07:07:12/samgraph/3rdparty/collcachelib/coll_cache_lib/coll_cache/asymm_link_desc.cc:628302] .:425: remote time is 15.5556628321224[] E
: ] 2023-04-15 07:07:12[registering cpu data with 16.00 GB Ebuild asymm link desc with 8X Tesla V100-SXM2-32GB out of 8[.2023-04-15 07:07:12
/samgraph/3rdparty/collcachelib/coll_cache_lib/coll_cache/asymm_link_desc.cc 
2023-04-15 07:07:12628358.:/samgraph/3rdparty/collcachelib/coll_cache_lib/coll_cache/asymm_link_desc.cc.: 628369224[:628385E: ] 2023-04-15 07:07:12225:  Ebuild asymm link desc with 8X Tesla V100-SXM2-32GB out of 8.] E/samgraph/3rdparty/collcachelib/coll_cache_lib/coll_cache/asymm_link_desc.cc 
628424remote time is 15.5556 :/samgraph/3rdparty/collcachelib/coll_cache_lib/facade.cc: 
/samgraph/3rdparty/collcachelib/coll_cache_lib/coll_cache/asymm_link_desc.cc224[:E:[] 2023-04-15 07:07:12425 2262023-04-15 07:07:12build asymm link desc with 8X Tesla V100-SXM2-32GB out of 8.] /samgraph/3rdparty/collcachelib/coll_cache_lib/coll_cache/asymm_link_desc.cc] .
628490registering cpu data with 16.00 GB:cpu time is 102.941628501: 
225
: E] [E remote time is 15.55562023-04-15 07:07:12 /samgraph/3rdparty/collcachelib/coll_cache_lib/coll_cache/asymm_link_desc.cc
./samgraph/3rdparty/collcachelib/coll_cache_lib/coll_cache/asymm_link_desc.cc:[628561[:2252023-04-15 07:07:12: 2023-04-15 07:07:12226] .E.] remote time is 15.5556628587 628597cpu time is 102.941
: /samgraph/3rdparty/collcachelib/coll_cache_lib/coll_cache/asymm_link_desc.cc: 
E[:E 2023-04-15 07:07:12225 /samgraph/3rdparty/collcachelib/coll_cache_lib/facade.cc.] /samgraph/3rdparty/collcachelib/coll_cache_lib/coll_cache/asymm_link_desc.cc:628656[remote time is 15.5556:425: 2023-04-15 07:07:12
226] E.] registering cpu data with 16.00 GB [628687cpu time is 102.941
/samgraph/3rdparty/collcachelib/coll_cache_lib/coll_cache/asymm_link_desc.cc2023-04-15 07:07:12: 
:.E226628722 ] : /samgraph/3rdparty/collcachelib/coll_cache_lib/facade.cccpu time is 102.941E:[
 4252023-04-15 07:07:12/samgraph/3rdparty/collcachelib/coll_cache_lib/coll_cache/asymm_link_desc.cc] .:registering cpu data with 16.00 GB628776226
: ] [Ecpu time is 102.9412023-04-15 07:07:12 
./samgraph/3rdparty/collcachelib/coll_cache_lib/facade.cc628819:: 425E]  registering cpu data with 16.00 GB/samgraph/3rdparty/collcachelib/coll_cache_lib/facade.cc
:425] registering cpu data with 16.00 GB
[2023-04-15 07:07:12.628882: E /samgraph/3rdparty/collcachelib/coll_cache_lib/facade.cc:425] registering cpu data with 16.00 GB
[2023-04-15 07:07:17.255595: E /samgraph/3rdparty/collcachelib/coll_cache_lib/facade.cc:427] registering cpu data done.
[2023-04-15 07:07:17.255751: E /samgraph/3rdparty/collcachelib/coll_cache_lib/facade.cc:427] registering cpu data done.
[2023-04-15 07:07:17.255908: E /samgraph/3rdparty/collcachelib/coll_cache_lib/facade.cc:427] registering cpu data done.
[2023-04-15 07:07:17.256069: E /samgraph/3rdparty/collcachelib/coll_cache_lib/facade.cc:427] registering cpu data done.
[2023-04-15 07:07:17.256216: E /samgraph/3rdparty/collcachelib/coll_cache_lib/facade.cc:427] registering cpu data done.
[2023-04-15 07:07:17.256857: E /samgraph/3rdparty/collcachelib/coll_cache_lib/facade.cc:427] registering cpu data done.
[2023-04-15 07:07:17.262556: E /samgraph/3rdparty/collcachelib/coll_cache_lib/facade.cc:427] registering cpu data done.
[2023-04-15 07:07:21.902638: E /samgraph/3rdparty/collcachelib/coll_cache_lib/freq_recorder.cc:269] freq recorder global combine from 131707959 to 37605314
[2023-04-15 07:07:23.158751: E /samgraph/3rdparty/collcachelib/coll_cache_lib/freq_recorder.cc:286] top 5 freq is 208,208,206,203,202
[2023-04-15 07:07:23.158921: E /samgraph/3rdparty/collcachelib/coll_cache_lib/facade.cc:409] before scale, dtype is 0, dim is 256
[2023-04-15 07:07:23.158957: E /samgraph/3rdparty/collcachelib/coll_cache_lib/facade.cc:415] after scale, dtype is 7, new dim is 64
[2023-04-15 07:07:23.161126: E /samgraph/3rdparty/collcachelib/coll_cache_lib/coll_cache/asymm_link_desc.cc:181] v100x8, slow pcie
[2023-04-15 07:07:23.161160: E /samgraph/3rdparty/collcachelib/coll_cache_lib/coll_cache/asymm_link_desc.cc:207] assigning 0 to cpu
[2023-04-15 07:07:23.161205: E /samgraph/3rdparty/collcachelib/coll_cache_lib/coll_cache/asymm_link_desc.cc:224] build asymm link desc with 8X Tesla V100-SXM2-32GB out of 8
[2023-04-15 07:07:23.161242: E /samgraph/3rdparty/collcachelib/coll_cache_lib/coll_cache/asymm_link_desc.cc:225] remote time is 15.5556
[2023-04-15 07:07:23.161268: E /samgraph/3rdparty/collcachelib/coll_cache_lib/coll_cache/asymm_link_desc.cc:226] cpu time is 102.941
[2023-04-15 07:07:23.161322: E /samgraph/3rdparty/collcachelib/coll_cache_lib/facade.cc:425] registering cpu data with 16.00 GB
[2023-04-15 07:07:24. 65679: E /samgraph/3rdparty/collcachelib/coll_cache_lib/facade.cc:427] registering cpu data done.
[2023-04-15 07:07:24. 65770: E /samgraph/3rdparty/collcachelib/coll_cache_lib/facade.cc:174] creating solver
[2023-04-15 07:07:24. 65805: E /samgraph/3rdparty/collcachelib/coll_cache_lib/facade.cc:214] solver created. now build & solve
[2023-04-15 07:07:24. 91652: E /samgraph/3rdparty/collcachelib/coll_cache_lib/coll_cache/optimal_solver_class.cc:309] reconfigured max freq to be 208
[2023-04-15 07:07:24. 91699: E /samgraph/3rdparty/collcachelib/coll_cache_lib/coll_cache/optimal_solver_class.cc:311] reconfigured num slot to be 8
[2023-04-15 07:07:24. 91724: W /samgraph/3rdparty/collcachelib/coll_cache_lib/coll_cache/optimal_solver_class.cc:318] counting slots...
[2023-04-15 07:07:24.563811: W /samgraph/3rdparty/collcachelib/coll_cache_lib/coll_cache/optimal_solver_class.cc:367] Final num slot is 26
[2023-04-15 07:07:24.563918: W /samgraph/3rdparty/collcachelib/coll_cache_lib/coll_cache/optimal_solver_class.cc:371] preparing block granularity...
[2023-04-15 07:07:24.563955: E /samgraph/3rdparty/collcachelib/coll_cache_lib/coll_cache/optimal_solver_class.cc:399] slot 0 has 25898 nodes, max_size set to 3238, #slice=8
[2023-04-15 07:07:24.563989: E /samgraph/3rdparty/collcachelib/coll_cache_lib/coll_cache/optimal_solver_class.cc:399] slot 1 has 287667 nodes, max_size set to 35959, #slice=8
[2023-04-15 07:07:24.564023: E /samgraph/3rdparty/collcachelib/coll_cache_lib/coll_cache/optimal_solver_class.cc:399] slot 2 has 1530715 nodes, max_size set to 157460, #slice=16
[2023-04-15 07:07:24.564057: E /samgraph/3rdparty/collcachelib/coll_cache_lib/coll_cache/optimal_solver_class.cc:399] slot 3 has 4239470 nodes, max_size set to 157460, #slice=32
[2023-04-15 07:07:24.564091: E /samgraph/3rdparty/collcachelib/coll_cache_lib/coll_cache/optimal_solver_class.cc:399] slot 4 has 7148937 nodes, max_size set to 157460, #slice=48
[2023-04-15 07:07:24.564124: E /samgraph/3rdparty/collcachelib/coll_cache_lib/coll_cache/optimal_solver_class.cc:399] slot 5 has 6600783 nodes, max_size set to 157460, #slice=48
[2023-04-15 07:07:24.564158: E /samgraph/3rdparty/collcachelib/coll_cache_lib/coll_cache/optimal_solver_class.cc:399] slot 6 has 17771844 nodes, max_size set to 157460, #slice=120
[2023-04-15 07:07:24.564191: E /samgraph/3rdparty/collcachelib/coll_cache_lib/coll_cache/optimal_solver_class.cc:399] slot 7 has 280296 nodes, max_size set to 35037, #slice=8
[2023-04-15 07:07:24.564225: E /samgraph/3rdparty/collcachelib/coll_cache_lib/coll_cache/optimal_solver_class.cc:399] slot 8 has 279632 nodes, max_size set to 34954, #slice=8
[2023-04-15 07:07:24.564259: E /samgraph/3rdparty/collcachelib/coll_cache_lib/coll_cache/optimal_solver_class.cc:399] slot 9 has 280578 nodes, max_size set to 35073, #slice=8
[2023-04-15 07:07:24.564292: E /samgraph/3rdparty/collcachelib/coll_cache_lib/coll_cache/optimal_solver_class.cc:399] slot 10 has 280153 nodes, max_size set to 35020, #slice=8
[2023-04-15 07:07:24.564340: E /samgraph/3rdparty/collcachelib/coll_cache_lib/coll_cache/optimal_solver_class.cc:399] slot 11 has 280325 nodes, max_size set to 35041, #slice=8
[2023-04-15 07:07:24.564374: E /samgraph/3rdparty/collcachelib/coll_cache_lib/coll_cache/optimal_solver_class.cc:399] slot 12 has 280284 nodes, max_size set to 35036, #slice=8
[2023-04-15 07:07:24.564408: E /samgraph/3rdparty/collcachelib/coll_cache_lib/coll_cache/optimal_solver_class.cc:399] slot 13 has 280838 nodes, max_size set to 35105, #slice=8
[2023-04-15 07:07:24.564441: E /samgraph/3rdparty/collcachelib/coll_cache_lib/coll_cache/optimal_solver_class.cc:399] slot 14 has 280901 nodes, max_size set to 35113, #slice=8
[2023-04-15 07:07:24.564475: E /samgraph/3rdparty/collcachelib/coll_cache_lib/coll_cache/optimal_solver_class.cc:399] slot 15 has 279992 nodes, max_size set to 34999, #slice=8
[2023-04-15 07:07:24.564508: E /samgraph/3rdparty/collcachelib/coll_cache_lib/coll_cache/optimal_solver_class.cc:399] slot 16 has 280491 nodes, max_size set to 35062, #slice=8
[2023-04-15 07:07:24.564542: E /samgraph/3rdparty/collcachelib/coll_cache_lib/coll_cache/optimal_solver_class.cc:399] slot 17 has 2801397 nodes, max_size set to 157460, #slice=24
[2023-04-15 07:07:24.564575: E /samgraph/3rdparty/collcachelib/coll_cache_lib/coll_cache/optimal_solver_class.cc:399] slot 18 has 2801640 nodes, max_size set to 157460, #slice=24
[2023-04-15 07:07:24.564609: E /samgraph/3rdparty/collcachelib/coll_cache_lib/coll_cache/optimal_solver_class.cc:399] slot 19 has 2802074 nodes, max_size set to 157460, #slice=24
[2023-04-15 07:07:24.564643: E /samgraph/3rdparty/collcachelib/coll_cache_lib/coll_cache/optimal_solver_class.cc:399] slot 20 has 2800742 nodes, max_size set to 157460, #slice=24
[2023-04-15 07:07:24.564676: E /samgraph/3rdparty/collcachelib/coll_cache_lib/coll_cache/optimal_solver_class.cc:399] slot 21 has 2798014 nodes, max_size set to 157460, #slice=24
[2023-04-15 07:07:24.564710: E /samgraph/3rdparty/collcachelib/coll_cache_lib/coll_cache/optimal_solver_class.cc:399] slot 22 has 2799590 nodes, max_size set to 157460, #slice=24
[2023-04-15 07:07:24.564746: E /samgraph/3rdparty/collcachelib/coll_cache_lib/coll_cache/optimal_solver_class.cc:399] slot 23 has 2798290 nodes, max_size set to 157460, #slice=24
[2023-04-15 07:07:24.564780: E /samgraph/3rdparty/collcachelib/coll_cache_lib/coll_cache/optimal_solver_class.cc:399] slot 24 has 2796250 nodes, max_size set to 157460, #slice=24
[2023-04-15 07:07:24.564814: E /samgraph/3rdparty/collcachelib/coll_cache_lib/coll_cache/optimal_solver_class.cc:399] slot 25 has 2801565 nodes, max_size set to 157460, #slice=24
[2023-04-15 07:07:24.564847: W /samgraph/3rdparty/collcachelib/coll_cache_lib/coll_cache/optimal_solver_class.cc:405] counting blocks...
[2023-04-15 07:07:24.650088: W /samgraph/3rdparty/collcachelib/coll_cache_lib/coll_cache/optimal_solver_class.cc:425] Final num block is 576
[2023-04-15 07:07:24.650161: W /samgraph/3rdparty/collcachelib/coll_cache_lib/coll_cache/optimal_solver_class.cc:430] counting freq and density...
[2023-04-15 07:07:24.655729: W /samgraph/3rdparty/collcachelib/coll_cache_lib/coll_cache/optimal_solver_class.cc:479] averaging freq and density...
[2023-04-15 07:07:24.655799: W /samgraph/3rdparty/collcachelib/coll_cache_lib/coll_cache/optimal_solver_class.cc:480] 576
[2023-04-15 07:07:24.667603: E /samgraph/3rdparty/collcachelib/coll_cache_lib/facade.cc:218] solver built. now solve
[2023-04-15 07:07:24.667655: W /samgraph/3rdparty/collcachelib/coll_cache_lib/coll_cache/optimal_solver_class.cc:893] constructing optimal solver, device=8, stream=1
576 blocks, 8 devices
[2023-04-15 07:07:24.672070: W /samgraph/3rdparty/collcachelib/coll_cache_lib/coll_cache/optimal_solver_class.cc:1078] Add Var...
[2023-04-15 07:07:24.687516: W /samgraph/3rdparty/collcachelib/coll_cache_lib/coll_cache/optimal_solver_class.cc:1096] Capacity...
[2023-04-15 07:07:24.688344: W /samgraph/3rdparty/collcachelib/coll_cache_lib/coll_cache/optimal_solver_class.cc:1099] Connect CPU...
[2023-04-15 07:07:24.699679: W /samgraph/3rdparty/collcachelib/coll_cache_lib/coll_cache/optimal_solver_class.cc:1101] Connect Access To Storage...
[2023-04-15 07:07:24.991185: W /samgraph/3rdparty/collcachelib/coll_cache_lib/coll_cache/optimal_solver_class.cc:1105] Time...
[2023-04-15 07:08:39.119584: W /samgraph/3rdparty/collcachelib/coll_cache_lib/coll_cache/optimal_solver_class.cc:1124] Coll Cache init block placement array
[2023-04-15 07:08:39.123953: W /samgraph/3rdparty/collcachelib/coll_cache_lib/coll_cache/optimal_solver_class.cc:1200] Coll Cache init block placement array done
[2023-04-15 07:08:39.132858: W /samgraph/3rdparty/collcachelib/coll_cache_lib/coll_cache/optimal_solver_class.cc:1202] Coll Cache model reset done
[2023-04-15 07:08:39.155201: E /samgraph/3rdparty/collcachelib/coll_cache_lib/facade.cc:222] solver solved
[2023-04-15 07:08:39.155262: E /samgraph/3rdparty/collcachelib/coll_cache_lib/facade.cc:437] 0 solved master
[2023-04-15 07:08:39.155292: E /samgraph/3rdparty/collcachelib/coll_cache_lib/facade.cc:444] 0 solved
[2023-04-15 07:08:39.155320: E /samgraph/3rdparty/collcachelib/coll_cache_lib/facade.cc:447] worker 0 thread 0 initing device 0
[2023-04-15 07:08:39.155932: E /samgraph/3rdparty/collcachelib/coll_cache_lib/cache_context.cu:2320] Building Coll Cache with ... num gpu device is 8
[2023-04-15 07:08:39.156101: E /samgraph/3rdparty/collcachelib/coll_cache_lib/cuda/cache_hashtable.cuh:611] per src size local is 8647425
[2023-04-15 07:08:39.165832: E /samgraph/3rdparty/collcachelib/coll_cache_lib/facade.cc:444] 7 solved
[2023-04-15 07:08:39.165904: E /samgraph/3rdparty/collcachelib/coll_cache_lib/facade.cc:447] worker 0 thread 7 initing device 7
[2023-04-15 07:08:39.166244: E /samgraph/3rdparty/collcachelib/coll_cache_lib/cache_context.cu:2320] Building Coll Cache with ... num gpu device is 8
[2023-04-15 07:08:39.166930: E /samgraph/3rdparty/collcachelib/coll_cache_lib/facade.cc:444] 6 solved
[2023-04-15 07:08:39.166988: E /samgraph/3rdparty/collcachelib/coll_cache_lib/facade.cc:447] worker 0 thread 6 initing device 6
[2023-04-15 07:08:39.167315: E /samgraph/3rdparty/collcachelib/coll_cache_lib/cache_context.cu:2320] Building Coll Cache with ... num gpu device is 8
[2023-04-15 07:08:39.199460: E /samgraph/3rdparty/collcachelib/coll_cache_lib/facade.cc:444] 5 solved
[2023-04-15 07:08:39.199548: E /samgraph/3rdparty/collcachelib/coll_cache_lib/facade.cc:447] worker 0 thread 5 initing device 5
[2023-04-15 07:08:39.199905: E /samgraph/3rdparty/collcachelib/coll_cache_lib/cache_context.cu:2320] Building Coll Cache with ... num gpu device is 8
[[2023-04-15 07:08:392023-04-15 07:08:39..205112205123: : EE  /samgraph/3rdparty/collcachelib/coll_cache_lib/facade.cc/samgraph/3rdparty/collcachelib/coll_cache_lib/facade.cc::444444] ] 1 solved2 solved

[[2023-04-15 07:08:392023-04-15 07:08:39..205211205213: : EE  /samgraph/3rdparty/collcachelib/coll_cache_lib/facade.cc/samgraph/3rdparty/collcachelib/coll_cache_lib/facade.cc::447447] ] worker 0 thread 1 initing device 1worker 0 thread 2 initing device 2

[[2023-04-15 07:08:392023-04-15 07:08:39..205603205604: : EE  /samgraph/3rdparty/collcachelib/coll_cache_lib/cache_context.cu/samgraph/3rdparty/collcachelib/coll_cache_lib/cache_context.cu::23202320] ] Building Coll Cache with ... num gpu device is 8Building Coll Cache with ... num gpu device is 8

[2023-04-15 07:08:39.209268: E /samgraph/3rdparty/collcachelib/coll_cache_lib/facade.cc:444] 3 solved
[2023-04-15 07:08:39.209331: E /samgraph/3rdparty/collcachelib/coll_cache_lib/facade.cc:447] worker 0 thread 3 initing device 3
[2023-04-15 07:08:39.209652: E /samgraph/3rdparty/collcachelib/coll_cache_lib/cache_context.cu:2320] Building Coll Cache with ... num gpu device is 8
[2023-04-15 07:08:39.225477: E /samgraph/3rdparty/collcachelib/coll_cache_lib/facade.cc:444] 4 solved
[2023-04-15 07:08:39.225582: E /samgraph/3rdparty/collcachelib/coll_cache_lib/facade.cc:447] worker 0 thread 4 initing device 4
[2023-04-15 07:08:39.226064: E /samgraph/3rdparty/collcachelib/coll_cache_lib/cache_context.cu:2320] Building Coll Cache with ... num gpu device is 8
[2023-04-15 07:08:39.389151: E /samgraph/3rdparty/collcachelib/coll_cache_lib/cache_context.cu:2362] num cpu nodes is 34480382
[2023-04-15 07:08:39.401285: E /samgraph/3rdparty/collcachelib/coll_cache_lib/cache_context.cu:2362] num cpu nodes is 34480382
[2023-04-15 07:08:39.413214: E /samgraph/3rdparty/collcachelib/coll_cache_lib/cache_context.cu:2362] num cpu nodes is 34480382
[2023-04-15 07:08:39.437894: E /samgraph/3rdparty/collcachelib/coll_cache_lib/cache_context.cu:2362] num cpu nodes is 34480382
[2023-04-15 07:08:39.444036: E /samgraph/3rdparty/collcachelib/coll_cache_lib/cache_context.cu:2362] num cpu nodes is 34480382
[2023-04-15 07:08:39.446171: E /samgraph/3rdparty/collcachelib/coll_cache_lib/cache_context.cu:2362] num cpu nodes is 34480382
[2023-04-15 07:08:39.451885: E /samgraph/3rdparty/collcachelib/coll_cache_lib/cache_context.cu:2362] num cpu nodes is 34480382
[2023-04-15 07:08:39.466253: E /samgraph/3rdparty/collcachelib/coll_cache_lib/cache_context.cu:2362] num cpu nodes is 34480382
[2023-04-15 07:08:40.642986: E /samgraph/3rdparty/collcachelib/coll_cache_lib/cuda/cache_hashtable.cu:355] create a hashtable with 31127984 possible elem, scale to 67108864
[2023-04-15 07:08:40.643052: E /samgraph/3rdparty/collcachelib/coll_cache_lib/cuda/cache_hashtable.cu:360] SimpleHashTable allocating 512.00 MB
[2023-04-15 07:08:40.711462: E /samgraph/3rdparty/collcachelib/coll_cache_lib/cuda/cache_hashtable.cu:355] create a hashtable with 31127984 possible elem, scale to 67108864
[2023-04-15 07:08:40.711549: E /samgraph/3rdparty/collcachelib/coll_cache_lib/cuda/cache_hashtable.cu:360] SimpleHashTable allocating 512.00 MB
[2023-04-15 07:08:40.715797: E /samgraph/3rdparty/collcachelib/coll_cache_lib/cuda/cache_hashtable.cu:355] create a hashtable with 31127984 possible elem, scale to 67108864
[2023-04-15 07:08:40.715865: E /samgraph/3rdparty/collcachelib/coll_cache_lib/cuda/cache_hashtable.cu:360] SimpleHashTable allocating 512.00 MB
[2023-04-15 07:08:40.720788: E /samgraph/3rdparty/collcachelib/coll_cache_lib/cuda/cache_hashtable.cu:355] create a hashtable with 31127984 possible elem, scale to 67108864
[2023-04-15 07:08:40.720847: E /samgraph/3rdparty/collcachelib/coll_cache_lib/cuda/cache_hashtable.cu:360] SimpleHashTable allocating 512.00 MB
[2023-04-15 07:08:40.776862: E /samgraph/3rdparty/collcachelib/coll_cache_lib/cuda/cache_hashtable.cu:355] create a hashtable with 31127984 possible elem, scale to 67108864
[2023-04-15 07:08:40.776925: E /samgraph/3rdparty/collcachelib/coll_cache_lib/cuda/cache_hashtable.cu:360] SimpleHashTable allocating 512.00 MB
[2023-04-15 07:08:40.778047: E /samgraph/3rdparty/collcachelib/coll_cache_lib/cuda/cache_hashtable.cu:355] create a hashtable with 31127984 possible elem, scale to 67108864
[2023-04-15 07:08:40.778103: E /samgraph/3rdparty/collcachelib/coll_cache_lib/cuda/cache_hashtable.cu:360] SimpleHashTable allocating 512.00 MB
[2023-04-15 07:08:40.787701: E /samgraph/3rdparty/collcachelib/coll_cache_lib/cuda/cache_hashtable.cu:355] create a hashtable with 31127984 possible elem, scale to 67108864
[2023-04-15 07:08:40.787756: E /samgraph/3rdparty/collcachelib/coll_cache_lib/cuda/cache_hashtable.cu:360] SimpleHashTable allocating 512.00 MB
[2023-04-15 07:08:40.789355: E /samgraph/3rdparty/collcachelib/coll_cache_lib/cuda/cache_hashtable.cu:355] create a hashtable with 31127984 possible elem, scale to 67108864
[2023-04-15 07:08:40.789410: E /samgraph/3rdparty/collcachelib/coll_cache_lib/cuda/cache_hashtable.cu:360] SimpleHashTable allocating 512.00 MB
[2023-04-15 07:08:40.958690: E /samgraph/3rdparty/collcachelib/coll_cache_lib/common.cc:107] too many mem allocated for forcescale?7938612->156042
[2023-04-15 07:08:40.960752: E /samgraph/3rdparty/collcachelib/coll_cache_lib/cache_context.cu:2439] Asymm Coll cache (policy: coll_cache_asymm_link) | local 7782570 / 65608366 nodes ( 11.86 %~12.00 %) | remote 23345414 / 65608366 nodes ( 35.58 %) | cpu 34480382 / 65608366 nodes ( 52.55 %) | 7.57 GB | 1.75509 secs 
[2023-04-15 07:08:40.964201: E /samgraph/3rdparty/collcachelib/coll_cache_lib/common.cc:107] too many mem allocated for forcescale?7938612->73814
[2023-04-15 07:08:40.968707: E /samgraph/3rdparty/collcachelib/coll_cache_lib/common.cc:107] too many mem allocated for forcescale?7938612->126148
[2023-04-15 07:08:40.968841: E /samgraph/3rdparty/collcachelib/coll_cache_lib/cache_context.cu:2439] Asymm Coll cache (policy: coll_cache_asymm_link) | local 7864798 / 65608366 nodes ( 11.99 %~12.00 %) | remote 23263186 / 65608366 nodes ( 35.46 %) | cpu 34480382 / 65608366 nodes ( 52.55 %) | 7.57 GB | 1.7689 secs 
[2023-04-15 07:08:40.970350: E /samgraph/3rdparty/collcachelib/coll_cache_lib/common.cc:107] too many mem allocated for forcescale?7938612->155822
[2023-04-15 07:08:40.971251: E /samgraph/3rdparty/collcachelib/coll_cache_lib/common.cc:107] too many mem allocated for forcescale?7938612->95752
[2023-04-15 07:08:40.971460: E /samgraph/3rdparty/collcachelib/coll_cache_lib/common.cc:107] too many mem allocated for forcescale?7938612->93553
[2023-04-15 07:08:40.972108: E /samgraph/3rdparty/collcachelib/coll_cache_lib/common.cc:107] too many mem allocated for forcescale?7938612->167729
[2023-04-15 07:08:40.975580: E /samgraph/3rdparty/collcachelib/coll_cache_lib/common.cc:107] too many mem allocated for forcescale?7938612->77406
[2023-04-15 07:08:40.995212: E /samgraph/3rdparty/collcachelib/coll_cache_lib/cache_context.cu:2439] Asymm Coll cache (policy: coll_cache_asymm_link) | local 7770883 / 65608366 nodes ( 11.84 %~12.00 %) | remote 23357101 / 65608366 nodes ( 35.60 %) | cpu 34480382 / 65608366 nodes ( 52.55 %) | 7.57 GB | 1.78553 secs 
[2023-04-15 07:08:41.  1342: E /samgraph/3rdparty/collcachelib/coll_cache_lib/cache_context.cu:2439] Asymm Coll cache (policy: coll_cache_asymm_link) | local 7845059 / 65608366 nodes ( 11.96 %~12.00 %) | remote 23282925 / 65608366 nodes ( 35.49 %) | cpu 34480382 / 65608366 nodes ( 52.55 %) | 7.57 GB | 1.77521 secs 
[2023-04-15 07:08:41.  4103: E /samgraph/3rdparty/collcachelib/coll_cache_lib/cache_context.cu:2439] Asymm Coll cache (policy: coll_cache_asymm_link) | local 7842860 / 65608366 nodes ( 11.95 %~12.00 %) | remote 23285124 / 65608366 nodes ( 35.49 %) | cpu 34480382 / 65608366 nodes ( 52.55 %) | 7.57 GB | 1.83675 secs 
[2023-04-15 07:08:41.  6351: E /samgraph/3rdparty/collcachelib/coll_cache_lib/cache_context.cu:2439] Asymm Coll cache (policy: coll_cache_asymm_link) | local 7861206 / 65608366 nodes ( 11.98 %~12.00 %) | remote 23266778 / 65608366 nodes ( 35.46 %) | cpu 34480382 / 65608366 nodes ( 52.55 %) | 7.57 GB | 1.85039 secs [
2023-04-15 07:08:41.  6386: E /samgraph/3rdparty/collcachelib/coll_cache_lib/cache_context.cu:2439] Asymm Coll cache (policy: coll_cache_asymm_link) | local 7812464 / 65608366 nodes ( 11.91 %~12.00 %) | remote 23315520 / 65608366 nodes ( 35.54 %) | cpu 34480382 / 65608366 nodes ( 52.55 %) | 7.57 GB | 1.80072 secs 
[2023-04-15 07:08:41. 10316: E /samgraph/3rdparty/collcachelib/coll_cache_lib/cache_context.cu:2439] Asymm Coll cache (policy: coll_cache_asymm_link) | local 7782790 / 65608366 nodes ( 11.86 %~12.00 %) | remote 23345194 / 65608366 nodes ( 35.58 %) | cpu 34480382 / 65608366 nodes ( 52.55 %) | 7.57 GB | 1.84404 secs 
/usr/local/lib/python3.8/dist-packages/torch/nn/parallel/scatter_gather.py:9: UserWarning: is_namedtuple is deprecated, please use the python checks instead
  warnings.warn("is_namedtuple is deprecated, please use the python checks instead")
/usr/local/lib/python3.8/dist-packages/torch/nn/parallel/scatter_gather.py:9: UserWarning: is_namedtuple is deprecated, please use the python checks instead
  warnings.warn("is_namedtuple is deprecated, please use the python checks instead")
/usr/local/lib/python3.8/dist-packages/torch/nn/parallel/scatter_gather.py:9: UserWarning: is_namedtuple is deprecated, please use the python checks instead
  warnings.warn("is_namedtuple is deprecated, please use the python checks instead")
/usr/local/lib/python3.8/dist-packages/torch/nn/parallel/scatter_gather.py:9: UserWarning: is_namedtuple is deprecated, please use the python checks instead
  warnings.warn("is_namedtuple is deprecated, please use the python checks instead")
/usr/local/lib/python3.8/dist-packages/torch/nn/parallel/scatter_gather.py:9: UserWarning: is_namedtuple is deprecated, please use the python checks instead
  warnings.warn("is_namedtuple is deprecated, please use the python checks instead")
/usr/local/lib/python3.8/dist-packages/torch/nn/parallel/scatter_gather.py:9: UserWarning: is_namedtuple is deprecated, please use the python checks instead
  warnings.warn("is_namedtuple is deprecated, please use the python checks instead")
/usr/local/lib/python3.8/dist-packages/torch/nn/parallel/scatter_gather.py:9: UserWarning: is_namedtuple is deprecated, please use the python checks instead
  warnings.warn("is_namedtuple is deprecated, please use the python checks instead")
/usr/local/lib/python3.8/dist-packages/torch/nn/parallel/scatter_gather.py:9: UserWarning: is_namedtuple is deprecated, please use the python checks instead
  warnings.warn("is_namedtuple is deprecated, please use the python checks instead")
