/usr/lib/python3/dist-packages/requests/__init__.py:89: RequestsDependencyWarning: urllib3 (1.26.12) or chardet (3.0.4) doesn't match a supported version!
  warnings.warn("urllib3 ({}) or chardet ({}) doesn't match a supported "
Rank=3 done reading 16402091 embedding vectors from file /nvme/songxiaoniu/graph-learning/wholegraph/com_friendster/converted/homograph_csr_row_ptr
Rank=2 done reading 16402092 embedding vectors from file /nvme/songxiaoniu/graph-learning/wholegraph/com_friendster/converted/homograph_csr_row_ptr
Rank=1 done reading 16402092 embedding vectors from file /nvme/songxiaoniu/graph-learning/wholegraph/com_friendster/converted/homograph_csr_row_ptr
Rank=0 done reading 16402092 embedding vectors from file /nvme/songxiaoniu/graph-learning/wholegraph/com_friendster/converted/homograph_csr_row_ptr
Rank=2 done reading 16402092 embedding vectors from file /nvme/songxiaoniu/graph-learning/wholegraph/com_friendster/converted/homograph_csr_row_ptr
Rank=3 done reading 16402091 embedding vectors from file /nvme/songxiaoniu/graph-learning/wholegraph/com_friendster/converted/homograph_csr_row_ptr
Rank=1 done reading 16402092 embedding vectors from file /nvme/songxiaoniu/graph-learning/wholegraph/com_friendster/converted/homograph_csr_row_ptr
Rank=0 done reading 16402092 embedding vectors from file /nvme/songxiaoniu/graph-learning/wholegraph/com_friendster/converted/homograph_csr_row_ptr
Rank=3 done reading 903033566 embedding vectors from file /nvme/songxiaoniu/graph-learning/wholegraph/com_friendster/converted/homograph_csr_col_idx
Rank=2 done reading 903033568 embedding vectors from file /nvme/songxiaoniu/graph-learning/wholegraph/com_friendster/converted/homograph_csr_col_idx
Rank=1 done reading 903033568 embedding vectors from file /nvme/songxiaoniu/graph-learning/wholegraph/com_friendster/converted/homograph_csr_col_idx
Rank=0 done reading 903033568 embedding vectors from file /nvme/songxiaoniu/graph-learning/wholegraph/com_friendster/converted/homograph_csr_col_idx
Rank=2 done reading 903033568 embedding vectors from file /nvme/songxiaoniu/graph-learning/wholegraph/com_friendster/converted/homograph_csr_col_idx
Rank=3 done reading 903033566 embedding vectors from file /nvme/songxiaoniu/graph-learning/wholegraph/com_friendster/converted/homograph_csr_col_idx
Rank=0 done reading 903033568 embedding vectors from file /nvme/songxiaoniu/graph-learning/wholegraph/com_friendster/converted/homograph_csr_col_idx
Rank=1 done reading 903033568 embedding vectors from file /nvme/songxiaoniu/graph-learning/wholegraph/com_friendster/converted/homograph_csr_col_idx
[2023-04-15 07:04:55.945106: E /samgraph/3rdparty/collcachelib/coll_cache_lib/freq_recorder.cc:337] bulk append 1646321 into 0
[2023-04-15 07:04:55.953160: E /samgraph/3rdparty/collcachelib/coll_cache_lib/freq_recorder.cc:347] bulk append 3563792
[2023-04-15 07:04:55.953603: E /samgraph/3rdparty/collcachelib/coll_cache_lib/freq_recorder.cc:337] bulk append 1644511 into 1646321
[2023-04-15 07:04:55.961652: E /samgraph/3rdparty/collcachelib/coll_cache_lib/freq_recorder.cc:347] bulk append 3558794
[2023-04-15 07:04:55.962103: E /samgraph/3rdparty/collcachelib/coll_cache_lib/freq_recorder.cc:337] bulk append 1642654 into 3290832
[2023-04-15 07:04:55.970132: E /samgraph/3rdparty/collcachelib/coll_cache_lib/freq_recorder.cc:347] bulk append 3553412
[2023-04-15 07:04:55.970575: E /samgraph/3rdparty/collcachelib/coll_cache_lib/freq_recorder.cc:337] bulk append 1642644 into 4933486
[2023-04-15 07:04:55.978563: E /samgraph/3rdparty/collcachelib/coll_cache_lib/freq_recorder.cc:347] bulk append 3551735
[2023-04-15 07:04:55.979011: E /samgraph/3rdparty/collcachelib/coll_cache_lib/freq_recorder.cc:337] bulk append 1644130 into 6576130
[2023-04-15 07:04:55.987052: E /samgraph/3rdparty/collcachelib/coll_cache_lib/freq_recorder.cc:347] bulk append 3558933
[2023-04-15 07:04:55.987492: E /samgraph/3rdparty/collcachelib/coll_cache_lib/freq_recorder.cc:337] bulk append 1643112 into 8220260
[2023-04-15 07:04:55.995481: E /samgraph/3rdparty/collcachelib/coll_cache_lib/freq_recorder.cc:347] bulk append 3554566
[2023-04-15 07:04:55.995947: E /samgraph/3rdparty/collcachelib/coll_cache_lib/freq_recorder.cc:337] bulk append 1644751 into 9863372
[2023-04-15 07:04:56.  3934: E /samgraph/3rdparty/collcachelib/coll_cache_lib/freq_recorder.cc:347] bulk append 3555646
[2023-04-15 07:04:56.  4371: E /samgraph/3rdparty/collcachelib/coll_cache_lib/freq_recorder.cc:337] bulk append 1645335 into 11508123
[2023-04-15 07:04:56. 12393: E /samgraph/3rdparty/collcachelib/coll_cache_lib/freq_recorder.cc:347] bulk append 3563138
[2023-04-15 07:04:56. 12841: E /samgraph/3rdparty/collcachelib/coll_cache_lib/freq_recorder.cc:337] bulk append 1644549 into 13153458
[2023-04-15 07:04:56. 20873: E /samgraph/3rdparty/collcachelib/coll_cache_lib/freq_recorder.cc:347] bulk append 3559963
[2023-04-15 07:04:56. 21322: E /samgraph/3rdparty/collcachelib/coll_cache_lib/freq_recorder.cc:337] bulk append 1645615 into 14798007
[2023-04-15 07:04:56. 29361: E /samgraph/3rdparty/collcachelib/coll_cache_lib/freq_recorder.cc:347] bulk append 3565314
[2023-04-15 07:04:56. 29833: E /samgraph/3rdparty/collcachelib/coll_cache_lib/freq_recorder.cc:337] bulk append 1644781 into 16443622
[2023-04-15 07:04:56. 37876: E /samgraph/3rdparty/collcachelib/coll_cache_lib/freq_recorder.cc:347] bulk append 3564964
[2023-04-15 07:04:56. 38314: E /samgraph/3rdparty/collcachelib/coll_cache_lib/freq_recorder.cc:337] bulk append 1644174 into 18088403
[2023-04-15 07:04:56. 46301: E /samgraph/3rdparty/collcachelib/coll_cache_lib/freq_recorder.cc:347] bulk append 3559295
[2023-04-15 07:04:56. 46741: E /samgraph/3rdparty/collcachelib/coll_cache_lib/freq_recorder.cc:337] bulk append 1644385 into 19732577
[2023-04-15 07:04:56. 54743: E /samgraph/3rdparty/collcachelib/coll_cache_lib/freq_recorder.cc:347] bulk append 3557747
[2023-04-15 07:04:56. 55175: E /samgraph/3rdparty/collcachelib/coll_cache_lib/freq_recorder.cc:337] bulk append 1645292 into 21376962
[2023-04-15 07:04:56. 63216: E /samgraph/3rdparty/collcachelib/coll_cache_lib/freq_recorder.cc:347] bulk append 3558689
[2023-04-15 07:04:56. 63647: E /samgraph/3rdparty/collcachelib/coll_cache_lib/freq_recorder.cc:337] bulk append 1645546 into 23022254
[2023-04-15 07:04:56. 71699: E /samgraph/3rdparty/collcachelib/coll_cache_lib/freq_recorder.cc:347] bulk append 3560789
[2023-04-15 07:04:56. 72133: E /samgraph/3rdparty/collcachelib/coll_cache_lib/freq_recorder.cc:337] bulk append 1642171 into 24667800
[2023-04-15 07:04:56. 80114: E /samgraph/3rdparty/collcachelib/coll_cache_lib/freq_recorder.cc:347] bulk append 3556450
[2023-04-15 07:04:56. 80545: E /samgraph/3rdparty/collcachelib/coll_cache_lib/freq_recorder.cc:337] bulk append 1645599 into 26309971
[2023-04-15 07:04:56. 88578: E /samgraph/3rdparty/collcachelib/coll_cache_lib/freq_recorder.cc:347] bulk append 3560574
[2023-04-15 07:04:56. 89024: E /samgraph/3rdparty/collcachelib/coll_cache_lib/freq_recorder.cc:337] bulk append 1646936 into 27955570
[2023-04-15 07:04:56. 97028: E /samgraph/3rdparty/collcachelib/coll_cache_lib/freq_recorder.cc:347] bulk append 3567677
[2023-04-15 07:04:56. 97459: E /samgraph/3rdparty/collcachelib/coll_cache_lib/freq_recorder.cc:337] bulk append 1645822 into 29602506
[2023-04-15 07:04:56.105501: E /samgraph/3rdparty/collcachelib/coll_cache_lib/freq_recorder.cc:347] bulk append 3567723
[2023-04-15 07:04:56.105939: E /samgraph/3rdparty/collcachelib/coll_cache_lib/freq_recorder.cc:337] bulk append 1645172 into 31248328
[2023-04-15 07:04:56.113954: E /samgraph/3rdparty/collcachelib/coll_cache_lib/freq_recorder.cc:347] bulk append 3566976
[2023-04-15 07:04:56.114400: E /samgraph/3rdparty/collcachelib/coll_cache_lib/freq_recorder.cc:337] bulk append 1644316 into 32893500
[2023-04-15 07:04:56.122441: E /samgraph/3rdparty/collcachelib/coll_cache_lib/freq_recorder.cc:347] bulk append 3560931
[2023-04-15 07:04:56.122893: E /samgraph/3rdparty/collcachelib/coll_cache_lib/freq_recorder.cc:337] bulk append 1644925 into 34537816
[2023-04-15 07:04:56.130933: E /samgraph/3rdparty/collcachelib/coll_cache_lib/freq_recorder.cc:347] bulk append 3556093
[2023-04-15 07:04:56.131376: E /samgraph/3rdparty/collcachelib/coll_cache_lib/freq_recorder.cc:337] bulk append 1644371 into 36182741
[2023-04-15 07:04:56.139428: E /samgraph/3rdparty/collcachelib/coll_cache_lib/freq_recorder.cc:347] bulk append 3556382
[2023-04-15 07:04:56.139877: E /samgraph/3rdparty/collcachelib/coll_cache_lib/freq_recorder.cc:337] bulk append 1644880 into 37827112
[2023-04-15 07:04:56.147875: E /samgraph/3rdparty/collcachelib/coll_cache_lib/freq_recorder.cc:347] bulk append 3557420
[2023-04-15 07:04:56.148314: E /samgraph/3rdparty/collcachelib/coll_cache_lib/freq_recorder.cc:337] bulk append 1645869 into 39471992
[2023-04-15 07:04:56.156299: E /samgraph/3rdparty/collcachelib/coll_cache_lib/freq_recorder.cc:347] bulk append 3560001
[2023-04-15 07:04:56.156747: E /samgraph/3rdparty/collcachelib/coll_cache_lib/freq_recorder.cc:337] bulk append 1645643 into 41117861
[2023-04-15 07:04:56.164829: E /samgraph/3rdparty/collcachelib/coll_cache_lib/freq_recorder.cc:347] bulk append 3559440
[2023-04-15 07:04:56.165282: E /samgraph/3rdparty/collcachelib/coll_cache_lib/freq_recorder.cc:337] bulk append 1645168 into 42763504
[2023-04-15 07:04:56.173275: E /samgraph/3rdparty/collcachelib/coll_cache_lib/freq_recorder.cc:347] bulk append 3562468
[2023-04-15 07:04:56.173723: E /samgraph/3rdparty/collcachelib/coll_cache_lib/freq_recorder.cc:337] bulk append 1646791 into 44408672
[2023-04-15 07:04:56.181761: E /samgraph/3rdparty/collcachelib/coll_cache_lib/freq_recorder.cc:347] bulk append 3564459
[2023-04-15 07:04:56.182202: E /samgraph/3rdparty/collcachelib/coll_cache_lib/freq_recorder.cc:337] bulk append 1645065 into 46055463
[2023-04-15 07:04:56.190259: E /samgraph/3rdparty/collcachelib/coll_cache_lib/freq_recorder.cc:347] bulk append 3560441
[2023-04-15 07:04:56.190706: E /samgraph/3rdparty/collcachelib/coll_cache_lib/freq_recorder.cc:337] bulk append 1644417 into 47700528
[2023-04-15 07:04:56.198718: E /samgraph/3rdparty/collcachelib/coll_cache_lib/freq_recorder.cc:347] bulk append 3558975
[2023-04-15 07:04:56.199167: E /samgraph/3rdparty/collcachelib/coll_cache_lib/freq_recorder.cc:337] bulk append 1644153 into 49344945
[2023-04-15 07:04:56.207195: E /samgraph/3rdparty/collcachelib/coll_cache_lib/freq_recorder.cc:347] bulk append 3561415
[2023-04-15 07:04:56.207635: E /samgraph/3rdparty/collcachelib/coll_cache_lib/freq_recorder.cc:337] bulk append 1644073 into 50989098
[2023-04-15 07:04:56.215665: E /samgraph/3rdparty/collcachelib/coll_cache_lib/freq_recorder.cc:347] bulk append 3557977
[2023-04-15 07:04:56.216112: E /samgraph/3rdparty/collcachelib/coll_cache_lib/freq_recorder.cc:337] bulk append 1642955 into 52633171
[2023-04-15 07:04:56.224122: E /samgraph/3rdparty/collcachelib/coll_cache_lib/freq_recorder.cc:347] bulk append 3554676
[2023-04-15 07:04:56.224562: E /samgraph/3rdparty/collcachelib/coll_cache_lib/freq_recorder.cc:337] bulk append 1644100 into 54276126
[2023-04-15 07:04:56.232599: E /samgraph/3rdparty/collcachelib/coll_cache_lib/freq_recorder.cc:347] bulk append 3554275
[2023-04-15 07:04:56.233052: E /samgraph/3rdparty/collcachelib/coll_cache_lib/freq_recorder.cc:337] bulk append 1643856 into 55920226
[2023-04-15 07:04:56.241091: E /samgraph/3rdparty/collcachelib/coll_cache_lib/freq_recorder.cc:347] bulk append 3557345
[2023-04-15 07:04:56.241528: E /samgraph/3rdparty/collcachelib/coll_cache_lib/freq_recorder.cc:337] bulk append 1643169 into 57564082
[2023-04-15 07:04:56.249508: E /samgraph/3rdparty/collcachelib/coll_cache_lib/freq_recorder.cc:347] bulk append 3556507
[2023-04-15 07:04:56.249952: E /samgraph/3rdparty/collcachelib/coll_cache_lib/freq_recorder.cc:337] bulk append 1643610 into 59207251
[2023-04-15 07:04:56.257977: E /samgraph/3rdparty/collcachelib/coll_cache_lib/freq_recorder.cc:347] bulk append 3556713
[2023-04-15 07:04:56.258410: E /samgraph/3rdparty/collcachelib/coll_cache_lib/freq_recorder.cc:337] bulk append 1645439 into 60850861
[2023-04-15 07:04:56.266438: E /samgraph/3rdparty/collcachelib/coll_cache_lib/freq_recorder.cc:347] bulk append 3560309
[2023-04-15 07:04:56.266882: E /samgraph/3rdparty/collcachelib/coll_cache_lib/freq_recorder.cc:337] bulk append 1645014 into 62496300
[2023-04-15 07:04:56.274884: E /samgraph/3rdparty/collcachelib/coll_cache_lib/freq_recorder.cc:347] bulk append 3560682
[2023-04-15 07:04:56.275324: E /samgraph/3rdparty/collcachelib/coll_cache_lib/freq_recorder.cc:337] bulk append 1643663 into 64141314
[2023-04-15 07:04:56.283349: E /samgraph/3rdparty/collcachelib/coll_cache_lib/freq_recorder.cc:347] bulk append 3561398
[2023-04-15 07:04:56.283802: E /samgraph/3rdparty/collcachelib/coll_cache_lib/freq_recorder.cc:337] bulk append 1648208 into 65784977
[2023-04-15 07:04:56.291878: E /samgraph/3rdparty/collcachelib/coll_cache_lib/freq_recorder.cc:347] bulk append 3578566
[2023-04-15 07:04:56.292319: E /samgraph/3rdparty/collcachelib/coll_cache_lib/freq_recorder.cc:337] bulk append 1646960 into 67433185
[2023-04-15 07:04:56.300362: E /samgraph/3rdparty/collcachelib/coll_cache_lib/freq_recorder.cc:347] bulk append 3572783
[2023-04-15 07:04:56.300803: E /samgraph/3rdparty/collcachelib/coll_cache_lib/freq_recorder.cc:337] bulk append 1647309 into 69080145
[2023-04-15 07:04:56.308806: E /samgraph/3rdparty/collcachelib/coll_cache_lib/freq_recorder.cc:347] bulk append 3571287
[2023-04-15 07:04:56.309255: E /samgraph/3rdparty/collcachelib/coll_cache_lib/freq_recorder.cc:337] bulk append 1647024 into 70727454
[2023-04-15 07:04:56.317311: E /samgraph/3rdparty/collcachelib/coll_cache_lib/freq_recorder.cc:347] bulk append 3575361
[2023-04-15 07:04:56.317745: E /samgraph/3rdparty/collcachelib/coll_cache_lib/freq_recorder.cc:337] bulk append 1648042 into 72374478
[2023-04-15 07:04:56.325800: E /samgraph/3rdparty/collcachelib/coll_cache_lib/freq_recorder.cc:347] bulk append 3576175
[2023-04-15 07:04:56.326235: E /samgraph/3rdparty/collcachelib/coll_cache_lib/freq_recorder.cc:337] bulk append 1645860 into 74022520
[2023-04-15 07:04:56.334236: E /samgraph/3rdparty/collcachelib/coll_cache_lib/freq_recorder.cc:347] bulk append 3571587
[2023-04-15 07:04:56.334675: E /samgraph/3rdparty/collcachelib/coll_cache_lib/freq_recorder.cc:337] bulk append 1648437 into 75668380
[2023-04-15 07:04:56.342686: E /samgraph/3rdparty/collcachelib/coll_cache_lib/freq_recorder.cc:347] bulk append 3574831
[2023-04-15 07:04:56.343123: E /samgraph/3rdparty/collcachelib/coll_cache_lib/freq_recorder.cc:337] bulk append 1648415 into 77316817
[2023-04-15 07:04:56.351143: E /samgraph/3rdparty/collcachelib/coll_cache_lib/freq_recorder.cc:347] bulk append 3577667
[2023-04-15 07:04:56.351580: E /samgraph/3rdparty/collcachelib/coll_cache_lib/freq_recorder.cc:337] bulk append 1646703 into 78965232
[2023-04-15 07:04:56.359580: E /samgraph/3rdparty/collcachelib/coll_cache_lib/freq_recorder.cc:347] bulk append 3577370
[2023-04-15 07:04:56.359999: E /samgraph/3rdparty/collcachelib/coll_cache_lib/freq_recorder.cc:337] bulk append 1646491 into 80611935
[2023-04-15 07:04:56.367995: E /samgraph/3rdparty/collcachelib/coll_cache_lib/freq_recorder.cc:347] bulk append 3579259
[2023-04-15 07:04:56.368443: E /samgraph/3rdparty/collcachelib/coll_cache_lib/freq_recorder.cc:337] bulk append 1651068 into 82258426
[2023-04-15 07:04:56.376497: E /samgraph/3rdparty/collcachelib/coll_cache_lib/freq_recorder.cc:347] bulk append 3582014
[2023-04-15 07:04:56.376953: E /samgraph/3rdparty/collcachelib/coll_cache_lib/freq_recorder.cc:337] bulk append 1648825 into 83909494
[2023-04-15 07:04:56.384996: E /samgraph/3rdparty/collcachelib/coll_cache_lib/freq_recorder.cc:347] bulk append 3572782
[2023-04-15 07:04:56.385431: E /samgraph/3rdparty/collcachelib/coll_cache_lib/freq_recorder.cc:337] bulk append 1647638 into 85558319
[2023-04-15 07:04:56.393465: E /samgraph/3rdparty/collcachelib/coll_cache_lib/freq_recorder.cc:347] bulk append 3572251
[2023-04-15 07:04:56.393908: E /samgraph/3rdparty/collcachelib/coll_cache_lib/freq_recorder.cc:337] bulk append 1648298 into 87205957
[2023-04-15 07:04:56.401940: E /samgraph/3rdparty/collcachelib/coll_cache_lib/freq_recorder.cc:347] bulk append 3573753
[2023-04-15 07:04:56.402373: E /samgraph/3rdparty/collcachelib/coll_cache_lib/freq_recorder.cc:337] bulk append 1648990 into 88854255
[2023-04-15 07:04:56.410412: E /samgraph/3rdparty/collcachelib/coll_cache_lib/freq_recorder.cc:347] bulk append 3574283
[2023-04-15 07:04:56.410854: E /samgraph/3rdparty/collcachelib/coll_cache_lib/freq_recorder.cc:337] bulk append 1648278 into 90503245
[2023-04-15 07:04:56.418898: E /samgraph/3rdparty/collcachelib/coll_cache_lib/freq_recorder.cc:347] bulk append 3573620
[2023-04-15 07:04:56.419331: E /samgraph/3rdparty/collcachelib/coll_cache_lib/freq_recorder.cc:337] bulk append 1648614 into 92151523
[2023-04-15 07:04:56.427462: E /samgraph/3rdparty/collcachelib/coll_cache_lib/freq_recorder.cc:347] bulk append 3573986
[2023-04-15 07:04:56.427909: E /samgraph/3rdparty/collcachelib/coll_cache_lib/freq_recorder.cc:337] bulk append 1651054 into 93800137
[2023-04-15 07:04:56.435917: E /samgraph/3rdparty/collcachelib/coll_cache_lib/freq_recorder.cc:347] bulk append 3581123
[2023-04-15 07:04:56.436351: E /samgraph/3rdparty/collcachelib/coll_cache_lib/freq_recorder.cc:337] bulk append 1649004 into 95451191
[2023-04-15 07:04:56.444382: E /samgraph/3rdparty/collcachelib/coll_cache_lib/freq_recorder.cc:347] bulk append 3576121
[2023-04-15 07:04:56.444824: E /samgraph/3rdparty/collcachelib/coll_cache_lib/freq_recorder.cc:337] bulk append 1648136 into 97100195
[2023-04-15 07:04:56.452807: E /samgraph/3rdparty/collcachelib/coll_cache_lib/freq_recorder.cc:347] bulk append 3576819
[2023-04-15 07:04:56.453268: E /samgraph/3rdparty/collcachelib/coll_cache_lib/freq_recorder.cc:337] bulk append 1650388 into 98748331
[2023-04-15 07:04:56.461329: E /samgraph/3rdparty/collcachelib/coll_cache_lib/freq_recorder.cc:347] bulk append 3586359
[2023-04-15 07:04:56.461772: E /samgraph/3rdparty/collcachelib/coll_cache_lib/freq_recorder.cc:337] bulk append 1651874 into 100398719
[2023-04-15 07:04:56.469800: E /samgraph/3rdparty/collcachelib/coll_cache_lib/freq_recorder.cc:347] bulk append 3583117
[2023-04-15 07:04:56.470237: E /samgraph/3rdparty/collcachelib/coll_cache_lib/freq_recorder.cc:337] bulk append 1649067 into 102050593
[2023-04-15 07:04:56.478304: E /samgraph/3rdparty/collcachelib/coll_cache_lib/freq_recorder.cc:347] bulk append 3578594
[2023-04-15 07:04:56.478745: E /samgraph/3rdparty/collcachelib/coll_cache_lib/freq_recorder.cc:337] bulk append 1651392 into 103699660
[2023-04-15 07:04:56.486786: E /samgraph/3rdparty/collcachelib/coll_cache_lib/freq_recorder.cc:347] bulk append 3578615
[2023-04-15 07:04:56.487223: E /samgraph/3rdparty/collcachelib/coll_cache_lib/freq_recorder.cc:337] bulk append 1651417 into 105351052
[2023-04-15 07:04:56.495261: E /samgraph/3rdparty/collcachelib/coll_cache_lib/freq_recorder.cc:347] bulk append 3582703
[2023-04-15 07:04:56.495704: E /samgraph/3rdparty/collcachelib/coll_cache_lib/freq_recorder.cc:337] bulk append 1649951 into 107002469
[2023-04-15 07:04:56.503725: E /samgraph/3rdparty/collcachelib/coll_cache_lib/freq_recorder.cc:347] bulk append 3579617
[2023-04-15 07:04:56.504163: E /samgraph/3rdparty/collcachelib/coll_cache_lib/freq_recorder.cc:337] bulk append 1650481 into 108652420
[2023-04-15 07:04:56.512182: E /samgraph/3rdparty/collcachelib/coll_cache_lib/freq_recorder.cc:347] bulk append 3581200
[2023-04-15 07:04:56.512622: E /samgraph/3rdparty/collcachelib/coll_cache_lib/freq_recorder.cc:337] bulk append 1650826 into 110302901
[2023-04-15 07:04:56.520642: E /samgraph/3rdparty/collcachelib/coll_cache_lib/freq_recorder.cc:347] bulk append 3587450
[2023-04-15 07:04:56.521092: E /samgraph/3rdparty/collcachelib/coll_cache_lib/freq_recorder.cc:337] bulk append 1650934 into 111953727
[2023-04-15 07:04:56.529165: E /samgraph/3rdparty/collcachelib/coll_cache_lib/freq_recorder.cc:347] bulk append 3583795
[2023-04-15 07:04:56.529600: E /samgraph/3rdparty/collcachelib/coll_cache_lib/freq_recorder.cc:337] bulk append 1651403 into 113604661
[2023-04-15 07:04:56.537633: E /samgraph/3rdparty/collcachelib/coll_cache_lib/freq_recorder.cc:347] bulk append 3586297
[2023-04-15 07:04:56.538096: E /samgraph/3rdparty/collcachelib/coll_cache_lib/freq_recorder.cc:337] bulk append 1645053 into 115256064
[2023-04-15 07:04:56.546312: E /samgraph/3rdparty/collcachelib/coll_cache_lib/freq_recorder.cc:347] bulk append 3569053
[2023-04-15 07:04:56.546759: E /samgraph/3rdparty/collcachelib/coll_cache_lib/freq_recorder.cc:337] bulk append 1645936 into 116901117
[2023-04-15 07:04:56.554830: E /samgraph/3rdparty/collcachelib/coll_cache_lib/freq_recorder.cc:347] bulk append 3564945
[2023-04-15 07:04:56.555251: E /samgraph/3rdparty/collcachelib/coll_cache_lib/freq_recorder.cc:337] bulk append 1645396 into 118547053
[2023-04-15 07:04:56.563303: E /samgraph/3rdparty/collcachelib/coll_cache_lib/freq_recorder.cc:347] bulk append 3563013
[2023-04-15 07:04:56.563724: E /samgraph/3rdparty/collcachelib/coll_cache_lib/freq_recorder.cc:337] bulk append 1643806 into 120192449
[2023-04-15 07:04:56.571767: E /samgraph/3rdparty/collcachelib/coll_cache_lib/freq_recorder.cc:347] bulk append 3564501
[2023-04-15 07:04:56.572173: E /samgraph/3rdparty/collcachelib/coll_cache_lib/freq_recorder.cc:337] bulk append 1645525 into 121836255
[2023-04-15 07:04:56.580230: E /samgraph/3rdparty/collcachelib/coll_cache_lib/freq_recorder.cc:347] bulk append 3565255
[2023-04-15 07:04:56.580642: E /samgraph/3rdparty/collcachelib/coll_cache_lib/freq_recorder.cc:337] bulk append 1643209 into 123481780
[2023-04-15 07:04:56.588696: E /samgraph/3rdparty/collcachelib/coll_cache_lib/freq_recorder.cc:347] bulk append 3564854
[2023-04-15 07:04:56.589126: E /samgraph/3rdparty/collcachelib/coll_cache_lib/freq_recorder.cc:337] bulk append 1645235 into 125124989
[2023-04-15 07:04:56.597204: E /samgraph/3rdparty/collcachelib/coll_cache_lib/freq_recorder.cc:347] bulk append 3563635
[2023-04-15 07:04:56.597608: E /samgraph/3rdparty/collcachelib/coll_cache_lib/freq_recorder.cc:337] bulk append 1646951 into 126770224
[2023-04-15 07:04:56.605683: E /samgraph/3rdparty/collcachelib/coll_cache_lib/freq_recorder.cc:347] bulk append 3569816
[2023-04-15 07:04:56.606081: E /samgraph/3rdparty/collcachelib/coll_cache_lib/freq_recorder.cc:337] bulk append 1645849 into 128417175
[2023-04-15 07:04:56.614152: E /samgraph/3rdparty/collcachelib/coll_cache_lib/freq_recorder.cc:347] bulk append 3568526
[2023-04-15 07:04:56.614556: E /samgraph/3rdparty/collcachelib/coll_cache_lib/freq_recorder.cc:337] bulk append 1644663 into 130063024
[2023-04-15 07:04:56.622627: E /samgraph/3rdparty/collcachelib/coll_cache_lib/freq_recorder.cc:347] bulk append 3568299
[2023-04-15 07:04:56.623051: E /samgraph/3rdparty/collcachelib/coll_cache_lib/freq_recorder.cc:266] freq recorder global combining
[[2023-04-15 07:04:56[[[2023-04-15 07:04:56.[2023-04-15 07:04:56[2023-04-15 07:04:562023-04-15 07:04:56.6231042023-04-15 07:04:56.2023-04-15 07:04:56..623106: .623106.623104623106: E623111: 623115: : E : E: EE /samgraph/3rdparty/collcachelib/coll_cache_lib/run_config.ccE E  /samgraph/3rdparty/collcachelib/coll_cache_lib/run_config.cc: /samgraph/3rdparty/collcachelib/coll_cache_lib/run_config.cc /samgraph/3rdparty/collcachelib/coll_cache_lib/run_config.cc/samgraph/3rdparty/collcachelib/coll_cache_lib/run_config.cc:141/samgraph/3rdparty/collcachelib/coll_cache_lib/run_config.cc:/samgraph/3rdparty/collcachelib/coll_cache_lib/run_config.cc::141] :141:141141] using concurrent impl MPSPhase141] 141] ] using concurrent impl MPSPhase
] using concurrent impl MPSPhase] using concurrent impl MPSPhaseusing concurrent impl MPSPhase
using concurrent impl MPSPhase
using concurrent impl MPSPhase[


[
2023-04-15 07:04:56[[2023-04-15 07:04:56[.[2023-04-15 07:04:56[2023-04-15 07:04:56.2023-04-15 07:04:566233182023-04-15 07:04:56.2023-04-15 07:04:56.623330.: .623343.623337: 623344E623347: 623350: E:  : E: E E/samgraph/3rdparty/collcachelib/coll_cache_lib/facade.ccE E /samgraph/3rdparty/collcachelib/coll_cache_lib/facade.cc : /samgraph/3rdparty/collcachelib/coll_cache_lib/facade.cc /samgraph/3rdparty/collcachelib/coll_cache_lib/facade.cc:/samgraph/3rdparty/collcachelib/coll_cache_lib/facade.cc409/samgraph/3rdparty/collcachelib/coll_cache_lib/facade.cc:/samgraph/3rdparty/collcachelib/coll_cache_lib/facade.cc:409:] :409:409] 409before scale, dtype is 0, dim is 256409] 409] before scale, dtype is 0, dim is 256] 
] before scale, dtype is 0, dim is 256] before scale, dtype is 0, dim is 256
before scale, dtype is 0, dim is 256before scale, dtype is 0, dim is 256
[[before scale, dtype is 0, dim is 256


2023-04-15 07:04:562023-04-15 07:04:56[
.[.[2023-04-15 07:04:56[623549[2023-04-15 07:04:566235362023-04-15 07:04:56.2023-04-15 07:04:56: 2023-04-15 07:04:56.: .623554.E.623564E623566: 623568 623575:  : E: /samgraph/3rdparty/collcachelib/coll_cache_lib/facade.cc: E/samgraph/3rdparty/collcachelib/coll_cache_lib/facade.ccE E:E : /samgraph/3rdparty/collcachelib/coll_cache_lib/facade.cc 415 /samgraph/3rdparty/collcachelib/coll_cache_lib/facade.cc415/samgraph/3rdparty/collcachelib/coll_cache_lib/facade.cc:/samgraph/3rdparty/collcachelib/coll_cache_lib/facade.cc] /samgraph/3rdparty/collcachelib/coll_cache_lib/facade.cc:] :415:after scale, dtype is 7, new dim is 64:415after scale, dtype is 7, new dim is 64415] 415
415] 
] after scale, dtype is 7, new dim is 64] ] after scale, dtype is 7, new dim is 64after scale, dtype is 7, new dim is 64
after scale, dtype is 7, new dim is 64after scale, dtype is 7, new dim is 64



[2023-04-15 07:04:56.627154: E /samgraph/3rdparty/collcachelib/coll_cache_lib/coll_cache/asymm_link_desc.cc:181] v100x8, slow pcie
[2023-04-15 07:04:56.627190: E[ 2023-04-15 07:04:56/samgraph/3rdparty/collcachelib/coll_cache_lib/coll_cache/asymm_link_desc.cc.:627196207: ] Eassigning 8 to cpu 
/samgraph/3rdparty/collcachelib/coll_cache_lib/coll_cache/asymm_link_desc.cc:181] v100x8, slow pcie
[2023-04-15 07:04:56.[6272412023-04-15 07:04:56: .E627243 [: /samgraph/3rdparty/collcachelib/coll_cache_lib/coll_cache/asymm_link_desc.cc2023-04-15 07:04:56E:. 207627257/samgraph/3rdparty/collcachelib/coll_cache_lib/coll_cache/asymm_link_desc.cc] : :assigning 8 to cpuE181
 ] [/samgraph/3rdparty/collcachelib/coll_cache_lib/coll_cache/asymm_link_desc.ccv100x8, slow pcie2023-04-15 07:04:56:
.224627289] : build asymm link desc with 8X Tesla V100-SXM2-32GB out of 8[E
2023-04-15 07:04:56 .[/samgraph/3rdparty/collcachelib/coll_cache_lib/coll_cache/asymm_link_desc.cc6273122023-04-15 07:04:56:: .181E[627324[]  2023-04-15 07:04:56: 2023-04-15 07:04:56v100x8, slow pcie/samgraph/3rdparty/collcachelib/coll_cache_lib/coll_cache/asymm_link_desc.cc.E.
:627336 627335207: /samgraph/3rdparty/collcachelib/coll_cache_lib/coll_cache/asymm_link_desc.cc: [] E:[E2023-04-15 07:04:56assigning 8 to cpu 2242023-04-15 07:04:56 .
/samgraph/3rdparty/collcachelib/coll_cache_lib/coll_cache/asymm_link_desc.cc] ./samgraph/3rdparty/collcachelib/coll_cache_lib/coll_cache/asymm_link_desc.cc627374:build asymm link desc with 8X Tesla V100-SXM2-32GB out of 8627379:: 225
: 181E] E] [ [remote time is 15.5556 [v100x8, slow pcie2023-04-15 07:04:56/samgraph/3rdparty/collcachelib/coll_cache_lib/coll_cache/asymm_link_desc.cc2023-04-15 07:04:56
/samgraph/3rdparty/collcachelib/coll_cache_lib/coll_cache/asymm_link_desc.cc2023-04-15 07:04:56
.:.:[.[6274282076274331812023-04-15 07:04:566274392023-04-15 07:04:56: ] : ] .: .Eassigning 8 to cpuEv100x8, slow pcie627479E627472 
 
:  : /samgraph/3rdparty/collcachelib/coll_cache_lib/coll_cache/asymm_link_desc.cc/samgraph/3rdparty/collcachelib/coll_cache_lib/coll_cache/asymm_link_desc.ccE/samgraph/3rdparty/collcachelib/coll_cache_lib/coll_cache/asymm_link_desc.ccE[:: : 2023-04-15 07:04:56181224/samgraph/3rdparty/collcachelib/coll_cache_lib/coll_cache/asymm_link_desc.cc[225/samgraph/3rdparty/collcachelib/coll_cache_lib/coll_cache/asymm_link_desc.cc.] ] :2023-04-15 07:04:56] :627550v100x8, slow pciebuild asymm link desc with 8X Tesla V100-SXM2-32GB out of 8207.remote time is 15.5556226: 

] 627571
] Eassigning 8 to cpu: [cpu time is 102.941 
[2023-04-15 07:04:56[E2023-04-15 07:04:56
/samgraph/3rdparty/collcachelib/coll_cache_lib/coll_cache/asymm_link_desc.cc.2023-04-15 07:04:56 .:627640./samgraph/3rdparty/collcachelib/coll_cache_lib/coll_cache/asymm_link_desc.cc627634207: 627640[:: ] E: 2023-04-15 07:04:56[224Eassigning 8 to cpu E.2023-04-15 07:04:56]  
/samgraph/3rdparty/collcachelib/coll_cache_lib/coll_cache/asymm_link_desc.cc 627690.build asymm link desc with 8X Tesla V100-SXM2-32GB out of 8/samgraph/3rdparty/collcachelib/coll_cache_lib/coll_cache/asymm_link_desc.cc:/samgraph/3rdparty/collcachelib/coll_cache_lib/coll_cache/asymm_link_desc.cc: 627700
:226:E: [[207] 225 E2023-04-15 07:04:562023-04-15 07:04:56] cpu time is 102.941] /samgraph/3rdparty/collcachelib/coll_cache_lib/coll_cache/asymm_link_desc.cc ..assigning 8 to cpu
remote time is 15.5556:/samgraph/3rdparty/collcachelib/coll_cache_lib/facade.cc627785627776

224:: : ] 425E[Ebuild asymm link desc with 8X Tesla V100-SXM2-32GB out of 8]  [2023-04-15 07:04:56 
registering cpu data with 16.00 GB/samgraph/3rdparty/collcachelib/coll_cache_lib/coll_cache/asymm_link_desc.cc2023-04-15 07:04:56./samgraph/3rdparty/collcachelib/coll_cache_lib/coll_cache/asymm_link_desc.cc
:[.627851:[2252023-04-15 07:04:56627855: 2242023-04-15 07:04:56] .: E] .remote time is 15.5556627878E build asymm link desc with 8X Tesla V100-SXM2-32GB out of 8627884
:  /samgraph/3rdparty/collcachelib/coll_cache_lib/coll_cache/asymm_link_desc.cc
: E[/samgraph/3rdparty/collcachelib/coll_cache_lib/facade.cc:E 2023-04-15 07:04:56:[226 /samgraph/3rdparty/collcachelib/coll_cache_lib/coll_cache/asymm_link_desc.cc.4252023-04-15 07:04:56] /samgraph/3rdparty/collcachelib/coll_cache_lib/coll_cache/asymm_link_desc.cc:627949] .cpu time is 102.941:224: registering cpu data with 16.00 GB627963
225] E
: ] build asymm link desc with 8X Tesla V100-SXM2-32GB out of 8 Eremote time is 15.5556
/samgraph/3rdparty/collcachelib/coll_cache_lib/coll_cache/asymm_link_desc.cc 
[:/samgraph/3rdparty/collcachelib/coll_cache_lib/coll_cache/asymm_link_desc.cc2023-04-15 07:04:56226:[.] [2252023-04-15 07:04:56628048cpu time is 102.9412023-04-15 07:04:56] .: 
.remote time is 15.5556628063E628066
:  : E/samgraph/3rdparty/collcachelib/coll_cache_lib/facade.cc[E[ :2023-04-15 07:04:56 2023-04-15 07:04:56/samgraph/3rdparty/collcachelib/coll_cache_lib/coll_cache/asymm_link_desc.cc425./samgraph/3rdparty/collcachelib/coll_cache_lib/coll_cache/asymm_link_desc.cc.:] 628124:628125226registering cpu data with 16.00 GB: 225: ] 
E] Ecpu time is 102.941 remote time is 15.5556 
/samgraph/3rdparty/collcachelib/coll_cache_lib/coll_cache/asymm_link_desc.cc
/samgraph/3rdparty/collcachelib/coll_cache_lib/facade.cc::226[425] 2023-04-15 07:04:56] cpu time is 102.941.[registering cpu data with 16.00 GB
6282262023-04-15 07:04:56
: .E628239 : /samgraph/3rdparty/collcachelib/coll_cache_lib/coll_cache/asymm_link_desc.ccE: 226/samgraph/3rdparty/collcachelib/coll_cache_lib/facade.cc[] :2023-04-15 07:04:56cpu time is 102.941425.
] 628284registering cpu data with 16.00 GB: 
E /samgraph/3rdparty/collcachelib/coll_cache_lib/facade.cc:425] registering cpu data with 16.00 GB
[2023-04-15 07:04:56.628353: E /samgraph/3rdparty/collcachelib/coll_cache_lib/facade.cc:425] registering cpu data with 16.00 GB
[2023-04-15 07:05:01.298961: E /samgraph/3rdparty/collcachelib/coll_cache_lib/facade.cc:427] registering cpu data done.
[2023-04-15 07:05:01.299092: E /samgraph/3rdparty/collcachelib/coll_cache_lib/facade.cc:427] registering cpu data done.
[2023-04-15 07:05:01.299237: E /samgraph/3rdparty/collcachelib/coll_cache_lib/facade.cc:427] registering cpu data done.
[2023-04-15 07:05:01.299430: E /samgraph/3rdparty/collcachelib/coll_cache_lib/facade.cc:427] registering cpu data done.
[2023-04-15 07:05:01.299636: E /samgraph/3rdparty/collcachelib/coll_cache_lib/facade.cc:427] registering cpu data done.
[2023-04-15 07:05:01.299783: E /samgraph/3rdparty/collcachelib/coll_cache_lib/facade.cc:427] registering cpu data done.
[2023-04-15 07:05:01.305903: E /samgraph/3rdparty/collcachelib/coll_cache_lib/facade.cc:427] registering cpu data done.
[2023-04-15 07:05:05.859282: E /samgraph/3rdparty/collcachelib/coll_cache_lib/freq_recorder.cc:269] freq recorder global combine from 131707687 to 37604866
[2023-04-15 07:05:07.  3969: E /samgraph/3rdparty/collcachelib/coll_cache_lib/freq_recorder.cc:286] top 5 freq is 207,205,203,203,203
[2023-04-15 07:05:07.  4202: E /samgraph/3rdparty/collcachelib/coll_cache_lib/run_config.cc:141] using concurrent impl MPSPhase
[2023-04-15 07:05:07.  4260: E /samgraph/3rdparty/collcachelib/coll_cache_lib/facade.cc:409] before scale, dtype is 0, dim is 256
[2023-04-15 07:05:07.  4295: E /samgraph/3rdparty/collcachelib/coll_cache_lib/facade.cc:415] after scale, dtype is 7, new dim is 64
[2023-04-15 07:05:07.  4967: E /samgraph/3rdparty/collcachelib/coll_cache_lib/coll_cache/asymm_link_desc.cc:181] v100x8, slow pcie
[2023-04-15 07:05:07.  5009: E /samgraph/3rdparty/collcachelib/coll_cache_lib/coll_cache/asymm_link_desc.cc:207] assigning 8 to cpu
[2023-04-15 07:05:07.  5075: E /samgraph/3rdparty/collcachelib/coll_cache_lib/coll_cache/asymm_link_desc.cc:224] build asymm link desc with 8X Tesla V100-SXM2-32GB out of 8
[2023-04-15 07:05:07.  5123: E /samgraph/3rdparty/collcachelib/coll_cache_lib/coll_cache/asymm_link_desc.cc:225] remote time is 15.5556
[2023-04-15 07:05:07.  5158: E /samgraph/3rdparty/collcachelib/coll_cache_lib/coll_cache/asymm_link_desc.cc:226] cpu time is 102.941
[2023-04-15 07:05:07.  5234: E /samgraph/3rdparty/collcachelib/coll_cache_lib/facade.cc:425] registering cpu data with 16.00 GB
[2023-04-15 07:05:07.903348: E /samgraph/3rdparty/collcachelib/coll_cache_lib/facade.cc:427] registering cpu data done.
[2023-04-15 07:05:07.903430: E /samgraph/3rdparty/collcachelib/coll_cache_lib/facade.cc:174] creating solver
[2023-04-15 07:05:07.903465: E /samgraph/3rdparty/collcachelib/coll_cache_lib/facade.cc:214] solver created. now build & solve
[2023-04-15 07:05:07.929562: E /samgraph/3rdparty/collcachelib/coll_cache_lib/coll_cache/optimal_solver_class.cc:309] reconfigured max freq to be 207
[2023-04-15 07:05:07.929604: E /samgraph/3rdparty/collcachelib/coll_cache_lib/coll_cache/optimal_solver_class.cc:311] reconfigured num slot to be 8
[2023-04-15 07:05:07.929629: W /samgraph/3rdparty/collcachelib/coll_cache_lib/coll_cache/optimal_solver_class.cc:318] counting slots...
[2023-04-15 07:05:08.395184: W /samgraph/3rdparty/collcachelib/coll_cache_lib/coll_cache/optimal_solver_class.cc:367] Final num slot is 26
[2023-04-15 07:05:08.395289: W /samgraph/3rdparty/collcachelib/coll_cache_lib/coll_cache/optimal_solver_class.cc:371] preparing block granularity...
[2023-04-15 07:05:08.395326: E /samgraph/3rdparty/collcachelib/coll_cache_lib/coll_cache/optimal_solver_class.cc:399] slot 0 has 27034 nodes, max_size set to 3380, #slice=8
[2023-04-15 07:05:08.395363: E /samgraph/3rdparty/collcachelib/coll_cache_lib/coll_cache/optimal_solver_class.cc:399] slot 1 has 304661 nodes, max_size set to 38083, #slice=8
[2023-04-15 07:05:08.395398: E /samgraph/3rdparty/collcachelib/coll_cache_lib/coll_cache/optimal_solver_class.cc:399] slot 2 has 1671247 nodes, max_size set to 157460, #slice=16
[2023-04-15 07:05:08.395432: E /samgraph/3rdparty/collcachelib/coll_cache_lib/coll_cache/optimal_solver_class.cc:399] slot 3 has 4746653 nodes, max_size set to 157460, #slice=32
[2023-04-15 07:05:08.395465: E /samgraph/3rdparty/collcachelib/coll_cache_lib/coll_cache/optimal_solver_class.cc:399] slot 4 has 6483693 nodes, max_size set to 157460, #slice=48
[2023-04-15 07:05:08.395499: E /samgraph/3rdparty/collcachelib/coll_cache_lib/coll_cache/optimal_solver_class.cc:399] slot 5 has 6603639 nodes, max_size set to 157460, #slice=48
[2023-04-15 07:05:08.395532: E /samgraph/3rdparty/collcachelib/coll_cache_lib/coll_cache/optimal_solver_class.cc:399] slot 6 has 17767939 nodes, max_size set to 157460, #slice=120
[2023-04-15 07:05:08.395566: E /samgraph/3rdparty/collcachelib/coll_cache_lib/coll_cache/optimal_solver_class.cc:399] slot 7 has 280301 nodes, max_size set to 35038, #slice=8
[2023-04-15 07:05:08.395600: E /samgraph/3rdparty/collcachelib/coll_cache_lib/coll_cache/optimal_solver_class.cc:399] slot 8 has 279621 nodes, max_size set to 34953, #slice=8
[2023-04-15 07:05:08.395633: E /samgraph/3rdparty/collcachelib/coll_cache_lib/coll_cache/optimal_solver_class.cc:399] slot 9 has 280593 nodes, max_size set to 35075, #slice=8
[2023-04-15 07:05:08.395667: E /samgraph/3rdparty/collcachelib/coll_cache_lib/coll_cache/optimal_solver_class.cc:399] slot 10 has 280169 nodes, max_size set to 35022, #slice=8
[2023-04-15 07:05:08.395715: E /samgraph/3rdparty/collcachelib/coll_cache_lib/coll_cache/optimal_solver_class.cc:399] slot 11 has 280336 nodes, max_size set to 35042, #slice=8
[2023-04-15 07:05:08.395749: E /samgraph/3rdparty/collcachelib/coll_cache_lib/coll_cache/optimal_solver_class.cc:399] slot 12 has 280289 nodes, max_size set to 35037, #slice=8
[2023-04-15 07:05:08.395782: E /samgraph/3rdparty/collcachelib/coll_cache_lib/coll_cache/optimal_solver_class.cc:399] slot 13 has 280834 nodes, max_size set to 35105, #slice=8
[2023-04-15 07:05:08.395816: E /samgraph/3rdparty/collcachelib/coll_cache_lib/coll_cache/optimal_solver_class.cc:399] slot 14 has 280910 nodes, max_size set to 35114, #slice=8
[2023-04-15 07:05:08.395849: E /samgraph/3rdparty/collcachelib/coll_cache_lib/coll_cache/optimal_solver_class.cc:399] slot 15 has 279991 nodes, max_size set to 34999, #slice=8
[2023-04-15 07:05:08.395883: E /samgraph/3rdparty/collcachelib/coll_cache_lib/coll_cache/optimal_solver_class.cc:399] slot 16 has 280475 nodes, max_size set to 35060, #slice=8
[2023-04-15 07:05:08.395916: E /samgraph/3rdparty/collcachelib/coll_cache_lib/coll_cache/optimal_solver_class.cc:399] slot 17 has 2801463 nodes, max_size set to 157460, #slice=24
[2023-04-15 07:05:08.395950: E /samgraph/3rdparty/collcachelib/coll_cache_lib/coll_cache/optimal_solver_class.cc:399] slot 18 has 2801664 nodes, max_size set to 157460, #slice=24
[2023-04-15 07:05:08.395983: E /samgraph/3rdparty/collcachelib/coll_cache_lib/coll_cache/optimal_solver_class.cc:399] slot 19 has 2802107 nodes, max_size set to 157460, #slice=24
[2023-04-15 07:05:08.396017: E /samgraph/3rdparty/collcachelib/coll_cache_lib/coll_cache/optimal_solver_class.cc:399] slot 20 has 2800878 nodes, max_size set to 157460, #slice=24
[2023-04-15 07:05:08.396050: E /samgraph/3rdparty/collcachelib/coll_cache_lib/coll_cache/optimal_solver_class.cc:399] slot 21 has 2798035 nodes, max_size set to 157460, #slice=24
[2023-04-15 07:05:08.396084: E /samgraph/3rdparty/collcachelib/coll_cache_lib/coll_cache/optimal_solver_class.cc:399] slot 22 has 2799663 nodes, max_size set to 157460, #slice=24
[2023-04-15 07:05:08.396117: E /samgraph/3rdparty/collcachelib/coll_cache_lib/coll_cache/optimal_solver_class.cc:399] slot 23 has 2798279 nodes, max_size set to 157460, #slice=24
[2023-04-15 07:05:08.396151: E /samgraph/3rdparty/collcachelib/coll_cache_lib/coll_cache/optimal_solver_class.cc:399] slot 24 has 2796300 nodes, max_size set to 157460, #slice=24
[2023-04-15 07:05:08.396184: E /samgraph/3rdparty/collcachelib/coll_cache_lib/coll_cache/optimal_solver_class.cc:399] slot 25 has 2801592 nodes, max_size set to 157460, #slice=24
[2023-04-15 07:05:08.396218: W /samgraph/3rdparty/collcachelib/coll_cache_lib/coll_cache/optimal_solver_class.cc:405] counting blocks...
[2023-04-15 07:05:08.481484: W /samgraph/3rdparty/collcachelib/coll_cache_lib/coll_cache/optimal_solver_class.cc:425] Final num block is 576
[2023-04-15 07:05:08.481546: W /samgraph/3rdparty/collcachelib/coll_cache_lib/coll_cache/optimal_solver_class.cc:430] counting freq and density...
[2023-04-15 07:05:08.487155: W /samgraph/3rdparty/collcachelib/coll_cache_lib/coll_cache/optimal_solver_class.cc:479] averaging freq and density...
[2023-04-15 07:05:08.487224: W /samgraph/3rdparty/collcachelib/coll_cache_lib/coll_cache/optimal_solver_class.cc:480] 576
[2023-04-15 07:05:08.499027: E /samgraph/3rdparty/collcachelib/coll_cache_lib/facade.cc:218] solver built. now solve
[2023-04-15 07:05:08.499079: W /samgraph/3rdparty/collcachelib/coll_cache_lib/coll_cache/optimal_solver_class.cc:893] constructing optimal solver, device=8, stream=1
576 blocks, 8 devices
[2023-04-15 07:05:08.658795: W /samgraph/3rdparty/collcachelib/coll_cache_lib/coll_cache/optimal_solver_class.cc:1078] Add Var...
[2023-04-15 07:05:08.674357: W /samgraph/3rdparty/collcachelib/coll_cache_lib/coll_cache/optimal_solver_class.cc:1096] Capacity...
[2023-04-15 07:05:08.675225: W /samgraph/3rdparty/collcachelib/coll_cache_lib/coll_cache/optimal_solver_class.cc:1099] Connect CPU...
[2023-04-15 07:05:08.686767: W /samgraph/3rdparty/collcachelib/coll_cache_lib/coll_cache/optimal_solver_class.cc:1101] Connect Access To Storage...
[2023-04-15 07:05:08.972216: W /samgraph/3rdparty/collcachelib/coll_cache_lib/coll_cache/optimal_solver_class.cc:1105] Time...
[2023-04-15 07:05:08.973503: E /samgraph/3rdparty/collcachelib/coll_cache_lib/coll_cache/optimal_solver_class.cc:1067] dst 0, total sm is 80
[2023-04-15 07:05:08.975086: E /samgraph/3rdparty/collcachelib/coll_cache_lib/coll_cache/optimal_solver_class.cc:1067] dst 1, total sm is 80
[2023-04-15 07:05:08.976631: E /samgraph/3rdparty/collcachelib/coll_cache_lib/coll_cache/optimal_solver_class.cc:1067] dst 2, total sm is 80
[2023-04-15 07:05:08.978156: E /samgraph/3rdparty/collcachelib/coll_cache_lib/coll_cache/optimal_solver_class.cc:1067] dst 3, total sm is 80
[2023-04-15 07:05:08.979699: E /samgraph/3rdparty/collcachelib/coll_cache_lib/coll_cache/optimal_solver_class.cc:1067] dst 4, total sm is 80
[2023-04-15 07:05:08.981235: E /samgraph/3rdparty/collcachelib/coll_cache_lib/coll_cache/optimal_solver_class.cc:1067] dst 5, total sm is 80
[2023-04-15 07:05:08.982780: E /samgraph/3rdparty/collcachelib/coll_cache_lib/coll_cache/optimal_solver_class.cc:1067] dst 6, total sm is 80
[2023-04-15 07:05:08.984302: E /samgraph/3rdparty/collcachelib/coll_cache_lib/coll_cache/optimal_solver_class.cc:1067] dst 7, total sm is 80
[2023-04-15 07:05:32.925415: W /samgraph/3rdparty/collcachelib/coll_cache_lib/coll_cache/optimal_solver_class.cc:1124] Coll Cache init block placement array
[2023-04-15 07:05:32.929979: W /samgraph/3rdparty/collcachelib/coll_cache_lib/coll_cache/optimal_solver_class.cc:1200] Coll Cache init block placement array done
[2023-04-15 07:05:32.937734: W /samgraph/3rdparty/collcachelib/coll_cache_lib/coll_cache/optimal_solver_class.cc:1202] Coll Cache model reset done
[2023-04-15 07:05:32.963556: E /samgraph/3rdparty/collcachelib/coll_cache_lib/facade.cc:222] solver solved
[2023-04-15 07:05:32.963652: E /samgraph/3rdparty/collcachelib/coll_cache_lib/facade.cc:437] 0 solved master
[2023-04-15 07:05:32.963685: E /samgraph/3rdparty/collcachelib/coll_cache_lib/facade.cc:444] 0 solved
[2023-04-15 07:05:32.963722: E /samgraph/3rdparty/collcachelib/coll_cache_lib/facade.cc:447] worker 0 thread 0 initing device 0
[2023-04-15 07:05:32.964347: E /samgraph/3rdparty/collcachelib/coll_cache_lib/cache_context.cu:2320] Building Coll Cache with ... num gpu device is 8
[2023-04-15 07:05:32.964536: E /samgraph/3rdparty/collcachelib/coll_cache_lib/cuda/cache_hashtable.cuh:611] per src size local is 8654808
[2023-04-15 07:05:32.974442: E /samgraph/3rdparty/collcachelib/coll_cache_lib/facade.cc:444] 7 solved
[2023-04-15 07:05:32.974504: E /samgraph/3rdparty/collcachelib/coll_cache_lib/facade.cc:447] worker 0 thread 7 initing device 7
[2023-04-15 07:05:32.974844: E /samgraph/3rdparty/collcachelib/coll_cache_lib/cache_context.cu:2320] Building Coll Cache with ... num gpu device is 8
[2023-04-15 07:05:32.975066: E /samgraph/3rdparty/collcachelib/coll_cache_lib/facade.cc:444] 6 solved
[2023-04-15 07:05:32.975123: E /samgraph/3rdparty/collcachelib/coll_cache_lib/facade.cc:447] worker 0 thread 6 initing device 6
[2023-04-15 07:05:32.975442: E /samgraph/3rdparty/collcachelib/coll_cache_lib/cache_context.cu:2320] Building Coll Cache with ... num gpu device is 8
[2023-04-15 07:05:33.  1142: E /samgraph/3rdparty/collcachelib/coll_cache_lib/facade.cc:444] 2 solved
[2023-04-15 07:05:33.  1228: E /samgraph/3rdparty/collcachelib/coll_cache_lib/facade.cc:447] worker 0 thread 2 initing device 2
[2023-04-15 07:05:33.  1574: E /samgraph/3rdparty/collcachelib/coll_cache_lib/cache_context.cu:2320] Building Coll Cache with ... num gpu device is 8
[2023-04-15 07:05:33. 21172: E /samgraph/3rdparty/collcachelib/coll_cache_lib/facade.cc:444] 1 solved
[2023-04-15 07:05:33. 21251: E /samgraph/3rdparty/collcachelib/coll_cache_lib/facade.cc:447] worker 0 thread 1 initing device 1
[2023-04-15 07:05:33. 21603: E /samgraph/3rdparty/collcachelib/coll_cache_lib/cache_context.cu:2320] Building Coll Cache with ... num gpu device is 8
[2023-04-15 07:05:33. 25370: E /samgraph/3rdparty/collcachelib/coll_cache_lib/facade.cc:444] 3 solved
[2023-04-15 07:05:33. 25429: E /samgraph/3rdparty/collcachelib/coll_cache_lib/facade.cc:447] worker 0 thread 3 initing device 3
[2023-04-15 07:05:33. 25762: E /samgraph/3rdparty/collcachelib/coll_cache_lib/cache_context.cu:2320] Building Coll Cache with ... num gpu device is 8
[2023-04-15 07:05:33. 31406: E /samgraph/3rdparty/collcachelib/coll_cache_lib/facade.cc:444] 4 solved
[2023-04-15 07:05:33. 31470: E /samgraph/3rdparty/collcachelib/coll_cache_lib/facade.cc:447] worker 0 thread 4 initing device 4
[2023-04-15 07:05:33. 31803: E /samgraph/3rdparty/collcachelib/coll_cache_lib/cache_context.cu:2320] Building Coll Cache with ... num gpu device is 8
[2023-04-15 07:05:33. 35274: E /samgraph/3rdparty/collcachelib/coll_cache_lib/facade.cc:444] 5 solved
[2023-04-15 07:05:33. 35332: E /samgraph/3rdparty/collcachelib/coll_cache_lib/facade.cc:447] worker 0 thread 5 initing device 5
[2023-04-15 07:05:33. 35660: E /samgraph/3rdparty/collcachelib/coll_cache_lib/cache_context.cu:2320] Building Coll Cache with ... num gpu device is 8
[2023-04-15 07:05:33.198079: E /samgraph/3rdparty/collcachelib/coll_cache_lib/cache_context.cu:2362] num cpu nodes is 34188677
[2023-04-15 07:05:33.211948: E /samgraph/3rdparty/collcachelib/coll_cache_lib/cache_context.cu:2362] num cpu nodes is 34188677
[2023-04-15 07:05:33.217272: E /samgraph/3rdparty/collcachelib/coll_cache_lib/cache_context.cu:2362] num cpu nodes is 34188677
[2023-04-15 07:05:33.245725: E /samgraph/3rdparty/collcachelib/coll_cache_lib/cache_context.cu:2362] num cpu nodes is 34188677
[2023-04-15 07:05:33.247751: E /samgraph/3rdparty/collcachelib/coll_cache_lib/cache_context.cu:2362] num cpu nodes is 34188677
[2023-04-15 07:05:33.256781: E /samgraph/3rdparty/collcachelib/coll_cache_lib/cache_context.cu:2362] num cpu nodes is 34188677
[2023-04-15 07:05:33.269420: E /samgraph/3rdparty/collcachelib/coll_cache_lib/cache_context.cu:2362] num cpu nodes is 34188677
[2023-04-15 07:05:33.271006: E /samgraph/3rdparty/collcachelib/coll_cache_lib/cache_context.cu:2362] num cpu nodes is 34188677
[2023-04-15 07:05:34.454238: E /samgraph/3rdparty/collcachelib/coll_cache_lib/cuda/cache_hashtable.cu:355] create a hashtable with 31419689 possible elem, scale to 67108864
[2023-04-15 07:05:34.454328: E /samgraph/3rdparty/collcachelib/coll_cache_lib/cuda/cache_hashtable.cu:360] SimpleHashTable allocating 512.00 MB
[2023-04-15 07:05:34.530055: E /samgraph/3rdparty/collcachelib/coll_cache_lib/cuda/cache_hashtable.cu:355] create a hashtable with 31419689 possible elem, scale to 67108864
[2023-04-15 07:05:34.530125: E /samgraph/3rdparty/collcachelib/coll_cache_lib/cuda/cache_hashtable.cu:360] SimpleHashTable allocating 512.00 MB
[2023-04-15 07:05:34.535118: E /samgraph/3rdparty/collcachelib/coll_cache_lib/cuda/cache_hashtable.cu:355] create a hashtable with 31419689 possible elem, scale to 67108864
[2023-04-15 07:05:34.535196: E /samgraph/3rdparty/collcachelib/coll_cache_lib/cuda/cache_hashtable.cu:360] SimpleHashTable allocating 512.00 MB
[2023-04-15 07:05:34.538744: E /samgraph/3rdparty/collcachelib/coll_cache_lib/cuda/cache_hashtable.cu:355] create a hashtable with 31419689 possible elem, scale to 67108864
[2023-04-15 07:05:34.538808: E /samgraph/3rdparty/collcachelib/coll_cache_lib/cuda/cache_hashtable.cu:360] SimpleHashTable allocating 512.00 MB
[2023-04-15 07:05:34.595261: E /samgraph/3rdparty/collcachelib/coll_cache_lib/cuda/cache_hashtable.cu:355] create a hashtable with 31419689 possible elem, scale to 67108864
[2023-04-15 07:05:34.595320: E /samgraph/3rdparty/collcachelib/coll_cache_lib/cuda/cache_hashtable.cu:360] SimpleHashTable allocating 512.00 MB
[2023-04-15 07:05:34.597907: E /samgraph/3rdparty/collcachelib/coll_cache_lib/cuda/cache_hashtable.cu:355] create a hashtable with 31419689 possible elem, scale to 67108864
[2023-04-15 07:05:34.597961: E /samgraph/3rdparty/collcachelib/coll_cache_lib/cuda/cache_hashtable.cu:360] SimpleHashTable allocating 512.00 MB
[2023-04-15 07:05:34.601427: E /samgraph/3rdparty/collcachelib/coll_cache_lib/cuda/cache_hashtable.cu:355] create a hashtable with 31419689 possible elem, scale to 67108864[
2023-04-15 07:05:34.601453: E /samgraph/3rdparty/collcachelib/coll_cache_lib/cuda/cache_hashtable.cu[:2023-04-15 07:05:34355.] 601491create a hashtable with 31419689 possible elem, scale to 67108864: 
E /samgraph/3rdparty/collcachelib/coll_cache_lib/cuda/cache_hashtable.cu:360] SimpleHashTable allocating 512.00 MB
[2023-04-15 07:05:34.601522: E /samgraph/3rdparty/collcachelib/coll_cache_lib/cuda/cache_hashtable.cu:360] SimpleHashTable allocating 512.00 MB
[2023-04-15 07:05:34.771448: E /samgraph/3rdparty/collcachelib/coll_cache_lib/common.cc:107] too many mem allocated for forcescale?7938612->67107
[2023-04-15 07:05:34.773250: E /samgraph/3rdparty/collcachelib/coll_cache_lib/cache_context.cu:2439] Asymm Coll cache (policy: coll_cache_asymm_link) | local 7871505 / 65608366 nodes ( 12.00 %~12.00 %) | remote 23548184 / 65608366 nodes ( 35.89 %) | cpu 34188677 / 65608366 nodes ( 52.11 %) | 7.57 GB | 1.77164 secs 
[2023-04-15 07:05:34.774603: E /samgraph/3rdparty/collcachelib/coll_cache_lib/common.cc:107] too many mem allocated for forcescale?7938612->94999
[2023-04-15 07:05:34.776328: E /samgraph/3rdparty/collcachelib/coll_cache_lib/cache_context.cu:2439] Asymm Coll cache (policy: coll_cache_asymm_link) | local 7843613 / 65608366 nodes ( 11.96 %~12.00 %) | remote 23576076 / 65608366 nodes ( 35.93 %) | cpu 34188677 / 65608366 nodes ( 52.11 %) | 7.57 GB | 1.74064 secs 
[2023-04-15 07:05:34.783724: E /samgraph/3rdparty/collcachelib/coll_cache_lib/common.cc:107] too many mem allocated for forcescale?7938612->66521
[2023-04-15 07:05:34.785126: E /samgraph/3rdparty/collcachelib/coll_cache_lib/common.cc:107] too many mem allocated for forcescale?7938612->66454
[2023-04-15 07:05:34.785377: E /samgraph/3rdparty/collcachelib/coll_cache_lib/cache_context.cu:2439] Asymm Coll cache (policy: coll_cache_asymm_link) | local 7872091 / 65608366 nodes ( 12.00 %~12.00 %) | remote 23547598 / 65608366 nodes ( 35.89 %) | cpu 34188677 / 65608366 nodes ( 52.11 %) | 7.57 GB | 1.75354 secs 
[2023-04-15 07:05:34.787547: E /samgraph/3rdparty/collcachelib/coll_cache_lib/cache_context.cu:2439] Asymm Coll cache (policy: coll_cache_asymm_link) | local 7872158 / 65608366 nodes ( 12.00 %~12.00 %) | remote 23547531 / 65608366 nodes ( 35.89 %) | cpu 34188677 / 65608366 nodes ( 52.11 %) | 7.57 GB | 1.76175 secs 
[2023-04-15 07:05:34.787639: E /samgraph/3rdparty/collcachelib/coll_cache_lib/common.cc:107] too many mem allocated for forcescale?7938612->66553
[2023-04-15 07:05:34.787789: E /samgraph/3rdparty/collcachelib/coll_cache_lib/common.cc:107] too many mem allocated for forcescale?7938612->70695
[2023-04-15 07:05:34.788748: E /samgraph/3rdparty/collcachelib/coll_cache_lib/common.cc:107] too many mem allocated for forcescale?7938612->123725
[2023-04-15 07:05:34.788907: E /samgraph/3rdparty/collcachelib/coll_cache_lib/common.cc:107] too many mem allocated for forcescale?7938612->99908
[2023-04-15 07:05:34.792623: E /samgraph/3rdparty/collcachelib/coll_cache_lib/cache_context.cu:2439] Asymm Coll cache (policy: coll_cache_asymm_link) | local 7838704 / 65608366 nodes ( 11.95 %~12.00 %) | remote 23580985 / 65608366 nodes ( 35.94 %) | cpu 34188677 / 65608366 nodes ( 52.11 %) | 7.57 GB | 1.81715 secs 
[2023-04-15 07:05:34.797224: E /samgraph/3rdparty/collcachelib/coll_cache_lib/cache_context.cu:2439] Asymm Coll cache (policy: coll_cache_asymm_link) | local 7867917 / 65608366 nodes ( 11.99 %~12.00 %) | remote 23551772 / 65608366 nodes ( 35.90 %) | cpu 34188677 / 65608366 nodes ( 52.11 %) | 7.57 GB | 1.83284 secs 
[2023-04-15 07:05:34.799402: E /samgraph/3rdparty/collcachelib/coll_cache_lib/cache_context.cu:2439] Asymm Coll cache (policy: coll_cache_asymm_link) | local 7872059 / 65608366 nodes ( 12.00 %~12.00 %) | remote 23547630 / 65608366 nodes ( 35.89 %) | cpu 34188677 / 65608366 nodes ( 52.11 %) | 7.57 GB | 1.82452 secs 
[2023-04-15 07:05:34.800922: E /samgraph/3rdparty/collcachelib/coll_cache_lib/cache_context.cu:2439] Asymm Coll cache (policy: coll_cache_asymm_link) | local 7814887 / 65608366 nodes ( 11.91 %~12.00 %) | remote 23604802 / 65608366 nodes ( 35.98 %) | cpu 34188677 / 65608366 nodes ( 52.11 %) | 7.57 GB | 1.77927 secs 
[2023-04-15 07:05:34.821607: W /samgraph/3rdparty/collcachelib/coll_cache_lib/cache_context.cu:3958] before create ctx, mem is 13.20 GB
[2023-04-15 07:05:34.821718: W /samgraph/3rdparty/collcachelib/coll_cache_lib/cache_context.cu:3958] before create ctx, mem is 13.20 GB
[2023-04-15 07:05:34.822038: W /samgraph/3rdparty/collcachelib/coll_cache_lib/cache_context.cu:3958] before create ctx, mem is 13.20 GB
[2023-04-15 07:05:34.822131: W /samgraph/3rdparty/collcachelib/coll_cache_lib/cache_context.cu:3958] before create ctx, mem is 13.20 GB
[2023-04-15 07:05:34.822273: W /samgraph/3rdparty/collcachelib/coll_cache_lib/cache_context.cu:3958] before create ctx, mem is 13.20 GB
[2023-04-15 07:05:43.961208: W /samgraph/3rdparty/collcachelib/coll_cache_lib/cache_context.cu:3958] after create ctx, mem is 15.10 GB
[2023-04-15 07:05:43.961367: W /samgraph/3rdparty/collcachelib/coll_cache_lib/cache_context.cu:3958] after create stream, mem is 15.10 GB
[2023-04-15 07:05:44.156167: W /samgraph/3rdparty/collcachelib/coll_cache_lib/cache_context.cu:3958] after create ctx, mem is 15.16 GB
[2023-04-15 07:05:44.156287: W /samgraph/3rdparty/collcachelib/coll_cache_lib/cache_context.cu:3958] after create stream, mem is 15.16 GB
[2023-04-15 07:05:44.346123: W /samgraph/3rdparty/collcachelib/coll_cache_lib/cache_context.cu:3958] after create ctx, mem is 15.22 GB
[2023-04-15 07:05:44.346283: W /samgraph/3rdparty/collcachelib/coll_cache_lib/cache_context.cu:3958] after create stream, mem is 15.22 GB
[2023-04-15 07:05:44.444325: W /samgraph/3rdparty/collcachelib/coll_cache_lib/cache_context.cu:3958] after create ctx, mem is 15.25 GB
[2023-04-15 07:05:44.444565: W /samgraph/3rdparty/collcachelib/coll_cache_lib/cache_context.cu:3958] after create stream, mem is 15.25 GB
[2023-04-15 07:05:44.547116: W /samgraph/3rdparty/collcachelib/coll_cache_lib/cache_context.cu:3958] after create ctx, mem is 15.28 GB
[2023-04-15 07:05:44.547274: W /samgraph/3rdparty/collcachelib/coll_cache_lib/cache_context.cu:3958] after create stream, mem is 15.28 GB
/usr/local/lib/python3.8/dist-packages/torch/nn/parallel/scatter_gather.py:9: UserWarning: is_namedtuple is deprecated, please use the python checks instead
  warnings.warn("is_namedtuple is deprecated, please use the python checks instead")
/usr/local/lib/python3.8/dist-packages/torch/nn/parallel/scatter_gather.py:9: UserWarning: is_namedtuple is deprecated, please use the python checks instead
  warnings.warn("is_namedtuple is deprecated, please use the python checks instead")
/usr/local/lib/python3.8/dist-packages/torch/nn/parallel/scatter_gather.py:9: UserWarning: is_namedtuple is deprecated, please use the python checks instead
  warnings.warn("is_namedtuple is deprecated, please use the python checks instead")
/usr/local/lib/python3.8/dist-packages/torch/nn/parallel/scatter_gather.py:9: UserWarning: is_namedtuple is deprecated, please use the python checks instead
  warnings.warn("is_namedtuple is deprecated, please use the python checks instead")
/usr/local/lib/python3.8/dist-packages/torch/nn/parallel/scatter_gather.py:9: UserWarning: is_namedtuple is deprecated, please use the python checks instead
  warnings.warn("is_namedtuple is deprecated, please use the python checks instead")
/usr/local/lib/python3.8/dist-packages/torch/nn/parallel/scatter_gather.py:9: UserWarning: is_namedtuple is deprecated, please use the python checks instead
  warnings.warn("is_namedtuple is deprecated, please use the python checks instead")
/usr/local/lib/python3.8/dist-packages/torch/nn/parallel/scatter_gather.py:9: UserWarning: is_namedtuple is deprecated, please use the python checks instead
  warnings.warn("is_namedtuple is deprecated, please use the python checks instead")
/usr/local/lib/python3.8/dist-packages/torch/nn/parallel/scatter_gather.py:9: UserWarning: is_namedtuple is deprecated, please use the python checks instead
  warnings.warn("is_namedtuple is deprecated, please use the python checks instead")
