/usr/lib/python3/dist-packages/requests/__init__.py:89: RequestsDependencyWarning: urllib3 (1.26.12) or chardet (3.0.4) doesn't match a supported version!
  warnings.warn("urllib3 ({}) or chardet ({}) doesn't match a supported "
[W socket.cpp:601] [c10d] The client socket has failed to connect to [localhost]:12335 (errno: 99 - Cannot assign requested address).
[W socket.cpp:601] [c10d] The client socket has failed to connect to [localhost]:12335 (errno: 99 - Cannot assign requested address).
Rank=2 done reading 27764990 embedding vectors from file /nvme/songxiaoniu/graph-learning/wholegraph/ogbn_papers100M/converted/homograph_csr_row_ptr
Rank=3 done reading 27764987 embedding vectors from file /nvme/songxiaoniu/graph-learning/wholegraph/ogbn_papers100M/converted/homograph_csr_row_ptr
Rank=2 done reading 27764990 embedding vectors from file /nvme/songxiaoniu/graph-learning/wholegraph/ogbn_papers100M/converted/homograph_csr_row_ptr
Rank=3 done reading 27764987 embedding vectors from file /nvme/songxiaoniu/graph-learning/wholegraph/ogbn_papers100M/converted/homograph_csr_row_ptr
Rank=1 done reading 27764990 embedding vectors from file /nvme/songxiaoniu/graph-learning/wholegraph/ogbn_papers100M/converted/homograph_csr_row_ptr
Rank=0 done reading 27764990 embedding vectors from file /nvme/songxiaoniu/graph-learning/wholegraph/ogbn_papers100M/converted/homograph_csr_row_ptr
Rank=0 done reading 27764990 embedding vectors from file /nvme/songxiaoniu/graph-learning/wholegraph/ogbn_papers100M/converted/homograph_csr_row_ptr
Rank=1 done reading 27764990 embedding vectors from file /nvme/songxiaoniu/graph-learning/wholegraph/ogbn_papers100M/converted/homograph_csr_row_ptr
Rank=2 done reading 807031178 embedding vectors from file /nvme/songxiaoniu/graph-learning/wholegraph/ogbn_papers100M/converted/homograph_csr_col_idx
Rank=3 done reading 807031178 embedding vectors from file /nvme/songxiaoniu/graph-learning/wholegraph/ogbn_papers100M/converted/homograph_csr_col_idx
Rank=2 done reading 807031178 embedding vectors from file /nvme/songxiaoniu/graph-learning/wholegraph/ogbn_papers100M/converted/homograph_csr_col_idx
Rank=3 done reading 807031178 embedding vectors from file /nvme/songxiaoniu/graph-learning/wholegraph/ogbn_papers100M/converted/homograph_csr_col_idx
Rank=1 done reading 807031178 embedding vectors from file /nvme/songxiaoniu/graph-learning/wholegraph/ogbn_papers100M/converted/homograph_csr_col_idx
Rank=0 done reading 807031178 embedding vectors from file /nvme/songxiaoniu/graph-learning/wholegraph/ogbn_papers100M/converted/homograph_csr_col_idx
Rank=0 done reading 807031178 embedding vectors from file /nvme/songxiaoniu/graph-learning/wholegraph/ogbn_papers100M/converted/homograph_csr_col_idx
Rank=1 done reading 807031178 embedding vectors from file /nvme/songxiaoniu/graph-learning/wholegraph/ogbn_papers100M/converted/homograph_csr_col_idx
[2023-04-15 06:09:55.549624: E /samgraph/3rdparty/collcachelib/coll_cache_lib/freq_recorder.cc:337] bulk append 909604 into 0
[2023-04-15 06:09:55.554623: E /samgraph/3rdparty/collcachelib/coll_cache_lib/freq_recorder.cc:347] bulk append 3417462
[2023-04-15 06:09:55.555055: E /samgraph/3rdparty/collcachelib/coll_cache_lib/freq_recorder.cc:337] bulk append 910729 into 909604
[2023-04-15 06:09:55.560038: E /samgraph/3rdparty/collcachelib/coll_cache_lib/freq_recorder.cc:347] bulk append 3421516
[2023-04-15 06:09:55.560471: E /samgraph/3rdparty/collcachelib/coll_cache_lib/freq_recorder.cc:337] bulk append 909120 into 1820333
[2023-04-15 06:09:55.565510: E /samgraph/3rdparty/collcachelib/coll_cache_lib/freq_recorder.cc:347] bulk append 3412981
[2023-04-15 06:09:55.565952: E /samgraph/3rdparty/collcachelib/coll_cache_lib/freq_recorder.cc:337] bulk append 908452 into 2729453
[2023-04-15 06:09:55.570930: E /samgraph/3rdparty/collcachelib/coll_cache_lib/freq_recorder.cc:347] bulk append 3406054
[2023-04-15 06:09:55.571344: E /samgraph/3rdparty/collcachelib/coll_cache_lib/freq_recorder.cc:337] bulk append 907949 into 3637905
[2023-04-15 06:09:55.576336: E /samgraph/3rdparty/collcachelib/coll_cache_lib/freq_recorder.cc:347] bulk append 3412108
[2023-04-15 06:09:55.576791: E /samgraph/3rdparty/collcachelib/coll_cache_lib/freq_recorder.cc:337] bulk append 908625 into 4545854
[2023-04-15 06:09:55.581776: E /samgraph/3rdparty/collcachelib/coll_cache_lib/freq_recorder.cc:347] bulk append 3419696
[2023-04-15 06:09:55.582205: E /samgraph/3rdparty/collcachelib/coll_cache_lib/freq_recorder.cc:337] bulk append 908673 into 5454479
[2023-04-15 06:09:55.587170: E /samgraph/3rdparty/collcachelib/coll_cache_lib/freq_recorder.cc:347] bulk append 3415841
[2023-04-15 06:09:55.587586: E /samgraph/3rdparty/collcachelib/coll_cache_lib/freq_recorder.cc:337] bulk append 910660 into 6363152
[2023-04-15 06:09:55.592587: E /samgraph/3rdparty/collcachelib/coll_cache_lib/freq_recorder.cc:347] bulk append 3425216
[2023-04-15 06:09:55.593034: E /samgraph/3rdparty/collcachelib/coll_cache_lib/freq_recorder.cc:337] bulk append 908570 into 7273812
[2023-04-15 06:09:55.598002: E /samgraph/3rdparty/collcachelib/coll_cache_lib/freq_recorder.cc:347] bulk append 3418141
[2023-04-15 06:09:55.598418: E /samgraph/3rdparty/collcachelib/coll_cache_lib/freq_recorder.cc:337] bulk append 908972 into 8182382
[2023-04-15 06:09:55.603401: E /samgraph/3rdparty/collcachelib/coll_cache_lib/freq_recorder.cc:347] bulk append 3414252
[2023-04-15 06:09:55.603871: E /samgraph/3rdparty/collcachelib/coll_cache_lib/freq_recorder.cc:337] bulk append 911204 into 9091354
[2023-04-15 06:09:55.608858: E /samgraph/3rdparty/collcachelib/coll_cache_lib/freq_recorder.cc:347] bulk append 3797402
[2023-04-15 06:09:55.609295: E /samgraph/3rdparty/collcachelib/coll_cache_lib/freq_recorder.cc:337] bulk append 911368 into 10002558
[2023-04-15 06:09:55.614322: E /samgraph/3rdparty/collcachelib/coll_cache_lib/freq_recorder.cc:347] bulk append 3802252
[2023-04-15 06:09:55.614767: E /samgraph/3rdparty/collcachelib/coll_cache_lib/freq_recorder.cc:337] bulk append 911297 into 10913926
[2023-04-15 06:09:55.619753: E /samgraph/3rdparty/collcachelib/coll_cache_lib/freq_recorder.cc:347] bulk append 3794363
[2023-04-15 06:09:55.620184: E /samgraph/3rdparty/collcachelib/coll_cache_lib/freq_recorder.cc:337] bulk append 910256 into 11825223
[2023-04-15 06:09:55.625189: E /samgraph/3rdparty/collcachelib/coll_cache_lib/freq_recorder.cc:347] bulk append 3783914
[2023-04-15 06:09:55.625630: E /samgraph/3rdparty/collcachelib/coll_cache_lib/freq_recorder.cc:337] bulk append 910255 into 12735479
[2023-04-15 06:09:55.630625: E /samgraph/3rdparty/collcachelib/coll_cache_lib/freq_recorder.cc:347] bulk append 3797437
[2023-04-15 06:09:55.631061: E /samgraph/3rdparty/collcachelib/coll_cache_lib/freq_recorder.cc:337] bulk append 910666 into 13645734
[2023-04-15 06:09:55.636063: E /samgraph/3rdparty/collcachelib/coll_cache_lib/freq_recorder.cc:347] bulk append 3805023
[2023-04-15 06:09:55.636502: E /samgraph/3rdparty/collcachelib/coll_cache_lib/freq_recorder.cc:337] bulk append 911301 into 14556400
[2023-04-15 06:09:55.641467: E /samgraph/3rdparty/collcachelib/coll_cache_lib/freq_recorder.cc:347] bulk append 3795616
[2023-04-15 06:09:55.641886: E /samgraph/3rdparty/collcachelib/coll_cache_lib/freq_recorder.cc:337] bulk append 911744 into 15467701
[2023-04-15 06:09:55.646874: E /samgraph/3rdparty/collcachelib/coll_cache_lib/freq_recorder.cc:347] bulk append 3808442
[2023-04-15 06:09:55.647307: E /samgraph/3rdparty/collcachelib/coll_cache_lib/freq_recorder.cc:337] bulk append 910813 into 16379445
[2023-04-15 06:09:55.652305: E /samgraph/3rdparty/collcachelib/coll_cache_lib/freq_recorder.cc:347] bulk append 3806074
[2023-04-15 06:09:55.652749: E /samgraph/3rdparty/collcachelib/coll_cache_lib/freq_recorder.cc:337] bulk append 909964 into 17290258
[2023-04-15 06:09:55.657716: E /samgraph/3rdparty/collcachelib/coll_cache_lib/freq_recorder.cc:347] bulk append 3802616
[2023-04-15 06:09:55.658145: E /samgraph/3rdparty/collcachelib/coll_cache_lib/freq_recorder.cc:337] bulk append 772658 into 18200222
[2023-04-15 06:09:55.662008: E /samgraph/3rdparty/collcachelib/coll_cache_lib/freq_recorder.cc:347] bulk append 3810418
[2023-04-15 06:09:55.662232: E /samgraph/3rdparty/collcachelib/coll_cache_lib/freq_recorder.cc:337] bulk append 773155 into 18972880
[2023-04-15 06:09:55.666035: E /samgraph/3rdparty/collcachelib/coll_cache_lib/freq_recorder.cc:347] bulk append 3815552
[2023-04-15 06:09:55.666255: E /samgraph/3rdparty/collcachelib/coll_cache_lib/freq_recorder.cc:337] bulk append 772066 into 19746035
[2023-04-15 06:09:55.670041: E /samgraph/3rdparty/collcachelib/coll_cache_lib/freq_recorder.cc:347] bulk append 3805887
[2023-04-15 06:09:55.670262: E /samgraph/3rdparty/collcachelib/coll_cache_lib/freq_recorder.cc:337] bulk append 771334 into 20518101
[2023-04-15 06:09:55.674072: E /samgraph/3rdparty/collcachelib/coll_cache_lib/freq_recorder.cc:347] bulk append 3797131
[2023-04-15 06:09:55.674285: E /samgraph/3rdparty/collcachelib/coll_cache_lib/freq_recorder.cc:337] bulk append 771112 into 21289435
[2023-04-15 06:09:55.678067: E /samgraph/3rdparty/collcachelib/coll_cache_lib/freq_recorder.cc:347] bulk append 3805987
[2023-04-15 06:09:55.678277: E /samgraph/3rdparty/collcachelib/coll_cache_lib/freq_recorder.cc:337] bulk append 773440 into 22060547
[2023-04-15 06:09:55.682091: E /samgraph/3rdparty/collcachelib/coll_cache_lib/freq_recorder.cc:347] bulk append 3822385
[2023-04-15 06:09:55.682302: E /samgraph/3rdparty/collcachelib/coll_cache_lib/freq_recorder.cc:337] bulk append 774006 into 22833987
[2023-04-15 06:09:55.686091: E /samgraph/3rdparty/collcachelib/coll_cache_lib/freq_recorder.cc:347] bulk append 3812483
[2023-04-15 06:09:55.686301: E /samgraph/3rdparty/collcachelib/coll_cache_lib/freq_recorder.cc:337] bulk append 772998 into 23607993
[2023-04-15 06:09:55.690084: E /samgraph/3rdparty/collcachelib/coll_cache_lib/freq_recorder.cc:347] bulk append 3817535
[2023-04-15 06:09:55.690296: E /samgraph/3rdparty/collcachelib/coll_cache_lib/freq_recorder.cc:337] bulk append 772013 into 24380991
[2023-04-15 06:09:55.694103: E /samgraph/3rdparty/collcachelib/coll_cache_lib/freq_recorder.cc:347] bulk append 3819660
[2023-04-15 06:09:55.694314: E /samgraph/3rdparty/collcachelib/coll_cache_lib/freq_recorder.cc:337] bulk append 773300 into 25153004
[2023-04-15 06:09:55.698127: E /samgraph/3rdparty/collcachelib/coll_cache_lib/freq_recorder.cc:347] bulk append 3823272
[2023-04-15 06:09:55.698354: E /samgraph/3rdparty/collcachelib/coll_cache_lib/freq_recorder.cc:337] bulk append 773383 into 25926304
[2023-04-15 06:09:55.702211: E /samgraph/3rdparty/collcachelib/coll_cache_lib/freq_recorder.cc:347] bulk append 3811594
[2023-04-15 06:09:55.702430: E /samgraph/3rdparty/collcachelib/coll_cache_lib/freq_recorder.cc:337] bulk append 772703 into 26699687
[2023-04-15 06:09:55.706222: E /samgraph/3rdparty/collcachelib/coll_cache_lib/freq_recorder.cc:347] bulk append 3814957
[2023-04-15 06:09:55.706440: E /samgraph/3rdparty/collcachelib/coll_cache_lib/freq_recorder.cc:337] bulk append 772194 into 27472390
[2023-04-15 06:09:55.710245: E /samgraph/3rdparty/collcachelib/coll_cache_lib/freq_recorder.cc:347] bulk append 3803117
[2023-04-15 06:09:55.710457: E /samgraph/3rdparty/collcachelib/coll_cache_lib/freq_recorder.cc:337] bulk append 772666 into 28244584
[2023-04-15 06:09:55.714276: E /samgraph/3rdparty/collcachelib/coll_cache_lib/freq_recorder.cc:347] bulk append 3795320
[2023-04-15 06:09:55.714484: E /samgraph/3rdparty/collcachelib/coll_cache_lib/freq_recorder.cc:337] bulk append 772136 into 29017250
[2023-04-15 06:09:55.718290: E /samgraph/3rdparty/collcachelib/coll_cache_lib/freq_recorder.cc:347] bulk append 3808572
[2023-04-15 06:09:55.718499: E /samgraph/3rdparty/collcachelib/coll_cache_lib/freq_recorder.cc:337] bulk append 773673 into 29789386
[2023-04-15 06:09:55.722307: E /samgraph/3rdparty/collcachelib/coll_cache_lib/freq_recorder.cc:347] bulk append 3822167
[2023-04-15 06:09:55.722516: E /samgraph/3rdparty/collcachelib/coll_cache_lib/freq_recorder.cc:337] bulk append 773163 into 30563059
[2023-04-15 06:09:55.726321: E /samgraph/3rdparty/collcachelib/coll_cache_lib/freq_recorder.cc:347] bulk append 3810254
[2023-04-15 06:09:55.726529: E /samgraph/3rdparty/collcachelib/coll_cache_lib/freq_recorder.cc:337] bulk append 772882 into 31336222
[2023-04-15 06:09:55.730345: E /samgraph/3rdparty/collcachelib/coll_cache_lib/freq_recorder.cc:347] bulk append 3817919
[2023-04-15 06:09:55.730553: E /samgraph/3rdparty/collcachelib/coll_cache_lib/freq_recorder.cc:337] bulk append 773057 into 32109104
[2023-04-15 06:09:55.734357: E /samgraph/3rdparty/collcachelib/coll_cache_lib/freq_recorder.cc:347] bulk append 3819057
[2023-04-15 06:09:55.734573: E /samgraph/3rdparty/collcachelib/coll_cache_lib/freq_recorder.cc:337] bulk append 773468 into 32882161
[2023-04-15 06:09:55.738363: E /samgraph/3rdparty/collcachelib/coll_cache_lib/freq_recorder.cc:347] bulk append 3823889
[2023-04-15 06:09:55.738591: E /samgraph/3rdparty/collcachelib/coll_cache_lib/freq_recorder.cc:337] bulk append 875728 into 33655629
[2023-04-15 06:09:55.743417: E /samgraph/3rdparty/collcachelib/coll_cache_lib/freq_recorder.cc:347] bulk append 3945206
[2023-04-15 06:09:55.743829: E /samgraph/3rdparty/collcachelib/coll_cache_lib/freq_recorder.cc:337] bulk append 874802 into 34531357
[2023-04-15 06:09:55.748698: E /samgraph/3rdparty/collcachelib/coll_cache_lib/freq_recorder.cc:347] bulk append 3945617
[2023-04-15 06:09:55.749105: E /samgraph/3rdparty/collcachelib/coll_cache_lib/freq_recorder.cc:337] bulk append 875881 into 35406159
[2023-04-15 06:09:55.753994: E /samgraph/3rdparty/collcachelib/coll_cache_lib/freq_recorder.cc:347] bulk append 3936986
[2023-04-15 06:09:55.754395: E /samgraph/3rdparty/collcachelib/coll_cache_lib/freq_recorder.cc:337] bulk append 873222 into 36282040
[2023-04-15 06:09:55.759263: E /samgraph/3rdparty/collcachelib/coll_cache_lib/freq_recorder.cc:347] bulk append 3926987
[2023-04-15 06:09:55.759669: E /samgraph/3rdparty/collcachelib/coll_cache_lib/freq_recorder.cc:337] bulk append 873096 into 37155262
[2023-04-15 06:09:55.764532: E /samgraph/3rdparty/collcachelib/coll_cache_lib/freq_recorder.cc:347] bulk append 3936121
[2023-04-15 06:09:55.764951: E /samgraph/3rdparty/collcachelib/coll_cache_lib/freq_recorder.cc:337] bulk append 875122 into 38028358
[2023-04-15 06:09:55.769740: E /samgraph/3rdparty/collcachelib/coll_cache_lib/freq_recorder.cc:347] bulk append 3948218
[2023-04-15 06:09:55.770135: E /samgraph/3rdparty/collcachelib/coll_cache_lib/freq_recorder.cc:337] bulk append 874819 into 38903480
[2023-04-15 06:09:55.774905: E /samgraph/3rdparty/collcachelib/coll_cache_lib/freq_recorder.cc:347] bulk append 3939205
[2023-04-15 06:09:55.775302: E /samgraph/3rdparty/collcachelib/coll_cache_lib/freq_recorder.cc:337] bulk append 875358 into 39778299
[2023-04-15 06:09:55.780075: E /samgraph/3rdparty/collcachelib/coll_cache_lib/freq_recorder.cc:347] bulk append 3953797
[2023-04-15 06:09:55.780471: E /samgraph/3rdparty/collcachelib/coll_cache_lib/freq_recorder.cc:337] bulk append 873504 into 40653657
[2023-04-15 06:09:55.785343: E /samgraph/3rdparty/collcachelib/coll_cache_lib/freq_recorder.cc:347] bulk append 3950413
[2023-04-15 06:09:55.785743: E /samgraph/3rdparty/collcachelib/coll_cache_lib/freq_recorder.cc:337] bulk append 874161 into 41527161
[2023-04-15 06:09:55.790516: E /samgraph/3rdparty/collcachelib/coll_cache_lib/freq_recorder.cc:347] bulk append 3951678
[2023-04-15 06:09:55.790930: E /samgraph/3rdparty/collcachelib/coll_cache_lib/freq_recorder.cc:337] bulk append 997970 into 42401322
[2023-04-15 06:09:55.796139: E /samgraph/3rdparty/collcachelib/coll_cache_lib/freq_recorder.cc:347] bulk append 4093521
[2023-04-15 06:09:55.796543: E /samgraph/3rdparty/collcachelib/coll_cache_lib/freq_recorder.cc:337] bulk append 998243 into 43399292
[2023-04-15 06:09:55.801769: E /samgraph/3rdparty/collcachelib/coll_cache_lib/freq_recorder.cc:347] bulk append 4092329
[2023-04-15 06:09:55.802168: E /samgraph/3rdparty/collcachelib/coll_cache_lib/freq_recorder.cc:337] bulk append 997913 into 44397535
[2023-04-15 06:09:55.807358: E /samgraph/3rdparty/collcachelib/coll_cache_lib/freq_recorder.cc:347] bulk append 4082016
[2023-04-15 06:09:55.807760: E /samgraph/3rdparty/collcachelib/coll_cache_lib/freq_recorder.cc:337] bulk append 997420 into 45395448
[2023-04-15 06:09:55.812976: E /samgraph/3rdparty/collcachelib/coll_cache_lib/freq_recorder.cc:347] bulk append 4076279
[2023-04-15 06:09:55.813368: E /samgraph/3rdparty/collcachelib/coll_cache_lib/freq_recorder.cc:337] bulk append 997902 into 46392868
[2023-04-15 06:09:55.818565: E /samgraph/3rdparty/collcachelib/coll_cache_lib/freq_recorder.cc:347] bulk append 4087233
[2023-04-15 06:09:55.818963: E /samgraph/3rdparty/collcachelib/coll_cache_lib/freq_recorder.cc:337] bulk append 999446 into 47390770
[2023-04-15 06:09:55.824251: E /samgraph/3rdparty/collcachelib/coll_cache_lib/freq_recorder.cc:347] bulk append 4101221
[2023-04-15 06:09:55.824651: E /samgraph/3rdparty/collcachelib/coll_cache_lib/freq_recorder.cc:337] bulk append 998141 into 48390216
[2023-04-15 06:09:55.829835: E /samgraph/3rdparty/collcachelib/coll_cache_lib/freq_recorder.cc:347] bulk append 4084662
[2023-04-15 06:09:55.830232: E /samgraph/3rdparty/collcachelib/coll_cache_lib/freq_recorder.cc:337] bulk append 998436 into 49388357
[2023-04-15 06:09:55.835406: E /samgraph/3rdparty/collcachelib/coll_cache_lib/freq_recorder.cc:347] bulk append 4098516
[2023-04-15 06:09:55.835803: E /samgraph/3rdparty/collcachelib/coll_cache_lib/freq_recorder.cc:337] bulk append 998930 into 50386793
[2023-04-15 06:09:55.841002: E /samgraph/3rdparty/collcachelib/coll_cache_lib/freq_recorder.cc:347] bulk append 4098702
[2023-04-15 06:09:55.841396: E /samgraph/3rdparty/collcachelib/coll_cache_lib/freq_recorder.cc:337] bulk append 997634 into 51385723
[2023-04-15 06:09:55.846587: E /samgraph/3rdparty/collcachelib/coll_cache_lib/freq_recorder.cc:347] bulk append 4093352
[2023-04-15 06:09:55.846995: E /samgraph/3rdparty/collcachelib/coll_cache_lib/freq_recorder.cc:337] bulk append 1010807 into 52383357
[2023-04-15 06:09:55.852286: E /samgraph/3rdparty/collcachelib/coll_cache_lib/freq_recorder.cc:347] bulk append 4008979
[2023-04-15 06:09:55.852685: E /samgraph/3rdparty/collcachelib/coll_cache_lib/freq_recorder.cc:337] bulk append 1010536 into 53394164
[2023-04-15 06:09:55.857955: E /samgraph/3rdparty/collcachelib/coll_cache_lib/freq_recorder.cc:347] bulk append 4002553
[2023-04-15 06:09:55.858351: E /samgraph/3rdparty/collcachelib/coll_cache_lib/freq_recorder.cc:337] bulk append 1010158 into 54404700
[2023-04-15 06:09:55.863601: E /samgraph/3rdparty/collcachelib/coll_cache_lib/freq_recorder.cc:347] bulk append 4000518
[2023-04-15 06:09:55.863995: E /samgraph/3rdparty/collcachelib/coll_cache_lib/freq_recorder.cc:337] bulk append 1008765 into 55414858
[2023-04-15 06:09:55.869250: E /samgraph/3rdparty/collcachelib/coll_cache_lib/freq_recorder.cc:347] bulk append 3992336
[2023-04-15 06:09:55.869648: E /samgraph/3rdparty/collcachelib/coll_cache_lib/freq_recorder.cc:337] bulk append 1009621 into 56423623
[2023-04-15 06:09:55.874906: E /samgraph/3rdparty/collcachelib/coll_cache_lib/freq_recorder.cc:347] bulk append 4003964
[2023-04-15 06:09:55.875293: E /samgraph/3rdparty/collcachelib/coll_cache_lib/freq_recorder.cc:337] bulk append 1011278 into 57433244
[2023-04-15 06:09:55.880640: E /samgraph/3rdparty/collcachelib/coll_cache_lib/freq_recorder.cc:347] bulk append 4015909
[2023-04-15 06:09:55.881047: E /samgraph/3rdparty/collcachelib/coll_cache_lib/freq_recorder.cc:337] bulk append 1010969 into 58444522
[2023-04-15 06:09:55.886293: E /samgraph/3rdparty/collcachelib/coll_cache_lib/freq_recorder.cc:347] bulk append 4005381
[2023-04-15 06:09:55.886687: E /samgraph/3rdparty/collcachelib/coll_cache_lib/freq_recorder.cc:337] bulk append 1010456 into 59455491
[2023-04-15 06:09:55.892020: E /samgraph/3rdparty/collcachelib/coll_cache_lib/freq_recorder.cc:347] bulk append 4015526
[2023-04-15 06:09:55.892412: E /samgraph/3rdparty/collcachelib/coll_cache_lib/freq_recorder.cc:337] bulk append 1010382 into 60465947
[2023-04-15 06:09:55.897688: E /samgraph/3rdparty/collcachelib/coll_cache_lib/freq_recorder.cc:347] bulk append 4010259
[2023-04-15 06:09:55.898081: E /samgraph/3rdparty/collcachelib/coll_cache_lib/freq_recorder.cc:337] bulk append 1011236 into 61476329
[2023-04-15 06:09:55.903326: E /samgraph/3rdparty/collcachelib/coll_cache_lib/freq_recorder.cc:347] bulk append 4007830
[2023-04-15 06:09:55.903756: E /samgraph/3rdparty/collcachelib/coll_cache_lib/freq_recorder.cc:337] bulk append 880048 into 62487565
[2023-04-15 06:09:55.908565: E /samgraph/3rdparty/collcachelib/coll_cache_lib/freq_recorder.cc:347] bulk append 3539478
[2023-04-15 06:09:55.908963: E /samgraph/3rdparty/collcachelib/coll_cache_lib/freq_recorder.cc:337] bulk append 879640 into 63367613
[2023-04-15 06:09:55.913733: E /samgraph/3rdparty/collcachelib/coll_cache_lib/freq_recorder.cc:347] bulk append 3536444
[2023-04-15 06:09:55.914119: E /samgraph/3rdparty/collcachelib/coll_cache_lib/freq_recorder.cc:337] bulk append 878534 into 64247253
[2023-04-15 06:09:55.918900: E /samgraph/3rdparty/collcachelib/coll_cache_lib/freq_recorder.cc:347] bulk append 3528725
[2023-04-15 06:09:55.919286: E /samgraph/3rdparty/collcachelib/coll_cache_lib/freq_recorder.cc:337] bulk append 879327 into 65125787
[2023-04-15 06:09:55.924082: E /samgraph/3rdparty/collcachelib/coll_cache_lib/freq_recorder.cc:347] bulk append 3523808
[2023-04-15 06:09:55.924478: E /samgraph/3rdparty/collcachelib/coll_cache_lib/freq_recorder.cc:337] bulk append 877990 into 66005114
[2023-04-15 06:09:55.929353: E /samgraph/3rdparty/collcachelib/coll_cache_lib/freq_recorder.cc:347] bulk append 3528942
[2023-04-15 06:09:55.929749: E /samgraph/3rdparty/collcachelib/coll_cache_lib/freq_recorder.cc:337] bulk append 880245 into 66883104
[2023-04-15 06:09:55.934516: E /samgraph/3rdparty/collcachelib/coll_cache_lib/freq_recorder.cc:347] bulk append 3538328
[2023-04-15 06:09:55.934919: E /samgraph/3rdparty/collcachelib/coll_cache_lib/freq_recorder.cc:337] bulk append 879151 into 67763349
[2023-04-15 06:09:55.939681: E /samgraph/3rdparty/collcachelib/coll_cache_lib/freq_recorder.cc:347] bulk append 3530168
[2023-04-15 06:09:55.940075: E /samgraph/3rdparty/collcachelib/coll_cache_lib/freq_recorder.cc:337] bulk append 880725 into 68642500
[2023-04-15 06:09:55.944847: E /samgraph/3rdparty/collcachelib/coll_cache_lib/freq_recorder.cc:347] bulk append 3538072
[2023-04-15 06:09:55.945248: E /samgraph/3rdparty/collcachelib/coll_cache_lib/freq_recorder.cc:337] bulk append 879934 into 69523225
[2023-04-15 06:09:55.950015: E /samgraph/3rdparty/collcachelib/coll_cache_lib/freq_recorder.cc:347] bulk append 3536453
[2023-04-15 06:09:55.950404: E /samgraph/3rdparty/collcachelib/coll_cache_lib/freq_recorder.cc:337] bulk append 879496 into 70403159
[2023-04-15 06:09:55.955181: E /samgraph/3rdparty/collcachelib/coll_cache_lib/freq_recorder.cc:347] bulk append 3527636
[2023-04-15 06:09:55.955584: E /samgraph/3rdparty/collcachelib/coll_cache_lib/freq_recorder.cc:266] freq recorder global combining
[2023-04-15 06:09:55.955644: E [/samgraph/3rdparty/collcachelib/coll_cache_lib/run_config.cc[[[2023-04-15 06:09:55[[:2023-04-15 06:09:552023-04-15 06:09:552023-04-15 06:09:55.2023-04-15 06:09:552023-04-15 06:09:55141...955654..] 955654955655955655: 955656955657using concurrent impl MPSPhase: : : E: : 
EEE EE   /samgraph/3rdparty/collcachelib/coll_cache_lib/run_config.cc[  /samgraph/3rdparty/collcachelib/coll_cache_lib/run_config.cc/samgraph/3rdparty/collcachelib/coll_cache_lib/run_config.cc/samgraph/3rdparty/collcachelib/coll_cache_lib/run_config.cc:2023-04-15 06:09:55/samgraph/3rdparty/collcachelib/coll_cache_lib/run_config.cc/samgraph/3rdparty/collcachelib/coll_cache_lib/run_config.cc:::141.::141141141] 955775141141] ] ] using concurrent impl MPSPhase: ] ] using concurrent impl MPSPhaseusing concurrent impl MPSPhaseusing concurrent impl MPSPhase
Eusing concurrent impl MPSPhaseusing concurrent impl MPSPhase


 

[/samgraph/3rdparty/collcachelib/coll_cache_lib/facade.cc[[[2023-04-15 06:09:55:[2023-04-15 06:09:552023-04-15 06:09:55[2023-04-15 06:09:55.4092023-04-15 06:09:55..2023-04-15 06:09:55.955882] .955892955895.955897: before scale, dtype is 0, dim is 128955901: : 955906: E
: EE: E E  [E /samgraph/3rdparty/collcachelib/coll_cache_lib/facade.cc /samgraph/3rdparty/collcachelib/coll_cache_lib/facade.cc/samgraph/3rdparty/collcachelib/coll_cache_lib/facade.cc2023-04-15 06:09:55 /samgraph/3rdparty/collcachelib/coll_cache_lib/facade.cc:/samgraph/3rdparty/collcachelib/coll_cache_lib/facade.cc::./samgraph/3rdparty/collcachelib/coll_cache_lib/facade.cc:409:409409955981:409] 409] ] : 409] before scale, dtype is 0, dim is 128] before scale, dtype is 0, dim is 128before scale, dtype is 0, dim is 128E] before scale, dtype is 0, dim is 128
before scale, dtype is 0, dim is 128

 before scale, dtype is 0, dim is 128

[/samgraph/3rdparty/collcachelib/coll_cache_lib/facade.cc[[
2023-04-15 06:09:55[:[2023-04-15 06:09:552023-04-15 06:09:55.2023-04-15 06:09:55[4152023-04-15 06:09:55..956108.2023-04-15 06:09:55] .956112956114: 956123.after scale, dtype is 7, new dim is 32956125: : E: 956138
: EE E: E  /samgraph/3rdparty/collcachelib/coll_cache_lib/facade.cc E /samgraph/3rdparty/collcachelib/coll_cache_lib/facade.cc/samgraph/3rdparty/collcachelib/coll_cache_lib/facade.cc:/samgraph/3rdparty/collcachelib/coll_cache_lib/facade.cc /samgraph/3rdparty/collcachelib/coll_cache_lib/facade.cc::415:/samgraph/3rdparty/collcachelib/coll_cache_lib/facade.cc:415415] 415:415] ] after scale, dtype is 7, new dim is 32] 415] after scale, dtype is 7, new dim is 32after scale, dtype is 7, new dim is 32
after scale, dtype is 7, new dim is 32] after scale, dtype is 7, new dim is 32


after scale, dtype is 7, new dim is 32

[2023-04-15 06:09:55.959353: E /samgraph/3rdparty/collcachelib/coll_cache_lib/coll_cache/asymm_link_desc.cc:181] v100x8, slow pcie
[2023-04-15 06:09:55.959389: E /samgraph/3rdparty/collcachelib/coll_cache_lib/coll_cache/asymm_link_desc.cc:207] assigning 8 to cpu
[2023-04-15 06:09:55.959444: E /samgraph/3rdparty/collcachelib/coll_cache_lib/coll_cache/asymm_link_desc.cc:224] build asymm link desc with 8X Tesla V100-SXM2-32GB out of 8
[2023-04-15 06:09:55.959481: E /samgraph/3rdparty/collcachelib/coll_cache_lib/coll_cache/asymm_link_desc.cc:225] remote time is 15.5556
[2023-04-15 06:09:55.959508: E /samgraph/3rdparty/collcachelib/coll_cache_lib/coll_cache/asymm_link_desc.cc:226] cpu time is 102.941
[2023-04-15 06:09:55.959561: E /samgraph/3rdparty/collcachelib/coll_cache_lib/facade.cc:425] registering cpu data with 8.00 GB
[2023-04-15 06:09:55.959672: E /samgraph/3rdparty/collcachelib/coll_cache_lib/coll_cache/asymm_link_desc.cc:181] v100x8, slow pcie
[2023-04-15 06:09:55.959705: E /samgraph/3rdparty/collcachelib/coll_cache_lib/coll_cache/asymm_link_desc.cc:207[] 2023-04-15 06:09:55assigning 8 to cpu.
959718: E /samgraph/3rdparty/collcachelib/coll_cache_lib/coll_cache/asymm_link_desc.cc:181] v100x8, slow pcie
[2023-04-15 06:09:55.959757: E [[/samgraph/3rdparty/collcachelib/coll_cache_lib/coll_cache/asymm_link_desc.cc2023-04-15 06:09:552023-04-15 06:09:55:..207959766959765] : : assigning 8 to cpuEE
  /samgraph/3rdparty/collcachelib/coll_cache_lib/coll_cache/asymm_link_desc.cc/samgraph/3rdparty/collcachelib/coll_cache_lib/coll_cache/asymm_link_desc.cc::224[181] 2023-04-15 06:09:55] build asymm link desc with 8X Tesla V100-SXM2-32GB out of 8.v100x8, slow pcie
959809
: [E2023-04-15 06:09:55 .[/samgraph/3rdparty/collcachelib/coll_cache_lib/coll_cache/asymm_link_desc.cc[9598362023-04-15 06:09:55:2023-04-15 06:09:55: .[181.E9598432023-04-15 06:09:55] 959845 : .v100x8, slow pcie: /samgraph/3rdparty/collcachelib/coll_cache_lib/coll_cache/asymm_link_desc.ccE959854
E: :  224[/samgraph/3rdparty/collcachelib/coll_cache_lib/coll_cache/asymm_link_desc.ccE/samgraph/3rdparty/collcachelib/coll_cache_lib/coll_cache/asymm_link_desc.cc[] 2023-04-15 06:09:55: :2023-04-15 06:09:55build asymm link desc with 8X Tesla V100-SXM2-32GB out of 8.207/samgraph/3rdparty/collcachelib/coll_cache_lib/coll_cache/asymm_link_desc.cc225.
959903] :] 959901: assigning 8 to cpu181remote time is 15.5556[: E
] 
2023-04-15 06:09:55E v100x8, slow pcie.[ /samgraph/3rdparty/collcachelib/coll_cache_lib/coll_cache/asymm_link_desc.cc
9599632023-04-15 06:09:55/samgraph/3rdparty/collcachelib/coll_cache_lib/coll_cache/asymm_link_desc.cc:: .:[[207E9599941812023-04-15 06:09:552023-04-15 06:09:55]  : ] ..assigning 8 to cpu/samgraph/3rdparty/collcachelib/coll_cache_lib/coll_cache/asymm_link_desc.ccEv100x8, slow pcie960020960020
: 
: : 225/samgraph/3rdparty/collcachelib/coll_cache_lib/coll_cache/asymm_link_desc.ccEE] :[  remote time is 15.55562262023-04-15 06:09:55/samgraph/3rdparty/collcachelib/coll_cache_lib/coll_cache/asymm_link_desc.cc/samgraph/3rdparty/collcachelib/coll_cache_lib/coll_cache/asymm_link_desc.cc
] .[::cpu time is 102.941960112[2023-04-15 06:09:55207224
: 2023-04-15 06:09:55.] ] E.960136assigning 8 to cpubuild asymm link desc with 8X Tesla V100-SXM2-32GB out of 8 960149: 

[/samgraph/3rdparty/collcachelib/coll_cache_lib/coll_cache/asymm_link_desc.cc: E2023-04-15 06:09:55:E[ .207 [2023-04-15 06:09:55/samgraph/3rdparty/collcachelib/coll_cache_lib/coll_cache/asymm_link_desc.cc960197] /samgraph/3rdparty/collcachelib/coll_cache_lib/coll_cache/asymm_link_desc.cc2023-04-15 06:09:55.:: assigning 8 to cpu:.960221224E
226960242: ]  ] : Ebuild asymm link desc with 8X Tesla V100-SXM2-32GB out of 8/samgraph/3rdparty/collcachelib/coll_cache_lib/facade.cccpu time is 102.941E 
:
 /samgraph/3rdparty/collcachelib/coll_cache_lib/coll_cache/asymm_link_desc.cc425/samgraph/3rdparty/collcachelib/coll_cache_lib/coll_cache/asymm_link_desc.cc:[] [:2252023-04-15 06:09:55registering cpu data with 8.00 GB2023-04-15 06:09:55224] .
[.] remote time is 15.55569603162023-04-15 06:09:55960321build asymm link desc with 8X Tesla V100-SXM2-32GB out of 8
: .: 
E[960340E 2023-04-15 06:09:55: [ /samgraph/3rdparty/collcachelib/coll_cache_lib/coll_cache/asymm_link_desc.cc.E2023-04-15 06:09:55/samgraph/3rdparty/collcachelib/coll_cache_lib/coll_cache/asymm_link_desc.cc:960383 .:224: /samgraph/3rdparty/collcachelib/coll_cache_lib/facade.cc960399225] E:: ] build asymm link desc with 8X Tesla V100-SXM2-32GB out of 8 425Eremote time is 15.5556
/samgraph/3rdparty/collcachelib/coll_cache_lib/coll_cache/asymm_link_desc.cc]  
:registering cpu data with 8.00 GB/samgraph/3rdparty/collcachelib/coll_cache_lib/coll_cache/asymm_link_desc.cc226
:[] [2252023-04-15 06:09:55cpu time is 102.9412023-04-15 06:09:55] .
.remote time is 15.5556960495960496
: E:  [E/samgraph/3rdparty/collcachelib/coll_cache_lib/coll_cache/asymm_link_desc.cc[2023-04-15 06:09:55 :2023-04-15 06:09:55./samgraph/3rdparty/collcachelib/coll_cache_lib/coll_cache/asymm_link_desc.cc226.960554:] 960559: 225cpu time is 102.941: E] 
E remote time is 15.5556 /samgraph/3rdparty/collcachelib/coll_cache_lib/coll_cache/asymm_link_desc.cc
/samgraph/3rdparty/collcachelib/coll_cache_lib/facade.cc::226425[] ] [2023-04-15 06:09:55cpu time is 102.941registering cpu data with 8.00 GB2023-04-15 06:09:55.

.960650960653: : EE  /samgraph/3rdparty/collcachelib/coll_cache_lib/coll_cache/asymm_link_desc.cc/samgraph/3rdparty/collcachelib/coll_cache_lib/facade.cc::226[425] 2023-04-15 06:09:55] cpu time is 102.941.registering cpu data with 8.00 GB
960708
: E /samgraph/3rdparty/collcachelib/coll_cache_lib/facade.cc:425] registering cpu data with 8.00 GB
[2023-04-15 06:09:55.960782: E /samgraph/3rdparty/collcachelib/coll_cache_lib/facade.cc:425] registering cpu data with 8.00 GB
[2023-04-15 06:09:58.236877: E /samgraph/3rdparty/collcachelib/coll_cache_lib/facade.cc:427] registering cpu data done.
[2023-04-15 06:09:58.237125: E /samgraph/3rdparty/collcachelib/coll_cache_lib/facade.cc:427] registering cpu data done.
[2023-04-15 06:09:58.237373: E /samgraph/3rdparty/collcachelib/coll_cache_lib/facade.cc:427] registering cpu data done.
[2023-04-15 06:09:58.238016: E /samgraph/3rdparty/collcachelib/coll_cache_lib/facade.cc:427] registering cpu data done.
[2023-04-15 06:09:58.238275: E /samgraph/3rdparty/collcachelib/coll_cache_lib/facade.cc:427] registering cpu data done.
[2023-04-15 06:09:58.238552: E /samgraph/3rdparty/collcachelib/coll_cache_lib/facade.cc:427] registering cpu data done.
[2023-04-15 06:09:58.240720: E /samgraph/3rdparty/collcachelib/coll_cache_lib/facade.cc:427] registering cpu data done.
[2023-04-15 06:10:00.870211: E /samgraph/3rdparty/collcachelib/coll_cache_lib/freq_recorder.cc:269] freq recorder global combine from 71282655 to 21598996
[2023-04-15 06:10:01.533196: E /samgraph/3rdparty/collcachelib/coll_cache_lib/freq_recorder.cc:286] top 5 freq is 288,288,288,288,288
[2023-04-15 06:10:01.533411: E /samgraph/3rdparty/collcachelib/coll_cache_lib/run_config.cc:141] using concurrent impl MPSPhase
[2023-04-15 06:10:01.533447: E /samgraph/3rdparty/collcachelib/coll_cache_lib/facade.cc:409] before scale, dtype is 0, dim is 128
[2023-04-15 06:10:01.533473: E /samgraph/3rdparty/collcachelib/coll_cache_lib/facade.cc:415] after scale, dtype is 7, new dim is 32
[2023-04-15 06:10:01.534034: E /samgraph/3rdparty/collcachelib/coll_cache_lib/coll_cache/asymm_link_desc.cc:181] v100x8, slow pcie
[2023-04-15 06:10:01.534065: E /samgraph/3rdparty/collcachelib/coll_cache_lib/coll_cache/asymm_link_desc.cc:207] assigning 8 to cpu
[2023-04-15 06:10:01.534117: E /samgraph/3rdparty/collcachelib/coll_cache_lib/coll_cache/asymm_link_desc.cc:224] build asymm link desc with 8X Tesla V100-SXM2-32GB out of 8
[2023-04-15 06:10:01.534155: E /samgraph/3rdparty/collcachelib/coll_cache_lib/coll_cache/asymm_link_desc.cc:225] remote time is 15.5556
[2023-04-15 06:10:01.534182: E /samgraph/3rdparty/collcachelib/coll_cache_lib/coll_cache/asymm_link_desc.cc:226] cpu time is 102.941
[2023-04-15 06:10:01.534236: E /samgraph/3rdparty/collcachelib/coll_cache_lib/facade.cc:425] registering cpu data with 8.00 GB
[2023-04-15 06:10:01.982676: E /samgraph/3rdparty/collcachelib/coll_cache_lib/facade.cc:427] registering cpu data done.
[2023-04-15 06:10:01.982764: E /samgraph/3rdparty/collcachelib/coll_cache_lib/facade.cc:174] creating solver
[2023-04-15 06:10:01.982798: E /samgraph/3rdparty/collcachelib/coll_cache_lib/facade.cc:214] solver created. now build & solve
[2023-04-15 06:10:02. 26865: E /samgraph/3rdparty/collcachelib/coll_cache_lib/coll_cache/optimal_solver_class.cc:309] reconfigured max freq to be 288
[2023-04-15 06:10:02. 26910: E /samgraph/3rdparty/collcachelib/coll_cache_lib/coll_cache/optimal_solver_class.cc:311] reconfigured num slot to be 9
[2023-04-15 06:10:02. 26935: W /samgraph/3rdparty/collcachelib/coll_cache_lib/coll_cache/optimal_solver_class.cc:318] counting slots...
[2023-04-15 06:10:02.571478: W /samgraph/3rdparty/collcachelib/coll_cache_lib/coll_cache/optimal_solver_class.cc:367] Final num slot is 27
[2023-04-15 06:10:02.571565: W /samgraph/3rdparty/collcachelib/coll_cache_lib/coll_cache/optimal_solver_class.cc:371] preparing block granularity...
[2023-04-15 06:10:02.571592: E /samgraph/3rdparty/collcachelib/coll_cache_lib/coll_cache/optimal_solver_class.cc:399] slot 0 has 318689 nodes, max_size set to 39837, #slice=8
[2023-04-15 06:10:02.571617: E /samgraph/3rdparty/collcachelib/coll_cache_lib/coll_cache/optimal_solver_class.cc:399] slot 1 has 731192 nodes, max_size set to 91399, #slice=8
[2023-04-15 06:10:02.571642: E /samgraph/3rdparty/collcachelib/coll_cache_lib/coll_cache/optimal_solver_class.cc:399] slot 2 has 1113035 nodes, max_size set to 139130, #slice=8
[2023-04-15 06:10:02.571667: E /samgraph/3rdparty/collcachelib/coll_cache_lib/coll_cache/optimal_solver_class.cc:399] slot 3 has 1559078 nodes, max_size set to 177695, #slice=16
[2023-04-15 06:10:02.571692: E /samgraph/3rdparty/collcachelib/coll_cache_lib/coll_cache/optimal_solver_class.cc:399] slot 4 has 2082185 nodes, max_size set to 177695, #slice=16
[2023-04-15 06:10:02.571716: E /samgraph/3rdparty/collcachelib/coll_cache_lib/coll_cache/optimal_solver_class.cc:399] slot 5 has 3130569 nodes, max_size set to 177695, #slice=24
[2023-04-15 06:10:02.571741: E /samgraph/3rdparty/collcachelib/coll_cache_lib/coll_cache/optimal_solver_class.cc:399] slot 6 has 3071303 nodes, max_size set to 177695, #slice=24
[2023-04-15 06:10:02.571765: E /samgraph/3rdparty/collcachelib/coll_cache_lib/coll_cache/optimal_solver_class.cc:399] slot 7 has 9592945 nodes, max_size set to 177695, #slice=56
[2023-04-15 06:10:02.571790: E /samgraph/3rdparty/collcachelib/coll_cache_lib/coll_cache/optimal_solver_class.cc:399] slot 8 has 896210 nodes, max_size set to 112027, #slice=8
[2023-04-15 06:10:02.571815: E /samgraph/3rdparty/collcachelib/coll_cache_lib/coll_cache/optimal_solver_class.cc:399] slot 9 has 893378 nodes, max_size set to 111673, #slice=8
[2023-04-15 06:10:02.571851: E /samgraph/3rdparty/collcachelib/coll_cache_lib/coll_cache/optimal_solver_class.cc:399] slot 10 has 893773 nodes, max_size set to 111722, #slice=8
[2023-04-15 06:10:02.571875: E /samgraph/3rdparty/collcachelib/coll_cache_lib/coll_cache/optimal_solver_class.cc:399] slot 11 has 896094 nodes, max_size set to 112012, #slice=8
[2023-04-15 06:10:02.571900: E /samgraph/3rdparty/collcachelib/coll_cache_lib/coll_cache/optimal_solver_class.cc:399] slot 12 has 895061 nodes, max_size set to 111883, #slice=8
[2023-04-15 06:10:02.571924: E /samgraph/3rdparty/collcachelib/coll_cache_lib/coll_cache/optimal_solver_class.cc:399] slot 13 has 895041 nodes, max_size set to 111881, #slice=8
[2023-04-15 06:10:02.571949: E /samgraph/3rdparty/collcachelib/coll_cache_lib/coll_cache/optimal_solver_class.cc:399] slot 14 has 896002 nodes, max_size set to 112001, #slice=8
[2023-04-15 06:10:02.571973: E /samgraph/3rdparty/collcachelib/coll_cache_lib/coll_cache/optimal_solver_class.cc:399] slot 15 has 894653 nodes, max_size set to 111832, #slice=8
[2023-04-15 06:10:02.571998: E /samgraph/3rdparty/collcachelib/coll_cache_lib/coll_cache/optimal_solver_class.cc:399] slot 16 has 895049 nodes, max_size set to 111882, #slice=8
[2023-04-15 06:10:02.572022: E /samgraph/3rdparty/collcachelib/coll_cache_lib/coll_cache/optimal_solver_class.cc:399] slot 17 has 894587 nodes, max_size set to 111824, #slice=8
[2023-04-15 06:10:02.572046: E /samgraph/3rdparty/collcachelib/coll_cache_lib/coll_cache/optimal_solver_class.cc:399] slot 18 has 8949271 nodes, max_size set to 177695, #slice=56
[2023-04-15 06:10:02.572071: E /samgraph/3rdparty/collcachelib/coll_cache_lib/coll_cache/optimal_solver_class.cc:399] slot 19 has 8944995 nodes, max_size set to 177695, #slice=56
[2023-04-15 06:10:02.572095: E /samgraph/3rdparty/collcachelib/coll_cache_lib/coll_cache/optimal_solver_class.cc:399] slot 20 has 8946159 nodes, max_size set to 177695, #slice=56
[2023-04-15 06:10:02.572120: E /samgraph/3rdparty/collcachelib/coll_cache_lib/coll_cache/optimal_solver_class.cc:399] slot 21 has 8945708 nodes, max_size set to 177695, #slice=56
[2023-04-15 06:10:02.572144: E /samgraph/3rdparty/collcachelib/coll_cache_lib/coll_cache/optimal_solver_class.cc:399] slot 22 has 8946425 nodes, max_size set to 177695, #slice=56
[2023-04-15 06:10:02.572169: E /samgraph/3rdparty/collcachelib/coll_cache_lib/coll_cache/optimal_solver_class.cc:399] slot 23 has 8945580 nodes, max_size set to 8945580, #slice=1
[2023-04-15 06:10:02.572194: E /samgraph/3rdparty/collcachelib/coll_cache_lib/coll_cache/optimal_solver_class.cc:399] slot 24 has 8941274 nodes, max_size set to 8941274, #slice=1
[2023-04-15 06:10:02.572218: E /samgraph/3rdparty/collcachelib/coll_cache_lib/coll_cache/optimal_solver_class.cc:399] slot 25 has 8946762 nodes, max_size set to 8946762, #slice=1
[2023-04-15 06:10:02.572242: E /samgraph/3rdparty/collcachelib/coll_cache_lib/coll_cache/optimal_solver_class.cc:399] slot 26 has 8944938 nodes, max_size set to 8944938, #slice=1
[2023-04-15 06:10:02.572267: W /samgraph/3rdparty/collcachelib/coll_cache_lib/coll_cache/optimal_solver_class.cc:405] counting blocks...
[2023-04-15 06:10:02.711035: W /samgraph/3rdparty/collcachelib/coll_cache_lib/coll_cache/optimal_solver_class.cc:425] Final num block is 524
[2023-04-15 06:10:02.711092: W /samgraph/3rdparty/collcachelib/coll_cache_lib/coll_cache/optimal_solver_class.cc:430] counting freq and density...
[2023-04-15 06:10:02.722162: W /samgraph/3rdparty/collcachelib/coll_cache_lib/coll_cache/optimal_solver_class.cc:479] averaging freq and density...
[2023-04-15 06:10:02.722234: W /samgraph/3rdparty/collcachelib/coll_cache_lib/coll_cache/optimal_solver_class.cc:480] 524
[2023-04-15 06:10:02.741718: E /samgraph/3rdparty/collcachelib/coll_cache_lib/facade.cc:218] solver built. now solve
[2023-04-15 06:10:02.741778: W /samgraph/3rdparty/collcachelib/coll_cache_lib/coll_cache/optimal_solver_class.cc:893] constructing optimal solver, device=8, stream=1
524 blocks, 8 devices
[2023-04-15 06:10:02.901836: W /samgraph/3rdparty/collcachelib/coll_cache_lib/coll_cache/optimal_solver_class.cc:1078] Add Var...
[2023-04-15 06:10:02.916030: W /samgraph/3rdparty/collcachelib/coll_cache_lib/coll_cache/optimal_solver_class.cc:1096] Capacity...
[2023-04-15 06:10:02.916797: W /samgraph/3rdparty/collcachelib/coll_cache_lib/coll_cache/optimal_solver_class.cc:1099] Connect CPU...
[2023-04-15 06:10:02.927126: W /samgraph/3rdparty/collcachelib/coll_cache_lib/coll_cache/optimal_solver_class.cc:1101] Connect Access To Storage...
[2023-04-15 06:10:03.184117: W /samgraph/3rdparty/collcachelib/coll_cache_lib/coll_cache/optimal_solver_class.cc:1105] Time...
[2023-04-15 06:10:03.185126: E /samgraph/3rdparty/collcachelib/coll_cache_lib/coll_cache/optimal_solver_class.cc:1067] dst 0, total sm is 80
[2023-04-15 06:10:03.186450: E /samgraph/3rdparty/collcachelib/coll_cache_lib/coll_cache/optimal_solver_class.cc:1067] dst 1, total sm is 80
[2023-04-15 06:10:03.187753: E /samgraph/3rdparty/collcachelib/coll_cache_lib/coll_cache/optimal_solver_class.cc:1067] dst 2, total sm is 80
[2023-04-15 06:10:03.189061: E /samgraph/3rdparty/collcachelib/coll_cache_lib/coll_cache/optimal_solver_class.cc:1067] dst 3, total sm is 80
[2023-04-15 06:10:03.190367: E /samgraph/3rdparty/collcachelib/coll_cache_lib/coll_cache/optimal_solver_class.cc:1067] dst 4, total sm is 80
[2023-04-15 06:10:03.191667: E /samgraph/3rdparty/collcachelib/coll_cache_lib/coll_cache/optimal_solver_class.cc:1067] dst 5, total sm is 80
[2023-04-15 06:10:03.192972: E /samgraph/3rdparty/collcachelib/coll_cache_lib/coll_cache/optimal_solver_class.cc:1067] dst 6, total sm is 80
[2023-04-15 06:10:03.194268: E /samgraph/3rdparty/collcachelib/coll_cache_lib/coll_cache/optimal_solver_class.cc:1067] dst 7, total sm is 80
[2023-04-15 06:10:20.732636: W /samgraph/3rdparty/collcachelib/coll_cache_lib/coll_cache/optimal_solver_class.cc:1124] Coll Cache init block placement array
[2023-04-15 06:10:20.736655: W /samgraph/3rdparty/collcachelib/coll_cache_lib/coll_cache/optimal_solver_class.cc:1200] Coll Cache init block placement array done
[2023-04-15 06:10:20.738556: W /samgraph/3rdparty/collcachelib/coll_cache_lib/coll_cache/optimal_solver_class.cc:1202] Coll Cache model reset done
[2023-04-15 06:10:20.759949: E /samgraph/3rdparty/collcachelib/coll_cache_lib/facade.cc:222] solver solved
[2023-04-15 06:10:20.760016: E /samgraph/3rdparty/collcachelib/coll_cache_lib/facade.cc:437] 0 solved master
[2023-04-15 06:10:20.760046: E /samgraph/3rdparty/collcachelib/coll_cache_lib/facade.cc:444] 0 solved
[2023-04-15 06:10:20.760075: E /samgraph/3rdparty/collcachelib/coll_cache_lib/facade.cc:447] worker 0 thread 0 initing device 0
[2023-04-15 06:10:20.760686: E /samgraph/3rdparty/collcachelib/coll_cache_lib/cache_context.cu:2320] Building Coll Cache with ... num gpu device is 8
[2023-04-15 06:10:20.760886: E /samgraph/3rdparty/collcachelib/coll_cache_lib/cuda/cache_hashtable.cuh:611] per src size local is 9705529
[2023-04-15 06:10:20.778235: E /samgraph/3rdparty/collcachelib/coll_cache_lib/facade.cc:444] 6 solved
[2023-04-15 06:10:20.778306: E /samgraph/3rdparty/collcachelib/coll_cache_lib/facade.cc:447] worker 0 thread 6 initing device 6
[2023-04-15 06:10:20.778613[: 2023-04-15 06:10:20E. 778643/samgraph/3rdparty/collcachelib/coll_cache_lib/facade.cc: :E444 ] /samgraph/3rdparty/collcachelib/coll_cache_lib/cache_context.cu7 solved:
2320] Building Coll Cache with ... num gpu device is 8[
2023-04-15 06:10:20.778689: E /samgraph/3rdparty/collcachelib/coll_cache_lib/facade.cc:447] worker 0 thread 7 initing device 7
[2023-04-15 06:10:20.779015: E /samgraph/3rdparty/collcachelib/coll_cache_lib/cache_context.cu:2320] Building Coll Cache with ... num gpu device is 8
[2023-04-15 06:10:20[.2023-04-15 06:10:20809137.: 809159E:  E/samgraph/3rdparty/collcachelib/coll_cache_lib/facade.cc :/samgraph/3rdparty/collcachelib/coll_cache_lib/facade.cc444:] 4441 solved] [
2 solved2023-04-15 06:10:20
.[8092442023-04-15 06:10:20[: .2023-04-15 06:10:20E809289. : 809296/samgraph/3rdparty/collcachelib/coll_cache_lib/facade.ccE: : E444/samgraph/3rdparty/collcachelib/coll_cache_lib/facade.cc ] :/samgraph/3rdparty/collcachelib/coll_cache_lib/facade.cc3 solved447:
] 447worker 0 thread 1 initing device 1] [
worker 0 thread 2 initing device 22023-04-15 06:10:20
.809405: E /samgraph/3rdparty/collcachelib/coll_cache_lib/facade.cc:447] worker 0 thread 3 initing device 3
[2023-04-15 06:10:20.809772: E /samgraph/3rdparty/collcachelib/coll_cache_lib/cache_context.cu:2320] Building Coll Cache with ... num gpu device is 8
[[2023-04-15 06:10:202023-04-15 06:10:20..809896809899: : EE  /samgraph/3rdparty/collcachelib/coll_cache_lib/cache_context.cu/samgraph/3rdparty/collcachelib/coll_cache_lib/cache_context.cu::23202320] ] Building Coll Cache with ... num gpu device is 8Building Coll Cache with ... num gpu device is 8

[2023-04-15 06:10:20.826309: E /samgraph/3rdparty/collcachelib/coll_cache_lib/facade.cc:444] 5 solved
[2023-04-15 06:10:20.826391: E /samgraph/3rdparty/collcachelib/coll_cache_lib/facade.cc:447] worker 0 thread 5 initing device 5
[2023-04-15 06:10:20.826692: E /samgraph/3rdparty/collcachelib/coll_cache_lib/facade.cc:[4442023-04-15 06:10:20] .4 solved826735
: E /samgraph/3rdparty/collcachelib/coll_cache_lib/cache_context.cu[:2023-04-15 06:10:202320.] 826758Building Coll Cache with ... num gpu device is 8: 
E /samgraph/3rdparty/collcachelib/coll_cache_lib/facade.cc:447] worker 0 thread 4 initing device 4
[2023-04-15 06:10:20.827103: E /samgraph/3rdparty/collcachelib/coll_cache_lib/cache_context.cu:2320] Building Coll Cache with ... num gpu device is 8
[2023-04-15 06:10:20.984756: E /samgraph/3rdparty/collcachelib/coll_cache_lib/cache_context.cu:2362] num cpu nodes is 85678230
[2023-04-15 06:10:21.  3449: E /samgraph/3rdparty/collcachelib/coll_cache_lib/cache_context.cu:2362] num cpu nodes is 85678230
[2023-04-15 06:10:21. 14345: E /samgraph/3rdparty/collcachelib/coll_cache_lib/cache_context.cu:2362] num cpu nodes is 85678230
[2023-04-15 06:10:21. 20720: E /samgraph/3rdparty/collcachelib/coll_cache_lib/cache_context.cu:2362] num cpu nodes is 85678230
[2023-04-15 06:10:21. 35260: E /samgraph/3rdparty/collcachelib/coll_cache_lib/cache_context.cu:2362] num cpu nodes is 85678230
[2023-04-15 06:10:21. 40922: E /samgraph/3rdparty/collcachelib/coll_cache_lib/cache_context.cu:2362] num cpu nodes is 85678230
[2023-04-15 06:10:21. 52975: E /samgraph/3rdparty/collcachelib/coll_cache_lib/cache_context.cu:2362] num cpu nodes is 85678230
[2023-04-15 06:10:21. 70861: E /samgraph/3rdparty/collcachelib/coll_cache_lib/cache_context.cu:2362] num cpu nodes is 85678230
[2023-04-15 06:10:21.677611: E /samgraph/3rdparty/collcachelib/coll_cache_lib/cuda/cache_hashtable.cu:355] create a hashtable with 25381726 possible elem, scale to 67108864
[2023-04-15 06:10:21.677676: E /samgraph/3rdparty/collcachelib/coll_cache_lib/cuda/cache_hashtable.cu:360] SimpleHashTable allocating 512.00 MB
[2023-04-15 06:10:21.740010: E /samgraph/3rdparty/collcachelib/coll_cache_lib/cuda/cache_hashtable.cu:355] create a hashtable with 25381726 possible elem, scale to 67108864
[2023-04-15 06:10:21.740094: E /samgraph/3rdparty/collcachelib/coll_cache_lib/cuda/cache_hashtable.cu:360] SimpleHashTable allocating 512.00 MB
[2023-04-15 06:10:21.743098: E /samgraph/3rdparty/collcachelib/coll_cache_lib/cuda/cache_hashtable.cu:355] create a hashtable with 25381726 possible elem, scale to 67108864
[2023-04-15 06:10:21.743154: E /samgraph/3rdparty/collcachelib/coll_cache_lib/cuda/cache_hashtable.cu:360] SimpleHashTable allocating 512.00 MB
[2023-04-15 06:10:21.746984: E /samgraph/3rdparty/collcachelib/coll_cache_lib/cuda/cache_hashtable.cu:355] create a hashtable with 25381726 possible elem, scale to 67108864
[2023-04-15 06:10:21.747053: E /samgraph/3rdparty/collcachelib/coll_cache_lib/cuda/cache_hashtable.cu:360] SimpleHashTable allocating 512.00 MB
[2023-04-15 06:10:21.759572: E /samgraph/3rdparty/collcachelib/coll_cache_lib/cuda/cache_hashtable.cu:355] create a hashtable with 25381726 possible elem, scale to 67108864
[2023-04-15 06:10:21.759639: E /samgraph/3rdparty/collcachelib/coll_cache_lib/cuda/cache_hashtable.cu:360] SimpleHashTable allocating 512.00 MB
[2023-04-15 06:10:21.762009: E /samgraph/3rdparty/collcachelib/coll_cache_lib/cuda/cache_hashtable.cu:355] create a hashtable with 25381726 possible elem, scale to 67108864
[2023-04-15 06:10:21.762072: E /samgraph/3rdparty/collcachelib/coll_cache_lib/cuda/cache_hashtable.cu:360] SimpleHashTable allocating 512.00 MB
[2023-04-15 06:10:21.770785: E /samgraph/3rdparty/collcachelib/coll_cache_lib/cuda/cache_hashtable.cu:355] create a hashtable with 25381726 possible elem, scale to 67108864
[2023-04-15 06:10:21.770846: E /samgraph/3rdparty/collcachelib/coll_cache_lib/cuda/cache_hashtable.cu:360] SimpleHashTable allocating 512.00 MB
[2023-04-15 06:10:21.790227: E /samgraph/3rdparty/collcachelib/coll_cache_lib/cuda/cache_hashtable.cu:355] create a hashtable with 25381726 possible elem, scale to 67108864
[2023-04-15 06:10:21.790291: E /samgraph/3rdparty/collcachelib/coll_cache_lib/cuda/cache_hashtable.cu:360] SimpleHashTable allocating 512.00 MB
[2023-04-15 06:10:21.924156: E /samgraph/3rdparty/collcachelib/coll_cache_lib/common.cc:107] too many mem allocated for forcescale?8995856->123682
[2023-04-15 06:10:21.928009: E /samgraph/3rdparty/collcachelib/coll_cache_lib/cache_context.cu:2439] Asymm Coll cache (policy: coll_cache_asymm_link) | local 8872174 / 111059956 nodes ( 7.99 %~8.00 %) | remote 16509552 / 111059956 nodes ( 14.87 %) | cpu 85678230 / 111059956 nodes ( 77.15 %) | 4.29 GB | 1.11805 secs 
[2023-04-15 06:10:21.932356: E /samgraph/3rdparty/collcachelib/coll_cache_lib/common.cc:107] too many mem allocated for forcescale?8995856->226080
[2023-04-15 06:10:21.937310: E /samgraph/3rdparty/collcachelib/coll_cache_lib/cache_context.cu:2439] Asymm Coll cache (policy: coll_cache_asymm_link) | local 8769776 / 111059956 nodes ( 7.90 %~8.00 %) | remote 16611950 / 111059956 nodes ( 14.96 %) | cpu 85678230 / 111059956 nodes ( 77.15 %) | 4.29 GB | 1.11052 secs 
[2023-04-15 06:10:21.940797: E /samgraph/3rdparty/collcachelib/coll_cache_lib/common.cc:107] too many mem allocated for forcescale?8995856->185355
[2023-04-15 06:10:21.942081: E /samgraph/3rdparty/collcachelib/coll_cache_lib/common.cc:107] too many mem allocated for forcescale?8995856->200814
[2023-04-15 06:10:21.942548: E /samgraph/3rdparty/collcachelib/coll_cache_lib/common.cc:107] too many mem allocated for forcescale?8995856->235220
[2023-04-15 06:10:21.942699: E /samgraph/3rdparty/collcachelib/coll_cache_lib/common.cc:107] too many mem allocated for forcescale?8995856->184254
[2023-04-15 06:10:21.943149: E /samgraph/3rdparty/collcachelib/coll_cache_lib/common.cc:107] too many mem allocated for forcescale?8995856->159438
[2023-04-15 06:10:21.944743: E /samgraph/3rdparty/collcachelib/coll_cache_lib/common.cc:107] too many mem allocated for forcescale?8995856->172738
[2023-04-15 06:10:21.949240: E /samgraph/3rdparty/collcachelib/coll_cache_lib/cache_context.cu:2439] Asymm Coll cache (policy: coll_cache_asymm_link) | local 8810501 / 111059956 nodes ( 7.93 %~8.00 %) | remote 16571225 / 111059956 nodes ( 14.92 %) | cpu 85678230 / 111059956 nodes ( 77.15 %) | 4.29 GB | 1.13943 secs 
[2023-04-15 06:10:21.949290: E /samgraph/3rdparty/collcachelib/coll_cache_lib/cache_context.cu:2439] Asymm Coll cache (policy: coll_cache_asymm_link) | local 8836418 / 111059956 nodes ( 7.96 %~8.00 %) | remote 16545308 / 111059956 nodes ( 14.90 %) | cpu 85678230 / 111059956 nodes ( 77.15 %) | 4.29 GB | 1.12215 secs 
[2023-04-15 06:10:21.962423: E /samgraph/3rdparty/collcachelib/coll_cache_lib/cache_context.cu:2439] Asymm Coll cache (policy: coll_cache_asymm_link) | local 8811602 / 111059956 nodes ( 7.93 %~8.00 %) | remote 16570124 / 111059956 nodes ( 14.92 %) | cpu 85678230 / 111059956 nodes ( 77.15 %) | 4.29 GB | 1.15247 secs 
[2023-04-15 06:10:21.962737: E /samgraph/3rdparty/collcachelib/coll_cache_lib/cache_context.cu:2439] Asymm Coll cache (policy: coll_cache_asymm_link) | local 8760636 / 111059956 nodes ( 7.89 %~8.00 %) | remote 16621090 / 111059956 nodes ( 14.97 %) | cpu 85678230 / 111059956 nodes ( 77.15 %) | 4.29 GB | 1.18368 secs 
[2023-04-15 06:10:21.964637: E /samgraph/3rdparty/collcachelib/coll_cache_lib/cache_context.cu:2439] Asymm Coll cache (policy: coll_cache_asymm_link) | local 8823118 / 111059956 nodes ( 7.94 %~8.00 %) | remote 16558608 / 111059956 nodes ( 14.91 %) | cpu 85678230 / 111059956 nodes ( 77.15 %) | 4.29 GB | 1.20392 secs 
[2023-04-15 06:10:21.967013: E /samgraph/3rdparty/collcachelib/coll_cache_lib/cache_context.cu:2439] Asymm Coll cache (policy: coll_cache_asymm_link) | local 8795042 / 111059956 nodes ( 7.92 %~8.00 %) | remote 16586684 / 111059956 nodes ( 14.93 %) | cpu 85678230 / 111059956 nodes ( 77.15 %) | 4.29 GB | 1.18831 secs 
[2023-04-15 06:10:21.976354: W /samgraph/3rdparty/collcachelib/coll_cache_lib/cache_context.cu:3958] before create ctx, mem is 9.99 GB
[2023-04-15 06:10:21.977264: W /samgraph/3rdparty/collcachelib/coll_cache_lib/cache_context.cu:3958] before create ctx, mem is 9.99 GB
[2023-04-15 06:10:21.978127: W /samgraph/3rdparty/collcachelib/coll_cache_lib/cache_context.cu:3958] before create ctx, mem is 9.99 GB
[2023-04-15 06:10:21.978738: W /samgraph/3rdparty/collcachelib/coll_cache_lib/cache_context.cu:3958] before create ctx, mem is 9.99 GB
[2023-04-15 06:10:21.979363: W /samgraph/3rdparty/collcachelib/coll_cache_lib/cache_context.cu:3958] before create ctx, mem is 9.99 GB
[2023-04-15 06:10:30.801633: W /samgraph/3rdparty/collcachelib/coll_cache_lib/cache_context.cu:3958] after create ctx, mem is 11.88 GB
[2023-04-15 06:10:30.802095: W /samgraph/3rdparty/collcachelib/coll_cache_lib/cache_context.cu:3958] after create stream, mem is 11.88 GB
[2023-04-15 06:10:31. 15183: W /samgraph/3rdparty/collcachelib/coll_cache_lib/cache_context.cu:3958] after create ctx, mem is 11.96 GB
[2023-04-15 06:10:31. 15330: W /samgraph/3rdparty/collcachelib/coll_cache_lib/cache_context.cu:3958] after create stream, mem is 11.96 GB
[2023-04-15 06:10:31. 72811: W /samgraph/3rdparty/collcachelib/coll_cache_lib/cache_context.cu:3958] after create ctx, mem is 11.98 GB
[2023-04-15 06:10:31. 72940: W /samgraph/3rdparty/collcachelib/coll_cache_lib/cache_context.cu:3958] after create stream, mem is 11.98 GB
[2023-04-15 06:10:31.187301: W /samgraph/3rdparty/collcachelib/coll_cache_lib/cache_context.cu:3958] after create ctx, mem is 12.02 GB
[2023-04-15 06:10:31.187430: W /samgraph/3rdparty/collcachelib/coll_cache_lib/cache_context.cu:3958] after create stream, mem is 12.02 GB
[2023-04-15 06:10:31.326150: W /samgraph/3rdparty/collcachelib/coll_cache_lib/cache_context.cu:3958] after create ctx, mem is 12.06 GB
[2023-04-15 06:10:31.326274: W /samgraph/3rdparty/collcachelib/coll_cache_lib/cache_context.cu:3958] after create stream, mem is 12.06 GB
/usr/local/lib/python3.8/dist-packages/torch/nn/parallel/scatter_gather.py:9: UserWarning: is_namedtuple is deprecated, please use the python checks instead
  warnings.warn("is_namedtuple is deprecated, please use the python checks instead")
/usr/local/lib/python3.8/dist-packages/torch/nn/parallel/scatter_gather.py:9: UserWarning: is_namedtuple is deprecated, please use the python checks instead
  warnings.warn("is_namedtuple is deprecated, please use the python checks instead")
/usr/local/lib/python3.8/dist-packages/torch/nn/parallel/scatter_gather.py:9: UserWarning: is_namedtuple is deprecated, please use the python checks instead
  warnings.warn("is_namedtuple is deprecated, please use the python checks instead")
/usr/local/lib/python3.8/dist-packages/torch/nn/parallel/scatter_gather.py:9: UserWarning: is_namedtuple is deprecated, please use the python checks instead
  warnings.warn("is_namedtuple is deprecated, please use the python checks instead")
/usr/local/lib/python3.8/dist-packages/torch/nn/parallel/scatter_gather.py:9: UserWarning: is_namedtuple is deprecated, please use the python checks instead
  warnings.warn("is_namedtuple is deprecated, please use the python checks instead")
/usr/local/lib/python3.8/dist-packages/torch/nn/parallel/scatter_gather.py:9: UserWarning: is_namedtuple is deprecated, please use the python checks instead
  warnings.warn("is_namedtuple is deprecated, please use the python checks instead")
/usr/local/lib/python3.8/dist-packages/torch/nn/parallel/scatter_gather.py:9: UserWarning: is_namedtuple is deprecated, please use the python checks instead
  warnings.warn("is_namedtuple is deprecated, please use the python checks instead")
/usr/local/lib/python3.8/dist-packages/torch/nn/parallel/scatter_gather.py:9: UserWarning: is_namedtuple is deprecated, please use the python checks instead
  warnings.warn("is_namedtuple is deprecated, please use the python checks instead")
