succeed=True
[CUDA] cuda: usage: 5.20 GB
0 : local 80, cpu 0 {link #0 : g3 0}, {link #1 : g6 0}, {link #2 : g1 0}, {link #3 : g2 0},
1 : local 80, cpu 0 {link #0 : g7 0}, {link #1 : g2 0}, {link #2 : g3 0}, {link #3 : g0 0},
2 : local 80, cpu 0 {link #0 : g1 0}, {link #1 : g3 0}, {link #2 : g0 0}, {link #3 : g4 0},
3 : local 80, cpu 0 {link #0 : g2 0}, {link #1 : g0 0}, {link #2 : g5 0}, {link #3 : g1 0},
4 : local 80, cpu 0 {link #0 : g5 0}, {link #1 : g7 0}, {link #2 : g2 0}, {link #3 : g6 0},
5 : local 80, cpu 0 {link #0 : g6 0}, {link #1 : g4 0}, {link #2 : g7 0}, {link #3 : g3 0},
6 : local 80, cpu 0 {link #0 : g0 0}, {link #1 : g5 0}, {link #2 : g4 0}, {link #3 : g7 0},
7 : local 80, cpu 0 {link #0 : g4 0}, {link #1 : g1 0}, {link #2 : g6 0}, {link #3 : g5 0},
0 : local 80, cpu 0 {link #0 : g3 0}, {link #1 : g6 0}, {link #2 : g1 0}, {link #3 : g2 0},
1 : local 80, cpu 0 {link #0 : g7 0}, {link #1 : g2 0}, {link #2 : g3 0}, {link #3 : g0 0},
2 : local 80, cpu 0 {link #0 : g1 0}, {link #1 : g3 0}, {link #2 : g0 0}, {link #3 : g4 0},
3 : local 80, cpu 0 {link #0 : g2 0}, {link #1 : g0 0}, {link #2 : g5 0}, {link #3 : g1 0},
4 : local 80, cpu 0 {link #0 : g5 0}, {link #1 : g7 0}, {link #2 : g2 0}, {link #3 : g6 0},
5 : local 80, cpu 0 {link #0 : g6 0}, {link #1 : g4 0}, {link #2 : g7 0}, {link #3 : g3 0},
6 : local 80, cpu 0 {link #0 : g0 0}, {link #1 : g5 0}, {link #2 : g4 0}, {link #3 : g7 0},
7 : local 80, cpu 0 {link #0 : g4 0}, {link #1 : g1 0}, {link #2 : g6 0}, {link #3 : g5 0},
0 : local 80, cpu 0 {link #0 : g3 0}, {link #1 : g6 0}, {link #2 : g1 0}, {link #3 : g2 0},
1 : local 80, cpu 0 {link #0 : g7 0}, {link #1 : g2 0}, {link #2 : g3 0}, {link #3 : g0 0},
2 : local 80, cpu 0 {link #0 : g1 0}, {link #1 : g3 0}, {link #2 : g0 0}, {link #3 : g4 0},
3 : local 80, cpu 0 {link #0 : g2 0}, {link #1 : g0 0}, {link #2 : g5 0}, {link #3 : g1 0},
4 : local 80, cpu 0 {link #0 : g5 0}, {link #1 : g7 0}, {link #2 : g2 0}, {link #3 : g6 0},
5 : local 80, cpu 0 {link #0 : g6 0}, {link #1 : g4 0}, {link #2 : g7 0}, {link #3 : g3 0},
6 : local 80, cpu 0 {link #0 : g0 0}, {link #1 : g5 0}, {link #2 : g4 0}, {link #3 : g7 0},
7 : local 80, cpu 0 {link #0 : g4 0}, {link #1 : g1 0}, {link #2 : g6 0}, {link #3 : g5 0},
0 : local 80, cpu 0 {link #0 : g3 0}, {link #1 : g6 0}, {link #2 : g1 0}, {link #3 : g2 0},
1 : local 80, cpu 0 {link #0 : g7 0}, {link #1 : g2 0}, {link #2 : g3 0}, {link #3 : g0 0},
2 : local 80, cpu 0 {link #0 : g1 0}, {link #1 : g3 0}, {link #2 : g0 0}, {link #3 : g4 0},
3 : local 80, cpu 0 {link #0 : g2 0}, {link #1 : g0 0}, {link #2 : g5 0}, {link #3 : g1 0},
4 : local 80, cpu 0 {link #0 : g5 0}, {link #1 : g7 0}, {link #2 : g2 0}, {link #3 : g6 0},
5 : local 80, cpu 0 {link #0 : g6 0}, {link #1 : g4 0}, {link #2 : g7 0}, {link #3 : g3 0},
6 : local 80, cpu 0 {link #0 : g0 0}, {link #1 : g5 0}, {link #2 : g4 0}, {link #3 : g7 0},
7 : local 80, cpu 0 {link #0 : g4 0}, {link #1 : g1 0}, {link #2 : g6 0}, {link #3 : g5 0},
0 : local 80, cpu 0 {link #0 : g3 0}, {link #1 : g6 0}, {link #2 : g1 0}, {link #3 : g2 0},
1 : local 80, cpu 0 {link #0 : g7 0}, {link #1 : g2 0}, {link #2 : g3 0}, {link #3 : g0 0},
2 : local 80, cpu 0 {link #0 : g1 0}, {link #1 : g3 0}, {link #2 : g0 0}, {link #3 : g4 0},
3 : local 80, cpu 0 {link #0 : g2 0}, {link #1 : g0 0}, {link #2 : g5 0}, {link #3 : g1 0},
4 : local 80, cpu 0 {link #0 : g5 0}, {link #1 : g7 0}, {link #2 : g2 0}, {link #3 : g6 0},
5 : local 80, cpu 0 {link #0 : g6 0}, {link #1 : g4 0}, {link #2 : g7 0}, {link #3 : g3 0},
6 : local 80, cpu 0 {link #0 : g0 0}, {link #1 : g5 0}, {link #2 : g4 0}, {link #3 : g7 0},
7 : local 80, cpu 0 {link #0 : g4 0}, {link #1 : g1 0}, {link #2 : g6 0}, {link #3 : g5 0},
0 : local 80, cpu 0 {link #0 : g3 0}, {link #1 : g6 0}, {link #2 : g1 0}, {link #3 : g2 0},
1 : local 80, cpu 0 {link #0 : g7 0}, {link #1 : g2 0}, {link #2 : g3 0}, {link #3 : g0 0},
2 : local 80, cpu 0 {link #0 : g1 0}, {link #1 : g3 0}, {link #2 : g0 0}, {link #3 : g4 0},
3 : local 80, cpu 0 {link #0 : g2 0}, {link #1 : g0 0}, {link #2 : g5 0}, {link #3 : g1 0},
4 : local 80, cpu 0 {link #0 : g5 0}, {link #1 : g7 0}, {link #2 : g2 0}, {link #3 : g6 0},
5 : local 80, cpu 0 {link #0 : g6 0}, {link #1 : g4 0}, {link #2 : g7 0}, {link #3 : g3 0},
6 : local 80, cpu 0 {link #0 : g0 0}, {link #1 : g5 0}, {link #2 : g4 0}, {link #3 : g7 0},
7 : local 80, cpu 0 {link #0 : g4 0}, {link #1 : g1 0}, {link #2 : g6 0}, {link #3 : g5 0},
0 : local 80, cpu 0 {link #0 : g3 0}, {link #1 : g6 0}, {link #2 : g1 0}, {link #3 : g2 0},
1 : local 80, cpu 0 {link #0 : g7 0}, {link #1 : g2 0}, {link #2 : g3 0}, {link #3 : g0 0},
2 : local 80, cpu 0 {link #0 : g1 0}, {link #1 : g3 0}, {link #2 : g0 0}, {link #3 : g4 0},
3 : local 80, cpu 0 {link #0 : g2 0}, {link #1 : g0 0}, {link #2 : g5 0}, {link #3 : g1 0},
4 : local 80, cpu 0 {link #0 : g5 0}, {link #1 : g7 0}, {link #2 : g2 0}, {link #3 : g6 0},
5 : local 80, cpu 0 {link #0 : g6 0}, {link #1 : g4 0}, {link #2 : g7 0}, {link #3 : g3 0},
6 : local 80, cpu 0 {link #0 : g0 0}, {link #1 : g5 0}, {link #2 : g4 0}, {link #3 : g7 0},
7 : local 80, cpu 0 {link #0 : g4 0}, {link #1 : g1 0}, {link #2 : g6 0}, {link #3 : g5 0},
0 : local 80, cpu 0 {link #0 : g3 0}, {link #1 : g6 0}, {link #2 : g1 0}, {link #3 : g2 0},
1 : local 80, cpu 0 {link #0 : g7 0}, {link #1 : g2 0}, {link #2 : g3 0}, {link #3 : g0 0},
2 : local 80, cpu 0 {link #0 : g1 0}, {link #1 : g3 0}, {link #2 : g0 0}, {link #3 : g4 0},
3 : local 80, cpu 0 {link #0 : g2 0}, {link #1 : g0 0}, {link #2 : g5 0}, {link #3 : g1 0},
4 : local 80, cpu 0 {link #0 : g5 0}, {link #1 : g7 0}, {link #2 : g2 0}, {link #3 : g6 0},
5 : local 80, cpu 0 {link #0 : g6 0}, {link #1 : g4 0}, {link #2 : g7 0}, {link #3 : g3 0},
6 : local 80, cpu 0 {link #0 : g0 0}, {link #1 : g5 0}, {link #2 : g4 0}, {link #3 : g7 0},
7 : local 80, cpu 0 {link #0 : g4 0}, {link #1 : g1 0}, {link #2 : g6 0}, {link #3 : g5 0},
Set parameter WLSAccessID
Set parameter WLSSecret
Set parameter LicenseID
Set parameter TimeLimit to value 200
Set parameter MIPGap to value 0.05
Set parameter ScaleFlag to value 1
Set parameter DegenMoves to value 2
Set parameter Cuts to value 2
Set parameter LogFile to value "cppsolver.log"
Set parameter Threads to value 48
Academic license - for non-commercial use only - registered to xiaoniu.sxn@sjtu.edu.cn
Gurobi Optimizer version 9.5.2 build v9.5.2rc0 (linux64)
Thread count: 48 physical cores, 96 logical processors, using up to 48 threads
Academic license - for non-commercial use only - registered to xiaoniu.sxn@sjtu.edu.cn
Optimize a model with 99320 rows, 15425 columns and 231672 nonzeros
Model fingerprint: 0x156886c8
Variable types: 9 continuous, 15416 integer (15416 binary)
Coefficient statistics:
  Matrix range     [5e-09, 9e+02]
  Objective range  [1e+00, 1e+00]
  Bounds range     [1e+00, 1e+00]
  RHS range        [1e+00, 6e+02]
Presolve removed 84231 rows and 0 columns
Presolve time: 0.20s
Presolved: 15089 rows, 15425 columns, 60393 nonzeros
Variable types: 9 continuous, 15416 integer (15416 binary)
Found heuristic solution: objective 14371.862438
Found heuristic solution: objective 8521.0602582

Root relaxation: objective 5.638938e+02, 4261 iterations, 0.13 seconds (0.12 work units)

    Nodes    |    Current Node    |     Objective Bounds      |     Work
 Expl Unexpl |  Obj  Depth IntInf | Incumbent    BestBd   Gap | It/Node Time

H    0     0                     563.8938255  563.89370  0.00%     -    0s
     0     0  563.89383    0   14  563.89383  563.89383  0.00%     -    0s

Explored 1 nodes (7156 simplex iterations) in 0.49 seconds (0.44 work units)
Thread count was 48 (of 96 available processors)

Solution count 3: 563.894 8521.06 14371.9 

Optimal solution found (tolerance 5.00e-02)
Best objective 5.638938255276e+02, best bound 5.638938255276e+02, gap 0.0000%
coll_cache:optimal_local_rate=0.795238,0.815372,0.901443,0.932229,0.914399,0.757418,0.933903,0.860718,
coll_cache:optimal_remote_rate=0.204762,0.184628,0.0985567,0.0677708,0.0856007,0.242582,0.066097,0.139282,
coll_cache:optimal_cpu_rate=4.60249e-09,4.60249e-09,4.60249e-09,4.60249e-09,4.60249e-09,4.60249e-09,4.60249e-09,4.60249e-09,
z=563.894
test_result:init:feat_nbytes=56862697472
test_result:init:cache_nbytes=14272536576
test_result:init:feat_nbytes=56862697472
test_result:init:cache_nbytes=14272536576
test_result:init:feat_nbytes=56862697472
test_result:init:cache_nbytes=14272536576
test_result:init:feat_nbytes=56862697472
test_result:init:cache_nbytes=14272536576
test_result:init:feat_nbytes=56862697472
test_result:init:cache_nbytes=14272536576
test_result:init:feat_nbytes=56862697472
test_result:init:cache_nbytes=14272536576
test_result:init:feat_nbytes=56862697472
test_result:init:cache_nbytes=14272536576
test_result:init:feat_nbytes=56862697472
test_result:init:cache_nbytes=14272536576
    [Step(average) Profiler Level 1 E3 S143]
        L1  sample           0.004600 | send           0.000000
        L1  recv             0.000000 | copy           0.005941 | convert time 0.000000 | train  0.009831
        L1  feature nbytes  515.81 MB | label nbytes 0.00 Bytes
        L1  id nbytes      0.00 Bytes | graph nbytes 0.00 Bytes
        L1  miss nbytes    0.00 Bytes | remote nbytes 0.00 Bytes
        L1  num nodes               0 | num samples           0
        L1  seq duration     0.000000 | refresh duration   0.000000
    [Step(average) Profiler Level 2 E3 S143]
        L2  shuffle     0.000000 | core sample  0.000000 | id remap        0.000000
        L2  graph copy  0.000000 | id copy      0.000000 | cache feat copy 0.005941
        L2  last layer sample time 0.000000 | size 0.000000
    [Step(average) Profiler Level 3 E3 S143]
        L3  khop sample coo  0.000000 | khop sort coo      0.000000 | khop count edge     0.000000 | khop compact edge 0.000000
        L3  walk sample coo  0.000000 | walk topk total    0.000000 | walk topk step1     0.000000 | walk topk step2   0.000000
        L3  walk topk step3  0.000000 | walk topk step4    0.000000 | walk topk step5     0.000000
        L3  walk topk step6  0.000000 | walk topk step7    0.000000
        L3  remap unique     0.000000 | remap populate     0.000000 | remap mapnode       0.000000 | remap mapedge     0.000000
        L3  cache get_index  0.000933 | cache copy_index   0.000000 | cache extract_miss  0.000000
        L3  cache copy_miss  0.000000 | cache combine_miss 0.000000 | cache combine cache 0.004968 | cache combine remote 0.000000
        L3  label extract  0.000000
    [Profiler Level Percentiles E3 S143]
        p50.00_tail_logl2featcopy=0.005822
        p90.00_tail_logl2featcopy=0.007044
        p95.00_tail_logl2featcopy=0.007130
        p99.00_tail_logl2featcopy=0.013071
        p99.90_tail_logl2featcopy=0.014174
[CUDA] cuda: usage: 20.38 GB
Rank=6, Graph loaded.
!!!!Train_dataloader(with 18 items) enumerate latency: 0.8303511142730713
!!!!Train_data_list(with 18 items) enumerate latency: 6.4373016357421875e-06, transfer latency: 0.8045368194580078
presamping
presamping takes 1.6828410625457764
Rank=7, Graph loaded.
!!!!Train_dataloader(with 18 items) enumerate latency: 0.8379108905792236
!!!!Train_data_list(with 18 items) enumerate latency: 7.152557373046875e-06, transfer latency: 0.7909443378448486
presamping
presamping takes 1.5135574340820312
Rank=5, Graph loaded.
!!!!Train_dataloader(with 18 items) enumerate latency: 0.7875411510467529
!!!!Train_data_list(with 18 items) enumerate latency: 5.7220458984375e-06, transfer latency: 0.7524411678314209
presamping
presamping takes 1.811779499053955
Rank=3, Graph loaded.
!!!!Train_dataloader(with 18 items) enumerate latency: 0.815500020980835
!!!!Train_data_list(with 18 items) enumerate latency: 5.9604644775390625e-06, transfer latency: 0.7760806083679199
presamping
presamping takes 1.4321777820587158
Rank=1, Graph loaded.
!!!!Train_dataloader(with 18 items) enumerate latency: 0.8239433765411377
!!!!Train_data_list(with 18 items) enumerate latency: 6.67572021484375e-06, transfer latency: 0.7830617427825928
presamping
presamping takes 1.7066752910614014
config:eval_tsp="2023-04-14 11:26:14"
config:num_worker=8
config:num_intra_size=4
config:root_dir=/nvme/songxiaoniu/graph-learning/wholegraph
config:graph_name=ogbn-papers100M
config:epochs=4
config:batchsize=8000
config:skip_epoch=2
config:local_step=125
config:presc_epoch=2
config:neighbors=10,25
config:hiddensize=256
config:num_layer=2
config:model=sage
config:framework=dgl
config:dataloaderworkers=0
config:dropout=0.5
config:lr=0.003
config:use_nccl=False
config:use_amp=True
config:use_collcache=True
config:cache_percentage=0.25
config:cache_policy=coll_cache_asymm_link
config:omp_thread_num=48
config:unsupervised=False
config:classnum=172
config:global_barrier=<multiprocessing.synchronize.Barrier object at 0x7fe061c933d0>
config:worker_id=0
creating_intra_node_communicator root=0, local_size=4, world_size=8
Rank=0, Graph loaded.
!!!!Train_dataloader(with 18 items) enumerate latency: 0.8121259212493896
!!!!Train_data_list(with 18 items) enumerate latency: 6.4373016357421875e-06, transfer latency: 0.7737290859222412
epoch=4 total_steps=72
presamping
presamping takes 1.5177769660949707
start training...
[Epoch 0], time=1.8736588954925537, loss=5.099268913269043
[Epoch 1], time=0.36690688133239746, loss=5.05063533782959
[Epoch 2], time=0.3713703155517578, loss=5.004642009735107
[Epoch 3], time=0.3663327693939209, loss=4.961324691772461
|===========================================================================|
|                  PyTorch CUDA memory summary, device ID 0                 |
|---------------------------------------------------------------------------|
|            CUDA OOMs: 0            |        cudaMalloc retries: 0         |
|===========================================================================|
|        Metric         | Cur Usage  | Peak Usage | Tot Alloc  | Tot Freed  |
|---------------------------------------------------------------------------|
| Allocated memory      |   68207 KB |  370171 KB |   95833 MB |   95767 MB |
|       from large pool |   61872 KB |  364070 KB |   94684 MB |   94624 MB |
|       from small pool |    6335 KB |    8752 KB |    1148 MB |    1142 MB |
|---------------------------------------------------------------------------|
| Active memory         |   68207 KB |  370171 KB |   95833 MB |   95767 MB |
|       from large pool |   61872 KB |  364070 KB |   94684 MB |   94624 MB |
|       from small pool |    6335 KB |    8752 KB |    1148 MB |    1142 MB |
|---------------------------------------------------------------------------|
| GPU reserved memory   |  755712 KB |  755712 KB |  755712 KB |       0 B  |
|       from large pool |  743424 KB |  743424 KB |  743424 KB |       0 B  |
|       from small pool |   12288 KB |   12288 KB |   12288 KB |       0 B  |
|---------------------------------------------------------------------------|
| Non-releasable memory |   48528 KB |  451610 KB |  106839 MB |  106791 MB |
|       from large pool |   44624 KB |  447443 KB |  105656 MB |  105612 MB |
|       from small pool |    3904 KB |    7072 KB |    1183 MB |    1179 MB |
|---------------------------------------------------------------------------|
| Allocations           |      55    |      69    |   11471    |   11416    |
|       from large pool |      11    |      22    |    4156    |    4145    |
|       from small pool |      44    |      49    |    7315    |    7271    |
|---------------------------------------------------------------------------|
| Active allocs         |      55    |      69    |   11471    |   11416    |
|       from large pool |      11    |      22    |    4156    |    4145    |
|       from small pool |      44    |      49    |    7315    |    7271    |
|---------------------------------------------------------------------------|
| GPU reserved segments |      19    |      19    |      19    |       0    |
|       from large pool |      13    |      13    |      13    |       0    |
|       from small pool |       6    |       6    |       6    |       0    |
|---------------------------------------------------------------------------|
| Non-releasable allocs |      20    |      36    |    4755    |    4735    |
|       from large pool |       8    |      17    |    2738    |    2730    |
|       from small pool |      12    |      21    |    2017    |    2005    |
|---------------------------------------------------------------------------|
| Oversize allocations  |       0    |       0    |       0    |       0    |
|---------------------------------------------------------------------------|
| Oversize GPU segments |       0    |       0    |       0    |       0    |
|===========================================================================|

[TRAIN_TIME] train time is 2.979514 seconds
[EPOCH_TIME] 0.744878 seconds, maybe large due to not enough epoch skipped.
[EPOCH_TIME] 0.369108 seconds
creating_intra_node_communicator root=4, local_size=4, world_size=8
Rank=4, Graph loaded.
!!!!Train_dataloader(with 18 items) enumerate latency: 0.8386893272399902
!!!!Train_data_list(with 18 items) enumerate latency: 5.245208740234375e-06, transfer latency: 0.7619707584381104
presamping
presamping takes 1.7968995571136475
Rank=2, Graph loaded.
!!!!Train_dataloader(with 18 items) enumerate latency: 0.8081934452056885
!!!!Train_data_list(with 18 items) enumerate latency: 6.4373016357421875e-06, transfer latency: 0.7750725746154785
presamping
presamping takes 1.6067728996276855

