succeed=True
[CUDA] cuda: usage: 5.20 GB
0 : local 72, cpu 8 {link #0 : g3 24}, {link #1 : g6 24}, {link #2 : g1 12}, {link #3 : g2 12},
1 : local 72, cpu 8 {link #0 : g7 24}, {link #1 : g2 24}, {link #2 : g3 12}, {link #3 : g0 12},
2 : local 72, cpu 8 {link #0 : g1 24}, {link #1 : g3 24}, {link #2 : g0 12}, {link #3 : g4 12},
3 : local 72, cpu 8 {link #0 : g2 24}, {link #1 : g0 24}, {link #2 : g5 12}, {link #3 : g1 12},
4 : local 72, cpu 8 {link #0 : g5 24}, {link #1 : g7 24}, {link #2 : g2 12}, {link #3 : g6 12},
5 : local 72, cpu 8 {link #0 : g6 24}, {link #1 : g4 24}, {link #2 : g7 12}, {link #3 : g3 12},
6 : local 72, cpu 8 {link #0 : g0 24}, {link #1 : g5 24}, {link #2 : g4 12}, {link #3 : g7 12},
7 : local 72, cpu 8 {link #0 : g4 24}, {link #1 : g1 24}, {link #2 : g6 12}, {link #3 : g5 12},
0 : local 72, cpu 8 {link #0 : g3 24}, {link #1 : g6 24}, {link #2 : g1 12}, {link #3 : g2 12},
1 : local 72, cpu 8 {link #0 : g7 24}, {link #1 : g2 24}, {link #2 : g3 12}, {link #3 : g0 12},
2 : local 72, cpu 8 {link #0 : g1 24}, {link #1 : g3 24}, {link #2 : g0 12}, {link #3 : g4 12},
3 : local 72, cpu 8 {link #0 : g2 24}, {link #1 : g0 24}, {link #2 : g5 12}, {link #3 : g1 12},
4 : local 72, cpu 8 {link #0 : g5 24}, {link #1 : g7 24}, {link #2 : g2 12}, {link #3 : g6 12},
5 : local 72, cpu 8 {link #0 : g6 24}, {link #1 : g4 24}, {link #2 : g7 12}, {link #3 : g3 12},
6 : local 72, cpu 8 {link #0 : g0 24}, {link #1 : g5 24}, {link #2 : g4 12}, {link #3 : g7 12},
7 : local 72, cpu 8 {link #0 : g4 24}, {link #1 : g1 24}, {link #2 : g6 12}, {link #3 : g5 12},
0 : local 72, cpu 8 {link #0 : g3 24}, {link #1 : g6 24}, {link #2 : g1 12}, {link #3 : g2 12},
1 : local 72, cpu 8 {link #0 : g7 24}, {link #1 : g2 24}, {link #2 : g3 12}, {link #3 : g0 12},
2 : local 72, cpu 8 {link #0 : g1 24}, {link #1 : g3 24}, {link #2 : g0 12}, {link #3 : g4 12},
3 : local 72, cpu 8 {link #0 : g2 24}, {link #1 : g0 24}, {link #2 : g5 12}, {link #3 : g1 12},
4 : local 72, cpu 8 {link #0 : g5 24}, {link #1 : g7 24}, {link #2 : g2 12}, {link #3 : g6 12},
5 : local 72, cpu 8 {link #0 : g6 24}, {link #1 : g4 24}, {link #2 : g7 12}, {link #3 : g3 12},
6 : local 72, cpu 8 {link #0 : g0 24}, {link #1 : g5 24}, {link #2 : g4 12}, {link #3 : g7 12},
7 : local 72, cpu 8 {link #0 : g4 24}, {link #1 : g1 24}, {link #2 : g6 12}, {link #3 : g5 12},
0 : local 72, cpu 8 {link #0 : g3 24}, {link #1 : g6 24}, {link #2 : g1 12}, {link #3 : g2 12},
1 : local 72, cpu 8 {link #0 : g7 24}, {link #1 : g2 24}, {link #2 : g3 12}, {link #3 : g0 12},
2 : local 72, cpu 8 {link #0 : g1 24}, {link #1 : g3 24}, {link #2 : g0 12}, {link #3 : g4 12},
3 : local 72, cpu 8 {link #0 : g2 24}, {link #1 : g0 24}, {link #2 : g5 12}, {link #3 : g1 12},
4 : local 72, cpu 8 {link #0 : g5 24}, {link #1 : g7 24}, {link #2 : g2 12}, {link #3 : g6 12},
5 : local 72, cpu 8 {link #0 : g6 24}, {link #1 : g4 24}, {link #2 : g7 12}, {link #3 : g3 12},
6 : local 72, cpu 8 {link #0 : g0 24}, {link #1 : g5 24}, {link #2 : g4 12}, {link #3 : g7 12},
7 : local 72, cpu 8 {link #0 : g4 24}, {link #1 : g1 24}, {link #2 : g6 12}, {link #3 : g5 12},
0 : local 72, cpu 8 {link #0 : g3 24}, {link #1 : g6 24}, {link #2 : g1 12}, {link #3 : g2 12},
1 : local 72, cpu 8 {link #0 : g7 24}, {link #1 : g2 24}, {link #2 : g3 12}, {link #3 : g0 12},
2 : local 72, cpu 8 {link #0 : g1 24}, {link #1 : g3 24}, {link #2 : g0 12}, {link #3 : g4 12},
3 : local 72, cpu 8 {link #0 : g2 24}, {link #1 : g0 24}, {link #2 : g5 12}, {link #3 : g1 12},
4 : local 72, cpu 8 {link #0 : g5 24}, {link #1 : g7 24}, {link #2 : g2 12}, {link #3 : g6 12},
5 : local 72, cpu 8 {link #0 : g6 24}, {link #1 : g4 24}, {link #2 : g7 12}, {link #3 : g3 12},
6 : local 72, cpu 8 {link #0 : g0 24}, {link #1 : g5 24}, {link #2 : g4 12}, {link #3 : g7 12},
7 : local 72, cpu 8 {link #0 : g4 24}, {link #1 : g1 24}, {link #2 : g6 12}, {link #3 : g5 12},
0 : local 72, cpu 8 {link #0 : g3 24}, {link #1 : g6 24}, {link #2 : g1 12}, {link #3 : g2 12},
1 : local 72, cpu 8 {link #0 : g7 24}, {link #1 : g2 24}, {link #2 : g3 12}, {link #3 : g0 12},
2 : local 72, cpu 8 {link #0 : g1 24}, {link #1 : g3 24}, {link #2 : g0 12}, {link #3 : g4 12},
3 : local 72, cpu 8 {link #0 : g2 24}, {link #1 : g0 24}, {link #2 : g5 12}, {link #3 : g1 12},
4 : local 72, cpu 8 {link #0 : g5 24}, {link #1 : g7 24}, {link #2 : g2 12}, {link #3 : g6 12},
5 : local 72, cpu 8 {link #0 : g6 24}, {link #1 : g4 24}, {link #2 : g7 12}, {link #3 : g3 12},
6 : local 72, cpu 8 {link #0 : g0 24}, {link #1 : g5 24}, {link #2 : g4 12}, {link #3 : g7 12},
7 : local 72, cpu 8 {link #0 : g4 24}, {link #1 : g1 24}, {link #2 : g6 12}, {link #3 : g5 12},
0 : local 72, cpu 8 {link #0 : g3 24}, {link #1 : g6 24}, {link #2 : g1 12}, {link #3 : g2 12},
1 : local 72, cpu 8 {link #0 : g7 24}, {link #1 : g2 24}, {link #2 : g3 12}, {link #3 : g0 12},
2 : local 72, cpu 8 {link #0 : g1 24}, {link #1 : g3 24}, {link #2 : g0 12}, {link #3 : g4 12},
3 : local 72, cpu 8 {link #0 : g2 24}, {link #1 : g0 24}, {link #2 : g5 12}, {link #3 : g1 12},
4 : local 72, cpu 8 {link #0 : g5 24}, {link #1 : g7 24}, {link #2 : g2 12}, {link #3 : g6 12},
5 : local 72, cpu 8 {link #0 : g6 24}, {link #1 : g4 24}, {link #2 : g7 12}, {link #3 : g3 12},
6 : local 72, cpu 8 {link #0 : g0 24}, {link #1 : g5 24}, {link #2 : g4 12}, {link #3 : g7 12},
7 : local 72, cpu 8 {link #0 : g4 24}, {link #1 : g1 24}, {link #2 : g6 12}, {link #3 : g5 12},
0 : local 72, cpu 8 {link #0 : g3 24}, {link #1 : g6 24}, {link #2 : g1 12}, {link #3 : g2 12},
1 : local 72, cpu 8 {link #0 : g7 24}, {link #1 : g2 24}, {link #2 : g3 12}, {link #3 : g0 12},
2 : local 72, cpu 8 {link #0 : g1 24}, {link #1 : g3 24}, {link #2 : g0 12}, {link #3 : g4 12},
3 : local 72, cpu 8 {link #0 : g2 24}, {link #1 : g0 24}, {link #2 : g5 12}, {link #3 : g1 12},
4 : local 72, cpu 8 {link #0 : g5 24}, {link #1 : g7 24}, {link #2 : g2 12}, {link #3 : g6 12},
5 : local 72, cpu 8 {link #0 : g6 24}, {link #1 : g4 24}, {link #2 : g7 12}, {link #3 : g3 12},
6 : local 72, cpu 8 {link #0 : g0 24}, {link #1 : g5 24}, {link #2 : g4 12}, {link #3 : g7 12},
7 : local 72, cpu 8 {link #0 : g4 24}, {link #1 : g1 24}, {link #2 : g6 12}, {link #3 : g5 12},
Set parameter WLSAccessID
Set parameter WLSSecret
Set parameter LicenseID
Set parameter TimeLimit to value 200
Set parameter MIPGap to value 0.05
Set parameter ScaleFlag to value 1
Set parameter DegenMoves to value 2
Set parameter Cuts to value 2
Set parameter LogFile to value "cppsolver.log"
Set parameter Threads to value 48
Academic license - for non-commercial use only - registered to xiaoniu.sxn@sjtu.edu.cn
Gurobi Optimizer version 9.5.2 build v9.5.2rc0 (linux64)
Thread count: 48 physical cores, 96 logical processors, using up to 48 threads
Academic license - for non-commercial use only - registered to xiaoniu.sxn@sjtu.edu.cn
Optimize a model with 145792 rows, 22641 columns and 366584 nonzeros
Model fingerprint: 0x27552368
Variable types: 9 continuous, 22632 integer (22632 binary)
Coefficient statistics:
  Matrix range     [5e-09, 7e+03]
  Objective range  [1e+00, 1e+00]
  Bounds range     [1e+00, 1e+00]
  RHS range        [1e+00, 5e+03]
Warning: Model contains large matrix coefficient range
         Consider reformulating model or setting NumericFocus parameter
         to avoid numerical issues.
Found heuristic solution: objective 25550.667379
Presolve removed 123662 rows and 7 columns
Presolve time: 0.40s
Presolved: 22130 rows, 22634 columns, 106571 nonzeros
Variable types: 1 continuous, 22633 integer (22632 binary)

Deterministic concurrent LP optimizer: primal and dual simplex
Showing first log only...


Use crossover to convert LP symmetric solution to basic solution...
Concurrent spin time: 0.00s

Solved with primal simplex

Root relaxation: objective 5.637542e+02, 5677 iterations, 0.17 seconds (0.15 work units)

    Nodes    |    Current Node    |     Objective Bounds      |     Work
 Expl Unexpl |  Obj  Depth IntInf | Incumbent    BestBd   Gap | It/Node Time

     0     0  563.75416    0 5817 25550.6674  563.75416  97.8%     -   10s
H    0     0                    7458.9280068  563.75416  92.4%     -   10s
H    0     0                    7291.9885165  563.75416  92.3%     -   10s
H    0     0                    1430.9658711  563.75416  60.6%     -   10s
H    0     0                     652.4876351  563.75416  13.6%     -   12s
H    0     0                     563.7543330  563.75433  0.00%     -   13s
     0     0  563.75433    0 3538  563.75433  563.75433  0.00%     -   13s

Cutting planes:
  Zero half: 1213

Explored 1 nodes (59141 simplex iterations) in 13.94 seconds (14.25 work units)
Thread count was 48 (of 96 available processors)

Solution count 6: 563.754 652.488 1430.97 ... 25550.7

Optimal solution found (tolerance 5.00e-02)
Best objective 5.637543329855e+02, best bound 5.637543283510e+02, gap 0.0000%
coll_cache:optimal_local_rate=0.750083,0.77019,0.747603,0.750744,0.765832,0.7475,0.753221,0.753278,
coll_cache:optimal_remote_rate=0.249917,0.22981,0.252397,0.249256,0.234168,0.2525,0.246779,0.246722,
coll_cache:optimal_cpu_rate=6.13269e-09,6.13269e-09,6.13269e-09,6.13269e-09,6.13269e-09,6.13269e-09,6.13269e-09,6.13269e-09,
z=563.754
test_result:init:feat_nbytes=56862697472
test_result:init:cache_nbytes=6880386048
test_result:init:feat_nbytes=56862697472
test_result:init:cache_nbytes=6880386048
test_result:init:feat_nbytes=56862697472
test_result:init:cache_nbytes=6880386048
test_result:init:feat_nbytes=56862697472
test_result:init:cache_nbytes=6880386048
test_result:init:feat_nbytes=56862697472
test_result:init:cache_nbytes=6880386048
test_result:init:feat_nbytes=56862697472
test_result:init:cache_nbytes=6880386048
test_result:init:feat_nbytes=56862697472
test_result:init:cache_nbytes=6880386048
test_result:init:feat_nbytes=56862697472
test_result:init:cache_nbytes=6880386048
    [Step(average) Profiler Level 1 E3 S143]
        L1  sample           0.004624 | send           0.000000
        L1  recv             0.000000 | copy           0.003264 | convert time 0.000000 | train  0.009386
        L1  feature nbytes  515.66 MB | label nbytes 0.00 Bytes
        L1  id nbytes      0.00 Bytes | graph nbytes 0.00 Bytes
        L1  miss nbytes       8.10 MB | remote nbytes  123.46 MB
        L1  num nodes               0 | num samples           0
        L1  seq duration     0.000000 | refresh duration   0.000000
    [Step(average) Profiler Level 2 E3 S143]
        L2  shuffle     0.000000 | core sample  0.000000 | id remap        0.000000
        L2  graph copy  0.000000 | id copy      0.000000 | cache feat copy 0.003264
        L2  last layer sample time 0.000000 | size 0.000000
    [Step(average) Profiler Level 3 E3 S143]
        L3  khop sample coo  0.000000 | khop sort coo      0.000000 | khop count edge     0.000000 | khop compact edge 0.000000
        L3  walk sample coo  0.000000 | walk topk total    0.000000 | walk topk step1     0.000000 | walk topk step2   0.000000
        L3  walk topk step3  0.000000 | walk topk step4    0.000000 | walk topk step5     0.000000
        L3  walk topk step6  0.000000 | walk topk step7    0.000000
        L3  remap unique     0.000000 | remap populate     0.000000 | remap mapnode       0.000000 | remap mapedge     0.000000
        L3  cache get_index  0.000977 | cache copy_index   0.000000 | cache extract_miss  0.000000
        L3  cache copy_miss  0.000000 | cache combine_miss 0.002104 | cache combine cache 0.000752 | cache combine remote 0.001475
        L3  label extract  0.000000
    [Profiler Level Percentiles E3 S143]
        p50.00_tail_logl2featcopy=0.003204
        p90.00_tail_logl2featcopy=0.003765
        p95.00_tail_logl2featcopy=0.003844
        p99.00_tail_logl2featcopy=0.009652
        p99.90_tail_logl2featcopy=0.010471
[CUDA] cuda: usage: 16.30 GB
Rank=5, Graph loaded.
!!!!Train_dataloader(with 18 items) enumerate latency: 0.7816040515899658
!!!!Train_data_list(with 18 items) enumerate latency: 6.67572021484375e-06, transfer latency: 0.7461576461791992
presamping
presamping takes 1.5496411323547363
Rank=7, Graph loaded.
!!!!Train_dataloader(with 18 items) enumerate latency: 0.7982206344604492
!!!!Train_data_list(with 18 items) enumerate latency: 6.198883056640625e-06, transfer latency: 0.7689883708953857
presamping
presamping takes 1.710069179534912
Rank=3, Graph loaded.
!!!!Train_dataloader(with 18 items) enumerate latency: 1.048001766204834
!!!!Train_data_list(with 18 items) enumerate latency: 9.775161743164062e-06, transfer latency: 1.004687786102295
presamping
presamping takes 1.5647220611572266
Rank=1, Graph loaded.
!!!!Train_dataloader(with 18 items) enumerate latency: 0.7912707328796387
!!!!Train_data_list(with 18 items) enumerate latency: 6.9141387939453125e-06, transfer latency: 0.7527072429656982
presamping
presamping takes 1.7457928657531738
creating_intra_node_communicator root=4, local_size=4, world_size=8
Rank=4, Graph loaded.
!!!!Train_dataloader(with 18 items) enumerate latency: 0.853712797164917
!!!!Train_data_list(with 18 items) enumerate latency: 7.3909759521484375e-06, transfer latency: 0.817887544631958
presamping
presamping takes 1.4285812377929688
Rank=2, Graph loaded.
!!!!Train_dataloader(with 18 items) enumerate latency: 0.797236442565918
!!!!Train_data_list(with 18 items) enumerate latency: 6.198883056640625e-06, transfer latency: 0.7645766735076904
presamping
presamping takes 1.581531047821045
Rank=6, Graph loaded.
!!!!Train_dataloader(with 18 items) enumerate latency: 0.8080987930297852
!!!!Train_data_list(with 18 items) enumerate latency: 7.62939453125e-06, transfer latency: 0.768822431564331
presamping
presamping takes 1.5686705112457275
config:eval_tsp="2023-04-15 06:14:57"
config:num_worker=8
config:num_intra_size=4
config:root_dir=/nvme/songxiaoniu/graph-learning/wholegraph
config:graph_name=ogbn-papers100M
config:epochs=4
config:batchsize=8000
config:skip_epoch=2
config:local_step=125
config:presc_epoch=2
config:neighbors=10,25
config:hiddensize=256
config:num_layer=2
config:model=sage
config:framework=dgl
config:dataloaderworkers=0
config:dropout=0.5
config:lr=0.003
config:use_nccl=False
config:use_amp=True
config:use_collcache=True
config:cache_percentage=0.12
config:cache_policy=coll_cache_asymm_link
config:omp_thread_num=48
config:unsupervised=False
config:classnum=172
config:global_barrier=<multiprocessing.synchronize.Barrier object at 0x7f34d5c983d0>
config:worker_id=0
creating_intra_node_communicator root=0, local_size=4, world_size=8
Rank=0, Graph loaded.
!!!!Train_dataloader(with 18 items) enumerate latency: 0.8725736141204834
!!!!Train_data_list(with 18 items) enumerate latency: 7.152557373046875e-06, transfer latency: 0.8306143283843994
epoch=4 total_steps=72
presamping
presamping takes 1.6108436584472656
start training...
[Epoch 0], time=1.7790918350219727, loss=5.098940849304199
[Epoch 1], time=0.3126487731933594, loss=5.050092697143555
[Epoch 2], time=0.31249141693115234, loss=5.003969192504883
[Epoch 3], time=0.3120112419128418, loss=4.960562229156494
|===========================================================================|
|                  PyTorch CUDA memory summary, device ID 0                 |
|---------------------------------------------------------------------------|
|            CUDA OOMs: 0            |        cudaMalloc retries: 0         |
|===========================================================================|
|        Metric         | Cur Usage  | Peak Usage | Tot Alloc  | Tot Freed  |
|---------------------------------------------------------------------------|
| Allocated memory      |   68946 KB |  371028 KB |   95842 MB |   95775 MB |
|       from large pool |   62607 KB |  364898 KB |   94694 MB |   94633 MB |
|       from small pool |    6339 KB |    8788 KB |    1148 MB |    1142 MB |
|---------------------------------------------------------------------------|
| Active memory         |   68946 KB |  371028 KB |   95842 MB |   95775 MB |
|       from large pool |   62607 KB |  364898 KB |   94694 MB |   94633 MB |
|       from small pool |    6339 KB |    8788 KB |    1148 MB |    1142 MB |
|---------------------------------------------------------------------------|
| GPU reserved memory   |     974 MB |     974 MB |     974 MB |       0 B  |
|       from large pool |     962 MB |     962 MB |     962 MB |       0 B  |
|       from small pool |      12 MB |      12 MB |      12 MB |       0 B  |
|---------------------------------------------------------------------------|
| Non-releasable memory |   15022 KB |  440371 KB |  106190 MB |  106176 MB |
|       from large pool |   11121 KB |  436199 KB |  105020 MB |  105009 MB |
|       from small pool |    3901 KB |    5507 KB |    1170 MB |    1166 MB |
|---------------------------------------------------------------------------|
| Allocations           |      55    |      69    |   11472    |   11417    |
|       from large pool |      11    |      22    |    4156    |    4145    |
|       from small pool |      44    |      49    |    7316    |    7272    |
|---------------------------------------------------------------------------|
| Active allocs         |      55    |      69    |   11472    |   11417    |
|       from large pool |      11    |      22    |    4156    |    4145    |
|       from small pool |      44    |      49    |    7316    |    7272    |
|---------------------------------------------------------------------------|
| GPU reserved segments |      20    |      20    |      20    |       0    |
|       from large pool |      14    |      14    |      14    |       0    |
|       from small pool |       6    |       6    |       6    |       0    |
|---------------------------------------------------------------------------|
| Non-releasable allocs |      22    |      31    |    4956    |    4934    |
|       from large pool |       3    |      16    |    2944    |    2941    |
|       from small pool |      19    |      22    |    2012    |    1993    |
|---------------------------------------------------------------------------|
| Oversize allocations  |       0    |       0    |       0    |       0    |
|---------------------------------------------------------------------------|
| Oversize GPU segments |       0    |       0    |       0    |       0    |
|===========================================================================|

[TRAIN_TIME] train time is 2.717510 seconds
[EPOCH_TIME] 0.679378 seconds, maybe large due to not enough epoch skipped.
[EPOCH_TIME] 0.312555 seconds

