succeed=True
[CUDA] cuda: usage: 5.10 GB
0 : local 80, cpu 0 {link #0 : g3 0}, {link #1 : g6 0}, {link #2 : g1 0}, {link #3 : g2 0},
1 : local 80, cpu 0 {link #0 : g7 0}, {link #1 : g2 0}, {link #2 : g3 0}, {link #3 : g0 0},
2 : local 80, cpu 0 {link #0 : g1 0}, {link #1 : g3 0}, {link #2 : g0 0}, {link #3 : g4 0},
3 : local 80, cpu 0 {link #0 : g2 0}, {link #1 : g0 0}, {link #2 : g5 0}, {link #3 : g1 0},
4 : local 80, cpu 0 {link #0 : g5 0}, {link #1 : g7 0}, {link #2 : g2 0}, {link #3 : g6 0},
5 : local 80, cpu 0 {link #0 : g6 0}, {link #1 : g4 0}, {link #2 : g7 0}, {link #3 : g3 0},
6 : local 80, cpu 0 {link #0 : g0 0}, {link #1 : g5 0}, {link #2 : g4 0}, {link #3 : g7 0},
7 : local 80, cpu 0 {link #0 : g4 0}, {link #1 : g1 0}, {link #2 : g6 0}, {link #3 : g5 0},
0 : local 80, cpu 0 {link #0 : g3 0}, {link #1 : g6 0}, {link #2 : g1 0}, {link #3 : g2 0},
1 : local 80, cpu 0 {link #0 : g7 0}, {link #1 : g2 0}, {link #2 : g3 0}, {link #3 : g0 0},
2 : local 80, cpu 0 {link #0 : g1 0}, {link #1 : g3 0}, {link #2 : g0 0}, {link #3 : g4 0},
3 : local 80, cpu 0 {link #0 : g2 0}, {link #1 : g0 0}, {link #2 : g5 0}, {link #3 : g1 0},
4 : local 80, cpu 0 {link #0 : g5 0}, {link #1 : g7 0}, {link #2 : g2 0}, {link #3 : g6 0},
5 : local 80, cpu 0 {link #0 : g6 0}, {link #1 : g4 0}, {link #2 : g7 0}, {link #3 : g3 0},
6 : local 80, cpu 0 {link #0 : g0 0}, {link #1 : g5 0}, {link #2 : g4 0}, {link #3 : g7 0},
7 : local 80, cpu 0 {link #0 : g4 0}, {link #1 : g1 0}, {link #2 : g6 0}, {link #3 : g5 0},
0 : local 80, cpu 0 {link #0 : g3 0}, {link #1 : g6 0}, {link #2 : g1 0}, {link #3 : g2 0},
1 : local 80, cpu 0 {link #0 : g7 0}, {link #1 : g2 0}, {link #2 : g3 0}, {link #3 : g0 0},
2 : local 80, cpu 0 {link #0 : g1 0}, {link #1 : g3 0}, {link #2 : g0 0}, {link #3 : g4 0},
3 : local 80, cpu 0 {link #0 : g2 0}, {link #1 : g0 0}, {link #2 : g5 0}, {link #3 : g1 0},
4 : local 80, cpu 0 {link #0 : g5 0}, {link #1 : g7 0}, {link #2 : g2 0}, {link #3 : g6 0},
5 : local 80, cpu 0 {link #0 : g6 0}, {link #1 : g4 0}, {link #2 : g7 0}, {link #3 : g3 0},
6 : local 80, cpu 0 {link #0 : g0 0}, {link #1 : g5 0}, {link #2 : g4 0}, {link #3 : g7 0},
7 : local 80, cpu 0 {link #0 : g4 0}, {link #1 : g1 0}, {link #2 : g6 0}, {link #3 : g5 0},
0 : local 80, cpu 0 {link #0 : g3 0}, {link #1 : g6 0}, {link #2 : g1 0}, {link #3 : g2 0},
1 : local 80, cpu 0 {link #0 : g7 0}, {link #1 : g2 0}, {link #2 : g3 0}, {link #3 : g0 0},
2 : local 80, cpu 0 {link #0 : g1 0}, {link #1 : g3 0}, {link #2 : g0 0}, {link #3 : g4 0},
3 : local 80, cpu 0 {link #0 : g2 0}, {link #1 : g0 0}, {link #2 : g5 0}, {link #3 : g1 0},
4 : local 80, cpu 0 {link #0 : g5 0}, {link #1 : g7 0}, {link #2 : g2 0}, {link #3 : g6 0},
5 : local 80, cpu 0 {link #0 : g6 0}, {link #1 : g4 0}, {link #2 : g7 0}, {link #3 : g3 0},
6 : local 80, cpu 0 {link #0 : g0 0}, {link #1 : g5 0}, {link #2 : g4 0}, {link #3 : g7 0},
7 : local 80, cpu 0 {link #0 : g4 0}, {link #1 : g1 0}, {link #2 : g6 0}, {link #3 : g5 0},
0 : local 80, cpu 0 {link #0 : g3 0}, {link #1 : g6 0}, {link #2 : g1 0}, {link #3 : g2 0},
1 : local 80, cpu 0 {link #0 : g7 0}, {link #1 : g2 0}, {link #2 : g3 0}, {link #3 : g0 0},
2 : local 80, cpu 0 {link #0 : g1 0}, {link #1 : g3 0}, {link #2 : g0 0}, {link #3 : g4 0},
3 : local 80, cpu 0 {link #0 : g2 0}, {link #1 : g0 0}, {link #2 : g5 0}, {link #3 : g1 0},
4 : local 80, cpu 0 {link #0 : g5 0}, {link #1 : g7 0}, {link #2 : g2 0}, {link #3 : g6 0},
5 : local 80, cpu 0 {link #0 : g6 0}, {link #1 : g4 0}, {link #2 : g7 0}, {link #3 : g3 0},
6 : local 80, cpu 0 {link #0 : g0 0}, {link #1 : g5 0}, {link #2 : g4 0}, {link #3 : g7 0},
7 : local 80, cpu 0 {link #0 : g4 0}, {link #1 : g1 0}, {link #2 : g6 0}, {link #3 : g5 0},
0 : local 80, cpu 0 {link #0 : g3 0}, {link #1 : g6 0}, {link #2 : g1 0}, {link #3 : g2 0},
1 : local 80, cpu 0 {link #0 : g7 0}, {link #1 : g2 0}, {link #2 : g3 0}, {link #3 : g0 0},
2 : local 80, cpu 0 {link #0 : g1 0}, {link #1 : g3 0}, {link #2 : g0 0}, {link #3 : g4 0},
3 : local 80, cpu 0 {link #0 : g2 0}, {link #1 : g0 0}, {link #2 : g5 0}, {link #3 : g1 0},
4 : local 80, cpu 0 {link #0 : g5 0}, {link #1 : g7 0}, {link #2 : g2 0}, {link #3 : g6 0},
5 : local 80, cpu 0 {link #0 : g6 0}, {link #1 : g4 0}, {link #2 : g7 0}, {link #3 : g3 0},
6 : local 80, cpu 0 {link #0 : g0 0}, {link #1 : g5 0}, {link #2 : g4 0}, {link #3 : g7 0},
7 : local 80, cpu 0 {link #0 : g4 0}, {link #1 : g1 0}, {link #2 : g6 0}, {link #3 : g5 0},
0 : local 80, cpu 0 {link #0 : g3 0}, {link #1 : g6 0}, {link #2 : g1 0}, {link #3 : g2 0},
1 : local 80, cpu 0 {link #0 : g7 0}, {link #1 : g2 0}, {link #2 : g3 0}, {link #3 : g0 0},
2 : local 80, cpu 0 {link #0 : g1 0}, {link #1 : g3 0}, {link #2 : g0 0}, {link #3 : g4 0},
3 : local 80, cpu 0 {link #0 : g2 0}, {link #1 : g0 0}, {link #2 : g5 0}, {link #3 : g1 0},
4 : local 80, cpu 0 {link #0 : g5 0}, {link #1 : g7 0}, {link #2 : g2 0}, {link #3 : g6 0},
5 : local 80, cpu 0 {link #0 : g6 0}, {link #1 : g4 0}, {link #2 : g7 0}, {link #3 : g3 0},
6 : local 80, cpu 0 {link #0 : g0 0}, {link #1 : g5 0}, {link #2 : g4 0}, {link #3 : g7 0},
7 : local 80, cpu 0 {link #0 : g4 0}, {link #1 : g1 0}, {link #2 : g6 0}, {link #3 : g5 0},
0 : local 80, cpu 0 {link #0 : g3 0}, {link #1 : g6 0}, {link #2 : g1 0}, {link #3 : g2 0},
1 : local 80, cpu 0 {link #0 : g7 0}, {link #1 : g2 0}, {link #2 : g3 0}, {link #3 : g0 0},
2 : local 80, cpu 0 {link #0 : g1 0}, {link #1 : g3 0}, {link #2 : g0 0}, {link #3 : g4 0},
3 : local 80, cpu 0 {link #0 : g2 0}, {link #1 : g0 0}, {link #2 : g5 0}, {link #3 : g1 0},
4 : local 80, cpu 0 {link #0 : g5 0}, {link #1 : g7 0}, {link #2 : g2 0}, {link #3 : g6 0},
5 : local 80, cpu 0 {link #0 : g6 0}, {link #1 : g4 0}, {link #2 : g7 0}, {link #3 : g3 0},
6 : local 80, cpu 0 {link #0 : g0 0}, {link #1 : g5 0}, {link #2 : g4 0}, {link #3 : g7 0},
7 : local 80, cpu 0 {link #0 : g4 0}, {link #1 : g1 0}, {link #2 : g6 0}, {link #3 : g5 0},
coll_cache:optimal_rep_storage=0
coll_cache:optimal_part_storage=0.8
coll_cache:optimal_cpu_storage=0.2
coll_cache:optimal_local_storage=0.2
coll_cache:optimal_remote_storage=0.6
coll_cache:optimal_local_rate=0.25
coll_cache:optimal_remote_rate=0.75
coll_cache:optimal_cpu_rate=0
z=10257.6,10257.6,10257.6,10257.6,10257.6,10257.6,10257.6,10257.6,
test_result:init:feat_nbytes=67182966784
test_result:init:cache_nbytes=13503775744
test_result:init:feat_nbytes=67182966784
test_result:init:cache_nbytes=13503775744
test_result:init:feat_nbytes=67182966784
test_result:init:cache_nbytes=13503775744
test_result:init:feat_nbytes=67182966784
test_result:init:cache_nbytes=13503775744
test_result:init:feat_nbytes=67182966784
test_result:init:cache_nbytes=13503775744
test_result:init:feat_nbytes=67182966784
test_result:init:cache_nbytes=13503775744
test_result:init:feat_nbytes=67182966784
test_result:init:cache_nbytes=13503775744
test_result:init:feat_nbytes=67182966784
test_result:init:cache_nbytes=13503775744
    [Step(average) Profiler Level 1 E3 S119]
        L1  sample           0.003903 | send           0.000000
        L1  recv             0.000000 | copy           0.017847 | convert time 0.000000 | train  0.009952
        L1  feature nbytes    1.13 GB | label nbytes 0.00 Bytes
        L1  id nbytes      0.00 Bytes | graph nbytes 0.00 Bytes
        L1  miss nbytes    0.00 Bytes | remote nbytes 0.00 Bytes
        L1  num nodes               0 | num samples           0
        L1  seq duration     0.000000 | refresh duration   0.000000
    [Step(average) Profiler Level 2 E3 S119]
        L2  shuffle     0.000000 | core sample  0.000000 | id remap        0.000000
        L2  graph copy  0.000000 | id copy      0.000000 | cache feat copy 0.017847
        L2  last layer sample time 0.000000 | size 0.000000
    [Step(average) Profiler Level 3 E3 S119]
        L3  khop sample coo  0.000000 | khop sort coo      0.000000 | khop count edge     0.000000 | khop compact edge 0.000000
        L3  walk sample coo  0.000000 | walk topk total    0.000000 | walk topk step1     0.000000 | walk topk step2   0.000000
        L3  walk topk step3  0.000000 | walk topk step4    0.000000 | walk topk step5     0.000000
        L3  walk topk step6  0.000000 | walk topk step7    0.000000
        L3  remap unique     0.000000 | remap populate     0.000000 | remap mapnode       0.000000 | remap mapedge     0.000000
        L3  cache get_index  0.001068 | cache copy_index   0.000000 | cache extract_miss  0.000000
        L3  cache copy_miss  0.000000 | cache combine_miss 0.000000 | cache combine cache 0.016732 | cache combine remote 0.000000
        L3  label extract  0.000000
    [Profiler Level Percentiles E3 S119]
        p50.00_tail_logl2featcopy=0.017875
        p90.00_tail_logl2featcopy=0.018131
        p95.00_tail_logl2featcopy=0.018280
        p99.00_tail_logl2featcopy=0.031148
        p99.90_tail_logl2featcopy=0.031594
[CUDA] cuda: usage: 21.97 GB
creating_intra_node_communicator root=4, local_size=4, world_size=8
Rank=4, Graph loaded.
!!!!Train_dataloader(with 15 items) enumerate latency: 0.3326122760772705
!!!!Train_data_list(with 15 items) enumerate latency: 5.0067901611328125e-06, transfer latency: 0.23830366134643555
presamping
presamping takes 2.0216360092163086
Rank=7, Graph loaded.
!!!!Train_dataloader(with 15 items) enumerate latency: 0.31473779678344727
!!!!Train_data_list(with 15 items) enumerate latency: 4.291534423828125e-06, transfer latency: 0.22384023666381836
presamping
presamping takes 2.2305080890655518
Rank=5, Graph loaded.
!!!!Train_dataloader(with 15 items) enumerate latency: 0.32819581031799316
!!!!Train_data_list(with 15 items) enumerate latency: 4.76837158203125e-06, transfer latency: 0.23851919174194336
presamping
presamping takes 1.8764653205871582
Rank=3, Graph loaded.
!!!!Train_dataloader(with 15 items) enumerate latency: 0.32482004165649414
!!!!Train_data_list(with 15 items) enumerate latency: 5.9604644775390625e-06, transfer latency: 0.23268628120422363
presamping
presamping takes 1.8443336486816406
Rank=2, Graph loaded.
!!!!Train_dataloader(with 15 items) enumerate latency: 0.3393065929412842
!!!!Train_data_list(with 15 items) enumerate latency: 5.245208740234375e-06, transfer latency: 0.2456955909729004
presamping
presamping takes 2.0174365043640137
Rank=1, Graph loaded.
!!!!Train_dataloader(with 15 items) enumerate latency: 0.3213362693786621
!!!!Train_data_list(with 15 items) enumerate latency: 5.4836273193359375e-06, transfer latency: 0.2317807674407959
presamping
presamping takes 2.1839663982391357
config:eval_tsp="2023-04-15 07:17:48"
config:num_worker=8
config:num_intra_size=4
config:root_dir=/nvme/songxiaoniu/graph-learning/wholegraph
config:graph_name=com-friendster
config:epochs=4
config:batchsize=8000
config:skip_epoch=2
config:local_step=125
config:presc_epoch=2
config:neighbors=10,25
config:hiddensize=256
config:num_layer=2
config:model=sage
config:framework=dgl
config:dataloaderworkers=0
config:dropout=0.5
config:lr=0.003
config:use_nccl=False
config:use_amp=True
config:use_collcache=True
config:cache_percentage=0.2
config:cache_policy=clique_part
config:omp_thread_num=48
config:unsupervised=False
config:classnum=100
config:global_barrier=<multiprocessing.synchronize.Barrier object at 0x7f7ef25b03d0>
config:worker_id=0
creating_intra_node_communicator root=0, local_size=4, world_size=8
Rank=0, Graph loaded.
!!!!Train_dataloader(with 15 items) enumerate latency: 0.3250620365142822
!!!!Train_data_list(with 15 items) enumerate latency: 5.4836273193359375e-06, transfer latency: 0.23449277877807617
epoch=4 total_steps=60
presamping
presamping takes 1.980877161026001
start training...
[Epoch 0], time=2.1134114265441895, loss=4.5220489501953125
[Epoch 1], time=0.4762575626373291, loss=4.433102607727051
[Epoch 2], time=0.47714996337890625, loss=4.3442816734313965
[Epoch 3], time=0.4771444797515869, loss=4.255603313446045
|===========================================================================|
|                  PyTorch CUDA memory summary, device ID 0                 |
|---------------------------------------------------------------------------|
|            CUDA OOMs: 0            |        cudaMalloc retries: 0         |
|===========================================================================|
|        Metric         | Cur Usage  | Peak Usage | Tot Alloc  | Tot Freed  |
|---------------------------------------------------------------------------|
| Allocated memory      |   74752 KB |  750949 KB |   98031 MB |   97958 MB |
|       from large pool |   68049 KB |  744756 KB |   97130 MB |   97063 MB |
|       from small pool |    6702 KB |    8784 KB |     900 MB |     894 MB |
|---------------------------------------------------------------------------|
| Active memory         |   74752 KB |  750949 KB |   98031 MB |   97958 MB |
|       from large pool |   68049 KB |  744756 KB |   97130 MB |   97063 MB |
|       from small pool |    6702 KB |    8784 KB |     900 MB |     894 MB |
|---------------------------------------------------------------------------|
| GPU reserved memory   |    1910 MB |    1910 MB |    1910 MB |       0 B  |
|       from large pool |    1898 MB |    1898 MB |    1898 MB |       0 B  |
|       from small pool |      12 MB |      12 MB |      12 MB |       0 B  |
|---------------------------------------------------------------------------|
| Non-releasable memory |   60416 KB |    1205 MB |   98839 MB |   98780 MB |
|       from large pool |   56878 KB |    1201 MB |   97915 MB |   97859 MB |
|       from small pool |    3537 KB |       4 MB |     924 MB |     920 MB |
|---------------------------------------------------------------------------|
| Allocations           |      55    |      69    |    9569    |    9514    |
|       from large pool |      11    |      22    |    3466    |    3455    |
|       from small pool |      44    |      49    |    6103    |    6059    |
|---------------------------------------------------------------------------|
| Active allocs         |      55    |      69    |    9569    |    9514    |
|       from large pool |      11    |      22    |    3466    |    3455    |
|       from small pool |      44    |      49    |    6103    |    6059    |
|---------------------------------------------------------------------------|
| GPU reserved segments |      17    |      17    |      17    |       0    |
|       from large pool |      11    |      11    |      11    |       0    |
|       from small pool |       6    |       6    |       6    |       0    |
|---------------------------------------------------------------------------|
| Non-releasable allocs |      24    |      31    |    3781    |    3757    |
|       from large pool |       7    |      13    |    2034    |    2027    |
|       from small pool |      17    |      21    |    1747    |    1730    |
|---------------------------------------------------------------------------|
| Oversize allocations  |       0    |       0    |       0    |       0    |
|---------------------------------------------------------------------------|
| Oversize GPU segments |       0    |       0    |       0    |       0    |
|===========================================================================|

[TRAIN_TIME] train time is 3.544861 seconds
[EPOCH_TIME] 0.886215 seconds, maybe large due to not enough epoch skipped.
[EPOCH_TIME] 0.477324 seconds
Rank=6, Graph loaded.
!!!!Train_dataloader(with 15 items) enumerate latency: 0.34897351264953613
!!!!Train_data_list(with 15 items) enumerate latency: 6.198883056640625e-06, transfer latency: 0.25002384185791016
presamping
presamping takes 2.1412508487701416

