succeed=True
[CUDA] cuda: usage: 5.10 GB
0 : local 80, cpu 0 {link #0 : g3 0}, {link #1 : g6 0}, {link #2 : g1 0}, {link #3 : g2 0},
1 : local 80, cpu 0 {link #0 : g7 0}, {link #1 : g2 0}, {link #2 : g3 0}, {link #3 : g0 0},
2 : local 80, cpu 0 {link #0 : g1 0}, {link #1 : g3 0}, {link #2 : g0 0}, {link #3 : g4 0},
3 : local 80, cpu 0 {link #0 : g2 0}, {link #1 : g0 0}, {link #2 : g5 0}, {link #3 : g1 0},
4 : local 80, cpu 0 {link #0 : g5 0}, {link #1 : g7 0}, {link #2 : g2 0}, {link #3 : g6 0},
5 : local 80, cpu 0 {link #0 : g6 0}, {link #1 : g4 0}, {link #2 : g7 0}, {link #3 : g3 0},
6 : local 80, cpu 0 {link #0 : g0 0}, {link #1 : g5 0}, {link #2 : g4 0}, {link #3 : g7 0},
7 : local 80, cpu 0 {link #0 : g4 0}, {link #1 : g1 0}, {link #2 : g6 0}, {link #3 : g5 0},
0 : local 80, cpu 0 {link #0 : g3 0}, {link #1 : g6 0}, {link #2 : g1 0}, {link #3 : g2 0},
1 : local 80, cpu 0 {link #0 : g7 0}, {link #1 : g2 0}, {link #2 : g3 0}, {link #3 : g0 0},
2 : local 80, cpu 0 {link #0 : g1 0}, {link #1 : g3 0}, {link #2 : g0 0}, {link #3 : g4 0},
3 : local 80, cpu 0 {link #0 : g2 0}, {link #1 : g0 0}, {link #2 : g5 0}, {link #3 : g1 0},
4 : local 80, cpu 0 {link #0 : g5 0}, {link #1 : g7 0}, {link #2 : g2 0}, {link #3 : g6 0},
5 : local 80, cpu 0 {link #0 : g6 0}, {link #1 : g4 0}, {link #2 : g7 0}, {link #3 : g3 0},
6 : local 80, cpu 0 {link #0 : g0 0}, {link #1 : g5 0}, {link #2 : g4 0}, {link #3 : g7 0},
7 : local 80, cpu 0 {link #0 : g4 0}, {link #1 : g1 0}, {link #2 : g6 0}, {link #3 : g5 0},
0 : local 80, cpu 0 {link #0 : g3 0}, {link #1 : g6 0}, {link #2 : g1 0}, {link #3 : g2 0},
1 : local 80, cpu 0 {link #0 : g7 0}, {link #1 : g2 0}, {link #2 : g3 0}, {link #3 : g0 0},
2 : local 80, cpu 0 {link #0 : g1 0}, {link #1 : g3 0}, {link #2 : g0 0}, {link #3 : g4 0},
3 : local 80, cpu 0 {link #0 : g2 0}, {link #1 : g0 0}, {link #2 : g5 0}, {link #3 : g1 0},
4 : local 80, cpu 0 {link #0 : g5 0}, {link #1 : g7 0}, {link #2 : g2 0}, {link #3 : g6 0},
5 : local 80, cpu 0 {link #0 : g6 0}, {link #1 : g4 0}, {link #2 : g7 0}, {link #3 : g3 0},
6 : local 80, cpu 0 {link #0 : g0 0}, {link #1 : g5 0}, {link #2 : g4 0}, {link #3 : g7 0},
7 : local 80, cpu 0 {link #0 : g4 0}, {link #1 : g1 0}, {link #2 : g6 0}, {link #3 : g5 0},
0 : local 80, cpu 0 {link #0 : g3 0}, {link #1 : g6 0}, {link #2 : g1 0}, {link #3 : g2 0},
1 : local 80, cpu 0 {link #0 : g7 0}, {link #1 : g2 0}, {link #2 : g3 0}, {link #3 : g0 0},
2 : local 80, cpu 0 {link #0 : g1 0}, {link #1 : g3 0}, {link #2 : g0 0}, {link #3 : g4 0},
3 : local 80, cpu 0 {link #0 : g2 0}, {link #1 : g0 0}, {link #2 : g5 0}, {link #3 : g1 0},
4 : local 80, cpu 0 {link #0 : g5 0}, {link #1 : g7 0}, {link #2 : g2 0}, {link #3 : g6 0},
5 : local 80, cpu 0 {link #0 : g6 0}, {link #1 : g4 0}, {link #2 : g7 0}, {link #3 : g3 0},
6 : local 80, cpu 0 {link #0 : g0 0}, {link #1 : g5 0}, {link #2 : g4 0}, {link #3 : g7 0},
7 : local 80, cpu 0 {link #0 : g4 0}, {link #1 : g1 0}, {link #2 : g6 0}, {link #3 : g5 0},
0 : local 80, cpu 0 {link #0 : g3 0}, {link #1 : g6 0}, {link #2 : g1 0}, {link #3 : g2 0},
1 : local 80, cpu 0 {link #0 : g7 0}, {link #1 : g2 0}, {link #2 : g3 0}, {link #3 : g0 0},
2 : local 80, cpu 0 {link #0 : g1 0}, {link #1 : g3 0}, {link #2 : g0 0}, {link #3 : g4 0},
3 : local 80, cpu 0 {link #0 : g2 0}, {link #1 : g0 0}, {link #2 : g5 0}, {link #3 : g1 0},
4 : local 80, cpu 0 {link #0 : g5 0}, {link #1 : g7 0}, {link #2 : g2 0}, {link #3 : g6 0},
5 : local 80, cpu 0 {link #0 : g6 0}, {link #1 : g4 0}, {link #2 : g7 0}, {link #3 : g3 0},
6 : local 80, cpu 0 {link #0 : g0 0}, {link #1 : g5 0}, {link #2 : g4 0}, {link #3 : g7 0},
7 : local 80, cpu 0 {link #0 : g4 0}, {link #1 : g1 0}, {link #2 : g6 0}, {link #3 : g5 0},
0 : local 80, cpu 0 {link #0 : g3 0}, {link #1 : g6 0}, {link #2 : g1 0}, {link #3 : g2 0},
1 : local 80, cpu 0 {link #0 : g7 0}, {link #1 : g2 0}, {link #2 : g3 0}, {link #3 : g0 0},
2 : local 80, cpu 0 {link #0 : g1 0}, {link #1 : g3 0}, {link #2 : g0 0}, {link #3 : g4 0},
3 : local 80, cpu 0 {link #0 : g2 0}, {link #1 : g0 0}, {link #2 : g5 0}, {link #3 : g1 0},
4 : local 80, cpu 0 {link #0 : g5 0}, {link #1 : g7 0}, {link #2 : g2 0}, {link #3 : g6 0},
5 : local 80, cpu 0 {link #0 : g6 0}, {link #1 : g4 0}, {link #2 : g7 0}, {link #3 : g3 0},
6 : local 80, cpu 0 {link #0 : g0 0}, {link #1 : g5 0}, {link #2 : g4 0}, {link #3 : g7 0},
7 : local 80, cpu 0 {link #0 : g4 0}, {link #1 : g1 0}, {link #2 : g6 0}, {link #3 : g5 0},
0 : local 80, cpu 0 {link #0 : g3 0}, {link #1 : g6 0}, {link #2 : g1 0}, {link #3 : g2 0},
1 : local 80, cpu 0 {link #0 : g7 0}, {link #1 : g2 0}, {link #2 : g3 0}, {link #3 : g0 0},
2 : local 80, cpu 0 {link #0 : g1 0}, {link #1 : g3 0}, {link #2 : g0 0}, {link #3 : g4 0},
3 : local 80, cpu 0 {link #0 : g2 0}, {link #1 : g0 0}, {link #2 : g5 0}, {link #3 : g1 0},
4 : local 80, cpu 0 {link #0 : g5 0}, {link #1 : g7 0}, {link #2 : g2 0}, {link #3 : g6 0},
5 : local 80, cpu 0 {link #0 : g6 0}, {link #1 : g4 0}, {link #2 : g7 0}, {link #3 : g3 0},
6 : local 80, cpu 0 {link #0 : g0 0}, {link #1 : g5 0}, {link #2 : g4 0}, {link #3 : g7 0},
7 : local 80, cpu 0 {link #0 : g4 0}, {link #1 : g1 0}, {link #2 : g6 0}, {link #3 : g5 0},
0 : local 80, cpu 0 {link #0 : g3 0}, {link #1 : g6 0}, {link #2 : g1 0}, {link #3 : g2 0},
1 : local 80, cpu 0 {link #0 : g7 0}, {link #1 : g2 0}, {link #2 : g3 0}, {link #3 : g0 0},
2 : local 80, cpu 0 {link #0 : g1 0}, {link #1 : g3 0}, {link #2 : g0 0}, {link #3 : g4 0},
3 : local 80, cpu 0 {link #0 : g2 0}, {link #1 : g0 0}, {link #2 : g5 0}, {link #3 : g1 0},
4 : local 80, cpu 0 {link #0 : g5 0}, {link #1 : g7 0}, {link #2 : g2 0}, {link #3 : g6 0},
5 : local 80, cpu 0 {link #0 : g6 0}, {link #1 : g4 0}, {link #2 : g7 0}, {link #3 : g3 0},
6 : local 80, cpu 0 {link #0 : g0 0}, {link #1 : g5 0}, {link #2 : g4 0}, {link #3 : g7 0},
7 : local 80, cpu 0 {link #0 : g4 0}, {link #1 : g1 0}, {link #2 : g6 0}, {link #3 : g5 0},
Set parameter WLSAccessID
Set parameter WLSSecret
Set parameter LicenseID
Set parameter TimeLimit to value 200
Set parameter MIPGap to value 0.05
Set parameter ScaleFlag to value 1
Set parameter DegenMoves to value 2
Set parameter Cuts to value 2
Set parameter LogFile to value "cppsolver.log"
Set parameter Threads to value 48
Academic license - for non-commercial use only - registered to xiaoniu.sxn@sjtu.edu.cn
Gurobi Optimizer version 9.5.2 build v9.5.2rc0 (linux64)
Thread count: 48 physical cores, 96 logical processors, using up to 48 threads
Academic license - for non-commercial use only - registered to xiaoniu.sxn@sjtu.edu.cn
Optimize a model with 135224 rows, 21001 columns and 315448 nonzeros
Model fingerprint: 0xe302a086
Variable types: 9 continuous, 20992 integer (20992 binary)
Coefficient statistics:
  Matrix range     [8e-09, 5e+02]
  Objective range  [1e+00, 1e+00]
  Bounds range     [1e+00, 1e+00]
  RHS range        [1e+00, 9e+02]
Presolve removed 114695 rows and 0 columns
Presolve time: 0.30s
Presolved: 20529 rows, 21001 columns, 82377 nonzeros
Variable types: 9 continuous, 20992 integer (20992 binary)
Found heuristic solution: objective 21321.490120
Found heuristic solution: objective 15022.926089
Warning: Markowitz tolerance tightened to 0.0625
Warning: Markowitz tolerance tightened to 0.125

Root simplex log...

Iteration    Objective       Primal Inf.    Dual Inf.      Time
   30285    3.8939948e+03   1.847789e+07   0.000000e+00      5s
   35755    3.9752234e+03   0.000000e+00   0.000000e+00      6s

Root relaxation: objective 3.975223e+03, 35755 iterations, 5.78 seconds (5.98 work units)

    Nodes    |    Current Node    |     Objective Bounds      |     Work
 Expl Unexpl |  Obj  Depth IntInf | Incumbent    BestBd   Gap | It/Node Time

     0     0 3975.22341    0 11201 15022.9261 3975.22341  73.5%     -    6s
H    0     0                    13673.487576 3975.22341  70.9%     -   12s
H    0     0                    11768.166831 3975.22341  66.2%     -   12s
H    0     0                    11063.619621 3975.22341  64.1%     -   12s
H    0     0                    10373.041129 3975.22341  61.7%     -   12s
     0     0 4584.91074    0 8185 10373.0411 4584.91074  55.8%     -   13s
H    0     0                    9600.4470255 4584.91074  52.2%     -   15s
H    0     0                    9237.8898731 4621.32419  50.0%     -   16s
     0     0 4655.95234    0 8276 9237.88987 4655.95234  49.6%     -   16s
     0     0 4888.78095    0 8620 9237.88987 4888.78095  47.1%     -   17s
     0     0 4927.43213    0 8483 9237.88987 4927.43213  46.7%     -   18s
H    0     0                    8337.4106470 4927.43213  40.9%     -   18s
     0     0 4932.65715    0 8190 8337.41065 4932.65715  40.8%     -   18s
H    0     0                    8152.6692330 4932.65715  39.5%     -   19s
     0     0 4941.49644    0 8772 8152.66923 4941.49644  39.4%     -   19s
     0     0 4943.98979    0 8894 8152.66923 4943.98979  39.4%     -   20s
H    0     0                    7995.6217391 4943.98979  38.2%     -   20s
     0     0 4943.98979    0 8911 7995.62174 4943.98979  38.2%     -   20s
H    0     0                    7838.3398335 4943.98979  36.9%     -   21s
     0     0 4943.98979    0 8957 7838.33983 4943.98979  36.9%     -   23s
     0     0 4943.98979    0 8973 7838.33983 4943.98979  36.9%     -   23s
     0     0 5077.35655    0 8945 7838.33983 5077.35655  35.2%     -   24s
     0     0 5077.35655    0 8973 7838.33983 5077.35655  35.2%     -   25s
H    0     0                    7533.3870860 5077.35655  32.6%     -   25s
     0     0 5077.35655    0 8943 7533.38709 5077.35655  32.6%     -   26s
H    0     0                    7427.0123593 5077.35655  31.6%     -   26s
     0     0 5077.35655    0 8955 7427.01236 5077.35655  31.6%     -   27s
H    0     0                    7348.3040953 5077.35655  30.9%     -   32s
     0     0 5077.35655    0 8150 7348.30410 5077.35655  30.9%     -   32s
H    0     0                    6983.2733747 5303.85749  24.0%     -   34s
     0     0 5303.85749    0 2710 6983.27337 5303.85749  24.0%     -   34s
     0     0 5318.68207    0 1961 6983.27337 5318.68207  23.8%     -   35s
     0     0 5318.68207    0 1954 6983.27337 5318.68207  23.8%     -   35s
H    0     0                    6932.0563143 5318.68207  23.3%     -   37s
     0     0 5323.08165    0 1186 6932.05631 5323.08165  23.2%     -   37s
H    0     0                    6202.4687087 5323.08165  14.2%     -   42s
H    0     0                    5415.3521883 5323.08165  1.70%     -   44s

Cutting planes:
  Gomory: 56
  Lift-and-project: 100
  MIR: 3
  Flow cover: 17
  Zero half: 6356

Explored 1 nodes (90223 simplex iterations) in 44.45 seconds (36.68 work units)
Thread count was 48 (of 96 available processors)

Solution count 10: 5415.35 6202.47 6932.06 ... 8152.67

Optimal solution found (tolerance 5.00e-02)
Best objective 5.415352188290e+03, best bound 5.323081651980e+03, gap 1.7039%
coll_cache:optimal_local_rate=0.21164,0.25878,0.199379,0.229232,0.254641,0.208418,0.205563,0.230408,
coll_cache:optimal_remote_rate=0.687391,0.640251,0.699651,0.669799,0.644389,0.690612,0.693467,0.668622,
coll_cache:optimal_cpu_rate=0.10097,0.10097,0.10097,0.10097,0.10097,0.10097,0.10097,0.10097,
z=5415.35
test_result:init:feat_nbytes=67182966784
test_result:init:cache_nbytes=5441819648
test_result:init:feat_nbytes=67182966784
test_result:init:cache_nbytes=5441819648
test_result:init:feat_nbytes=67182966784
test_result:init:cache_nbytes=5441819648
test_result:init:feat_nbytes=67182966784
test_result:init:cache_nbytes=5441819648
test_result:init:feat_nbytes=67182966784
test_result:init:cache_nbytes=5441819648
test_result:init:feat_nbytes=67182966784
test_result:init:cache_nbytes=5441819648
test_result:init:feat_nbytes=67182966784
test_result:init:cache_nbytes=5441819648
test_result:init:feat_nbytes=67182966784
test_result:init:cache_nbytes=5441819648
    [Step(average) Profiler Level 1 E3 S119]
        L1  sample           0.003903 | send           0.000000
        L1  recv             0.000000 | copy           0.038336 | convert time 0.000000 | train  0.010342
        L1  feature nbytes    1.13 GB | label nbytes 0.00 Bytes
        L1  id nbytes      0.00 Bytes | graph nbytes 0.00 Bytes
        L1  miss nbytes    0.00 Bytes | remote nbytes 0.00 Bytes
        L1  num nodes               0 | num samples           0
        L1  seq duration     0.000000 | refresh duration   0.000000
    [Step(average) Profiler Level 2 E3 S119]
        L2  shuffle     0.000000 | core sample  0.000000 | id remap        0.000000
        L2  graph copy  0.000000 | id copy      0.000000 | cache feat copy 0.038336
        L2  last layer sample time 0.000000 | size 0.000000
    [Step(average) Profiler Level 3 E3 S119]
        L3  khop sample coo  0.000000 | khop sort coo      0.000000 | khop count edge     0.000000 | khop compact edge 0.000000
        L3  walk sample coo  0.000000 | walk topk total    0.000000 | walk topk step1     0.000000 | walk topk step2   0.000000
        L3  walk topk step3  0.000000 | walk topk step4    0.000000 | walk topk step5     0.000000
        L3  walk topk step6  0.000000 | walk topk step7    0.000000
        L3  remap unique     0.000000 | remap populate     0.000000 | remap mapnode       0.000000 | remap mapedge     0.000000
        L3  cache get_index  0.001016 | cache copy_index   0.000000 | cache extract_miss  0.000000
        L3  cache copy_miss  0.000000 | cache combine_miss 0.000000 | cache combine cache 0.037270 | cache combine remote 0.000000
        L3  label extract  0.000000
    [Profiler Level Percentiles E3 S119]
        p50.00_tail_logl2featcopy=0.038356
        p90.00_tail_logl2featcopy=0.039041
        p95.00_tail_logl2featcopy=0.039233
        p99.00_tail_logl2featcopy=0.051237
        p99.90_tail_logl2featcopy=0.051666
[CUDA] cuda: usage: 13.41 GB
Rank=1, Graph loaded.
!!!!Train_dataloader(with 15 items) enumerate latency: 0.3444638252258301
!!!!Train_data_list(with 15 items) enumerate latency: 5.9604644775390625e-06, transfer latency: 0.24943828582763672
presamping
presamping takes 2.330773115158081
Rank=5, Graph loaded.
!!!!Train_dataloader(with 15 items) enumerate latency: 0.3464498519897461
!!!!Train_data_list(with 15 items) enumerate latency: 6.67572021484375e-06, transfer latency: 0.2470095157623291
presamping
presamping takes 2.0951411724090576
config:eval_tsp="2023-04-15 06:58:08"
config:num_worker=8
config:num_intra_size=4
config:root_dir=/nvme/songxiaoniu/graph-learning/wholegraph
config:graph_name=com-friendster
config:epochs=4
config:batchsize=8000
config:skip_epoch=2
config:local_step=125
config:presc_epoch=2
config:neighbors=10,25
config:hiddensize=256
config:num_layer=2
config:model=sage
config:framework=dgl
config:dataloaderworkers=0
config:dropout=0.5
config:lr=0.003
config:use_nccl=False
config:use_amp=True
config:use_collcache=True
config:cache_percentage=0.08
config:cache_policy=coll_cache_asymm_link
config:omp_thread_num=48
config:unsupervised=False
config:classnum=100
config:global_barrier=<multiprocessing.synchronize.Barrier object at 0x7f96074883d0>
config:worker_id=0
creating_intra_node_communicator root=0, local_size=4, world_size=8
Rank=0, Graph loaded.
!!!!Train_dataloader(with 15 items) enumerate latency: 0.3059689998626709
!!!!Train_data_list(with 15 items) enumerate latency: 3.814697265625e-06, transfer latency: 0.21396303176879883
epoch=4 total_steps=60
presamping
presamping takes 1.7026543617248535
start training...
[Epoch 0], time=2.294480800628662, loss=4.5220489501953125
[Epoch 1], time=0.7901384830474854, loss=4.433102607727051
[Epoch 2], time=0.7886641025543213, loss=4.3442816734313965
[Epoch 3], time=0.7912726402282715, loss=4.255603313446045
|===========================================================================|
|                  PyTorch CUDA memory summary, device ID 0                 |
|---------------------------------------------------------------------------|
|            CUDA OOMs: 0            |        cudaMalloc retries: 0         |
|===========================================================================|
|        Metric         | Cur Usage  | Peak Usage | Tot Alloc  | Tot Freed  |
|---------------------------------------------------------------------------|
| Allocated memory      |   73844 KB |  748084 KB |   97900 MB |   97828 MB |
|       from large pool |   67143 KB |  741923 KB |   97000 MB |   96934 MB |
|       from small pool |    6701 KB |    8748 KB |     900 MB |     893 MB |
|---------------------------------------------------------------------------|
| Active memory         |   73844 KB |  748084 KB |   97900 MB |   97828 MB |
|       from large pool |   67143 KB |  741923 KB |   97000 MB |   96934 MB |
|       from small pool |    6701 KB |    8748 KB |     900 MB |     893 MB |
|---------------------------------------------------------------------------|
| GPU reserved memory   |    1354 MB |    1354 MB |    1354 MB |       0 B  |
|       from large pool |    1344 MB |    1344 MB |    1344 MB |       0 B  |
|       from small pool |      10 MB |      10 MB |      10 MB |       0 B  |
|---------------------------------------------------------------------------|
| Non-releasable memory |  634763 KB |  681169 KB |   87564 MB |   86944 MB |
|       from large pool |  631225 KB |  676859 KB |   86652 MB |   86035 MB |
|       from small pool |    3538 KB |    4780 KB |     911 MB |     908 MB |
|---------------------------------------------------------------------------|
| Allocations           |      55    |      69    |    9564    |    9509    |
|       from large pool |      11    |      22    |    3462    |    3451    |
|       from small pool |      44    |      49    |    6102    |    6058    |
|---------------------------------------------------------------------------|
| Active allocs         |      55    |      69    |    9564    |    9509    |
|       from large pool |      11    |      22    |    3462    |    3451    |
|       from small pool |      44    |      49    |    6102    |    6058    |
|---------------------------------------------------------------------------|
| GPU reserved segments |      16    |      16    |      16    |       0    |
|       from large pool |      11    |      11    |      11    |       0    |
|       from small pool |       5    |       5    |       5    |       0    |
|---------------------------------------------------------------------------|
| Non-releasable allocs |      24    |      32    |    3658    |    3634    |
|       from large pool |       8    |      14    |    1784    |    1776    |
|       from small pool |      16    |      22    |    1874    |    1858    |
|---------------------------------------------------------------------------|
| Oversize allocations  |       0    |       0    |       0    |       0    |
|---------------------------------------------------------------------------|
| Oversize GPU segments |       0    |       0    |       0    |       0    |
|===========================================================================|

[TRAIN_TIME] train time is 4.666728 seconds
[EPOCH_TIME] 1.166682 seconds, maybe large due to not enough epoch skipped.
[EPOCH_TIME] 0.790284 seconds
Rank=6, Graph loaded.
!!!!Train_dataloader(with 15 items) enumerate latency: 0.3292574882507324
!!!!Train_data_list(with 15 items) enumerate latency: 4.0531158447265625e-06, transfer latency: 0.2373943328857422
presamping
presamping takes 2.3860130310058594
Rank=2, Graph loaded.
!!!!Train_dataloader(with 15 items) enumerate latency: 0.3582601547241211
!!!!Train_data_list(with 15 items) enumerate latency: 6.198883056640625e-06, transfer latency: 0.26146626472473145
presamping
presamping takes 1.8669815063476562
Rank=3, Graph loaded.
!!!!Train_dataloader(with 15 items) enumerate latency: 0.30617308616638184
!!!!Train_data_list(with 15 items) enumerate latency: 5.7220458984375e-06, transfer latency: 0.21856904029846191
presamping
presamping takes 2.149535894393921
Rank=7, Graph loaded.
!!!!Train_dataloader(with 15 items) enumerate latency: 0.3725409507751465
!!!!Train_data_list(with 15 items) enumerate latency: 5.245208740234375e-06, transfer latency: 0.2734835147857666
presamping
presamping takes 2.359973430633545
creating_intra_node_communicator root=4, local_size=4, world_size=8
Rank=4, Graph loaded.
!!!!Train_dataloader(with 15 items) enumerate latency: 0.3701481819152832
!!!!Train_data_list(with 15 items) enumerate latency: 6.198883056640625e-06, transfer latency: 0.2655336856842041
presamping
presamping takes 1.9065163135528564

