/usr/lib/python3/dist-packages/requests/__init__.py:89: RequestsDependencyWarning: urllib3 (1.26.12) or chardet (3.0.4) doesn't match a supported version!
  warnings.warn("urllib3 ({}) or chardet ({}) doesn't match a supported "
Rank=3 done reading 16402091 embedding vectors from file /nvme/songxiaoniu/graph-learning/wholegraph/com_friendster/converted/homograph_csr_row_ptr
Rank=2 done reading 16402092 embedding vectors from file /nvme/songxiaoniu/graph-learning/wholegraph/com_friendster/converted/homograph_csr_row_ptr
Rank=2 done reading 16402092 embedding vectors from file /nvme/songxiaoniu/graph-learning/wholegraph/com_friendster/converted/homograph_csr_row_ptr
Rank=3 done reading 16402091 embedding vectors from file /nvme/songxiaoniu/graph-learning/wholegraph/com_friendster/converted/homograph_csr_row_ptr
Rank=1 done reading 16402092 embedding vectors from file /nvme/songxiaoniu/graph-learning/wholegraph/com_friendster/converted/homograph_csr_row_ptr
Rank=0 done reading 16402092 embedding vectors from file /nvme/songxiaoniu/graph-learning/wholegraph/com_friendster/converted/homograph_csr_row_ptr
Rank=0 done reading 16402092 embedding vectors from file /nvme/songxiaoniu/graph-learning/wholegraph/com_friendster/converted/homograph_csr_row_ptr
Rank=1 done reading 16402092 embedding vectors from file /nvme/songxiaoniu/graph-learning/wholegraph/com_friendster/converted/homograph_csr_row_ptr
Rank=3 done reading 903033566 embedding vectors from file /nvme/songxiaoniu/graph-learning/wholegraph/com_friendster/converted/homograph_csr_col_idx
Rank=2 done reading 903033568 embedding vectors from file /nvme/songxiaoniu/graph-learning/wholegraph/com_friendster/converted/homograph_csr_col_idx
Rank=0 done reading 903033568 embedding vectors from file /nvme/songxiaoniu/graph-learning/wholegraph/com_friendster/converted/homograph_csr_col_idx
Rank=1 done reading 903033568 embedding vectors from file /nvme/songxiaoniu/graph-learning/wholegraph/com_friendster/converted/homograph_csr_col_idx
Rank=3 done reading 903033566 embedding vectors from file /nvme/songxiaoniu/graph-learning/wholegraph/com_friendster/converted/homograph_csr_col_idx
Rank=2 done reading 903033568 embedding vectors from file /nvme/songxiaoniu/graph-learning/wholegraph/com_friendster/converted/homograph_csr_col_idx
Rank=1 done reading 903033568 embedding vectors from file /nvme/songxiaoniu/graph-learning/wholegraph/com_friendster/converted/homograph_csr_col_idx
Rank=0 done reading 903033568 embedding vectors from file /nvme/songxiaoniu/graph-learning/wholegraph/com_friendster/converted/homograph_csr_col_idx
[2023-04-15 07:20:26.909054: E /samgraph/3rdparty/collcachelib/coll_cache_lib/freq_recorder.cc:337] bulk append 1645246 into 0
[2023-04-15 07:20:26.917089: E /samgraph/3rdparty/collcachelib/coll_cache_lib/freq_recorder.cc:347] bulk append 3562585
[2023-04-15 07:20:26.917521: E /samgraph/3rdparty/collcachelib/coll_cache_lib/freq_recorder.cc:337] bulk append 1644176 into 1645246
[2023-04-15 07:20:26.925505: E /samgraph/3rdparty/collcachelib/coll_cache_lib/freq_recorder.cc:347] bulk append 3557945
[2023-04-15 07:20:26.925950: E /samgraph/3rdparty/collcachelib/coll_cache_lib/freq_recorder.cc:337] bulk append 1644607 into 3289422
[2023-04-15 07:20:26.933979: E /samgraph/3rdparty/collcachelib/coll_cache_lib/freq_recorder.cc:347] bulk append 3556390
[2023-04-15 07:20:26.934416: E /samgraph/3rdparty/collcachelib/coll_cache_lib/freq_recorder.cc:337] bulk append 1643395 into 4934029
[2023-04-15 07:20:26.942392: E /samgraph/3rdparty/collcachelib/coll_cache_lib/freq_recorder.cc:347] bulk append 3552373
[2023-04-15 07:20:26.942826: E /samgraph/3rdparty/collcachelib/coll_cache_lib/freq_recorder.cc:337] bulk append 1645902 into 6577424
[2023-04-15 07:20:26.950806: E /samgraph/3rdparty/collcachelib/coll_cache_lib/freq_recorder.cc:347] bulk append 3562281
[2023-04-15 07:20:26.951245: E /samgraph/3rdparty/collcachelib/coll_cache_lib/freq_recorder.cc:337] bulk append 1644469 into 8223326
[2023-04-15 07:20:26.959256: E /samgraph/3rdparty/collcachelib/coll_cache_lib/freq_recorder.cc:347] bulk append 3559529
[2023-04-15 07:20:26.959704: E /samgraph/3rdparty/collcachelib/coll_cache_lib/freq_recorder.cc:337] bulk append 1645055 into 9867795
[2023-04-15 07:20:26.967688: E /samgraph/3rdparty/collcachelib/coll_cache_lib/freq_recorder.cc:347] bulk append 3560560
[2023-04-15 07:20:26.968123: E /samgraph/3rdparty/collcachelib/coll_cache_lib/freq_recorder.cc:337] bulk append 1647185 into 11512850
[2023-04-15 07:20:26.976136: E /samgraph/3rdparty/collcachelib/coll_cache_lib/freq_recorder.cc:347] bulk append 3567277
[2023-04-15 07:20:26.976566: E /samgraph/3rdparty/collcachelib/coll_cache_lib/freq_recorder.cc:337] bulk append 1645962 into 13160035
[2023-04-15 07:20:26.984547: E /samgraph/3rdparty/collcachelib/coll_cache_lib/freq_recorder.cc:347] bulk append 3565908
[2023-04-15 07:20:26.984995: E /samgraph/3rdparty/collcachelib/coll_cache_lib/freq_recorder.cc:337] bulk append 1645051 into 14805997
[2023-04-15 07:20:26.992987: E /samgraph/3rdparty/collcachelib/coll_cache_lib/freq_recorder.cc:347] bulk append 3565097
[2023-04-15 07:20:26.993451: E /samgraph/3rdparty/collcachelib/coll_cache_lib/freq_recorder.cc:337] bulk append 1645223 into 16451048
[2023-04-15 07:20:27.  1566: E /samgraph/3rdparty/collcachelib/coll_cache_lib/freq_recorder.cc:347] bulk append 3563461
[2023-04-15 07:20:27.  2007: E /samgraph/3rdparty/collcachelib/coll_cache_lib/freq_recorder.cc:337] bulk append 1643996 into 18096271
[2023-04-15 07:20:27. 10048: E /samgraph/3rdparty/collcachelib/coll_cache_lib/freq_recorder.cc:347] bulk append 3558243
[2023-04-15 07:20:27. 10463: E /samgraph/3rdparty/collcachelib/coll_cache_lib/freq_recorder.cc:337] bulk append 1643379 into 19740267
[2023-04-15 07:20:27. 18497: E /samgraph/3rdparty/collcachelib/coll_cache_lib/freq_recorder.cc:347] bulk append 3555061
[2023-04-15 07:20:27. 18918: E /samgraph/3rdparty/collcachelib/coll_cache_lib/freq_recorder.cc:337] bulk append 1642992 into 21383646
[2023-04-15 07:20:27. 26955: E /samgraph/3rdparty/collcachelib/coll_cache_lib/freq_recorder.cc:347] bulk append 3556380
[2023-04-15 07:20:27. 27354: E /samgraph/3rdparty/collcachelib/coll_cache_lib/freq_recorder.cc:337] bulk append 1643901 into 23026638
[2023-04-15 07:20:27. 35385: E /samgraph/3rdparty/collcachelib/coll_cache_lib/freq_recorder.cc:347] bulk append 3558102
[2023-04-15 07:20:27. 35788: E /samgraph/3rdparty/collcachelib/coll_cache_lib/freq_recorder.cc:337] bulk append 1644356 into 24670539
[2023-04-15 07:20:27. 43875: E /samgraph/3rdparty/collcachelib/coll_cache_lib/freq_recorder.cc:347] bulk append 3558458
[2023-04-15 07:20:27. 44285: E /samgraph/3rdparty/collcachelib/coll_cache_lib/freq_recorder.cc:337] bulk append 1644737 into 26314895
[2023-04-15 07:20:27. 52330: E /samgraph/3rdparty/collcachelib/coll_cache_lib/freq_recorder.cc:347] bulk append 3560888
[2023-04-15 07:20:27. 52727: E /samgraph/3rdparty/collcachelib/coll_cache_lib/freq_recorder.cc:337] bulk append 1645239 into 27959632
[2023-04-15 07:20:27. 60759: E /samgraph/3rdparty/collcachelib/coll_cache_lib/freq_recorder.cc:347] bulk append 3561586
[2023-04-15 07:20:27. 61172: E /samgraph/3rdparty/collcachelib/coll_cache_lib/freq_recorder.cc:337] bulk append 1643998 into 29604871
[2023-04-15 07:20:27. 69209: E /samgraph/3rdparty/collcachelib/coll_cache_lib/freq_recorder.cc:347] bulk append 3561682
[2023-04-15 07:20:27. 69613: E /samgraph/3rdparty/collcachelib/coll_cache_lib/freq_recorder.cc:337] bulk append 1642845 into 31248869
[2023-04-15 07:20:27. 77642: E /samgraph/3rdparty/collcachelib/coll_cache_lib/freq_recorder.cc:347] bulk append 3557297
[2023-04-15 07:20:27. 78062: E /samgraph/3rdparty/collcachelib/coll_cache_lib/freq_recorder.cc:337] bulk append 1645038 into 32891714
[2023-04-15 07:20:27. 86109: E /samgraph/3rdparty/collcachelib/coll_cache_lib/freq_recorder.cc:347] bulk append 3561050
[2023-04-15 07:20:27. 86543: E /samgraph/3rdparty/collcachelib/coll_cache_lib/freq_recorder.cc:337] bulk append 1642942 into 34536752
[2023-04-15 07:20:27. 94520: E /samgraph/3rdparty/collcachelib/coll_cache_lib/freq_recorder.cc:347] bulk append 3555272
[2023-04-15 07:20:27. 94965: E /samgraph/3rdparty/collcachelib/coll_cache_lib/freq_recorder.cc:337] bulk append 1643901 into 36179694
[2023-04-15 07:20:27.103016: E /samgraph/3rdparty/collcachelib/coll_cache_lib/freq_recorder.cc:347] bulk append 3556126
[2023-04-15 07:20:27.103448: E /samgraph/3rdparty/collcachelib/coll_cache_lib/freq_recorder.cc:337] bulk append 1644307 into 37823595
[2023-04-15 07:20:27.111483: E /samgraph/3rdparty/collcachelib/coll_cache_lib/freq_recorder.cc:347] bulk append 3555010
[2023-04-15 07:20:27.111922: E /samgraph/3rdparty/collcachelib/coll_cache_lib/freq_recorder.cc:337] bulk append 1643957 into 39467902
[2023-04-15 07:20:27.119899: E /samgraph/3rdparty/collcachelib/coll_cache_lib/freq_recorder.cc:347] bulk append 3558171
[2023-04-15 07:20:27.120335: E /samgraph/3rdparty/collcachelib/coll_cache_lib/freq_recorder.cc:337] bulk append 1643635 into 41111859
[2023-04-15 07:20:27.128358: E /samgraph/3rdparty/collcachelib/coll_cache_lib/freq_recorder.cc:347] bulk append 3556901
[2023-04-15 07:20:27.128797: E /samgraph/3rdparty/collcachelib/coll_cache_lib/freq_recorder.cc:337] bulk append 1643257 into 42755494
[2023-04-15 07:20:27.136775: E /samgraph/3rdparty/collcachelib/coll_cache_lib/freq_recorder.cc:347] bulk append 3558510
[2023-04-15 07:20:27.137227: E /samgraph/3rdparty/collcachelib/coll_cache_lib/freq_recorder.cc:337] bulk append 1646580 into 44398751
[2023-04-15 07:20:27.145220: E /samgraph/3rdparty/collcachelib/coll_cache_lib/freq_recorder.cc:347] bulk append 3563925
[2023-04-15 07:20:27.145649: E /samgraph/3rdparty/collcachelib/coll_cache_lib/freq_recorder.cc:337] bulk append 1644419 into 46045331
[2023-04-15 07:20:27.153626: E /samgraph/3rdparty/collcachelib/coll_cache_lib/freq_recorder.cc:347] bulk append 3559722
[2023-04-15 07:20:27.154051: E /samgraph/3rdparty/collcachelib/coll_cache_lib/freq_recorder.cc:337] bulk append 1644697 into 47689750
[2023-04-15 07:20:27.162031: E /samgraph/3rdparty/collcachelib/coll_cache_lib/freq_recorder.cc:347] bulk append 3562091
[2023-04-15 07:20:27.162472: E /samgraph/3rdparty/collcachelib/coll_cache_lib/freq_recorder.cc:337] bulk append 1645872 into 49334447
[2023-04-15 07:20:27.170504: E /samgraph/3rdparty/collcachelib/coll_cache_lib/freq_recorder.cc:347] bulk append 3568316
[2023-04-15 07:20:27.170950: E /samgraph/3rdparty/collcachelib/coll_cache_lib/freq_recorder.cc:337] bulk append 1643049 into 50980319
[2023-04-15 07:20:27.178931: E /samgraph/3rdparty/collcachelib/coll_cache_lib/freq_recorder.cc:347] bulk append 3558081
[2023-04-15 07:20:27.179369: E /samgraph/3rdparty/collcachelib/coll_cache_lib/freq_recorder.cc:337] bulk append 1642976 into 52623368
[2023-04-15 07:20:27.187345: E /samgraph/3rdparty/collcachelib/coll_cache_lib/freq_recorder.cc:347] bulk append 3558656
[2023-04-15 07:20:27.187783: E /samgraph/3rdparty/collcachelib/coll_cache_lib/freq_recorder.cc:337] bulk append 1644791 into 54266344
[2023-04-15 07:20:27.195778: E /samgraph/3rdparty/collcachelib/coll_cache_lib/freq_recorder.cc:347] bulk append 3559940
[2023-04-15 07:20:27.196223: E /samgraph/3rdparty/collcachelib/coll_cache_lib/freq_recorder.cc:337] bulk append 1644848 into 55911135
[2023-04-15 07:20:27.204217: E /samgraph/3rdparty/collcachelib/coll_cache_lib/freq_recorder.cc:347] bulk append 3558142
[2023-04-15 07:20:27.204655: E /samgraph/3rdparty/collcachelib/coll_cache_lib/freq_recorder.cc:337] bulk append 1642418 into 57555983
[2023-04-15 07:20:27.212663: E /samgraph/3rdparty/collcachelib/coll_cache_lib/freq_recorder.cc:347] bulk append 3557888
[2023-04-15 07:20:27.213122: E /samgraph/3rdparty/collcachelib/coll_cache_lib/freq_recorder.cc:337] bulk append 1645311 into 59198401
[2023-04-15 07:20:27.221123: E /samgraph/3rdparty/collcachelib/coll_cache_lib/freq_recorder.cc:347] bulk append 3561317
[2023-04-15 07:20:27.221560: E /samgraph/3rdparty/collcachelib/coll_cache_lib/freq_recorder.cc:337] bulk append 1646371 into 60843712
[2023-04-15 07:20:27.229567: E /samgraph/3rdparty/collcachelib/coll_cache_lib/freq_recorder.cc:347] bulk append 3563830
[2023-04-15 07:20:27.230015: E /samgraph/3rdparty/collcachelib/coll_cache_lib/freq_recorder.cc:337] bulk append 1644737 into 62490083
[2023-04-15 07:20:27.238033: E /samgraph/3rdparty/collcachelib/coll_cache_lib/freq_recorder.cc:347] bulk append 3563971
[2023-04-15 07:20:27.238467: E /samgraph/3rdparty/collcachelib/coll_cache_lib/freq_recorder.cc:337] bulk append 1643272 into 64134820
[2023-04-15 07:20:27.246464: E /samgraph/3rdparty/collcachelib/coll_cache_lib/freq_recorder.cc:347] bulk append 3563599
[2023-04-15 07:20:27.246922: E /samgraph/3rdparty/collcachelib/coll_cache_lib/freq_recorder.cc:337] bulk append 1647561 into 65778092
[2023-04-15 07:20:27.255080: E /samgraph/3rdparty/collcachelib/coll_cache_lib/freq_recorder.cc:347] bulk append 3578134
[2023-04-15 07:20:27.255517: E /samgraph/3rdparty/collcachelib/coll_cache_lib/freq_recorder.cc:337] bulk append 1646742 into 67425653
[2023-04-15 07:20:27.263581: E /samgraph/3rdparty/collcachelib/coll_cache_lib/freq_recorder.cc:347] bulk append 3573925
[2023-04-15 07:20:27.264006: E /samgraph/3rdparty/collcachelib/coll_cache_lib/freq_recorder.cc:337] bulk append 1647497 into 69072395
[2023-04-15 07:20:27.272065: E /samgraph/3rdparty/collcachelib/coll_cache_lib/freq_recorder.cc:347] bulk append 3574087
[2023-04-15 07:20:27.272468: E /samgraph/3rdparty/collcachelib/coll_cache_lib/freq_recorder.cc:337] bulk append 1647324 into 70719892
[2023-04-15 07:20:27.280535: E /samgraph/3rdparty/collcachelib/coll_cache_lib/freq_recorder.cc:347] bulk append 3574363
[2023-04-15 07:20:27.280956: E /samgraph/3rdparty/collcachelib/coll_cache_lib/freq_recorder.cc:337] bulk append 1647645 into 72367216
[2023-04-15 07:20:27.289025: E /samgraph/3rdparty/collcachelib/coll_cache_lib/freq_recorder.cc:347] bulk append 3573947
[2023-04-15 07:20:27.289436: E /samgraph/3rdparty/collcachelib/coll_cache_lib/freq_recorder.cc:337] bulk append 1646375 into 74014861
[2023-04-15 07:20:27.297494: E /samgraph/3rdparty/collcachelib/coll_cache_lib/freq_recorder.cc:347] bulk append 3570715
[2023-04-15 07:20:27.297910: E /samgraph/3rdparty/collcachelib/coll_cache_lib/freq_recorder.cc:337] bulk append 1646445 into 75661236
[2023-04-15 07:20:27.305970: E /samgraph/3rdparty/collcachelib/coll_cache_lib/freq_recorder.cc:347] bulk append 3569488
[2023-04-15 07:20:27.306370: E /samgraph/3rdparty/collcachelib/coll_cache_lib/freq_recorder.cc:337] bulk append 1648550 into 77307681
[2023-04-15 07:20:27.314435: E /samgraph/3rdparty/collcachelib/coll_cache_lib/freq_recorder.cc:347] bulk append 3579548
[2023-04-15 07:20:27.314834: E /samgraph/3rdparty/collcachelib/coll_cache_lib/freq_recorder.cc:337] bulk append 1646827 into 78956231
[2023-04-15 07:20:27.322892: E /samgraph/3rdparty/collcachelib/coll_cache_lib/freq_recorder.cc:347] bulk append 3574099
[2023-04-15 07:20:27.323294: E /samgraph/3rdparty/collcachelib/coll_cache_lib/freq_recorder.cc:337] bulk append 1648141 into 80603058
[2023-04-15 07:20:27.331377: E /samgraph/3rdparty/collcachelib/coll_cache_lib/freq_recorder.cc:347] bulk append 3579576
[2023-04-15 07:20:27.331798: E /samgraph/3rdparty/collcachelib/coll_cache_lib/freq_recorder.cc:337] bulk append 1648381 into 82251199
[2023-04-15 07:20:27.339817: E /samgraph/3rdparty/collcachelib/coll_cache_lib/freq_recorder.cc:347] bulk append 3574479
[2023-04-15 07:20:27.340259: E /samgraph/3rdparty/collcachelib/coll_cache_lib/freq_recorder.cc:337] bulk append 1646388 into 83899580
[2023-04-15 07:20:27.348289: E /samgraph/3rdparty/collcachelib/coll_cache_lib/freq_recorder.cc:347] bulk append 3566434
[2023-04-15 07:20:27.348726: E /samgraph/3rdparty/collcachelib/coll_cache_lib/freq_recorder.cc:337] bulk append 1646946 into 85545968
[2023-04-15 07:20:27.356745: E /samgraph/3rdparty/collcachelib/coll_cache_lib/freq_recorder.cc:347] bulk append 3566174
[2023-04-15 07:20:27.357197: E /samgraph/3rdparty/collcachelib/coll_cache_lib/freq_recorder.cc:337] bulk append 1646442 into 87192914
[2023-04-15 07:20:27.365225: E /samgraph/3rdparty/collcachelib/coll_cache_lib/freq_recorder.cc:347] bulk append 3565854
[2023-04-15 07:20:27.365660: E /samgraph/3rdparty/collcachelib/coll_cache_lib/freq_recorder.cc:337] bulk append 1647794 into 88839356
[2023-04-15 07:20:27.373650: E /samgraph/3rdparty/collcachelib/coll_cache_lib/freq_recorder.cc:347] bulk append 3573475
[2023-04-15 07:20:27.374094: E /samgraph/3rdparty/collcachelib/coll_cache_lib/freq_recorder.cc:337] bulk append 1644857 into 90487150
[2023-04-15 07:20:27.382071: E /samgraph/3rdparty/collcachelib/coll_cache_lib/freq_recorder.cc:347] bulk append 3565487
[2023-04-15 07:20:27.382509: E /samgraph/3rdparty/collcachelib/coll_cache_lib/freq_recorder.cc:337] bulk append 1648768 into 92132007
[2023-04-15 07:20:27.390500: E /samgraph/3rdparty/collcachelib/coll_cache_lib/freq_recorder.cc:347] bulk append 3573867
[2023-04-15 07:20:27.390941: E /samgraph/3rdparty/collcachelib/coll_cache_lib/freq_recorder.cc:337] bulk append 1649073 into 93780775
[2023-04-15 07:20:27.398985: E /samgraph/3rdparty/collcachelib/coll_cache_lib/freq_recorder.cc:347] bulk append 3574020
[2023-04-15 07:20:27.399420: E /samgraph/3rdparty/collcachelib/coll_cache_lib/freq_recorder.cc:337] bulk append 1647000 into 95429848
[2023-04-15 07:20:27.407453: E /samgraph/3rdparty/collcachelib/coll_cache_lib/freq_recorder.cc:347] bulk append 3569860
[2023-04-15 07:20:27.407895: E /samgraph/3rdparty/collcachelib/coll_cache_lib/freq_recorder.cc:337] bulk append 1648566 into 97076848
[2023-04-15 07:20:27.415920: E /samgraph/3rdparty/collcachelib/coll_cache_lib/freq_recorder.cc:347] bulk append 3574613
[2023-04-15 07:20:27.416369: E /samgraph/3rdparty/collcachelib/coll_cache_lib/freq_recorder.cc:337] bulk append 1648708 into 98725414
[2023-04-15 07:20:27.424420: E /samgraph/3rdparty/collcachelib/coll_cache_lib/freq_recorder.cc:347] bulk append 3578943
[2023-04-15 07:20:27.424859: E /samgraph/3rdparty/collcachelib/coll_cache_lib/freq_recorder.cc:337] bulk append 1649054 into 100374122
[2023-04-15 07:20:27.432925: E /samgraph/3rdparty/collcachelib/coll_cache_lib/freq_recorder.cc:347] bulk append 3574104
[2023-04-15 07:20:27.433359: E /samgraph/3rdparty/collcachelib/coll_cache_lib/freq_recorder.cc:337] bulk append 1647959 into 102023176
[2023-04-15 07:20:27.441414: E /samgraph/3rdparty/collcachelib/coll_cache_lib/freq_recorder.cc:347] bulk append 3570233
[2023-04-15 07:20:27.441854: E /samgraph/3rdparty/collcachelib/coll_cache_lib/freq_recorder.cc:337] bulk append 1649756 into 103671135
[2023-04-15 07:20:27.449915: E /samgraph/3rdparty/collcachelib/coll_cache_lib/freq_recorder.cc:347] bulk append 3573355
[2023-04-15 07:20:27.450353: E /samgraph/3rdparty/collcachelib/coll_cache_lib/freq_recorder.cc:337] bulk append 1651319 into 105320891
[2023-04-15 07:20:27.458416: E /samgraph/3rdparty/collcachelib/coll_cache_lib/freq_recorder.cc:347] bulk append 3578502
[2023-04-15 07:20:27.458853: E /samgraph/3rdparty/collcachelib/coll_cache_lib/freq_recorder.cc:337] bulk append 1648247 into 106972210
[2023-04-15 07:20:27.466915: E /samgraph/3rdparty/collcachelib/coll_cache_lib/freq_recorder.cc:347] bulk append 3575019
[2023-04-15 07:20:27.467353: E /samgraph/3rdparty/collcachelib/coll_cache_lib/freq_recorder.cc:337] bulk append 1650895 into 108620457
[2023-04-15 07:20:27.475412: E /samgraph/3rdparty/collcachelib/coll_cache_lib/freq_recorder.cc:347] bulk append 3581223
[2023-04-15 07:20:27.475850: E /samgraph/3rdparty/collcachelib/coll_cache_lib/freq_recorder.cc:337] bulk append 1649620 into 110271352
[2023-04-15 07:20:27.483892: E /samgraph/3rdparty/collcachelib/coll_cache_lib/freq_recorder.cc:347] bulk append 3580214
[2023-04-15 07:20:27.484329: E /samgraph/3rdparty/collcachelib/coll_cache_lib/freq_recorder.cc:337] bulk append 1649319 into 111920972
[2023-04-15 07:20:27.492352: E /samgraph/3rdparty/collcachelib/coll_cache_lib/freq_recorder.cc:347] bulk append 3578440
[2023-04-15 07:20:27.492790: E /samgraph/3rdparty/collcachelib/coll_cache_lib/freq_recorder.cc:337] bulk append 1650758 into 113570291
[2023-04-15 07:20:27.500811: E /samgraph/3rdparty/collcachelib/coll_cache_lib/freq_recorder.cc:347] bulk append 3580644
[2023-04-15 07:20:27.501277: E /samgraph/3rdparty/collcachelib/coll_cache_lib/freq_recorder.cc:337] bulk append 1646929 into 115221049
[2023-04-15 07:20:27.509323: E /samgraph/3rdparty/collcachelib/coll_cache_lib/freq_recorder.cc:347] bulk append 3568998
[2023-04-15 07:20:27.509760: E /samgraph/3rdparty/collcachelib/coll_cache_lib/freq_recorder.cc:337] bulk append 1644494 into 116867978
[2023-04-15 07:20:27.517748: E /samgraph/3rdparty/collcachelib/coll_cache_lib/freq_recorder.cc:347] bulk append 3562459
[2023-04-15 07:20:27.518186: E /samgraph/3rdparty/collcachelib/coll_cache_lib/freq_recorder.cc:337] bulk append 1645732 into 118512472
[2023-04-15 07:20:27.526231: E /samgraph/3rdparty/collcachelib/coll_cache_lib/freq_recorder.cc:347] bulk append 3563558
[2023-04-15 07:20:27.526663: E /samgraph/3rdparty/collcachelib/coll_cache_lib/freq_recorder.cc:337] bulk append 1645539 into 120158204
[2023-04-15 07:20:27.534696: E /samgraph/3rdparty/collcachelib/coll_cache_lib/freq_recorder.cc:347] bulk append 3562962
[2023-04-15 07:20:27.535133: E /samgraph/3rdparty/collcachelib/coll_cache_lib/freq_recorder.cc:337] bulk append 1646091 into 121803743
[2023-04-15 07:20:27.543135: E /samgraph/3rdparty/collcachelib/coll_cache_lib/freq_recorder.cc:347] bulk append 3564392
[2023-04-15 07:20:27.543568: E /samgraph/3rdparty/collcachelib/coll_cache_lib/freq_recorder.cc:337] bulk append 1643990 into 123449834
[2023-04-15 07:20:27.551565: E /samgraph/3rdparty/collcachelib/coll_cache_lib/freq_recorder.cc:347] bulk append 3561314
[2023-04-15 07:20:27.552003: E /samgraph/3rdparty/collcachelib/coll_cache_lib/freq_recorder.cc:337] bulk append 1645180 into 125093824
[2023-04-15 07:20:27.559998: E /samgraph/3rdparty/collcachelib/coll_cache_lib/freq_recorder.cc:347] bulk append 3561481
[2023-04-15 07:20:27.560429: E /samgraph/3rdparty/collcachelib/coll_cache_lib/freq_recorder.cc:337] bulk append 1646854 into 126739004
[2023-04-15 07:20:27.568423: E /samgraph/3rdparty/collcachelib/coll_cache_lib/freq_recorder.cc:347] bulk append 3568780
[2023-04-15 07:20:27.568855: E /samgraph/3rdparty/collcachelib/coll_cache_lib/freq_recorder.cc:337] bulk append 1646742 into 128385858
[2023-04-15 07:20:27.576840: E /samgraph/3rdparty/collcachelib/coll_cache_lib/freq_recorder.cc:347] bulk append 3567741
[2023-04-15 07:20:27.577284: E /samgraph/3rdparty/collcachelib/coll_cache_lib/freq_recorder.cc:337] bulk append 1644500 into 130032600
[2023-04-15 07:20:27.585293: E /samgraph/3rdparty/collcachelib/coll_cache_lib/freq_recorder.cc:347] bulk append 3565124
[2023-04-15 07:20:27.585728: E /samgraph/3rdparty/collcachelib/coll_cache_lib/freq_recorder.cc:266] freq recorder global combining
[2023-04-15 07:20:27.585778: E [/samgraph/3rdparty/collcachelib/coll_cache_lib/facade.cc[[[2023-04-15 07:20:27:[2023-04-15 07:20:272023-04-15 07:20:272023-04-15 07:20:27[.4092023-04-15 07:20:27...2023-04-15 07:20:27585781: E] .585785585793585795. before scale, dtype is 0, dim is 256585798: : : 585806/samgraph/3rdparty/collcachelib/coll_cache_lib/facade.cc
: EEE: :E  [ E409 /samgraph/3rdparty/collcachelib/coll_cache_lib/facade.cc/samgraph/3rdparty/collcachelib/coll_cache_lib/facade.cc2023-04-15 07:20:27/samgraph/3rdparty/collcachelib/coll_cache_lib/facade.cc ] /samgraph/3rdparty/collcachelib/coll_cache_lib/facade.cc::.:/samgraph/3rdparty/collcachelib/coll_cache_lib/facade.ccbefore scale, dtype is 0, dim is 256:409409585906409:
409] ] : ] 409] before scale, dtype is 0, dim is 256before scale, dtype is 0, dim is 256[Ebefore scale, dtype is 0, dim is 256] before scale, dtype is 0, dim is 256

2023-04-15 07:20:27 [
before scale, dtype is 0, dim is 256
[./samgraph/3rdparty/collcachelib/coll_cache_lib/facade.cc2023-04-15 07:20:27
[2023-04-15 07:20:27585988[:.2023-04-15 07:20:27.[: 2023-04-15 07:20:27415586029.5860252023-04-15 07:20:27E.] : 586040: . 586046after scale, dtype is 7, new dim is 64E: E586060/samgraph/3rdparty/collcachelib/coll_cache_lib/facade.cc: 
 E : :E/samgraph/3rdparty/collcachelib/coll_cache_lib/facade.cc /samgraph/3rdparty/collcachelib/coll_cache_lib/facade.ccE415 :/samgraph/3rdparty/collcachelib/coll_cache_lib/facade.cc: ] /samgraph/3rdparty/collcachelib/coll_cache_lib/facade.cc415:415/samgraph/3rdparty/collcachelib/coll_cache_lib/facade.ccafter scale, dtype is 7, new dim is 64:] 415] :
415after scale, dtype is 7, new dim is 64] after scale, dtype is 7, new dim is 64415] 
after scale, dtype is 7, new dim is 64
] after scale, dtype is 7, new dim is 64
after scale, dtype is 7, new dim is 64

[2023-04-15 07:20:27.589300: E /samgraph/3rdparty/collcachelib/coll_cache_lib/coll_cache/asymm_link_desc.cc:181] v100x8, slow pcie
[2023-04-15 07:20:27.589337: E /samgraph/3rdparty/collcachelib/coll_cache_lib/coll_cache/asymm_link_desc.cc:207] assigning 0 to cpu
[2023-04-15 07:20:27.589392: E /samgraph/3rdparty/collcachelib/coll_cache_lib/coll_cache/asymm_link_desc.cc:224] build asymm link desc with 8X Tesla V100-SXM2-32GB out of 8
[2023-04-15 07:20:27.589430: E /samgraph/3rdparty/collcachelib/coll_cache_lib/coll_cache/asymm_link_desc.cc:225] remote time is 15.5556
[2023-04-15 07:20:27.589456: E /samgraph/3rdparty/collcachelib/coll_cache_lib/coll_cache/asymm_link_desc.cc:226] cpu time is 102.941
[2023-04-15 07:20:27.589505: E /samgraph/3rdparty/collcachelib/coll_cache_lib/facade.cc:425] registering cpu data with 16.00 GB
[2023-04-15 07:20:27.589667: E /samgraph/3rdparty/collcachelib/coll_cache_lib/coll_cache/asymm_link_desc.cc:181] v100x8, slow pcie
[2023-04-15 07:20:27.589710: [E2023-04-15 07:20:27 ./samgraph/3rdparty/collcachelib/coll_cache_lib/coll_cache/asymm_link_desc.cc589714:: 207E]  assigning 0 to cpu/samgraph/3rdparty/collcachelib/coll_cache_lib/coll_cache/asymm_link_desc.cc
:[1812023-04-15 07:20:27] .v100x8, slow pcie589760
: E /samgraph/3rdparty/collcachelib/coll_cache_lib/coll_cache/asymm_link_desc.cc:[1812023-04-15 07:20:27] .[v100x8, slow pcie5897902023-04-15 07:20:27
[: .2023-04-15 07:20:27E[589798. 2023-04-15 07:20:27: 589806/samgraph/3rdparty/collcachelib/coll_cache_lib/coll_cache/asymm_link_desc.cc.E : :[589823/samgraph/3rdparty/collcachelib/coll_cache_lib/coll_cache/asymm_link_desc.ccE2072023-04-15 07:20:27: : ] .E224/samgraph/3rdparty/collcachelib/coll_cache_lib/coll_cache/asymm_link_desc.ccassigning 0 to cpu589850 ] :
: /samgraph/3rdparty/collcachelib/coll_cache_lib/coll_cache/asymm_link_desc.cc[build asymm link desc with 8X Tesla V100-SXM2-32GB out of 8181E:2023-04-15 07:20:27
]  207.v100x8, slow pcie/samgraph/3rdparty/collcachelib/coll_cache_lib/coll_cache/asymm_link_desc.cc[] 589904
:[2023-04-15 07:20:27assigning 0 to cpu: 1812023-04-15 07:20:27[.
E] .2023-04-15 07:20:27589947 v100x8, slow pcie589957.: /samgraph/3rdparty/collcachelib/coll_cache_lib/coll_cache/asymm_link_desc.cc
: 589975[E:E: [2023-04-15 07:20:27 181 E2023-04-15 07:20:27./samgraph/3rdparty/collcachelib/coll_cache_lib/coll_cache/asymm_link_desc.cc] /samgraph/3rdparty/collcachelib/coll_cache_lib/coll_cache/asymm_link_desc.cc .590027:v100x8, slow pcie:/samgraph/3rdparty/collcachelib/coll_cache_lib/coll_cache/asymm_link_desc.cc590044: 224
225:: E] ] 207E [build asymm link desc with 8X Tesla V100-SXM2-32GB out of 8remote time is 15.5556]  /samgraph/3rdparty/collcachelib/coll_cache_lib/coll_cache/asymm_link_desc.cc2023-04-15 07:20:27

assigning 0 to cpu/samgraph/3rdparty/collcachelib/coll_cache_lib/coll_cache/asymm_link_desc.cc:.
:[224[5901172072023-04-15 07:20:27] 2023-04-15 07:20:27: [] .build asymm link desc with 8X Tesla V100-SXM2-32GB out of 8.E2023-04-15 07:20:27assigning 0 to cpu590167
590170 .
: : /samgraph/3rdparty/collcachelib/coll_cache_lib/coll_cache/asymm_link_desc.cc590204[EE:: 2023-04-15 07:20:27[  207E.2023-04-15 07:20:27/samgraph/3rdparty/collcachelib/coll_cache_lib/coll_cache/asymm_link_desc.cc/samgraph/3rdparty/collcachelib/coll_cache_lib/coll_cache/asymm_link_desc.cc]  590246.::assigning 0 to cpu/samgraph/3rdparty/collcachelib/coll_cache_lib/coll_cache/asymm_link_desc.cc: 590279226225
:E: ] ] 224 Ecpu time is 102.941remote time is 15.5556] /samgraph/3rdparty/collcachelib/coll_cache_lib/coll_cache/asymm_link_desc.cc 

build asymm link desc with 8X Tesla V100-SXM2-32GB out of 8:[/samgraph/3rdparty/collcachelib/coll_cache_lib/coll_cache/asymm_link_desc.cc
225[2023-04-15 07:20:27:] 2023-04-15 07:20:27.[224remote time is 15.5556.[5903772023-04-15 07:20:27] 
5903922023-04-15 07:20:27: .build asymm link desc with 8X Tesla V100-SXM2-32GB out of 8: .[E590409
E5904112023-04-15 07:20:27 :  : .[/samgraph/3rdparty/collcachelib/coll_cache_lib/coll_cache/asymm_link_desc.ccE/samgraph/3rdparty/collcachelib/coll_cache_lib/coll_cache/asymm_link_desc.ccE5904552023-04-15 07:20:27: : : .224/samgraph/3rdparty/collcachelib/coll_cache_lib/coll_cache/asymm_link_desc.cc226/samgraph/3rdparty/collcachelib/coll_cache_lib/facade.ccE590491] :] : : build asymm link desc with 8X Tesla V100-SXM2-32GB out of 8225cpu time is 102.941425/samgraph/3rdparty/collcachelib/coll_cache_lib/coll_cache/asymm_link_desc.ccE
] 
] : remote time is 15.5556registering cpu data with 16.00 GB226[/samgraph/3rdparty/collcachelib/coll_cache_lib/coll_cache/asymm_link_desc.cc

] [2023-04-15 07:20:27:[cpu time is 102.9412023-04-15 07:20:27.2252023-04-15 07:20:27
.590617] .590643: remote time is 15.5556590636: E
: E [E [/samgraph/3rdparty/collcachelib/coll_cache_lib/coll_cache/asymm_link_desc.cc2023-04-15 07:20:27 /samgraph/3rdparty/collcachelib/coll_cache_lib/coll_cache/asymm_link_desc.cc2023-04-15 07:20:27:./samgraph/3rdparty/collcachelib/coll_cache_lib/facade.cc:.225590694:226590706] : 425] : remote time is 15.5556E] cpu time is 102.941E
 registering cpu data with 16.00 GB
 /samgraph/3rdparty/collcachelib/coll_cache_lib/facade.cc
/samgraph/3rdparty/collcachelib/coll_cache_lib/coll_cache/asymm_link_desc.cc[::2023-04-15 07:20:27425226.] ] [590792registering cpu data with 16.00 GBcpu time is 102.9412023-04-15 07:20:27: 

.E590816 : /samgraph/3rdparty/collcachelib/coll_cache_lib/coll_cache/asymm_link_desc.ccE: 226/samgraph/3rdparty/collcachelib/coll_cache_lib/facade.cc] :[cpu time is 102.9414252023-04-15 07:20:27
] .registering cpu data with 16.00 GB590879
: E /samgraph/3rdparty/collcachelib/coll_cache_lib/facade.cc:425] registering cpu data with 16.00 GB
[2023-04-15 07:20:27.590939: E /samgraph/3rdparty/collcachelib/coll_cache_lib/facade.cc:425] registering cpu data with 16.00 GB
[2023-04-15 07:20:32.285681: E /samgraph/3rdparty/collcachelib/coll_cache_lib/facade.cc:427] registering cpu data done.
[2023-04-15 07:20:32.285829: E /samgraph/3rdparty/collcachelib/coll_cache_lib/facade.cc:427] registering cpu data done.
[2023-04-15 07:20:32.286340: E /samgraph/3rdparty/collcachelib/coll_cache_lib/facade.cc:427] registering cpu data done.
[2023-04-15 07:20:32.286925: E /samgraph/3rdparty/collcachelib/coll_cache_lib/facade.cc:427] registering cpu data done.
[2023-04-15 07:20:32.287107: E /samgraph/3rdparty/collcachelib/coll_cache_lib/facade.cc:427] registering cpu data done.
[2023-04-15 07:20:32.287266: E /samgraph/3rdparty/collcachelib/coll_cache_lib/facade.cc:427] registering cpu data done.
[2023-04-15 07:20:32.293460: E /samgraph/3rdparty/collcachelib/coll_cache_lib/facade.cc:427] registering cpu data done.
[2023-04-15 07:20:36.960575: E /samgraph/3rdparty/collcachelib/coll_cache_lib/freq_recorder.cc:269] freq recorder global combine from 131677100 to 37602431
[2023-04-15 07:20:38. 76438: E /samgraph/3rdparty/collcachelib/coll_cache_lib/freq_recorder.cc:286] top 5 freq is 211,209,203,202,201
[2023-04-15 07:20:38. 76582: E /samgraph/3rdparty/collcachelib/coll_cache_lib/facade.cc:409] before scale, dtype is 0, dim is 256
[2023-04-15 07:20:38. 76622: E /samgraph/3rdparty/collcachelib/coll_cache_lib/facade.cc:415] after scale, dtype is 7, new dim is 64
[2023-04-15 07:20:38. 77296: E /samgraph/3rdparty/collcachelib/coll_cache_lib/coll_cache/asymm_link_desc.cc:181] v100x8, slow pcie
[2023-04-15 07:20:38. 77337: E /samgraph/3rdparty/collcachelib/coll_cache_lib/coll_cache/asymm_link_desc.cc:207] assigning 0 to cpu
[2023-04-15 07:20:38. 77402: E /samgraph/3rdparty/collcachelib/coll_cache_lib/coll_cache/asymm_link_desc.cc:224] build asymm link desc with 8X Tesla V100-SXM2-32GB out of 8
[2023-04-15 07:20:38. 77451: E /samgraph/3rdparty/collcachelib/coll_cache_lib/coll_cache/asymm_link_desc.cc:225] remote time is 15.5556
[2023-04-15 07:20:38. 77486: E /samgraph/3rdparty/collcachelib/coll_cache_lib/coll_cache/asymm_link_desc.cc:226] cpu time is 102.941
[2023-04-15 07:20:38. 77576: E /samgraph/3rdparty/collcachelib/coll_cache_lib/facade.cc:425] registering cpu data with 16.00 GB
[2023-04-15 07:20:38.980829: E /samgraph/3rdparty/collcachelib/coll_cache_lib/facade.cc:427] registering cpu data done.
[2023-04-15 07:20:38.980925: E /samgraph/3rdparty/collcachelib/coll_cache_lib/facade.cc:174] creating solver
[2023-04-15 07:20:38.980953: E /samgraph/3rdparty/collcachelib/coll_cache_lib/facade.cc:214] solver created. now build & solve
[2023-04-15 07:20:39.526854: E /samgraph/3rdparty/collcachelib/coll_cache_lib/facade.cc:218] solver built. now solve
[2023-04-15 07:20:39.526961: E /samgraph/3rdparty/collcachelib/coll_cache_lib/coll_cache/optimal_solver_class.cc:1474] num_cached_nodes = 13121673
[2023-04-15 07:20:39.644584: E /samgraph/3rdparty/collcachelib/coll_cache_lib/facade.cc:222] solver solved
[2023-04-15 07:20:39.663809: E /samgraph/3rdparty/collcachelib/coll_cache_lib/facade.cc:437] 0 solved master
[2023-04-15 07:20:39.663866: E /samgraph/3rdparty/collcachelib/coll_cache_lib/facade.cc:444] 0 solved
[2023-04-15 07:20:39.663891: E /samgraph/3rdparty/collcachelib/coll_cache_lib/facade.cc:447] worker 0 thread 0 initing device 0
[2023-04-15 07:20:39.664485: E /samgraph/3rdparty/collcachelib/coll_cache_lib/cache_context.cu:2320] Building Coll Cache with ... num gpu device is 8
[2023-04-15 07:20:39.664577: E /samgraph/3rdparty/collcachelib/coll_cache_lib/cuda/cache_hashtable.cuh:611] per src size local is 14433940
[2023-04-15 07:20:39.674445: E /samgraph/3rdparty/collcachelib/coll_cache_lib/facade.cc:444] 6 solved
[2023-04-15 07:20:39[.2023-04-15 07:20:39674495.: 674486E:  E/samgraph/3rdparty/collcachelib/coll_cache_lib/facade.cc :/samgraph/3rdparty/collcachelib/coll_cache_lib/facade.cc447:] 444worker 0 thread 6 initing device 6] 
7 solved
[2023-04-15 07:20:39.674555: E /samgraph/3rdparty/collcachelib/coll_cache_lib/facade.cc:447] worker 0 thread 7 initing device 7
[2023-04-15 07:20:39.674843: E /samgraph/3rdparty/collcachelib/coll_cache_lib/cache_context.cu:2320] Building Coll Cache with ... num gpu device is 8
[2023-04-15 07:20:39.674873: E /samgraph/3rdparty/collcachelib/coll_cache_lib/cache_context.cu:2320] Building Coll Cache with ... num gpu device is 8
[2023-04-15 07:20:39.701126: E /samgraph/3rdparty/collcachelib/coll_cache_lib/facade.cc:444] 2 solved
[2023-04-15 07:20:39.701200: E /samgraph/3rdparty/collcachelib/coll_cache_lib/facade.cc:447] worker 0 thread 2 initing device 2
[2023-04-15 07:20:39[.7012352023-04-15 07:20:39: .E701248 : /samgraph/3rdparty/collcachelib/coll_cache_lib/facade.ccE: 444/samgraph/3rdparty/collcachelib/coll_cache_lib/facade.cc] :3 solved444
] 1 solved[
2023-04-15 07:20:39.701318: E [/samgraph/3rdparty/collcachelib/coll_cache_lib/facade.cc2023-04-15 07:20:39:.447701330] : worker 0 thread 3 initing device 3E
 /samgraph/3rdparty/collcachelib/coll_cache_lib/facade.cc:447] worker 0 thread 1 initing device 1
[2023-04-15 07:20:39.701535: E /samgraph/3rdparty/collcachelib/coll_cache_lib/cache_context.cu:2320] Building Coll Cache with ... num gpu device is 8
[2023-04-15 07:20:39.701668: E /samgraph/3rdparty/collcachelib/coll_cache_lib/cache_context.cu:2320] Building Coll Cache with ... num gpu device is 8
[2023-04-15 07:20:39.701793: E /samgraph/3rdparty/collcachelib/coll_cache_lib/cache_context.cu:2320] Building Coll Cache with ... num gpu device is 8
[2023-04-15 07:20:39.711366: E /samgraph/3rdparty/collcachelib/coll_cache_lib/facade.cc:444] 4 solved
[2023-04-15 07:20:39.711445: E /samgraph/3rdparty/collcachelib/coll_cache_lib/facade.cc:447] worker 0 thread 4 initing device 4
[2023-04-15 07:20:39.711786: E /samgraph/3rdparty/collcachelib/coll_cache_lib/cache_context.cu:2320] Building Coll Cache with ... num gpu device is 8
[2023-04-15 07:20:39.716900: E /samgraph/3rdparty/collcachelib/coll_cache_lib/facade.cc:444] 5 solved
[2023-04-15 07:20:39.716994: E /samgraph/3rdparty/collcachelib/coll_cache_lib/facade.cc:447] worker 0 thread 5 initing device 5
[2023-04-15 07:20:39.717449: E /samgraph/3rdparty/collcachelib/coll_cache_lib/cache_context.cu:2320] Building Coll Cache with ... num gpu device is 8
[2023-04-15 07:20:39.755761: E /samgraph/3rdparty/collcachelib/coll_cache_lib/common.cc:261] making a tensor with 0 num item
[2023-04-15 07:20:39.755852: E /samgraph/3rdparty/collcachelib/coll_cache_lib/cache_context.cu:2362] num cpu nodes is 52486693
[2023-04-15 07:20:39.756388: E /samgraph/3rdparty/collcachelib/coll_cache_lib/common.cc:261] making a tensor with 0 num item
[2023-04-15 07:20:39.756449: E /samgraph/3rdparty/collcachelib/coll_cache_lib/cache_context.cu:2362] num cpu nodes is 52486693
[2023-04-15 07:20:39.756818: E /samgraph/3rdparty/collcachelib/coll_cache_lib/common.cc:261] making a tensor with 0 num item
[2023-04-15 07:20:39.756882: E /samgraph/3rdparty/collcachelib/coll_cache_lib/cache_context.cu:2362] num cpu nodes is 52486693
[2023-04-15 07:20:39.782115: E /samgraph/3rdparty/collcachelib/coll_cache_lib/common.cc:261] making a tensor with 0 num item
[2023-04-15 07:20:39.782189: E /samgraph/3rdparty/collcachelib/coll_cache_lib/cache_context.cu:2362] num cpu nodes is 52486693
[2023-04-15 07:20:39.782880: E /samgraph/3rdparty/collcachelib/coll_cache_lib/common.cc:261] making a tensor with 0 num item
[2023-04-15 07:20:39.782937: E /samgraph/3rdparty/collcachelib/coll_cache_lib/cache_context.cu:2362] num cpu nodes is 52486693
[2023-04-15 07:20:39.786950: E /samgraph/3rdparty/collcachelib/coll_cache_lib/common.cc:261] making a tensor with 0 num item
[2023-04-15 07:20:39.787003: E /samgraph/3rdparty/collcachelib/coll_cache_lib/cache_context.cu:2362] num cpu nodes is 52486693
[2023-04-15 07:20:39.791451: E /samgraph/3rdparty/collcachelib/coll_cache_lib/common.cc:261] making a tensor with 0 num item
[2023-04-15 07:20:39.791503: E /samgraph/3rdparty/collcachelib/coll_cache_lib/cache_context.cu:2362] num cpu nodes is 52486693
[2023-04-15 07:20:39.811182: E /samgraph/3rdparty/collcachelib/coll_cache_lib/common.cc:261] making a tensor with 0 num item
[2023-04-15 07:20:39.811233: E /samgraph/3rdparty/collcachelib/coll_cache_lib/cache_context.cu:2362] num cpu nodes is 52486693
[2023-04-15 07:20:42. 56099: E /samgraph/3rdparty/collcachelib/coll_cache_lib/cuda/cache_hashtable.cu:355] create a hashtable with 13121673 possible elem, scale to 33554432
[2023-04-15 07:20:42. 56178: E /samgraph/3rdparty/collcachelib/coll_cache_lib/cuda/cache_hashtable.cu:360] SimpleHashTable allocating 256.00 MB
[2023-04-15 07:20:42. 57258: E /samgraph/3rdparty/collcachelib/coll_cache_lib/cuda/cache_hashtable.cu[:2023-04-15 07:20:42355.]  57278create a hashtable with 13121673 possible elem, scale to 33554432: 
E /samgraph/3rdparty/collcachelib/coll_cache_lib/cuda/cache_hashtable.cu:355] create a hashtable with 13121673 possible elem, scale to 33554432[
2023-04-15 07:20:42. 57330: E /samgraph/3rdparty/collcachelib/coll_cache_lib/cuda/cache_hashtable.cu:[3602023-04-15 07:20:42] .SimpleHashTable allocating 256.00 MB 57348
: E /samgraph/3rdparty/collcachelib/coll_cache_lib/cuda/cache_hashtable.cu:360] SimpleHashTable allocating 256.00 MB
[2023-04-15 07:20:42. 57676: E /samgraph/3rdparty/collcachelib/coll_cache_lib/cuda/cache_hashtable.cu:355] create a hashtable with 13121673 possible elem, scale to 33554432
[2023-04-15 07:20:42. 57734: E /samgraph/3rdparty/collcachelib/coll_cache_lib/cuda/cache_hashtable.cu:360] SimpleHashTable allocating 256.00 MB
[2023-04-15 07:20:42. 58900: E /samgraph/3rdparty/collcachelib/coll_cache_lib/cuda/cache_hashtable.cu:355] create a hashtable with 13121673 possible elem, scale to 33554432
[2023-04-15 07:20:42. 58958: E /samgraph/3rdparty/collcachelib/coll_cache_lib/cuda/cache_hashtable.cu:360] SimpleHashTable allocating 256.00 MB
[2023-04-15 07:20:42. 59395: E /samgraph/3rdparty/collcachelib/coll_cache_lib/cuda/cache_hashtable.cu:355] create a hashtable with 13121673 possible elem, scale to 33554432
[2023-04-15 07:20:42. 59452: E /samgraph/3rdparty/collcachelib/coll_cache_lib/cuda/cache_hashtable.cu:360] SimpleHashTable allocating 256.00 MB
[2023-04-15 07:20:42. 59951: E /samgraph/3rdparty/collcachelib/coll_cache_lib/cuda/cache_hashtable.cu:355] create a hashtable with 13121673 possible elem, scale to 33554432
[2023-04-15 07:20:42. 60020: E /samgraph/3rdparty/collcachelib/coll_cache_lib/cuda/cache_hashtable.cu:360] SimpleHashTable allocating 256.00 MB
[2023-04-15 07:20:42. 60029: E /samgraph/3rdparty/collcachelib/coll_cache_lib/cuda/cache_hashtable.cu:355] create a hashtable with 13121673 possible elem, scale to 33554432
[2023-04-15 07:20:42. 60085: E /samgraph/3rdparty/collcachelib/coll_cache_lib/cuda/cache_hashtable.cu:360] SimpleHashTable allocating 256.00 MB
[2023-04-15 07:20:42.109106: E /samgraph/3rdparty/collcachelib/coll_cache_lib/common.cc:107] too many mem allocated for forcescale?13187281->65608
[2023-04-15 07:20:42.109385: E /samgraph/3rdparty/collcachelib/coll_cache_lib/common.cc:107] too many mem allocated for forcescale?13187281->65608
[2023-04-15 07:20:42.109721: E /samgraph/3rdparty/collcachelib/coll_cache_lib/common.cc:107] too many mem allocated for forcescale?13187281->65608
[2023-04-15 07:20:42.110057: E /samgraph/3rdparty/collcachelib/coll_cache_lib/common.cc:107] too many mem allocated for forcescale?13187281->65608
[2023-04-15 07:20:42.110517: E /samgraph/3rdparty/collcachelib/coll_cache_lib/common.cc:107] too many mem allocated for forcescale?13187281->65608
[2023-04-15 07:20:42.110945: E /samgraph/3rdparty/collcachelib/coll_cache_lib/common.cc:107] too many mem allocated for forcescale?13187281->65608
[2023-04-15 07:20:42.111547: E /samgraph/3rdparty/collcachelib/coll_cache_lib/common.cc:107] too many mem allocated for forcescale?13187281->65608
[2023-04-15 07:20:42.111869: E /samgraph/3rdparty/collcachelib/coll_cache_lib/common.cc:107] too many mem allocated for forcescale?13187281->65608
[2023-04-15 07:20:42.114171: E /samgraph/3rdparty/collcachelib/coll_cache_lib/cache_context.cu:2439] Asymm Coll cache (policy: rep_cache) | local 13121673 / 65608366 nodes ( 20.00 %~20.00 %) | remote 0 / 65608366 nodes ( 0.00 %) | cpu 52486693 / 65608366 nodes ( 80.00 %) | 12.58 GB | 2.40235 secs 
[2023-04-15 07:20:42.128071: E /samgraph/3rdparty/collcachelib/coll_cache_lib/cache_context.cu:2439] Asymm Coll cache (policy: rep_cache) | local 13121673 / 65608366 nodes ( 20.00 %~20.00 %) | remote 0 / 65608366 nodes ( 0.00 %) | cpu 52486693 / 65608366 nodes ( 80.00 %) | 12.58 GB | 2.45316 secs 
[2023-04-15 07:20:42.134419: E /samgraph/3rdparty/collcachelib/coll_cache_lib/cache_context.cu:2439] Asymm Coll cache (policy: rep_cache) | local 13121673 / 65608366 nodes ( 20.00 %~20.00 %) | remote 0 / 65608366 nodes ( 0.00 %) | cpu 52486693 / 65608366 nodes ( 80.00 %) | 12.58 GB | 2.41692 secs 
[2023-04-15 07:20:42.142630: E /samgraph/3rdparty/collcachelib/coll_cache_lib/cache_context.cu:2439] Asymm Coll cache (policy: rep_cache) | local 13121673 / 65608366 nodes ( 20.00 %~20.00 %) | remote 0 / 65608366 nodes ( 0.00 %) | cpu 52486693 / 65608366 nodes ( 80.00 %) | 12.58 GB | 2.47811 secs 
[2023-04-15 07:20:42.147807: E /samgraph/3rdparty/collcachelib/coll_cache_lib/cache_context.cu:2439] Asymm Coll cache (policy: rep_cache) | local 13121673 / 65608366 nodes ( 20.00 %~20.00 %) | remote 0 / 65608366 nodes ( 0.00 %) | cpu 52486693 / 65608366 nodes ( 80.00 %) | 12.58 GB | 2.44597 secs 
[2023-04-15 07:20:42.149832: E /samgraph/3rdparty/collcachelib/coll_cache_lib/cache_context.cu:2439] Asymm Coll cache (policy: rep_cache) | local 13121673 / 65608366 nodes ( 20.00 %~20.00 %) | remote 0 / 65608366 nodes ( 0.00 %) | cpu 52486693 / 65608366 nodes ( 80.00 %) | 12.58 GB | 2.44813 secs 
[2023-04-15 07:20:42.149877: E /samgraph/3rdparty/collcachelib/coll_cache_lib/cache_context.cu:2439] Asymm Coll cache (policy: rep_cache) | local 13121673 / 65608366 nodes ( 20.00 %~20.00 %) | remote 0 / 65608366 nodes ( 0.00 %) | cpu 52486693 / 65608366 nodes ( 80.00 %) | 12.58 GB | 2.4483 secs 
[2023-04-15 07:20:42.152429: E /samgraph/3rdparty/collcachelib/coll_cache_lib/cache_context.cu:2439] Asymm Coll cache (policy: rep_cache) | local 13121673 / 65608366 nodes ( 20.00 %~20.00 %) | remote 0 / 65608366 nodes ( 0.00 %) | cpu 52486693 / 65608366 nodes ( 80.00 %) | 12.58 GB | 2.47755 secs 
Warning, found a larger batch, re allocating emb output now12126001211878
/usr/local/lib/python3.8/dist-packages/torch/nn/parallel/scatter_gather.py:9: UserWarning: is_namedtuple is deprecated, please use the python checks instead
  warnings.warn("is_namedtuple is deprecated, please use the python checks instead")
/usr/local/lib/python3.8/dist-packages/torch/nn/parallel/scatter_gather.py:9: UserWarning: is_namedtuple is deprecated, please use the python checks instead
  warnings.warn("is_namedtuple is deprecated, please use the python checks instead")
/usr/local/lib/python3.8/dist-packages/torch/nn/parallel/scatter_gather.py:9: UserWarning: is_namedtuple is deprecated, please use the python checks instead
  warnings.warn("is_namedtuple is deprecated, please use the python checks instead")
/usr/local/lib/python3.8/dist-packages/torch/nn/parallel/scatter_gather.py:9: UserWarning: is_namedtuple is deprecated, please use the python checks instead
  warnings.warn("is_namedtuple is deprecated, please use the python checks instead")
/usr/local/lib/python3.8/dist-packages/torch/nn/parallel/scatter_gather.py:9: UserWarning: is_namedtuple is deprecated, please use the python checks instead
  warnings.warn("is_namedtuple is deprecated, please use the python checks instead")
/usr/local/lib/python3.8/dist-packages/torch/nn/parallel/scatter_gather.py:9: UserWarning: is_namedtuple is deprecated, please use the python checks instead
  warnings.warn("is_namedtuple is deprecated, please use the python checks instead")
/usr/local/lib/python3.8/dist-packages/torch/nn/parallel/scatter_gather.py:9: UserWarning: is_namedtuple is deprecated, please use the python checks instead
  warnings.warn("is_namedtuple is deprecated, please use the python checks instead")
/usr/local/lib/python3.8/dist-packages/torch/nn/parallel/scatter_gather.py:9: UserWarning: is_namedtuple is deprecated, please use the python checks instead
  warnings.warn("is_namedtuple is deprecated, please use the python checks instead")
