succeed=True
[CUDA] cuda: usage: 5.42 GB
0 : local 80, cpu 0 {link #0 : g3 0}, {link #1 : g6 0}, {link #2 : g1 0}, {link #3 : g2 0},
1 : local 80, cpu 0 {link #0 : g7 0}, {link #1 : g2 0}, {link #2 : g3 0}, {link #3 : g0 0},
2 : local 80, cpu 0 {link #0 : g1 0}, {link #1 : g3 0}, {link #2 : g0 0}, {link #3 : g4 0},
3 : local 80, cpu 0 {link #0 : g2 0}, {link #1 : g0 0}, {link #2 : g5 0}, {link #3 : g1 0},
4 : local 80, cpu 0 {link #0 : g5 0}, {link #1 : g7 0}, {link #2 : g2 0}, {link #3 : g6 0},
5 : local 80, cpu 0 {link #0 : g6 0}, {link #1 : g4 0}, {link #2 : g7 0}, {link #3 : g3 0},
6 : local 80, cpu 0 {link #0 : g0 0}, {link #1 : g5 0}, {link #2 : g4 0}, {link #3 : g7 0},
7 : local 80, cpu 0 {link #0 : g4 0}, {link #1 : g1 0}, {link #2 : g6 0}, {link #3 : g5 0},
0 : local 80, cpu 0 {link #0 : g3 0}, {link #1 : g6 0}, {link #2 : g1 0}, {link #3 : g2 0},
1 : local 80, cpu 0 {link #0 : g7 0}, {link #1 : g2 0}, {link #2 : g3 0}, {link #3 : g0 0},
2 : local 80, cpu 0 {link #0 : g1 0}, {link #1 : g3 0}, {link #2 : g0 0}, {link #3 : g4 0},
3 : local 80, cpu 0 {link #0 : g2 0}, {link #1 : g0 0}, {link #2 : g5 0}, {link #3 : g1 0},
4 : local 80, cpu 0 {link #0 : g5 0}, {link #1 : g7 0}, {link #2 : g2 0}, {link #3 : g6 0},
5 : local 80, cpu 0 {link #0 : g6 0}, {link #1 : g4 0}, {link #2 : g7 0}, {link #3 : g3 0},
6 : local 80, cpu 0 {link #0 : g0 0}, {link #1 : g5 0}, {link #2 : g4 0}, {link #3 : g7 0},
7 : local 80, cpu 0 {link #0 : g4 0}, {link #1 : g1 0}, {link #2 : g6 0}, {link #3 : g5 0},
0 : local 80, cpu 0 {link #0 : g3 0}, {link #1 : g6 0}, {link #2 : g1 0}, {link #3 : g2 0},
1 : local 80, cpu 0 {link #0 : g7 0}, {link #1 : g2 0}, {link #2 : g3 0}, {link #3 : g0 0},
2 : local 80, cpu 0 {link #0 : g1 0}, {link #1 : g3 0}, {link #2 : g0 0}, {link #3 : g4 0},
3 : local 80, cpu 0 {link #0 : g2 0}, {link #1 : g0 0}, {link #2 : g5 0}, {link #3 : g1 0},
4 : local 80, cpu 0 {link #0 : g5 0}, {link #1 : g7 0}, {link #2 : g2 0}, {link #3 : g6 0},
5 : local 80, cpu 0 {link #0 : g6 0}, {link #1 : g4 0}, {link #2 : g7 0}, {link #3 : g3 0},
6 : local 80, cpu 0 {link #0 : g0 0}, {link #1 : g5 0}, {link #2 : g4 0}, {link #3 : g7 0},
7 : local 80, cpu 0 {link #0 : g4 0}, {link #1 : g1 0}, {link #2 : g6 0}, {link #3 : g5 0},
0 : local 80, cpu 0 {link #0 : g3 0}, {link #1 : g6 0}, {link #2 : g1 0}, {link #3 : g2 0},
1 : local 80, cpu 0 {link #0 : g7 0}, {link #1 : g2 0}, {link #2 : g3 0}, {link #3 : g0 0},
2 : local 80, cpu 0 {link #0 : g1 0}, {link #1 : g3 0}, {link #2 : g0 0}, {link #3 : g4 0},
3 : local 80, cpu 0 {link #0 : g2 0}, {link #1 : g0 0}, {link #2 : g5 0}, {link #3 : g1 0},
4 : local 80, cpu 0 {link #0 : g5 0}, {link #1 : g7 0}, {link #2 : g2 0}, {link #3 : g6 0},
5 : local 80, cpu 0 {link #0 : g6 0}, {link #1 : g4 0}, {link #2 : g7 0}, {link #3 : g3 0},
6 : local 80, cpu 0 {link #0 : g0 0}, {link #1 : g5 0}, {link #2 : g4 0}, {link #3 : g7 0},
7 : local 80, cpu 0 {link #0 : g4 0}, {link #1 : g1 0}, {link #2 : g6 0}, {link #3 : g5 0},
0 : local 80, cpu 0 {link #0 : g3 0}, {link #1 : g6 0}, {link #2 : g1 0}, {link #3 : g2 0},
1 : local 80, cpu 0 {link #0 : g7 0}, {link #1 : g2 0}, {link #2 : g3 0}, {link #3 : g0 0},
2 : local 80, cpu 0 {link #0 : g1 0}, {link #1 : g3 0}, {link #2 : g0 0}, {link #3 : g4 0},
3 : local 80, cpu 0 {link #0 : g2 0}, {link #1 : g0 0}, {link #2 : g5 0}, {link #3 : g1 0},
4 : local 80, cpu 0 {link #0 : g5 0}, {link #1 : g7 0}, {link #2 : g2 0}, {link #3 : g6 0},
5 : local 80, cpu 0 {link #0 : g6 0}, {link #1 : g4 0}, {link #2 : g7 0}, {link #3 : g3 0},
6 : local 80, cpu 0 {link #0 : g0 0}, {link #1 : g5 0}, {link #2 : g4 0}, {link #3 : g7 0},
7 : local 80, cpu 0 {link #0 : g4 0}, {link #1 : g1 0}, {link #2 : g6 0}, {link #3 : g5 0},
0 : local 80, cpu 0 {link #0 : g3 0}, {link #1 : g6 0}, {link #2 : g1 0}, {link #3 : g2 0},
1 : local 80, cpu 0 {link #0 : g7 0}, {link #1 : g2 0}, {link #2 : g3 0}, {link #3 : g0 0},
2 : local 80, cpu 0 {link #0 : g1 0}, {link #1 : g3 0}, {link #2 : g0 0}, {link #3 : g4 0},
3 : local 80, cpu 0 {link #0 : g2 0}, {link #1 : g0 0}, {link #2 : g5 0}, {link #3 : g1 0},
4 : local 80, cpu 0 {link #0 : g5 0}, {link #1 : g7 0}, {link #2 : g2 0}, {link #3 : g6 0},
5 : local 80, cpu 0 {link #0 : g6 0}, {link #1 : g4 0}, {link #2 : g7 0}, {link #3 : g3 0},
6 : local 80, cpu 0 {link #0 : g0 0}, {link #1 : g5 0}, {link #2 : g4 0}, {link #3 : g7 0},
7 : local 80, cpu 0 {link #0 : g4 0}, {link #1 : g1 0}, {link #2 : g6 0}, {link #3 : g5 0},
0 : local 80, cpu 0 {link #0 : g3 0}, {link #1 : g6 0}, {link #2 : g1 0}, {link #3 : g2 0},
1 : local 80, cpu 0 {link #0 : g7 0}, {link #1 : g2 0}, {link #2 : g3 0}, {link #3 : g0 0},
2 : local 80, cpu 0 {link #0 : g1 0}, {link #1 : g3 0}, {link #2 : g0 0}, {link #3 : g4 0},
3 : local 80, cpu 0 {link #0 : g2 0}, {link #1 : g0 0}, {link #2 : g5 0}, {link #3 : g1 0},
4 : local 80, cpu 0 {link #0 : g5 0}, {link #1 : g7 0}, {link #2 : g2 0}, {link #3 : g6 0},
5 : local 80, cpu 0 {link #0 : g6 0}, {link #1 : g4 0}, {link #2 : g7 0}, {link #3 : g3 0},
6 : local 80, cpu 0 {link #0 : g0 0}, {link #1 : g5 0}, {link #2 : g4 0}, {link #3 : g7 0},
7 : local 80, cpu 0 {link #0 : g4 0}, {link #1 : g1 0}, {link #2 : g6 0}, {link #3 : g5 0},
0 : local 80, cpu 0 {link #0 : g3 0}, {link #1 : g6 0}, {link #2 : g1 0}, {link #3 : g2 0},
1 : local 80, cpu 0 {link #0 : g7 0}, {link #1 : g2 0}, {link #2 : g3 0}, {link #3 : g0 0},
2 : local 80, cpu 0 {link #0 : g1 0}, {link #1 : g3 0}, {link #2 : g0 0}, {link #3 : g4 0},
3 : local 80, cpu 0 {link #0 : g2 0}, {link #1 : g0 0}, {link #2 : g5 0}, {link #3 : g1 0},
4 : local 80, cpu 0 {link #0 : g5 0}, {link #1 : g7 0}, {link #2 : g2 0}, {link #3 : g6 0},
5 : local 80, cpu 0 {link #0 : g6 0}, {link #1 : g4 0}, {link #2 : g7 0}, {link #3 : g3 0},
6 : local 80, cpu 0 {link #0 : g0 0}, {link #1 : g5 0}, {link #2 : g4 0}, {link #3 : g7 0},
7 : local 80, cpu 0 {link #0 : g4 0}, {link #1 : g1 0}, {link #2 : g6 0}, {link #3 : g5 0},
Set parameter WLSAccessID
Set parameter WLSSecret
Set parameter LicenseID
Set parameter TimeLimit to value 200
Set parameter MIPGap to value 0.05
Set parameter ScaleFlag to value 1
Set parameter DegenMoves to value 2
Set parameter Cuts to value 2
Set parameter LogFile to value "cppsolver.log"
Set parameter Threads to value 48
Academic license - for non-commercial use only - registered to xiaoniu.sxn@sjtu.edu.cn
Gurobi Optimizer version 9.5.2 build v9.5.2rc0 (linux64)
Thread count: 48 physical cores, 96 logical processors, using up to 48 threads
Academic license - for non-commercial use only - registered to xiaoniu.sxn@sjtu.edu.cn
Optimize a model with 145784 rows, 22641 columns and 340088 nonzeros
Model fingerprint: 0xeb994cd5
Variable types: 9 continuous, 22632 integer (22632 binary)
Coefficient statistics:
  Matrix range     [5e-09, 7e+04]
  Objective range  [1e+00, 1e+00]
  Bounds range     [1e+00, 1e+00]
  RHS range        [1e+00, 8e+03]
Warning: Model contains large matrix coefficient range
         Consider reformulating model or setting NumericFocus parameter
         to avoid numerical issues.
Found heuristic solution: objective 410549.54467
Presolve removed 123896 rows and 214 columns
Presolve time: 0.33s
Presolved: 21888 rows, 22427 columns, 65640 nonzeros
Variable types: 0 continuous, 22427 integer (22427 binary)
Found heuristic solution: objective 395245.24498

Root relaxation: objective 2.308374e+05, 26935 iterations, 1.19 seconds (1.16 work units)

    Nodes    |    Current Node    |     Objective Bounds      |     Work
 Expl Unexpl |  Obj  Depth IntInf | Incumbent    BestBd   Gap | It/Node Time

     0     0 230837.448    0 10841 395245.245 230837.448  41.6%     -    3s
H    0     0                    372219.08165 230837.448  38.0%     -    3s
H    0     0                    328509.72739 230837.448  29.7%     -    3s
H    0     0                    319118.39857 230837.448  27.7%     -    6s
H    0     0                    307405.97257 230837.448  24.9%     -    6s
H    0     0                    299227.37118 230837.448  22.9%     -    6s
H    0     0                    293373.94040 237454.159  19.1%     -    8s
     0     0 239558.884    0 8321 293373.940 239558.884  18.3%     -    8s
H    0     0                    277502.14996 239558.884  13.7%     -   10s
     0     0 239734.193    0 8562 277502.150 239734.193  13.6%     -   11s
     0     0 240551.485    0 9325 277502.150 240551.485  13.3%     -   12s
     0     0 240551.485    0 8782 277502.150 240551.485  13.3%     -   13s
     0     0 241284.295    0 9362 277502.150 241284.295  13.1%     -   14s
H    0     0                    277218.95349 241284.295  13.0%     -   16s
H    0     0                    276204.55969 241284.295  12.6%     -   16s
     0     0 241381.514    0 9525 276204.560 241381.514  12.6%     -   16s
     0     0 241432.015    0 9595 276204.560 241432.015  12.6%     -   16s
H    0     0                    270091.19789 241432.015  10.6%     -   17s
     0     0 241432.015    0 9652 270091.198 241432.015  10.6%     -   17s
H    0     0                    268133.89198 241432.015  10.0%     -   18s
     0     0 241464.447    0 9622 268133.892 241464.447  9.95%     -   18s
H    0     0                    264056.57954 241464.447  8.56%     -   19s
     0     0 241464.447    0 9599 264056.580 241464.447  8.56%     -   19s
H    0     0                    262935.83285 241464.447  8.17%     -   20s
     0     0 241467.938    0 9575 262935.833 241467.938  8.16%     -   20s
H    0     0                    258770.22622 241467.938  6.69%     -   21s
     0     0 241467.940    0 9604 258770.226 241467.940  6.69%     -   21s
H    0     0                    257955.40431 241467.940  6.39%     -   23s
     0     0 241469.121    0 9602 257955.404 241469.121  6.39%     -   23s
H    0     0                    257955.08935 241469.121  6.39%     -   23s
     0     0 246268.803    0 2814 257955.089 246268.803  4.53%     -   26s

Cutting planes:
  Gomory: 48
  Lift-and-project: 45
  Zero half: 7860

Explored 1 nodes (103441 simplex iterations) in 26.18 seconds (27.75 work units)
Thread count was 48 (of 96 available processors)

Solution count 10: 257955 257955 258770 ... 277502

Optimal solution found (tolerance 5.00e-02)
Best objective 2.579550893475e+05, best bound 2.462688028182e+05, gap 4.5304%
coll_cache:optimal_local_rate=0.0974892,0.0968723,0.102717,0.106992,0.103722,0.0860408,0.10176,0.115002,
coll_cache:optimal_remote_rate=0.300594,0.301211,0.295366,0.291091,0.294361,0.312042,0.296323,0.283081,
coll_cache:optimal_cpu_rate=0.601917,0.601917,0.601917,0.601917,0.601917,0.601917,0.601917,0.601917,
z=257955
test_result:init:feat_nbytes=56862697472
test_result:init:cache_nbytes=1194116608
test_result:init:feat_nbytes=56862697472
test_result:init:cache_nbytes=1194116608
test_result:init:feat_nbytes=56862697472
test_result:init:cache_nbytes=1194116608
test_result:init:feat_nbytes=56862697472
test_result:init:cache_nbytes=1194116608
test_result:init:feat_nbytes=56862697472
test_result:init:cache_nbytes=1194116608
test_result:init:feat_nbytes=56862697472
test_result:init:cache_nbytes=1194116608
test_result:init:feat_nbytes=56862697472
test_result:init:cache_nbytes=1194116608
test_result:init:feat_nbytes=56862697472
test_result:init:cache_nbytes=1194116608
    [Step(average) Profiler Level 1 E3 S999]
        L1  sample           0.007809 | send           0.000000
        L1  recv             0.000000 | copy           0.164918 | convert time 0.000000 | train  0.017253
        L1  feature nbytes    1.07 GB | label nbytes 0.00 Bytes
        L1  id nbytes      0.00 Bytes | graph nbytes 0.00 Bytes
        L1  miss nbytes    0.00 Bytes | remote nbytes 0.00 Bytes
        L1  num nodes               0 | num samples           0
        L1  seq duration     0.000000 | refresh duration   0.000000
    [Step(average) Profiler Level 2 E3 S999]
        L2  shuffle     0.000000 | core sample  0.000000 | id remap        0.000000
        L2  graph copy  0.000000 | id copy      0.000000 | cache feat copy 0.164918
        L2  last layer sample time 0.000000 | size 0.000000
    [Step(average) Profiler Level 3 E3 S999]
        L3  khop sample coo  0.000000 | khop sort coo      0.000000 | khop count edge     0.000000 | khop compact edge 0.000000
        L3  walk sample coo  0.000000 | walk topk total    0.000000 | walk topk step1     0.000000 | walk topk step2   0.000000
        L3  walk topk step3  0.000000 | walk topk step4    0.000000 | walk topk step5     0.000000
        L3  walk topk step6  0.000000 | walk topk step7    0.000000
        L3  remap unique     0.000000 | remap populate     0.000000 | remap mapnode       0.000000 | remap mapedge     0.000000
        L3  cache get_index  0.001452 | cache copy_index   0.000000 | cache extract_miss  0.000000
        L3  cache copy_miss  0.000000 | cache combine_miss 0.000000 | cache combine cache 0.163386 | cache combine remote 0.000000
        L3  label extract  0.000000
    [Profiler Level Percentiles E3 S999]
        p50.00_tail_logl2featcopy=0.166127
        p90.00_tail_logl2featcopy=0.169764
        p95.00_tail_logl2featcopy=0.170608
        p99.00_tail_logl2featcopy=0.172721
        p99.90_tail_logl2featcopy=0.181540
[CUDA] cuda: usage: 10.38 GB
Rank=2, Graph loaded.
!!!!dist_homo_graph enumerate latency per epoch: 0.006974, per step: 0.000056
presamping
presamping takes 22.841862440109253
creating_intra_node_communicator root=4, local_size=4, world_size=8
Rank=4, Graph loaded.
!!!!dist_homo_graph enumerate latency per epoch: 0.007272, per step: 0.000058
presamping
presamping takes 23.59655785560608
Rank=5, Graph loaded.
!!!!dist_homo_graph enumerate latency per epoch: 0.005759, per step: 0.000046
presamping
presamping takes 22.47089123725891
Rank=3, Graph loaded.
!!!!dist_homo_graph enumerate latency per epoch: 0.012179, per step: 0.000097
presamping
presamping takes 22.602984189987183
Rank=1, Graph loaded.
!!!!dist_homo_graph enumerate latency per epoch: 0.012088, per step: 0.000097
presamping
presamping takes 22.79579210281372
Rank=7, Graph loaded.
!!!!dist_homo_graph enumerate latency per epoch: 0.005610, per step: 0.000045
presamping
presamping takes 20.54317808151245
Rank=6, Graph loaded.
!!!!dist_homo_graph enumerate latency per epoch: 0.005833, per step: 0.000047
presamping
presamping takes 22.214949369430542
config:eval_tsp="2023-04-14 20:24:38"
config:num_worker=8
config:num_intra_size=4
config:root_dir=/nvme/songxiaoniu/graph-learning/wholegraph
config:graph_name=ogbn-papers100M
config:epochs=4
config:batchsize=4000
config:skip_epoch=2
config:local_step=125
config:presc_epoch=2
config:neighbors=10,25
config:hiddensize=256
config:num_layer=2
config:model=sage
config:framework=dgl
config:dataloaderworkers=0
config:dropout=0.5
config:lr=0.003
config:use_nccl=False
config:use_amp=True
config:use_collcache=True
config:cache_percentage=0.02
config:cache_policy=coll_cache_asymm_link
config:omp_thread_num=48
config:unsupervised=True
config:classnum=172
config:global_barrier=<multiprocessing.synchronize.Barrier object at 0x7f53aa427400>
config:worker_id=0
creating_intra_node_communicator root=0, local_size=4, world_size=8
Rank=0, Graph loaded.
!!!!dist_homo_graph enumerate latency per epoch: 0.005580, per step: 0.000045
epoch=4 total_steps=500
presamping
presamping takes 21.737993240356445
start training...
[Epoch 0], time=25.190203428268433, loss=0.6931472420692444
[Epoch 1], time=23.72879195213318, loss=0.6931472420692444
[Epoch 2], time=23.787922143936157, loss=0.6931472420692444
[Epoch 3], time=23.754830598831177, loss=0.6931472420692444
|===========================================================================|
|                  PyTorch CUDA memory summary, device ID 0                 |
|---------------------------------------------------------------------------|
|            CUDA OOMs: 0            |        cudaMalloc retries: 0         |
|===========================================================================|
|        Metric         | Cur Usage  | Peak Usage | Tot Alloc  | Tot Freed  |
|---------------------------------------------------------------------------|
| Allocated memory      |  142531 KB |     785 MB |    1206 GB |    1206 GB |
|       from large pool |  132429 KB |     776 MB |    1193 GB |    1193 GB |
|       from small pool |   10102 KB |      14 MB |      13 GB |      13 GB |
|---------------------------------------------------------------------------|
| Active memory         |  142531 KB |     785 MB |    1206 GB |    1206 GB |
|       from large pool |  132429 KB |     776 MB |    1193 GB |    1193 GB |
|       from small pool |   10102 KB |      14 MB |      13 GB |      13 GB |
|---------------------------------------------------------------------------|
| GPU reserved memory   |    2440 MB |    2440 MB |    2440 MB |       0 B  |
|       from large pool |    2420 MB |    2420 MB |    2420 MB |       0 B  |
|       from small pool |      20 MB |      20 MB |      20 MB |       0 B  |
|---------------------------------------------------------------------------|
| Non-releasable memory |  598845 KB |     887 MB |    1384 GB |    1383 GB |
|       from large pool |  592563 KB |     880 MB |    1370 GB |    1369 GB |
|       from small pool |    6282 KB |      11 MB |      13 GB |      13 GB |
|---------------------------------------------------------------------------|
| Allocations           |      58    |      74    |  102440    |  102382    |
|       from large pool |      11    |      21    |   32270    |   32259    |
|       from small pool |      47    |      58    |   70170    |   70123    |
|---------------------------------------------------------------------------|
| Active allocs         |      58    |      74    |  102440    |  102382    |
|       from large pool |      11    |      21    |   32270    |   32259    |
|       from small pool |      47    |      58    |   70170    |   70123    |
|---------------------------------------------------------------------------|
| GPU reserved segments |      26    |      26    |      26    |       0    |
|       from large pool |      16    |      16    |      16    |       0    |
|       from small pool |      10    |      10    |      10    |       0    |
|---------------------------------------------------------------------------|
| Non-releasable allocs |      33    |      45    |   35080    |   35047    |
|       from large pool |       9    |      17    |   16814    |   16805    |
|       from small pool |      24    |      32    |   18266    |   18242    |
|---------------------------------------------------------------------------|
| Oversize allocations  |       0    |       0    |       0    |       0    |
|---------------------------------------------------------------------------|
| Oversize GPU segments |       0    |       0    |       0    |       0    |
|===========================================================================|

[TRAIN_TIME] train time is 96.464015 seconds
[EPOCH_TIME] 24.116004 seconds, maybe large due to not enough epoch skipped.
[EPOCH_TIME] 23.771671 seconds

