/usr/lib/python3/dist-packages/requests/__init__.py:89: RequestsDependencyWarning: urllib3 (1.26.12) or chardet (3.0.4) doesn't match a supported version!
  warnings.warn("urllib3 ({}) or chardet ({}) doesn't match a supported "
Rank=1 done reading 27764990 embedding vectors from file /nvme/songxiaoniu/graph-learning/wholegraph/ogbn_papers100M/converted/homograph_csr_row_ptr
Rank=0 done reading 27764990 embedding vectors from file /nvme/songxiaoniu/graph-learning/wholegraph/ogbn_papers100M/converted/homograph_csr_row_ptr
Rank=2 done reading 27764990 embedding vectors from file /nvme/songxiaoniu/graph-learning/wholegraph/ogbn_papers100M/converted/homograph_csr_row_ptr
Rank=3 done reading 27764987 embedding vectors from file /nvme/songxiaoniu/graph-learning/wholegraph/ogbn_papers100M/converted/homograph_csr_row_ptr
Rank=2 done reading 27764990 embedding vectors from file /nvme/songxiaoniu/graph-learning/wholegraph/ogbn_papers100M/converted/homograph_csr_row_ptr
Rank=3 done reading 27764987 embedding vectors from file /nvme/songxiaoniu/graph-learning/wholegraph/ogbn_papers100M/converted/homograph_csr_row_ptr
Rank=1 done reading 27764990 embedding vectors from file /nvme/songxiaoniu/graph-learning/wholegraph/ogbn_papers100M/converted/homograph_csr_row_ptr
Rank=0 done reading 27764990 embedding vectors from file /nvme/songxiaoniu/graph-learning/wholegraph/ogbn_papers100M/converted/homograph_csr_row_ptr
Rank=1 done reading 807031178 embedding vectors from file /nvme/songxiaoniu/graph-learning/wholegraph/ogbn_papers100M/converted/homograph_csr_col_idx
Rank=0 done reading 807031178 embedding vectors from file /nvme/songxiaoniu/graph-learning/wholegraph/ogbn_papers100M/converted/homograph_csr_col_idx
Rank=2 done reading 807031178 embedding vectors from file /nvme/songxiaoniu/graph-learning/wholegraph/ogbn_papers100M/converted/homograph_csr_col_idx
Rank=3 done reading 807031178 embedding vectors from file /nvme/songxiaoniu/graph-learning/wholegraph/ogbn_papers100M/converted/homograph_csr_col_idx
Rank=1 done reading 807031178 embedding vectors from file /nvme/songxiaoniu/graph-learning/wholegraph/ogbn_papers100M/converted/homograph_csr_col_idx
Rank=0 done reading 807031178 embedding vectors from file /nvme/songxiaoniu/graph-learning/wholegraph/ogbn_papers100M/converted/homograph_csr_col_idx
Rank=2 done reading 807031178 embedding vectors from file /nvme/songxiaoniu/graph-learning/wholegraph/ogbn_papers100M/converted/homograph_csr_col_idx
Rank=3 done reading 807031178 embedding vectors from file /nvme/songxiaoniu/graph-learning/wholegraph/ogbn_papers100M/converted/homograph_csr_col_idx
[2023-04-15 00:26:13.824368: E /samgraph/3rdparty/collcachelib/coll_cache_lib/freq_recorder.cc:337] bulk append 8807513 into 0
[2023-04-15 00:26:13.872549: E /samgraph/3rdparty/collcachelib/coll_cache_lib/freq_recorder.cc:347] bulk append 104054095
[2023-04-15 00:26:13.875982: E /samgraph/3rdparty/collcachelib/coll_cache_lib/freq_recorder.cc:337] bulk append 8815216 into 8807513
[2023-04-15 00:26:13.925078: E /samgraph/3rdparty/collcachelib/coll_cache_lib/freq_recorder.cc:347] bulk append 104097990
[2023-04-15 00:26:13.928933: E /samgraph/3rdparty/collcachelib/coll_cache_lib/freq_recorder.cc:337] bulk append 8806402 into 17622729
[2023-04-15 00:26:13.977370: E /samgraph/3rdparty/collcachelib/coll_cache_lib/freq_recorder.cc:347] bulk append 104090004
[2023-04-15 00:26:13.981123: E /samgraph/3rdparty/collcachelib/coll_cache_lib/freq_recorder.cc:337] bulk append 8814055 into 26429131
[2023-04-15 00:26:14. 27221: E /samgraph/3rdparty/collcachelib/coll_cache_lib/freq_recorder.cc:347] bulk append 104082243
[2023-04-15 00:26:14. 30688: E /samgraph/3rdparty/collcachelib/coll_cache_lib/freq_recorder.cc:337] bulk append 8808905 into 35243186
[2023-04-15 00:26:14. 76457: E /samgraph/3rdparty/collcachelib/coll_cache_lib/freq_recorder.cc:347] bulk append 104061438
[2023-04-15 00:26:14. 79948: E /samgraph/3rdparty/collcachelib/coll_cache_lib/freq_recorder.cc:337] bulk append 8814997 into 44052091
[2023-04-15 00:26:14.125628: E /samgraph/3rdparty/collcachelib/coll_cache_lib/freq_recorder.cc:347] bulk append 104146786
[2023-04-15 00:26:14.129140: E /samgraph/3rdparty/collcachelib/coll_cache_lib/freq_recorder.cc:337] bulk append 8809124 into 52867088
[2023-04-15 00:26:14.174030: E /samgraph/3rdparty/collcachelib/coll_cache_lib/freq_recorder.cc:347] bulk append 104091371
[2023-04-15 00:26:14.177502: E /samgraph/3rdparty/collcachelib/coll_cache_lib/freq_recorder.cc:337] bulk append 8814431 into 61676212
[2023-04-15 00:26:14.222385: E /samgraph/3rdparty/collcachelib/coll_cache_lib/freq_recorder.cc:347] bulk append 104139311
[2023-04-15 00:26:14.225792: E /samgraph/3rdparty/collcachelib/coll_cache_lib/freq_recorder.cc:337] bulk append 8807756 into 70490643
[2023-04-15 00:26:14.271586: E /samgraph/3rdparty/collcachelib/coll_cache_lib/freq_recorder.cc:347] bulk append 103967210
[2023-04-15 00:26:14.275028: E /samgraph/3rdparty/collcachelib/coll_cache_lib/freq_recorder.cc:337] bulk append 8813911 into 79298399
[2023-04-15 00:26:14.320710: E /samgraph/3rdparty/collcachelib/coll_cache_lib/freq_recorder.cc:347] bulk append 104071841
[2023-04-15 00:26:15.123169: E /samgraph/3rdparty/collcachelib/coll_cache_lib/freq_recorder.cc:337] bulk append 8548725 into 88112310
[2023-04-15 00:26:15.166956: E /samgraph/3rdparty/collcachelib/coll_cache_lib/freq_recorder.cc:347] bulk append 108905324
[2023-04-15 00:26:15.170362: E /samgraph/3rdparty/collcachelib/coll_cache_lib/freq_recorder.cc:337] bulk append 8554975 into 96661035
[2023-04-15 00:26:15.214118: E /samgraph/3rdparty/collcachelib/coll_cache_lib/freq_recorder.cc:347] bulk append 109011612
[2023-04-15 00:26:15.217477: E /samgraph/3rdparty/collcachelib/coll_cache_lib/freq_recorder.cc:337] bulk append 8548759 into 105216010
[2023-04-15 00:26:15.262050: E /samgraph/3rdparty/collcachelib/coll_cache_lib/freq_recorder.cc:347] bulk append 109009524
[2023-04-15 00:26:15.265411: E /samgraph/3rdparty/collcachelib/coll_cache_lib/freq_recorder.cc:337] bulk append 8553867 into 113764769
[2023-04-15 00:26:15.309316: E /samgraph/3rdparty/collcachelib/coll_cache_lib/freq_recorder.cc:347] bulk append 108980646
[2023-04-15 00:26:15.312653: E /samgraph/3rdparty/collcachelib/coll_cache_lib/freq_recorder.cc:337] bulk append 8548405 into 122318636
[2023-04-15 00:26:15.357108: E /samgraph/3rdparty/collcachelib/coll_cache_lib/freq_recorder.cc:347] bulk append 108908322
[2023-04-15 00:26:15.360452: E /samgraph/3rdparty/collcachelib/coll_cache_lib/freq_recorder.cc:337] bulk append 8555498 into 130867041
[2023-04-15 00:26:15.405040: E /samgraph/3rdparty/collcachelib/coll_cache_lib/freq_recorder.cc:347] bulk append 109038583
[2023-04-15 00:26:15.408361: E /samgraph/3rdparty/collcachelib/coll_cache_lib/freq_recorder.cc:337] bulk append 8546965 into 139422539
[2023-04-15 00:26:15.452078: E /samgraph/3rdparty/collcachelib/coll_cache_lib/freq_recorder.cc:347] bulk append 108927308
[2023-04-15 00:26:15.455420: E /samgraph/3rdparty/collcachelib/coll_cache_lib/freq_recorder.cc:337] bulk append 8555775 into 147969504
[2023-04-15 00:26:15.499061: E /samgraph/3rdparty/collcachelib/coll_cache_lib/freq_recorder.cc:347] bulk append 109006091
[2023-04-15 00:26:15.502396: E /samgraph/3rdparty/collcachelib/coll_cache_lib/freq_recorder.cc:337] bulk append 8546692 into 156525279
[2023-04-15 00:26:15.546894: E /samgraph/3rdparty/collcachelib/coll_cache_lib/freq_recorder.cc:347] bulk append 108842214
[2023-04-15 00:26:15.550253: E /samgraph/3rdparty/collcachelib/coll_cache_lib/freq_recorder.cc:337] bulk append 8552913 into 165071971
[2023-04-15 00:26:15.594687: E /samgraph/3rdparty/collcachelib/coll_cache_lib/freq_recorder.cc:347] bulk append 108989508
[2023-04-15 00:26:15.598026: E /samgraph/3rdparty/collcachelib/coll_cache_lib/freq_recorder.cc:337] bulk append 8412475 into 173624884
[2023-04-15 00:26:15.641143: E /samgraph/3rdparty/collcachelib/coll_cache_lib/freq_recorder.cc:347] bulk append 109047519
[2023-04-15 00:26:15.644439: E /samgraph/3rdparty/collcachelib/coll_cache_lib/freq_recorder.cc:337] bulk append 8415862 into 182037359
[2023-04-15 00:26:15.687551: E /samgraph/3rdparty/collcachelib/coll_cache_lib/freq_recorder.cc:347] bulk append 109149813
[2023-04-15 00:26:15.690882: E /samgraph/3rdparty/collcachelib/coll_cache_lib/freq_recorder.cc:337] bulk append 8410434 into 190453221
[2023-04-15 00:26:15.733926: E /samgraph/3rdparty/collcachelib/coll_cache_lib/freq_recorder.cc:347] bulk append 109162558
[2023-04-15 00:26:15.737212: E /samgraph/3rdparty/collcachelib/coll_cache_lib/freq_recorder.cc:337] bulk append 8414186 into 198863655
[2023-04-15 00:26:15.781056: E /samgraph/3rdparty/collcachelib/coll_cache_lib/freq_recorder.cc:347] bulk append 109182527
[2023-04-15 00:26:15.784343: E /samgraph/3rdparty/collcachelib/coll_cache_lib/freq_recorder.cc:337] bulk append 8409127 into 207277841
[2023-04-15 00:26:15.827392: E /samgraph/3rdparty/collcachelib/coll_cache_lib/freq_recorder.cc:347] bulk append 109070123
[2023-04-15 00:26:15.830680: E /samgraph/3rdparty/collcachelib/coll_cache_lib/freq_recorder.cc:337] bulk append 8416663 into 215686968
[2023-04-15 00:26:15.874488: E /samgraph/3rdparty/collcachelib/coll_cache_lib/freq_recorder.cc:347] bulk append 109215014
[2023-04-15 00:26:15.877775: E /samgraph/3rdparty/collcachelib/coll_cache_lib/freq_recorder.cc:337] bulk append 8410479 into 224103631
[2023-04-15 00:26:15.920842: E /samgraph/3rdparty/collcachelib/coll_cache_lib/freq_recorder.cc:347] bulk append 109120295
[2023-04-15 00:26:15.924128: E /samgraph/3rdparty/collcachelib/coll_cache_lib/freq_recorder.cc:337] bulk append 8417652 into 232514110
[2023-04-15 00:26:15.967215: E /samgraph/3rdparty/collcachelib/coll_cache_lib/freq_recorder.cc:347] bulk append 109164866
[2023-04-15 00:26:15.970508: E /samgraph/3rdparty/collcachelib/coll_cache_lib/freq_recorder.cc:337] bulk append 8411044 into 240931762
[2023-04-15 00:26:16. 16532: E /samgraph/3rdparty/collcachelib/coll_cache_lib/freq_recorder.cc:347] bulk append 109012828
[2023-04-15 00:26:16. 19878: E /samgraph/3rdparty/collcachelib/coll_cache_lib/freq_recorder.cc:337] bulk append 8415483 into 249342806
[2023-04-15 00:26:16. 65673: E /samgraph/3rdparty/collcachelib/coll_cache_lib/freq_recorder.cc:347] bulk append 109138973
[2023-04-15 00:26:16. 68972: E /samgraph/3rdparty/collcachelib/coll_cache_lib/freq_recorder.cc:337] bulk append 8409483 into 257758289
[2023-04-15 00:26:16.112134: E /samgraph/3rdparty/collcachelib/coll_cache_lib/freq_recorder.cc:347] bulk append 109027440
[2023-04-15 00:26:16.115510: E /samgraph/3rdparty/collcachelib/coll_cache_lib/freq_recorder.cc:337] bulk append 8414004 into 266167772
[2023-04-15 00:26:16.159498: E /samgraph/3rdparty/collcachelib/coll_cache_lib/freq_recorder.cc:347] bulk append 109166389
[2023-04-15 00:26:16.162854: E /samgraph/3rdparty/collcachelib/coll_cache_lib/freq_recorder.cc:337] bulk append 8408442 into 274581776
[2023-04-15 00:26:16.206004: E /samgraph/3rdparty/collcachelib/coll_cache_lib/freq_recorder.cc:347] bulk append 109153936
[2023-04-15 00:26:16.209352: E /samgraph/3rdparty/collcachelib/coll_cache_lib/freq_recorder.cc:337] bulk append 8415409 into 282990218
[2023-04-15 00:26:16.253159: E /samgraph/3rdparty/collcachelib/coll_cache_lib/freq_recorder.cc:347] bulk append 109165693
[2023-04-15 00:26:16.256479: E /samgraph/3rdparty/collcachelib/coll_cache_lib/freq_recorder.cc:337] bulk append 8409903 into 291405627
[2023-04-15 00:26:16.300425: E /samgraph/3rdparty/collcachelib/coll_cache_lib/freq_recorder.cc:347] bulk append 109064873
[2023-04-15 00:26:16.303754: E /samgraph/3rdparty/collcachelib/coll_cache_lib/freq_recorder.cc:337] bulk append 8415954 into 299815530
[2023-04-15 00:26:16.347642: E /samgraph/3rdparty/collcachelib/coll_cache_lib/freq_recorder.cc:347] bulk append 109216427
[2023-04-15 00:26:16.350961: E /samgraph/3rdparty/collcachelib/coll_cache_lib/freq_recorder.cc:337] bulk append 8411003 into 308231484
[2023-04-15 00:26:16.394050: E /samgraph/3rdparty/collcachelib/coll_cache_lib/freq_recorder.cc:347] bulk append 109093602
[2023-04-15 00:26:16.397376: E /samgraph/3rdparty/collcachelib/coll_cache_lib/freq_recorder.cc:337] bulk append 8417790 into 316642487
[2023-04-15 00:26:16.441314: E /samgraph/3rdparty/collcachelib/coll_cache_lib/freq_recorder.cc:347] bulk append 109131371
[2023-04-15 00:26:16.444643: E /samgraph/3rdparty/collcachelib/coll_cache_lib/freq_recorder.cc:337] bulk append 8408087 into 325060277
[2023-04-15 00:26:16.488527: E /samgraph/3rdparty/collcachelib/coll_cache_lib/freq_recorder.cc:347] bulk append 108995368
[2023-04-15 00:26:16.491852: E /samgraph/3rdparty/collcachelib/coll_cache_lib/freq_recorder.cc:337] bulk append 8416247 into 333468364
[2023-04-15 00:26:16.535011: E /samgraph/3rdparty/collcachelib/coll_cache_lib/freq_recorder.cc:347] bulk append 109144401
[2023-04-15 00:26:16.538349: E /samgraph/3rdparty/collcachelib/coll_cache_lib/freq_recorder.cc:337] bulk append 8466228 into 341884611
[2023-04-15 00:26:16.581696: E /samgraph/3rdparty/collcachelib/coll_cache_lib/freq_recorder.cc:347] bulk append 109247741
[2023-04-15 00:26:16.584998: E /samgraph/3rdparty/collcachelib/coll_cache_lib/freq_recorder.cc:337] bulk append 8469448 into 350350839
[2023-04-15 00:26:16.628208: E /samgraph/3rdparty/collcachelib/coll_cache_lib/freq_recorder.cc:347] bulk append 109393672
[2023-04-15 00:26:16.631507: E /samgraph/3rdparty/collcachelib/coll_cache_lib/freq_recorder.cc:337] bulk append 8464430 into 358820287
[2023-04-15 00:26:16.674920: E /samgraph/3rdparty/collcachelib/coll_cache_lib/freq_recorder.cc:347] bulk append 109364979
[2023-04-15 00:26:16.678212: E /samgraph/3rdparty/collcachelib/coll_cache_lib/freq_recorder.cc:337] bulk append 8468783 into 367284717
[2023-04-15 00:26:16.721553: E /samgraph/3rdparty/collcachelib/coll_cache_lib/freq_recorder.cc:347] bulk append 109374264
[2023-04-15 00:26:16.724835: E /samgraph/3rdparty/collcachelib/coll_cache_lib/freq_recorder.cc:337] bulk append 8466083 into 375753500
[2023-04-15 00:26:16.768067: E /samgraph/3rdparty/collcachelib/coll_cache_lib/freq_recorder.cc:347] bulk append 109270483
[2023-04-15 00:26:16.771364: E /samgraph/3rdparty/collcachelib/coll_cache_lib/freq_recorder.cc:337] bulk append 8470731 into 384219583
[2023-04-15 00:26:16.814675: E /samgraph/3rdparty/collcachelib/coll_cache_lib/freq_recorder.cc:347] bulk append 109444289
[2023-04-15 00:26:16.817967: E /samgraph/3rdparty/collcachelib/coll_cache_lib/freq_recorder.cc:337] bulk append 8463485 into 392690314
[2023-04-15 00:26:16.861240: E /samgraph/3rdparty/collcachelib/coll_cache_lib/freq_recorder.cc:347] bulk append 109318109
[2023-04-15 00:26:16.864519: E /samgraph/3rdparty/collcachelib/coll_cache_lib/freq_recorder.cc:337] bulk append 8469323 into 401153799
[2023-04-15 00:26:16.908469: E /samgraph/3rdparty/collcachelib/coll_cache_lib/freq_recorder.cc:347] bulk append 109362394
[2023-04-15 00:26:16.911764: E /samgraph/3rdparty/collcachelib/coll_cache_lib/freq_recorder.cc:337] bulk append 8465172 into 409623122
[2023-04-15 00:26:16.955234: E /samgraph/3rdparty/collcachelib/coll_cache_lib/freq_recorder.cc:347] bulk append 109252787
[2023-04-15 00:26:16.958518: E /samgraph/3rdparty/collcachelib/coll_cache_lib/freq_recorder.cc:337] bulk append 8469970 into 418088294
[2023-04-15 00:26:17.  2494: E /samgraph/3rdparty/collcachelib/coll_cache_lib/freq_recorder.cc:347] bulk append 109385187
[2023-04-15 00:26:17.  5796: E /samgraph/3rdparty/collcachelib/coll_cache_lib/freq_recorder.cc:337] bulk append 8612720 into 426558264
[2023-04-15 00:26:17. 49822: E /samgraph/3rdparty/collcachelib/coll_cache_lib/freq_recorder.cc:347] bulk append 107633862
[2023-04-15 00:26:17. 53137: E /samgraph/3rdparty/collcachelib/coll_cache_lib/freq_recorder.cc:337] bulk append 8615658 into 435170984
[2023-04-15 00:26:17. 97857: E /samgraph/3rdparty/collcachelib/coll_cache_lib/freq_recorder.cc:347] bulk append 107771865
[2023-04-15 00:26:17.101180: E /samgraph/3rdparty/collcachelib/coll_cache_lib/freq_recorder.cc:337] bulk append 8611279 into 443786642
[2023-04-15 00:26:17.145862: E /samgraph/3rdparty/collcachelib/coll_cache_lib/freq_recorder.cc:347] bulk append 107759518
[2023-04-15 00:26:17.149184: E /samgraph/3rdparty/collcachelib/coll_cache_lib/freq_recorder.cc:337] bulk append 8615811 into 452397921
[2023-04-15 00:26:17.193083: E /samgraph/3rdparty/collcachelib/coll_cache_lib/freq_recorder.cc:347] bulk append 107738061
[2023-04-15 00:26:17.196401: E /samgraph/3rdparty/collcachelib/coll_cache_lib/freq_recorder.cc:337] bulk append 8611581 into 461013732
[2023-04-15 00:26:17.240315: E /samgraph/3rdparty/collcachelib/coll_cache_lib/freq_recorder.cc:347] bulk append 107651411
[2023-04-15 00:26:17.243615: E /samgraph/3rdparty/collcachelib/coll_cache_lib/freq_recorder.cc:337] bulk append 8617885 into 469625313
[2023-04-15 00:26:17.288267: E /samgraph/3rdparty/collcachelib/coll_cache_lib/freq_recorder.cc:347] bulk append 107833035
[2023-04-15 00:26:17.291569: E /samgraph/3rdparty/collcachelib/coll_cache_lib/freq_recorder.cc:337] bulk append 8611090 into 478243198
[2023-04-15 00:26:17.336286: E /samgraph/3rdparty/collcachelib/coll_cache_lib/freq_recorder.cc:347] bulk append 107728582
[2023-04-15 00:26:17.339600: E /samgraph/3rdparty/collcachelib/coll_cache_lib/freq_recorder.cc:337] bulk append 8616721 into 486854288
[2023-04-15 00:26:17.383592: E /samgraph/3rdparty/collcachelib/coll_cache_lib/freq_recorder.cc:347] bulk append 107765038
[2023-04-15 00:26:17.386898: E /samgraph/3rdparty/collcachelib/coll_cache_lib/freq_recorder.cc:337] bulk append 8609453 into 495471009
[2023-04-15 00:26:17.430932: E /samgraph/3rdparty/collcachelib/coll_cache_lib/freq_recorder.cc:347] bulk append 107646921
[2023-04-15 00:26:17.434246: E /samgraph/3rdparty/collcachelib/coll_cache_lib/freq_recorder.cc:337] bulk append 8616293 into 504080462
[2023-04-15 00:26:17.478961: E /samgraph/3rdparty/collcachelib/coll_cache_lib/freq_recorder.cc:347] bulk append 107768658
[2023-04-15 00:26:17.482283: E /samgraph/3rdparty/collcachelib/coll_cache_lib/freq_recorder.cc:337] bulk append 8747153 into 512696755
[2023-04-15 00:26:17.526689: E /samgraph/3rdparty/collcachelib/coll_cache_lib/freq_recorder.cc:347] bulk append 103968700
[2023-04-15 00:26:17.530013: E /samgraph/3rdparty/collcachelib/coll_cache_lib/freq_recorder.cc:337] bulk append 8752228 into 521443908
[2023-04-15 00:26:17.574417: E /samgraph/3rdparty/collcachelib/coll_cache_lib/freq_recorder.cc:347] bulk append 104037976
[2023-04-15 00:26:17.577726: E /samgraph/3rdparty/collcachelib/coll_cache_lib/freq_recorder.cc:337] bulk append 8746023 into 530196136
[2023-04-15 00:26:17.622083: E /samgraph/3rdparty/collcachelib/coll_cache_lib/freq_recorder.cc:347] bulk append 104068944
[2023-04-15 00:26:17.625420: E /samgraph/3rdparty/collcachelib/coll_cache_lib/freq_recorder.cc:337] bulk append 8752315 into 538942159
[2023-04-15 00:26:17.670417: E /samgraph/3rdparty/collcachelib/coll_cache_lib/freq_recorder.cc:347] bulk append 104034320
[2023-04-15 00:26:17.673734: E /samgraph/3rdparty/collcachelib/coll_cache_lib/freq_recorder.cc:337] bulk append 8746606 into 547694474
[2023-04-15 00:26:17.718868: E /samgraph/3rdparty/collcachelib/coll_cache_lib/freq_recorder.cc:347] bulk append 103960382
[2023-04-15 00:26:17.722190: E /samgraph/3rdparty/collcachelib/coll_cache_lib/freq_recorder.cc:337] bulk append 8753382 into 556441080
[2023-04-15 00:26:17.766612: E /samgraph/3rdparty/collcachelib/coll_cache_lib/freq_recorder.cc:347] bulk append 104119849
[2023-04-15 00:26:17.769926: E /samgraph/3rdparty/collcachelib/coll_cache_lib/freq_recorder.cc:337] bulk append 8746573 into 565194462
[2023-04-15 00:26:17.814954: E /samgraph/3rdparty/collcachelib/coll_cache_lib/freq_recorder.cc:347] bulk append 103975422
[2023-04-15 00:26:17.818254: E /samgraph/3rdparty/collcachelib/coll_cache_lib/freq_recorder.cc:337] bulk append 8752362 into 573941035
[2023-04-15 00:26:17.862625: E /samgraph/3rdparty/collcachelib/coll_cache_lib/freq_recorder.cc:347] bulk append 104037637
[2023-04-15 00:26:17.865934: E /samgraph/3rdparty/collcachelib/coll_cache_lib/freq_recorder.cc:337] bulk append 8745553 into 582693397
[2023-04-15 00:26:17.911132: E /samgraph/3rdparty/collcachelib/coll_cache_lib/freq_recorder.cc:347] bulk append 103926974
[2023-04-15 00:26:17.914440: E /samgraph/3rdparty/collcachelib/coll_cache_lib/freq_recorder.cc:337] bulk append 8751883 into 591438950
[2023-04-15 00:26:17.958801: E /samgraph/3rdparty/collcachelib/coll_cache_lib/freq_recorder.cc:347] bulk append 104052299
[2023-04-15 00:26:17.962151: E /samgraph/3rdparty/collcachelib/coll_cache_lib/freq_recorder.cc:337] bulk append 8692295 into 600190833
[2023-04-15 00:26:18.  7266: E /samgraph/3rdparty/collcachelib/coll_cache_lib/freq_recorder.cc:347] bulk append 97590914
[2023-04-15 00:26:18. 10571: E /samgraph/3rdparty/collcachelib/coll_cache_lib/freq_recorder.cc:337] bulk append 8694035 into 608883128
[2023-04-15 00:26:18. 55581: E /samgraph/3rdparty/collcachelib/coll_cache_lib/freq_recorder.cc:347] bulk append 97730002
[2023-04-15 00:26:18. 58913: E /samgraph/3rdparty/collcachelib/coll_cache_lib/freq_recorder.cc:337] bulk append 8689136 into 617577163
[2023-04-15 00:26:18.103646: E /samgraph/3rdparty/collcachelib/coll_cache_lib/freq_recorder.cc:347] bulk append 97704872
[2023-04-15 00:26:18.106981: E /samgraph/3rdparty/collcachelib/coll_cache_lib/freq_recorder.cc:337] bulk append 8695470 into 626266299
[2023-04-15 00:26:18.151868: E /samgraph/3rdparty/collcachelib/coll_cache_lib/freq_recorder.cc:347] bulk append 97703591
[2023-04-15 00:26:18.155203: E /samgraph/3rdparty/collcachelib/coll_cache_lib/freq_recorder.cc:337] bulk append 8688916 into 634961769
[2023-04-15 00:26:18.200246: E /samgraph/3rdparty/collcachelib/coll_cache_lib/freq_recorder.cc:347] bulk append 97649349
[2023-04-15 00:26:18.203588: E /samgraph/3rdparty/collcachelib/coll_cache_lib/freq_recorder.cc:337] bulk append 8698076 into 643650685
[2023-04-15 00:26:18.248568: E /samgraph/3rdparty/collcachelib/coll_cache_lib/freq_recorder.cc:347] bulk append 97810798
[2023-04-15 00:26:18.251901: E /samgraph/3rdparty/collcachelib/coll_cache_lib/freq_recorder.cc:337] bulk append 8690817 into 652348761
[2023-04-15 00:26:18.296822: E /samgraph/3rdparty/collcachelib/coll_cache_lib/freq_recorder.cc:347] bulk append 97663715
[2023-04-15 00:26:18.300161: E /samgraph/3rdparty/collcachelib/coll_cache_lib/freq_recorder.cc:337] bulk append 8695186 into 661039578
[2023-04-15 00:26:18.345199: E /samgraph/3rdparty/collcachelib/coll_cache_lib/freq_recorder.cc:347] bulk append 97749532
[2023-04-15 00:26:18.348524: E /samgraph/3rdparty/collcachelib/coll_cache_lib/freq_recorder.cc:337] bulk append 8686994 into 669734764
[2023-04-15 00:26:18.393284: E /samgraph/3rdparty/collcachelib/coll_cache_lib/freq_recorder.cc:347] bulk append 97580280
[2023-04-15 00:26:18.396608: E /samgraph/3rdparty/collcachelib/coll_cache_lib/freq_recorder.cc:337] bulk append 8694211 into 678421758
[2023-04-15 00:26:18.441526: E /samgraph/3rdparty/collcachelib/coll_cache_lib/freq_recorder.cc:347] bulk append 97732958
[2023-04-15 00:26:18.444858: E /samgraph/3rdparty/collcachelib/coll_cache_lib/freq_recorder.cc:[2662023-04-15 00:26:18] .freq recorder global combining444906
: [[[[[E[2023-04-15 00:26:182023-04-15 00:26:182023-04-15 00:26:182023-04-15 00:26:182023-04-15 00:26:18 2023-04-15 00:26:18...../samgraph/3rdparty/collcachelib/coll_cache_lib/facade.cc.444906444906444905444907444906:444916: : : : : 409: EEEEE] E     before scale, dtype is 0, dim is 128 /samgraph/3rdparty/collcachelib/coll_cache_lib/facade.cc/samgraph/3rdparty/collcachelib/coll_cache_lib/facade.cc/samgraph/3rdparty/collcachelib/coll_cache_lib/facade.cc/samgraph/3rdparty/collcachelib/coll_cache_lib/facade.cc/samgraph/3rdparty/collcachelib/coll_cache_lib/facade.cc
/samgraph/3rdparty/collcachelib/coll_cache_lib/facade.cc::::::[4094094094094094092023-04-15 00:26:18] ] ] ] ] ] .before scale, dtype is 0, dim is 128before scale, dtype is 0, dim is 128before scale, dtype is 0, dim is 128before scale, dtype is 0, dim is 128before scale, dtype is 0, dim is 128before scale, dtype is 0, dim is 128445094





: [[[E[[2023-04-15 00:26:182023-04-15 00:26:18[2023-04-15 00:26:18 2023-04-15 00:26:182023-04-15 00:26:18..2023-04-15 00:26:18./samgraph/3rdparty/collcachelib/coll_cache_lib/facade.cc..445167445169.445170:445172445175: : 445178: 415: : EE: E] EE  E after scale, dtype is 7, new dim is 32  /samgraph/3rdparty/collcachelib/coll_cache_lib/facade.cc/samgraph/3rdparty/collcachelib/coll_cache_lib/facade.cc /samgraph/3rdparty/collcachelib/coll_cache_lib/facade.cc
/samgraph/3rdparty/collcachelib/coll_cache_lib/facade.cc/samgraph/3rdparty/collcachelib/coll_cache_lib/facade.cc::/samgraph/3rdparty/collcachelib/coll_cache_lib/facade.cc:::415415:415415415] ] 415] ] ] after scale, dtype is 7, new dim is 32after scale, dtype is 7, new dim is 32] after scale, dtype is 7, new dim is 32after scale, dtype is 7, new dim is 32after scale, dtype is 7, new dim is 32

after scale, dtype is 7, new dim is 32



[2023-04-15 00:26:18.448795: E /samgraph/3rdparty/collcachelib/coll_cache_lib/coll_cache/asymm_link_desc.cc:181] v100x8, slow pcie
[2023-04-15 00:26:18.448827: E /samgraph/3rdparty/collcachelib/coll_cache_lib/coll_cache/asymm_link_desc.cc:207] assigning 0 to cpu
[2023-04-15 00:26:18.448844: E /samgraph/3rdparty/collcachelib/coll_cache_lib/coll_cache/asymm_link_desc.cc:181] v100x8, slow pcie
[2023-04-15 00:26:18.448879: [E[2023-04-15 00:26:18 2023-04-15 00:26:18./samgraph/3rdparty/collcachelib/coll_cache_lib/coll_cache/asymm_link_desc.cc.448886:448895: 207: E] E[ assigning 0 to cpu 2023-04-15 00:26:18/samgraph/3rdparty/collcachelib/coll_cache_lib/coll_cache/asymm_link_desc.cc
/samgraph/3rdparty/collcachelib/coll_cache_lib/coll_cache/asymm_link_desc.cc.::448944224181: ] [] [Ebuild asymm link desc with 8X Tesla V100-SXM2-32GB out of 82023-04-15 00:26:18v100x8, slow pcie2023-04-15 00:26:18 
.
./samgraph/3rdparty/collcachelib/coll_cache_lib/coll_cache/asymm_link_desc.cc448990448996:[: : [1812023-04-15 00:26:18EE2023-04-15 00:26:18] [.  .v100x8, slow pcie2023-04-15 00:26:18449034/samgraph/3rdparty/collcachelib/coll_cache_lib/coll_cache/asymm_link_desc.cc/samgraph/3rdparty/collcachelib/coll_cache_lib/coll_cache/asymm_link_desc.cc449040
.: ::[: 449051E181[2242023-04-15 00:26:18E:  ] 2023-04-15 00:26:18] . E/samgraph/3rdparty/collcachelib/coll_cache_lib/coll_cache/asymm_link_desc.ccv100x8, slow pcie.build asymm link desc with 8X Tesla V100-SXM2-32GB out of 8449084/samgraph/3rdparty/collcachelib/coll_cache_lib/coll_cache/asymm_link_desc.cc :
449099
: :/samgraph/3rdparty/collcachelib/coll_cache_lib/coll_cache/asymm_link_desc.cc181: [E207:] E2023-04-15 00:26:18[ ] 225v100x8, slow pcie .2023-04-15 00:26:18/samgraph/3rdparty/collcachelib/coll_cache_lib/coll_cache/asymm_link_desc.ccassigning 0 to cpu] 
/samgraph/3rdparty/collcachelib/coll_cache_lib/coll_cache/asymm_link_desc.cc449190.:
remote time is 15.5556:: 449209[181
207E: 2023-04-15 00:26:18] ]  E[.v100x8, slow pcieassigning 0 to cpu/samgraph/3rdparty/collcachelib/coll_cache_lib/coll_cache/asymm_link_desc.cc[ 2023-04-15 00:26:18449268

:2023-04-15 00:26:18/samgraph/3rdparty/collcachelib/coll_cache_lib/coll_cache/asymm_link_desc.cc[.: 207.:2023-04-15 00:26:18449300E] 449311225.:  assigning 0 to cpu[: ] 449353E/samgraph/3rdparty/collcachelib/coll_cache_lib/coll_cache/asymm_link_desc.cc
2023-04-15 00:26:18Eremote time is 15.5556:  :. 
E/samgraph/3rdparty/collcachelib/coll_cache_lib/coll_cache/asymm_link_desc.cc207449379/samgraph/3rdparty/collcachelib/coll_cache_lib/coll_cache/asymm_link_desc.cc [:] : :[/samgraph/3rdparty/collcachelib/coll_cache_lib/coll_cache/asymm_link_desc.cc2023-04-15 00:26:18226assigning 0 to cpuE2242023-04-15 00:26:18:.] 
 ] .207449439cpu time is 102.941/samgraph/3rdparty/collcachelib/coll_cache_lib/coll_cache/asymm_link_desc.ccbuild asymm link desc with 8X Tesla V100-SXM2-32GB out of 8449448] : 
:
: [assigning 0 to cpuE224E2023-04-15 00:26:18
 ]  [./samgraph/3rdparty/collcachelib/coll_cache_lib/coll_cache/asymm_link_desc.ccbuild asymm link desc with 8X Tesla V100-SXM2-32GB out of 8/samgraph/3rdparty/collcachelib/coll_cache_lib/coll_cache/asymm_link_desc.cc2023-04-15 00:26:18[449528:
:.2023-04-15 00:26:18: 226[224449560.E] [2023-04-15 00:26:18] : 449568 cpu time is 102.9412023-04-15 00:26:18.build asymm link desc with 8X Tesla V100-SXM2-32GB out of 8E: /samgraph/3rdparty/collcachelib/coll_cache_lib/coll_cache/asymm_link_desc.cc
.449595
 E:449611: /samgraph/3rdparty/collcachelib/coll_cache_lib/coll_cache/asymm_link_desc.cc 224: E[:/samgraph/3rdparty/collcachelib/coll_cache_lib/facade.cc[] E 2023-04-15 00:26:18225:2023-04-15 00:26:18build asymm link desc with 8X Tesla V100-SXM2-32GB out of 8 /samgraph/3rdparty/collcachelib/coll_cache_lib/coll_cache/asymm_link_desc.cc.] 425.
/samgraph/3rdparty/collcachelib/coll_cache_lib/coll_cache/asymm_link_desc.cc:449693remote time is 15.5556] 449694:224: 
[registering cpu data with 8.00 GB: 225] E2023-04-15 00:26:18[
E] build asymm link desc with 8X Tesla V100-SXM2-32GB out of 8 .2023-04-15 00:26:18 remote time is 15.5556
/samgraph/3rdparty/collcachelib/coll_cache_lib/coll_cache/asymm_link_desc.cc449797./samgraph/3rdparty/collcachelib/coll_cache_lib/facade.cc
:: 449818:225E: [425] [ E2023-04-15 00:26:18] remote time is 15.55562023-04-15 00:26:18/samgraph/3rdparty/collcachelib/coll_cache_lib/coll_cache/asymm_link_desc.cc .registering cpu data with 8.00 GB
.:/samgraph/3rdparty/collcachelib/coll_cache_lib/coll_cache/asymm_link_desc.cc449877
449880225[:: : ] 2023-04-15 00:26:18226EEremote time is 15.5556.]   
449925cpu time is 102.941/samgraph/3rdparty/collcachelib/coll_cache_lib/coll_cache/asymm_link_desc.cc/samgraph/3rdparty/collcachelib/coll_cache_lib/coll_cache/asymm_link_desc.cc: 
[::E2023-04-15 00:26:18226225 .] ] [/samgraph/3rdparty/collcachelib/coll_cache_lib/coll_cache/asymm_link_desc.cc449982cpu time is 102.941remote time is 15.55562023-04-15 00:26:18:: 

.226E450019]  [: cpu time is 102.941/samgraph/3rdparty/collcachelib/coll_cache_lib/coll_cache/asymm_link_desc.cc2023-04-15 00:26:18E
:[. 2262023-04-15 00:26:18450055/samgraph/3rdparty/collcachelib/coll_cache_lib/facade.cc] .: :cpu time is 102.941450072[E425
: 2023-04-15 00:26:18 ] E./samgraph/3rdparty/collcachelib/coll_cache_lib/coll_cache/asymm_link_desc.ccregistering cpu data with 8.00 GB 450109:
/samgraph/3rdparty/collcachelib/coll_cache_lib/facade.cc: 226] cpu time is 102.941:E[
425 2023-04-15 00:26:18] /samgraph/3rdparty/collcachelib/coll_cache_lib/facade.cc.registering cpu data with 8.00 GB:450159
425: ] Eregistering cpu data with 8.00 GB 
/samgraph/3rdparty/collcachelib/coll_cache_lib/facade.cc:425[] 2023-04-15 00:26:18registering cpu data with 8.00 GB.
450225: E /samgraph/3rdparty/collcachelib/coll_cache_lib/facade.cc:425] registering cpu data with 8.00 GB
[2023-04-15 00:26:20.715422: E /samgraph/3rdparty/collcachelib/coll_cache_lib/facade.cc:427] registering cpu data done.
[2023-04-15 00:26:20.715702: E /samgraph/3rdparty/collcachelib/coll_cache_lib/facade.cc:427] registering cpu data done.
[2023-04-15 00:26:20.716343: E /samgraph/3rdparty/collcachelib/coll_cache_lib/facade.cc:427] registering cpu data done.
[2023-04-15 00:26:20.716585: E /samgraph/3rdparty/collcachelib/coll_cache_lib/facade.cc:427] registering cpu data done.
[2023-04-15 00:26:20.716846: E /samgraph/3rdparty/collcachelib/coll_cache_lib/facade.cc:427] registering cpu data done.
[2023-04-15 00:26:20.717105: E /samgraph/3rdparty/collcachelib/coll_cache_lib/facade.cc:427] registering cpu data done.
[2023-04-15 00:26:20.719291: E /samgraph/3rdparty/collcachelib/coll_cache_lib/facade.cc:427] registering cpu data done.
[2023-04-15 00:26:48.870525: E /samgraph/3rdparty/collcachelib/coll_cache_lib/freq_recorder.cc:269] freq recorder global combine from 687115969 to 107852022
[2023-04-15 00:26:51.856359: E /samgraph/3rdparty/collcachelib/coll_cache_lib/freq_recorder.cc:286] top 5 freq is 2000,2000,2000,2000,2000
[2023-04-15 00:26:51.856569: E /samgraph/3rdparty/collcachelib/coll_cache_lib/facade.cc:409] before scale, dtype is 0, dim is 128
[2023-04-15 00:26:51.856649: E /samgraph/3rdparty/collcachelib/coll_cache_lib/facade.cc:415] after scale, dtype is 7, new dim is 32
[2023-04-15 00:26:51.857245: E /samgraph/3rdparty/collcachelib/coll_cache_lib/coll_cache/asymm_link_desc.cc:181] v100x8, slow pcie
[2023-04-15 00:26:51.857280: E /samgraph/3rdparty/collcachelib/coll_cache_lib/coll_cache/asymm_link_desc.cc:207] assigning 0 to cpu
[2023-04-15 00:26:51.857339: E /samgraph/3rdparty/collcachelib/coll_cache_lib/coll_cache/asymm_link_desc.cc:224] build asymm link desc with 8X Tesla V100-SXM2-32GB out of 8
[2023-04-15 00:26:51.857402: E /samgraph/3rdparty/collcachelib/coll_cache_lib/coll_cache/asymm_link_desc.cc:225] remote time is 15.5556
[2023-04-15 00:26:51.857428: E /samgraph/3rdparty/collcachelib/coll_cache_lib/coll_cache/asymm_link_desc.cc:226] cpu time is 102.941
[2023-04-15 00:26:51.857473: E /samgraph/3rdparty/collcachelib/coll_cache_lib/facade.cc:425] registering cpu data with 8.00 GB
[2023-04-15 00:26:52.304186: E /samgraph/3rdparty/collcachelib/coll_cache_lib/facade.cc:427] registering cpu data done.
[2023-04-15 00:26:52.304273: E /samgraph/3rdparty/collcachelib/coll_cache_lib/facade.cc:174] creating solver
[2023-04-15 00:26:52.304316: E /samgraph/3rdparty/collcachelib/coll_cache_lib/facade.cc:214] solver created. now build & solve
[2023-04-15 00:26:52.347921: E /samgraph/3rdparty/collcachelib/coll_cache_lib/coll_cache/optimal_solver_class.cc:309] reconfigured max freq to be 2000
[2023-04-15 00:26:52.347967: E /samgraph/3rdparty/collcachelib/coll_cache_lib/coll_cache/optimal_solver_class.cc:311] reconfigured num slot to be 11
[2023-04-15 00:26:52.347992: W /samgraph/3rdparty/collcachelib/coll_cache_lib/coll_cache/optimal_solver_class.cc:318] counting slots...
[2023-04-15 00:26:53.252171: W /samgraph/3rdparty/collcachelib/coll_cache_lib/coll_cache/optimal_solver_class.cc:367] Final num slot is 29
[2023-04-15 00:26:53.252260: W /samgraph/3rdparty/collcachelib/coll_cache_lib/coll_cache/optimal_solver_class.cc:371] preparing block granularity...
[2023-04-15 00:26:53.252290: E /samgraph/3rdparty/collcachelib/coll_cache_lib/coll_cache/optimal_solver_class.cc:399] slot 0 has 253789 nodes, max_size set to 31724, #slice=8
[2023-04-15 00:26:53.252315: E /samgraph/3rdparty/collcachelib/coll_cache_lib/coll_cache/optimal_solver_class.cc:399] slot 1 has 1341933 nodes, max_size set to 167742, #slice=8
[2023-04-15 00:26:53.252339: E /samgraph/3rdparty/collcachelib/coll_cache_lib/coll_cache/optimal_solver_class.cc:399] slot 2 has 5510393 nodes, max_size set to 444239, #slice=16
[2023-04-15 00:26:53.252364: E /samgraph/3rdparty/collcachelib/coll_cache_lib/coll_cache/optimal_solver_class.cc:399] slot 3 has 14473268 nodes, max_size set to 444239, #slice=40
[2023-04-15 00:26:53.252388: E /samgraph/3rdparty/collcachelib/coll_cache_lib/coll_cache/optimal_solver_class.cc:399] slot 4 has 18000599 nodes, max_size set to 444239, #slice=48
[2023-04-15 00:26:53.252412: E /samgraph/3rdparty/collcachelib/coll_cache_lib/coll_cache/optimal_solver_class.cc:399] slot 5 has 15540767 nodes, max_size set to 444239, #slice=40
[2023-04-15 00:26:53.252436: E /samgraph/3rdparty/collcachelib/coll_cache_lib/coll_cache/optimal_solver_class.cc:399] slot 6 has 14077663 nodes, max_size set to 444239, #slice=32
[2023-04-15 00:26:53.252460: E /samgraph/3rdparty/collcachelib/coll_cache_lib/coll_cache/optimal_solver_class.cc:399] slot 7 has 13674654 nodes, max_size set to 444239, #slice=32
[2023-04-15 00:26:53.252485: E /samgraph/3rdparty/collcachelib/coll_cache_lib/coll_cache/optimal_solver_class.cc:399] slot 8 has 12612554 nodes, max_size set to 444239, #slice=32
[2023-04-15 00:26:53.252509: E /samgraph/3rdparty/collcachelib/coll_cache_lib/coll_cache/optimal_solver_class.cc:399] slot 9 has 12366402 nodes, max_size set to 444239, #slice=32
[2023-04-15 00:26:53.252533: E /samgraph/3rdparty/collcachelib/coll_cache_lib/coll_cache/optimal_solver_class.cc:399] slot 10 has 32114 nodes, max_size set to 4015, #slice=8
[2023-04-15 00:26:53.252557: E /samgraph/3rdparty/collcachelib/coll_cache_lib/coll_cache/optimal_solver_class.cc:399] slot 11 has 32137 nodes, max_size set to 4018, #slice=8
[2023-04-15 00:26:53.252581: E /samgraph/3rdparty/collcachelib/coll_cache_lib/coll_cache/optimal_solver_class.cc:399] slot 12 has 32008 nodes, max_size set to 4001, #slice=8
[2023-04-15 00:26:53.252605: E /samgraph/3rdparty/collcachelib/coll_cache_lib/coll_cache/optimal_solver_class.cc:399] slot 13 has 31975 nodes, max_size set to 3997, #slice=8
[2023-04-15 00:26:53.252629: E /samgraph/3rdparty/collcachelib/coll_cache_lib/coll_cache/optimal_solver_class.cc:399] slot 14 has 32121 nodes, max_size set to 4016, #slice=8
[2023-04-15 00:26:53.252667: E /samgraph/3rdparty/collcachelib/coll_cache_lib/coll_cache/optimal_solver_class.cc:399] slot 15 has 32178 nodes, max_size set to 4023, #slice=8
[2023-04-15 00:26:53.252691: E /samgraph/3rdparty/collcachelib/coll_cache_lib/coll_cache/optimal_solver_class.cc:399] slot 16 has 32183 nodes, max_size set to 4023, #slice=8
[2023-04-15 00:26:53.252715: E /samgraph/3rdparty/collcachelib/coll_cache_lib/coll_cache/optimal_solver_class.cc:399] slot 17 has 32171 nodes, max_size set to 4022, #slice=8
[2023-04-15 00:26:53.252739: E /samgraph/3rdparty/collcachelib/coll_cache_lib/coll_cache/optimal_solver_class.cc:399] slot 18 has 31791 nodes, max_size set to 3974, #slice=8
[2023-04-15 00:26:53.252764: E /samgraph/3rdparty/collcachelib/coll_cache_lib/coll_cache/optimal_solver_class.cc:399] slot 19 has 32121 nodes, max_size set to 4016, #slice=8
[2023-04-15 00:26:53.252788: E /samgraph/3rdparty/collcachelib/coll_cache_lib/coll_cache/optimal_solver_class.cc:399] slot 20 has 320977 nodes, max_size set to 40123, #slice=8
[2023-04-15 00:26:53.252812: E /samgraph/3rdparty/collcachelib/coll_cache_lib/coll_cache/optimal_solver_class.cc:399] slot 21 has 320924 nodes, max_size set to 40116, #slice=8
[2023-04-15 00:26:53.252836: E /samgraph/3rdparty/collcachelib/coll_cache_lib/coll_cache/optimal_solver_class.cc:399] slot 22 has 320790 nodes, max_size set to 40099, #slice=8
[2023-04-15 00:26:53.252861: E /samgraph/3rdparty/collcachelib/coll_cache_lib/coll_cache/optimal_solver_class.cc:399] slot 23 has 321433 nodes, max_size set to 40180, #slice=8
[2023-04-15 00:26:53.252885: E /samgraph/3rdparty/collcachelib/coll_cache_lib/coll_cache/optimal_solver_class.cc:399] slot 24 has 321000 nodes, max_size set to 40125, #slice=8
[2023-04-15 00:26:53.252926: E /samgraph/3rdparty/collcachelib/coll_cache_lib/coll_cache/optimal_solver_class.cc:399] slot 25 has 319958 nodes, max_size set to 39995, #slice=8
[2023-04-15 00:26:53.252950: E /samgraph/3rdparty/collcachelib/coll_cache_lib/coll_cache/optimal_solver_class.cc:399] slot 26 has 320249 nodes, max_size set to 40032, #slice=8
[2023-04-15 00:26:53.252974: E /samgraph/3rdparty/collcachelib/coll_cache_lib/coll_cache/optimal_solver_class.cc:399] slot 27 has 321021 nodes, max_size set to 40128, #slice=8
[2023-04-15 00:26:53.252999: E /samgraph/3rdparty/collcachelib/coll_cache_lib/coll_cache/optimal_solver_class.cc:399] slot 28 has 320783 nodes, max_size set to 40098, #slice=8
[2023-04-15 00:26:53.253023: W /samgraph/3rdparty/collcachelib/coll_cache_lib/coll_cache/optimal_solver_class.cc:405] counting blocks...
[2023-04-15 00:26:53.396700: W /samgraph/3rdparty/collcachelib/coll_cache_lib/coll_cache/optimal_solver_class.cc:425] Final num block is 440
[2023-04-15 00:26:53.396752: W /samgraph/3rdparty/collcachelib/coll_cache_lib/coll_cache/optimal_solver_class.cc:430] counting freq and density...
[2023-04-15 00:26:53.405205: W /samgraph/3rdparty/collcachelib/coll_cache_lib/coll_cache/optimal_solver_class.cc:479] averaging freq and density...
[2023-04-15 00:26:53.405278: W /samgraph/3rdparty/collcachelib/coll_cache_lib/coll_cache/optimal_solver_class.cc:480] 440
[2023-04-15 00:26:53.421822: E /samgraph/3rdparty/collcachelib/coll_cache_lib/facade.cc:218] solver built. now solve
[2023-04-15 00:26:53.421878: W /samgraph/3rdparty/collcachelib/coll_cache_lib/coll_cache/optimal_solver_class.cc:893] constructing optimal solver, device=8, stream=1
440 blocks, 8 devices
[2023-04-15 00:26:53.583987: W /samgraph/3rdparty/collcachelib/coll_cache_lib/coll_cache/optimal_solver_class.cc:1078] Add Var...
[2023-04-15 00:26:53.595877: W /samgraph/3rdparty/collcachelib/coll_cache_lib/coll_cache/optimal_solver_class.cc:1096] Capacity...
[2023-04-15 00:26:53.596522: W /samgraph/3rdparty/collcachelib/coll_cache_lib/coll_cache/optimal_solver_class.cc:1099] Connect CPU...
[2023-04-15 00:26:53.605782: W /samgraph/3rdparty/collcachelib/coll_cache_lib/coll_cache/optimal_solver_class.cc:1101] Connect Access To Storage...
[2023-04-15 00:26:53.821003: W /samgraph/3rdparty/collcachelib/coll_cache_lib/coll_cache/optimal_solver_class.cc:1105] Time...
[2023-04-15 00:28:39.229402: W /samgraph/3rdparty/collcachelib/coll_cache_lib/coll_cache/optimal_solver_class.cc:1124] Coll Cache init block placement array
[2023-04-15 00:28:39.232663: W /samgraph/3rdparty/collcachelib/coll_cache_lib/coll_cache/optimal_solver_class.cc:1200] Coll Cache init block placement array done
[2023-04-15 00:28:39.239231: W /samgraph/3rdparty/collcachelib/coll_cache_lib/coll_cache/optimal_solver_class.cc:1202] Coll Cache model reset done
[2023-04-15 00:28:39.258553: E /samgraph/3rdparty/collcachelib/coll_cache_lib/facade.cc:222] solver solved
[2023-04-15 00:28:39.258614: E /samgraph/3rdparty/collcachelib/coll_cache_lib/facade.cc:437] 0 solved master
[2023-04-15 00:28:39.258645: E /samgraph/3rdparty/collcachelib/coll_cache_lib/facade.cc:444] 0 solved
[2023-04-15 00:28:39.258673: E /samgraph/3rdparty/collcachelib/coll_cache_lib/facade.cc:447] worker 0 thread 0 initing device 0
[2023-04-15 00:28:39.259299: E /samgraph/3rdparty/collcachelib/coll_cache_lib/cache_context.cu:2320] Building Coll Cache with ... num gpu device is 8
[2023-04-15 00:28:39.259453: E /samgraph/3rdparty/collcachelib/coll_cache_lib/cuda/cache_hashtable.cuh:611] per src size local is 24396723
[2023-04-15 00:28:39.276245: E /samgraph/3rdparty/collcachelib/coll_cache_lib/facade.cc:444] 7 solved
[2023-04-15 00:28:39.276308: E /samgraph/3rdparty/collcachelib/coll_cache_lib/facade.cc:447] worker 0 thread 7 initing device 7
[2023-04-15 00:28:39.276679: E /samgraph/3rdparty/collcachelib/coll_cache_lib/cache_context.cu:2320] Building Coll Cache with ... num gpu device is 8
[2023-04-15 00:28:39.276822: E /samgraph/3rdparty/collcachelib/coll_cache_lib/facade.cc:444] 6 solved
[2023-04-15 00:28:39.276908: E /samgraph/3rdparty/collcachelib/coll_cache_lib/facade.cc:447] worker 0 thread 6 initing device 6
[2023-04-15 00:28:39.277261: E /samgraph/3rdparty/collcachelib/coll_cache_lib/cache_context.cu:2320] Building Coll Cache with ... num gpu device is 8
[2023-04-15 00:28:39.325147: E /samgraph/3rdparty/collcachelib/coll_cache_lib/facade.cc:444] 2 solved
[2023-04-15 00:28:39.325238: E /samgraph/3rdparty/collcachelib/coll_cache_lib/facade.cc:447] worker 0 thread 2 initing device 2
[2023-04-15 00:28:39.325278: E /samgraph/3rdparty/collcachelib/coll_cache_lib/facade.cc:444] 3 solved
[2023-04-15 00:28:39.325354: E /samgraph/3rdparty/collcachelib/coll_cache_lib/facade.cc:447] worker 0 thread 3 initing device 3
[2023-04-15 00:28:39.325623: E /samgraph/3rdparty/collcachelib/coll_cache_lib/cache_context.cu:2320] Building Coll Cache with ... num gpu device is 8
[2023-04-15 00:28:39.325731: E /samgraph/3rdparty/collcachelib/coll_cache_lib/cache_context.cu:2320] Building Coll Cache with ... num gpu device is 8
[2023-04-15 00:28:39.326471: E /samgraph/3rdparty/collcachelib/coll_cache_lib/facade.cc:444] 5 solved
[2023-04-15 00:28:39.326529: E /samgraph/3rdparty/collcachelib/coll_cache_lib/facade.cc:447] worker 0 thread 5 initing device 5
[2023-04-15 00:28:39.326863: E /samgraph/3rdparty/collcachelib/coll_cache_lib/cache_context.cu:2320] Building Coll Cache with ... num gpu device is 8
[2023-04-15 00:28:39.333290: E /samgraph/3rdparty/collcachelib/coll_cache_lib/facade.cc:444] 1 solved
[2023-04-15 00:28:39.333387: E /samgraph/3rdparty/collcachelib/coll_cache_lib/facade.cc:447] worker 0 thread 1 initing device 1
[2023-04-15 00:28:39.333874: E /samgraph/3rdparty/collcachelib/coll_cache_lib/cache_context.cu:2320] Building Coll Cache with ... num gpu device is 8
[2023-04-15 00:28:39.342459: E /samgraph/3rdparty/collcachelib/coll_cache_lib/facade.cc:444] 4 solved
[2023-04-15 00:28:39.342547: E /samgraph/3rdparty/collcachelib/coll_cache_lib/facade.cc:447] worker 0 thread 4 initing device 4
[2023-04-15 00:28:39.342912: E /samgraph/3rdparty/collcachelib/coll_cache_lib/cache_context.cu:2320] Building Coll Cache with ... num gpu device is 8
[2023-04-15 00:28:39.761754: E /samgraph/3rdparty/collcachelib/coll_cache_lib/cache_context.cu:2362] num cpu nodes is 30750868
[2023-04-15 00:28:39.791323: E /samgraph/3rdparty/collcachelib/coll_cache_lib/cache_context.cu:2362] num cpu nodes is 30750868
[2023-04-15 00:28:39.818511: E /samgraph/3rdparty/collcachelib/coll_cache_lib/cache_context.cu:2362] num cpu nodes is 30750868
[2023-04-15 00:28:39.831111: E /samgraph/3rdparty/collcachelib/coll_cache_lib/cache_context.cu:2362] num cpu nodes is 30750868
[2023-04-15 00:28:39.839993: E /samgraph/3rdparty/collcachelib/coll_cache_lib/cache_context.cu:2362] num cpu nodes is 30750868
[2023-04-15 00:28:39.856103: E /samgraph/3rdparty/collcachelib/coll_cache_lib/cache_context.cu:2362] num cpu nodes is 30750868
[2023-04-15 00:28:39.861199: E /samgraph/3rdparty/collcachelib/coll_cache_lib/cache_context.cu:2362] num cpu nodes is 30750868
[2023-04-15 00:28:39.871691: E /samgraph/3rdparty/collcachelib/coll_cache_lib/cache_context.cu:2362] num cpu nodes is 30750868
[2023-04-15 00:28:41.542665: E /samgraph/3rdparty/collcachelib/coll_cache_lib/cuda/cache_hashtable.cu:355] create a hashtable with 80309088 possible elem, scale to 268435456
[2023-04-15 00:28:41.542730: E /samgraph/3rdparty/collcachelib/coll_cache_lib/cuda/cache_hashtable.cu:360] SimpleHashTable allocating 2.00 GB
[2023-04-15 00:28:41.626099: E /samgraph/3rdparty/collcachelib/coll_cache_lib/cuda/cache_hashtable.cu:355] create a hashtable with 80309088 possible elem, scale to 268435456
[2023-04-15 00:28:41.626155: E /samgraph/3rdparty/collcachelib/coll_cache_lib/cuda/cache_hashtable.cu:360] SimpleHashTable allocating 2.00 GB
[2023-04-15 00:28:41.655564: E /samgraph/3rdparty/collcachelib/coll_cache_lib/cuda/cache_hashtable.cu:355] create a hashtable with 80309088 possible elem, scale to 268435456
[2023-04-15 00:28:41.655645: E /samgraph/3rdparty/collcachelib/coll_cache_lib/cuda/cache_hashtable.cu:360] SimpleHashTable allocating 2.00 GB
[2023-04-15 00:28:41.669649: E /samgraph/3rdparty/collcachelib/coll_cache_lib/cuda/cache_hashtable.cu:355] create a hashtable with 80309088 possible elem, scale to 268435456
[2023-04-15 00:28:41.669718: E /samgraph/3rdparty/collcachelib/coll_cache_lib/cuda/cache_hashtable.cu:360] SimpleHashTable allocating 2.00 GB
[2023-04-15 00:28:41.683190: E /samgraph/3rdparty/collcachelib/coll_cache_lib/cuda/cache_hashtable.cu:355] create a hashtable with 80309088 possible elem, scale to 268435456
[2023-04-15 00:28:41.683257: E /samgraph/3rdparty/collcachelib/coll_cache_lib/cuda/cache_hashtable.cu:360] SimpleHashTable allocating 2.00 GB
[2023-04-15 00:28:41.687342: E /samgraph/3rdparty/collcachelib/coll_cache_lib/cuda/cache_hashtable.cu:355] create a hashtable with 80309088 possible elem, scale to 268435456
[2023-04-15 00:28:41.687410: E /samgraph/3rdparty/collcachelib/coll_cache_lib/cuda/cache_hashtable.cu:360] SimpleHashTable allocating 2.00 GB
[2023-04-15 00:28:41.717050: E /samgraph/3rdparty/collcachelib/coll_cache_lib/cuda/cache_hashtable.cu:355] create a hashtable with 80309088 possible elem, scale to 268435456
[2023-04-15 00:28:41.717117: E /samgraph/3rdparty/collcachelib/coll_cache_lib/cuda/cache_hashtable.cu:360] SimpleHashTable allocating 2.00 GB
[2023-04-15 00:28:41.719881: E /samgraph/3rdparty/collcachelib/coll_cache_lib/cuda/cache_hashtable.cu:355] create a hashtable with 80309088 possible elem, scale to 268435456
[2023-04-15 00:28:41.719938: E /samgraph/3rdparty/collcachelib/coll_cache_lib/cuda/cache_hashtable.cu:360] SimpleHashTable allocating 2.00 GB
[2023-04-15 00:28:42. 60376: E /samgraph/3rdparty/collcachelib/coll_cache_lib/common.cc:107] too many mem allocated for forcescale?22323051->188434
[2023-04-15 00:28:42. 62364: E /samgraph/3rdparty/collcachelib/coll_cache_lib/cache_context.cu:2439] Asymm Coll cache (policy: coll_cache_asymm_link) | local 22134617 / 111059956 nodes ( 19.93 %~20.00 %) | remote 58174471 / 111059956 nodes ( 52.38 %) | cpu 30750868 / 111059956 nodes ( 27.69 %) | 10.64 GB | 2.73547 secs 
[2023-04-15 00:28:42. 64194: E /samgraph/3rdparty/collcachelib/coll_cache_lib/common.cc:107] too many mem allocated for forcescale?22323051->138065
[[2023-04-15 00:28:422023-04-15 00:28:42.. 69214 69204: : EE  /samgraph/3rdparty/collcachelib/coll_cache_lib/cache_context.cu/samgraph/3rdparty/collcachelib/coll_cache_lib/common.cc::2439107] ] Asymm Coll cache (policy: coll_cache_asymm_link) | local 22184986 / 111059956 nodes ( 19.98 %~20.00 %) | remote 58124102 / 111059956 nodes ( 52.34 %) | cpu 30750868 / 111059956 nodes ( 27.69 %) | 10.64 GB | 2.74355 secs too many mem allocated for forcescale?22323051->198347

[2023-04-15 00:28:42. 70159: E /samgraph/3rdparty/collcachelib/coll_cache_lib/common.cc:107] too many mem allocated for forcescale?22323051->144302
[2023-04-15 00:28:42. 71830: E /samgraph/3rdparty/collcachelib/coll_cache_lib/common.cc:107] too many mem allocated for forcescale?22323051->159150
[2023-04-15 00:28:42. 74740: E /samgraph/3rdparty/collcachelib/coll_cache_lib/common.cc:107] too many mem allocated for forcescale?22323051->207470
[2023-04-15 00:28:42. 75907: E /samgraph/3rdparty/collcachelib/coll_cache_lib/common.cc:107] too many mem allocated for forcescale?22323051->196131
[2023-04-15 00:28:42. 82910: E /samgraph/3rdparty/collcachelib/coll_cache_lib/common.cc:107] too many mem allocated for forcescale?22323051->263958
[2023-04-15 00:28:42. 85647: E /samgraph/3rdparty/collcachelib/coll_cache_lib/cache_context.cu:2439] Asymm Coll cache (policy: coll_cache_asymm_link) | local 22124704 / 111059956 nodes ( 19.92 %~20.00 %) | remote 58184384 / 111059956 nodes ( 52.39 %) | cpu 30750868 / 111059956 nodes ( 27.69 %) | 10.64 GB | 2.80835 secs 
[2023-04-15 00:28:42. 94818: E /samgraph/3rdparty/collcachelib/coll_cache_lib/cache_context.cu:2439] Asymm Coll cache (policy: coll_cache_asymm_link) | local 22126920 / 111059956 nodes ( 19.92 %~20.00 %) | remote 58182168 / 111059956 nodes ( 52.39 %) | cpu 30750868 / 111059956 nodes ( 27.69 %) | 10.64 GB | 2.8181 secs 
[2023-04-15 00:28:42. 96982: E /samgraph/3rdparty/collcachelib/coll_cache_lib/cache_context.cu:2439] Asymm Coll cache (policy: coll_cache_asymm_link) | local 22163901 / 111059956 nodes ( 19.96 %~20.00 %) | remote 58145187 / 111059956 nodes ( 52.35 %) | cpu 30750868 / 111059956 nodes ( 27.69 %) | 10.64 GB | 2.76306 secs 
[2023-04-15 00:28:42.103754: E /samgraph/3rdparty/collcachelib/coll_cache_lib/cache_context.cu:2439] Asymm Coll cache (policy: coll_cache_asymm_link) | local 22115581 / 111059956 nodes ( 19.91 %~20.00 %) | remote 58193507 / 111059956 nodes ( 52.40 %) | cpu 30750868 / 111059956 nodes ( 27.69 %) | 10.64 GB | 2.76081 secs 
[2023-04-15 00:28:42.106046: E /samgraph/3rdparty/collcachelib/coll_cache_lib/cache_context.cu:2439] Asymm Coll cache (policy: coll_cache_asymm_link) | local 22178749 / 111059956 nodes ( 19.97 %~20.00 %) | remote 58130339 / 111059956 nodes ( 52.34 %) | cpu 30750868 / 111059956 nodes ( 27.69 %) | 10.64 GB | 2.84671 secs 
[2023-04-15 00:28:42.110602: E /samgraph/3rdparty/collcachelib/coll_cache_lib/cache_context.cu:2439] Asymm Coll cache (policy: coll_cache_asymm_link) | local 22059093 / 111059956 nodes ( 19.86 %~20.00 %) | remote 58249995 / 111059956 nodes ( 52.45 %) | cpu 30750868 / 111059956 nodes ( 27.69 %) | 10.64 GB | 2.78483 secs 
/usr/local/lib/python3.8/dist-packages/torch/nn/parallel/scatter_gather.py:9: UserWarning: is_namedtuple is deprecated, please use the python checks instead
  warnings.warn("is_namedtuple is deprecated, please use the python checks instead")
/usr/local/lib/python3.8/dist-packages/torch/nn/parallel/scatter_gather.py:9: UserWarning: is_namedtuple is deprecated, please use the python checks instead
  warnings.warn("is_namedtuple is deprecated, please use the python checks instead")
/usr/local/lib/python3.8/dist-packages/torch/nn/parallel/scatter_gather.py:9: UserWarning: is_namedtuple is deprecated, please use the python checks instead
  warnings.warn("is_namedtuple is deprecated, please use the python checks instead")
/usr/local/lib/python3.8/dist-packages/torch/nn/parallel/scatter_gather.py:9: UserWarning: is_namedtuple is deprecated, please use the python checks instead
  warnings.warn("is_namedtuple is deprecated, please use the python checks instead")
/usr/local/lib/python3.8/dist-packages/torch/nn/parallel/scatter_gather.py:9: UserWarning: is_namedtuple is deprecated, please use the python checks instead
  warnings.warn("is_namedtuple is deprecated, please use the python checks instead")
/usr/local/lib/python3.8/dist-packages/torch/nn/parallel/scatter_gather.py:9: UserWarning: is_namedtuple is deprecated, please use the python checks instead
  warnings.warn("is_namedtuple is deprecated, please use the python checks instead")
/usr/local/lib/python3.8/dist-packages/torch/nn/parallel/scatter_gather.py:9: UserWarning: is_namedtuple is deprecated, please use the python checks instead
  warnings.warn("is_namedtuple is deprecated, please use the python checks instead")
/usr/local/lib/python3.8/dist-packages/torch/nn/parallel/scatter_gather.py:9: UserWarning: is_namedtuple is deprecated, please use the python checks instead
  warnings.warn("is_namedtuple is deprecated, please use the python checks instead")
