/usr/lib/python3/dist-packages/requests/__init__.py:89: RequestsDependencyWarning: urllib3 (1.26.12) or chardet (3.0.4) doesn't match a supported version!
  warnings.warn("urllib3 ({}) or chardet ({}) doesn't match a supported "
Rank=1 done reading 16402092 embedding vectors from file /nvme/songxiaoniu/graph-learning/wholegraph/com_friendster/converted/homograph_csr_row_ptr
Rank=1 done reading 16402092 embedding vectors from file /nvme/songxiaoniu/graph-learning/wholegraph/com_friendster/converted/homograph_csr_row_ptr
Rank=0 done reading 16402092 embedding vectors from file /nvme/songxiaoniu/graph-learning/wholegraph/com_friendster/converted/homograph_csr_row_ptr
Rank=0 done reading 16402092 embedding vectors from file /nvme/songxiaoniu/graph-learning/wholegraph/com_friendster/converted/homograph_csr_row_ptr
Rank=3 done reading 16402091 embedding vectors from file /nvme/songxiaoniu/graph-learning/wholegraph/com_friendster/converted/homograph_csr_row_ptr
Rank=2 done reading 16402092 embedding vectors from file /nvme/songxiaoniu/graph-learning/wholegraph/com_friendster/converted/homograph_csr_row_ptr
Rank=3 done reading 16402091 embedding vectors from file /nvme/songxiaoniu/graph-learning/wholegraph/com_friendster/converted/homograph_csr_row_ptr
Rank=2 done reading 16402092 embedding vectors from file /nvme/songxiaoniu/graph-learning/wholegraph/com_friendster/converted/homograph_csr_row_ptr
Rank=0 done reading 903033568 embedding vectors from file /nvme/songxiaoniu/graph-learning/wholegraph/com_friendster/converted/homograph_csr_col_idx
Rank=1 done reading 903033568 embedding vectors from file /nvme/songxiaoniu/graph-learning/wholegraph/com_friendster/converted/homograph_csr_col_idx
Rank=3 done reading 903033566 embedding vectors from file /nvme/songxiaoniu/graph-learning/wholegraph/com_friendster/converted/homograph_csr_col_idx
Rank=0 done reading 903033568 embedding vectors from file /nvme/songxiaoniu/graph-learning/wholegraph/com_friendster/converted/homograph_csr_col_idx
Rank=1 done reading 903033568 embedding vectors from file /nvme/songxiaoniu/graph-learning/wholegraph/com_friendster/converted/homograph_csr_col_idx
Rank=2 done reading 903033568 embedding vectors from file /nvme/songxiaoniu/graph-learning/wholegraph/com_friendster/converted/homograph_csr_col_idx
Rank=2 done reading 903033568 embedding vectors from file /nvme/songxiaoniu/graph-learning/wholegraph/com_friendster/converted/homograph_csr_col_idx
Rank=3 done reading 903033566 embedding vectors from file /nvme/songxiaoniu/graph-learning/wholegraph/com_friendster/converted/homograph_csr_col_idx
[2023-04-15 03:44:16.802869: E /samgraph/3rdparty/collcachelib/coll_cache_lib/freq_recorder.cc:337] bulk append 4211009 into 0
[2023-04-15 03:44:16.824507: E /samgraph/3rdparty/collcachelib/coll_cache_lib/freq_recorder.cc:347] bulk append 57930332
[2023-04-15 03:44:16.826199: E /samgraph/3rdparty/collcachelib/coll_cache_lib/freq_recorder.cc:337] bulk append 4211865 into 4211009
[2023-04-15 03:44:16.847803: E /samgraph/3rdparty/collcachelib/coll_cache_lib/freq_recorder.cc:347] bulk append 57908857
[2023-04-15 03:44:16.849502: E /samgraph/3rdparty/collcachelib/coll_cache_lib/freq_recorder.cc:337] bulk append 4210243 into 8422874
[2023-04-15 03:44:16.871108: E /samgraph/3rdparty/collcachelib/coll_cache_lib/freq_recorder.cc:347] bulk append 57822818
[2023-04-15 03:44:16.872795: E /samgraph/3rdparty/collcachelib/coll_cache_lib/freq_recorder.cc:337] bulk append 4211701 into 12633117
[2023-04-15 03:44:16.894506: E /samgraph/3rdparty/collcachelib/coll_cache_lib/freq_recorder.cc:347] bulk append 57842969
[2023-04-15 03:44:16.896193: E /samgraph/3rdparty/collcachelib/coll_cache_lib/freq_recorder.cc:337] bulk append 4213472 into 16844818
[2023-04-15 03:44:16.917811: E /samgraph/3rdparty/collcachelib/coll_cache_lib/freq_recorder.cc:347] bulk append 57885952
[2023-04-15 03:44:16.919490: E /samgraph/3rdparty/collcachelib/coll_cache_lib/freq_recorder.cc:337] bulk append 4210674 into 21058290
[2023-04-15 03:44:16.941545: E /samgraph/3rdparty/collcachelib/coll_cache_lib/freq_recorder.cc:347] bulk append 57863524
[2023-04-15 03:44:16.943248: E /samgraph/3rdparty/collcachelib/coll_cache_lib/freq_recorder.cc:337] bulk append 4213623 into 25268964
[2023-04-15 03:44:16.964898: E /samgraph/3rdparty/collcachelib/coll_cache_lib/freq_recorder.cc:347] bulk append 57882743
[2023-04-15 03:44:16.966580: E /samgraph/3rdparty/collcachelib/coll_cache_lib/freq_recorder.cc:337] bulk append 4213434 into 29482587
[2023-04-15 03:44:16.988195: E /samgraph/3rdparty/collcachelib/coll_cache_lib/freq_recorder.cc:347] bulk append 57909565
[2023-04-15 03:44:16.989895: E /samgraph/3rdparty/collcachelib/coll_cache_lib/freq_recorder.cc:337] bulk append 4212579 into 33696021
[2023-04-15 03:44:17. 11830: E /samgraph/3rdparty/collcachelib/coll_cache_lib/freq_recorder.cc:347] bulk append 57904587
[2023-04-15 03:44:17. 13524: E /samgraph/3rdparty/collcachelib/coll_cache_lib/freq_recorder.cc:337] bulk append 4210931 into 37908600
[2023-04-15 03:44:17. 35124: E /samgraph/3rdparty/collcachelib/coll_cache_lib/freq_recorder.cc:347] bulk append 57896833
[2023-04-15 03:44:17. 36837: E /samgraph/3rdparty/collcachelib/coll_cache_lib/freq_recorder.cc:337] bulk append 4306147 into 42119531
[2023-04-15 03:44:17. 58853: E /samgraph/3rdparty/collcachelib/coll_cache_lib/freq_recorder.cc:347] bulk append 59067037
[2023-04-15 03:44:17. 60525: E /samgraph/3rdparty/collcachelib/coll_cache_lib/freq_recorder.cc:337] bulk append 4304421 into 46425678
[2023-04-15 03:44:17. 82827: E /samgraph/3rdparty/collcachelib/coll_cache_lib/freq_recorder.cc:347] bulk append 58981247
[2023-04-15 03:44:17. 84497: E /samgraph/3rdparty/collcachelib/coll_cache_lib/freq_recorder.cc:337] bulk append 4303967 into 50730099
[2023-04-15 03:44:17.106858: E /samgraph/3rdparty/collcachelib/coll_cache_lib/freq_recorder.cc:347] bulk append 58902155
[2023-04-15 03:44:17.108534: E /samgraph/3rdparty/collcachelib/coll_cache_lib/freq_recorder.cc:337] bulk append 4303631 into 55034066
[2023-04-15 03:44:17.130814: E /samgraph/3rdparty/collcachelib/coll_cache_lib/freq_recorder.cc:347] bulk append 58944187
[2023-04-15 03:44:17.132485: E /samgraph/3rdparty/collcachelib/coll_cache_lib/freq_recorder.cc:337] bulk append 4305111 into 59337697
[2023-04-15 03:44:17.154414: E /samgraph/3rdparty/collcachelib/coll_cache_lib/freq_recorder.cc:347] bulk append 59022703
[2023-04-15 03:44:17.156081: E /samgraph/3rdparty/collcachelib/coll_cache_lib/freq_recorder.cc:337] bulk append 4302347 into 63642808
[2023-04-15 03:44:17.178036: E /samgraph/3rdparty/collcachelib/coll_cache_lib/freq_recorder.cc:347] bulk append 58985399
[2023-04-15 03:44:17.179702: E /samgraph/3rdparty/collcachelib/coll_cache_lib/freq_recorder.cc:337] bulk append 4304060 into 67945155
[2023-04-15 03:44:17.201674: E /samgraph/3rdparty/collcachelib/coll_cache_lib/freq_recorder.cc:347] bulk append 58988040
[2023-04-15 03:44:17.203344: E /samgraph/3rdparty/collcachelib/coll_cache_lib/freq_recorder.cc:337] bulk append 4306486 into 72249215
[2023-04-15 03:44:17.225312: E /samgraph/3rdparty/collcachelib/coll_cache_lib/freq_recorder.cc:347] bulk append 59024625
[2023-04-15 03:44:17.226981: E /samgraph/3rdparty/collcachelib/coll_cache_lib/freq_recorder.cc:337] bulk append 4305365 into 76555701
[2023-04-15 03:44:17.249337: E /samgraph/3rdparty/collcachelib/coll_cache_lib/freq_recorder.cc:347] bulk append 58985800
[2023-04-15 03:44:17.251005: E /samgraph/3rdparty/collcachelib/coll_cache_lib/freq_recorder.cc:337] bulk append 4303725 into 80861066
[2023-04-15 03:44:17.272975: E /samgraph/3rdparty/collcachelib/coll_cache_lib/freq_recorder.cc:347] bulk append 59043597
[2023-04-15 03:44:17.274653: E /samgraph/3rdparty/collcachelib/coll_cache_lib/freq_recorder.cc:337] bulk append 4349759 into 85164791
[2023-04-15 03:44:17.296812: E /samgraph/3rdparty/collcachelib/coll_cache_lib/freq_recorder.cc:347] bulk append 59024764
[2023-04-15 03:44:17.298511: E /samgraph/3rdparty/collcachelib/coll_cache_lib/freq_recorder.cc:337] bulk append 4351481 into 89514550
[2023-04-15 03:44:17.321046: E /samgraph/3rdparty/collcachelib/coll_cache_lib/freq_recorder.cc:347] bulk append 58945707
[2023-04-15 03:44:17.322748: E /samgraph/3rdparty/collcachelib/coll_cache_lib/freq_recorder.cc:337] bulk append 4350743 into 93866031
[2023-04-15 03:44:17.345271: E /samgraph/3rdparty/collcachelib/coll_cache_lib/freq_recorder.cc:347] bulk append 58874410
[2023-04-15 03:44:17.346948: E /samgraph/3rdparty/collcachelib/coll_cache_lib/freq_recorder.cc:337] bulk append 4349528 into 98216774
[2023-04-15 03:44:17.369535: E /samgraph/3rdparty/collcachelib/coll_cache_lib/freq_recorder.cc:347] bulk append 58906415
[2023-04-15 03:44:17.371220: E /samgraph/3rdparty/collcachelib/coll_cache_lib/freq_recorder.cc:337] bulk append 4349849 into 102566302
[2023-04-15 03:44:17.393518: E /samgraph/3rdparty/collcachelib/coll_cache_lib/freq_recorder.cc:347] bulk append 58985138
[2023-04-15 03:44:17.395205: E /samgraph/3rdparty/collcachelib/coll_cache_lib/freq_recorder.cc:337] bulk append 4348124 into 106916151
[2023-04-15 03:44:17.417347: E /samgraph/3rdparty/collcachelib/coll_cache_lib/freq_recorder.cc:347] bulk append 58965449
[2023-04-15 03:44:17.419032: E /samgraph/3rdparty/collcachelib/coll_cache_lib/freq_recorder.cc:337] bulk append 4351141 into 111264275
[2023-04-15 03:44:17.441155: E /samgraph/3rdparty/collcachelib/coll_cache_lib/freq_recorder.cc:347] bulk append 58948095
[2023-04-15 03:44:17.442842: E /samgraph/3rdparty/collcachelib/coll_cache_lib/freq_recorder.cc:337] bulk append 4351468 into 115615416
[2023-04-15 03:44:17.465372: E /samgraph/3rdparty/collcachelib/coll_cache_lib/freq_recorder.cc:347] bulk append 59039597
[2023-04-15 03:44:17.467057: E /samgraph/3rdparty/collcachelib/coll_cache_lib/freq_recorder.cc:337] bulk append 4349056 into 119966884
[2023-04-15 03:44:17.489199: E /samgraph/3rdparty/collcachelib/coll_cache_lib/freq_recorder.cc:347] bulk append 58946533
[2023-04-15 03:44:17.490894: E /samgraph/3rdparty/collcachelib/coll_cache_lib/freq_recorder.cc:337] bulk append 4348683 into 124315940
[2023-04-15 03:44:17.513467: E /samgraph/3rdparty/collcachelib/coll_cache_lib/freq_recorder.cc:347] bulk append 59027884
[2023-04-15 03:44:17.515168: E /samgraph/3rdparty/collcachelib/coll_cache_lib/freq_recorder.cc:337] bulk append 4359449 into 128664623
[2023-04-15 03:44:17.537925: E /samgraph/3rdparty/collcachelib/coll_cache_lib/freq_recorder.cc:347] bulk append 58989781
[2023-04-15 03:44:17.539633: E /samgraph/3rdparty/collcachelib/coll_cache_lib/freq_recorder.cc:337] bulk append 4360685 into 133024072
[2023-04-15 03:44:17.562272: E /samgraph/3rdparty/collcachelib/coll_cache_lib/freq_recorder.cc:347] bulk append 58917737
[2023-04-15 03:44:17.563958: E /samgraph/3rdparty/collcachelib/coll_cache_lib/freq_recorder.cc:337] bulk append 4359350 into 137384757
[2023-04-15 03:44:17.586467: E /samgraph/3rdparty/collcachelib/coll_cache_lib/freq_recorder.cc:347] bulk append 58872571
[2023-04-15 03:44:17.588146: E /samgraph/3rdparty/collcachelib/coll_cache_lib/freq_recorder.cc:337] bulk append 4359212 into 141744107
[2023-04-15 03:44:17.610658: E /samgraph/3rdparty/collcachelib/coll_cache_lib/freq_recorder.cc:347] bulk append 58899605
[2023-04-15 03:44:17.612317: E /samgraph/3rdparty/collcachelib/coll_cache_lib/freq_recorder.cc:337] bulk append 4360902 into 146103319
[2023-04-15 03:44:17.634969: E /samgraph/3rdparty/collcachelib/coll_cache_lib/freq_recorder.cc:347] bulk append 58951073
[2023-04-15 03:44:17.636636: E /samgraph/3rdparty/collcachelib/coll_cache_lib/freq_recorder.cc:337] bulk append 4357940 into 150464221
[2023-04-15 03:44:17.659137: E /samgraph/3rdparty/collcachelib/coll_cache_lib/freq_recorder.cc:347] bulk append 58929576
[2023-04-15 03:44:17.660793: E /samgraph/3rdparty/collcachelib/coll_cache_lib/freq_recorder.cc:337] bulk append 4359754 into 154822161
[2023-04-15 03:44:17.683298: E /samgraph/3rdparty/collcachelib/coll_cache_lib/freq_recorder.cc:347] bulk append 58924181
[2023-04-15 03:44:17.684975: E /samgraph/3rdparty/collcachelib/coll_cache_lib/freq_recorder.cc:337] bulk append 4361347 into 159181915
[2023-04-15 03:44:17.707605: E /samgraph/3rdparty/collcachelib/coll_cache_lib/freq_recorder.cc:347] bulk append 59041105
[2023-04-15 03:44:17.709292: E /samgraph/3rdparty/collcachelib/coll_cache_lib/freq_recorder.cc:337] bulk append 4360017 into 163543262
[2023-04-15 03:44:17.731859: E /samgraph/3rdparty/collcachelib/coll_cache_lib/freq_recorder.cc:347] bulk append 58966890
[2023-04-15 03:44:17.733535: E /samgraph/3rdparty/collcachelib/coll_cache_lib/freq_recorder.cc:337] bulk append 4358449 into 167903279
[2023-04-15 03:44:17.756092: E /samgraph/3rdparty/collcachelib/coll_cache_lib/freq_recorder.cc:347] bulk append 59016920
[2023-04-15 03:44:17.757784: E /samgraph/3rdparty/collcachelib/coll_cache_lib/freq_recorder.cc:337] bulk append 4362909 into 172261728
[2023-04-15 03:44:17.779937: E /samgraph/3rdparty/collcachelib/coll_cache_lib/freq_recorder.cc:347] bulk append 58870983
[2023-04-15 03:44:17.781617: E /samgraph/3rdparty/collcachelib/coll_cache_lib/freq_recorder.cc:337] bulk append 4364069 into 176624637
[2023-04-15 03:44:17.803754: E /samgraph/3rdparty/collcachelib/coll_cache_lib/freq_recorder.cc:347] bulk append 58777836
[2023-04-15 03:44:17.805449: E /samgraph/3rdparty/collcachelib/coll_cache_lib/freq_recorder.cc:337] bulk append 4362577 into 180988706
[2023-04-15 03:44:17.827587: E /samgraph/3rdparty/collcachelib/coll_cache_lib/freq_recorder.cc:347] bulk append 58744990
[2023-04-15 03:44:17.829263: E /samgraph/3rdparty/collcachelib/coll_cache_lib/freq_recorder.cc:337] bulk append 4364050 into 185351283
[2023-04-15 03:44:17.851740: E /samgraph/3rdparty/collcachelib/coll_cache_lib/freq_recorder.cc:347] bulk append 58773151
[2023-04-15 03:44:17.853419: E /samgraph/3rdparty/collcachelib/coll_cache_lib/freq_recorder.cc:337] bulk append 4364149 into 189715333
[2023-04-15 03:44:17.875537: E /samgraph/3rdparty/collcachelib/coll_cache_lib/freq_recorder.cc:347] bulk append 58812626
[2023-04-15 03:44:17.877216: E /samgraph/3rdparty/collcachelib/coll_cache_lib/freq_recorder.cc:337] bulk append 4364112 into 194079482
[2023-04-15 03:44:17.899736: E /samgraph/3rdparty/collcachelib/coll_cache_lib/freq_recorder.cc:347] bulk append 58812633
[2023-04-15 03:44:17.901414: E /samgraph/3rdparty/collcachelib/coll_cache_lib/freq_recorder.cc:337] bulk append 4363171 into 198443594
[2023-04-15 03:44:17.923575: E /samgraph/3rdparty/collcachelib/coll_cache_lib/freq_recorder.cc:347] bulk append 58820274
[2023-04-15 03:44:17.925251: E /samgraph/3rdparty/collcachelib/coll_cache_lib/freq_recorder.cc:337] bulk append 4366171 into 202806765
[2023-04-15 03:44:17.947742: E /samgraph/3rdparty/collcachelib/coll_cache_lib/freq_recorder.cc:347] bulk append 58912268
[2023-04-15 03:44:17.949418: E /samgraph/3rdparty/collcachelib/coll_cache_lib/freq_recorder.cc:337] bulk append 4364583 into 207172936
[2023-04-15 03:44:17.971931: E /samgraph/3rdparty/collcachelib/coll_cache_lib/freq_recorder.cc:347] bulk append 58864330
[2023-04-15 03:44:17.973610: E /samgraph/3rdparty/collcachelib/coll_cache_lib/freq_recorder.cc:337] bulk append 4361204 into 211537519
[2023-04-15 03:44:17.995722: E /samgraph/3rdparty/collcachelib/coll_cache_lib/freq_recorder.cc:347] bulk append 58903304
[2023-04-15 03:44:17.997418: E /samgraph/3rdparty/collcachelib/coll_cache_lib/freq_recorder.cc:337] bulk append 4320187 into 215898723
[2023-04-15 03:44:18. 19519: E /samgraph/3rdparty/collcachelib/coll_cache_lib/freq_recorder.cc:347] bulk append 58182297
[2023-04-15 03:44:18. 21204: E /samgraph/3rdparty/collcachelib/coll_cache_lib/freq_recorder.cc:337] bulk append 4320116 into 220218910
[2023-04-15 03:44:18. 43186: E /samgraph/3rdparty/collcachelib/coll_cache_lib/freq_recorder.cc:347] bulk append 58070037
[2023-04-15 03:44:18. 44868: E /samgraph/3rdparty/collcachelib/coll_cache_lib/freq_recorder.cc:337] bulk append 4318399 into 224539026
[2023-04-15 03:44:18. 67303: E /samgraph/3rdparty/collcachelib/coll_cache_lib/freq_recorder.cc:347] bulk append 58030195
[2023-04-15 03:44:18. 68992: E /samgraph/3rdparty/collcachelib/coll_cache_lib/freq_recorder.cc:337] bulk append 4319524 into 228857425
[2023-04-15 03:44:18. 91347: E /samgraph/3rdparty/collcachelib/coll_cache_lib/freq_recorder.cc:347] bulk append 58083983
[2023-04-15 03:44:18. 93052: E /samgraph/3rdparty/collcachelib/coll_cache_lib/freq_recorder.cc:337] bulk append 4320944 into 233176949
[2023-04-15 03:44:18.115089: E /samgraph/3rdparty/collcachelib/coll_cache_lib/freq_recorder.cc:347] bulk append 58097994
[2023-04-15 03:44:18.116774: E /samgraph/3rdparty/collcachelib/coll_cache_lib/freq_recorder.cc:337] bulk append 4318432 into 237497893
[2023-04-15 03:44:18.139243: E /samgraph/3rdparty/collcachelib/coll_cache_lib/freq_recorder.cc:347] bulk append 58105525
[2023-04-15 03:44:18.140929: E /samgraph/3rdparty/collcachelib/coll_cache_lib/freq_recorder.cc:337] bulk append 4320506 into 241816325
[2023-04-15 03:44:18.163287: E /samgraph/3rdparty/collcachelib/coll_cache_lib/freq_recorder.cc:347] bulk append 58116737
[2023-04-15 03:44:18.164974: E /samgraph/3rdparty/collcachelib/coll_cache_lib/freq_recorder.cc:337] bulk append 4320377 into 246136831
[2023-04-15 03:44:18.187284: E /samgraph/3rdparty/collcachelib/coll_cache_lib/freq_recorder.cc:347] bulk append 58217324
[2023-04-15 03:44:18.188970: E /samgraph/3rdparty/collcachelib/coll_cache_lib/freq_recorder.cc:337] bulk append 4321165 into 250457208
[2023-04-15 03:44:18.211007: E /samgraph/3rdparty/collcachelib/coll_cache_lib/freq_recorder.cc:347] bulk append 58170616
[2023-04-15 03:44:18.212689: E /samgraph/3rdparty/collcachelib/coll_cache_lib/freq_recorder.cc:337] bulk append 4319687 into 254778373
[2023-04-15 03:44:18.234700: E /samgraph/3rdparty/collcachelib/coll_cache_lib/freq_recorder.cc:347] bulk append 58179995
[2023-04-15 03:44:18.236394: E /samgraph/3rdparty/collcachelib/coll_cache_lib/freq_recorder.cc:337] bulk append 4267066 into 259098060
[2023-04-15 03:44:18.258670: E /samgraph/3rdparty/collcachelib/coll_cache_lib/freq_recorder.cc:347] bulk append 57162885
[2023-04-15 03:44:18.260340: E /samgraph/3rdparty/collcachelib/coll_cache_lib/freq_recorder.cc:337] bulk append 4264931 into 263365126
[2023-04-15 03:44:18.282544: E /samgraph/3rdparty/collcachelib/coll_cache_lib/freq_recorder.cc:347] bulk append 57024431
[2023-04-15 03:44:18.284202: E /samgraph/3rdparty/collcachelib/coll_cache_lib/freq_recorder.cc:337] bulk append 4265093 into 267630057
[2023-04-15 03:44:18.306433: E /samgraph/3rdparty/collcachelib/coll_cache_lib/freq_recorder.cc:347] bulk append 56998954
[2023-04-15 03:44:18.308083: E /samgraph/3rdparty/collcachelib/coll_cache_lib/freq_recorder.cc:337] bulk append 4266440 into 271895150
[2023-04-15 03:44:18.330260: E /samgraph/3rdparty/collcachelib/coll_cache_lib/freq_recorder.cc:347] bulk append 57054939
[2023-04-15 03:44:18.331914: E /samgraph/3rdparty/collcachelib/coll_cache_lib/freq_recorder.cc:337] bulk append 4266261 into 276161590
[2023-04-15 03:44:18.354017: E /samgraph/3rdparty/collcachelib/coll_cache_lib/freq_recorder.cc:347] bulk append 57057247
[2023-04-15 03:44:18.355643: E /samgraph/3rdparty/collcachelib/coll_cache_lib/freq_recorder.cc:337] bulk append 4266443 into 280427851
[2023-04-15 03:44:18.377846: E /samgraph/3rdparty/collcachelib/coll_cache_lib/freq_recorder.cc:347] bulk append 57057854
[2023-04-15 03:44:18.379461: E /samgraph/3rdparty/collcachelib/coll_cache_lib/freq_recorder.cc:337] bulk append 4267089 into 284694294
[2023-04-15 03:44:18.401665: E /samgraph/3rdparty/collcachelib/coll_cache_lib/freq_recorder.cc:347] bulk append 57076672
[2023-04-15 03:44:18.403291: E /samgraph/3rdparty/collcachelib/coll_cache_lib/freq_recorder.cc:337] bulk append 4267049 into 288961383
[2023-04-15 03:44:18.425361: E /samgraph/3rdparty/collcachelib/coll_cache_lib/freq_recorder.cc:347] bulk append 57169082
[2023-04-15 03:44:18.426985: E /samgraph/3rdparty/collcachelib/coll_cache_lib/freq_recorder.cc:337] bulk append 4266181 into 293228432
[2023-04-15 03:44:18.449035: E /samgraph/3rdparty/collcachelib/coll_cache_lib/freq_recorder.cc:347] bulk append 57126435
[2023-04-15 03:44:18.450660: E /samgraph/3rdparty/collcachelib/coll_cache_lib/freq_recorder.cc:337] bulk append 4264756 into 297494613
[2023-04-15 03:44:18.472808: E /samgraph/3rdparty/collcachelib/coll_cache_lib/freq_recorder.cc:347] bulk append 57140289
[2023-04-15 03:44:18.474463: E /samgraph/3rdparty/collcachelib/coll_cache_lib/freq_recorder.cc:337] bulk append 4177453 into 301759369
[2023-04-15 03:44:18.495935: E /samgraph/3rdparty/collcachelib/coll_cache_lib/freq_recorder.cc:347] bulk append 54883005
[2023-04-15 03:44:18.497627: E /samgraph/3rdparty/collcachelib/coll_cache_lib/freq_recorder.cc:337] bulk append 4178435 into 305936822
[2023-04-15 03:44:18.519454: E /samgraph/3rdparty/collcachelib/coll_cache_lib/freq_recorder.cc:347] bulk append 54772503
[2023-04-15 03:44:18.521146: E /samgraph/3rdparty/collcachelib/coll_cache_lib/freq_recorder.cc:337] bulk append 4178732 into 310115257
[2023-04-15 03:44:18.542617: E /samgraph/3rdparty/collcachelib/coll_cache_lib/freq_recorder.cc:347] bulk append 54767681
[2023-04-15 03:44:18.544302: E /samgraph/3rdparty/collcachelib/coll_cache_lib/freq_recorder.cc:337] bulk append 4177003 into 314293989
[2023-04-15 03:44:18.566102: E /samgraph/3rdparty/collcachelib/coll_cache_lib/freq_recorder.cc:347] bulk append 54797350
[2023-04-15 03:44:18.567785: E /samgraph/3rdparty/collcachelib/coll_cache_lib/freq_recorder.cc:337] bulk append 4178044 into 318470992
[2023-04-15 03:44:18.589596: E /samgraph/3rdparty/collcachelib/coll_cache_lib/freq_recorder.cc:347] bulk append 54820480
[2023-04-15 03:44:18.591274: E /samgraph/3rdparty/collcachelib/coll_cache_lib/freq_recorder.cc:337] bulk append 4178652 into 322649036
[2023-04-15 03:44:18.612722: E /samgraph/3rdparty/collcachelib/coll_cache_lib/freq_recorder.cc:347] bulk append 54814176
[2023-04-15 03:44:18.614412: E /samgraph/3rdparty/collcachelib/coll_cache_lib/freq_recorder.cc:337] bulk append 4178177 into 326827688
[2023-04-15 03:44:18.636245: E /samgraph/3rdparty/collcachelib/coll_cache_lib/freq_recorder.cc:347] bulk append 54831761
[2023-04-15 03:44:18.637933: E /samgraph/3rdparty/collcachelib/coll_cache_lib/freq_recorder.cc:337] bulk append 4180470 into 331005865
[2023-04-15 03:44:18.659562: E /samgraph/3rdparty/collcachelib/coll_cache_lib/freq_recorder.cc:347] bulk append 54939923
[2023-04-15 03:44:18.661252: E /samgraph/3rdparty/collcachelib/coll_cache_lib/freq_recorder.cc:337] bulk append 4176821 into 335186335
[2023-04-15 03:44:18.682658: E /samgraph/3rdparty/collcachelib/coll_cache_lib/freq_recorder.cc:347] bulk append 54910473
[2023-04-15 03:44:18.684335: E /samgraph/3rdparty/collcachelib/coll_cache_lib/freq_recorder.cc:337] bulk append 4175931 into 339363156
[2023-04-15 03:44:18.706108: E /samgraph/3rdparty/collcachelib/coll_cache_lib/freq_recorder.cc:347] bulk append 54886568
[2023-04-15 03:44:18.707806: E /samgraph/3rdparty/collcachelib/coll_cache_lib/freq_recorder.cc:266] freq recorder global combining
[[[2023-04-15 03:44:182023-04-15 03:44:18[2023-04-15 03:44:18[[[..2023-04-15 03:44:18.2023-04-15 03:44:182023-04-15 03:44:182023-04-15 03:44:18707856707861.707865...: : 707861: 707869707855707874EE: E: : :   E EEE/samgraph/3rdparty/collcachelib/coll_cache_lib/run_config.cc/samgraph/3rdparty/collcachelib/coll_cache_lib/run_config.cc /samgraph/3rdparty/collcachelib/coll_cache_lib/run_config.cc   ::/samgraph/3rdparty/collcachelib/coll_cache_lib/run_config.cc:/samgraph/3rdparty/collcachelib/coll_cache_lib/run_config.cc/samgraph/3rdparty/collcachelib/coll_cache_lib/run_config.cc/samgraph/3rdparty/collcachelib/coll_cache_lib/run_config.cc141141:141:::] ] 141] 141141141using concurrent impl MPSPhaseusing concurrent impl MPSPhase] using concurrent impl MPSPhase] ] ] 

using concurrent impl MPSPhase
using concurrent impl MPSPhaseusing concurrent impl MPSPhaseusing concurrent impl MPSPhase
[[

[
2023-04-15 03:44:182023-04-15 03:44:18[2023-04-15 03:44:18[..[2023-04-15 03:44:18[.2023-04-15 03:44:187081317081332023-04-15 03:44:18.2023-04-15 03:44:18708138.: : .708154.: 708159EE708164: 708167E:   : E:  E/samgraph/3rdparty/collcachelib/coll_cache_lib/facade.cc/samgraph/3rdparty/collcachelib/coll_cache_lib/facade.ccE E/samgraph/3rdparty/collcachelib/coll_cache_lib/facade.cc :: /samgraph/3rdparty/collcachelib/coll_cache_lib/facade.cc :/samgraph/3rdparty/collcachelib/coll_cache_lib/facade.cc409409/samgraph/3rdparty/collcachelib/coll_cache_lib/facade.cc:/samgraph/3rdparty/collcachelib/coll_cache_lib/facade.cc409:] ] :409:] 409before scale, dtype is 0, dim is 256before scale, dtype is 0, dim is 256409] 409before scale, dtype is 0, dim is 256] 

] before scale, dtype is 0, dim is 256] 
before scale, dtype is 0, dim is 256[[before scale, dtype is 0, dim is 256
[2023-04-15 03:44:18
before scale, dtype is 0, dim is 256
2023-04-15 03:44:182023-04-15 03:44:18.[
[..[7083642023-04-15 03:44:182023-04-15 03:44:18[7083627083752023-04-15 03:44:18: ..2023-04-15 03:44:18: : .E708388708399.EE708404 : : 708418  : /samgraph/3rdparty/collcachelib/coll_cache_lib/facade.ccEE: /samgraph/3rdparty/collcachelib/coll_cache_lib/facade.cc/samgraph/3rdparty/collcachelib/coll_cache_lib/facade.ccE:  E:: 415/samgraph/3rdparty/collcachelib/coll_cache_lib/facade.cc/samgraph/3rdparty/collcachelib/coll_cache_lib/facade.cc 415415/samgraph/3rdparty/collcachelib/coll_cache_lib/facade.cc] ::/samgraph/3rdparty/collcachelib/coll_cache_lib/facade.cc] ] :after scale, dtype is 7, new dim is 64415415:after scale, dtype is 7, new dim is 64after scale, dtype is 7, new dim is 64415
] ] 415

] after scale, dtype is 7, new dim is 64after scale, dtype is 7, new dim is 64] after scale, dtype is 7, new dim is 64

after scale, dtype is 7, new dim is 64

[2023-04-15 03:44:18.712071: E /samgraph/3rdparty/collcachelib/coll_cache_lib/coll_cache/asymm_link_desc.cc:181] v100x8, slow pcie
[2023-04-15 03:44:18.712105: E /samgraph/3rdparty/collcachelib/coll_cache_lib/coll_cache/asymm_link_desc.cc:[2072023-04-15 03:44:18] .assigning 8 to cpu712116
: E /samgraph/3rdparty/collcachelib/coll_cache_lib/coll_cache/asymm_link_desc.cc:181] v100x8, slow pcie
[2023-04-15 03:44:18.712157[: [2023-04-15 03:44:18E2023-04-15 03:44:18. .712160/samgraph/3rdparty/collcachelib/coll_cache_lib/coll_cache/asymm_link_desc.cc712165: :: E207E ]  /samgraph/3rdparty/collcachelib/coll_cache_lib/coll_cache/asymm_link_desc.ccassigning 8 to cpu/samgraph/3rdparty/collcachelib/coll_cache_lib/coll_cache/asymm_link_desc.cc:
:181224] ] v100x8, slow pciebuild asymm link desc with 8X Tesla V100-SXM2-32GB out of 8
[
[2023-04-15 03:44:182023-04-15 03:44:18..712214[712233[: [2023-04-15 03:44:18: 2023-04-15 03:44:18E2023-04-15 03:44:18.E. .712247 712251/samgraph/3rdparty/collcachelib/coll_cache_lib/coll_cache/asymm_link_desc.cc712259: /samgraph/3rdparty/collcachelib/coll_cache_lib/coll_cache/asymm_link_desc.cc: :: [E:E181E2023-04-15 03:44:18 207 ]  ./samgraph/3rdparty/collcachelib/coll_cache_lib/coll_cache/asymm_link_desc.cc] /samgraph/3rdparty/collcachelib/coll_cache_lib/coll_cache/asymm_link_desc.ccv100x8, slow pcie[/samgraph/3rdparty/collcachelib/coll_cache_lib/coll_cache/asymm_link_desc.cc712307:assigning 8 to cpu:
2023-04-15 03:44:18:: 224
225.181E[] ] 712349]  2023-04-15 03:44:18build asymm link desc with 8X Tesla V100-SXM2-32GB out of 8remote time is 15.5556[: v100x8, slow pcie/samgraph/3rdparty/collcachelib/coll_cache_lib/coll_cache/asymm_link_desc.cc.

2023-04-15 03:44:18E
:712402.[ [[181: 7124282023-04-15 03:44:18/samgraph/3rdparty/collcachelib/coll_cache_lib/coll_cache/asymm_link_desc.cc2023-04-15 03:44:182023-04-15 03:44:18] E: .:..v100x8, slow pcie E712480181712469712473
/samgraph/3rdparty/collcachelib/coll_cache_lib/coll_cache/asymm_link_desc.cc : ] : : :/samgraph/3rdparty/collcachelib/coll_cache_lib/coll_cache/asymm_link_desc.cc[Ev100x8, slow pcieEE207:2023-04-15 03:44:18 
  ] 224./samgraph/3rdparty/collcachelib/coll_cache_lib/coll_cache/asymm_link_desc.cc/samgraph/3rdparty/collcachelib/coll_cache_lib/coll_cache/asymm_link_desc.cc/samgraph/3rdparty/collcachelib/coll_cache_lib/coll_cache/asymm_link_desc.cc[assigning 8 to cpu] 712562:::2023-04-15 03:44:18
build asymm link desc with 8X Tesla V100-SXM2-32GB out of 8: 207226225.
E] ] ] 712618 assigning 8 to cpucpu time is 102.941[remote time is 15.5556: /samgraph/3rdparty/collcachelib/coll_cache_lib/coll_cache/asymm_link_desc.cc
[
2023-04-15 03:44:18
E:2023-04-15 03:44:18. 207[.712688/samgraph/3rdparty/collcachelib/coll_cache_lib/coll_cache/asymm_link_desc.cc] 2023-04-15 03:44:18712696: [:[assigning 8 to cpu.: E2023-04-15 03:44:182072023-04-15 03:44:18
712725E .] .:  /samgraph/3rdparty/collcachelib/coll_cache_lib/coll_cache/asymm_link_desc.cc712745assigning 8 to cpu712745E/samgraph/3rdparty/collcachelib/coll_cache_lib/coll_cache/asymm_link_desc.cc:: [
:  :225E2023-04-15 03:44:18E/samgraph/3rdparty/collcachelib/coll_cache_lib/coll_cache/asymm_link_desc.cc224]  . :] remote time is 15.5556/samgraph/3rdparty/collcachelib/coll_cache_lib/coll_cache/asymm_link_desc.cc712831[/samgraph/3rdparty/collcachelib/coll_cache_lib/facade.cc226build asymm link desc with 8X Tesla V100-SXM2-32GB out of 8
:: 2023-04-15 03:44:18:] 
224[E.425cpu time is 102.941] 2023-04-15 03:44:18 712897] 
build asymm link desc with 8X Tesla V100-SXM2-32GB out of 8[./samgraph/3rdparty/collcachelib/coll_cache_lib/coll_cache/asymm_link_desc.cc: registering cpu data with 16.00 GB
2023-04-15 03:44:18712939:E
.: 224 [712967E[] /samgraph/3rdparty/collcachelib/coll_cache_lib/coll_cache/asymm_link_desc.cc2023-04-15 03:44:18:  2023-04-15 03:44:18build asymm link desc with 8X Tesla V100-SXM2-32GB out of 8:.E/samgraph/3rdparty/collcachelib/coll_cache_lib/coll_cache/asymm_link_desc.cc.
224713009 :[713008] : /samgraph/3rdparty/collcachelib/coll_cache_lib/coll_cache/asymm_link_desc.cc2262023-04-15 03:44:18: build asymm link desc with 8X Tesla V100-SXM2-32GB out of 8E:] .E
 225cpu time is 102.941713073 /samgraph/3rdparty/collcachelib/coll_cache_lib/coll_cache/asymm_link_desc.cc] 
: [/samgraph/3rdparty/collcachelib/coll_cache_lib/facade.cc:remote time is 15.5556E2023-04-15 03:44:18:225
 .425] /samgraph/3rdparty/collcachelib/coll_cache_lib/coll_cache/asymm_link_desc.cc[713121[] remote time is 15.5556:2023-04-15 03:44:18: 2023-04-15 03:44:18registering cpu data with 16.00 GB
225.E.
] 713159[ 713165remote time is 15.5556: 2023-04-15 03:44:18/samgraph/3rdparty/collcachelib/coll_cache_lib/coll_cache/asymm_link_desc.cc: 
E.:E 713211[225 /samgraph/3rdparty/collcachelib/coll_cache_lib/facade.cc: 2023-04-15 03:44:18] /samgraph/3rdparty/collcachelib/coll_cache_lib/coll_cache/asymm_link_desc.cc:E.remote time is 15.5556:425 713258
226] /samgraph/3rdparty/collcachelib/coll_cache_lib/coll_cache/asymm_link_desc.cc: ] [registering cpu data with 16.00 GB:Ecpu time is 102.9412023-04-15 03:44:18
226 
.] /samgraph/3rdparty/collcachelib/coll_cache_lib/coll_cache/asymm_link_desc.cc713333cpu time is 102.941:: 
226E]  cpu time is 102.941[/samgraph/3rdparty/collcachelib/coll_cache_lib/coll_cache/asymm_link_desc.cc
2023-04-15 03:44:18:.226713414[] : 2023-04-15 03:44:18cpu time is 102.941E.
 713443[/samgraph/3rdparty/collcachelib/coll_cache_lib/facade.cc: 2023-04-15 03:44:18:E.425 713461] [/samgraph/3rdparty/collcachelib/coll_cache_lib/facade.cc: registering cpu data with 16.00 GB2023-04-15 03:44:18:E
.425 713505] /samgraph/3rdparty/collcachelib/coll_cache_lib/facade.cc: registering cpu data with 16.00 GB:E
425 ] /samgraph/3rdparty/collcachelib/coll_cache_lib/facade.ccregistering cpu data with 16.00 GB:
425] registering cpu data with 16.00 GB
[2023-04-15 03:44:23.336132: E /samgraph/3rdparty/collcachelib/coll_cache_lib/facade.cc:427] registering cpu data done.
[2023-04-15 03:44:23.336291: E /samgraph/3rdparty/collcachelib/coll_cache_lib/facade.cc:427] registering cpu data done.
[2023-04-15 03:44:23.336444: E /samgraph/3rdparty/collcachelib/coll_cache_lib/facade.cc:427] registering cpu data done.
[2023-04-15 03:44:23.336603: E /samgraph/3rdparty/collcachelib/coll_cache_lib/facade.cc:427] registering cpu data done.
[2023-04-15 03:44:23.336792: E /samgraph/3rdparty/collcachelib/coll_cache_lib/facade.cc:427] registering cpu data done.
[2023-04-15 03:44:23.337329: E /samgraph/3rdparty/collcachelib/coll_cache_lib/facade.cc:427] registering cpu data done.
[2023-04-15 03:44:23.341141: E /samgraph/3rdparty/collcachelib/coll_cache_lib/facade.cc:427] registering cpu data done.
[2023-04-15 03:44:39.849739: E /samgraph/3rdparty/collcachelib/coll_cache_lib/freq_recorder.cc:269] freq recorder global combine from 343539087 to 62140111
[2023-04-15 03:44:41.635741: E /samgraph/3rdparty/collcachelib/coll_cache_lib/freq_recorder.cc:286] top 5 freq is 1949,1926,1904,1904,1896
[2023-04-15 03:44:41.635913: E /samgraph/3rdparty/collcachelib/coll_cache_lib/run_config.cc:141] using concurrent impl MPSPhase
[2023-04-15 03:44:41.635954: E /samgraph/3rdparty/collcachelib/coll_cache_lib/facade.cc:409] before scale, dtype is 0, dim is 256
[2023-04-15 03:44:41.635988: E /samgraph/3rdparty/collcachelib/coll_cache_lib/facade.cc:415] after scale, dtype is 7, new dim is 64
[2023-04-15 03:44:41.636645: E /samgraph/3rdparty/collcachelib/coll_cache_lib/coll_cache/asymm_link_desc.cc:181] v100x8, slow pcie
[2023-04-15 03:44:41.636685: E /samgraph/3rdparty/collcachelib/coll_cache_lib/coll_cache/asymm_link_desc.cc:207] assigning 8 to cpu
[2023-04-15 03:44:41.636747: E /samgraph/3rdparty/collcachelib/coll_cache_lib/coll_cache/asymm_link_desc.cc:224] build asymm link desc with 8X Tesla V100-SXM2-32GB out of 8
[2023-04-15 03:44:41.636799: E /samgraph/3rdparty/collcachelib/coll_cache_lib/coll_cache/asymm_link_desc.cc:225] remote time is 15.5556
[2023-04-15 03:44:41.636835: E /samgraph/3rdparty/collcachelib/coll_cache_lib/coll_cache/asymm_link_desc.cc:226] cpu time is 102.941
[2023-04-15 03:44:41.636926: E /samgraph/3rdparty/collcachelib/coll_cache_lib/facade.cc:425] registering cpu data with 16.00 GB
[2023-04-15 03:44:42.557277: E /samgraph/3rdparty/collcachelib/coll_cache_lib/facade.cc:427] registering cpu data done.
[2023-04-15 03:44:42.557364: E /samgraph/3rdparty/collcachelib/coll_cache_lib/facade.cc:174] creating solver
[2023-04-15 03:44:42.557400: E /samgraph/3rdparty/collcachelib/coll_cache_lib/facade.cc:214] solver created. now build & solve
[2023-04-15 03:44:42.583562: E /samgraph/3rdparty/collcachelib/coll_cache_lib/coll_cache/optimal_solver_class.cc:309] reconfigured max freq to be 1949
[2023-04-15 03:44:42.583603: E /samgraph/3rdparty/collcachelib/coll_cache_lib/coll_cache/optimal_solver_class.cc:311] reconfigured num slot to be 11
[2023-04-15 03:44:42.583627: W /samgraph/3rdparty/collcachelib/coll_cache_lib/coll_cache/optimal_solver_class.cc:318] counting slots...
[2023-04-15 03:44:43. 89346: W /samgraph/3rdparty/collcachelib/coll_cache_lib/coll_cache/optimal_solver_class.cc:367] Final num slot is 29
[2023-04-15 03:44:43. 89452: W /samgraph/3rdparty/collcachelib/coll_cache_lib/coll_cache/optimal_solver_class.cc:371] preparing block granularity...
[2023-04-15 03:44:43. 89488: E /samgraph/3rdparty/collcachelib/coll_cache_lib/coll_cache/optimal_solver_class.cc:399] slot 0 has 229560 nodes, max_size set to 28695, #slice=8
[2023-04-15 03:44:43. 89522: E /samgraph/3rdparty/collcachelib/coll_cache_lib/coll_cache/optimal_solver_class.cc:399] slot 1 has 1316344 nodes, max_size set to 52486, #slice=32
[2023-04-15 03:44:43. 89555: E /samgraph/3rdparty/collcachelib/coll_cache_lib/coll_cache/optimal_solver_class.cc:399] slot 2 has 3741126 nodes, max_size set to 52486, #slice=72
[2023-04-15 03:44:43. 89589: E /samgraph/3rdparty/collcachelib/coll_cache_lib/coll_cache/optimal_solver_class.cc:399] slot 3 has 6077077 nodes, max_size set to 52486, #slice=120
[2023-04-15 03:44:43. 89622: E /samgraph/3rdparty/collcachelib/coll_cache_lib/coll_cache/optimal_solver_class.cc:399] slot 4 has 6872274 nodes, max_size set to 52486, #slice=136
[2023-04-15 03:44:43. 89655: E /samgraph/3rdparty/collcachelib/coll_cache_lib/coll_cache/optimal_solver_class.cc:399] slot 5 has 6702169 nodes, max_size set to 52486, #slice=128
[2023-04-15 03:44:43. 89689: E /samgraph/3rdparty/collcachelib/coll_cache_lib/coll_cache/optimal_solver_class.cc:399] slot 6 has 6529213 nodes, max_size set to 6529213, #slice=1
[2023-04-15 03:44:43. 89722: E /samgraph/3rdparty/collcachelib/coll_cache_lib/coll_cache/optimal_solver_class.cc:399] slot 7 has 7353925 nodes, max_size set to 7353925, #slice=1
[2023-04-15 03:44:43. 89758: E /samgraph/3rdparty/collcachelib/coll_cache_lib/coll_cache/optimal_solver_class.cc:399] slot 8 has 8959975 nodes, max_size set to 8959975, #slice=1
[2023-04-15 03:44:43. 89792: E /samgraph/3rdparty/collcachelib/coll_cache_lib/coll_cache/optimal_solver_class.cc:399] slot 9 has 14358448 nodes, max_size set to 14358448, #slice=1
[2023-04-15 03:44:43. 89841: E /samgraph/3rdparty/collcachelib/coll_cache_lib/coll_cache/optimal_solver_class.cc:399] slot 10 has 34687 nodes, max_size set to 34687, #slice=1
[2023-04-15 03:44:43. 89874: E /samgraph/3rdparty/collcachelib/coll_cache_lib/coll_cache/optimal_solver_class.cc:399] slot 11 has 34666 nodes, max_size set to 34666, #slice=1
[2023-04-15 03:44:43. 89907: E /samgraph/3rdparty/collcachelib/coll_cache_lib/coll_cache/optimal_solver_class.cc:399] slot 12 has 34744 nodes, max_size set to 34744, #slice=1
[2023-04-15 03:44:43. 89940: E /samgraph/3rdparty/collcachelib/coll_cache_lib/coll_cache/optimal_solver_class.cc:399] slot 13 has 34779 nodes, max_size set to 34779, #slice=1
[2023-04-15 03:44:43. 89974: E /samgraph/3rdparty/collcachelib/coll_cache_lib/coll_cache/optimal_solver_class.cc:399] slot 14 has 34829 nodes, max_size set to 34829, #slice=1
[2023-04-15 03:44:43. 90007: E /samgraph/3rdparty/collcachelib/coll_cache_lib/coll_cache/optimal_solver_class.cc:399] slot 15 has 34477 nodes, max_size set to 34477, #slice=1
[2023-04-15 03:44:43. 90040: E /samgraph/3rdparty/collcachelib/coll_cache_lib/coll_cache/optimal_solver_class.cc:399] slot 16 has 34711 nodes, max_size set to 34711, #slice=1
[2023-04-15 03:44:43. 90073: E /samgraph/3rdparty/collcachelib/coll_cache_lib/coll_cache/optimal_solver_class.cc:399] slot 17 has 34796 nodes, max_size set to 34796, #slice=1
[2023-04-15 03:44:43. 90106: E /samgraph/3rdparty/collcachelib/coll_cache_lib/coll_cache/optimal_solver_class.cc:399] slot 18 has 34439 nodes, max_size set to 34439, #slice=1
[2023-04-15 03:44:43. 90139: E /samgraph/3rdparty/collcachelib/coll_cache_lib/coll_cache/optimal_solver_class.cc:399] slot 19 has 34925 nodes, max_size set to 34925, #slice=1
[2023-04-15 03:44:43. 90172: E /samgraph/3rdparty/collcachelib/coll_cache_lib/coll_cache/optimal_solver_class.cc:399] slot 20 has 347339 nodes, max_size set to 347339, #slice=1
[2023-04-15 03:44:43. 90206: E /samgraph/3rdparty/collcachelib/coll_cache_lib/coll_cache/optimal_solver_class.cc:399] slot 21 has 346932 nodes, max_size set to 346932, #slice=1
[2023-04-15 03:44:43. 90239: E /samgraph/3rdparty/collcachelib/coll_cache_lib/coll_cache/optimal_solver_class.cc:399] slot 22 has 347350 nodes, max_size set to 347350, #slice=1
[2023-04-15 03:44:43. 90272: E /samgraph/3rdparty/collcachelib/coll_cache_lib/coll_cache/optimal_solver_class.cc:399] slot 23 has 347326 nodes, max_size set to 347326, #slice=1
[2023-04-15 03:44:43. 90305: E /samgraph/3rdparty/collcachelib/coll_cache_lib/coll_cache/optimal_solver_class.cc:399] slot 24 has 346102 nodes, max_size set to 346102, #slice=1
[2023-04-15 03:44:43. 90338: E /samgraph/3rdparty/collcachelib/coll_cache_lib/coll_cache/optimal_solver_class.cc:399] slot 25 has 346003 nodes, max_size set to 346003, #slice=1
[2023-04-15 03:44:43. 90372: E /samgraph/3rdparty/collcachelib/coll_cache_lib/coll_cache/optimal_solver_class.cc:399] slot 26 has 346361 nodes, max_size set to 346361, #slice=1
[2023-04-15 03:44:43. 90405: E /samgraph/3rdparty/collcachelib/coll_cache_lib/coll_cache/optimal_solver_class.cc:399] slot 27 has 346317 nodes, max_size set to 346317, #slice=1
[2023-04-15 03:44:43. 90438: E /samgraph/3rdparty/collcachelib/coll_cache_lib/coll_cache/optimal_solver_class.cc:399] slot 28 has 347472 nodes, max_size set to 347472, #slice=1
[2023-04-15 03:44:43. 90471: W /samgraph/3rdparty/collcachelib/coll_cache_lib/coll_cache/optimal_solver_class.cc:405] counting blocks...
[2023-04-15 03:44:43.177218: W /samgraph/3rdparty/collcachelib/coll_cache_lib/coll_cache/optimal_solver_class.cc:425] Final num block is 519
[2023-04-15 03:44:43.177290: W /samgraph/3rdparty/collcachelib/coll_cache_lib/coll_cache/optimal_solver_class.cc:430] counting freq and density...
[2023-04-15 03:44:43.183282: W /samgraph/3rdparty/collcachelib/coll_cache_lib/coll_cache/optimal_solver_class.cc:479] averaging freq and density...
[2023-04-15 03:44:43.183344: W /samgraph/3rdparty/collcachelib/coll_cache_lib/coll_cache/optimal_solver_class.cc:480] 519
[2023-04-15 03:44:43.194043: E /samgraph/3rdparty/collcachelib/coll_cache_lib/facade.cc:218] solver built. now solve
[2023-04-15 03:44:43.194091: W /samgraph/3rdparty/collcachelib/coll_cache_lib/coll_cache/optimal_solver_class.cc:893] constructing optimal solver, device=8, stream=1
519 blocks, 8 devices
[2023-04-15 03:44:43.410471: W /samgraph/3rdparty/collcachelib/coll_cache_lib/coll_cache/optimal_solver_class.cc:1078] Add Var...
[2023-04-15 03:44:43.424474: W /samgraph/3rdparty/collcachelib/coll_cache_lib/coll_cache/optimal_solver_class.cc:1096] Capacity...
[2023-04-15 03:44:43.425266: W /samgraph/3rdparty/collcachelib/coll_cache_lib/coll_cache/optimal_solver_class.cc:1099] Connect CPU...
[2023-04-15 03:44:43.435605: W /samgraph/3rdparty/collcachelib/coll_cache_lib/coll_cache/optimal_solver_class.cc:1101] Connect Access To Storage...
[2023-04-15 03:44:43.692263: W /samgraph/3rdparty/collcachelib/coll_cache_lib/coll_cache/optimal_solver_class.cc:1105] Time...
[2023-04-15 03:44:43.693406: E /samgraph/3rdparty/collcachelib/coll_cache_lib/coll_cache/optimal_solver_class.cc:1067] dst 0, total sm is 80
[2023-04-15 03:44:43.694802: E /samgraph/3rdparty/collcachelib/coll_cache_lib/coll_cache/optimal_solver_class.cc:1067] dst 1, total sm is 80
[2023-04-15 03:44:43.696191: E /samgraph/3rdparty/collcachelib/coll_cache_lib/coll_cache/optimal_solver_class.cc:1067] dst 2, total sm is 80
[2023-04-15 03:44:43.697558: E /samgraph/3rdparty/collcachelib/coll_cache_lib/coll_cache/optimal_solver_class.cc:1067] dst 3, total sm is 80
[2023-04-15 03:44:43.698950: E /samgraph/3rdparty/collcachelib/coll_cache_lib/coll_cache/optimal_solver_class.cc:1067] dst 4, total sm is 80
[2023-04-15 03:44:43.700327: E /samgraph/3rdparty/collcachelib/coll_cache_lib/coll_cache/optimal_solver_class.cc:1067] dst 5, total sm is 80
[2023-04-15 03:44:43.701718: E /samgraph/3rdparty/collcachelib/coll_cache_lib/coll_cache/optimal_solver_class.cc:1067] dst 6, total sm is 80
[2023-04-15 03:44:43.703112: E /samgraph/3rdparty/collcachelib/coll_cache_lib/coll_cache/optimal_solver_class.cc:1067] dst 7, total sm is 80
[2023-04-15 03:45:01.758602: W /samgraph/3rdparty/collcachelib/coll_cache_lib/coll_cache/optimal_solver_class.cc:1124] Coll Cache init block placement array
[2023-04-15 03:45:01.762553: W /samgraph/3rdparty/collcachelib/coll_cache_lib/coll_cache/optimal_solver_class.cc:1200] Coll Cache init block placement array done
[2023-04-15 03:45:01.764316: W /samgraph/3rdparty/collcachelib/coll_cache_lib/coll_cache/optimal_solver_class.cc:1202] Coll Cache model reset done
[2023-04-15 03:45:01.785505: E /samgraph/3rdparty/collcachelib/coll_cache_lib/facade.cc:222] solver solved
[2023-04-15 03:45:01.785572: E /samgraph/3rdparty/collcachelib/coll_cache_lib/facade.cc:437] 0 solved master
[2023-04-15 03:45:01.785602: E /samgraph/3rdparty/collcachelib/coll_cache_lib/facade.cc:444] 0 solved
[2023-04-15 03:45:01.785631: E /samgraph/3rdparty/collcachelib/coll_cache_lib/facade.cc:447] worker 0 thread 0 initing device 0
[2023-04-15 03:45:01.786260: E /samgraph/3rdparty/collcachelib/coll_cache_lib/cache_context.cu:2320] Building Coll Cache with ... num gpu device is 8
[2023-04-15 03:45:01.786410: E /samgraph/3rdparty/collcachelib/coll_cache_lib/cuda/cache_hashtable.cuh:611] per src size local is 2882053
[2023-04-15 03:45:01.796079: E /samgraph/3rdparty/collcachelib/coll_cache_lib/facade.cc:444] 7 solved
[2023-04-15 03:45:01.796133: E /samgraph/3rdparty/collcachelib/coll_cache_lib/facade.cc:447] worker 0 thread 7 initing device 7
[2023-04-15 03:45:01.796364: E /samgraph/3rdparty/collcachelib/coll_cache_lib/facade.cc:444] 6 solved
[2023-04-15 03:45:01.796434: E /samgraph/3rdparty/collcachelib/coll_cache_lib/facade.cc:447] worker 0 thread 6 initing device 6
[2023-04-15 03:45:01.796478: E /samgraph/3rdparty/collcachelib/coll_cache_lib/cache_context.cu:2320] Building Coll Cache with ... num gpu device is 8
[2023-04-15 03:45:01.796793: E /samgraph/3rdparty/collcachelib/coll_cache_lib/cache_context.cu:2320] Building Coll Cache with ... num gpu device is 8
[2023-04-15 03:45:01.829133: E /samgraph/3rdparty/collcachelib/coll_cache_lib/facade.cc:444] 2 solved
[2023-04-15 03:45:01.829215: E /samgraph/3rdparty/collcachelib/coll_cache_lib/facade.cc:447] worker 0 thread 2 initing device 2
[2023-04-15 03:45:01.829583: E /samgraph/3rdparty/collcachelib/coll_cache_lib/cache_context.cu:2320] Building Coll Cache with ... num gpu device is 8
[2023-04-15 03:45:01.833256: E /samgraph/3rdparty/collcachelib/coll_cache_lib/facade.cc:444] 3 solved
[2023-04-15 03:45:01.833329: E /samgraph/3rdparty/collcachelib/coll_cache_lib/facade.cc:447] worker 0 thread 3 initing device 3
[2023-04-15 03:45:01.833681: E /samgraph/3rdparty/collcachelib/coll_cache_lib/cache_context.cu:2320] Building Coll Cache with ... num gpu device is 8
[2023-04-15 03:45:01.835396: E /samgraph/3rdparty/collcachelib/coll_cache_lib/facade.cc:444] 4 solved
[2023-04-15 03:45:01.835459: E /samgraph/3rdparty/collcachelib/coll_cache_lib/facade.cc:447] worker 0 thread 4 initing device 4
[2023-04-15 03:45:01.835809: E /samgraph/3rdparty/collcachelib/coll_cache_lib/cache_context.cu:2320] Building Coll Cache with ... num gpu device is 8
[2023-04-15 03:45:01.839273: E /samgraph/3rdparty/collcachelib/coll_cache_lib/facade.cc:444] 5 solved
[2023-04-15 03:45:01.839331: E /samgraph/3rdparty/collcachelib/coll_cache_lib/facade.cc:447] worker 0 thread 5 initing device 5
[2023-04-15 03:45:01.839671: E /samgraph/3rdparty/collcachelib/coll_cache_lib/cache_context.cu:2320] Building Coll Cache with ... num gpu device is 8
[2023-04-15 03:45:01.841200: E /samgraph/3rdparty/collcachelib/coll_cache_lib/facade.cc:444] 1 solved
[2023-04-15 03:45:01.841275: E /samgraph/3rdparty/collcachelib/coll_cache_lib/facade.cc:447] worker 0 thread 1 initing device 1
[2023-04-15 03:45:01.841632: E /samgraph/3rdparty/collcachelib/coll_cache_lib/cache_context.cu:2320] Building Coll Cache with ... num gpu device is 8
[2023-04-15 03:45:01.891188: E /samgraph/3rdparty/collcachelib/coll_cache_lib/cache_context.cu:2362] num cpu nodes is 55226056
[2023-04-15 03:45:01.901134: E /samgraph/3rdparty/collcachelib/coll_cache_lib/cache_context.cu:2362] num cpu nodes is 55226056
[2023-04-15 03:45:01.904784: E /samgraph/3rdparty/collcachelib/coll_cache_lib/cache_context.cu:2362] num cpu nodes is 55226056
[2023-04-15 03:45:01.922194: E /samgraph/3rdparty/collcachelib/coll_cache_lib/cache_context.cu:2362] num cpu nodes is 55226056
[2023-04-15 03:45:01.932498: E /samgraph/3rdparty/collcachelib/coll_cache_lib/cache_context.cu:2362] num cpu nodes is 55226056
[2023-04-15 03:45:01.935088: E /samgraph/3rdparty/collcachelib/coll_cache_lib/cache_context.cu:2362] num cpu nodes is 55226056
[2023-04-15 03:45:01.939855: E /samgraph/3rdparty/collcachelib/coll_cache_lib/cache_context.cu:2362] num cpu nodes is 55226056
[2023-04-15 03:45:01.948544: E /samgraph/3rdparty/collcachelib/coll_cache_lib/cache_context.cu:2362] num cpu nodes is 55226056
[2023-04-15 03:45:02.293960: E /samgraph/3rdparty/collcachelib/coll_cache_lib/cuda/cache_hashtable.cu:355] create a hashtable with 10382310 possible elem, scale to 33554432
[2023-04-15 03:45:02.294034: E /samgraph/3rdparty/collcachelib/coll_cache_lib/cuda/cache_hashtable.cu:360] SimpleHashTable allocating 256.00 MB
[2023-04-15 03:45:02.331527: E /samgraph/3rdparty/collcachelib/coll_cache_lib/cuda/cache_hashtable.cu:355] create a hashtable with 10382310 possible elem, scale to 33554432
[2023-04-15 03:45:02.331588: E /samgraph/3rdparty/collcachelib/coll_cache_lib/cuda/cache_hashtable.cu:360] SimpleHashTable allocating 256.00 MB
[2023-04-15 03:45:02.339122: E /samgraph/3rdparty/collcachelib/coll_cache_lib/cuda/cache_hashtable.cu:355] create a hashtable with 10382310 possible elem, scale to 33554432
[2023-04-15 03:45:02.339207: E /samgraph/3rdparty/collcachelib/coll_cache_lib/cuda/cache_hashtable.cu:360] SimpleHashTable allocating 256.00 MB
[2023-04-15 03:45:02.340213: E /samgraph/3rdparty/collcachelib/coll_cache_lib/cuda/cache_hashtable.cu:355] create a hashtable with 10382310 possible elem, scale to 33554432
[2023-04-15 03:45:02.340288: E /samgraph/3rdparty/collcachelib/coll_cache_lib/cuda/cache_hashtable.cu:360] SimpleHashTable allocating 256.00 MB
[2023-04-15 03:45:02.340997: E /samgraph/3rdparty/collcachelib/coll_cache_lib/cuda/cache_hashtable.cu:355] create a hashtable with 10382310 possible elem, scale to 33554432
[2023-04-15 03:45:02.341058: E /samgraph/3rdparty/collcachelib/coll_cache_lib/cuda/cache_hashtable.cu:360] SimpleHashTable allocating 256.00 MB
[2023-04-15 03:45:02.366036: E /samgraph/3rdparty/collcachelib/coll_cache_lib/cuda/cache_hashtable.cu:355] create a hashtable with 10382310 possible elem, scale to 33554432
[2023-04-15 03:45:02.366109: E /samgraph/3rdparty/collcachelib/coll_cache_lib/cuda/cache_hashtable.cu:360] SimpleHashTable allocating 256.00 MB
[2023-04-15 03:45:02.371116: E /samgraph/3rdparty/collcachelib/coll_cache_lib/cuda/cache_hashtable.cu:355] create a hashtable with 10382310 possible elem, scale to 33554432
[2023-04-15 03:45:02.371174: E /samgraph/3rdparty/collcachelib/coll_cache_lib/cuda/cache_hashtable.cu:360] SimpleHashTable allocating 256.00 MB
[2023-04-15 03:45:02.372916: E /samgraph/3rdparty/collcachelib/coll_cache_lib/cuda/cache_hashtable.cu:355] create a hashtable with 10382310 possible elem, scale to 33554432
[2023-04-15 03:45:02.372975: E /samgraph/3rdparty/collcachelib/coll_cache_lib/cuda/cache_hashtable.cu:360] SimpleHashTable allocating 256.00 MB
[2023-04-15 03:45:02.456923: E /samgraph/3rdparty/collcachelib/coll_cache_lib/common.cc:107] too many mem allocated for forcescale?2689943->93472
[2023-04-15 03:45:02.458726: E /samgraph/3rdparty/collcachelib/coll_cache_lib/cache_context.cu:2439] Asymm Coll cache (policy: coll_cache_asymm_link) | local 2596471 / 65608366 nodes ( 3.96 %~4.00 %) | remote 7785839 / 65608366 nodes ( 11.87 %) | cpu 55226056 / 65608366 nodes ( 84.18 %) | 2.57 GB | 0.619024 secs 
[2023-04-15 03:45:02.461291: E /samgraph/3rdparty/collcachelib/coll_cache_lib/common.cc:107] too many mem allocated for forcescale?2689943->80365
[2023-04-15 03:45:02.464580: E /samgraph/3rdparty/collcachelib/coll_cache_lib/common.cc:107] too many mem allocated for forcescale?2689943->69984
[2023-04-15 03:45:02.465213: E /samgraph/3rdparty/collcachelib/coll_cache_lib/common.cc:107] too many mem allocated for forcescale?2689943->73317
[2023-04-15 03:45:02.466608: E /samgraph/3rdparty/collcachelib/coll_cache_lib/cache_context.cu:2439] Asymm Coll cache (policy: coll_cache_asymm_link) | local 2609578 / 65608366 nodes ( 3.98 %~4.00 %) | remote 7772732 / 65608366 nodes ( 11.85 %) | cpu 55226056 / 65608366 nodes ( 84.18 %) | 2.57 GB | 0.636992 secs 
[2023-04-15 03:45:02.466876: E /samgraph/3rdparty/collcachelib/coll_cache_lib/common.cc:107] too many mem allocated for forcescale?2689943->68463
[2023-04-15 03:45:02.467256: E /samgraph/3rdparty/collcachelib/coll_cache_lib/common.cc:107] too many mem allocated for forcescale?2689943->86522
[2023-04-15 03:45:02.467531: E /samgraph/3rdparty/collcachelib/coll_cache_lib/common.cc:107] too many mem allocated for forcescale?2689943->113676
[2023-04-15 03:45:02.468482: E /samgraph/3rdparty/collcachelib/coll_cache_lib/common.cc:107] too many mem allocated for forcescale?2689943->89901
[2023-04-15 03:45:02.483111: E /samgraph/3rdparty/collcachelib/coll_cache_lib/cache_context.cu:2439] Asymm Coll cache (policy: coll_cache_asymm_link) | local 2619959 / 65608366 nodes ( 3.99 %~4.00 %) | remote 7762351 / 65608366 nodes ( 11.83 %) | cpu 55226056 / 65608366 nodes ( 84.18 %) | 2.57 GB | 0.696816 secs 
[2023-04-15 03:45:02.490929: E /samgraph/3rdparty/collcachelib/coll_cache_lib/cache_context.cu:2439] Asymm Coll cache (policy: coll_cache_asymm_link) | local 2616626 / 65608366 nodes ( 3.99 %~4.00 %) | remote 7765684 / 65608366 nodes ( 11.84 %) | cpu 55226056 / 65608366 nodes ( 84.18 %) | 2.57 GB | 0.65509 secs 
[2023-04-15 03:45:02.493315: E /samgraph/3rdparty/collcachelib/coll_cache_lib/cache_context.cu:2439] Asymm Coll cache (policy: coll_cache_asymm_link) | local 2621480 / 65608366 nodes ( 4.00 %~4.00 %) | remote 7760830 / 65608366 nodes ( 11.83 %) | cpu 55226056 / 65608366 nodes ( 84.18 %) | 2.57 GB | 0.696471 secs 
[2023-04-15 03:45:02.495614: E /samgraph/3rdparty/collcachelib/coll_cache_lib/cache_context.cu:2439] Asymm Coll cache (policy: coll_cache_asymm_link) | local 2603421 / 65608366 nodes ( 3.97 %~4.00 %) | remote 7778889 / 65608366 nodes ( 11.86 %) | cpu 55226056 / 65608366 nodes ( 84.18 %) | 2.57 GB | 0.6619 secs 
[2023-04-15 03:45:02.[5000902023-04-15 03:45:02: .E500097 : /samgraph/3rdparty/collcachelib/coll_cache_lib/cache_context.cuE: 2439/samgraph/3rdparty/collcachelib/coll_cache_lib/cache_context.cu] :Asymm Coll cache (policy: coll_cache_asymm_link) | local 2576267 / 65608366 nodes ( 3.93 %~4.00 %) | remote 7806043 / 65608366 nodes ( 11.90 %) | cpu 55226056 / 65608366 nodes ( 84.18 %) | 2.57 GB | 0.703575 secs 2439
] Asymm Coll cache (policy: coll_cache_asymm_link) | local 2600042 / 65608366 nodes ( 3.96 %~4.00 %) | remote 7782268 / 65608366 nodes ( 11.86 %) | cpu 55226056 / 65608366 nodes ( 84.18 %) | 2.57 GB | 0.658433 secs 
[2023-04-15 03:45:02.501149: W /samgraph/3rdparty/collcachelib/coll_cache_lib/cache_context.cu:3958] before create ctx, mem is 8.17 GB
[2023-04-15 03:45:02.501492: W /samgraph/3rdparty/collcachelib/coll_cache_lib/cache_context.cu:3958] before create ctx, mem is 8.17 GB
[2023-04-15 03:45:02.501750: W /samgraph/3rdparty/collcachelib/coll_cache_lib/cache_context.cu:3958] before create ctx, mem is 8.17 GB
[2023-04-15 03:45:02.501931: W /samgraph/3rdparty/collcachelib/coll_cache_lib/cache_context.cu:3958] before create ctx, mem is 8.17 GB
[2023-04-15 03:45:02.502098: W /samgraph/3rdparty/collcachelib/coll_cache_lib/cache_context.cu:3958] before create ctx, mem is 8.17 GB
[2023-04-15 03:45:10.837264: W /samgraph/3rdparty/collcachelib/coll_cache_lib/cache_context.cu:3958] after create ctx, mem is 10.05 GB
[2023-04-15 03:45:10.837396: W /samgraph/3rdparty/collcachelib/coll_cache_lib/cache_context.cu:3958] after create stream, mem is 10.05 GB
[2023-04-15 03:45:10.987651: W /samgraph/3rdparty/collcachelib/coll_cache_lib/cache_context.cu:3958] after create ctx, mem is 10.11 GB
[2023-04-15 03:45:10.988083: W /samgraph/3rdparty/collcachelib/coll_cache_lib/cache_context.cu:3958] after create stream, mem is 10.11 GB
[2023-04-15 03:45:11.213456: W /samgraph/3rdparty/collcachelib/coll_cache_lib/cache_context.cu:3958] after create ctx, mem is 10.17 GB
[2023-04-15 03:45:11.213572: W /samgraph/3rdparty/collcachelib/coll_cache_lib/cache_context.cu:3958] after create stream, mem is 10.17 GB
[2023-04-15 03:45:11.475579: W /samgraph/3rdparty/collcachelib/coll_cache_lib/cache_context.cu:3958] after create ctx, mem is 10.24 GB
[2023-04-15 03:45:11.475848: W /samgraph/3rdparty/collcachelib/coll_cache_lib/cache_context.cu:3958] after create stream, mem is 10.24 GB
[2023-04-15 03:45:11.495069: W /samgraph/3rdparty/collcachelib/coll_cache_lib/cache_context.cu:3958] after create ctx, mem is 10.24 GB
[2023-04-15 03:45:11.495165: W /samgraph/3rdparty/collcachelib/coll_cache_lib/cache_context.cu:3958] after create stream, mem is 10.24 GB
/usr/local/lib/python3.8/dist-packages/torch/nn/parallel/scatter_gather.py:9: UserWarning: is_namedtuple is deprecated, please use the python checks instead
  warnings.warn("is_namedtuple is deprecated, please use the python checks instead")
/usr/local/lib/python3.8/dist-packages/torch/nn/parallel/scatter_gather.py:9: UserWarning: is_namedtuple is deprecated, please use the python checks instead
  warnings.warn("is_namedtuple is deprecated, please use the python checks instead")
/usr/local/lib/python3.8/dist-packages/torch/nn/parallel/scatter_gather.py:9: UserWarning: is_namedtuple is deprecated, please use the python checks instead
  warnings.warn("is_namedtuple is deprecated, please use the python checks instead")
/usr/local/lib/python3.8/dist-packages/torch/nn/parallel/scatter_gather.py:9: UserWarning: is_namedtuple is deprecated, please use the python checks instead
  warnings.warn("is_namedtuple is deprecated, please use the python checks instead")
/usr/local/lib/python3.8/dist-packages/torch/nn/parallel/scatter_gather.py:9: UserWarning: is_namedtuple is deprecated, please use the python checks instead
  warnings.warn("is_namedtuple is deprecated, please use the python checks instead")
/usr/local/lib/python3.8/dist-packages/torch/nn/parallel/scatter_gather.py:9: UserWarning: is_namedtuple is deprecated, please use the python checks instead
  warnings.warn("is_namedtuple is deprecated, please use the python checks instead")
/usr/local/lib/python3.8/dist-packages/torch/nn/parallel/scatter_gather.py:9: UserWarning: is_namedtuple is deprecated, please use the python checks instead
  warnings.warn("is_namedtuple is deprecated, please use the python checks instead")
/usr/local/lib/python3.8/dist-packages/torch/nn/parallel/scatter_gather.py:9: UserWarning: is_namedtuple is deprecated, please use the python checks instead
  warnings.warn("is_namedtuple is deprecated, please use the python checks instead")
