/usr/lib/python3/dist-packages/requests/__init__.py:89: RequestsDependencyWarning: urllib3 (1.26.12) or chardet (3.0.4) doesn't match a supported version!
  warnings.warn("urllib3 ({}) or chardet ({}) doesn't match a supported "
[W socket.cpp:601] [c10d] The client socket has failed to connect to [localhost]:12335 (errno: 99 - Cannot assign requested address).
Rank=3 done reading 27764987 embedding vectors from file /nvme/songxiaoniu/graph-learning/wholegraph/ogbn_papers100M/converted/homograph_csr_row_ptr
Rank=2 done reading 27764990 embedding vectors from file /nvme/songxiaoniu/graph-learning/wholegraph/ogbn_papers100M/converted/homograph_csr_row_ptr
Rank=3 done reading 27764987 embedding vectors from file /nvme/songxiaoniu/graph-learning/wholegraph/ogbn_papers100M/converted/homograph_csr_row_ptr
Rank=2 done reading 27764990 embedding vectors from file /nvme/songxiaoniu/graph-learning/wholegraph/ogbn_papers100M/converted/homograph_csr_row_ptr
Rank=0 done reading 27764990 embedding vectors from file /nvme/songxiaoniu/graph-learning/wholegraph/ogbn_papers100M/converted/homograph_csr_row_ptr
Rank=1 done reading 27764990 embedding vectors from file /nvme/songxiaoniu/graph-learning/wholegraph/ogbn_papers100M/converted/homograph_csr_row_ptr
Rank=1 done reading 27764990 embedding vectors from file /nvme/songxiaoniu/graph-learning/wholegraph/ogbn_papers100M/converted/homograph_csr_row_ptr
Rank=0 done reading 27764990 embedding vectors from file /nvme/songxiaoniu/graph-learning/wholegraph/ogbn_papers100M/converted/homograph_csr_row_ptr
Rank=3 done reading 807031178 embedding vectors from file /nvme/songxiaoniu/graph-learning/wholegraph/ogbn_papers100M/converted/homograph_csr_col_idx
Rank=2 done reading 807031178 embedding vectors from file /nvme/songxiaoniu/graph-learning/wholegraph/ogbn_papers100M/converted/homograph_csr_col_idx
Rank=3 done reading 807031178 embedding vectors from file /nvme/songxiaoniu/graph-learning/wholegraph/ogbn_papers100M/converted/homograph_csr_col_idx
Rank=2 done reading 807031178 embedding vectors from file /nvme/songxiaoniu/graph-learning/wholegraph/ogbn_papers100M/converted/homograph_csr_col_idx
Rank=0 done reading 807031178 embedding vectors from file /nvme/songxiaoniu/graph-learning/wholegraph/ogbn_papers100M/converted/homograph_csr_col_idx
Rank=1 done reading 807031178 embedding vectors from file /nvme/songxiaoniu/graph-learning/wholegraph/ogbn_papers100M/converted/homograph_csr_col_idx
Rank=1 done reading 807031178 embedding vectors from file /nvme/songxiaoniu/graph-learning/wholegraph/ogbn_papers100M/converted/homograph_csr_col_idx
Rank=0 done reading 807031178 embedding vectors from file /nvme/songxiaoniu/graph-learning/wholegraph/ogbn_papers100M/converted/homograph_csr_col_idx
[2023-04-14 20:52:41.577229: E /samgraph/3rdparty/collcachelib/coll_cache_lib/freq_recorder.cc:337] bulk append 7709184 into 0
[2023-04-14 20:52:41.620935: E /samgraph/3rdparty/collcachelib/coll_cache_lib/freq_recorder.cc:347] bulk append 54717989
[2023-04-14 20:52:41.624456: E /samgraph/3rdparty/collcachelib/coll_cache_lib/freq_recorder.cc:337] bulk append 7711264 into 7709184
[2023-04-14 20:52:41.665451: E /samgraph/3rdparty/collcachelib/coll_cache_lib/freq_recorder.cc:347] bulk append 54757676
[2023-04-14 20:52:41.668950: E /samgraph/3rdparty/collcachelib/coll_cache_lib/freq_recorder.cc:337] bulk append 7705784 into 15420448
[2023-04-14 20:52:41.709997: E /samgraph/3rdparty/collcachelib/coll_cache_lib/freq_recorder.cc:347] bulk append 54729847
[2023-04-14 20:52:41.713565: E /samgraph/3rdparty/collcachelib/coll_cache_lib/freq_recorder.cc:337] bulk append 7708267 into 23126232
[2023-04-14 20:52:41.755596: E /samgraph/3rdparty/collcachelib/coll_cache_lib/freq_recorder.cc:347] bulk append 54737283
[2023-04-14 20:52:41.759040: E /samgraph/3rdparty/collcachelib/coll_cache_lib/freq_recorder.cc:337] bulk append 7708912 into 30834499
[2023-04-14 20:52:41.800873: E /samgraph/3rdparty/collcachelib/coll_cache_lib/freq_recorder.cc:347] bulk append 54710854
[2023-04-14 20:52:41.804375: E /samgraph/3rdparty/collcachelib/coll_cache_lib/freq_recorder.cc:337] bulk append 7711667 into 38543411
[2023-04-14 20:52:41.846096: E /samgraph/3rdparty/collcachelib/coll_cache_lib/freq_recorder.cc:347] bulk append 54768552
[2023-04-14 20:52:41.849636: E /samgraph/3rdparty/collcachelib/coll_cache_lib/freq_recorder.cc:337] bulk append 7705805 into 46255078
[2023-04-14 20:52:41.891349: E /samgraph/3rdparty/collcachelib/coll_cache_lib/freq_recorder.cc:347] bulk append 54739747
[2023-04-14 20:52:41.894787: E /samgraph/3rdparty/collcachelib/coll_cache_lib/freq_recorder.cc:337] bulk append 7710149 into 53960883
[2023-04-14 20:52:41.936392: E /samgraph/3rdparty/collcachelib/coll_cache_lib/freq_recorder.cc:347] bulk append 54754543
[2023-04-14 20:52:41.939861: E /samgraph/3rdparty/collcachelib/coll_cache_lib/freq_recorder.cc:337] bulk append 7705885 into 61671032
[2023-04-14 20:52:41.981550: E /samgraph/3rdparty/collcachelib/coll_cache_lib/freq_recorder.cc:347] bulk append 54676538
[2023-04-14 20:52:41.985051: E /samgraph/3rdparty/collcachelib/coll_cache_lib/freq_recorder.cc:337] bulk append 7710345 into 69376917
[2023-04-14 20:52:42. 26040: E /samgraph/3rdparty/collcachelib/coll_cache_lib/freq_recorder.cc:347] bulk append 54723798
[2023-04-14 20:52:42.896546: E /samgraph/3rdparty/collcachelib/coll_cache_lib/freq_recorder.cc:337] bulk append 7438752 into 77087262
[2023-04-14 20:52:42.935970: E /samgraph/3rdparty/collcachelib/coll_cache_lib/freq_recorder.cc:347] bulk append 57350841
[2023-04-14 20:52:42.939300: E /samgraph/3rdparty/collcachelib/coll_cache_lib/freq_recorder.cc:337] bulk append 7441772 into 84526014
[2023-04-14 20:52:42.978583: E /samgraph/3rdparty/collcachelib/coll_cache_lib/freq_recorder.cc:347] bulk append 57435824
[2023-04-14 20:52:42.981879: E /samgraph/3rdparty/collcachelib/coll_cache_lib/freq_recorder.cc:337] bulk append 7437963 into 91967786
[2023-04-14 20:52:43. 22248: E /samgraph/3rdparty/collcachelib/coll_cache_lib/freq_recorder.cc:347] bulk append 57407926
[2023-04-14 20:52:43. 25554: E /samgraph/3rdparty/collcachelib/coll_cache_lib/freq_recorder.cc:337] bulk append 7440942 into 99405749
[2023-04-14 20:52:43. 65877: E /samgraph/3rdparty/collcachelib/coll_cache_lib/freq_recorder.cc:347] bulk append 57399420
[2023-04-14 20:52:43. 69200: E /samgraph/3rdparty/collcachelib/coll_cache_lib/freq_recorder.cc:337] bulk append 7439315 into 106846691
[2023-04-14 20:52:43.108491: E /samgraph/3rdparty/collcachelib/coll_cache_lib/freq_recorder.cc:347] bulk append 57373951
[2023-04-14 20:52:43.111794: E /samgraph/3rdparty/collcachelib/coll_cache_lib/freq_recorder.cc:337] bulk append 7443835 into 114286006
[2023-04-14 20:52:43.152053: E /samgraph/3rdparty/collcachelib/coll_cache_lib/freq_recorder.cc:347] bulk append 57427958
[2023-04-14 20:52:43.155373: E /samgraph/3rdparty/collcachelib/coll_cache_lib/freq_recorder.cc:337] bulk append 7437661 into 121729841
[2023-04-14 20:52:43.194818: E /samgraph/3rdparty/collcachelib/coll_cache_lib/freq_recorder.cc:347] bulk append 57392348
[2023-04-14 20:52:43.198132: E /samgraph/3rdparty/collcachelib/coll_cache_lib/freq_recorder.cc:337] bulk append 7444294 into 129167502
[2023-04-14 20:52:43.238546: E /samgraph/3rdparty/collcachelib/coll_cache_lib/freq_recorder.cc:347] bulk append 57419512
[2023-04-14 20:52:43.241852: E /samgraph/3rdparty/collcachelib/coll_cache_lib/freq_recorder.cc:337] bulk append 7440184 into 136611796
[2023-04-14 20:52:43.281117: E /samgraph/3rdparty/collcachelib/coll_cache_lib/freq_recorder.cc:347] bulk append 57321615
[2023-04-14 20:52:43.284395: E /samgraph/3rdparty/collcachelib/coll_cache_lib/freq_recorder.cc:337] bulk append 7442074 into 144051980
[2023-04-14 20:52:43.323675: E /samgraph/3rdparty/collcachelib/coll_cache_lib/freq_recorder.cc:347] bulk append 57401708
[2023-04-14 20:52:43.327056: E /samgraph/3rdparty/collcachelib/coll_cache_lib/freq_recorder.cc:337] bulk append 7288651 into 151494054
[2023-04-14 20:52:43.365876: E /samgraph/3rdparty/collcachelib/coll_cache_lib/freq_recorder.cc:347] bulk append 57452141
[2023-04-14 20:52:43.369176: E /samgraph/3rdparty/collcachelib/coll_cache_lib/freq_recorder.cc:337] bulk append 7289961 into 158782705
[2023-04-14 20:52:43.408919: E /samgraph/3rdparty/collcachelib/coll_cache_lib/freq_recorder.cc:347] bulk append 57534062
[2023-04-14 20:52:43.412190: E /samgraph/3rdparty/collcachelib/coll_cache_lib/freq_recorder.cc:337] bulk append 7285584 into 166072666
[2023-04-14 20:52:43.450915: E /samgraph/3rdparty/collcachelib/coll_cache_lib/freq_recorder.cc:347] bulk append 57523648
[2023-04-14 20:52:43.454187: E /samgraph/3rdparty/collcachelib/coll_cache_lib/freq_recorder.cc:337] bulk append 7288900 into 173358250
[2023-04-14 20:52:43.493468: E /samgraph/3rdparty/collcachelib/coll_cache_lib/freq_recorder.cc:347] bulk append 57547490
[2023-04-14 20:52:43.496744: E /samgraph/3rdparty/collcachelib/coll_cache_lib/freq_recorder.cc:337] bulk append 7288204 into 180647150
[2023-04-14 20:52:43.535553: E /samgraph/3rdparty/collcachelib/coll_cache_lib/freq_recorder.cc:347] bulk append 57465257
[2023-04-14 20:52:43.538803: E /samgraph/3rdparty/collcachelib/coll_cache_lib/freq_recorder.cc:337] bulk append 7290629 into 187935354
[2023-04-14 20:52:43.578513: E /samgraph/3rdparty/collcachelib/coll_cache_lib/freq_recorder.cc:347] bulk append 57548193
[2023-04-14 20:52:43.581805: E /samgraph/3rdparty/collcachelib/coll_cache_lib/freq_recorder.cc:337] bulk append 7286294 into 195225983
[2023-04-14 20:52:43.621217: E /samgraph/3rdparty/collcachelib/coll_cache_lib/freq_recorder.cc:347] bulk append 57495469
[2023-04-14 20:52:43.624474: E /samgraph/3rdparty/collcachelib/coll_cache_lib/freq_recorder.cc:337] bulk append 7290607 into 202512277
[2023-04-14 20:52:43.664326: E /samgraph/3rdparty/collcachelib/coll_cache_lib/freq_recorder.cc:347] bulk append 57502926
[2023-04-14 20:52:43.667627: E /samgraph/3rdparty/collcachelib/coll_cache_lib/freq_recorder.cc:337] bulk append 7285552 into 209802884
[2023-04-14 20:52:43.707468: E /samgraph/3rdparty/collcachelib/coll_cache_lib/freq_recorder.cc:347] bulk append 57458181
[2023-04-14 20:52:43.710778: E /samgraph/3rdparty/collcachelib/coll_cache_lib/freq_recorder.cc:337] bulk append 7288635 into 217088436
[2023-04-14 20:52:43.750034: E /samgraph/3rdparty/collcachelib/coll_cache_lib/freq_recorder.cc:347] bulk append 57529681
[2023-04-14 20:52:43.753358: E /samgraph/3rdparty/collcachelib/coll_cache_lib/freq_recorder.cc:337] bulk append 7289392 into 224377071
[2023-04-14 20:52:43.792477: E /samgraph/3rdparty/collcachelib/coll_cache_lib/freq_recorder.cc:347] bulk append 57458487
[2023-04-14 20:52:43.795853: E /samgraph/3rdparty/collcachelib/coll_cache_lib/freq_recorder.cc:337] bulk append 7292140 into 231666463
[2023-04-14 20:52:43.835836: E /samgraph/3rdparty/collcachelib/coll_cache_lib/freq_recorder.cc:347] bulk append 57530756
[2023-04-14 20:52:43.839205: E /samgraph/3rdparty/collcachelib/coll_cache_lib/freq_recorder.cc:337] bulk append 7289554 into 238958603
[2023-04-14 20:52:43.882654: E /samgraph/3rdparty/collcachelib/coll_cache_lib/freq_recorder.cc:347] bulk append 57521288
[2023-04-14 20:52:43.886071: E /samgraph/3rdparty/collcachelib/coll_cache_lib/freq_recorder.cc:337] bulk append 7291719 into 246248157
[2023-04-14 20:52:43.929774: E /samgraph/3rdparty/collcachelib/coll_cache_lib/freq_recorder.cc:347] bulk append 57517155
[2023-04-14 20:52:43.933137: E /samgraph/3rdparty/collcachelib/coll_cache_lib/freq_recorder.cc:337] bulk append 7288862 into 253539876
[2023-04-14 20:52:43.977351: E /samgraph/3rdparty/collcachelib/coll_cache_lib/freq_recorder.cc:347] bulk append 57453268
[2023-04-14 20:52:43.980690: E /samgraph/3rdparty/collcachelib/coll_cache_lib/freq_recorder.cc:337] bulk append 7291656 into 260828738
[2023-04-14 20:52:44. 20726: E /samgraph/3rdparty/collcachelib/coll_cache_lib/freq_recorder.cc:347] bulk append 57529948
[2023-04-14 20:52:44. 24092: E /samgraph/3rdparty/collcachelib/coll_cache_lib/freq_recorder.cc:337] bulk append 7288980 into 268120394
[2023-04-14 20:52:44. 63513: E /samgraph/3rdparty/collcachelib/coll_cache_lib/freq_recorder.cc:347] bulk append 57480250
[2023-04-14 20:52:44. 66873: E /samgraph/3rdparty/collcachelib/coll_cache_lib/freq_recorder.cc:337] bulk append 7291793 into 275409374
[2023-04-14 20:52:44.109086: E /samgraph/3rdparty/collcachelib/coll_cache_lib/freq_recorder.cc:347] bulk append 57498408
[2023-04-14 20:52:44.113307: E /samgraph/3rdparty/collcachelib/coll_cache_lib/freq_recorder.cc:337] bulk append 7286516 into 282701167
[2023-04-14 20:52:44.153520: E /samgraph/3rdparty/collcachelib/coll_cache_lib/freq_recorder.cc:347] bulk append 57433254
[2023-04-14 20:52:44.156991: E /samgraph/3rdparty/collcachelib/coll_cache_lib/freq_recorder.cc:337] bulk append 7288722 into 289987683
[2023-04-14 20:52:44.196316: E /samgraph/3rdparty/collcachelib/coll_cache_lib/freq_recorder.cc:347] bulk append 57495679
[2023-04-14 20:52:44.199721: E /samgraph/3rdparty/collcachelib/coll_cache_lib/freq_recorder.cc:337] bulk append 7348054 into 297276405
[2023-04-14 20:52:44.239776: E /samgraph/3rdparty/collcachelib/coll_cache_lib/freq_recorder.cc:347] bulk append 57681887
[2023-04-14 20:52:44.243152: E /samgraph/3rdparty/collcachelib/coll_cache_lib/freq_recorder.cc:337] bulk append 7351258 into 304624459
[2023-04-14 20:52:44.283399: E /samgraph/3rdparty/collcachelib/coll_cache_lib/freq_recorder.cc:347] bulk append 57781055
[2023-04-14 20:52:44.286749: E /samgraph/3rdparty/collcachelib/coll_cache_lib/freq_recorder.cc:337] bulk append 7347843 into 311975717
[2023-04-14 20:52:44.326932: E /samgraph/3rdparty/collcachelib/coll_cache_lib/freq_recorder.cc:347] bulk append 57760885
[2023-04-14 20:52:44.330266: E /samgraph/3rdparty/collcachelib/coll_cache_lib/freq_recorder.cc:337] bulk append 7352347 into 319323560
[2023-04-14 20:52:44.370209: E /samgraph/3rdparty/collcachelib/coll_cache_lib/freq_recorder.cc:347] bulk append 57777122
[2023-04-14 20:52:44.373524: E /samgraph/3rdparty/collcachelib/coll_cache_lib/freq_recorder.cc:337] bulk append 7348310 into 326675907
[2023-04-14 20:52:44.413808: E /samgraph/3rdparty/collcachelib/coll_cache_lib/freq_recorder.cc:347] bulk append 57699837
[2023-04-14 20:52:44.417116: E /samgraph/3rdparty/collcachelib/coll_cache_lib/freq_recorder.cc:337] bulk append 7354260 into 334024217
[2023-04-14 20:52:44.457462: E /samgraph/3rdparty/collcachelib/coll_cache_lib/freq_recorder.cc:347] bulk append 57795002
[2023-04-14 20:52:44.460793: E /samgraph/3rdparty/collcachelib/coll_cache_lib/freq_recorder.cc:337] bulk append 7347965 into 341378477
[2023-04-14 20:52:44.501157: E /samgraph/3rdparty/collcachelib/coll_cache_lib/freq_recorder.cc:347] bulk append 57741927
[2023-04-14 20:52:44.504452: E /samgraph/3rdparty/collcachelib/coll_cache_lib/freq_recorder.cc:337] bulk append 7352894 into 348726442
[2023-04-14 20:52:44.544383: E /samgraph/3rdparty/collcachelib/coll_cache_lib/freq_recorder.cc:347] bulk append 57764771
[2023-04-14 20:52:44.547694: E /samgraph/3rdparty/collcachelib/coll_cache_lib/freq_recorder.cc:337] bulk append 7348287 into 356079336
[2023-04-14 20:52:44.587883: E /samgraph/3rdparty/collcachelib/coll_cache_lib/freq_recorder.cc:347] bulk append 57698144
[2023-04-14 20:52:44.591189: E /samgraph/3rdparty/collcachelib/coll_cache_lib/freq_recorder.cc:337] bulk append 7351081 into 363427623
[2023-04-14 20:52:44.631540: E /samgraph/3rdparty/collcachelib/coll_cache_lib/freq_recorder.cc:347] bulk append 57749175
[2023-04-14 20:52:44.634867: E /samgraph/3rdparty/collcachelib/coll_cache_lib/freq_recorder.cc:337] bulk append 7492393 into 370778704
[2023-04-14 20:52:44.674639: E /samgraph/3rdparty/collcachelib/coll_cache_lib/freq_recorder.cc:347] bulk append 56760203
[2023-04-14 20:52:44.677991: E /samgraph/3rdparty/collcachelib/coll_cache_lib/freq_recorder.cc:337] bulk append 7493791 into 378271097
[2023-04-14 20:52:44.718450: E /samgraph/3rdparty/collcachelib/coll_cache_lib/freq_recorder.cc:347] bulk append 56850813
[2023-04-14 20:52:44.721775: E /samgraph/3rdparty/collcachelib/coll_cache_lib/freq_recorder.cc:337] bulk append 7490367 into 385764888
[2023-04-14 20:52:44.762346: E /samgraph/3rdparty/collcachelib/coll_cache_lib/freq_recorder.cc:347] bulk append 56841544
[2023-04-14 20:52:44.765693: E /samgraph/3rdparty/collcachelib/coll_cache_lib/freq_recorder.cc:337] bulk append 7494435 into 393255255
[2023-04-14 20:52:44.805712: E /samgraph/3rdparty/collcachelib/coll_cache_lib/freq_recorder.cc:347] bulk append 56849717
[2023-04-14 20:52:44.809048: E /samgraph/3rdparty/collcachelib/coll_cache_lib/freq_recorder.cc:337] bulk append 7493067 into 400749690
[2023-04-14 20:52:44.849914: E /samgraph/3rdparty/collcachelib/coll_cache_lib/freq_recorder.cc:347] bulk append 56789465
[2023-04-14 20:52:44.853248: E /samgraph/3rdparty/collcachelib/coll_cache_lib/freq_recorder.cc:337] bulk append 7495946 into 408242757
[2023-04-14 20:52:44.893951: E /samgraph/3rdparty/collcachelib/coll_cache_lib/freq_recorder.cc:347] bulk append 56871350
[2023-04-14 20:52:44.897297: E /samgraph/3rdparty/collcachelib/coll_cache_lib/freq_recorder.cc:337] bulk append 7491705 into 415738703
[2023-04-14 20:52:44.938022: E /samgraph/3rdparty/collcachelib/coll_cache_lib/freq_recorder.cc:347] bulk append 56816019
[2023-04-14 20:52:44.941371: E /samgraph/3rdparty/collcachelib/coll_cache_lib/freq_recorder.cc:337] bulk append 7496477 into 423230408
[2023-04-14 20:52:44.982432: E /samgraph/3rdparty/collcachelib/coll_cache_lib/freq_recorder.cc:347] bulk append 56843909
[2023-04-14 20:52:44.985763: E /samgraph/3rdparty/collcachelib/coll_cache_lib/freq_recorder.cc:337] bulk append 7491414 into 430726885
[2023-04-14 20:52:45. 25527: E /samgraph/3rdparty/collcachelib/coll_cache_lib/freq_recorder.cc:347] bulk append 56779109
[2023-04-14 20:52:45. 28852: E /samgraph/3rdparty/collcachelib/coll_cache_lib/freq_recorder.cc:337] bulk append 7494643 into 438218299
[2023-04-14 20:52:45. 68625: E /samgraph/3rdparty/collcachelib/coll_cache_lib/freq_recorder.cc:347] bulk append 56828897
[2023-04-14 20:52:45. 71959: E /samgraph/3rdparty/collcachelib/coll_cache_lib/freq_recorder.cc:337] bulk append 7625083 into 445712942
[2023-04-14 20:52:45.112967: E /samgraph/3rdparty/collcachelib/coll_cache_lib/freq_recorder.cc:347] bulk append 54481577
[2023-04-14 20:52:45.116259: E /samgraph/3rdparty/collcachelib/coll_cache_lib/freq_recorder.cc:337] bulk append 7628503 into 453338025
[2023-04-14 20:52:45.156323: E /samgraph/3rdparty/collcachelib/coll_cache_lib/freq_recorder.cc:347] bulk append 54544028
[2023-04-14 20:52:45.159593: E /samgraph/3rdparty/collcachelib/coll_cache_lib/freq_recorder.cc:337] bulk append 7624965 into 460966528
[2023-04-14 20:52:45.199704: E /samgraph/3rdparty/collcachelib/coll_cache_lib/freq_recorder.cc:347] bulk append 54530491
[2023-04-14 20:52:45.202984: E /samgraph/3rdparty/collcachelib/coll_cache_lib/freq_recorder.cc:337] bulk append 7626612 into 468591493
[2023-04-14 20:52:45.243891: E /samgraph/3rdparty/collcachelib/coll_cache_lib/freq_recorder.cc:347] bulk append 54531361
[2023-04-14 20:52:45.247200: E /samgraph/3rdparty/collcachelib/coll_cache_lib/freq_recorder.cc:337] bulk append 7624789 into 476218105
[2023-04-14 20:52:45.288162: E /samgraph/3rdparty/collcachelib/coll_cache_lib/freq_recorder.cc:347] bulk append 54482553
[2023-04-14 20:52:45.291487: E /samgraph/3rdparty/collcachelib/coll_cache_lib/freq_recorder.cc:337] bulk append 7629079 into 483842894
[2023-04-14 20:52:45.331501: E /samgraph/3rdparty/collcachelib/coll_cache_lib/freq_recorder.cc:347] bulk append 54560891
[2023-04-14 20:52:45.334824: E /samgraph/3rdparty/collcachelib/coll_cache_lib/freq_recorder.cc:337] bulk append 7623916 into 491471973
[2023-04-14 20:52:45.374811: E /samgraph/3rdparty/collcachelib/coll_cache_lib/freq_recorder.cc:347] bulk append 54493624
[2023-04-14 20:52:45.378171: E /samgraph/3rdparty/collcachelib/coll_cache_lib/freq_recorder.cc:337] bulk append 7628216 into 499095889
[2023-04-14 20:52:45.418213: E /samgraph/3rdparty/collcachelib/coll_cache_lib/freq_recorder.cc:347] bulk append 54538259
[2023-04-14 20:52:45.421517: E /samgraph/3rdparty/collcachelib/coll_cache_lib/freq_recorder.cc:337] bulk append 7625544 into 506724105
[2023-04-14 20:52:45.462511: E /samgraph/3rdparty/collcachelib/coll_cache_lib/freq_recorder.cc:347] bulk append 54454961
[2023-04-14 20:52:45.465812: E /samgraph/3rdparty/collcachelib/coll_cache_lib/freq_recorder.cc:337] bulk append 7629896 into 514349649
[2023-04-14 20:52:45.505954: E /samgraph/3rdparty/collcachelib/coll_cache_lib/freq_recorder.cc:347] bulk append 54535079
[2023-04-14 20:52:45.509267: E /samgraph/3rdparty/collcachelib/coll_cache_lib/freq_recorder.cc:337] bulk append 7483676 into 521979545
[2023-04-14 20:52:45.549845: E /samgraph/3rdparty/collcachelib/coll_cache_lib/freq_recorder.cc:347] bulk append 51263328
[2023-04-14 20:52:45.553298: E /samgraph/3rdparty/collcachelib/coll_cache_lib/freq_recorder.cc:337] bulk append 7484130 into 529463221
[2023-04-14 20:52:45.593870: E /samgraph/3rdparty/collcachelib/coll_cache_lib/freq_recorder.cc:347] bulk append 51353924
[2023-04-14 20:52:45.597283: E /samgraph/3rdparty/collcachelib/coll_cache_lib/freq_recorder.cc:337] bulk append 7480801 into 536947351
[2023-04-14 20:52:45.638180: E /samgraph/3rdparty/collcachelib/coll_cache_lib/freq_recorder.cc:347] bulk append 51327631
[2023-04-14 20:52:45.641589: E /samgraph/3rdparty/collcachelib/coll_cache_lib/freq_recorder.cc:337] bulk append 7484890 into 544428152
[2023-04-14 20:52:45.682191: E /samgraph/3rdparty/collcachelib/coll_cache_lib/freq_recorder.cc:347] bulk append 51328900
[2023-04-14 20:52:45.685568: E /samgraph/3rdparty/collcachelib/coll_cache_lib/freq_recorder.cc:337] bulk append 7482554 into 551913042
[2023-04-14 20:52:45.726020: E /samgraph/3rdparty/collcachelib/coll_cache_lib/freq_recorder.cc:347] bulk append 51277865
[2023-04-14 20:52:45.729402: E /samgraph/3rdparty/collcachelib/coll_cache_lib/freq_recorder.cc:337] bulk append 7486913 into 559395596
[2023-04-14 20:52:45.769788: E /samgraph/3rdparty/collcachelib/coll_cache_lib/freq_recorder.cc:347] bulk append 51371979
[2023-04-14 20:52:45.773156: E /samgraph/3rdparty/collcachelib/coll_cache_lib/freq_recorder.cc:337] bulk append 7482910 into 566882509
[2023-04-14 20:52:45.813570: E /samgraph/3rdparty/collcachelib/coll_cache_lib/freq_recorder.cc:347] bulk append 51317526
[2023-04-14 20:52:45.816937: E /samgraph/3rdparty/collcachelib/coll_cache_lib/freq_recorder.cc:337] bulk append 7486111 into 574365419
[2023-04-14 20:52:45.857557: E /samgraph/3rdparty/collcachelib/coll_cache_lib/freq_recorder.cc:347] bulk append 51348954
[2023-04-14 20:52:45.860916: E /samgraph/3rdparty/collcachelib/coll_cache_lib/freq_recorder.cc:337] bulk append 7482645 into 581851530
[2023-04-14 20:52:45.901612: E /samgraph/3rdparty/collcachelib/coll_cache_lib/freq_recorder.cc:347] bulk append 51274037
[2023-04-14 20:52:45.904976: E /samgraph/3rdparty/collcachelib/coll_cache_lib/freq_recorder.cc:337] bulk append 7485478 into 589334175
[2023-04-14 20:52:45.945598: E /samgraph/3rdparty/collcachelib/coll_cache_lib/freq_recorder.cc:347] bulk append 51341130
[2023-04-14 20:52:45.948971: E /samgraph/3rdparty/collcachelib/coll_cache_lib/freq_recorder.cc:266] freq recorder global combining
[[2023-04-14 20:52:45[2023-04-14 20:52:45.[[[[2023-04-14 20:52:45.9490262023-04-14 20:52:452023-04-14 20:52:452023-04-14 20:52:452023-04-14 20:52:45.949035: ....949038: E949050949048949047949049: E : : : : E /samgraph/3rdparty/collcachelib/coll_cache_lib/facade.ccEEEE /samgraph/3rdparty/collcachelib/coll_cache_lib/facade.cc:    /samgraph/3rdparty/collcachelib/coll_cache_lib/facade.cc:409/samgraph/3rdparty/collcachelib/coll_cache_lib/facade.cc/samgraph/3rdparty/collcachelib/coll_cache_lib/facade.cc/samgraph/3rdparty/collcachelib/coll_cache_lib/facade.cc/samgraph/3rdparty/collcachelib/coll_cache_lib/facade.cc:409] ::::409] before scale, dtype is 0, dim is 128409409409409] before scale, dtype is 0, dim is 128
] ] ] ] before scale, dtype is 0, dim is 128
before scale, dtype is 0, dim is 128[before scale, dtype is 0, dim is 128before scale, dtype is 0, dim is 128before scale, dtype is 0, dim is 128

[2023-04-14 20:52:45


2023-04-14 20:52:45[.[[.[2023-04-14 20:52:45[9492942023-04-14 20:52:452023-04-14 20:52:459493142023-04-14 20:52:45.2023-04-14 20:52:45: ..: .949333.E949337949343: E 949346: 949349 : E/samgraph/3rdparty/collcachelib/coll_cache_lib/facade.cc: E: /samgraph/3rdparty/collcachelib/coll_cache_lib/facade.ccE :E E: /samgraph/3rdparty/collcachelib/coll_cache_lib/facade.cc415 /samgraph/3rdparty/collcachelib/coll_cache_lib/facade.cc 415/samgraph/3rdparty/collcachelib/coll_cache_lib/facade.cc:] /samgraph/3rdparty/collcachelib/coll_cache_lib/facade.cc:/samgraph/3rdparty/collcachelib/coll_cache_lib/facade.cc] :415after scale, dtype is 7, new dim is 32:415:after scale, dtype is 7, new dim is 32415] 
415] 415
] after scale, dtype is 7, new dim is 32] after scale, dtype is 7, new dim is 32] after scale, dtype is 7, new dim is 32
after scale, dtype is 7, new dim is 32
after scale, dtype is 7, new dim is 32


[2023-04-14 20:52:45.959298: E /samgraph/3rdparty/collcachelib/coll_cache_lib/coll_cache/asymm_link_desc.cc:181] v100x8, slow pcie
[2023-04-14 20:52:45.959335: E [/samgraph/3rdparty/collcachelib/coll_cache_lib/coll_cache/asymm_link_desc.cc2023-04-14 20:52:45:.207959343] : assigning 0 to cpuE
 /samgraph/3rdparty/collcachelib/coll_cache_lib/coll_cache/asymm_link_desc.cc:181] v100x8, slow pcie
[2023-04-14 20:52:45[.2023-04-14 20:52:45[959389.2023-04-14 20:52:45: 959389.E: 959397 E: /samgraph/3rdparty/collcachelib/coll_cache_lib/coll_cache/asymm_link_desc.cc E:/samgraph/3rdparty/collcachelib/coll_cache_lib/coll_cache/asymm_link_desc.cc 207:/samgraph/3rdparty/collcachelib/coll_cache_lib/coll_cache/asymm_link_desc.cc] 181:assigning 0 to cpu] 224
v100x8, slow pcie] 
build asymm link desc with 8X Tesla V100-SXM2-32GB out of 8
[[2023-04-14 20:52:452023-04-14 20:52:45..959450959467: : EE[[2023-04-14 20:52:45.959490: E /samgraph/3rdparty/collcachelib/coll_cache_lib/coll_cache/asymm_link_desc.cc:224]   2023-04-14 20:52:45[build asymm link desc with 8X Tesla V100-SXM2-32GB out of 8/samgraph/3rdparty/collcachelib/coll_cache_lib/coll_cache/asymm_link_desc.cc/samgraph/3rdparty/collcachelib/coll_cache_lib/coll_cache/asymm_link_desc.cc.2023-04-14 20:52:45
::959489.181207: 959492] ] E: v100x8, slow pcieassigning 0 to cpu [[E

/samgraph/3rdparty/collcachelib/coll_cache_lib/coll_cache/asymm_link_desc.cc2023-04-14 20:52:452023-04-14 20:52:45 :[.[./samgraph/3rdparty/collcachelib/coll_cache_lib/coll_cache/asymm_link_desc.cc2252023-04-14 20:52:45959554[2023-04-14 20:52:45959546:] .: 2023-04-14 20:52:45.: 181remote time is 15.5556959586E.959585E] 
:  959619:  v100x8, slow pcieE[/samgraph/3rdparty/collcachelib/coll_cache_lib/coll_cache/asymm_link_desc.cc: E/samgraph/3rdparty/collcachelib/coll_cache_lib/coll_cache/asymm_link_desc.cc
 2023-04-14 20:52:45:E :/samgraph/3rdparty/collcachelib/coll_cache_lib/coll_cache/asymm_link_desc.cc.[225 /samgraph/3rdparty/collcachelib/coll_cache_lib/coll_cache/asymm_link_desc.cc181:9596832023-04-14 20:52:45] /samgraph/3rdparty/collcachelib/coll_cache_lib/coll_cache/asymm_link_desc.cc:] 181: .remote time is 15.5556:207v100x8, slow pcie] E959724
224] 
v100x8, slow pcie : ] [assigning 0 to cpu
/samgraph/3rdparty/collcachelib/coll_cache_lib/coll_cache/asymm_link_desc.ccEbuild asymm link desc with 8X Tesla V100-SXM2-32GB out of 8[2023-04-14 20:52:45
: 
[2023-04-14 20:52:45.226/samgraph/3rdparty/collcachelib/coll_cache_lib/coll_cache/asymm_link_desc.cc2023-04-14 20:52:45.959803] :.959815[: cpu time is 102.941207[959831: 2023-04-14 20:52:45E
] 2023-04-14 20:52:45: E. assigning 0 to cpu.E 959866/samgraph/3rdparty/collcachelib/coll_cache_lib/coll_cache/asymm_link_desc.cc
959875 /samgraph/3rdparty/collcachelib/coll_cache_lib/coll_cache/asymm_link_desc.cc: :[: /samgraph/3rdparty/collcachelib/coll_cache_lib/coll_cache/asymm_link_desc.cc:E2262023-04-14 20:52:45E:207 ] . 207] [/samgraph/3rdparty/collcachelib/coll_cache_lib/coll_cache/asymm_link_desc.cccpu time is 102.941959931/samgraph/3rdparty/collcachelib/coll_cache_lib/coll_cache/asymm_link_desc.cc] assigning 0 to cpu2023-04-14 20:52:45:
: :assigning 0 to cpu
.225E224
959977]  ] : remote time is 15.5556/samgraph/3rdparty/collcachelib/coll_cache_lib/facade.cc[build asymm link desc with 8X Tesla V100-SXM2-32GB out of 8E
:[2023-04-14 20:52:45
 4252023-04-14 20:52:45[.[/samgraph/3rdparty/collcachelib/coll_cache_lib/coll_cache/asymm_link_desc.cc[] .2023-04-14 20:52:459600442023-04-14 20:52:45:2023-04-14 20:52:45registering cpu data with 8.00 GB960061.: .224.
: 960066E960071] 960089E:  : build asymm link desc with 8X Tesla V100-SXM2-32GB out of 8:  E/samgraph/3rdparty/collcachelib/coll_cache_lib/facade.ccE
E/samgraph/3rdparty/collcachelib/coll_cache_lib/coll_cache/asymm_link_desc.cc :  :/samgraph/3rdparty/collcachelib/coll_cache_lib/coll_cache/asymm_link_desc.cc425/samgraph/3rdparty/collcachelib/coll_cache_lib/coll_cache/asymm_link_desc.cc[/samgraph/3rdparty/collcachelib/coll_cache_lib/coll_cache/asymm_link_desc.cc224:] :2023-04-14 20:52:45:] 226registering cpu data with 8.00 GB224.225build asymm link desc with 8X Tesla V100-SXM2-32GB out of 8] 
] 960222] 
cpu time is 102.941build asymm link desc with 8X Tesla V100-SXM2-32GB out of 8: remote time is 15.5556

E
 [/samgraph/3rdparty/collcachelib/coll_cache_lib/coll_cache/asymm_link_desc.cc2023-04-14 20:52:45[:.2023-04-14 20:52:45[225960329[.2023-04-14 20:52:45] : 2023-04-14 20:52:45960334.remote time is 15.5556E.: 960345
 960347: EE: /samgraph/3rdparty/collcachelib/coll_cache_lib/coll_cache/asymm_link_desc.cc[  E:2023-04-14 20:52:45/samgraph/3rdparty/collcachelib/coll_cache_lib/facade.cc/samgraph/3rdparty/collcachelib/coll_cache_lib/coll_cache/asymm_link_desc.cc 225.::/samgraph/3rdparty/collcachelib/coll_cache_lib/coll_cache/asymm_link_desc.cc] 960421425226:remote time is 15.5556: ] ] 225
Eregistering cpu data with 8.00 GBcpu time is 102.941]  
[
remote time is 15.5556/samgraph/3rdparty/collcachelib/coll_cache_lib/coll_cache/asymm_link_desc.cc2023-04-14 20:52:45
:.226[960512] 2023-04-14 20:52:45: cpu time is 102.941[.E
2023-04-14 20:52:45960550 .: /samgraph/3rdparty/collcachelib/coll_cache_lib/coll_cache/asymm_link_desc.cc960558E::  226[E/samgraph/3rdparty/collcachelib/coll_cache_lib/coll_cache/asymm_link_desc.cc] 2023-04-14 20:52:45 :cpu time is 102.941./samgraph/3rdparty/collcachelib/coll_cache_lib/facade.cc226
960612:] : 425cpu time is 102.941E] 
 registering cpu data with 8.00 GB/samgraph/3rdparty/collcachelib/coll_cache_lib/facade.cc
:425[] 2023-04-14 20:52:45registering cpu data with 8.00 GB.
960686[: 2023-04-14 20:52:45E. 960722/samgraph/3rdparty/collcachelib/coll_cache_lib/facade.cc: :E425 ] /samgraph/3rdparty/collcachelib/coll_cache_lib/facade.ccregistering cpu data with 8.00 GB:
425] registering cpu data with 8.00 GB
[2023-04-14 20:52:48.202309: E /samgraph/3rdparty/collcachelib/coll_cache_lib/facade.cc:427] registering cpu data done.
[2023-04-14 20:52:48.202948: E /samgraph/3rdparty/collcachelib/coll_cache_lib/facade.cc:427] registering cpu data done.
[2023-04-14 20:52:48.203190: E /samgraph/3rdparty/collcachelib/coll_cache_lib/facade.cc:427] registering cpu data done.
[2023-04-14 20:52:48.203445: E /samgraph/3rdparty/collcachelib/coll_cache_lib/facade.cc:427] registering cpu data done.
[2023-04-14 20:52:48.203755: E /samgraph/3rdparty/collcachelib/coll_cache_lib/facade.cc:427] registering cpu data done.
[2023-04-14 20:52:48.204007: E /samgraph/3rdparty/collcachelib/coll_cache_lib/facade.cc:427] registering cpu data done.
[2023-04-14 20:52:48.206196: E /samgraph/3rdparty/collcachelib/coll_cache_lib/facade.cc:427] registering cpu data done.
[2023-04-14 20:53:09.249516: E /samgraph/3rdparty/collcachelib/coll_cache_lib/freq_recorder.cc:269] freq recorder global combine from 596819653 to 103463454
[2023-04-14 20:53:12.618523: E /samgraph/3rdparty/collcachelib/coll_cache_lib/freq_recorder.cc:286] top 5 freq is 2000,2000,2000,2000,2000
[2023-04-14 20:53:12.618776: E /samgraph/3rdparty/collcachelib/coll_cache_lib/facade.cc:409] before scale, dtype is 0, dim is 128
[2023-04-14 20:53:12.618821: E /samgraph/3rdparty/collcachelib/coll_cache_lib/facade.cc:415] after scale, dtype is 7, new dim is 32
[2023-04-14 20:53:12.619488: E /samgraph/3rdparty/collcachelib/coll_cache_lib/coll_cache/asymm_link_desc.cc:181] v100x8, slow pcie
[2023-04-14 20:53:12.619533: E /samgraph/3rdparty/collcachelib/coll_cache_lib/coll_cache/asymm_link_desc.cc:207] assigning 0 to cpu
[2023-04-14 20:53:12.619602: E /samgraph/3rdparty/collcachelib/coll_cache_lib/coll_cache/asymm_link_desc.cc:224] build asymm link desc with 8X Tesla V100-SXM2-32GB out of 8
[2023-04-14 20:53:12.619678: E /samgraph/3rdparty/collcachelib/coll_cache_lib/coll_cache/asymm_link_desc.cc:225] remote time is 15.5556
[2023-04-14 20:53:12.619719: E /samgraph/3rdparty/collcachelib/coll_cache_lib/coll_cache/asymm_link_desc.cc:226] cpu time is 102.941
[2023-04-14 20:53:12.619782: E /samgraph/3rdparty/collcachelib/coll_cache_lib/facade.cc:425] registering cpu data with 8.00 GB
[2023-04-14 20:53:13. 64065: E /samgraph/3rdparty/collcachelib/coll_cache_lib/facade.cc:427] registering cpu data done.
[2023-04-14 20:53:13. 64152: E /samgraph/3rdparty/collcachelib/coll_cache_lib/facade.cc:174] creating solver
[2023-04-14 20:53:13. 64179: E /samgraph/3rdparty/collcachelib/coll_cache_lib/facade.cc:214] solver created. now build & solve
[2023-04-14 20:53:14. 54288: E /samgraph/3rdparty/collcachelib/coll_cache_lib/facade.cc:218] solver built. now solve
[2023-04-14 20:53:14. 54395: E /samgraph/3rdparty/collcachelib/coll_cache_lib/coll_cache/optimal_solver_class.cc:1474] num_cached_nodes = 8884796
[2023-04-14 20:53:14.306783: E /samgraph/3rdparty/collcachelib/coll_cache_lib/facade.cc:222] solver solved
[2023-04-14 20:53:14.335437: E /samgraph/3rdparty/collcachelib/coll_cache_lib/facade.cc:437] 0 solved master
[2023-04-14 20:53:14.335494: E /samgraph/3rdparty/collcachelib/coll_cache_lib/facade.cc:444] 0 solved
[2023-04-14 20:53:14.335521: E /samgraph/3rdparty/collcachelib/coll_cache_lib/facade.cc:447] worker 0 thread 0 initing device 0
[2023-04-14 20:53:14.336129: E /samgraph/3rdparty/collcachelib/coll_cache_lib/cache_context.cu:2320] Building Coll Cache with ... num gpu device is 8
[2023-04-14 20:53:14.336210: E /samgraph/3rdparty/collcachelib/coll_cache_lib/cuda/cache_hashtable.cuh:611] per src size local is 9773375
[2023-04-14 20:53:14.353419: E /samgraph/3rdparty/collcachelib/coll_cache_lib/facade.cc:444] 6 solved
[2023-04-14 20:53:14.353474: E /samgraph/3rdparty/collcachelib/coll_cache_lib/facade.cc:447] worker 0 thread 6 initing device 6
[2023-04-14 20:53:14.353820: E /samgraph/3rdparty/collcachelib/coll_cache_lib/cache_context.cu:2320] Building Coll Cache with ... num gpu device is 8
[2023-04-14 20:53:14.354390: E /samgraph/3rdparty/collcachelib/coll_cache_lib/facade.cc:444] 7 solved
[2023-04-14 20:53:14.354458: E /samgraph/3rdparty/collcachelib/coll_cache_lib/facade.cc:447] worker 0 thread 7 initing device 7
[2023-04-14 20:53:14.354813: E /samgraph/3rdparty/collcachelib/coll_cache_lib/cache_context.cu:2320] Building Coll Cache with ... num gpu device is 8
[2023-04-14 20:53:14.377129: E /samgraph/3rdparty/collcachelib/coll_cache_lib/facade.cc:444] 1 solved
[2023-04-14 20:53:14.377203: E /samgraph/3rdparty/collcachelib/coll_cache_lib/facade.cc:447] worker 0 thread 1 initing device 1
[2023-04-14 20:53:14.377267: E /samgraph/3rdparty/collcachelib/coll_cache_lib/facade.cc:444] 3 solved
[2023-04-14 20:53:14.377325: E /samgraph/3rdparty/collcachelib/coll_cache_lib/facade.cc:447] worker 0 thread 3 initing device 3
[2023-04-14 20:53:14.377555: E /samgraph/3rdparty/collcachelib/coll_cache_lib/cache_context.cu:2320] Building Coll Cache with ... num gpu device is 8
[2023-04-14 20:53:14.377663: E /samgraph/3rdparty/collcachelib/coll_cache_lib/cache_context.cu:2320] Building Coll Cache with ... num gpu device is 8
[2023-04-14 20:53:14.394402: E /samgraph/3rdparty/collcachelib/coll_cache_lib/facade.cc:444] 5 solved
[2023-04-14 20:53:14.394483: E /samgraph/3rdparty/collcachelib/coll_cache_lib/facade.cc:447] worker 0 thread 5 initing device 5
[2023-04-14 20:53:14.394851: E /samgraph/3rdparty/collcachelib/coll_cache_lib/cache_context.cu:2320] Building Coll Cache with ... num gpu device is 8
[2023-04-14 20:53:14.398375: E /samgraph/3rdparty/collcachelib/coll_cache_lib/facade.cc:444] 4 solved
[2023-04-14 20:53:14.398449: E /samgraph/3rdparty/collcachelib/coll_cache_lib/facade.cc:447] worker 0 thread 4 initing device 4
[2023-04-14 20:53:14.398808: E /samgraph/3rdparty/collcachelib/coll_cache_lib/cache_context.cu:2320] Building Coll Cache with ... num gpu device is 8
[2023-04-14 20:53:14.409220: E /samgraph/3rdparty/collcachelib/coll_cache_lib/facade.cc:444] 2 solved
[2023-04-14 20:53:14.409299: E /samgraph/3rdparty/collcachelib/coll_cache_lib/facade.cc:447] worker 0 thread 2 initing device 2
[2023-04-14 20:53:14.409660: E /samgraph/3rdparty/collcachelib/coll_cache_lib/cache_context.cu:2320] Building Coll Cache with ... num gpu device is 8
[2023-04-14 20:53:14.419924: E /samgraph/3rdparty/collcachelib/coll_cache_lib/common.cc:261] making a tensor with 0 num item
[2023-04-14 20:53:14.420019: E /samgraph/3rdparty/collcachelib/coll_cache_lib/cache_context.cu:2362] num cpu nodes is 102175160
[2023-04-14 20:53:14.443220: E /samgraph/3rdparty/collcachelib/coll_cache_lib/common.cc:261] making a tensor with 0 num item
[2023-04-14 20:53:14.443302: E /samgraph/3rdparty/collcachelib/coll_cache_lib/cache_context.cu:2362] num cpu nodes is 102175160
[2023-04-14 20:53:14.447995: E /samgraph/3rdparty/collcachelib/coll_cache_lib/common.cc:261] making a tensor with 0 num item
[2023-04-14 20:53:14.448082: E /samgraph/3rdparty/collcachelib/coll_cache_lib/cache_context.cu:2362] num cpu nodes is 102175160
[[2023-04-14 20:53:142023-04-14 20:53:14..456307456319: : EE  /samgraph/3rdparty/collcachelib/coll_cache_lib/common.cc/samgraph/3rdparty/collcachelib/coll_cache_lib/common.cc::261261] ] making a tensor with 0 num itemmaking a tensor with 0 num item

[[2023-04-14 20:53:142023-04-14 20:53:14..456404456406: : EE  /samgraph/3rdparty/collcachelib/coll_cache_lib/cache_context.cu/samgraph/3rdparty/collcachelib/coll_cache_lib/cache_context.cu::23622362] ] num cpu nodes is 102175160num cpu nodes is 102175160

[2023-04-14 20:53:14.476660: E /samgraph/3rdparty/collcachelib/coll_cache_lib/common.cc:261] making a tensor with 0 num item
[2023-04-14 20:53:14.476735: E /samgraph/3rdparty/collcachelib/coll_cache_lib/cache_context.cu:2362] num cpu nodes is 102175160
[2023-04-14 20:53:14.480965: E /samgraph/3rdparty/collcachelib/coll_cache_lib/common.cc:261] making a tensor with 0 num item
[2023-04-14 20:53:14.481035: E /samgraph/3rdparty/collcachelib/coll_cache_lib/cache_context.cu:2362] num cpu nodes is 102175160
[2023-04-14 20:53:14.488456: E /samgraph/3rdparty/collcachelib/coll_cache_lib/common.cc:261] making a tensor with 0 num item
[2023-04-14 20:53:14.488514: E /samgraph/3rdparty/collcachelib/coll_cache_lib/cache_context.cu:2362] num cpu nodes is 102175160
[2023-04-14 20:53:15.149411: E /samgraph/3rdparty/collcachelib/coll_cache_lib/cuda/cache_hashtable.cu:355] create a hashtable with 8884796 possible elem, scale to 33554432
[2023-04-14 20:53:15.149484: E /samgraph/3rdparty/collcachelib/coll_cache_lib/cuda/cache_hashtable.cu:360] SimpleHashTable allocating 256.00 MB
[2023-04-14 20:53:15.183142: E /samgraph/3rdparty/collcachelib/coll_cache_lib/cuda/cache_hashtable.cu:355] create a hashtable with 8884796 possible elem, scale to 33554432
[2023-04-14 20:53:15.183202: E /samgraph/3rdparty/collcachelib/coll_cache_lib/cuda/cache_hashtable.cu:360] SimpleHashTable allocating 256.00 MB
[2023-04-14 20:53:15.192146: E /samgraph/3rdparty/collcachelib/coll_cache_lib/cuda/cache_hashtable.cu:355] create a hashtable with 8884796 possible elem, scale to 33554432
[2023-04-14 20:53:15.192208: E /samgraph/3rdparty/collcachelib/coll_cache_lib/cuda/cache_hashtable.cu:360] SimpleHashTable allocating 256.00 MB
[2023-04-14 20:53:15.196715: E /samgraph/3rdparty/collcachelib/coll_cache_lib/cuda/cache_hashtable.cu:355] create a hashtable with 8884796 possible elem, scale to 33554432
[2023-04-14 20:53:15.196773: E /samgraph/3rdparty/collcachelib/coll_cache_lib/cuda/cache_hashtable.cu:360] SimpleHashTable allocating 256.00 MB
[2023-04-14 20:53:15.197278: E /samgraph/3rdparty/collcachelib/coll_cache_lib/cuda/cache_hashtable.cu:355] create a hashtable with 8884796 possible elem, scale to 33554432
[2023-04-14 20:53:15.197364: E /samgraph/3rdparty/collcachelib/coll_cache_lib/cuda/cache_hashtable.cu:360] SimpleHashTable allocating 256.00 MB
[2023-04-14 20:53:15.217925: E /samgraph/3rdparty/collcachelib/coll_cache_lib/cuda/cache_hashtable.cu:355] create a hashtable with 8884796 possible elem, scale to 33554432
[2023-04-14 20:53:15.217995: E /samgraph/3rdparty/collcachelib/coll_cache_lib/cuda/cache_hashtable.cu:360] SimpleHashTable allocating 256.00 MB
[2023-04-14 20:53:15.230504: E /samgraph/3rdparty/collcachelib/coll_cache_lib/cuda/cache_hashtable.cu:355] create a hashtable with 8884796 possible elem, scale to 33554432
[2023-04-14 20:53:15.230563: E /samgraph/3rdparty/collcachelib/coll_cache_lib/cuda/cache_hashtable.cu:360] SimpleHashTable allocating 256.00 MB
[2023-04-14 20:53:15.230656: E /samgraph/3rdparty/collcachelib/coll_cache_lib/cuda/cache_hashtable.cu:355] create a hashtable with 8884796 possible elem, scale to 33554432
[2023-04-14 20:53:15.230730: E /samgraph/3rdparty/collcachelib/coll_cache_lib/cuda/cache_hashtable.cu:360] SimpleHashTable allocating 256.00 MB
[2023-04-14 20:53:15.267008: E /samgraph/3rdparty/collcachelib/coll_cache_lib/common.cc:107] too many mem allocated for forcescale?8995856->111060
[2023-04-14 20:53:15.267476: E /samgraph/3rdparty/collcachelib/coll_cache_lib/common.cc:107] too many mem allocated for forcescale?8995856->111060
[2023-04-14 20:53:15.267812: E /samgraph/3rdparty/collcachelib/coll_cache_lib/common.cc:107] too many mem allocated for forcescale?8995856->111060
[2023-04-14 20:53:15.268245: E /samgraph/3rdparty/collcachelib/coll_cache_lib/common.cc:107] too many mem allocated for forcescale?8995856->111060
[2023-04-14 20:53:15.268716: E /samgraph/3rdparty/collcachelib/coll_cache_lib/common.cc:107] too many mem allocated for forcescale?8995856->111060
[2023-04-14 20:53:15.269124: E /samgraph/3rdparty/collcachelib/coll_cache_lib/common.cc:107] too many mem allocated for forcescale?8995856->111060
[2023-04-14 20:53:15.269550: E /samgraph/3rdparty/collcachelib/coll_cache_lib/common.cc:107] too many mem allocated for forcescale?8995856->111060
[2023-04-14 20:53:15.270011: E /samgraph/3rdparty/collcachelib/coll_cache_lib/common.cc:107] too many mem allocated for forcescale?8995856->111060
[2023-04-14 20:53:15.273329: E /samgraph/3rdparty/collcachelib/coll_cache_lib/cache_context.cu:2439] Asymm Coll cache (policy: rep_cache) | local 8884796 / 111059956 nodes ( 8.00 %~8.00 %) | remote 0 / 111059956 nodes ( 0.00 %) | cpu 102175160 / 111059956 nodes ( 92.00 %) | 4.29 GB | 0.874475 secs 
[2023-04-14 20:53:15.290996: E /samgraph/3rdparty/collcachelib/coll_cache_lib/cache_context.cu:2439] Asymm Coll cache (policy: rep_cache) | local 8884796 / 111059956 nodes ( 8.00 %~8.00 %) | remote 0 / 111059956 nodes ( 0.00 %) | cpu 102175160 / 111059956 nodes ( 92.00 %) | 4.29 GB | 0.91329 secs 
[2023-04-14 20:53:15.297813: E /samgraph/3rdparty/collcachelib/coll_cache_lib/cache_context.cu:2439] Asymm Coll cache (policy: rep_cache) | local 8884796 / 111059956 nodes ( 8.00 %~8.00 %) | remote 0 / 111059956 nodes ( 0.00 %) | cpu 102175160 / 111059956 nodes ( 92.00 %) | 4.29 GB | 0.920223 secs 
[2023-04-14 20:53:15.299978: E /samgraph/3rdparty/collcachelib/coll_cache_lib/cache_context.cu:2439] Asymm Coll cache (policy: rep_cache) | local 8884796 / 111059956 nodes ( 8.00 %~8.00 %) | remote 0 / 111059956 nodes ( 0.00 %) | cpu 102175160 / 111059956 nodes ( 92.00 %) | 4.29 GB | 0.946125 secs 
[2023-04-14 20:53:15.306675: E /samgraph/3rdparty/collcachelib/coll_cache_lib/cache_context.cu[:2023-04-14 20:53:152439.] 306700Asymm Coll cache (policy: rep_cache) | local 8884796 / 111059956 nodes ( 8.00 %~8.00 %) | remote 0 / 111059956 nodes ( 0.00 %) | cpu 102175160 / 111059956 nodes ( 92.00 %) | 4.29 GB | 0.911791 secs : 
E /samgraph/3rdparty/collcachelib/coll_cache_lib/cache_context.cu:2439] Asymm Coll cache (policy: rep_cache) | local 8884796 / 111059956 nodes ( 8.00 %~8.00 %) | remote 0 / 111059956 nodes ( 0.00 %) | cpu 102175160 / 111059956 nodes ( 92.00 %) | 4.29 GB | 0.970538 secs 
[2023-04-14 20:53:15.311467: E /samgraph/3rdparty/collcachelib/coll_cache_lib/cache_context.cu:2439] Asymm Coll cache (policy: rep_cache) | local 8884796 / 111059956 nodes ( 8.00 %~8.00 %) | remote 0 / 111059956 nodes ( 0.00 %) | cpu 102175160 / 111059956 nodes ( 92.00 %) | 4.29 GB | 0.95662 secs 
[2023-04-14 20:53:15.313817: E /samgraph/3rdparty/collcachelib/coll_cache_lib/cache_context.cu:2439] Asymm Coll cache (policy: rep_cache) | local 8884796 / 111059956 nodes ( 8.00 %~8.00 %) | remote 0 / 111059956 nodes ( 0.00 %) | cpu 102175160 / 111059956 nodes ( 92.00 %) | 4.29 GB | 0.904118 secs 
/usr/local/lib/python3.8/dist-packages/torch/nn/parallel/scatter_gather.py:9: UserWarning: is_namedtuple is deprecated, please use the python checks instead
  warnings.warn("is_namedtuple is deprecated, please use the python checks instead")
/usr/local/lib/python3.8/dist-packages/torch/nn/parallel/scatter_gather.py:9: UserWarning: is_namedtuple is deprecated, please use the python checks instead
  warnings.warn("is_namedtuple is deprecated, please use the python checks instead")
/usr/local/lib/python3.8/dist-packages/torch/nn/parallel/scatter_gather.py:9: UserWarning: is_namedtuple is deprecated, please use the python checks instead
  warnings.warn("is_namedtuple is deprecated, please use the python checks instead")
/usr/local/lib/python3.8/dist-packages/torch/nn/parallel/scatter_gather.py:9: UserWarning: is_namedtuple is deprecated, please use the python checks instead
  warnings.warn("is_namedtuple is deprecated, please use the python checks instead")
/usr/local/lib/python3.8/dist-packages/torch/nn/parallel/scatter_gather.py:9: UserWarning: is_namedtuple is deprecated, please use the python checks instead
  warnings.warn("is_namedtuple is deprecated, please use the python checks instead")
/usr/local/lib/python3.8/dist-packages/torch/nn/parallel/scatter_gather.py:9: UserWarning: is_namedtuple is deprecated, please use the python checks instead
  warnings.warn("is_namedtuple is deprecated, please use the python checks instead")
/usr/local/lib/python3.8/dist-packages/torch/nn/parallel/scatter_gather.py:9: UserWarning: is_namedtuple is deprecated, please use the python checks instead
  warnings.warn("is_namedtuple is deprecated, please use the python checks instead")
/usr/local/lib/python3.8/dist-packages/torch/nn/parallel/scatter_gather.py:9: UserWarning: is_namedtuple is deprecated, please use the python checks instead
  warnings.warn("is_namedtuple is deprecated, please use the python checks instead")
