succeed=True
[CUDA] cuda: usage: 5.60 GB
0 : local 72, cpu 8 {link #0 : g3 24}, {link #1 : g6 24}, {link #2 : g1 12}, {link #3 : g2 12},
1 : local 72, cpu 8 {link #0 : g7 24}, {link #1 : g2 24}, {link #2 : g3 12}, {link #3 : g0 12},
2 : local 72, cpu 8 {link #0 : g1 24}, {link #1 : g3 24}, {link #2 : g0 12}, {link #3 : g4 12},
3 : local 72, cpu 8 {link #0 : g2 24}, {link #1 : g0 24}, {link #2 : g5 12}, {link #3 : g1 12},
4 : local 72, cpu 8 {link #0 : g5 24}, {link #1 : g7 24}, {link #2 : g2 12}, {link #3 : g6 12},
5 : local 72, cpu 8 {link #0 : g6 24}, {link #1 : g4 24}, {link #2 : g7 12}, {link #3 : g3 12},
6 : local 72, cpu 8 {link #0 : g0 24}, {link #1 : g5 24}, {link #2 : g4 12}, {link #3 : g7 12},
7 : local 72, cpu 8 {link #0 : g4 24}, {link #1 : g1 24}, {link #2 : g6 12}, {link #3 : g5 12},
0 : local 72, cpu 8 {link #0 : g3 24}, {link #1 : g6 24}, {link #2 : g1 12}, {link #3 : g2 12},
1 : local 72, cpu 8 {link #0 : g7 24}, {link #1 : g2 24}, {link #2 : g3 12}, {link #3 : g0 12},
2 : local 72, cpu 8 {link #0 : g1 24}, {link #1 : g3 24}, {link #2 : g0 12}, {link #3 : g4 12},
3 : local 72, cpu 8 {link #0 : g2 24}, {link #1 : g0 24}, {link #2 : g5 12}, {link #3 : g1 12},
4 : local 72, cpu 8 {link #0 : g5 24}, {link #1 : g7 24}, {link #2 : g2 12}, {link #3 : g6 12},
5 : local 72, cpu 8 {link #0 : g6 24}, {link #1 : g4 24}, {link #2 : g7 12}, {link #3 : g3 12},
6 : local 72, cpu 8 {link #0 : g0 24}, {link #1 : g5 24}, {link #2 : g4 12}, {link #3 : g7 12},
7 : local 72, cpu 8 {link #0 : g4 24}, {link #1 : g1 24}, {link #2 : g6 12}, {link #3 : g5 12},
0 : local 72, cpu 8 {link #0 : g3 24}, {link #1 : g6 24}, {link #2 : g1 12}, {link #3 : g2 12},
1 : local 72, cpu 8 {link #0 : g7 24}, {link #1 : g2 24}, {link #2 : g3 12}, {link #3 : g0 12},
2 : local 72, cpu 8 {link #0 : g1 24}, {link #1 : g3 24}, {link #2 : g0 12}, {link #3 : g4 12},
3 : local 72, cpu 8 {link #0 : g2 24}, {link #1 : g0 24}, {link #2 : g5 12}, {link #3 : g1 12},
4 : local 72, cpu 8 {link #0 : g5 24}, {link #1 : g7 24}, {link #2 : g2 12}, {link #3 : g6 12},
5 : local 72, cpu 8 {link #0 : g6 24}, {link #1 : g4 24}, {link #2 : g7 12}, {link #3 : g3 12},
6 : local 72, cpu 8 {link #0 : g0 24}, {link #1 : g5 24}, {link #2 : g4 12}, {link #3 : g7 12},
7 : local 72, cpu 8 {link #0 : g4 24}, {link #1 : g1 24}, {link #2 : g6 12}, {link #3 : g5 12},
0 : local 72, cpu 8 {link #0 : g3 24}, {link #1 : g6 24}, {link #2 : g1 12}, {link #3 : g2 12},
1 : local 72, cpu 8 {link #0 : g7 24}, {link #1 : g2 24}, {link #2 : g3 12}, {link #3 : g0 12},
2 : local 72, cpu 8 {link #0 : g1 24}, {link #1 : g3 24}, {link #2 : g0 12}, {link #3 : g4 12},
3 : local 72, cpu 8 {link #0 : g2 24}, {link #1 : g0 24}, {link #2 : g5 12}, {link #3 : g1 12},
4 : local 72, cpu 8 {link #0 : g5 24}, {link #1 : g7 24}, {link #2 : g2 12}, {link #3 : g6 12},
5 : local 72, cpu 8 {link #0 : g6 24}, {link #1 : g4 24}, {link #2 : g7 12}, {link #3 : g3 12},
6 : local 72, cpu 8 {link #0 : g0 24}, {link #1 : g5 24}, {link #2 : g4 12}, {link #3 : g7 12},
7 : local 72, cpu 8 {link #0 : g4 24}, {link #1 : g1 24}, {link #2 : g6 12}, {link #3 : g5 12},
0 : local 72, cpu 8 {link #0 : g3 24}, {link #1 : g6 24}, {link #2 : g1 12}, {link #3 : g2 12},
1 : local 72, cpu 8 {link #0 : g7 24}, {link #1 : g2 24}, {link #2 : g3 12}, {link #3 : g0 12},
2 : local 72, cpu 8 {link #0 : g1 24}, {link #1 : g3 24}, {link #2 : g0 12}, {link #3 : g4 12},
3 : local 72, cpu 8 {link #0 : g2 24}, {link #1 : g0 24}, {link #2 : g5 12}, {link #3 : g1 12},
4 : local 72, cpu 8 {link #0 : g5 24}, {link #1 : g7 24}, {link #2 : g2 12}, {link #3 : g6 12},
5 : local 72, cpu 8 {link #0 : g6 24}, {link #1 : g4 24}, {link #2 : g7 12}, {link #3 : g3 12},
6 : local 72, cpu 8 {link #0 : g0 24}, {link #1 : g5 24}, {link #2 : g4 12}, {link #3 : g7 12},
7 : local 72, cpu 8 {link #0 : g4 24}, {link #1 : g1 24}, {link #2 : g6 12}, {link #3 : g5 12},
0 : local 72, cpu 8 {link #0 : g3 24}, {link #1 : g6 24}, {link #2 : g1 12}, {link #3 : g2 12},
1 : local 72, cpu 8 {link #0 : g7 24}, {link #1 : g2 24}, {link #2 : g3 12}, {link #3 : g0 12},
2 : local 72, cpu 8 {link #0 : g1 24}, {link #1 : g3 24}, {link #2 : g0 12}, {link #3 : g4 12},
3 : local 72, cpu 8 {link #0 : g2 24}, {link #1 : g0 24}, {link #2 : g5 12}, {link #3 : g1 12},
4 : local 72, cpu 8 {link #0 : g5 24}, {link #1 : g7 24}, {link #2 : g2 12}, {link #3 : g6 12},
5 : local 72, cpu 8 {link #0 : g6 24}, {link #1 : g4 24}, {link #2 : g7 12}, {link #3 : g3 12},
6 : local 72, cpu 8 {link #0 : g0 24}, {link #1 : g5 24}, {link #2 : g4 12}, {link #3 : g7 12},
7 : local 72, cpu 8 {link #0 : g4 24}, {link #1 : g1 24}, {link #2 : g6 12}, {link #3 : g5 12},
0 : local 72, cpu 8 {link #0 : g3 24}, {link #1 : g6 24}, {link #2 : g1 12}, {link #3 : g2 12},
1 : local 72, cpu 8 {link #0 : g7 24}, {link #1 : g2 24}, {link #2 : g3 12}, {link #3 : g0 12},
2 : local 72, cpu 8 {link #0 : g1 24}, {link #1 : g3 24}, {link #2 : g0 12}, {link #3 : g4 12},
3 : local 72, cpu 8 {link #0 : g2 24}, {link #1 : g0 24}, {link #2 : g5 12}, {link #3 : g1 12},
4 : local 72, cpu 8 {link #0 : g5 24}, {link #1 : g7 24}, {link #2 : g2 12}, {link #3 : g6 12},
5 : local 72, cpu 8 {link #0 : g6 24}, {link #1 : g4 24}, {link #2 : g7 12}, {link #3 : g3 12},
6 : local 72, cpu 8 {link #0 : g0 24}, {link #1 : g5 24}, {link #2 : g4 12}, {link #3 : g7 12},
7 : local 72, cpu 8 {link #0 : g4 24}, {link #1 : g1 24}, {link #2 : g6 12}, {link #3 : g5 12},
0 : local 72, cpu 8 {link #0 : g3 24}, {link #1 : g6 24}, {link #2 : g1 12}, {link #3 : g2 12},
1 : local 72, cpu 8 {link #0 : g7 24}, {link #1 : g2 24}, {link #2 : g3 12}, {link #3 : g0 12},
2 : local 72, cpu 8 {link #0 : g1 24}, {link #1 : g3 24}, {link #2 : g0 12}, {link #3 : g4 12},
3 : local 72, cpu 8 {link #0 : g2 24}, {link #1 : g0 24}, {link #2 : g5 12}, {link #3 : g1 12},
4 : local 72, cpu 8 {link #0 : g5 24}, {link #1 : g7 24}, {link #2 : g2 12}, {link #3 : g6 12},
5 : local 72, cpu 8 {link #0 : g6 24}, {link #1 : g4 24}, {link #2 : g7 12}, {link #3 : g3 12},
6 : local 72, cpu 8 {link #0 : g0 24}, {link #1 : g5 24}, {link #2 : g4 12}, {link #3 : g7 12},
7 : local 72, cpu 8 {link #0 : g4 24}, {link #1 : g1 24}, {link #2 : g6 12}, {link #3 : g5 12},
Set parameter WLSAccessID
Set parameter WLSSecret
Set parameter LicenseID
Set parameter TimeLimit to value 200
Set parameter MIPGap to value 0.05
Set parameter ScaleFlag to value 1
Set parameter DegenMoves to value 2
Set parameter Cuts to value 2
Set parameter LogFile to value "cppsolver.log"
Set parameter Threads to value 48
Academic license - for non-commercial use only - registered to xiaoniu.sxn@sjtu.edu.cn
Gurobi Optimizer version 9.5.2 build v9.5.2rc0 (linux64)
Thread count: 48 physical cores, 96 logical processors, using up to 48 threads
Academic license - for non-commercial use only - registered to xiaoniu.sxn@sjtu.edu.cn
Optimize a model with 131008 rows, 20345 columns and 329400 nonzeros
Model fingerprint: 0xc24b7e92
Variable types: 9 continuous, 20336 integer (20336 binary)
Coefficient statistics:
  Matrix range     [5e-09, 9e+04]
  Objective range  [1e+00, 1e+00]
  Bounds range     [1e+00, 1e+00]
  RHS range        [1e+00, 1e+05]
Warning: Model contains large matrix coefficient range
         Consider reformulating model or setting NumericFocus parameter
         to avoid numerical issues.
Found heuristic solution: objective 701172.55019
Presolve removed 111118 rows and 7 columns
Presolve time: 0.34s
Presolved: 19890 rows, 20338 columns, 96851 nonzeros
Variable types: 1 continuous, 20337 integer (20336 binary)
Warning: Markowitz tolerance tightened to 0.0625

Root simplex log...

Iteration    Objective       Primal Inf.    Dual Inf.      Time
   27602    2.8457494e+04   3.004559e+06   0.000000e+00      5s
   29172    2.8457587e+04   0.000000e+00   0.000000e+00      6s

Root relaxation: objective 2.845759e+04, 29172 iterations, 5.42 seconds (6.76 work units)

    Nodes    |    Current Node    |     Objective Bounds      |     Work
 Expl Unexpl |  Obj  Depth IntInf | Incumbent    BestBd   Gap | It/Node Time

     0     0 28457.5875    0 9201 701172.550 28457.5875  95.9%     -    6s
H    0     0                    566000.63860 28457.5875  95.0%     -    6s
H    0     0                    565894.95819 28457.5875  95.0%     -    6s
H    0     0                    294298.49841 28457.5875  90.3%     -    9s
H    0     0                    227402.45732 29526.0485  87.0%     -   13s
     0     0 29636.9538    0 7733 227402.457 29636.9538  87.0%     -   13s
H    0     0                    185434.75575 29636.9538  84.0%     -   13s
H    0     0                    168092.33924 30194.2212  82.0%     -   18s
H    0     0                    149465.58210 30194.2212  79.8%     -   18s
H    0     0                    141950.98317 30194.2212  78.7%     -   18s
H    0     0                    138373.46554 30194.2212  78.2%     -   18s
     0     0 30276.9172    0 7069 138373.466 30276.9172  78.1%     -   18s
H    0     0                    131208.54494 30874.5066  76.5%     -   22s
     0     0 30874.5066    0 7354 131208.545 30874.5066  76.5%     -   22s
H    0     0                    129839.28363 31316.4100  75.9%     -   26s
H    0     0                    125065.07751 31316.4100  75.0%     -   26s
H    0     0                    121664.35378 31316.4100  74.3%     -   26s
H    0     0                    106360.66677 31316.4100  70.6%     -   26s
     0     0 31316.4100    0 8004 106360.667 31316.4100  70.6%     -   26s
H    0     0                    98027.058673 31879.7050  67.5%     -   30s
     0     0 31879.7050    0 8330 98027.0587 31879.7050  67.5%     -   30s
     0     0 31952.1256    0 8439 98027.0587 31952.1256  67.4%     -   32s
     0     0 31977.8582    0 8684 98027.0587 31977.8582  67.4%     -   34s
H    0     0                    87911.753423 31981.8521  63.6%     -   38s
H    0     0                    83857.986029 31981.8521  61.9%     -   38s
H    0     0                    70965.433610 31981.8521  54.9%     -   38s
     0     0 31981.8521    0 8617 70965.4336 31981.8521  54.9%     -   38s
H    0     0                    68331.663288 31983.0882  53.2%     -   40s
     0     0 31983.0882    0 8562 68331.6633 31983.0882  53.2%     -   40s
     0     0 31983.6090    0 8464 68331.6633 31983.6090  53.2%     -   41s
     0     0 31983.7892    0 8464 68331.6633 31983.7892  53.2%     -   41s
H    0     0                    58855.856199 31983.7892  45.7%     -   43s
H    0     0                    57839.164858 32966.7464  43.0%     -   49s
     0     0 32966.7464    0 7748 57839.1649 32966.7464  43.0%     -   49s
H    0     0                    56469.401179 32966.7464  41.6%     -   49s
H    0     0                    50776.690041 35422.3390  30.2%     -   89s
H    0     0                    50110.025535 35422.3390  29.3%     -   89s
H    0     0                    48106.890664 35422.3390  26.4%     -   89s
H    0     0                    47756.031107 35422.3390  25.8%     -   89s
H    0     0                    47404.572404 35422.3390  25.3%     -   89s
H    0     0                    46768.706285 35422.3390  24.3%     -   89s
H    0     0                    43253.286247 35422.3390  18.1%     -   89s
H    0     0                    42474.854799 35422.3390  16.6%     -   89s
H    0     0                    42141.068225 35422.3390  15.9%     -   89s
H    0     0                    41892.728841 35422.3390  15.4%     -   89s
     0     0 35422.3390    0 2632 41892.7288 35422.3390  15.4%     -   89s
H    0     0                    41399.843170 35593.3897  14.0%     -   97s
H    0     0                    40763.873609 35593.3897  12.7%     -   97s
     0     0 35593.3897    0 1783 40763.8736 35593.3897  12.7%     -   97s
     0     0 35593.6850    0 1755 40763.8736 35593.6850  12.7%     -   99s
     0     0 36379.1444    0  536 40763.8736 36379.1444  10.8%     -  103s
H    0     0                    37664.709808 36379.1444  3.41%     -  105s

Cutting planes:
  Gomory: 74
  Lift-and-project: 107
  MIR: 1
  Zero half: 4655

Explored 1 nodes (135942 simplex iterations) in 105.34 seconds (82.25 work units)
Thread count was 48 (of 96 available processors)

Solution count 10: 37664.7 40763.9 41399.8 ... 47756

Optimal solution found (tolerance 5.00e-02)
Best objective 3.766470980769e+04, best bound 3.637914436056e+04, gap 3.4132%
coll_cache:optimal_local_rate=0.240077,0.255831,0.241408,0.264417,0.257889,0.251223,0.239849,0.251615,
coll_cache:optimal_remote_rate=0.732129,0.716375,0.730797,0.707788,0.714316,0.720982,0.732357,0.72059,
coll_cache:optimal_cpu_rate=0.0277943,0.0277943,0.0277943,0.0277943,0.0277943,0.0277943,0.0277943,0.0277943,
z=37664.7
test_result:init:feat_nbytes=56862697472
test_result:init:cache_nbytes=9154893824
test_result:init:feat_nbytes=56862697472
test_result:init:cache_nbytes=9154893824
test_result:init:feat_nbytes=56862697472
test_result:init:cache_nbytes=9154893824
test_result:init:feat_nbytes=56862697472
test_result:init:cache_nbytes=9154893824
test_result:init:feat_nbytes=56862697472
test_result:init:cache_nbytes=9154893824
test_result:init:feat_nbytes=56862697472
test_result:init:cache_nbytes=9154893824
test_result:init:feat_nbytes=56862697472
test_result:init:cache_nbytes=9154893824
test_result:init:feat_nbytes=56862697472
test_result:init:cache_nbytes=9154893824
    [Step(average) Profiler Level 1 E3 S999]
        L1  sample           0.014741 | send           0.000000
        L1  recv             0.000000 | copy           0.021705 | convert time 0.000000 | train  0.023653
        L1  feature nbytes    2.03 GB | label nbytes 0.00 Bytes
        L1  id nbytes      0.00 Bytes | graph nbytes 0.00 Bytes
        L1  miss nbytes      61.59 MB | remote nbytes    1.46 GB
        L1  num nodes               0 | num samples           0
        L1  seq duration     0.000000 | refresh duration   0.000000
    [Step(average) Profiler Level 2 E3 S999]
        L2  shuffle     0.000000 | core sample  0.000000 | id remap        0.000000
        L2  graph copy  0.000000 | id copy      0.000000 | cache feat copy 0.021705
        L2  last layer sample time 0.000000 | size 0.000000
    [Step(average) Profiler Level 3 E3 S999]
        L3  khop sample coo  0.000000 | khop sort coo      0.000000 | khop count edge     0.000000 | khop compact edge 0.000000
        L3  walk sample coo  0.000000 | walk topk total    0.000000 | walk topk step1     0.000000 | walk topk step2   0.000000
        L3  walk topk step3  0.000000 | walk topk step4    0.000000 | walk topk step5     0.000000
        L3  walk topk step6  0.000000 | walk topk step7    0.000000
        L3  remap unique     0.000000 | remap populate     0.000000 | remap mapnode       0.000000 | remap mapedge     0.000000
        L3  cache get_index  0.003610 | cache copy_index   0.000000 | cache extract_miss  0.000000
        L3  cache copy_miss  0.000000 | cache combine_miss 0.016893 | cache combine cache 0.002716 | cache combine remote 0.014744
        L3  label extract  0.000000
    [Profiler Level Percentiles E3 S999]
        p50.00_tail_logl2featcopy=0.021646
        p90.00_tail_logl2featcopy=0.022669
        p95.00_tail_logl2featcopy=0.022837
        p99.00_tail_logl2featcopy=0.023183
        p99.90_tail_logl2featcopy=0.042376
[CUDA] cuda: usage: 22.99 GB
Rank=7, Graph loaded.
!!!!dist_homo_graph enumerate latency per epoch: 0.007265, per step: 0.000058
presamping
presamping takes 34.884493827819824
Rank=1, Graph loaded.
!!!!dist_homo_graph enumerate latency per epoch: 0.021173, per step: 0.000169
presamping
presamping takes 38.4946448802948
Rank=2, Graph loaded.
!!!!dist_homo_graph enumerate latency per epoch: 0.010305, per step: 0.000082
presamping
presamping takes 38.23917627334595
Rank=6, Graph loaded.
!!!!dist_homo_graph enumerate latency per epoch: 0.007886, per step: 0.000063
presamping
presamping takes 38.15693926811218
creating_intra_node_communicator root=4, local_size=4, world_size=8
Rank=4, Graph loaded.
!!!!dist_homo_graph enumerate latency per epoch: 0.011059, per step: 0.000088
presamping
presamping takes 39.25354504585266
config:eval_tsp="2023-04-14 23:58:22"
config:num_worker=8
config:num_intra_size=4
config:root_dir=/nvme/songxiaoniu/graph-learning/wholegraph
config:graph_name=ogbn-papers100M
config:epochs=4
config:batchsize=8000
config:skip_epoch=2
config:local_step=125
config:presc_epoch=2
config:neighbors=10,25
config:hiddensize=256
config:num_layer=2
config:model=sage
config:framework=dgl
config:dataloaderworkers=0
config:dropout=0.5
config:lr=0.003
config:use_nccl=False
config:use_amp=True
config:use_collcache=True
config:cache_percentage=0.16
config:cache_policy=coll_cache_asymm_link
config:omp_thread_num=48
config:unsupervised=True
config:classnum=172
config:global_barrier=<multiprocessing.synchronize.Barrier object at 0x7f19a03c7400>
config:worker_id=0
creating_intra_node_communicator root=0, local_size=4, world_size=8
Rank=0, Graph loaded.
!!!!dist_homo_graph enumerate latency per epoch: 0.007168, per step: 0.000057
epoch=4 total_steps=500
presamping
presamping takes 37.621901750564575
start training...
[Epoch 0], time=9.085324048995972, loss=0.6931472420692444
[Epoch 1], time=7.509903430938721, loss=0.6931472420692444
[Epoch 2], time=7.515216112136841, loss=0.6931472420692444
[Epoch 3], time=7.540011405944824, loss=0.6931472420692444
|===========================================================================|
|                  PyTorch CUDA memory summary, device ID 0                 |
|---------------------------------------------------------------------------|
|            CUDA OOMs: 0            |        cudaMalloc retries: 0         |
|===========================================================================|
|        Metric         | Cur Usage  | Peak Usage | Tot Alloc  | Tot Freed  |
|---------------------------------------------------------------------------|
| Allocated memory      |  271952 KB |    1501 MB |    2336 GB |    2336 GB |
|       from large pool |  258806 KB |    1490 MB |    2322 GB |    2321 GB |
|       from small pool |   13146 KB |      18 MB |      14 GB |      14 GB |
|---------------------------------------------------------------------------|
| Active memory         |  271952 KB |    1501 MB |    2336 GB |    2336 GB |
|       from large pool |  258806 KB |    1490 MB |    2322 GB |    2321 GB |
|       from small pool |   13146 KB |      18 MB |      14 GB |      14 GB |
|---------------------------------------------------------------------------|
| GPU reserved memory   |    2802 MB |    2802 MB |    2802 MB |       0 B  |
|       from large pool |    2774 MB |    2774 MB |    2774 MB |       0 B  |
|       from small pool |      28 MB |      28 MB |      28 MB |       0 B  |
|---------------------------------------------------------------------------|
| Non-releasable memory |   82352 KB |    1231 MB |    2041 GB |    2041 GB |
|       from large pool |   77066 KB |    1221 MB |    2025 GB |    2025 GB |
|       from small pool |    5286 KB |      14 MB |      15 GB |      15 GB |
|---------------------------------------------------------------------------|
| Allocations           |      58    |      74    |  102435    |  102377    |
|       from large pool |      13    |      24    |   38769    |   38756    |
|       from small pool |      45    |      54    |   63666    |   63621    |
|---------------------------------------------------------------------------|
| Active allocs         |      58    |      74    |  102435    |  102377    |
|       from large pool |      13    |      24    |   38769    |   38756    |
|       from small pool |      45    |      54    |   63666    |   63621    |
|---------------------------------------------------------------------------|
| GPU reserved segments |      33    |      33    |      33    |       0    |
|       from large pool |      19    |      19    |      19    |       0    |
|       from small pool |      14    |      14    |      14    |       0    |
|---------------------------------------------------------------------------|
| Non-releasable allocs |      25    |      43    |   34582    |   34557    |
|       from large pool |       7    |      18    |   17941    |   17934    |
|       from small pool |      18    |      29    |   16641    |   16623    |
|---------------------------------------------------------------------------|
| Oversize allocations  |       0    |       0    |       0    |       0    |
|---------------------------------------------------------------------------|
| Oversize GPU segments |       0    |       0    |       0    |       0    |
|===========================================================================|

[TRAIN_TIME] train time is 31.652209 seconds
[EPOCH_TIME] 7.913052 seconds, maybe large due to not enough epoch skipped.
[EPOCH_TIME] 7.527829 seconds
Rank=5, Graph loaded.
!!!!dist_homo_graph enumerate latency per epoch: 0.008774, per step: 0.000070
presamping
presamping takes 38.552825689315796
Rank=3, Graph loaded.
!!!!dist_homo_graph enumerate latency per epoch: 0.021188, per step: 0.000170
presamping
presamping takes 39.379210233688354

