/usr/lib/python3/dist-packages/requests/__init__.py:89: RequestsDependencyWarning: urllib3 (1.26.12) or chardet (3.0.4) doesn't match a supported version!
  warnings.warn("urllib3 ({}) or chardet ({}) doesn't match a supported "
[W socket.cpp:601] [c10d] The client socket has failed to connect to [localhost]:12335 (errno: 99 - Cannot assign requested address).
[W socket.cpp:601] [c10d] The client socket has failed to connect to [localhost]:12335 (errno: 99 - Cannot assign requested address).
Rank=1 done reading 27764990 embedding vectors from file /nvme/songxiaoniu/graph-learning/wholegraph/ogbn_papers100M/converted/homograph_csr_row_ptr
Rank=0 done reading 27764990 embedding vectors from file /nvme/songxiaoniu/graph-learning/wholegraph/ogbn_papers100M/converted/homograph_csr_row_ptr
Rank=1 done reading 27764990 embedding vectors from file /nvme/songxiaoniu/graph-learning/wholegraph/ogbn_papers100M/converted/homograph_csr_row_ptr
Rank=0 done reading 27764990 embedding vectors from file /nvme/songxiaoniu/graph-learning/wholegraph/ogbn_papers100M/converted/homograph_csr_row_ptr
Rank=3 done reading 27764987 embedding vectors from file /nvme/songxiaoniu/graph-learning/wholegraph/ogbn_papers100M/converted/homograph_csr_row_ptr
Rank=2 done reading 27764990 embedding vectors from file /nvme/songxiaoniu/graph-learning/wholegraph/ogbn_papers100M/converted/homograph_csr_row_ptr
Rank=2 done reading 27764990 embedding vectors from file /nvme/songxiaoniu/graph-learning/wholegraph/ogbn_papers100M/converted/homograph_csr_row_ptr
Rank=3 done reading 27764987 embedding vectors from file /nvme/songxiaoniu/graph-learning/wholegraph/ogbn_papers100M/converted/homograph_csr_row_ptr
Rank=0 done reading 807031178 embedding vectors from file /nvme/songxiaoniu/graph-learning/wholegraph/ogbn_papers100M/converted/homograph_csr_col_idx
Rank=1 done reading 807031178 embedding vectors from file /nvme/songxiaoniu/graph-learning/wholegraph/ogbn_papers100M/converted/homograph_csr_col_idx
Rank=3 done reading 807031178 embedding vectors from file /nvme/songxiaoniu/graph-learning/wholegraph/ogbn_papers100M/converted/homograph_csr_col_idx
Rank=2 done reading 807031178 embedding vectors from file /nvme/songxiaoniu/graph-learning/wholegraph/ogbn_papers100M/converted/homograph_csr_col_idx
Rank=1 done reading 807031178 embedding vectors from file /nvme/songxiaoniu/graph-learning/wholegraph/ogbn_papers100M/converted/homograph_csr_col_idx
Rank=0 done reading 807031178 embedding vectors from file /nvme/songxiaoniu/graph-learning/wholegraph/ogbn_papers100M/converted/homograph_csr_col_idx
Rank=3 done reading 807031178 embedding vectors from file /nvme/songxiaoniu/graph-learning/wholegraph/ogbn_papers100M/converted/homograph_csr_col_idx
Rank=2 done reading 807031178 embedding vectors from file /nvme/songxiaoniu/graph-learning/wholegraph/ogbn_papers100M/converted/homograph_csr_col_idx
[2023-04-14 17:45:31.629398: E /samgraph/3rdparty/collcachelib/coll_cache_lib/freq_recorder.cc:337] bulk append 7708274 into 0
[2023-04-14 17:45:31.678159: E /samgraph/3rdparty/collcachelib/coll_cache_lib/freq_recorder.cc:347] bulk append 54688053
[2023-04-14 17:45:31.682155: E /samgraph/3rdparty/collcachelib/coll_cache_lib/freq_recorder.cc:337] bulk append 7714568 into 7708274
[2023-04-14 17:45:31.727637: E /samgraph/3rdparty/collcachelib/coll_cache_lib/freq_recorder.cc:347] bulk append 54731565
[2023-04-14 17:45:31.731008: E /samgraph/3rdparty/collcachelib/coll_cache_lib/freq_recorder.cc:337] bulk append 7708157 into 15422842
[2023-04-14 17:45:31.771827: E /samgraph/3rdparty/collcachelib/coll_cache_lib/freq_recorder.cc:347] bulk append 54714242
[2023-04-14 17:45:31.775204: E /samgraph/3rdparty/collcachelib/coll_cache_lib/freq_recorder.cc:337] bulk append 7711637 into 23130999
[2023-04-14 17:45:31.816149: E /samgraph/3rdparty/collcachelib/coll_cache_lib/freq_recorder.cc:347] bulk append 54698417
[2023-04-14 17:45:31.819507: E /samgraph/3rdparty/collcachelib/coll_cache_lib/freq_recorder.cc:337] bulk append 7708231 into 30842636
[2023-04-14 17:45:31.860466: E /samgraph/3rdparty/collcachelib/coll_cache_lib/freq_recorder.cc:347] bulk append 54696488
[2023-04-14 17:45:31.863842: E /samgraph/3rdparty/collcachelib/coll_cache_lib/freq_recorder.cc:337] bulk append 7715574 into 38550867
[2023-04-14 17:45:31.905691: E /samgraph/3rdparty/collcachelib/coll_cache_lib/freq_recorder.cc:347] bulk append 54740815
[2023-04-14 17:45:31.909072: E /samgraph/3rdparty/collcachelib/coll_cache_lib/freq_recorder.cc:337] bulk append 7707470 into 46266441
[2023-04-14 17:45:31.950887: E /samgraph/3rdparty/collcachelib/coll_cache_lib/freq_recorder.cc:347] bulk append 54717967
[2023-04-14 17:45:31.954261: E /samgraph/3rdparty/collcachelib/coll_cache_lib/freq_recorder.cc:337] bulk append 7713704 into 53973911
[2023-04-14 17:45:31.994885: E /samgraph/3rdparty/collcachelib/coll_cache_lib/freq_recorder.cc:347] bulk append 54735250
[2023-04-14 17:45:31.998359: E /samgraph/3rdparty/collcachelib/coll_cache_lib/freq_recorder.cc:337] bulk append 7709601 into 61687615
[2023-04-14 17:45:32. 39838: E /samgraph/3rdparty/collcachelib/coll_cache_lib/freq_recorder.cc:347] bulk append 54660986
[2023-04-14 17:45:32. 43212: E /samgraph/3rdparty/collcachelib/coll_cache_lib/freq_recorder.cc:337] bulk append 7713159 into 69397216
[2023-04-14 17:45:32. 84055: E /samgraph/3rdparty/collcachelib/coll_cache_lib/freq_recorder.cc:347] bulk append 54711548
[2023-04-14 17:45:32. 87927: E /samgraph/3rdparty/collcachelib/coll_cache_lib/freq_recorder.cc:337] bulk append 7439343 into 77110375
[2023-04-14 17:45:32.127426: E /samgraph/3rdparty/collcachelib/coll_cache_lib/freq_recorder.cc:347] bulk append 57336808
[2023-04-14 17:45:32.130762: E /samgraph/3rdparty/collcachelib/coll_cache_lib/freq_recorder.cc:337] bulk append 7442540 into 84549718
[2023-04-14 17:45:32.170619: E /samgraph/3rdparty/collcachelib/coll_cache_lib/freq_recorder.cc:347] bulk append 57424209
[2023-04-14 17:45:32.173945: E /samgraph/3rdparty/collcachelib/coll_cache_lib/freq_recorder.cc:337] bulk append 7438924 into 91992258
[2023-04-14 17:45:32.214299: E /samgraph/3rdparty/collcachelib/coll_cache_lib/freq_recorder.cc:347] bulk append 57397744
[2023-04-14 17:45:32.217636: E /samgraph/3rdparty/collcachelib/coll_cache_lib/freq_recorder.cc:337] bulk append 7442534 into 99431182
[2023-04-14 17:45:32.257259: E /samgraph/3rdparty/collcachelib/coll_cache_lib/freq_recorder.cc:347] bulk append 57399490
[2023-04-14 17:45:32.260572: E /samgraph/3rdparty/collcachelib/coll_cache_lib/freq_recorder.cc:337] bulk append 7439493 into 106873716
[2023-04-14 17:45:32.300912: E /samgraph/3rdparty/collcachelib/coll_cache_lib/freq_recorder.cc:347] bulk append 57350040
[2023-04-14 17:45:32.304226: E /samgraph/3rdparty/collcachelib/coll_cache_lib/freq_recorder.cc:337] bulk append 7445759 into 114313209
[2023-04-14 17:45:32.343632: E /samgraph/3rdparty/collcachelib/coll_cache_lib/freq_recorder.cc:347] bulk append 57434455
[2023-04-14 17:45:32.346971: E /samgraph/3rdparty/collcachelib/coll_cache_lib/freq_recorder.cc:337] bulk append 7437791 into 121758968
[2023-04-14 17:45:32.387430: E /samgraph/3rdparty/collcachelib/coll_cache_lib/freq_recorder.cc:347] bulk append 57400792
[2023-04-14 17:45:32.390765: E /samgraph/3rdparty/collcachelib/coll_cache_lib/freq_recorder.cc:337] bulk append 7444406 into 129196759
[2023-04-14 17:45:32.431209: E /samgraph/3rdparty/collcachelib/coll_cache_lib/freq_recorder.cc:347] bulk append 57413720
[2023-04-14 17:45:32.434534: E /samgraph/3rdparty/collcachelib/coll_cache_lib/freq_recorder.cc:337] bulk append 7437890 into 136641165
[2023-04-14 17:45:32.475047: E /samgraph/3rdparty/collcachelib/coll_cache_lib/freq_recorder.cc:347] bulk append 57325342
[2023-04-14 17:45:32.478366: E /samgraph/3rdparty/collcachelib/coll_cache_lib/freq_recorder.cc:337] bulk append 7442880 into 144079055
[2023-04-14 17:45:32.518927: E /samgraph/3rdparty/collcachelib/coll_cache_lib/freq_recorder.cc:347] bulk append 57401474
[2023-04-14 17:45:32.522264: E /samgraph/3rdparty/collcachelib/coll_cache_lib/freq_recorder.cc:337] bulk append 7286051 into 151521935
[2023-04-14 17:45:32.561124: E /samgraph/3rdparty/collcachelib/coll_cache_lib/freq_recorder.cc:347] bulk append 57469092
[2023-04-14 17:45:32.564446: E /samgraph/3rdparty/collcachelib/coll_cache_lib/freq_recorder.cc:337] bulk append 7290696 into 158807986
[2023-04-14 17:45:32.603260: E /samgraph/3rdparty/collcachelib/coll_cache_lib/freq_recorder.cc:347] bulk append 57549370
[2023-04-14 17:45:32.606576: E /samgraph/3rdparty/collcachelib/coll_cache_lib/freq_recorder.cc:337] bulk append 7283743 into 166098682
[2023-04-14 17:45:32.646418: E /samgraph/3rdparty/collcachelib/coll_cache_lib/freq_recorder.cc:347] bulk append 57519554
[2023-04-14 17:45:32.649741: E /samgraph/3rdparty/collcachelib/coll_cache_lib/freq_recorder.cc:337] bulk append 7287809 into 173382425
[2023-04-14 17:45:32.688570: E /samgraph/3rdparty/collcachelib/coll_cache_lib/freq_recorder.cc:347] bulk append 57561203
[2023-04-14 17:45:32.691884: E /samgraph/3rdparty/collcachelib/coll_cache_lib/freq_recorder.cc:337] bulk append 7286043 into 180670234
[2023-04-14 17:45:32.730751: E /samgraph/3rdparty/collcachelib/coll_cache_lib/freq_recorder.cc:347] bulk append 57461705
[2023-04-14 17:45:32.734073: E /samgraph/3rdparty/collcachelib/coll_cache_lib/freq_recorder.cc:337] bulk append 7290514 into 187956277
[2023-04-14 17:45:32.772898: E /samgraph/3rdparty/collcachelib/coll_cache_lib/freq_recorder.cc:347] bulk append 57558705
[2023-04-14 17:45:32.776201: E /samgraph/3rdparty/collcachelib/coll_cache_lib/freq_recorder.cc:337] bulk append 7283297 into 195246791
[2023-04-14 17:45:32.816101: E /samgraph/3rdparty/collcachelib/coll_cache_lib/freq_recorder.cc:347] bulk append 57510377
[2023-04-14 17:45:32.819412: E /samgraph/3rdparty/collcachelib/coll_cache_lib/freq_recorder.cc:337] bulk append 7289144 into 202530088
[2023-04-14 17:45:32.858313: E /samgraph/3rdparty/collcachelib/coll_cache_lib/freq_recorder.cc:347] bulk append 57522461
[2023-04-14 17:45:32.861626: E /samgraph/3rdparty/collcachelib/coll_cache_lib/freq_recorder.cc:337] bulk append 7286420 into 209819232
[2023-04-14 17:45:32.900623: E /samgraph/3rdparty/collcachelib/coll_cache_lib/freq_recorder.cc:347] bulk append 57468397
[2023-04-14 17:45:32.903925: E /samgraph/3rdparty/collcachelib/coll_cache_lib/freq_recorder.cc:337] bulk append 7288334 into 217105652
[2023-04-14 17:45:32.943756: E /samgraph/3rdparty/collcachelib/coll_cache_lib/freq_recorder.cc:347] bulk append 57522984
[2023-04-14 17:45:32.947088: E /samgraph/3rdparty/collcachelib/coll_cache_lib/freq_recorder.cc:337] bulk append 7287078 into 224393986
[2023-04-14 17:45:32.985966: E /samgraph/3rdparty/collcachelib/coll_cache_lib/freq_recorder.cc:347] bulk append 57487900
[2023-04-14 17:45:32.989307: E /samgraph/3rdparty/collcachelib/coll_cache_lib/freq_recorder.cc:337] bulk append 7288456 into 231681064
[2023-04-14 17:45:33. 29116: E /samgraph/3rdparty/collcachelib/coll_cache_lib/freq_recorder.cc:347] bulk append 57569137
[2023-04-14 17:45:33. 32433: E /samgraph/3rdparty/collcachelib/coll_cache_lib/freq_recorder.cc:337] bulk append 7284799 into 238969520
[2023-04-14 17:45:33. 71246: E /samgraph/3rdparty/collcachelib/coll_cache_lib/freq_recorder.cc:347] bulk append 57551862
[2023-04-14 17:45:33. 74589: E /samgraph/3rdparty/collcachelib/coll_cache_lib/freq_recorder.cc:337] bulk append 7288301 into 246254319
[2023-04-14 17:45:33.115564: E /samgraph/3rdparty/collcachelib/coll_cache_lib/freq_recorder.cc:347] bulk append 57567003
[2023-04-14 17:45:33.118946: E /samgraph/3rdparty/collcachelib/coll_cache_lib/freq_recorder.cc:337] bulk append 7283428 into 253542620
[2023-04-14 17:45:33.161135: E /samgraph/3rdparty/collcachelib/coll_cache_lib/freq_recorder.cc:347] bulk append 57473591
[2023-04-14 17:45:33.164456: E /samgraph/3rdparty/collcachelib/coll_cache_lib/freq_recorder.cc:337] bulk append 7289190 into 260826048
[2023-04-14 17:45:33.206672: E /samgraph/3rdparty/collcachelib/coll_cache_lib/freq_recorder.cc:347] bulk append 57582681
[2023-04-14 17:45:33.209958: E /samgraph/3rdparty/collcachelib/coll_cache_lib/freq_recorder.cc:337] bulk append 7283105 into 268115238
[2023-04-14 17:45:33.252168: E /samgraph/3rdparty/collcachelib/coll_cache_lib/freq_recorder.cc:347] bulk append 57518476
[2023-04-14 17:45:33.255498: E /samgraph/3rdparty/collcachelib/coll_cache_lib/freq_recorder.cc:337] bulk append 7288254 into 275398343
[2023-04-14 17:45:33.296670: E /samgraph/3rdparty/collcachelib/coll_cache_lib/freq_recorder.cc:347] bulk append 57546273
[2023-04-14 17:45:33.300035: E /samgraph/3rdparty/collcachelib/coll_cache_lib/freq_recorder.cc:337] bulk append 7284675 into 282686597
[2023-04-14 17:45:33.340156: E /samgraph/3rdparty/collcachelib/coll_cache_lib/freq_recorder.cc:347] bulk append 57476987
[2023-04-14 17:45:33.343539: E /samgraph/3rdparty/collcachelib/coll_cache_lib/freq_recorder.cc:337] bulk append 7286568 into 289971272
[2023-04-14 17:45:33.383370: E /samgraph/3rdparty/collcachelib/coll_cache_lib/freq_recorder.cc:347] bulk append 57540233
[2023-04-14 17:45:33.386751: E /samgraph/3rdparty/collcachelib/coll_cache_lib/freq_recorder.cc:337] bulk append 7348342 into 297257840
[2023-04-14 17:45:33.426095: E /samgraph/3rdparty/collcachelib/coll_cache_lib/freq_recorder.cc:347] bulk append 57694006
[2023-04-14 17:45:33.429416: E /samgraph/3rdparty/collcachelib/coll_cache_lib/freq_recorder.cc:337] bulk append 7349929 into 304606182
[2023-04-14 17:45:33.468682: E /samgraph/3rdparty/collcachelib/coll_cache_lib/freq_recorder.cc:347] bulk append 57787824
[2023-04-14 17:45:33.472012: E /samgraph/3rdparty/collcachelib/coll_cache_lib/freq_recorder.cc:337] bulk append 7347419 into 311956111
[2023-04-14 17:45:33.511983: E /samgraph/3rdparty/collcachelib/coll_cache_lib/freq_recorder.cc:347] bulk append 57767895
[2023-04-14 17:45:33.515308: E /samgraph/3rdparty/collcachelib/coll_cache_lib/freq_recorder.cc:337] bulk append 7348603 into 319303530
[2023-04-14 17:45:33.554616: E /samgraph/3rdparty/collcachelib/coll_cache_lib/freq_recorder.cc:347] bulk append 57786886
[2023-04-14 17:45:33.557942: E /samgraph/3rdparty/collcachelib/coll_cache_lib/freq_recorder.cc:337] bulk append 7347129 into 326652133
[2023-04-14 17:45:33.598029: E /samgraph/3rdparty/collcachelib/coll_cache_lib/freq_recorder.cc:347] bulk append 57710132
[2023-04-14 17:45:33.601359: E /samgraph/3rdparty/collcachelib/coll_cache_lib/freq_recorder.cc:337] bulk append 7351259 into 333999262
[2023-04-14 17:45:33.640606: E /samgraph/3rdparty/collcachelib/coll_cache_lib/freq_recorder.cc:347] bulk append 57803677
[2023-04-14 17:45:33.643938: E /samgraph/3rdparty/collcachelib/coll_cache_lib/freq_recorder.cc:337] bulk append 7347147 into 341350521
[2023-04-14 17:45:33.683215: E /samgraph/3rdparty/collcachelib/coll_cache_lib/freq_recorder.cc:347] bulk append 57749234
[2023-04-14 17:45:33.686535: E /samgraph/3rdparty/collcachelib/coll_cache_lib/freq_recorder.cc:337] bulk append 7353245 into 348697668
[2023-04-14 17:45:33.726701: E /samgraph/3rdparty/collcachelib/coll_cache_lib/freq_recorder.cc:347] bulk append 57782604
[2023-04-14 17:45:33.730029: E /samgraph/3rdparty/collcachelib/coll_cache_lib/freq_recorder.cc:337] bulk append 7345459 into 356050913
[2023-04-14 17:45:33.770047: E /samgraph/3rdparty/collcachelib/coll_cache_lib/freq_recorder.cc:347] bulk append 57711136
[2023-04-14 17:45:33.773374: E /samgraph/3rdparty/collcachelib/coll_cache_lib/freq_recorder.cc:337] bulk append 7350914 into 363396372
[2023-04-14 17:45:33.812690: E /samgraph/3rdparty/collcachelib/coll_cache_lib/freq_recorder.cc:347] bulk append 57770002
[2023-04-14 17:45:33.816025: E /samgraph/3rdparty/collcachelib/coll_cache_lib/freq_recorder.cc:337] bulk append 7487598 into 370747286
[2023-04-14 17:45:33.856906: E /samgraph/3rdparty/collcachelib/coll_cache_lib/freq_recorder.cc:347] bulk append 56804929
[2023-04-14 17:45:33.860337: E /samgraph/3rdparty/collcachelib/coll_cache_lib/freq_recorder.cc:337] bulk append 7492757 into 378234884
[2023-04-14 17:45:33.900745: E /samgraph/3rdparty/collcachelib/coll_cache_lib/freq_recorder.cc:347] bulk append 56897474
[2023-04-14 17:45:33.904140: E /samgraph/3rdparty/collcachelib/coll_cache_lib/freq_recorder.cc:337] bulk append 7488092 into 385727641
[2023-04-14 17:45:33.944653: E /samgraph/3rdparty/collcachelib/coll_cache_lib/freq_recorder.cc:347] bulk append 56844249
[2023-04-14 17:45:33.948043: E /samgraph/3rdparty/collcachelib/coll_cache_lib/freq_recorder.cc:337] bulk append 7493189 into 393215733
[2023-04-14 17:45:33.988534: E /samgraph/3rdparty/collcachelib/coll_cache_lib/freq_recorder.cc:347] bulk append 56879962
[2023-04-14 17:45:33.991897: E /samgraph/3rdparty/collcachelib/coll_cache_lib/freq_recorder.cc:337] bulk append 7484899 into 400708922
[2023-04-14 17:45:34. 32514: E /samgraph/3rdparty/collcachelib/coll_cache_lib/freq_recorder.cc:347] bulk append 56801908
[2023-04-14 17:45:34. 35879: E /samgraph/3rdparty/collcachelib/coll_cache_lib/freq_recorder.cc:337] bulk append 7493263 into 408193821
[2023-04-14 17:45:34. 76615: E /samgraph/3rdparty/collcachelib/coll_cache_lib/freq_recorder.cc:347] bulk append 56897288
[2023-04-14 17:45:34. 79996: E /samgraph/3rdparty/collcachelib/coll_cache_lib/freq_recorder.cc:337] bulk append 7486437 into 415687084
[2023-04-14 17:45:34.120689: E /samgraph/3rdparty/collcachelib/coll_cache_lib/freq_recorder.cc:347] bulk append 56841040
[2023-04-14 17:45:34.124051: E /samgraph/3rdparty/collcachelib/coll_cache_lib/freq_recorder.cc:337] bulk append 7494425 into 423173521
[2023-04-14 17:45:34.164757: E /samgraph/3rdparty/collcachelib/coll_cache_lib/freq_recorder.cc:347] bulk append 56873225
[2023-04-14 17:45:34.168112: E /samgraph/3rdparty/collcachelib/coll_cache_lib/freq_recorder.cc:337] bulk append 7485627 into 430667946
[2023-04-14 17:45:34.208761: E /samgraph/3rdparty/collcachelib/coll_cache_lib/freq_recorder.cc:347] bulk append 56798644
[2023-04-14 17:45:34.212116: E /samgraph/3rdparty/collcachelib/coll_cache_lib/freq_recorder.cc:337] bulk append 7490731 into 438153573
[2023-04-14 17:45:34.253006: E /samgraph/3rdparty/collcachelib/coll_cache_lib/freq_recorder.cc:347] bulk append 56872809
[2023-04-14 17:45:34.256374: E /samgraph/3rdparty/collcachelib/coll_cache_lib/freq_recorder.cc:337] bulk append 7624453 into 445644304
[2023-04-14 17:45:34.297476: E /samgraph/3rdparty/collcachelib/coll_cache_lib/freq_recorder.cc:347] bulk append 54424504
[2023-04-14 17:45:34.300784: E /samgraph/3rdparty/collcachelib/coll_cache_lib/freq_recorder.cc:337] bulk append 7626198 into 453268757
[2023-04-14 17:45:34.341862: E /samgraph/3rdparty/collcachelib/coll_cache_lib/freq_recorder.cc:347] bulk append 54479493
[2023-04-14 17:45:34.345183: E /samgraph/3rdparty/collcachelib/coll_cache_lib/freq_recorder.cc:337] bulk append 7625453 into 460894955
[2023-04-14 17:45:34.386318: E /samgraph/3rdparty/collcachelib/coll_cache_lib/freq_recorder.cc:347] bulk append 54475552
[2023-04-14 17:45:34.389630: E /samgraph/3rdparty/collcachelib/coll_cache_lib/freq_recorder.cc:337] bulk append 7628909 into 468520408
[2023-04-14 17:45:34.430491: E /samgraph/3rdparty/collcachelib/coll_cache_lib/freq_recorder.cc:347] bulk append 54468755
[2023-04-14 17:45:34.433811: E /samgraph/3rdparty/collcachelib/coll_cache_lib/freq_recorder.cc:337] bulk append 7627034 into 476149317
[2023-04-14 17:45:34.474666: E /samgraph/3rdparty/collcachelib/coll_cache_lib/freq_recorder.cc:347] bulk append 54439790
[2023-04-14 17:45:34.477975: E /samgraph/3rdparty/collcachelib/coll_cache_lib/freq_recorder.cc:337] bulk append 7630621 into 483776351
[2023-04-14 17:45:34.519159: E /samgraph/3rdparty/collcachelib/coll_cache_lib/freq_recorder.cc:347] bulk append 54501009
[2023-04-14 17:45:34.522484: E /samgraph/3rdparty/collcachelib/coll_cache_lib/freq_recorder.cc:337] bulk append 7623295 into 491406972
[2023-04-14 17:45:34.563489: E /samgraph/3rdparty/collcachelib/coll_cache_lib/freq_recorder.cc:347] bulk append 54425607
[2023-04-14 17:45:34.566778: E /samgraph/3rdparty/collcachelib/coll_cache_lib/freq_recorder.cc:337] bulk append 7630897 into 499030267
[2023-04-14 17:45:34.607590: E /samgraph/3rdparty/collcachelib/coll_cache_lib/freq_recorder.cc:347] bulk append 54477504
[2023-04-14 17:45:34.610905: E /samgraph/3rdparty/collcachelib/coll_cache_lib/freq_recorder.cc:337] bulk append 7623233 into 506661164
[2023-04-14 17:45:34.651707: E /samgraph/3rdparty/collcachelib/coll_cache_lib/freq_recorder.cc:347] bulk append 54401952
[2023-04-14 17:45:34.655012: E /samgraph/3rdparty/collcachelib/coll_cache_lib/freq_recorder.cc:337] bulk append 7627755 into 514284397
[2023-04-14 17:45:34.696143: E /samgraph/3rdparty/collcachelib/coll_cache_lib/freq_recorder.cc:347] bulk append 54474692
[2023-04-14 17:45:34.699453: E /samgraph/3rdparty/collcachelib/coll_cache_lib/freq_recorder.cc:337] bulk append 7481497 into 521912152
[2023-04-14 17:45:34.739049: E /samgraph/3rdparty/collcachelib/coll_cache_lib/freq_recorder.cc:347] bulk append 51223395
[2023-04-14 17:45:34.742379: E /samgraph/3rdparty/collcachelib/coll_cache_lib/freq_recorder.cc:337] bulk append 7489083 into 529393649
[2023-04-14 17:45:34.781798: E /samgraph/3rdparty/collcachelib/coll_cache_lib/freq_recorder.cc:347] bulk append 51331421
[2023-04-14 17:45:34.785128: E /samgraph/3rdparty/collcachelib/coll_cache_lib/freq_recorder.cc:337] bulk append 7479907 into 536882732
[2023-04-14 17:45:34.825052: E /samgraph/3rdparty/collcachelib/coll_cache_lib/freq_recorder.cc:347] bulk append 51291048
[2023-04-14 17:45:34.828343: E /samgraph/3rdparty/collcachelib/coll_cache_lib/freq_recorder.cc:337] bulk append 7487399 into 544362639
[2023-04-14 17:45:34.867836: E /samgraph/3rdparty/collcachelib/coll_cache_lib/freq_recorder.cc:347] bulk append 51312476
[2023-04-14 17:45:34.871171: E /samgraph/3rdparty/collcachelib/coll_cache_lib/freq_recorder.cc:337] bulk append 7479763 into 551850038
[2023-04-14 17:45:34.910598: E /samgraph/3rdparty/collcachelib/coll_cache_lib/freq_recorder.cc:347] bulk append 51262255
[2023-04-14 17:45:34.913924: E /samgraph/3rdparty/collcachelib/coll_cache_lib/freq_recorder.cc:337] bulk append 7487870 into 559329801
[2023-04-14 17:45:34.954332: E /samgraph/3rdparty/collcachelib/coll_cache_lib/freq_recorder.cc:347] bulk append 51353213
[2023-04-14 17:45:34.957669: E /samgraph/3rdparty/collcachelib/coll_cache_lib/freq_recorder.cc:337] bulk append 7481478 into 566817671
[2023-04-14 17:45:34.998171: E /samgraph/3rdparty/collcachelib/coll_cache_lib/freq_recorder.cc:347] bulk append 51278936
[2023-04-14 17:45:35.  1502: E /samgraph/3rdparty/collcachelib/coll_cache_lib/freq_recorder.cc:337] bulk append 7487494 into 574299149
[2023-04-14 17:45:35. 41001: E /samgraph/3rdparty/collcachelib/coll_cache_lib/freq_recorder.cc:347] bulk append 51328661
[2023-04-14 17:45:35. 44319: E /samgraph/3rdparty/collcachelib/coll_cache_lib/freq_recorder.cc:337] bulk append 7480752 into 581786643
[2023-04-14 17:45:35. 83878: E /samgraph/3rdparty/collcachelib/coll_cache_lib/freq_recorder.cc:347] bulk append 51235184
[2023-04-14 17:45:35. 87221: E /samgraph/3rdparty/collcachelib/coll_cache_lib/freq_recorder.cc:337] bulk append 7486320 into 589267395
[2023-04-14 17:45:35.126718: E /samgraph/3rdparty/collcachelib/coll_cache_lib/freq_recorder.cc:347] bulk append 51318253
[2023-04-14 17:45:35.130066: E /samgraph/3rdparty/collcachelib/coll_cache_lib/freq_recorder.cc:266] freq recorder global combining
[2023-04-14 17:45:35.130124[: 2023-04-14 17:45:35E. [130128[[/samgraph/3rdparty/collcachelib/coll_cache_lib/facade.cc[2023-04-14 17:45:35[: 2023-04-14 17:45:352023-04-14 17:45:35:2023-04-14 17:45:35.2023-04-14 17:45:35E..409.130133. 130133130133] 130136: 130137/samgraph/3rdparty/collcachelib/coll_cache_lib/facade.cc: : before scale, dtype is 0, dim is 128: E: :EE
E E409   /samgraph/3rdparty/collcachelib/coll_cache_lib/facade.cc[ ] /samgraph/3rdparty/collcachelib/coll_cache_lib/facade.cc/samgraph/3rdparty/collcachelib/coll_cache_lib/facade.cc/samgraph/3rdparty/collcachelib/coll_cache_lib/facade.cc:2023-04-14 17:45:35/samgraph/3rdparty/collcachelib/coll_cache_lib/facade.ccbefore scale, dtype is 0, dim is 128:::409.:
409409409] 130275409] ] [] before scale, dtype is 0, dim is 128: ] before scale, dtype is 0, dim is 128before scale, dtype is 0, dim is 1282023-04-14 17:45:35before scale, dtype is 0, dim is 128
Ebefore scale, dtype is 0, dim is 128

.
 [
130345[[/samgraph/3rdparty/collcachelib/coll_cache_lib/facade.cc2023-04-14 17:45:35[: 2023-04-14 17:45:352023-04-14 17:45:35[:.2023-04-14 17:45:35E..2023-04-14 17:45:35415130398. 130407130409.] : 130415/samgraph/3rdparty/collcachelib/coll_cache_lib/facade.cc: : 130425after scale, dtype is 7, new dim is 32E: :EE: 
 E415  E/samgraph/3rdparty/collcachelib/coll_cache_lib/facade.cc ] /samgraph/3rdparty/collcachelib/coll_cache_lib/facade.cc/samgraph/3rdparty/collcachelib/coll_cache_lib/facade.cc :/samgraph/3rdparty/collcachelib/coll_cache_lib/facade.ccafter scale, dtype is 7, new dim is 32::/samgraph/3rdparty/collcachelib/coll_cache_lib/facade.cc415:
415415:] 415] ] 415after scale, dtype is 7, new dim is 32] after scale, dtype is 7, new dim is 32after scale, dtype is 7, new dim is 32] 
after scale, dtype is 7, new dim is 32

after scale, dtype is 7, new dim is 32

[2023-04-14 17:45:35.133834: E /samgraph/3rdparty/collcachelib/coll_cache_lib/coll_cache/asymm_link_desc.cc:181] v100x8, slow pcie
[2023-04-14 17:45:35.133870: E /samgraph/3rdparty/collcachelib/coll_cache_lib/coll_cache/asymm_link_desc.cc:207] assigning 0 to cpu
[2023-04-14 17:45:35.133938: E /samgraph/3rdparty/collcachelib/coll_cache_lib/coll_cache/asymm_link_desc.cc:224] build asymm link desc with 8X Tesla V100-SXM2-32GB out of 8
[2023-04-14 17:45:35.133976: E /samgraph/3rdparty/collcachelib/coll_cache_lib/coll_cache/asymm_link_desc.cc:225] remote time is 15.5556
[2023-04-14 17:45:35.134002: E /samgraph/3rdparty/collcachelib/coll_cache_lib/coll_cache/asymm_link_desc.cc:226] cpu time is 102.941
[2023-04-14 17:45:35.134053: E /samgraph/3rdparty/collcachelib/coll_cache_lib/facade.cc:425] registering cpu data with 8.00 GB
[2023-04-14 17:45:35.134117: E /samgraph/3rdparty/collcachelib/coll_cache_lib/coll_cache/asymm_link_desc.cc:181] v100x8, slow pcie
[2023-04-14 17:45:35.134150: E /samgraph/3rdparty/collcachelib/coll_cache_lib/coll_cache/asymm_link_desc.cc:207] assigning 0 to cpu[
2023-04-14 17:45:35.134165: E /samgraph/3rdparty/collcachelib/coll_cache_lib/coll_cache/asymm_link_desc.cc:181] v100x8, slow pcie
[2023-04-14 17:45:35.[1342062023-04-14 17:45:35: [.E2023-04-14 17:45:35134209 .: /samgraph/3rdparty/collcachelib/coll_cache_lib/coll_cache/asymm_link_desc.cc134216E::  [207E/samgraph/3rdparty/collcachelib/coll_cache_lib/coll_cache/asymm_link_desc.cc2023-04-14 17:45:35]  :.assigning 0 to cpu/samgraph/3rdparty/collcachelib/coll_cache_lib/coll_cache/asymm_link_desc.cc224134260
:] : 181build asymm link desc with 8X Tesla V100-SXM2-32GB out of 8E] [
 v100x8, slow pcie2023-04-14 17:45:35/samgraph/3rdparty/collcachelib/coll_cache_lib/coll_cache/asymm_link_desc.cc
.:[134313[181[2023-04-14 17:45:35[: 2023-04-14 17:45:35] 2023-04-14 17:45:35.2023-04-14 17:45:35E.v100x8, slow pcie.134343. 134350
134353: 134355/samgraph/3rdparty/collcachelib/coll_cache_lib/coll_cache/asymm_link_desc.cc: : E: [:EE E2023-04-14 17:45:35181  /samgraph/3rdparty/collcachelib/coll_cache_lib/coll_cache/asymm_link_desc.cc .] /samgraph/3rdparty/collcachelib/coll_cache_lib/coll_cache/asymm_link_desc.cc/samgraph/3rdparty/collcachelib/coll_cache_lib/coll_cache/asymm_link_desc.cc:/samgraph/3rdparty/collcachelib/coll_cache_lib/coll_cache/asymm_link_desc.cc134416v100x8, slow pcie::225:: 
224207] 181E] ] [remote time is 15.5556]  build asymm link desc with 8X Tesla V100-SXM2-32GB out of 8assigning 0 to cpu2023-04-14 17:45:35
v100x8, slow pcie/samgraph/3rdparty/collcachelib/coll_cache_lib/coll_cache/asymm_link_desc.cc

.
[:1345182023-04-14 17:45:35[207[: .2023-04-14 17:45:35] [2023-04-14 17:45:35E134568.assigning 0 to cpu2023-04-14 17:45:35. : 134586
.134590/samgraph/3rdparty/collcachelib/coll_cache_lib/coll_cache/asymm_link_desc.ccE: 134602: : E: E207/samgraph/3rdparty/collcachelib/coll_cache_lib/coll_cache/asymm_link_desc.cc E[ ] :/samgraph/3rdparty/collcachelib/coll_cache_lib/coll_cache/asymm_link_desc.cc 2023-04-14 17:45:35/samgraph/3rdparty/collcachelib/coll_cache_lib/coll_cache/asymm_link_desc.ccassigning 0 to cpu226:/samgraph/3rdparty/collcachelib/coll_cache_lib/coll_cache/asymm_link_desc.cc.:
] 225:134692207cpu time is 102.941] 224: [] 
remote time is 15.5556] E2023-04-14 17:45:35assigning 0 to cpu
build asymm link desc with 8X Tesla V100-SXM2-32GB out of 8 .
[
[/samgraph/3rdparty/collcachelib/coll_cache_lib/coll_cache/asymm_link_desc.cc1347802023-04-14 17:45:352023-04-14 17:45:35:: .[.224E1348142023-04-14 17:45:35134819[]  : .: 2023-04-14 17:45:35build asymm link desc with 8X Tesla V100-SXM2-32GB out of 8/samgraph/3rdparty/collcachelib/coll_cache_lib/coll_cache/asymm_link_desc.ccE134848E.
: /samgraph/3rdparty/collcachelib/coll_cache_lib/coll_cache/asymm_link_desc.cc:  134865224:E/samgraph/3rdparty/collcachelib/coll_cache_lib/facade.cc[: ] 226 :2023-04-14 17:45:35Ebuild asymm link desc with 8X Tesla V100-SXM2-32GB out of 8] /samgraph/3rdparty/collcachelib/coll_cache_lib/coll_cache/asymm_link_desc.cc425. 
cpu time is 102.941:] 134936/samgraph/3rdparty/collcachelib/coll_cache_lib/coll_cache/asymm_link_desc.cc
225registering cpu data with 8.00 GB: :[] 
E2242023-04-14 17:45:35remote time is 15.5556 ] .
/samgraph/3rdparty/collcachelib/coll_cache_lib/coll_cache/asymm_link_desc.ccbuild asymm link desc with 8X Tesla V100-SXM2-32GB out of 8[134998:
[2023-04-14 17:45:35: 2252023-04-14 17:45:35.E[] .135031 2023-04-14 17:45:35remote time is 15.5556135047: /samgraph/3rdparty/collcachelib/coll_cache_lib/coll_cache/asymm_link_desc.cc.
: E:135069E [225:  /samgraph/3rdparty/collcachelib/coll_cache_lib/facade.cc2023-04-14 17:45:35] E/samgraph/3rdparty/collcachelib/coll_cache_lib/coll_cache/asymm_link_desc.cc:.remote time is 15.5556 :425135116
/samgraph/3rdparty/collcachelib/coll_cache_lib/coll_cache/asymm_link_desc.cc226[] : :] 2023-04-14 17:45:35registering cpu data with 8.00 GBE225cpu time is 102.941.
 ] 
135190/samgraph/3rdparty/collcachelib/coll_cache_lib/coll_cache/asymm_link_desc.ccremote time is 15.5556: :
E226 [] /samgraph/3rdparty/collcachelib/coll_cache_lib/coll_cache/asymm_link_desc.cc[2023-04-14 17:45:35cpu time is 102.941:2023-04-14 17:45:35.
226.135267] 135268: cpu time is 102.941: E
E [ /samgraph/3rdparty/collcachelib/coll_cache_lib/coll_cache/asymm_link_desc.cc2023-04-14 17:45:35/samgraph/3rdparty/collcachelib/coll_cache_lib/facade.cc:.:226135335425] : ] [cpu time is 102.941Eregistering cpu data with 8.00 GB2023-04-14 17:45:35
 
./samgraph/3rdparty/collcachelib/coll_cache_lib/facade.cc135370:: 425E]  registering cpu data with 8.00 GB[/samgraph/3rdparty/collcachelib/coll_cache_lib/facade.cc
2023-04-14 17:45:35:.425135442] : registering cpu data with 8.00 GBE
 /samgraph/3rdparty/collcachelib/coll_cache_lib/facade.cc:425] registering cpu data with 8.00 GB
[2023-04-14 17:45:37.437329: E /samgraph/3rdparty/collcachelib/coll_cache_lib/facade.cc:427] registering cpu data done.
[2023-04-14 17:45:37.437558: E /samgraph/3rdparty/collcachelib/coll_cache_lib/facade.cc:427] registering cpu data done.
[2023-04-14 17:45:37.437851: E /samgraph/3rdparty/collcachelib/coll_cache_lib/facade.cc:427] registering cpu data done.
[2023-04-14 17:45:37.438625: E /samgraph/3rdparty/collcachelib/coll_cache_lib/facade.cc:427] registering cpu data done.
[2023-04-14 17:45:37.438890: E /samgraph/3rdparty/collcachelib/coll_cache_lib/facade.cc:427] registering cpu data done.
[2023-04-14 17:45:37.439134: E /samgraph/3rdparty/collcachelib/coll_cache_lib/facade.cc:427] registering cpu data done.
[2023-04-14 17:45:37.440961: E /samgraph/3rdparty/collcachelib/coll_cache_lib/facade.cc:427] registering cpu data done.
[2023-04-14 17:45:59.909386: E /samgraph/3rdparty/collcachelib/coll_cache_lib/freq_recorder.cc:269] freq recorder global combine from 596753715 to 103464978
[2023-04-14 17:46:03.377608: E /samgraph/3rdparty/collcachelib/coll_cache_lib/freq_recorder.cc:286] top 5 freq is 2000,2000,2000,2000,2000
[2023-04-14 17:46:03.377854: E /samgraph/3rdparty/collcachelib/coll_cache_lib/facade.cc:409] before scale, dtype is 0, dim is 128
[2023-04-14 17:46:03.377894: E /samgraph/3rdparty/collcachelib/coll_cache_lib/facade.cc:415] after scale, dtype is 7, new dim is 32
[2023-04-14 17:46:03.378563: E /samgraph/3rdparty/collcachelib/coll_cache_lib/coll_cache/asymm_link_desc.cc:181] v100x8, slow pcie
[2023-04-14 17:46:03.378603: E /samgraph/3rdparty/collcachelib/coll_cache_lib/coll_cache/asymm_link_desc.cc:207] assigning 0 to cpu
[2023-04-14 17:46:03.378682: E /samgraph/3rdparty/collcachelib/coll_cache_lib/coll_cache/asymm_link_desc.cc:224] build asymm link desc with 8X Tesla V100-SXM2-32GB out of 8
[2023-04-14 17:46:03.378730: E /samgraph/3rdparty/collcachelib/coll_cache_lib/coll_cache/asymm_link_desc.cc:225] remote time is 15.5556
[2023-04-14 17:46:03.378766: E /samgraph/3rdparty/collcachelib/coll_cache_lib/coll_cache/asymm_link_desc.cc:226] cpu time is 102.941
[2023-04-14 17:46:03.378839: E /samgraph/3rdparty/collcachelib/coll_cache_lib/facade.cc:425] registering cpu data with 8.00 GB
[2023-04-14 17:46:03.823837: E /samgraph/3rdparty/collcachelib/coll_cache_lib/facade.cc:427] registering cpu data done.
[2023-04-14 17:46:03.823925: E /samgraph/3rdparty/collcachelib/coll_cache_lib/facade.cc:174] creating solver
[2023-04-14 17:46:03.823952: E /samgraph/3rdparty/collcachelib/coll_cache_lib/facade.cc:214] solver created. now build & solve
[2023-04-14 17:46:04.813482: E /samgraph/3rdparty/collcachelib/coll_cache_lib/facade.cc:218] solver built. now solve
block 0 storage is 00010001
	access is	0	0	0	0	4	4	4	4	
block 1 storage is 00100010
	access is	1	1	1	1	5	5	5	5	
block 2 storage is 01000100
	access is	2	2	2	2	6	6	6	6	
block 3 storage is 10001000
	access is	3	3	3	3	7	7	7	7	
block 4 storage is 00000000
	access is	8	8	8	8	8	8	8	8	
[2023-04-14 17:46:05. 77273: E /samgraph/3rdparty/collcachelib/coll_cache_lib/facade.cc:222] solver solved
[2023-04-14 17:46:05.105891: E /samgraph/3rdparty/collcachelib/coll_cache_lib/facade.cc:437] 0 solved master
[2023-04-14 17:46:05.105945: E /samgraph/3rdparty/collcachelib/coll_cache_lib/facade.cc:444] 0 solved
[2023-04-14 17:46:05.105973: E /samgraph/3rdparty/collcachelib/coll_cache_lib/facade.cc:447] worker 0 thread 0 initing device 0
[2023-04-14 17:46:05.106580: E /samgraph/3rdparty/collcachelib/coll_cache_lib/cache_context.cu:2320] Building Coll Cache with ... num gpu device is 8
[2023-04-14 17:46:05.106659: E /samgraph/3rdparty/collcachelib/coll_cache_lib/cuda/cache_hashtable.cuh:611] per src size local is 1221758
[2023-04-14 17:46:05.123630: E /samgraph/3rdparty/collcachelib/coll_cache_lib/facade.cc:444] 7 solved
[2023-04-14 17:46:05.123689: E /samgraph/3rdparty/collcachelib/coll_cache_lib/facade.cc:447] worker 0 thread 7 initing device 7
[2023-04-14 17:46:05.123732: E /samgraph/3rdparty/collcachelib/coll_cache_lib/facade.cc:444] 6 solved
[2023-04-14 17:46:05.123803: E /samgraph/3rdparty/collcachelib/coll_cache_lib/facade.cc:447] worker 0 thread 6 initing device 6
[2023-04-14 17:46:05.124018: E /samgraph/3rdparty/collcachelib/coll_cache_lib/cache_context.cu:2320] Building Coll Cache with ... num gpu device is 8
[2023-04-14 17:46:05.124171: E /samgraph/3rdparty/collcachelib/coll_cache_lib/cache_context.cu:2320] Building Coll Cache with ... num gpu device is 8
[2023-04-14 17:46:05.154215: E /samgraph/3rdparty/collcachelib/coll_cache_lib/facade.cc:444] 4 solved
[2023-04-14 17:46:05.154298: E /samgraph/3rdparty/collcachelib/coll_cache_lib/facade.cc:447] worker 0 thread 4 initing device 4
[2023-04-14 17:46:05.154647: E /samgraph/3rdparty/collcachelib/coll_cache_lib/cache_context.cu:2320] Building Coll Cache with ... num gpu device is 8
[2023-04-14 17:46:05.157151: E /samgraph/3rdparty/collcachelib/coll_cache_lib/facade.cc:444] 1 solved
[2023-04-14 17:46:05.157205: E /samgraph/3rdparty/collcachelib/coll_cache_lib/facade.cc:447] worker 0 thread 1 initing device 1
[2023-04-14 17:46:05.157530: E /samgraph/3rdparty/collcachelib/coll_cache_lib/cache_context.cu:2320] Building Coll Cache with ... num gpu device is 8
[2023-04-14 17:46:05.161152: E /samgraph/3rdparty/collcachelib/coll_cache_lib/facade.cc:444] 2 solved
[2023-04-14 17:46:05.161209: E /samgraph/3rdparty/collcachelib/coll_cache_lib/facade.cc:447] worker 0 thread 2 initing device 2
[2023-04-14 17:46:05.161288: E /samgraph/3rdparty/collcachelib/coll_cache_lib/facade.cc:444] 3 solved
[2023-04-14 17:46:05.161366: E /samgraph/3rdparty/collcachelib/coll_cache_lib/facade.cc:447] worker 0 thread 3 initing device 3
[2023-04-14 17:46:05.161542: E /samgraph/3rdparty/collcachelib/coll_cache_lib/cache_context.cu:2320] Building Coll Cache with ... num gpu device is 8
[2023-04-14 17:46:05.161727: E /samgraph/3rdparty/collcachelib/coll_cache_lib/cache_context.cu:2320] Building Coll Cache with ... num gpu device is 8
[2023-04-14 17:46:05.173180: E /samgraph/3rdparty/collcachelib/coll_cache_lib/cache_context.cu:2362] num cpu nodes is 106617560
[2023-04-14 17:46:05.174404: E /samgraph/3rdparty/collcachelib/coll_cache_lib/facade.cc:444] 5 solved
[2023-04-14 17:46:05.174480: E /samgraph/3rdparty/collcachelib/coll_cache_lib/facade.cc:447] worker 0 thread 5 initing device 5
[2023-04-14 17:46:05.174831: E /samgraph/3rdparty/collcachelib/coll_cache_lib/cache_context.cu:2320] Building Coll Cache with ... num gpu device is 8
[2023-04-14 17:46:05.174911: E /samgraph/3rdparty/collcachelib/coll_cache_lib/cache_context.cu:2362] num cpu nodes is 106617560
[2023-04-14 17:46:05.187198: E /samgraph/3rdparty/collcachelib/coll_cache_lib/cache_context.cu:2362] num cpu nodes is 106617560
[2023-04-14 17:46:05.209935: E /samgraph/3rdparty/collcachelib/coll_cache_lib/cache_context.cu:2362] num cpu nodes is 106617560
[2023-04-14 17:46:05.217735: E /samgraph/3rdparty/collcachelib/coll_cache_lib/cache_context.cu:2362] num cpu nodes is 106617560
[2023-04-14 17:46:05.219771: E /samgraph/3rdparty/collcachelib/coll_cache_lib/cache_context.cu:2362] num cpu nodes is 106617560
[2023-04-14 17:46:05.227222: E /samgraph/3rdparty/collcachelib/coll_cache_lib/cache_context.cu:2362] num cpu nodes is 106617560
[2023-04-14 17:46:05.231051: E /samgraph/3rdparty/collcachelib/coll_cache_lib/cache_context.cu:2362] num cpu nodes is 106617560
[2023-04-14 17:46:05.240734: E /samgraph/3rdparty/collcachelib/coll_cache_lib/cuda/cache_hashtable.cu:355] create a hashtable with 4442396 possible elem, scale to 16777216
[2023-04-14 17:46:05.240802: E /samgraph/3rdparty/collcachelib/coll_cache_lib/cuda/cache_hashtable.cu:360] SimpleHashTable allocating 128.00 MB
[2023-04-14 17:46:05.260862: E /samgraph/3rdparty/collcachelib/coll_cache_lib/cuda/cache_hashtable.cu:355] create a hashtable with 4442396 possible elem, scale to 16777216
[2023-04-14 17:46:05.260944: E /samgraph/3rdparty/collcachelib/coll_cache_lib/cuda/cache_hashtable.cu:360] SimpleHashTable allocating 128.00 MB
[2023-04-14 17:46:05.273000: E /samgraph/3rdparty/collcachelib/coll_cache_lib/cuda/cache_hashtable.cu:355] create a hashtable with 4442396 possible elem, scale to 16777216
[2023-04-14 17:46:05.273060: E /samgraph/3rdparty/collcachelib/coll_cache_lib/cuda/cache_hashtable.cu:360] SimpleHashTable allocating 128.00 MB
[2023-04-14 17:46:05.277230: E /samgraph/3rdparty/collcachelib/coll_cache_lib/cuda/cache_hashtable.cu:355] create a hashtable with 4442396 possible elem, scale to 16777216
[2023-04-14 17:46:05.277286: E /samgraph/3rdparty/collcachelib/coll_cache_lib/cuda/cache_hashtable.cu:360] SimpleHashTable allocating 128.00 MB
[2023-04-14 17:46:05.305564: E /samgraph/3rdparty/collcachelib/coll_cache_lib/cuda/cache_hashtable.cu:355] create a hashtable with 4442396 possible elem, scale to 16777216
[2023-04-14 17:46:05.305635: E /samgraph/3rdparty/collcachelib/coll_cache_lib/cuda/cache_hashtable.cu:360] SimpleHashTable allocating 128.00 MB
[2023-04-14 17:46:05.306220: E /samgraph/3rdparty/collcachelib/coll_cache_lib/cuda/cache_hashtable.cu:355] create a hashtable with 4442396 possible elem, scale to 16777216
[2023-04-14 17:46:05.306271: E /samgraph/3rdparty/collcachelib/coll_cache_lib/cuda/cache_hashtable.cu:360] SimpleHashTable allocating 128.00 MB
[2023-04-14 17:46:05.314839: E /samgraph/3rdparty/collcachelib/coll_cache_lib/cuda/cache_hashtable.cu:355] create a hashtable with 4442396 possible elem, scale to 16777216
[2023-04-14 17:46:05.314908: E /samgraph/3rdparty/collcachelib/coll_cache_lib/cuda/cache_hashtable.cu:360] SimpleHashTable allocating 128.00 MB
[2023-04-14 17:46:05.317294: E /samgraph/3rdparty/collcachelib/coll_cache_lib/cuda/cache_hashtable.cu:355] create a hashtable with 4442396 possible elem, scale to 16777216
[2023-04-14 17:46:05.317356: E /samgraph/3rdparty/collcachelib/coll_cache_lib/cuda/cache_hashtable.cu:360] SimpleHashTable allocating 128.00 MB
[2023-04-14 17:46:05.376835: E /samgraph/3rdparty/collcachelib/coll_cache_lib/common.cc:107] too many mem allocated for forcescale?1221659->111060
[2023-04-14 17:46:05.377198: E /samgraph/3rdparty/collcachelib/coll_cache_lib/common.cc:107] too many mem allocated for forcescale?1221659->111060
[2023-04-14 17:46:05.380954: E /samgraph/3rdparty/collcachelib/coll_cache_lib/cache_context.cu:2439] Asymm Coll cache (policy: clique_part) | local 1110599 / 111059956 nodes ( 1.00 %~1.00 %) | remote 3331797 / 111059956 nodes ( 3.00 %) | cpu 106617560 / 111059956 nodes ( 96.00 %) | 596.51 MB | 0.20609 secs 
[2023-04-14 17:46:05.384064: E /samgraph/3rdparty/collcachelib/coll_cache_lib/cache_context.cu:2439] Asymm Coll cache (policy: clique_part) | local 1110599 / 111059956 nodes ( 1.00 %~1.00 %) | remote 3331797 / 111059956 nodes ( 3.00 %) | cpu 106617560 / 111059956 nodes ( 96.00 %) | 596.51 MB | 0.222469 secs 
[2023-04-14 17:46:05.392754: E /samgraph/3rdparty/collcachelib/coll_cache_lib/common.cc:107] too many mem allocated for forcescale?1221659->111060
[2023-04-14 17:46:05.393372: E /samgraph/3rdparty/collcachelib/coll_cache_lib/common.cc:107] too many mem allocated for forcescale?1221659->111060
[2023-04-14 17:46:05.394067: E /samgraph/3rdparty/collcachelib/coll_cache_lib/common.cc:107] too many mem allocated for forcescale?1221659->111060
[2023-04-14 17:46:05.394347: E /samgraph/3rdparty/collcachelib/coll_cache_lib/common.cc:107] too many mem allocated for forcescale?1221659->111060
[2023-04-14 17:46:05.394413: E /samgraph/3rdparty/collcachelib/coll_cache_lib/common.cc:107] too many mem allocated for forcescale?1221659->111060
[2023-04-14 17:46:05.394504: E /samgraph/3rdparty/collcachelib/coll_cache_lib/common.cc:107] too many mem allocated for forcescale?1221659->111060
[2023-04-14 17:46:05.409029: E /samgraph/3rdparty/collcachelib/coll_cache_lib/cache_context.cu:2439] Asymm Coll cache (policy: clique_part) | local 1110599 / 111059956 nodes ( 1.00 %~1.00 %) | remote 3331797 / 111059956 nodes ( 3.00 %) | cpu 106617560 / 111059956 nodes ( 96.00 %) | 596.51 MB | 0.254349 secs 
[2023-04-14 17:46:05.411427: E /samgraph/3rdparty/collcachelib/coll_cache_lib/cache_context.cu:2439] Asymm Coll cache (policy: clique_part) | local 1110599 / 111059956 nodes ( 1.00 %~1.00 %) | remote 3331797 / 111059956 nodes ( 3.00 %) | cpu 106617560 / 111059956 nodes ( 96.00 %) | 596.51 MB | 0.249665 secs 
[2023-04-14 17:46:05.411512: E /samgraph/3rdparty/collcachelib/coll_cache_lib/cache_context.cu:2439] Asymm Coll cache (policy: clique_part) | local 1110599 / 111059956 nodes ( 1.00 %~1.00 %) | remote 3331797 / 111059956 nodes ( 3.00 %) | cpu 106617560 / 111059956 nodes ( 96.00 %) | 596.51 MB | 0.304898 secs 
[2023-04-14 17:46:05.422540: E /samgraph/3rdparty/collcachelib/coll_cache_lib/cache_context.cu:2439] Asymm Coll cache (policy: clique_part) | local 1110599 / 111059956 nodes ( 1.00 %~1.00 %) | remote 3331797 / 111059956 nodes ( 3.00 %) | cpu 106617560 / 111059956 nodes ( 96.00 %) | 596.51 MB | 0.264978 secs 
[2023-04-14 17:46:05.424549: E /samgraph/3rdparty/collcachelib/coll_cache_lib/cache_context.cu:2439] Asymm Coll cache (policy: clique_part) | local 1110599 / 111059956 nodes ( 1.00 %~1.00 %) | remote 3331797 / 111059956 nodes ( 3.00 %) | cpu 106617560 / 111059956 nodes ( 96.00 %) | 596.51 MB | 0.300341 secs 
[2023-04-14 17:46:05.424984: E /samgraph/3rdparty/collcachelib/coll_cache_lib/cache_context.cu:2439] Asymm Coll cache (policy: clique_part) | local 1110599 / 111059956 nodes ( 1.00 %~1.00 %) | remote 3331797 / 111059956 nodes ( 3.00 %) | cpu 106617560 / 111059956 nodes ( 96.00 %) | 596.51 MB | 0.300928 secs 
/usr/local/lib/python3.8/dist-packages/torch/nn/parallel/scatter_gather.py:9: UserWarning: is_namedtuple is deprecated, please use the python checks instead
  warnings.warn("is_namedtuple is deprecated, please use the python checks instead")
/usr/local/lib/python3.8/dist-packages/torch/nn/parallel/scatter_gather.py:9: UserWarning: is_namedtuple is deprecated, please use the python checks instead
  warnings.warn("is_namedtuple is deprecated, please use the python checks instead")
/usr/local/lib/python3.8/dist-packages/torch/nn/parallel/scatter_gather.py:9: UserWarning: is_namedtuple is deprecated, please use the python checks instead
  warnings.warn("is_namedtuple is deprecated, please use the python checks instead")
/usr/local/lib/python3.8/dist-packages/torch/nn/parallel/scatter_gather.py:9: UserWarning: is_namedtuple is deprecated, please use the python checks instead
  warnings.warn("is_namedtuple is deprecated, please use the python checks instead")
/usr/local/lib/python3.8/dist-packages/torch/nn/parallel/scatter_gather.py:9: UserWarning: is_namedtuple is deprecated, please use the python checks instead
  warnings.warn("is_namedtuple is deprecated, please use the python checks instead")
/usr/local/lib/python3.8/dist-packages/torch/nn/parallel/scatter_gather.py:9: UserWarning: is_namedtuple is deprecated, please use the python checks instead
  warnings.warn("is_namedtuple is deprecated, please use the python checks instead")
/usr/local/lib/python3.8/dist-packages/torch/nn/parallel/scatter_gather.py:9: UserWarning: is_namedtuple is deprecated, please use the python checks instead
  warnings.warn("is_namedtuple is deprecated, please use the python checks instead")
/usr/local/lib/python3.8/dist-packages/torch/nn/parallel/scatter_gather.py:9: UserWarning: is_namedtuple is deprecated, please use the python checks instead
  warnings.warn("is_namedtuple is deprecated, please use the python checks instead")
