/usr/lib/python3/dist-packages/requests/__init__.py:89: RequestsDependencyWarning: urllib3 (1.26.12) or chardet (3.0.4) doesn't match a supported version!
  warnings.warn("urllib3 ({}) or chardet ({}) doesn't match a supported "
Rank=2 done reading 27764990 embedding vectors from file /nvme/songxiaoniu/graph-learning/wholegraph/ogbn_papers100M/converted/homograph_csr_row_ptr
Rank=3 done reading 27764987 embedding vectors from file /nvme/songxiaoniu/graph-learning/wholegraph/ogbn_papers100M/converted/homograph_csr_row_ptr
Rank=1 done reading 27764990 embedding vectors from file /nvme/songxiaoniu/graph-learning/wholegraph/ogbn_papers100M/converted/homograph_csr_row_ptr
Rank=0 done reading 27764990 embedding vectors from file /nvme/songxiaoniu/graph-learning/wholegraph/ogbn_papers100M/converted/homograph_csr_row_ptr
Rank=1 done reading 27764990 embedding vectors from file /nvme/songxiaoniu/graph-learning/wholegraph/ogbn_papers100M/converted/homograph_csr_row_ptr
Rank=0 done reading 27764990 embedding vectors from file /nvme/songxiaoniu/graph-learning/wholegraph/ogbn_papers100M/converted/homograph_csr_row_ptr
Rank=2 done reading 27764990 embedding vectors from file /nvme/songxiaoniu/graph-learning/wholegraph/ogbn_papers100M/converted/homograph_csr_row_ptr
Rank=3 done reading 27764987 embedding vectors from file /nvme/songxiaoniu/graph-learning/wholegraph/ogbn_papers100M/converted/homograph_csr_row_ptr
Rank=2 done reading 807031178 embedding vectors from file /nvme/songxiaoniu/graph-learning/wholegraph/ogbn_papers100M/converted/homograph_csr_col_idx
Rank=3 done reading 807031178 embedding vectors from file /nvme/songxiaoniu/graph-learning/wholegraph/ogbn_papers100M/converted/homograph_csr_col_idx
Rank=1 done reading 807031178 embedding vectors from file /nvme/songxiaoniu/graph-learning/wholegraph/ogbn_papers100M/converted/homograph_csr_col_idx
Rank=0 done reading 807031178 embedding vectors from file /nvme/songxiaoniu/graph-learning/wholegraph/ogbn_papers100M/converted/homograph_csr_col_idx
Rank=2 done reading 807031178 embedding vectors from file /nvme/songxiaoniu/graph-learning/wholegraph/ogbn_papers100M/converted/homograph_csr_col_idx
Rank=3 done reading 807031178 embedding vectors from file /nvme/songxiaoniu/graph-learning/wholegraph/ogbn_papers100M/converted/homograph_csr_col_idx
Rank=1 done reading 807031178 embedding vectors from file /nvme/songxiaoniu/graph-learning/wholegraph/ogbn_papers100M/converted/homograph_csr_col_idx
Rank=0 done reading 807031178 embedding vectors from file /nvme/songxiaoniu/graph-learning/wholegraph/ogbn_papers100M/converted/homograph_csr_col_idx
[2023-04-14 19:53:26.973584: E /samgraph/3rdparty/collcachelib/coll_cache_lib/freq_recorder.cc:337] bulk append 6392966 into 0
[2023-04-14 19:53:27.  4603: E /samgraph/3rdparty/collcachelib/coll_cache_lib/freq_recorder.cc:347] bulk append 28194666
[2023-04-14 19:53:27.  6292: E /samgraph/3rdparty/collcachelib/coll_cache_lib/freq_recorder.cc:337] bulk append 6391140 into 6392966
[2023-04-14 19:53:27. 37455: E /samgraph/3rdparty/collcachelib/coll_cache_lib/freq_recorder.cc:347] bulk append 28221059
[2023-04-14 19:53:27. 39121: E /samgraph/3rdparty/collcachelib/coll_cache_lib/freq_recorder.cc:337] bulk append 6391275 into 12784106
[2023-04-14 19:53:27. 70337: E /samgraph/3rdparty/collcachelib/coll_cache_lib/freq_recorder.cc:347] bulk append 28205756
[2023-04-14 19:53:27. 71996: E /samgraph/3rdparty/collcachelib/coll_cache_lib/freq_recorder.cc:337] bulk append 6393141 into 19175381
[2023-04-14 19:53:27.102991: E /samgraph/3rdparty/collcachelib/coll_cache_lib/freq_recorder.cc:347] bulk append 28217129
[2023-04-14 19:53:27.104635: E /samgraph/3rdparty/collcachelib/coll_cache_lib/freq_recorder.cc:337] bulk append 6390139 into 25568522
[2023-04-14 19:53:27.135647: E /samgraph/3rdparty/collcachelib/coll_cache_lib/freq_recorder.cc:347] bulk append 28199842
[2023-04-14 19:53:27.137299: E /samgraph/3rdparty/collcachelib/coll_cache_lib/freq_recorder.cc:337] bulk append 6393145 into 31958661
[2023-04-14 19:53:27.168305: E /samgraph/3rdparty/collcachelib/coll_cache_lib/freq_recorder.cc:347] bulk append 28223994
[2023-04-14 19:53:27.169977: E /samgraph/3rdparty/collcachelib/coll_cache_lib/freq_recorder.cc:337] bulk append 6391100 into 38351806
[2023-04-14 19:53:27.201185: E /samgraph/3rdparty/collcachelib/coll_cache_lib/freq_recorder.cc:347] bulk append 28217968
[2023-04-14 19:53:27.202852: E /samgraph/3rdparty/collcachelib/coll_cache_lib/freq_recorder.cc:337] bulk append 6392116 into 44742906
[2023-04-14 19:53:27.234069: E /samgraph/3rdparty/collcachelib/coll_cache_lib/freq_recorder.cc:347] bulk append 28224642
[2023-04-14 19:53:27.235725: E /samgraph/3rdparty/collcachelib/coll_cache_lib/freq_recorder.cc:337] bulk append 6392192 into 51135022
[2023-04-14 19:53:27.266694: E /samgraph/3rdparty/collcachelib/coll_cache_lib/freq_recorder.cc:347] bulk append 28177359
[2023-04-14 19:53:27.268326: E /samgraph/3rdparty/collcachelib/coll_cache_lib/freq_recorder.cc:337] bulk append 6393092 into 57527214
[2023-04-14 19:53:27.299300: E /samgraph/3rdparty/collcachelib/coll_cache_lib/freq_recorder.cc:347] bulk append 28210616
[2023-04-14 19:53:27.300989: E /samgraph/3rdparty/collcachelib/coll_cache_lib/freq_recorder.cc:337] bulk append 6190202 into 63920306
[2023-04-14 19:53:27.331117: E /samgraph/3rdparty/collcachelib/coll_cache_lib/freq_recorder.cc:347] bulk append 29570143
[2023-04-14 19:53:27.332776: E /samgraph/3rdparty/collcachelib/coll_cache_lib/freq_recorder.cc:337] bulk append 6191806 into 70110508
[2023-04-14 19:53:27.363073: E /samgraph/3rdparty/collcachelib/coll_cache_lib/freq_recorder.cc:347] bulk append 29603825
[2023-04-14 19:53:27.364719: E /samgraph/3rdparty/collcachelib/coll_cache_lib/freq_recorder.cc:337] bulk append 6193994 into 76302314
[2023-04-14 19:53:27.395075: E /samgraph/3rdparty/collcachelib/coll_cache_lib/freq_recorder.cc:347] bulk append 29608722
[2023-04-14 19:53:27.396721: E /samgraph/3rdparty/collcachelib/coll_cache_lib/freq_recorder.cc:337] bulk append 6192775 into 82496308
[2023-04-14 19:53:27.427025: E /samgraph/3rdparty/collcachelib/coll_cache_lib/freq_recorder.cc:347] bulk append 29610982
[2023-04-14 19:53:27.428676: E /samgraph/3rdparty/collcachelib/coll_cache_lib/freq_recorder.cc:337] bulk append 6190499 into 88689083
[2023-04-14 19:53:27.458805: E /samgraph/3rdparty/collcachelib/coll_cache_lib/freq_recorder.cc:347] bulk append 29567623
[2023-04-14 19:53:27.460449: E /samgraph/3rdparty/collcachelib/coll_cache_lib/freq_recorder.cc:337] bulk append 6193864 into 94879582
[2023-04-14 19:53:27.490512: E /samgraph/3rdparty/collcachelib/coll_cache_lib/freq_recorder.cc:347] bulk append 29603580
[2023-04-14 19:53:27.492155: E /samgraph/3rdparty/collcachelib/coll_cache_lib/freq_recorder.cc:337] bulk append 6189999 into 101073446
[2023-04-14 19:53:27.522237: E /samgraph/3rdparty/collcachelib/coll_cache_lib/freq_recorder.cc:347] bulk append 29590630
[2023-04-14 19:53:27.523872: E /samgraph/3rdparty/collcachelib/coll_cache_lib/freq_recorder.cc:337] bulk append 6193476 into 107263445
[2023-04-14 19:53:27.553916: E /samgraph/3rdparty/collcachelib/coll_cache_lib/freq_recorder.cc:347] bulk append 29585584
[2023-04-14 19:53:27.555558: E /samgraph/3rdparty/collcachelib/coll_cache_lib/freq_recorder.cc:337] bulk append 6191973 into 113456921
[2023-04-14 19:53:27.585617: E /samgraph/3rdparty/collcachelib/coll_cache_lib/freq_recorder.cc:347] bulk append 29576108
[2023-04-14 19:53:27.587272: E /samgraph/3rdparty/collcachelib/coll_cache_lib/freq_recorder.cc:337] bulk append 6192744 into 119648894
[2023-04-14 19:53:27.617314: E /samgraph/3rdparty/collcachelib/coll_cache_lib/freq_recorder.cc:347] bulk append 29598951
[2023-04-14 19:53:27.618980: E /samgraph/3rdparty/collcachelib/coll_cache_lib/freq_recorder.cc:337] bulk append 6057074 into 125841638
[2023-04-14 19:53:27.648502: E /samgraph/3rdparty/collcachelib/coll_cache_lib/freq_recorder.cc:347] bulk append 29659645
[2023-04-14 19:53:27.650139: E /samgraph/3rdparty/collcachelib/coll_cache_lib/freq_recorder.cc:337] bulk append 6059635 into 131898712
[2023-04-14 19:53:27.679840: E /samgraph/3rdparty/collcachelib/coll_cache_lib/freq_recorder.cc:347] bulk append 29709279
[2023-04-14 19:53:27.681498: E /samgraph/3rdparty/collcachelib/coll_cache_lib/freq_recorder.cc:337] bulk append 6055047 into 137958347
[2023-04-14 19:53:27.711210: E /samgraph/3rdparty/collcachelib/coll_cache_lib/freq_recorder.cc:347] bulk append 29689302
[2023-04-14 19:53:27.712839: E /samgraph/3rdparty/collcachelib/coll_cache_lib/freq_recorder.cc:337] bulk append 6057513 into 144013394
[2023-04-14 19:53:27.742625: E /samgraph/3rdparty/collcachelib/coll_cache_lib/freq_recorder.cc:347] bulk append 29709081
[2023-04-14 19:53:27.744266: E /samgraph/3rdparty/collcachelib/coll_cache_lib/freq_recorder.cc:337] bulk append 6055431 into 150070907
[2023-04-14 19:53:27.773756: E /samgraph/3rdparty/collcachelib/coll_cache_lib/freq_recorder.cc:347] bulk append 29656783
[2023-04-14 19:53:27.775383: E /samgraph/3rdparty/collcachelib/coll_cache_lib/freq_recorder.cc:337] bulk append 6059790 into 156126338
[2023-04-14 19:53:27.804862: E /samgraph/3rdparty/collcachelib/coll_cache_lib/freq_recorder.cc:347] bulk append 29703317
[2023-04-14 19:53:27.806501: E /samgraph/3rdparty/collcachelib/coll_cache_lib/freq_recorder.cc:337] bulk append 6053953 into 162186128
[2023-04-14 19:53:27.836176: E /samgraph/3rdparty/collcachelib/coll_cache_lib/freq_recorder.cc:347] bulk append 29675130
[2023-04-14 19:53:27.837804: E /samgraph/3rdparty/collcachelib/coll_cache_lib/freq_recorder.cc:337] bulk append 6059492 into 168240081
[2023-04-14 19:53:27.867265: E /samgraph/3rdparty/collcachelib/coll_cache_lib/freq_recorder.cc:347] bulk append 29690584
[2023-04-14 19:53:27.868897: E /samgraph/3rdparty/collcachelib/coll_cache_lib/freq_recorder.cc:337] bulk append 6057568 into 174299573
[2023-04-14 19:53:27.898598: E /samgraph/3rdparty/collcachelib/coll_cache_lib/freq_recorder.cc:347] bulk append 29659729
[2023-04-14 19:53:27.900222: E /samgraph/3rdparty/collcachelib/coll_cache_lib/freq_recorder.cc:337] bulk append 6056724 into 180357141
[2023-04-14 19:53:27.929950: E /samgraph/3rdparty/collcachelib/coll_cache_lib/freq_recorder.cc:347] bulk append 29685150
[2023-04-14 19:53:27.931597: E /samgraph/3rdparty/collcachelib/coll_cache_lib/freq_recorder.cc:337] bulk append 6053530 into 186413865
[2023-04-14 19:53:27.961144: E /samgraph/3rdparty/collcachelib/coll_cache_lib/freq_recorder.cc:347] bulk append 29646361
[2023-04-14 19:53:27.962803: E /samgraph/3rdparty/collcachelib/coll_cache_lib/freq_recorder.cc:337] bulk append 6052876 into 192467395
[2023-04-14 19:53:27.992537: E /samgraph/3rdparty/collcachelib/coll_cache_lib/freq_recorder.cc:347] bulk append 29702719
[2023-04-14 19:53:27.994207: E /samgraph/3rdparty/collcachelib/coll_cache_lib/freq_recorder.cc:337] bulk append 6053807 into 198520271
[2023-04-14 19:53:28. 23690: E /samgraph/3rdparty/collcachelib/coll_cache_lib/freq_recorder.cc:347] bulk append 29678109
[2023-04-14 19:53:28. 25353: E /samgraph/3rdparty/collcachelib/coll_cache_lib/freq_recorder.cc:337] bulk append 6055736 into 204574078
[2023-04-14 19:53:28. 54830: E /samgraph/3rdparty/collcachelib/coll_cache_lib/freq_recorder.cc:347] bulk append 29685363
[2023-04-14 19:53:28. 56487: E /samgraph/3rdparty/collcachelib/coll_cache_lib/freq_recorder.cc:337] bulk append 6053024 into 210629814
[2023-04-14 19:53:28. 86157: E /samgraph/3rdparty/collcachelib/coll_cache_lib/freq_recorder.cc:347] bulk append 29641287
[2023-04-14 19:53:28. 87808: E /samgraph/3rdparty/collcachelib/coll_cache_lib/freq_recorder.cc:337] bulk append 6055997 into 216682838
[2023-04-14 19:53:28.117541: E /samgraph/3rdparty/collcachelib/coll_cache_lib/freq_recorder.cc:347] bulk append 29688375
[2023-04-14 19:53:28.119190: E /samgraph/3rdparty/collcachelib/coll_cache_lib/freq_recorder.cc:337] bulk append 6050425 into 222738835
[2023-04-14 19:53:28.148654: E /samgraph/3rdparty/collcachelib/coll_cache_lib/freq_recorder.cc:347] bulk append 29671259
[2023-04-14 19:53:28.150316: E /samgraph/3rdparty/collcachelib/coll_cache_lib/freq_recorder.cc:337] bulk append 6054886 into 228789260
[2023-04-14 19:53:28.179800: E /samgraph/3rdparty/collcachelib/coll_cache_lib/freq_recorder.cc:347] bulk append 29677373
[2023-04-14 19:53:28.181502: E /samgraph/3rdparty/collcachelib/coll_cache_lib/freq_recorder.cc:337] bulk append 6054090 into 234844146
[2023-04-14 19:53:28.211102: E /samgraph/3rdparty/collcachelib/coll_cache_lib/freq_recorder.cc:347] bulk append 29648474
[2023-04-14 19:53:28.212749: E /samgraph/3rdparty/collcachelib/coll_cache_lib/freq_recorder.cc:337] bulk append 6055132 into 240898236
[2023-04-14 19:53:28.242543: E /samgraph/3rdparty/collcachelib/coll_cache_lib/freq_recorder.cc:347] bulk append 29677767
[2023-04-14 19:53:28.244286: E /samgraph/3rdparty/collcachelib/coll_cache_lib/freq_recorder.cc:337] bulk append 6110786 into 246953368
[2023-04-14 19:53:28.274470: E /samgraph/3rdparty/collcachelib/coll_cache_lib/freq_recorder.cc:347] bulk append 29796552
[2023-04-14 19:53:28.276106: E /samgraph/3rdparty/collcachelib/coll_cache_lib/freq_recorder.cc:337] bulk append 6110037 into 253064154
[2023-04-14 19:53:28.306079: E /samgraph/3rdparty/collcachelib/coll_cache_lib/freq_recorder.cc:347] bulk append 29840074
[2023-04-14 19:53:28.307756: E /samgraph/3rdparty/collcachelib/coll_cache_lib/freq_recorder.cc:337] bulk append 6112686 into 259174191
[2023-04-14 19:53:28.337792: E /samgraph/3rdparty/collcachelib/coll_cache_lib/freq_recorder.cc:347] bulk append 29816668
[2023-04-14 19:53:28.339470: E /samgraph/3rdparty/collcachelib/coll_cache_lib/freq_recorder.cc:337] bulk append 6113346 into 265286877
[2023-04-14 19:53:28.369461: E /samgraph/3rdparty/collcachelib/coll_cache_lib/freq_recorder.cc:347] bulk append 29858144
[2023-04-14 19:53:28.371137: E /samgraph/3rdparty/collcachelib/coll_cache_lib/freq_recorder.cc:337] bulk append 6113862 into 271400223
[2023-04-14 19:53:28.401113: E /samgraph/3rdparty/collcachelib/coll_cache_lib/freq_recorder.cc:347] bulk append 29797198
[2023-04-14 19:53:28.402796: E /samgraph/3rdparty/collcachelib/coll_cache_lib/freq_recorder.cc:337] bulk append 6116921 into 277514085
[2023-04-14 19:53:28.432823: E /samgraph/3rdparty/collcachelib/coll_cache_lib/freq_recorder.cc:347] bulk append 29847291
[2023-04-14 19:53:28.434513: E /samgraph/3rdparty/collcachelib/coll_cache_lib/freq_recorder.cc:337] bulk append 6111067 into 283631006
[2023-04-14 19:53:28.464568: E /samgraph/3rdparty/collcachelib/coll_cache_lib/freq_recorder.cc:347] bulk append 29826953
[2023-04-14 19:53:28.466259: E /samgraph/3rdparty/collcachelib/coll_cache_lib/freq_recorder.cc:337] bulk append 6117022 into 289742073
[2023-04-14 19:53:28.496235: E /samgraph/3rdparty/collcachelib/coll_cache_lib/freq_recorder.cc:347] bulk append 29839884
[2023-04-14 19:53:28.497925: E /samgraph/3rdparty/collcachelib/coll_cache_lib/freq_recorder.cc:337] bulk append 6111349 into 295859095
[2023-04-14 19:53:28.528106: E /samgraph/3rdparty/collcachelib/coll_cache_lib/freq_recorder.cc:347] bulk append 29793643
[2023-04-14 19:53:28.529801: E /samgraph/3rdparty/collcachelib/coll_cache_lib/freq_recorder.cc:337] bulk append 6113932 into 301970444
[2023-04-14 19:53:28.559878: E /samgraph/3rdparty/collcachelib/coll_cache_lib/freq_recorder.cc:347] bulk append 29837136
[2023-04-14 19:53:28.561586: E /samgraph/3rdparty/collcachelib/coll_cache_lib/freq_recorder.cc:337] bulk append 6214134 into 308084376
[2023-04-14 19:53:28.592145: E /samgraph/3rdparty/collcachelib/coll_cache_lib/freq_recorder.cc:347] bulk append 29323595
[2023-04-14 19:53:28.593873: E /samgraph/3rdparty/collcachelib/coll_cache_lib/freq_recorder.cc:337] bulk append 6214182 into 314298510
[2023-04-14 19:53:28.624335: E /samgraph/3rdparty/collcachelib/coll_cache_lib/freq_recorder.cc:347] bulk append 29380966
[2023-04-14 19:53:28.626050: E /samgraph/3rdparty/collcachelib/coll_cache_lib/freq_recorder.cc:337] bulk append 6213482 into 320512692
[2023-04-14 19:53:28.656518: E /samgraph/3rdparty/collcachelib/coll_cache_lib/freq_recorder.cc:347] bulk append 29343824
[2023-04-14 19:53:28.658239: E /samgraph/3rdparty/collcachelib/coll_cache_lib/freq_recorder.cc:337] bulk append 6211976 into 326726174
[2023-04-14 19:53:28.688631: E /samgraph/3rdparty/collcachelib/coll_cache_lib/freq_recorder.cc:347] bulk append 29363116
[2023-04-14 19:53:28.690364: E /samgraph/3rdparty/collcachelib/coll_cache_lib/freq_recorder.cc:337] bulk append 6213295 into 332938150
[2023-04-14 19:53:28.720848: E /samgraph/3rdparty/collcachelib/coll_cache_lib/freq_recorder.cc:347] bulk append 29328732
[2023-04-14 19:53:28.722564: E /samgraph/3rdparty/collcachelib/coll_cache_lib/freq_recorder.cc:337] bulk append 6216973 into 339151445
[2023-04-14 19:53:28.753032: E /samgraph/3rdparty/collcachelib/coll_cache_lib/freq_recorder.cc:347] bulk append 29361940
[2023-04-14 19:53:28.754728: E /samgraph/3rdparty/collcachelib/coll_cache_lib/freq_recorder.cc:337] bulk append 6212610 into 345368418
[2023-04-14 19:53:28.785345: E /samgraph/3rdparty/collcachelib/coll_cache_lib/freq_recorder.cc:347] bulk append 29347099
[2023-04-14 19:53:28.787046: E /samgraph/3rdparty/collcachelib/coll_cache_lib/freq_recorder.cc:337] bulk append 6216384 into 351581028
[2023-04-14 19:53:28.817556: E /samgraph/3rdparty/collcachelib/coll_cache_lib/freq_recorder.cc:347] bulk append 29369487
[2023-04-14 19:53:28.819257: E /samgraph/3rdparty/collcachelib/coll_cache_lib/freq_recorder.cc:337] bulk append 6212838 into 357797412
[2023-04-14 19:53:28.849793: E /samgraph/3rdparty/collcachelib/coll_cache_lib/freq_recorder.cc:347] bulk append 29336481
[2023-04-14 19:53:28.851491: E /samgraph/3rdparty/collcachelib/coll_cache_lib/freq_recorder.cc:337] bulk append 6214372 into 364010250
[2023-04-14 19:53:28.881993: E /samgraph/3rdparty/collcachelib/coll_cache_lib/freq_recorder.cc:347] bulk append 29347508
[2023-04-14 19:53:28.883707: E /samgraph/3rdparty/collcachelib/coll_cache_lib/freq_recorder.cc:337] bulk append 6318436 into 370224622
[2023-04-14 19:53:28.914638: E /samgraph/3rdparty/collcachelib/coll_cache_lib/freq_recorder.cc:347] bulk append 27984714
[2023-04-14 19:53:28.916342: E /samgraph/3rdparty/collcachelib/coll_cache_lib/freq_recorder.cc:337] bulk append 6319073 into 376543058
[2023-04-14 19:53:28.947309: E /samgraph/3rdparty/collcachelib/coll_cache_lib/freq_recorder.cc:347] bulk append 28014248
[2023-04-14 19:53:28.949018: E /samgraph/3rdparty/collcachelib/coll_cache_lib/freq_recorder.cc:337] bulk append 6317602 into 382862131
[2023-04-14 19:53:28.979886: E /samgraph/3rdparty/collcachelib/coll_cache_lib/freq_recorder.cc:347] bulk append 27999370
[2023-04-14 19:53:28.981589: E /samgraph/3rdparty/collcachelib/coll_cache_lib/freq_recorder.cc:337] bulk append 6319146 into 389179733
[2023-04-14 19:53:29. 12464: E /samgraph/3rdparty/collcachelib/coll_cache_lib/freq_recorder.cc:347] bulk append 28013944
[2023-04-14 19:53:29. 14172: E /samgraph/3rdparty/collcachelib/coll_cache_lib/freq_recorder.cc:337] bulk append 6315298 into 395498879
[2023-04-14 19:53:29. 45051: E /samgraph/3rdparty/collcachelib/coll_cache_lib/freq_recorder.cc:347] bulk append 27978712
[2023-04-14 19:53:29. 46740: E /samgraph/3rdparty/collcachelib/coll_cache_lib/freq_recorder.cc:337] bulk append 6320238 into 401814177
[2023-04-14 19:53:29. 77708: E /samgraph/3rdparty/collcachelib/coll_cache_lib/freq_recorder.cc:347] bulk append 28016039
[2023-04-14 19:53:29. 79394: E /samgraph/3rdparty/collcachelib/coll_cache_lib/freq_recorder.cc:337] bulk append 6319538 into 408134415
[2023-04-14 19:53:29.110272: E /samgraph/3rdparty/collcachelib/coll_cache_lib/freq_recorder.cc:347] bulk append 27992580
[2023-04-14 19:53:29.111967: E /samgraph/3rdparty/collcachelib/coll_cache_lib/freq_recorder.cc:337] bulk append 6318478 into 414453953
[2023-04-14 19:53:29.142862: E /samgraph/3rdparty/collcachelib/coll_cache_lib/freq_recorder.cc:347] bulk append 28001600
[2023-04-14 19:53:29.144556: E /samgraph/3rdparty/collcachelib/coll_cache_lib/freq_recorder.cc:337] bulk append 6317980 into 420772431
[2023-04-14 19:53:29.175467: E /samgraph/3rdparty/collcachelib/coll_cache_lib/freq_recorder.cc:347] bulk append 27974240
[2023-04-14 19:53:29.177170: E /samgraph/3rdparty/collcachelib/coll_cache_lib/freq_recorder.cc:337] bulk append 6317111 into 427090411
[2023-04-14 19:53:29.208127: E /samgraph/3rdparty/collcachelib/coll_cache_lib/freq_recorder.cc:347] bulk append 28001481
[2023-04-14 19:53:29.209869: E /samgraph/3rdparty/collcachelib/coll_cache_lib/freq_recorder.cc:337] bulk append 6096749 into 433407522
[2023-04-14 19:53:29.239657: E /samgraph/3rdparty/collcachelib/coll_cache_lib/freq_recorder.cc:347] bulk append 26397741
[2023-04-14 19:53:29.241343: E /samgraph/3rdparty/collcachelib/coll_cache_lib/freq_recorder.cc:337] bulk append 6098027 into 439504271
[2023-04-14 19:53:29.271323: E /samgraph/3rdparty/collcachelib/coll_cache_lib/freq_recorder.cc:347] bulk append 26452052
[2023-04-14 19:53:29.273005: E /samgraph/3rdparty/collcachelib/coll_cache_lib/freq_recorder.cc:337] bulk append 6095977 into 445602298
[2023-04-14 19:53:29.302783: E /samgraph/3rdparty/collcachelib/coll_cache_lib/freq_recorder.cc:347] bulk append 26423832
[2023-04-14 19:53:29.304431: E /samgraph/3rdparty/collcachelib/coll_cache_lib/freq_recorder.cc:337] bulk append 6098363 into 451698275
[2023-04-14 19:53:29.334399: E /samgraph/3rdparty/collcachelib/coll_cache_lib/freq_recorder.cc:347] bulk append 26441190
[2023-04-14 19:53:29.336047: E /samgraph/3rdparty/collcachelib/coll_cache_lib/freq_recorder.cc:337] bulk append 6095786 into 457796638
[2023-04-14 19:53:29.365994: E /samgraph/3rdparty/collcachelib/coll_cache_lib/freq_recorder.cc:347] bulk append 26399807
[2023-04-14 19:53:29.367640: E /samgraph/3rdparty/collcachelib/coll_cache_lib/freq_recorder.cc:337] bulk append 6100985 into 463892424
[2023-04-14 19:53:29.397366: E /samgraph/3rdparty/collcachelib/coll_cache_lib/freq_recorder.cc:347] bulk append 26455898
[2023-04-14 19:53:29.399014: E /samgraph/3rdparty/collcachelib/coll_cache_lib/freq_recorder.cc:337] bulk append 6096607 into 469993409
[2023-04-14 19:53:29.428728: E /samgraph/3rdparty/collcachelib/coll_cache_lib/freq_recorder.cc:347] bulk append 26416707
[2023-04-14 19:53:29.430372: E /samgraph/3rdparty/collcachelib/coll_cache_lib/freq_recorder.cc:337] bulk append 6099222 into 476090016
[2023-04-14 19:53:29.460087: E /samgraph/3rdparty/collcachelib/coll_cache_lib/freq_recorder.cc:347] bulk append 26438503
[2023-04-14 19:53:29.461736: E /samgraph/3rdparty/collcachelib/coll_cache_lib/freq_recorder.cc:337] bulk append 6095412 into 482189238
[2023-04-14 19:53:29.491431: E /samgraph/3rdparty/collcachelib/coll_cache_lib/freq_recorder.cc:347] bulk append 26405911
[2023-04-14 19:53:29.493083: E /samgraph/3rdparty/collcachelib/coll_cache_lib/freq_recorder.cc:337] bulk append 6096839 into 488284650
[2023-04-14 19:53:29.523039: E /samgraph/3rdparty/collcachelib/coll_cache_lib/freq_recorder.cc:347] bulk append 26420398
[2023-04-14 19:53:29.524717[[: [[2023-04-14 19:53:29[[[2023-04-14 19:53:29E2023-04-14 19:53:292023-04-14 19:53:29.2023-04-14 19:53:292023-04-14 19:53:292023-04-14 19:53:29. ..524722...524708/samgraph/3rdparty/collcachelib/coll_cache_lib/run_config.cc524723524724: 524726524725524729: :: : E: : : E141EE EEE ]   /samgraph/3rdparty/collcachelib/coll_cache_lib/run_config.cc   /samgraph/3rdparty/collcachelib/coll_cache_lib/freq_recorder.ccusing concurrent impl MPSPhase/samgraph/3rdparty/collcachelib/coll_cache_lib/run_config.cc/samgraph/3rdparty/collcachelib/coll_cache_lib/run_config.cc:/samgraph/3rdparty/collcachelib/coll_cache_lib/run_config.cc/samgraph/3rdparty/collcachelib/coll_cache_lib/run_config.cc/samgraph/3rdparty/collcachelib/coll_cache_lib/run_config.cc:
::141:::266141141] [141141141] ] ] using concurrent impl MPSPhase2023-04-14 19:53:29] ] ] freq recorder global combiningusing concurrent impl MPSPhaseusing concurrent impl MPSPhase
.using concurrent impl MPSPhaseusing concurrent impl MPSPhaseusing concurrent impl MPSPhase


524931


[: [[[2023-04-14 19:53:29[E[2023-04-14 19:53:292023-04-14 19:53:292023-04-14 19:53:29.2023-04-14 19:53:29 2023-04-14 19:53:29...524997./samgraph/3rdparty/collcachelib/coll_cache_lib/facade.cc.525019525011525014: 525020:525023: : : E: 409: EEE E] E   /samgraph/3rdparty/collcachelib/coll_cache_lib/facade.cc before scale, dtype is 0, dim is 128 /samgraph/3rdparty/collcachelib/coll_cache_lib/facade.cc/samgraph/3rdparty/collcachelib/coll_cache_lib/facade.cc/samgraph/3rdparty/collcachelib/coll_cache_lib/facade.cc:/samgraph/3rdparty/collcachelib/coll_cache_lib/facade.cc
/samgraph/3rdparty/collcachelib/coll_cache_lib/facade.cc:::409::[409409409] 4094092023-04-14 19:53:29] ] ] before scale, dtype is 0, dim is 128] ] .before scale, dtype is 0, dim is 128before scale, dtype is 0, dim is 128before scale, dtype is 0, dim is 128
before scale, dtype is 0, dim is 128before scale, dtype is 0, dim is 128525174




[: [[[[2023-04-14 19:53:29[E2023-04-14 19:53:292023-04-14 19:53:292023-04-14 19:53:292023-04-14 19:53:29.2023-04-14 19:53:29 ....525242./samgraph/3rdparty/collcachelib/coll_cache_lib/facade.cc525250525252525255525258: 525261:: : : : E: 415EEEE E]     /samgraph/3rdparty/collcachelib/coll_cache_lib/facade.cc after scale, dtype is 7, new dim is 32/samgraph/3rdparty/collcachelib/coll_cache_lib/facade.cc/samgraph/3rdparty/collcachelib/coll_cache_lib/facade.cc/samgraph/3rdparty/collcachelib/coll_cache_lib/facade.cc/samgraph/3rdparty/collcachelib/coll_cache_lib/facade.cc:/samgraph/3rdparty/collcachelib/coll_cache_lib/facade.cc
::::415:415415415415] 415] ] ] ] after scale, dtype is 7, new dim is 32] after scale, dtype is 7, new dim is 32after scale, dtype is 7, new dim is 32after scale, dtype is 7, new dim is 32after scale, dtype is 7, new dim is 32
after scale, dtype is 7, new dim is 32




[2023-04-14 19:53:29.528855: E /samgraph/3rdparty/collcachelib/coll_cache_lib/coll_cache/asymm_link_desc.cc:181] v100x8, slow pcie
[2023-04-14 19:53:29.528898: E /samgraph/3rdparty/collcachelib/coll_cache_lib/coll_cache/asymm_link_desc.cc:207] assigning 8 to cpu
[2023-04-14 19:53:29.528972: E /samgraph/3rdparty/collcachelib/coll_cache_lib/coll_cache/asymm_link_desc.cc:224] build asymm link desc with 8X Tesla V100-SXM2-32GB out of 8
[2023-04-14 19:53:29.529008: E /samgraph/3rdparty/collcachelib/coll_cache_lib/coll_cache/asymm_link_desc.cc:225] remote time is 15.5556
[2023-04-14 19:53:29.529034: E /samgraph/3rdparty/collcachelib/coll_cache_lib/coll_cache/asymm_link_desc.cc:226] cpu time is 102.941
[2023-04-14 19:53:29.529084: E /samgraph/3rdparty/collcachelib/coll_cache_lib/facade.cc:425] registering cpu data with 8.00 GB
[2023-04-14 19:53:29.529185: E /samgraph/3rdparty/collcachelib/coll_cache_lib/coll_cache/asymm_link_desc.cc:181] v100x8, slow pcie
[2023-04-14 19:53:29.529219: E /samgraph/3rdparty/collcachelib/coll_cache_lib/coll_cache/asymm_link_desc.cc:207] assigning 8 to cpu
[2023-04-14 19:53:29[.2023-04-14 19:53:29529280.: 529287E:  E/samgraph/3rdparty/collcachelib/coll_cache_lib/coll_cache/asymm_link_desc.cc :/samgraph/3rdparty/collcachelib/coll_cache_lib/coll_cache/asymm_link_desc.cc181[:] 2023-04-14 19:53:29224v100x8, slow pcie.] 
529327build asymm link desc with 8X Tesla V100-SXM2-32GB out of 8: 
[[E2023-04-14 19:53:292023-04-14 19:53:29 ../samgraph/3rdparty/collcachelib/coll_cache_lib/coll_cache/asymm_link_desc.cc[529373529371:2023-04-14 19:53:29: : 181.EE] [529392  v100x8, slow pcie2023-04-14 19:53:29: /samgraph/3rdparty/collcachelib/coll_cache_lib/coll_cache/asymm_link_desc.cc/samgraph/3rdparty/collcachelib/coll_cache_lib/coll_cache/asymm_link_desc.cc
.E::529422 [[207181: /samgraph/3rdparty/collcachelib/coll_cache_lib/coll_cache/asymm_link_desc.cc2023-04-14 19:53:292023-04-14 19:53:29] ] E:..assigning 8 to cpuv100x8, slow pcie 225529465529469

/samgraph/3rdparty/collcachelib/coll_cache_lib/coll_cache/asymm_link_desc.cc] : : :remote time is 15.5556E[E181
 2023-04-14 19:53:29 ] /samgraph/3rdparty/collcachelib/coll_cache_lib/coll_cache/asymm_link_desc.cc.[/samgraph/3rdparty/collcachelib/coll_cache_lib/coll_cache/asymm_link_desc.ccv100x8, slow pcie[:5295452023-04-14 19:53:29:
2023-04-14 19:53:29181: .207.] [E529575] 529583v100x8, slow pcie2023-04-14 19:53:29 : assigning 8 to cpu: 
./samgraph/3rdparty/collcachelib/coll_cache_lib/coll_cache/asymm_link_desc.ccE
E529632[:  : 2023-04-14 19:53:29207/samgraph/3rdparty/collcachelib/coll_cache_lib/coll_cache/asymm_link_desc.cc/samgraph/3rdparty/collcachelib/coll_cache_lib/coll_cache/asymm_link_desc.ccE.] :: 529691[assigning 8 to cpu226224/samgraph/3rdparty/collcachelib/coll_cache_lib/coll_cache/asymm_link_desc.cc: 2023-04-14 19:53:29
] ] :E.cpu time is 102.941build asymm link desc with 8X Tesla V100-SXM2-32GB out of 8207 529744

] /samgraph/3rdparty/collcachelib/coll_cache_lib/coll_cache/asymm_link_desc.cc[: assigning 8 to cpu:2023-04-14 19:53:29E
[207. [2023-04-14 19:53:29] 529822/samgraph/3rdparty/collcachelib/coll_cache_lib/coll_cache/asymm_link_desc.cc2023-04-14 19:53:29.assigning 8 to cpu: :.529844
E[224529855:  2023-04-14 19:53:29] : E/samgraph/3rdparty/collcachelib/coll_cache_lib/coll_cache/asymm_link_desc.cc.build asymm link desc with 8X Tesla V100-SXM2-32GB out of 8E [:529905
 /samgraph/3rdparty/collcachelib/coll_cache_lib/coll_cache/asymm_link_desc.cc2023-04-14 19:53:29224: /samgraph/3rdparty/collcachelib/coll_cache_lib/facade.cc:.[] E:2255299532023-04-14 19:53:29build asymm link desc with 8X Tesla V100-SXM2-32GB out of 8 425] : .
/samgraph/3rdparty/collcachelib/coll_cache_lib/coll_cache/asymm_link_desc.cc] remote time is 15.5556E529998:registering cpu data with 8.00 GB
[ : 224
2023-04-14 19:53:29[/samgraph/3rdparty/collcachelib/coll_cache_lib/coll_cache/asymm_link_desc.ccE] .2023-04-14 19:53:29: build asymm link desc with 8X Tesla V100-SXM2-32GB out of 8530070.224/samgraph/3rdparty/collcachelib/coll_cache_lib/coll_cache/asymm_link_desc.cc
: 530091] :E: build asymm link desc with 8X Tesla V100-SXM2-32GB out of 8[225 E
2023-04-14 19:53:29] /samgraph/3rdparty/collcachelib/coll_cache_lib/coll_cache/asymm_link_desc.cc .remote time is 15.5556:[/samgraph/3rdparty/collcachelib/coll_cache_lib/coll_cache/asymm_link_desc.cc530163
2252023-04-14 19:53:29:: ] .[226Eremote time is 15.55565301982023-04-14 19:53:29]  
: .cpu time is 102.941/samgraph/3rdparty/collcachelib/coll_cache_lib/coll_cache/asymm_link_desc.ccE[530229
: 2023-04-14 19:53:29: 225/samgraph/3rdparty/collcachelib/coll_cache_lib/coll_cache/asymm_link_desc.cc.E] :530280 remote time is 15.5556225: /samgraph/3rdparty/collcachelib/coll_cache_lib/coll_cache/asymm_link_desc.cc[
] E:[2023-04-14 19:53:29remote time is 15.5556 2262023-04-14 19:53:29.
/samgraph/3rdparty/collcachelib/coll_cache_lib/coll_cache/asymm_link_desc.cc] .530328:cpu time is 102.941[530354: 226
2023-04-14 19:53:29: E] .E cpu time is 102.941530391 /samgraph/3rdparty/collcachelib/coll_cache_lib/facade.cc
: /samgraph/3rdparty/collcachelib/coll_cache_lib/coll_cache/asymm_link_desc.cc[:E:2023-04-14 19:53:29425 226.] /samgraph/3rdparty/collcachelib/coll_cache_lib/coll_cache/asymm_link_desc.cc[] 530443registering cpu data with 8.00 GB:2023-04-14 19:53:29cpu time is 102.941: 
226.
E] 530478 cpu time is 102.941: /samgraph/3rdparty/collcachelib/coll_cache_lib/facade.cc
E: 425/samgraph/3rdparty/collcachelib/coll_cache_lib/facade.cc] :registering cpu data with 8.00 GB425
[] 2023-04-14 19:53:29registering cpu data with 8.00 GB[.
2023-04-14 19:53:29530561.: 530589E:  E/samgraph/3rdparty/collcachelib/coll_cache_lib/facade.cc :/samgraph/3rdparty/collcachelib/coll_cache_lib/facade.cc425:] 425registering cpu data with 8.00 GB] 
registering cpu data with 8.00 GB
[2023-04-14 19:53:31.815650: E /samgraph/3rdparty/collcachelib/coll_cache_lib/facade.cc:427] registering cpu data done.
[2023-04-14 19:53:31.815903: E /samgraph/3rdparty/collcachelib/coll_cache_lib/facade.cc:427] registering cpu data done.
[2023-04-14 19:53:31.816174: E /samgraph/3rdparty/collcachelib/coll_cache_lib/facade.cc:427] registering cpu data done.
[2023-04-14 19:53:31.816804: E /samgraph/3rdparty/collcachelib/coll_cache_lib/facade.cc:427] registering cpu data done.
[2023-04-14 19:53:31.817241: E /samgraph/3rdparty/collcachelib/coll_cache_lib/facade.cc:427] registering cpu data done.
[2023-04-14 19:53:31.817475: E /samgraph/3rdparty/collcachelib/coll_cache_lib/facade.cc:427] registering cpu data done.
[2023-04-14 19:53:31.819669: E /samgraph/3rdparty/collcachelib/coll_cache_lib/facade.cc:427] registering cpu data done.
[2023-04-14 19:54:01.511562: E /samgraph/3rdparty/collcachelib/coll_cache_lib/freq_recorder.cc:269] freq recorder global combine from 494381489 to 96368148
[2023-04-14 19:54:04.622920: E /samgraph/3rdparty/collcachelib/coll_cache_lib/freq_recorder.cc:286] top 5 freq is 2000,2000,2000,2000,2000
[2023-04-14 19:54:04.623047: E /samgraph/3rdparty/collcachelib/coll_cache_lib/run_config.cc:141] using concurrent impl MPSPhase
[2023-04-14 19:54:04.623079: E /samgraph/3rdparty/collcachelib/coll_cache_lib/facade.cc:409] before scale, dtype is 0, dim is 128
[2023-04-14 19:54:04.623105: E /samgraph/3rdparty/collcachelib/coll_cache_lib/facade.cc:415] after scale, dtype is 7, new dim is 32
[2023-04-14 19:54:04.623663: E /samgraph/3rdparty/collcachelib/coll_cache_lib/coll_cache/asymm_link_desc.cc:181] v100x8, slow pcie
[2023-04-14 19:54:04.623699: E /samgraph/3rdparty/collcachelib/coll_cache_lib/coll_cache/asymm_link_desc.cc:207] assigning 8 to cpu
[2023-04-14 19:54:04.623762: E /samgraph/3rdparty/collcachelib/coll_cache_lib/coll_cache/asymm_link_desc.cc:224] build asymm link desc with 8X Tesla V100-SXM2-32GB out of 8
[2023-04-14 19:54:04.623800: E /samgraph/3rdparty/collcachelib/coll_cache_lib/coll_cache/asymm_link_desc.cc:225] remote time is 15.5556
[2023-04-14 19:54:04.623827: E /samgraph/3rdparty/collcachelib/coll_cache_lib/coll_cache/asymm_link_desc.cc:226] cpu time is 102.941
[2023-04-14 19:54:04.623872: E /samgraph/3rdparty/collcachelib/coll_cache_lib/facade.cc:425] registering cpu data with 8.00 GB
[2023-04-14 19:54:05. 75714: E /samgraph/3rdparty/collcachelib/coll_cache_lib/facade.cc:427] registering cpu data done.
[2023-04-14 19:54:05. 75802: E /samgraph/3rdparty/collcachelib/coll_cache_lib/facade.cc:174] creating solver
[2023-04-14 19:54:05. 75839: E /samgraph/3rdparty/collcachelib/coll_cache_lib/facade.cc:214] solver created. now build & solve
[2023-04-14 19:54:05.120126: E /samgraph/3rdparty/collcachelib/coll_cache_lib/coll_cache/optimal_solver_class.cc:309] reconfigured max freq to be 2000
[2023-04-14 19:54:05.120172: E /samgraph/3rdparty/collcachelib/coll_cache_lib/coll_cache/optimal_solver_class.cc:311] reconfigured num slot to be 11
[2023-04-14 19:54:05.120198: W /samgraph/3rdparty/collcachelib/coll_cache_lib/coll_cache/optimal_solver_class.cc:318] counting slots...
[2023-04-14 19:54:06. 29212: W /samgraph/3rdparty/collcachelib/coll_cache_lib/coll_cache/optimal_solver_class.cc:367] Final num slot is 29
[2023-04-14 19:54:06. 29324: W /samgraph/3rdparty/collcachelib/coll_cache_lib/coll_cache/optimal_solver_class.cc:371] preparing block granularity...
[2023-04-14 19:54:06. 29360: E /samgraph/3rdparty/collcachelib/coll_cache_lib/coll_cache/optimal_solver_class.cc:399] slot 0 has 16914 nodes, max_size set to 2115, #slice=8
[2023-04-14 19:54:06. 29395: E /samgraph/3rdparty/collcachelib/coll_cache_lib/coll_cache/optimal_solver_class.cc:399] slot 1 has 79058 nodes, max_size set to 9883, #slice=8
[2023-04-14 19:54:06. 29429: E /samgraph/3rdparty/collcachelib/coll_cache_lib/coll_cache/optimal_solver_class.cc:399] slot 2 has 364314 nodes, max_size set to 45540, #slice=8
[2023-04-14 19:54:06. 29462: E /samgraph/3rdparty/collcachelib/coll_cache_lib/coll_cache/optimal_solver_class.cc:399] slot 3 has 1599378 nodes, max_size set to 199923, #slice=8
[2023-04-14 19:54:06. 29496: E /samgraph/3rdparty/collcachelib/coll_cache_lib/coll_cache/optimal_solver_class.cc:399] slot 4 has 6070033 nodes, max_size set to 444239, #slice=16
[2023-04-14 19:54:06. 29530: E /samgraph/3rdparty/collcachelib/coll_cache_lib/coll_cache/optimal_solver_class.cc:399] slot 5 has 14334991 nodes, max_size set to 444239, #slice=40
[2023-04-14 19:54:06. 29563: E /samgraph/3rdparty/collcachelib/coll_cache_lib/coll_cache/optimal_solver_class.cc:399] slot 6 has 17735290 nodes, max_size set to 444239, #slice=40
[2023-04-14 19:54:06. 29597: E /samgraph/3rdparty/collcachelib/coll_cache_lib/coll_cache/optimal_solver_class.cc:399] slot 7 has 16040107 nodes, max_size set to 444239, #slice=40
[2023-04-14 19:54:06. 29631: E /samgraph/3rdparty/collcachelib/coll_cache_lib/coll_cache/optimal_solver_class.cc:399] slot 8 has 14893979 nodes, max_size set to 444239, #slice=40
[2023-04-14 19:54:06. 29667: E /samgraph/3rdparty/collcachelib/coll_cache_lib/coll_cache/optimal_solver_class.cc:399] slot 9 has 25234084 nodes, max_size set to 444239, #slice=64
[2023-04-14 19:54:06. 29718: E /samgraph/3rdparty/collcachelib/coll_cache_lib/coll_cache/optimal_solver_class.cc:399] slot 10 has 146685 nodes, max_size set to 18336, #slice=8
[2023-04-14 19:54:06. 29752: E /samgraph/3rdparty/collcachelib/coll_cache_lib/coll_cache/optimal_solver_class.cc:399] slot 11 has 146261 nodes, max_size set to 18283, #slice=8
[2023-04-14 19:54:06. 29785: E /samgraph/3rdparty/collcachelib/coll_cache_lib/coll_cache/optimal_solver_class.cc:399] slot 12 has 147375 nodes, max_size set to 18422, #slice=8
[2023-04-14 19:54:06. 29819: E /samgraph/3rdparty/collcachelib/coll_cache_lib/coll_cache/optimal_solver_class.cc:399] slot 13 has 146888 nodes, max_size set to 18361, #slice=8
[2023-04-14 19:54:06. 29852: E /samgraph/3rdparty/collcachelib/coll_cache_lib/coll_cache/optimal_solver_class.cc:399] slot 14 has 146949 nodes, max_size set to 18369, #slice=8
[2023-04-14 19:54:06. 29886: E /samgraph/3rdparty/collcachelib/coll_cache_lib/coll_cache/optimal_solver_class.cc:399] slot 15 has 147224 nodes, max_size set to 18403, #slice=8
[2023-04-14 19:54:06. 29919: E /samgraph/3rdparty/collcachelib/coll_cache_lib/coll_cache/optimal_solver_class.cc:399] slot 16 has 147124 nodes, max_size set to 18391, #slice=8
[2023-04-14 19:54:06. 29952: E /samgraph/3rdparty/collcachelib/coll_cache_lib/coll_cache/optimal_solver_class.cc:399] slot 17 has 147118 nodes, max_size set to 18390, #slice=8
[2023-04-14 19:54:06. 29986: E /samgraph/3rdparty/collcachelib/coll_cache_lib/coll_cache/optimal_solver_class.cc:399] slot 18 has 146887 nodes, max_size set to 18361, #slice=8
[2023-04-14 19:54:06. 30019: E /samgraph/3rdparty/collcachelib/coll_cache_lib/coll_cache/optimal_solver_class.cc:399] slot 19 has 146768 nodes, max_size set to 18346, #slice=8
[2023-04-14 19:54:06. 30053: E /samgraph/3rdparty/collcachelib/coll_cache_lib/coll_cache/optimal_solver_class.cc:399] slot 20 has 1469732 nodes, max_size set to 183717, #slice=8
[2023-04-14 19:54:06. 30086: E /samgraph/3rdparty/collcachelib/coll_cache_lib/coll_cache/optimal_solver_class.cc:399] slot 21 has 1470592 nodes, max_size set to 183824, #slice=8
[2023-04-14 19:54:06. 30120: E /samgraph/3rdparty/collcachelib/coll_cache_lib/coll_cache/optimal_solver_class.cc:399] slot 22 has 1470296 nodes, max_size set to 183787, #slice=8
[2023-04-14 19:54:06. 30153: E /samgraph/3rdparty/collcachelib/coll_cache_lib/coll_cache/optimal_solver_class.cc:399] slot 23 has 1470465 nodes, max_size set to 183809, #slice=8
[2023-04-14 19:54:06. 30186: E /samgraph/3rdparty/collcachelib/coll_cache_lib/coll_cache/optimal_solver_class.cc:399] slot 24 has 1466764 nodes, max_size set to 183346, #slice=8
[2023-04-14 19:54:06. 30220: E /samgraph/3rdparty/collcachelib/coll_cache_lib/coll_cache/optimal_solver_class.cc:399] slot 25 has 1469632 nodes, max_size set to 183704, #slice=8
[2023-04-14 19:54:06. 30253: E /samgraph/3rdparty/collcachelib/coll_cache_lib/coll_cache/optimal_solver_class.cc:399] slot 26 has 1467630 nodes, max_size set to 183454, #slice=8
[2023-04-14 19:54:06. 30287: E /samgraph/3rdparty/collcachelib/coll_cache_lib/coll_cache/optimal_solver_class.cc:399] slot 27 has 1466806 nodes, max_size set to 183351, #slice=8
[2023-04-14 19:54:06. 30320: E /samgraph/3rdparty/collcachelib/coll_cache_lib/coll_cache/optimal_solver_class.cc:399] slot 28 has 1470612 nodes, max_size set to 183827, #slice=8
[2023-04-14 19:54:06. 30353: W /samgraph/3rdparty/collcachelib/coll_cache_lib/coll_cache/optimal_solver_class.cc:405] counting blocks...
[2023-04-14 19:54:06.174460: W /samgraph/3rdparty/collcachelib/coll_cache_lib/coll_cache/optimal_solver_class.cc:425] Final num block is 424
[2023-04-14 19:54:06.174551: W /samgraph/3rdparty/collcachelib/coll_cache_lib/coll_cache/optimal_solver_class.cc:430] counting freq and density...
[2023-04-14 19:54:06.183100: W /samgraph/3rdparty/collcachelib/coll_cache_lib/coll_cache/optimal_solver_class.cc:479] averaging freq and density...
[2023-04-14 19:54:06.183190: W /samgraph/3rdparty/collcachelib/coll_cache_lib/coll_cache/optimal_solver_class.cc:480] 424
[2023-04-14 19:54:06.201044: E /samgraph/3rdparty/collcachelib/coll_cache_lib/facade.cc:218] solver built. now solve
[2023-04-14 19:54:06.201120: W /samgraph/3rdparty/collcachelib/coll_cache_lib/coll_cache/optimal_solver_class.cc:893] constructing optimal solver, device=8, stream=1
424 blocks, 8 devices
[2023-04-14 19:54:06.369931: W /samgraph/3rdparty/collcachelib/coll_cache_lib/coll_cache/optimal_solver_class.cc:1078] Add Var...
[2023-04-14 19:54:06.381614: W /samgraph/3rdparty/collcachelib/coll_cache_lib/coll_cache/optimal_solver_class.cc:1096] Capacity...
[2023-04-14 19:54:06.382267: W /samgraph/3rdparty/collcachelib/coll_cache_lib/coll_cache/optimal_solver_class.cc:1099] Connect CPU...
[2023-04-14 19:54:06.390863: W /samgraph/3rdparty/collcachelib/coll_cache_lib/coll_cache/optimal_solver_class.cc:1101] Connect Access To Storage...
[2023-04-14 19:54:06.600732: W /samgraph/3rdparty/collcachelib/coll_cache_lib/coll_cache/optimal_solver_class.cc:1105] Time...
[2023-04-14 19:54:06.601553: E /samgraph/3rdparty/collcachelib/coll_cache_lib/coll_cache/optimal_solver_class.cc:1067] dst 0, total sm is 80
[2023-04-14 19:54:06.602625: E /samgraph/3rdparty/collcachelib/coll_cache_lib/coll_cache/optimal_solver_class.cc:1067] dst 1, total sm is 80
[2023-04-14 19:54:06.603687: E /samgraph/3rdparty/collcachelib/coll_cache_lib/coll_cache/optimal_solver_class.cc:1067] dst 2, total sm is 80
[2023-04-14 19:54:06.604734: E /samgraph/3rdparty/collcachelib/coll_cache_lib/coll_cache/optimal_solver_class.cc:1067] dst 3, total sm is 80
[2023-04-14 19:54:06.605786: E /samgraph/3rdparty/collcachelib/coll_cache_lib/coll_cache/optimal_solver_class.cc:1067] dst 4, total sm is 80
[2023-04-14 19:54:06.607447: E /samgraph/3rdparty/collcachelib/coll_cache_lib/coll_cache/optimal_solver_class.cc:1067] dst 5, total sm is 80
[2023-04-14 19:54:06.608533: E /samgraph/3rdparty/collcachelib/coll_cache_lib/coll_cache/optimal_solver_class.cc:1067] dst 6, total sm is 80
[2023-04-14 19:54:06.609580: E /samgraph/3rdparty/collcachelib/coll_cache_lib/coll_cache/optimal_solver_class.cc:1067] dst 7, total sm is 80
[2023-04-14 19:55:14.362803: W /samgraph/3rdparty/collcachelib/coll_cache_lib/coll_cache/optimal_solver_class.cc:1124] Coll Cache init block placement array
[2023-04-14 19:55:14.366040: W /samgraph/3rdparty/collcachelib/coll_cache_lib/coll_cache/optimal_solver_class.cc:1200] Coll Cache init block placement array done
[2023-04-14 19:55:14.373292: W /samgraph/3rdparty/collcachelib/coll_cache_lib/coll_cache/optimal_solver_class.cc:1202] Coll Cache model reset done
[2023-04-14 19:55:14.392122: E /samgraph/3rdparty/collcachelib/coll_cache_lib/facade.cc:222] solver solved
[2023-04-14 19:55:14.392187: E /samgraph/3rdparty/collcachelib/coll_cache_lib/facade.cc:437] 0 solved master
[2023-04-14 19:55:14.392218: E /samgraph/3rdparty/collcachelib/coll_cache_lib/facade.cc:444] 0 solved
[2023-04-14 19:55:14.392246: E /samgraph/3rdparty/collcachelib/coll_cache_lib/facade.cc:447] worker 0 thread 0 initing device 0
[2023-04-14 19:55:14.392940: E /samgraph/3rdparty/collcachelib/coll_cache_lib/cache_context.cu:2320] Building Coll Cache with ... num gpu device is 8
[2023-04-14 19:55:14.393091: E /samgraph/3rdparty/collcachelib/coll_cache_lib/cuda/cache_hashtable.cuh:611] per src size local is 24376007
[2023-04-14 19:55:14.409788: E /samgraph/3rdparty/collcachelib/coll_cache_lib/facade.cc:444] 6 solved
[2023-04-14 19:55:14.409868: E /samgraph/3rdparty/collcachelib/coll_cache_lib/facade.cc:447] worker 0 thread 6 initing device 6
[2023-04-14 19:55:14.410100: E /samgraph/3rdparty/collcachelib/coll_cache_lib/facade.cc:444] 7 solved
[2023-04-14 19:55:14.410161: E /samgraph/3rdparty/collcachelib/coll_cache_lib/facade.cc:447] worker 0 thread 7 initing device 7
[2023-04-14 19:55:14.410220: E /samgraph/3rdparty/collcachelib/coll_cache_lib/cache_context.cu:2320] Building Coll Cache with ... num gpu device is 8
[2023-04-14 19:55:14.410488: E /samgraph/3rdparty/collcachelib/coll_cache_lib/cache_context.cu:2320] Building Coll Cache with ... num gpu device is 8
[2023-04-14 19:55:14.466452: E /samgraph/3rdparty/collcachelib/coll_cache_lib/facade.cc:444] 5 solved
[2023-04-14 19:55:14.466535: E /samgraph/3rdparty/collcachelib/coll_cache_lib/facade.cc:447] worker 0 thread 5 initing device 5
[2023-04-14 19:55:14.466890: E /samgraph/3rdparty/collcachelib/coll_cache_lib/cache_context.cu:2320] Building Coll Cache with ... num gpu device is 8
[[2023-04-14 19:55:142023-04-14 19:55:14..473190473199: : EE  /samgraph/3rdparty/collcachelib/coll_cache_lib/facade.cc/samgraph/3rdparty/collcachelib/coll_cache_lib/facade.cc::444444] ] 2 solved
1 solved
[2023-04-14 19:55:14[.2023-04-14 19:55:14473332.: 473336E:  E/samgraph/3rdparty/collcachelib/coll_cache_lib/facade.cc :/samgraph/3rdparty/collcachelib/coll_cache_lib/facade.cc447:] 447worker 0 thread 2 initing device 2] 
worker 0 thread 1 initing device 1
[2023-04-14 19:55:14.473745: E /samgraph/3rdparty/collcachelib/coll_cache_lib/cache_context.cu:2320] Building Coll Cache with ... num gpu device is 8
[2023-04-14 19:55:14.473769: E /samgraph/3rdparty/collcachelib/coll_cache_lib/cache_context.cu:2320] Building Coll Cache with ... num gpu device is 8
[2023-04-14 19:55:14.481323: E /samgraph/3rdparty/collcachelib/coll_cache_lib/facade.cc:444] 3 solved
[2023-04-14 19:55:14.481406: E /samgraph/3rdparty/collcachelib/coll_cache_lib/facade.cc:447] worker 0 thread 3 initing device 3
[2023-04-14 19:55:14.481763: E /samgraph/3rdparty/collcachelib/coll_cache_lib/cache_context.cu:2320] Building Coll Cache with ... num gpu device is 8
[2023-04-14 19:55:14.490618: E /samgraph/3rdparty/collcachelib/coll_cache_lib/facade.cc:444] 4 solved
[2023-04-14 19:55:14.490705: E /samgraph/3rdparty/collcachelib/coll_cache_lib/facade.cc:447] worker 0 thread 4 initing device 4
[2023-04-14 19:55:14.491081: E /samgraph/3rdparty/collcachelib/coll_cache_lib/cache_context.cu:2320] Building Coll Cache with ... num gpu device is 8
[2023-04-14 19:55:14.897595: E /samgraph/3rdparty/collcachelib/coll_cache_lib/cache_context.cu:2362] num cpu nodes is 32398042
[2023-04-14 19:55:14.898567: E /samgraph/3rdparty/collcachelib/coll_cache_lib/cache_context.cu:2362] num cpu nodes is 32398042
[2023-04-14 19:55:14.919315: E /samgraph/3rdparty/collcachelib/coll_cache_lib/cache_context.cu:2362] num cpu nodes is 32398042
[2023-04-14 19:55:14.954769: E /samgraph/3rdparty/collcachelib/coll_cache_lib/cache_context.cu:2362] num cpu nodes is 32398042
[2023-04-14 19:55:14.972768: E /samgraph/3rdparty/collcachelib/coll_cache_lib/cache_context.cu:2362] num cpu nodes is 32398042
[2023-04-14 19:55:14.976232: E /samgraph/3rdparty/collcachelib/coll_cache_lib/cache_context.cu:2362] num cpu nodes is 32398042
[2023-04-14 19:55:14.979462: E /samgraph/3rdparty/collcachelib/coll_cache_lib/cache_context.cu:2362] num cpu nodes is 32398042
[2023-04-14 19:55:14.983177: E /samgraph/3rdparty/collcachelib/coll_cache_lib/cache_context.cu:2362] num cpu nodes is 32398042
[2023-04-14 19:55:16.770782: E /samgraph/3rdparty/collcachelib/coll_cache_lib/cuda/cache_hashtable.cu:355] create a hashtable with 78661914 possible elem, scale to 268435456
[2023-04-14 19:55:16.770865: E /samgraph/3rdparty/collcachelib/coll_cache_lib/cuda/cache_hashtable.cu:360] SimpleHashTable allocating 2.00 GB
[2023-04-14 19:55:16.778827: E /samgraph/3rdparty/collcachelib/coll_cache_lib/cuda/cache_hashtable.cu:355] create a hashtable with 78661914 possible elem, scale to 268435456
[2023-04-14 19:55:16.778911: E /samgraph/3rdparty/collcachelib/coll_cache_lib/cuda/cache_hashtable.cu:360] SimpleHashTable allocating 2.00 GB
[2023-04-14 19:55:16.783187: E /samgraph/3rdparty/collcachelib/coll_cache_lib/cuda/cache_hashtable.cu:355] create a hashtable with 78661914 possible elem, scale to 268435456
[2023-04-14 19:55:16.783257: E /samgraph/3rdparty/collcachelib/coll_cache_lib/cuda/cache_hashtable.cu:360] SimpleHashTable allocating 2.00 GB
[2023-04-14 19:55:16.796643: E /samgraph/3rdparty/collcachelib/coll_cache_lib/cuda/cache_hashtable.cu:355] create a hashtable with 78661914 possible elem, scale to 268435456
[2023-04-14 19:55:16.796711: E /samgraph/3rdparty/collcachelib/coll_cache_lib/cuda/cache_hashtable.cu:360] SimpleHashTable allocating 2.00 GB
[2023-04-14 19:55:16.864051: E /samgraph/3rdparty/collcachelib/coll_cache_lib/cuda/cache_hashtable.cu:355] create a hashtable with 78661914 possible elem, scale to 268435456
[2023-04-14 19:55:16.864124: E /samgraph/3rdparty/collcachelib/coll_cache_lib/cuda/cache_hashtable.cu:360] SimpleHashTable allocating 2.00 GB
[2023-04-14 19:55:16.875171: E /samgraph/3rdparty/collcachelib/coll_cache_lib/cuda/cache_hashtable.cu:355] create a hashtable with 78661914 possible elem, scale to 268435456
[2023-04-14 19:55:16.875231: E /samgraph/3rdparty/collcachelib/coll_cache_lib/cuda/cache_hashtable.cu:360] SimpleHashTable allocating 2.00 GB
[2023-04-14 19:55:16.880286: E /samgraph/3rdparty/collcachelib/coll_cache_lib/cuda/cache_hashtable.cu:355] create a hashtable with 78661914 possible elem, scale to 268435456
[2023-04-14 19:55:16.880343: E /samgraph/3rdparty/collcachelib/coll_cache_lib/cuda/cache_hashtable.cu:360] SimpleHashTable allocating 2.00 GB
[2023-04-14 19:55:16.882550: E /samgraph/3rdparty/collcachelib/coll_cache_lib/cuda/cache_hashtable.cu:355] create a hashtable with 78661914 possible elem, scale to 268435456
[2023-04-14 19:55:16.882619: E /samgraph/3rdparty/collcachelib/coll_cache_lib/cuda/cache_hashtable.cu:360] SimpleHashTable allocating 2.00 GB
[2023-04-14 19:55:17.228150: E /samgraph/3rdparty/collcachelib/coll_cache_lib/common.cc:107] too many mem allocated for forcescale?22323051->118266
[2023-04-14 19:55:17.228332: E /samgraph/3rdparty/collcachelib/coll_cache_lib/common.cc:107] too many mem allocated for forcescale?22323051->150042
[2023-04-14 19:55:17.233943: E /samgraph/3rdparty/collcachelib/coll_cache_lib/common.cc:107] too many mem allocated for forcescale?22323051->280843
[2023-04-14 19:55:17.235246: E /samgraph/3rdparty/collcachelib/coll_cache_lib/cache_context.cu:2439] Asymm Coll cache (policy: coll_cache_asymm_link) | local 22204785 / 111059956 nodes ( 19.99 %~20.00 %) | remote 56457129 / 111059956 nodes ( 50.83 %) | cpu 32398042 / 111059956 nodes ( 29.17 %) | 10.64 GB | 2.76832 secs 
[2023-04-14 19:55:17.239811: E /samgraph/3rdparty/collcachelib/coll_cache_lib/cache_context.cu:2439] Asymm Coll cache (policy: coll_cache_asymm_link) | local 22173009 / 111059956 nodes ( 19.96 %~20.00 %) | remote 56488905 / 111059956 nodes ( 50.86 %) | cpu 32398042 / 111059956 nodes ( 29.17 %) | 10.64 GB | 2.766 secs 
[2023-04-14 19:55:17.243090: E /samgraph/3rdparty/collcachelib/coll_cache_lib/cache_context.cu:2439] Asymm Coll cache (policy: coll_cache_asymm_link) | local 22042208 / 111059956 nodes ( 19.85 %~20.00 %) | remote 56619706 / 111059956 nodes ( 50.98 %) | cpu 32398042 / 111059956 nodes ( 29.17 %) | 10.64 GB | 2.83255 secs 
[2023-04-14 19:55:17.250401: E /samgraph/3rdparty/collcachelib/coll_cache_lib/common.cc:107] too many mem allocated for forcescale?22323051->163134
[2023-04-14 19:55:17.251287: E /samgraph/3rdparty/collcachelib/coll_cache_lib/common.cc:107] too many mem allocated for forcescale?22323051->169757
[2023-04-14 19:55:17.251747: E /samgraph/3rdparty/collcachelib/coll_cache_lib/common.cc:107] too many mem allocated for forcescale?22323051->389971
[2023-04-14 19:55:17.252028: E /samgraph/3rdparty/collcachelib/coll_cache_lib/common.cc:107] too many mem allocated for forcescale?22323051->174212
[2023-04-14 19:55:17.254396: E /samgraph/3rdparty/collcachelib/coll_cache_lib/common.cc:107] too many mem allocated for forcescale?22323051->193088
[2023-04-14 19:55:17.255350: E /samgraph/3rdparty/collcachelib/coll_cache_lib/cache_context.cu:2439] Asymm Coll cache (policy: coll_cache_asymm_link) | local 22159917 / 111059956 nodes ( 19.95 %~20.00 %) | remote 56501997 / 111059956 nodes ( 50.88 %) | cpu 32398042 / 111059956 nodes ( 29.17 %) | 10.64 GB | 2.86237 secs 
[2023-04-14 19:55:17.257586: W /samgraph/3rdparty/collcachelib/coll_cache_lib/cache_context.cu:3958] before create ctx, mem is 17.96 GB
[2023-04-14 19:55:17.257699: E /samgraph/3rdparty/collcachelib/coll_cache_lib/cache_context.cu:2439] Asymm Coll cache (policy: coll_cache_asymm_link) | local 22153294 / 111059956 nodes ( 19.95 %~20.00 %) | remote 56508620 / 111059956 nodes ( 50.88 %) | cpu 32398042 / 111059956 nodes ( 29.17 %) | 10.64 GB | 2.76659 secs 
[2023-04-14 19:55:17.258207: W /samgraph/3rdparty/collcachelib/coll_cache_lib/cache_context.cu:3958] before create ctx, mem is 17.96 GB
[2023-04-14 19:55:17.258403: W /samgraph/3rdparty/collcachelib/coll_cache_lib/cache_context.cu:3958] before create ctx, mem is 17.96 GB
[2023-04-14 19:55:17.258952: W /samgraph/3rdparty/collcachelib/coll_cache_lib/cache_context.cu:3958] before create ctx, mem is 17.96 GB
[2023-04-14 19:55:17.266181: E /samgraph/3rdparty/collcachelib/coll_cache_lib/cache_context.cu:2439] Asymm Coll cache (policy: coll_cache_asymm_link) | local 22148839 / 111059956 nodes ( 19.94 %~20.00 %) | remote 56513075 / 111059956 nodes ( 50.89 %) | cpu 32398042 / 111059956 nodes ( 29.17 %) | 10.64 GB | 2.85593 secs 
[2023-04-14 19:55:17.270184: E /samgraph/3rdparty/collcachelib/coll_cache_lib/cache_context.cu:2439] Asymm Coll cache (policy: coll_cache_asymm_link) | local 21933080 / 111059956 nodes ( 19.75 %~20.00 %) | remote 56728834 / 111059956 nodes ( 51.08 %) | cpu 32398042 / 111059956 nodes ( 29.17 %) | 10.64 GB | 2.78839 secs 
[2023-04-14 19:55:17.272664: E /samgraph/3rdparty/collcachelib/coll_cache_lib/cache_context.cu:2439] Asymm Coll cache (policy: coll_cache_asymm_link) | local 22129963 / 111059956 nodes ( 19.93 %~20.00 %) | remote 56531951 / 111059956 nodes ( 50.90 %) | cpu 32398042 / 111059956 nodes ( 29.17 %) | 10.64 GB | 2.79888 secs 
[2023-04-14 19:55:17.286402: W /samgraph/3rdparty/collcachelib/coll_cache_lib/cache_context.cu:3958] before create ctx, mem is 17.96 GB
[2023-04-14 19:55:26.448260: W /samgraph/3rdparty/collcachelib/coll_cache_lib/cache_context.cu:3958] after create ctx, mem is 19.91 GB
[2023-04-14 19:55:26.448390: W /samgraph/3rdparty/collcachelib/coll_cache_lib/cache_context.cu:3958] after create stream, mem is 19.91 GB
[2023-04-14 19:55:26.464246: W /samgraph/3rdparty/collcachelib/coll_cache_lib/cache_context.cu:3958] after create ctx, mem is 19.91 GB
[2023-04-14 19:55:26.465233: W /samgraph/3rdparty/collcachelib/coll_cache_lib/cache_context.cu:3958] after create stream, mem is 19.91 GB
[2023-04-14 19:55:26.651577: W /samgraph/3rdparty/collcachelib/coll_cache_lib/cache_context.cu:3958] after create ctx, mem is 19.97 GB
[2023-04-14 19:55:26.651708: W /samgraph/3rdparty/collcachelib/coll_cache_lib/cache_context.cu:3958] after create stream, mem is 19.97 GB
[2023-04-14 19:55:26.817867: W /samgraph/3rdparty/collcachelib/coll_cache_lib/cache_context.cu:3958] after create ctx, mem is 20.03 GB
[2023-04-14 19:55:26.817985: W /samgraph/3rdparty/collcachelib/coll_cache_lib/cache_context.cu:3958] after create stream, mem is 20.03 GB
[2023-04-14 19:55:26.847385: W /samgraph/3rdparty/collcachelib/coll_cache_lib/cache_context.cu:3958] after create ctx, mem is 20.03 GB
[2023-04-14 19:55:26.847506: W /samgraph/3rdparty/collcachelib/coll_cache_lib/cache_context.cu:3958] after create stream, mem is 20.03 GB
/usr/local/lib/python3.8/dist-packages/torch/nn/parallel/scatter_gather.py:9: UserWarning: is_namedtuple is deprecated, please use the python checks instead
  warnings.warn("is_namedtuple is deprecated, please use the python checks instead")
/usr/local/lib/python3.8/dist-packages/torch/nn/parallel/scatter_gather.py:9: UserWarning: is_namedtuple is deprecated, please use the python checks instead
  warnings.warn("is_namedtuple is deprecated, please use the python checks instead")
/usr/local/lib/python3.8/dist-packages/torch/nn/parallel/scatter_gather.py:9: UserWarning: is_namedtuple is deprecated, please use the python checks instead
  warnings.warn("is_namedtuple is deprecated, please use the python checks instead")
/usr/local/lib/python3.8/dist-packages/torch/nn/parallel/scatter_gather.py:9: UserWarning: is_namedtuple is deprecated, please use the python checks instead
  warnings.warn("is_namedtuple is deprecated, please use the python checks instead")
/usr/local/lib/python3.8/dist-packages/torch/nn/parallel/scatter_gather.py:9: UserWarning: is_namedtuple is deprecated, please use the python checks instead
  warnings.warn("is_namedtuple is deprecated, please use the python checks instead")
/usr/local/lib/python3.8/dist-packages/torch/nn/parallel/scatter_gather.py:9: UserWarning: is_namedtuple is deprecated, please use the python checks instead
  warnings.warn("is_namedtuple is deprecated, please use the python checks instead")
/usr/local/lib/python3.8/dist-packages/torch/nn/parallel/scatter_gather.py:9: UserWarning: is_namedtuple is deprecated, please use the python checks instead
  warnings.warn("is_namedtuple is deprecated, please use the python checks instead")
/usr/local/lib/python3.8/dist-packages/torch/nn/parallel/scatter_gather.py:9: UserWarning: is_namedtuple is deprecated, please use the python checks instead
  warnings.warn("is_namedtuple is deprecated, please use the python checks instead")
