succeed=True
[CUDA] cuda: usage: 5.29 GB
0 : local 80, cpu 0 {link #0 : g3 0}, {link #1 : g6 0}, {link #2 : g1 0}, {link #3 : g2 0},
1 : local 80, cpu 0 {link #0 : g7 0}, {link #1 : g2 0}, {link #2 : g3 0}, {link #3 : g0 0},
2 : local 80, cpu 0 {link #0 : g1 0}, {link #1 : g3 0}, {link #2 : g0 0}, {link #3 : g4 0},
3 : local 80, cpu 0 {link #0 : g2 0}, {link #1 : g0 0}, {link #2 : g5 0}, {link #3 : g1 0},
4 : local 80, cpu 0 {link #0 : g5 0}, {link #1 : g7 0}, {link #2 : g2 0}, {link #3 : g6 0},
5 : local 80, cpu 0 {link #0 : g6 0}, {link #1 : g4 0}, {link #2 : g7 0}, {link #3 : g3 0},
6 : local 80, cpu 0 {link #0 : g0 0}, {link #1 : g5 0}, {link #2 : g4 0}, {link #3 : g7 0},
7 : local 80, cpu 0 {link #0 : g4 0}, {link #1 : g1 0}, {link #2 : g6 0}, {link #3 : g5 0},
0 : local 80, cpu 0 {link #0 : g3 0}, {link #1 : g6 0}, {link #2 : g1 0}, {link #3 : g2 0},
1 : local 80, cpu 0 {link #0 : g7 0}, {link #1 : g2 0}, {link #2 : g3 0}, {link #3 : g0 0},
2 : local 80, cpu 0 {link #0 : g1 0}, {link #1 : g3 0}, {link #2 : g0 0}, {link #3 : g4 0},
3 : local 80, cpu 0 {link #0 : g2 0}, {link #1 : g0 0}, {link #2 : g5 0}, {link #3 : g1 0},
4 : local 80, cpu 0 {link #0 : g5 0}, {link #1 : g7 0}, {link #2 : g2 0}, {link #3 : g6 0},
5 : local 80, cpu 0 {link #0 : g6 0}, {link #1 : g4 0}, {link #2 : g7 0}, {link #3 : g3 0},
6 : local 80, cpu 0 {link #0 : g0 0}, {link #1 : g5 0}, {link #2 : g4 0}, {link #3 : g7 0},
7 : local 80, cpu 0 {link #0 : g4 0}, {link #1 : g1 0}, {link #2 : g6 0}, {link #3 : g5 0},
0 : local 80, cpu 0 {link #0 : g3 0}, {link #1 : g6 0}, {link #2 : g1 0}, {link #3 : g2 0},
1 : local 80, cpu 0 {link #0 : g7 0}, {link #1 : g2 0}, {link #2 : g3 0}, {link #3 : g0 0},
2 : local 80, cpu 0 {link #0 : g1 0}, {link #1 : g3 0}, {link #2 : g0 0}, {link #3 : g4 0},
3 : local 80, cpu 0 {link #0 : g2 0}, {link #1 : g0 0}, {link #2 : g5 0}, {link #3 : g1 0},
4 : local 80, cpu 0 {link #0 : g5 0}, {link #1 : g7 0}, {link #2 : g2 0}, {link #3 : g6 0},
5 : local 80, cpu 0 {link #0 : g6 0}, {link #1 : g4 0}, {link #2 : g7 0}, {link #3 : g3 0},
6 : local 80, cpu 0 {link #0 : g0 0}, {link #1 : g5 0}, {link #2 : g4 0}, {link #3 : g7 0},
7 : local 80, cpu 0 {link #0 : g4 0}, {link #1 : g1 0}, {link #2 : g6 0}, {link #3 : g5 0},
0 : local 80, cpu 0 {link #0 : g3 0}, {link #1 : g6 0}, {link #2 : g1 0}, {link #3 : g2 0},
1 : local 80, cpu 0 {link #0 : g7 0}, {link #1 : g2 0}, {link #2 : g3 0}, {link #3 : g0 0},
2 : local 80, cpu 0 {link #0 : g1 0}, {link #1 : g3 0}, {link #2 : g0 0}, {link #3 : g4 0},
3 : local 80, cpu 0 {link #0 : g2 0}, {link #1 : g0 0}, {link #2 : g5 0}, {link #3 : g1 0},
4 : local 80, cpu 0 {link #0 : g5 0}, {link #1 : g7 0}, {link #2 : g2 0}, {link #3 : g6 0},
5 : local 80, cpu 0 {link #0 : g6 0}, {link #1 : g4 0}, {link #2 : g7 0}, {link #3 : g3 0},
6 : local 80, cpu 0 {link #0 : g0 0}, {link #1 : g5 0}, {link #2 : g4 0}, {link #3 : g7 0},
7 : local 80, cpu 0 {link #0 : g4 0}, {link #1 : g1 0}, {link #2 : g6 0}, {link #3 : g5 0},
0 : local 80, cpu 0 {link #0 : g3 0}, {link #1 : g6 0}, {link #2 : g1 0}, {link #3 : g2 0},
1 : local 80, cpu 0 {link #0 : g7 0}, {link #1 : g2 0}, {link #2 : g3 0}, {link #3 : g0 0},
2 : local 80, cpu 0 {link #0 : g1 0}, {link #1 : g3 0}, {link #2 : g0 0}, {link #3 : g4 0},
3 : local 80, cpu 0 {link #0 : g2 0}, {link #1 : g0 0}, {link #2 : g5 0}, {link #3 : g1 0},
4 : local 80, cpu 0 {link #0 : g5 0}, {link #1 : g7 0}, {link #2 : g2 0}, {link #3 : g6 0},
5 : local 80, cpu 0 {link #0 : g6 0}, {link #1 : g4 0}, {link #2 : g7 0}, {link #3 : g3 0},
6 : local 80, cpu 0 {link #0 : g0 0}, {link #1 : g5 0}, {link #2 : g4 0}, {link #3 : g7 0},
7 : local 80, cpu 0 {link #0 : g4 0}, {link #1 : g1 0}, {link #2 : g6 0}, {link #3 : g5 0},
0 : local 80, cpu 0 {link #0 : g3 0}, {link #1 : g6 0}, {link #2 : g1 0}, {link #3 : g2 0},
1 : local 80, cpu 0 {link #0 : g7 0}, {link #1 : g2 0}, {link #2 : g3 0}, {link #3 : g0 0},
2 : local 80, cpu 0 {link #0 : g1 0}, {link #1 : g3 0}, {link #2 : g0 0}, {link #3 : g4 0},
3 : local 80, cpu 0 {link #0 : g2 0}, {link #1 : g0 0}, {link #2 : g5 0}, {link #3 : g1 0},
4 : local 80, cpu 0 {link #0 : g5 0}, {link #1 : g7 0}, {link #2 : g2 0}, {link #3 : g6 0},
5 : local 80, cpu 0 {link #0 : g6 0}, {link #1 : g4 0}, {link #2 : g7 0}, {link #3 : g3 0},
6 : local 80, cpu 0 {link #0 : g0 0}, {link #1 : g5 0}, {link #2 : g4 0}, {link #3 : g7 0},
7 : local 80, cpu 0 {link #0 : g4 0}, {link #1 : g1 0}, {link #2 : g6 0}, {link #3 : g5 0},
0 : local 80, cpu 0 {link #0 : g3 0}, {link #1 : g6 0}, {link #2 : g1 0}, {link #3 : g2 0},
1 : local 80, cpu 0 {link #0 : g7 0}, {link #1 : g2 0}, {link #2 : g3 0}, {link #3 : g0 0},
2 : local 80, cpu 0 {link #0 : g1 0}, {link #1 : g3 0}, {link #2 : g0 0}, {link #3 : g4 0},
3 : local 80, cpu 0 {link #0 : g2 0}, {link #1 : g0 0}, {link #2 : g5 0}, {link #3 : g1 0},
4 : local 80, cpu 0 {link #0 : g5 0}, {link #1 : g7 0}, {link #2 : g2 0}, {link #3 : g6 0},
5 : local 80, cpu 0 {link #0 : g6 0}, {link #1 : g4 0}, {link #2 : g7 0}, {link #3 : g3 0},
6 : local 80, cpu 0 {link #0 : g0 0}, {link #1 : g5 0}, {link #2 : g4 0}, {link #3 : g7 0},
7 : local 80, cpu 0 {link #0 : g4 0}, {link #1 : g1 0}, {link #2 : g6 0}, {link #3 : g5 0},
0 : local 80, cpu 0 {link #0 : g3 0}, {link #1 : g6 0}, {link #2 : g1 0}, {link #3 : g2 0},
1 : local 80, cpu 0 {link #0 : g7 0}, {link #1 : g2 0}, {link #2 : g3 0}, {link #3 : g0 0},
2 : local 80, cpu 0 {link #0 : g1 0}, {link #1 : g3 0}, {link #2 : g0 0}, {link #3 : g4 0},
3 : local 80, cpu 0 {link #0 : g2 0}, {link #1 : g0 0}, {link #2 : g5 0}, {link #3 : g1 0},
4 : local 80, cpu 0 {link #0 : g5 0}, {link #1 : g7 0}, {link #2 : g2 0}, {link #3 : g6 0},
5 : local 80, cpu 0 {link #0 : g6 0}, {link #1 : g4 0}, {link #2 : g7 0}, {link #3 : g3 0},
6 : local 80, cpu 0 {link #0 : g0 0}, {link #1 : g5 0}, {link #2 : g4 0}, {link #3 : g7 0},
7 : local 80, cpu 0 {link #0 : g4 0}, {link #1 : g1 0}, {link #2 : g6 0}, {link #3 : g5 0},
coll_cache:optimal_rep_storage=0.02
coll_cache:optimal_part_storage=0
coll_cache:optimal_cpu_storage=0.98
coll_cache:optimal_local_storage=0.02
coll_cache:optimal_remote_storage=0
coll_cache:optimal_local_rate=0.208989
coll_cache:optimal_remote_rate=0
coll_cache:optimal_cpu_rate=0.791011
z=169588
test_result:init:feat_nbytes=56862697472
test_result:init:cache_nbytes=1194116608
test_result:init:feat_nbytes=56862697472
test_result:init:cache_nbytes=1194116608
test_result:init:feat_nbytes=56862697472
test_result:init:cache_nbytes=1194116608
test_result:init:feat_nbytes=56862697472
test_result:init:cache_nbytes=1194116608
test_result:init:feat_nbytes=56862697472
test_result:init:cache_nbytes=1194116608
test_result:init:feat_nbytes=56862697472
test_result:init:cache_nbytes=1194116608
test_result:init:feat_nbytes=56862697472
test_result:init:cache_nbytes=1194116608
test_result:init:feat_nbytes=56862697472
test_result:init:cache_nbytes=1194116608
    [Step(average) Profiler Level 1 E3 S999]
        L1  sample           0.004216 | send           0.000000
        L1  recv             0.000000 | copy           0.116313 | convert time 0.000000 | train  0.011890
        L1  feature nbytes  563.40 MB | label nbytes 0.00 Bytes
        L1  id nbytes      0.00 Bytes | graph nbytes 0.00 Bytes
        L1  miss nbytes    0.00 Bytes | remote nbytes 0.00 Bytes
        L1  num nodes               0 | num samples           0
        L1  seq duration     0.000000 | refresh duration   0.000000
    [Step(average) Profiler Level 2 E3 S999]
        L2  shuffle     0.000000 | core sample  0.000000 | id remap        0.000000
        L2  graph copy  0.000000 | id copy      0.000000 | cache feat copy 0.116313
        L2  last layer sample time 0.000000 | size 0.000000
    [Step(average) Profiler Level 3 E3 S999]
        L3  khop sample coo  0.000000 | khop sort coo      0.000000 | khop count edge     0.000000 | khop compact edge 0.000000
        L3  walk sample coo  0.000000 | walk topk total    0.000000 | walk topk step1     0.000000 | walk topk step2   0.000000
        L3  walk topk step3  0.000000 | walk topk step4    0.000000 | walk topk step5     0.000000
        L3  walk topk step6  0.000000 | walk topk step7    0.000000
        L3  remap unique     0.000000 | remap populate     0.000000 | remap mapnode       0.000000 | remap mapedge     0.000000
        L3  cache get_index  0.000706 | cache copy_index   0.000000 | cache extract_miss  0.000000
        L3  cache copy_miss  0.000000 | cache combine_miss 0.000000 | cache combine cache 0.115550 | cache combine remote 0.000000
        L3  label extract  0.000000
    [Profiler Level Percentiles E3 S999]
        p50.00_tail_logl2featcopy=0.117843
        p90.00_tail_logl2featcopy=0.120968
        p95.00_tail_logl2featcopy=0.121630
        p99.00_tail_logl2featcopy=0.122846
        p99.90_tail_logl2featcopy=0.125971
[CUDA] cuda: usage: 8.21 GB
Rank=1, Graph loaded.
!!!!dist_homo_graph enumerate latency per epoch: 0.007553, per step: 0.000060
presamping
presamping takes 11.738517999649048
creating_intra_node_communicator root=4, local_size=4, world_size=8
Rank=4, Graph loaded.
!!!!dist_homo_graph enumerate latency per epoch: 0.005462, per step: 0.000044
presamping
presamping takes 12.609086036682129
Rank=6, Graph loaded.
!!!!dist_homo_graph enumerate latency per epoch: 0.004778, per step: 0.000038
presamping
presamping takes 12.2939293384552
Rank=5, Graph loaded.
!!!!dist_homo_graph enumerate latency per epoch: 0.004750, per step: 0.000038
presamping
presamping takes 12.647387742996216
config:eval_tsp="2023-04-14 18:33:29"
config:num_worker=8
config:num_intra_size=4
config:root_dir=/nvme/songxiaoniu/graph-learning/wholegraph
config:graph_name=ogbn-papers100M
config:epochs=4
config:batchsize=2000
config:skip_epoch=2
config:local_step=125
config:presc_epoch=2
config:neighbors=10,25
config:hiddensize=256
config:num_layer=2
config:model=sage
config:framework=dgl
config:dataloaderworkers=0
config:dropout=0.5
config:lr=0.003
config:use_nccl=False
config:use_amp=True
config:use_collcache=True
config:cache_percentage=0.02
config:cache_policy=rep
config:omp_thread_num=48
config:unsupervised=True
config:classnum=172
config:global_barrier=<multiprocessing.synchronize.Barrier object at 0x7f8ea8d88400>
config:worker_id=0
creating_intra_node_communicator root=0, local_size=4, world_size=8
Rank=0, Graph loaded.
!!!!dist_homo_graph enumerate latency per epoch: 0.004717, per step: 0.000038
epoch=4 total_steps=500
presamping
presamping takes 12.061133623123169
start training...
[Epoch 0], time=18.03727698326111, loss=0.6931472420692444
[Epoch 1], time=16.560391664505005, loss=0.6931472420692444
[Epoch 2], time=16.552196264266968, loss=0.6931472420692444
[Epoch 3], time=16.569248914718628, loss=0.6931472420692444
|===========================================================================|
|                  PyTorch CUDA memory summary, device ID 0                 |
|---------------------------------------------------------------------------|
|            CUDA OOMs: 0            |        cudaMalloc retries: 0         |
|===========================================================================|
|        Metric         | Cur Usage  | Peak Usage | Tot Alloc  | Tot Freed  |
|---------------------------------------------------------------------------|
| Allocated memory      |   76749 KB |  417921 KB |  645754 MB |  645679 MB |
|       from large pool |   69737 KB |  411476 KB |  637600 MB |  637532 MB |
|       from small pool |    7011 KB |    8913 KB |    8154 MB |    8147 MB |
|---------------------------------------------------------------------------|
| Active memory         |   76749 KB |  417921 KB |  645754 MB |  645679 MB |
|       from large pool |   69737 KB |  411476 KB |  637600 MB |  637532 MB |
|       from small pool |    7011 KB |    8913 KB |    8154 MB |    8147 MB |
|---------------------------------------------------------------------------|
| GPU reserved memory   |     976 MB |     976 MB |     976 MB |       0 B  |
|       from large pool |     964 MB |     964 MB |     964 MB |       0 B  |
|       from small pool |      12 MB |      12 MB |      12 MB |       0 B  |
|---------------------------------------------------------------------------|
| Non-releasable memory |  300083 KB |  623267 KB |  735526 MB |  735233 MB |
|       from large pool |  296854 KB |  619675 KB |  727145 MB |  726855 MB |
|       from small pool |    3228 KB |    5239 KB |    8381 MB |    8378 MB |
|---------------------------------------------------------------------------|
| Allocations           |      58    |      74    |  102446    |  102388    |
|       from large pool |      11    |      21    |   31274    |   31263    |
|       from small pool |      47    |      58    |   71172    |   71125    |
|---------------------------------------------------------------------------|
| Active allocs         |      58    |      74    |  102446    |  102388    |
|       from large pool |      11    |      21    |   31274    |   31263    |
|       from small pool |      47    |      58    |   71172    |   71125    |
|---------------------------------------------------------------------------|
| GPU reserved segments |      16    |      16    |      16    |       0    |
|       from large pool |      10    |      10    |      10    |       0    |
|       from small pool |       6    |       6    |       6    |       0    |
|---------------------------------------------------------------------------|
| Non-releasable allocs |      23    |      34    |   34742    |   34719    |
|       from large pool |       5    |      15    |   16047    |   16042    |
|       from small pool |      18    |      25    |   18695    |   18677    |
|---------------------------------------------------------------------------|
| Oversize allocations  |       0    |       0    |       0    |       0    |
|---------------------------------------------------------------------------|
| Oversize GPU segments |       0    |       0    |       0    |       0    |
|===========================================================================|

[TRAIN_TIME] train time is 67.721076 seconds
[EPOCH_TIME] 16.930269 seconds, maybe large due to not enough epoch skipped.
[EPOCH_TIME] 16.561075 seconds
Rank=3, Graph loaded.
!!!!dist_homo_graph enumerate latency per epoch: 0.007687, per step: 0.000061
presamping
presamping takes 11.920529842376709
Rank=2, Graph loaded.
!!!!dist_homo_graph enumerate latency per epoch: 0.005274, per step: 0.000042
presamping
presamping takes 13.012147426605225
Rank=7, Graph loaded.
!!!!dist_homo_graph enumerate latency per epoch: 0.004783, per step: 0.000038
presamping
presamping takes 11.844085216522217

