/usr/lib/python3/dist-packages/requests/__init__.py:89: RequestsDependencyWarning: urllib3 (1.26.12) or chardet (3.0.4) doesn't match a supported version!
  warnings.warn("urllib3 ({}) or chardet ({}) doesn't match a supported "
[W socket.cpp:601] [c10d] The client socket has failed to connect to [localhost]:12335 (errno: 99 - Cannot assign requested address).
[W socket.cpp:601] [c10d] The client socket has failed to connect to [localhost]:12335 (errno: 99 - Cannot assign requested address).
[W socket.cpp:601] [c10d] The client socket has failed to connect to [localhost]:12335 (errno: 99 - Cannot assign requested address).
[W socket.cpp:601] [c10d] The client socket has failed to connect to [localhost]:12335 (errno: 99 - Cannot assign requested address).
Rank=0 done reading 16402092 embedding vectors from file /nvme/songxiaoniu/graph-learning/wholegraph/com_friendster/converted/homograph_csr_row_ptr
Rank=1 done reading 16402092 embedding vectors from file /nvme/songxiaoniu/graph-learning/wholegraph/com_friendster/converted/homograph_csr_row_ptr
Rank=0 done reading 16402092 embedding vectors from file /nvme/songxiaoniu/graph-learning/wholegraph/com_friendster/converted/homograph_csr_row_ptr
Rank=3 done reading 16402091 embedding vectors from file /nvme/songxiaoniu/graph-learning/wholegraph/com_friendster/converted/homograph_csr_row_ptr
Rank=2 done reading 16402092 embedding vectors from file /nvme/songxiaoniu/graph-learning/wholegraph/com_friendster/converted/homograph_csr_row_ptr
Rank=1 done reading 16402092 embedding vectors from file /nvme/songxiaoniu/graph-learning/wholegraph/com_friendster/converted/homograph_csr_row_ptr
Rank=3 done reading 16402091 embedding vectors from file /nvme/songxiaoniu/graph-learning/wholegraph/com_friendster/converted/homograph_csr_row_ptr
Rank=2 done reading 16402092 embedding vectors from file /nvme/songxiaoniu/graph-learning/wholegraph/com_friendster/converted/homograph_csr_row_ptr
Rank=0 done reading 903033568 embedding vectors from file /nvme/songxiaoniu/graph-learning/wholegraph/com_friendster/converted/homograph_csr_col_idx
Rank=1 done reading 903033568 embedding vectors from file /nvme/songxiaoniu/graph-learning/wholegraph/com_friendster/converted/homograph_csr_col_idx
Rank=2 done reading 903033568 embedding vectors from file /nvme/songxiaoniu/graph-learning/wholegraph/com_friendster/converted/homograph_csr_col_idx
Rank=3 done reading 903033566 embedding vectors from file /nvme/songxiaoniu/graph-learning/wholegraph/com_friendster/converted/homograph_csr_col_idx
Rank=2 done reading 903033568 embedding vectors from file /nvme/songxiaoniu/graph-learning/wholegraph/com_friendster/converted/homograph_csr_col_idx
Rank=3 done reading 903033566 embedding vectors from file /nvme/songxiaoniu/graph-learning/wholegraph/com_friendster/converted/homograph_csr_col_idx
Rank=1 done reading 903033568 embedding vectors from file /nvme/songxiaoniu/graph-learning/wholegraph/com_friendster/converted/homograph_csr_col_idx
Rank=0 done reading 903033568 embedding vectors from file /nvme/songxiaoniu/graph-learning/wholegraph/com_friendster/converted/homograph_csr_col_idx
[2023-04-15 04:20:28. 80437: E /samgraph/3rdparty/collcachelib/coll_cache_lib/freq_recorder.cc:337] bulk append 4210485 into 0
[2023-04-15 04:20:28.102083: E /samgraph/3rdparty/collcachelib/coll_cache_lib/freq_recorder.cc:347] bulk append 57930870
[2023-04-15 04:20:28.103757: E /samgraph/3rdparty/collcachelib/coll_cache_lib/freq_recorder.cc:337] bulk append 4212648 into 4210485
[2023-04-15 04:20:28.125309: E /samgraph/3rdparty/collcachelib/coll_cache_lib/freq_recorder.cc:347] bulk append 57891377
[2023-04-15 04:20:28.126996: E /samgraph/3rdparty/collcachelib/coll_cache_lib/freq_recorder.cc:337] bulk append 4208651 into 8423133
[2023-04-15 04:20:28.148575: E /samgraph/3rdparty/collcachelib/coll_cache_lib/freq_recorder.cc:347] bulk append 57819847
[2023-04-15 04:20:28.150259: E /samgraph/3rdparty/collcachelib/coll_cache_lib/freq_recorder.cc:337] bulk append 4211564 into 12631784
[2023-04-15 04:20:28.171844: E /samgraph/3rdparty/collcachelib/coll_cache_lib/freq_recorder.cc:347] bulk append 57846010
[2023-04-15 04:20:28.173550: E /samgraph/3rdparty/collcachelib/coll_cache_lib/freq_recorder.cc:337] bulk append 4210749 into 16843348
[2023-04-15 04:20:28.195070: E /samgraph/3rdparty/collcachelib/coll_cache_lib/freq_recorder.cc:347] bulk append 57901072
[2023-04-15 04:20:28.196736: E /samgraph/3rdparty/collcachelib/coll_cache_lib/freq_recorder.cc:337] bulk append 4211597 into 21054097
[2023-04-15 04:20:28.218258: E /samgraph/3rdparty/collcachelib/coll_cache_lib/freq_recorder.cc:347] bulk append 57860012
[2023-04-15 04:20:28.219931: E /samgraph/3rdparty/collcachelib/coll_cache_lib/freq_recorder.cc:337] bulk append 4210607 into 25265694
[2023-04-15 04:20:28.241902: E /samgraph/3rdparty/collcachelib/coll_cache_lib/freq_recorder.cc:347] bulk append 57870665
[2023-04-15 04:20:28.243578: E /samgraph/3rdparty/collcachelib/coll_cache_lib/freq_recorder.cc:337] bulk append 4213493 into 29476301
[2023-04-15 04:20:28.265180: E /samgraph/3rdparty/collcachelib/coll_cache_lib/freq_recorder.cc:347] bulk append 57915920
[2023-04-15 04:20:28.266857: E /samgraph/3rdparty/collcachelib/coll_cache_lib/freq_recorder.cc:337] bulk append 4210166 into 33689794
[2023-04-15 04:20:28.288813: E /samgraph/3rdparty/collcachelib/coll_cache_lib/freq_recorder.cc:347] bulk append 57882604
[2023-04-15 04:20:28.290508: E /samgraph/3rdparty/collcachelib/coll_cache_lib/freq_recorder.cc:337] bulk append 4212814 into 37899960
[2023-04-15 04:20:28.312056: E /samgraph/3rdparty/collcachelib/coll_cache_lib/freq_recorder.cc:347] bulk append 57894544
[2023-04-15 04:20:28.313779: E /samgraph/3rdparty/collcachelib/coll_cache_lib/freq_recorder.cc:337] bulk append 4301686 into 42112774
[2023-04-15 04:20:28.336261: E /samgraph/3rdparty/collcachelib/coll_cache_lib/freq_recorder.cc:347] bulk append 59059457
[2023-04-15 04:20:28.337945: E /samgraph/3rdparty/collcachelib/coll_cache_lib/freq_recorder.cc:337] bulk append 4305201 into 46414460
[2023-04-15 04:20:28.360431: E /samgraph/3rdparty/collcachelib/coll_cache_lib/freq_recorder.cc:347] bulk append 58975863
[2023-04-15 04:20:28.362088: E /samgraph/3rdparty/collcachelib/coll_cache_lib/freq_recorder.cc:337] bulk append 4303215 into 50719661
[2023-04-15 04:20:28.384540: E /samgraph/3rdparty/collcachelib/coll_cache_lib/freq_recorder.cc:347] bulk append 58909934
[2023-04-15 04:20:28.386198: E /samgraph/3rdparty/collcachelib/coll_cache_lib/freq_recorder.cc:337] bulk append 4304365 into 55022876
[2023-04-15 04:20:28.408604: E /samgraph/3rdparty/collcachelib/coll_cache_lib/freq_recorder.cc:347] bulk append 58947487
[2023-04-15 04:20:28.410265: E /samgraph/3rdparty/collcachelib/coll_cache_lib/freq_recorder.cc:337] bulk append 4301847 into 59327241
[2023-04-15 04:20:28.432652: E /samgraph/3rdparty/collcachelib/coll_cache_lib/freq_recorder.cc:347] bulk append 59026740
[2023-04-15 04:20:28.434297: E /samgraph/3rdparty/collcachelib/coll_cache_lib/freq_recorder.cc:337] bulk append 4304266 into 63629088
[2023-04-15 04:20:28.456585: E /samgraph/3rdparty/collcachelib/coll_cache_lib/freq_recorder.cc:347] bulk append 59008580
[2023-04-15 04:20:28.458222: E /samgraph/3rdparty/collcachelib/coll_cache_lib/freq_recorder.cc:337] bulk append 4302175 into 67933354
[2023-04-15 04:20:28.480649: E /samgraph/3rdparty/collcachelib/coll_cache_lib/freq_recorder.cc:347] bulk append 58982057
[2023-04-15 04:20:28.482283: E /samgraph/3rdparty/collcachelib/coll_cache_lib/freq_recorder.cc:337] bulk append 4308007 into 72235529
[2023-04-15 04:20:28.504697: E /samgraph/3rdparty/collcachelib/coll_cache_lib/freq_recorder.cc:347] bulk append 59025565
[2023-04-15 04:20:28.506338: E /samgraph/3rdparty/collcachelib/coll_cache_lib/freq_recorder.cc:337] bulk append 4304486 into 76543536
[2023-04-15 04:20:28.528597: E /samgraph/3rdparty/collcachelib/coll_cache_lib/freq_recorder.cc:347] bulk append 58995320
[2023-04-15 04:20:28.530233: E /samgraph/3rdparty/collcachelib/coll_cache_lib/freq_recorder.cc:337] bulk append 4304012 into 80848022
[2023-04-15 04:20:28.552546: E /samgraph/3rdparty/collcachelib/coll_cache_lib/freq_recorder.cc:347] bulk append 59044963
[2023-04-15 04:20:28.554246: E /samgraph/3rdparty/collcachelib/coll_cache_lib/freq_recorder.cc:337] bulk append 4349379 into 85152034
[2023-04-15 04:20:28.576468: E /samgraph/3rdparty/collcachelib/coll_cache_lib/freq_recorder.cc:347] bulk append 59010205
[2023-04-15 04:20:28.578160: E /samgraph/3rdparty/collcachelib/coll_cache_lib/freq_recorder.cc:337] bulk append 4351728 into 89501413
[2023-04-15 04:20:28.600345: E /samgraph/3rdparty/collcachelib/coll_cache_lib/freq_recorder.cc:347] bulk append 58951481
[2023-04-15 04:20:28.602044: E /samgraph/3rdparty/collcachelib/coll_cache_lib/freq_recorder.cc:337] bulk append 4348321 into 93853141
[2023-04-15 04:20:28.624226: E /samgraph/3rdparty/collcachelib/coll_cache_lib/freq_recorder.cc:347] bulk append 58883508
[2023-04-15 04:20:28.625931: E /samgraph/3rdparty/collcachelib/coll_cache_lib/freq_recorder.cc:337] bulk append 4348568 into 98201462
[2023-04-15 04:20:28.648560: E /samgraph/3rdparty/collcachelib/coll_cache_lib/freq_recorder.cc:347] bulk append 58913661
[2023-04-15 04:20:28.650253: E /samgraph/3rdparty/collcachelib/coll_cache_lib/freq_recorder.cc:337] bulk append 4347541 into 102550030
[2023-04-15 04:20:28.672393: E /samgraph/3rdparty/collcachelib/coll_cache_lib/freq_recorder.cc:347] bulk append 58990015
[2023-04-15 04:20:28.674090: E /samgraph/3rdparty/collcachelib/coll_cache_lib/freq_recorder.cc:337] bulk append 4348407 into 106897571
[2023-04-15 04:20:28.696301: E /samgraph/3rdparty/collcachelib/coll_cache_lib/freq_recorder.cc:347] bulk append 58965459
[2023-04-15 04:20:28.697989: E /samgraph/3rdparty/collcachelib/coll_cache_lib/freq_recorder.cc:337] bulk append 4348013 into 111245978
[2023-04-15 04:20:28.720145: E /samgraph/3rdparty/collcachelib/coll_cache_lib/freq_recorder.cc:347] bulk append 58940294
[2023-04-15 04:20:28.721845: E /samgraph/3rdparty/collcachelib/coll_cache_lib/freq_recorder.cc:337] bulk append 4351358 into 115593991
[2023-04-15 04:20:28.744028: E /samgraph/3rdparty/collcachelib/coll_cache_lib/freq_recorder.cc:347] bulk append 59037624
[2023-04-15 04:20:28.745719: E /samgraph/3rdparty/collcachelib/coll_cache_lib/freq_recorder.cc:337] bulk append 4348288 into 119945349
[2023-04-15 04:20:28.768230: E /samgraph/3rdparty/collcachelib/coll_cache_lib/freq_recorder.cc:347] bulk append 58948248
[2023-04-15 04:20:28.769933: E /samgraph/3rdparty/collcachelib/coll_cache_lib/freq_recorder.cc:337] bulk append 4348147 into 124293637
[2023-04-15 04:20:28.792469: E /samgraph/3rdparty/collcachelib/coll_cache_lib/freq_recorder.cc:347] bulk append 59038192
[2023-04-15 04:20:28.794180: E /samgraph/3rdparty/collcachelib/coll_cache_lib/freq_recorder.cc:337] bulk append 4356364 into 128641784
[2023-04-15 04:20:28.816838: E /samgraph/3rdparty/collcachelib/coll_cache_lib/freq_recorder.cc:347] bulk append 58979283
[2023-04-15 04:20:28.818537: E /samgraph/3rdparty/collcachelib/coll_cache_lib/freq_recorder.cc:337] bulk append 4360997 into 132998148
[2023-04-15 04:20:28.841150: E /samgraph/3rdparty/collcachelib/coll_cache_lib/freq_recorder.cc:347] bulk append 58911810
[2023-04-15 04:20:28.842826: E /samgraph/3rdparty/collcachelib/coll_cache_lib/freq_recorder.cc:337] bulk append 4357273 into 137359145
[2023-04-15 04:20:28.865358: E /samgraph/3rdparty/collcachelib/coll_cache_lib/freq_recorder.cc:347] bulk append 58873476
[2023-04-15 04:20:28.867027: E /samgraph/3rdparty/collcachelib/coll_cache_lib/freq_recorder.cc:337] bulk append 4359867 into 141716418
[2023-04-15 04:20:28.889695: E /samgraph/3rdparty/collcachelib/coll_cache_lib/freq_recorder.cc:347] bulk append 58899700
[2023-04-15 04:20:28.891346: E /samgraph/3rdparty/collcachelib/coll_cache_lib/freq_recorder.cc:337] bulk append 4358006 into 146076285
[2023-04-15 04:20:28.916942: E /samgraph/3rdparty/collcachelib/coll_cache_lib/freq_recorder.cc:347] bulk append 58948896
[2023-04-15 04:20:28.918627: E /samgraph/3rdparty/collcachelib/coll_cache_lib/freq_recorder.cc:337] bulk append 4359820 into 150434291
[2023-04-15 04:20:28.941132: E /samgraph/3rdparty/collcachelib/coll_cache_lib/freq_recorder.cc:347] bulk append 58934519
[2023-04-15 04:20:28.942796: E /samgraph/3rdparty/collcachelib/coll_cache_lib/freq_recorder.cc:337] bulk append 4357925 into 154794111
[2023-04-15 04:20:28.965270: E /samgraph/3rdparty/collcachelib/coll_cache_lib/freq_recorder.cc:347] bulk append 58912623
[2023-04-15 04:20:28.966924: E /samgraph/3rdparty/collcachelib/coll_cache_lib/freq_recorder.cc:337] bulk append 4361324 into 159152036
[2023-04-15 04:20:28.989461: E /samgraph/3rdparty/collcachelib/coll_cache_lib/freq_recorder.cc:347] bulk append 59036517
[2023-04-15 04:20:28.991110: E /samgraph/3rdparty/collcachelib/coll_cache_lib/freq_recorder.cc:337] bulk append 4358189 into 163513360
[2023-04-15 04:20:29. 13752: E /samgraph/3rdparty/collcachelib/coll_cache_lib/freq_recorder.cc:347] bulk append 58957402
[2023-04-15 04:20:29. 15400: E /samgraph/3rdparty/collcachelib/coll_cache_lib/freq_recorder.cc:337] bulk append 4357396 into 167871549
[2023-04-15 04:20:29. 37877: E /samgraph/3rdparty/collcachelib/coll_cache_lib/freq_recorder.cc:347] bulk append 59003393
[2023-04-15 04:20:29. 39536: E /samgraph/3rdparty/collcachelib/coll_cache_lib/freq_recorder.cc:337] bulk append 4362318 into 172228945
[2023-04-15 04:20:29. 61743: E /samgraph/3rdparty/collcachelib/coll_cache_lib/freq_recorder.cc:347] bulk append 58876715
[2023-04-15 04:20:29. 63385: E /samgraph/3rdparty/collcachelib/coll_cache_lib/freq_recorder.cc:337] bulk append 4367437 into 176591263
[2023-04-15 04:20:29. 85553: E /samgraph/3rdparty/collcachelib/coll_cache_lib/freq_recorder.cc:347] bulk append 58824792
[2023-04-15 04:20:29. 87217: E /samgraph/3rdparty/collcachelib/coll_cache_lib/freq_recorder.cc:337] bulk append 4360881 into 180958700
[2023-04-15 04:20:29.109504: E /samgraph/3rdparty/collcachelib/coll_cache_lib/freq_recorder.cc:347] bulk append 58749832
[2023-04-15 04:20:29.111165: E /samgraph/3rdparty/collcachelib/coll_cache_lib/freq_recorder.cc:337] bulk append 4364954 into 185319581
[2023-04-15 04:20:29.133726: E /samgraph/3rdparty/collcachelib/coll_cache_lib/freq_recorder.cc:347] bulk append 58787653
[2023-04-15 04:20:29.135402: E /samgraph/3rdparty/collcachelib/coll_cache_lib/freq_recorder.cc:337] bulk append 4363974 into 189684535
[2023-04-15 04:20:29.157517: E /samgraph/3rdparty/collcachelib/coll_cache_lib/freq_recorder.cc:347] bulk append 58831777
[2023-04-15 04:20:29.159186: E /samgraph/3rdparty/collcachelib/coll_cache_lib/freq_recorder.cc:337] bulk append 4365241 into 194048509
[2023-04-15 04:20:29.181547: E /samgraph/3rdparty/collcachelib/coll_cache_lib/freq_recorder.cc:347] bulk append 58815584
[2023-04-15 04:20:29.183209: E /samgraph/3rdparty/collcachelib/coll_cache_lib/freq_recorder.cc:337] bulk append 4363250 into 198413750
[2023-04-15 04:20:29.205363: E /samgraph/3rdparty/collcachelib/coll_cache_lib/freq_recorder.cc:347] bulk append 58835342
[2023-04-15 04:20:29.207019: E /samgraph/3rdparty/collcachelib/coll_cache_lib/freq_recorder.cc:337] bulk append 4367369 into 202777000
[2023-04-15 04:20:29.229171: E /samgraph/3rdparty/collcachelib/coll_cache_lib/freq_recorder.cc:347] bulk append 58930767
[2023-04-15 04:20:29.230839: E /samgraph/3rdparty/collcachelib/coll_cache_lib/freq_recorder.cc:337] bulk append 4362889 into 207144369
[2023-04-15 04:20:29.253399: E /samgraph/3rdparty/collcachelib/coll_cache_lib/freq_recorder.cc:347] bulk append 58858875
[2023-04-15 04:20:29.255041: E /samgraph/3rdparty/collcachelib/coll_cache_lib/freq_recorder.cc:337] bulk append 4364137 into 211507258
[2023-04-15 04:20:29.277573: E /samgraph/3rdparty/collcachelib/coll_cache_lib/freq_recorder.cc:347] bulk append 58908070
[2023-04-15 04:20:29.279255: E /samgraph/3rdparty/collcachelib/coll_cache_lib/freq_recorder.cc:337] bulk append 4318398 into 215871395
[2023-04-15 04:20:29.301301: E /samgraph/3rdparty/collcachelib/coll_cache_lib/freq_recorder.cc:347] bulk append 58163686
[2023-04-15 04:20:29.302981: E /samgraph/3rdparty/collcachelib/coll_cache_lib/freq_recorder.cc:337] bulk append 4321963 into 220189793
[2023-04-15 04:20:29.325405: E /samgraph/3rdparty/collcachelib/coll_cache_lib/freq_recorder.cc:347] bulk append 58067928
[2023-04-15 04:20:29.327101: E /samgraph/3rdparty/collcachelib/coll_cache_lib/freq_recorder.cc:337] bulk append 4318663 into 224511756
[2023-04-15 04:20:29.349487: E /samgraph/3rdparty/collcachelib/coll_cache_lib/freq_recorder.cc:347] bulk append 58020458
[2023-04-15 04:20:29.351163: E /samgraph/3rdparty/collcachelib/coll_cache_lib/freq_recorder.cc:337] bulk append 4323707 into 228830419
[2023-04-15 04:20:29.373619: E /samgraph/3rdparty/collcachelib/coll_cache_lib/freq_recorder.cc:347] bulk append 58073740
[2023-04-15 04:20:29.375304: E /samgraph/3rdparty/collcachelib/coll_cache_lib/freq_recorder.cc:337] bulk append 4319969 into 233154126
[2023-04-15 04:20:29.397433: E /samgraph/3rdparty/collcachelib/coll_cache_lib/freq_recorder.cc:347] bulk append 58085769
[2023-04-15 04:20:29.399113: E /samgraph/3rdparty/collcachelib/coll_cache_lib/freq_recorder.cc:337] bulk append 4320986 into 237474095
[2023-04-15 04:20:29.421530: E /samgraph/3rdparty/collcachelib/coll_cache_lib/freq_recorder.cc:347] bulk append 58107221
[2023-04-15 04:20:29.423208: E /samgraph/3rdparty/collcachelib/coll_cache_lib/freq_recorder.cc:337] bulk append 4319405 into 241795081
[2023-04-15 04:20:29.445614: E /samgraph/3rdparty/collcachelib/coll_cache_lib/freq_recorder.cc:347] bulk append 58105721
[2023-04-15 04:20:29.447292: E /samgraph/3rdparty/collcachelib/coll_cache_lib/freq_recorder.cc:337] bulk append 4321557 into 246114486
[2023-04-15 04:20:29.469318: E /samgraph/3rdparty/collcachelib/coll_cache_lib/freq_recorder.cc:347] bulk append 58197261
[2023-04-15 04:20:29.470998: E /samgraph/3rdparty/collcachelib/coll_cache_lib/freq_recorder.cc:337] bulk append 4318990 into 250436043
[2023-04-15 04:20:29.493414: E /samgraph/3rdparty/collcachelib/coll_cache_lib/freq_recorder.cc:347] bulk append 58147649
[2023-04-15 04:20:29.495088: E /samgraph/3rdparty/collcachelib/coll_cache_lib/freq_recorder.cc:337] bulk append 4321693 into 254755033
[2023-04-15 04:20:29.517145: E /samgraph/3rdparty/collcachelib/coll_cache_lib/freq_recorder.cc:347] bulk append 58177616
[2023-04-15 04:20:29.518842: E /samgraph/3rdparty/collcachelib/coll_cache_lib/freq_recorder.cc:337] bulk append 4264376 into 259076726
[2023-04-15 04:20:29.541200: E /samgraph/3rdparty/collcachelib/coll_cache_lib/freq_recorder.cc:347] bulk append 57159000
[2023-04-15 04:20:29.542902: E /samgraph/3rdparty/collcachelib/coll_cache_lib/freq_recorder.cc:337] bulk append 4265762 into 263341102
[2023-04-15 04:20:29.565110: E /samgraph/3rdparty/collcachelib/coll_cache_lib/freq_recorder.cc:347] bulk append 57030819
[2023-04-15 04:20:29.566783: E /samgraph/3rdparty/collcachelib/coll_cache_lib/freq_recorder.cc:337] bulk append 4262481 into 267606864
[2023-04-15 04:20:29.588899: E /samgraph/3rdparty/collcachelib/coll_cache_lib/freq_recorder.cc:347] bulk append 56991733
[2023-04-15 04:20:29.590581: E /samgraph/3rdparty/collcachelib/coll_cache_lib/freq_recorder.cc:337] bulk append 4266005 into 271869345
[2023-04-15 04:20:29.612788: E /samgraph/3rdparty/collcachelib/coll_cache_lib/freq_recorder.cc:347] bulk append 57059288
[2023-04-15 04:20:29.614455: E /samgraph/3rdparty/collcachelib/coll_cache_lib/freq_recorder.cc:337] bulk append 4264572 into 276135350
[2023-04-15 04:20:29.636691: E /samgraph/3rdparty/collcachelib/coll_cache_lib/freq_recorder.cc:347] bulk append 57054097
[2023-04-15 04:20:29.638379: E /samgraph/3rdparty/collcachelib/coll_cache_lib/freq_recorder.cc:337] bulk append 4265411 into 280399922
[2023-04-15 04:20:29.660507: E /samgraph/3rdparty/collcachelib/coll_cache_lib/freq_recorder.cc:347] bulk append 57072641
[2023-04-15 04:20:29.662169: E /samgraph/3rdparty/collcachelib/coll_cache_lib/freq_recorder.cc:337] bulk append 4264271 into 284665333
[2023-04-15 04:20:29.684279: E /samgraph/3rdparty/collcachelib/coll_cache_lib/freq_recorder.cc:347] bulk append 57071686
[2023-04-15 04:20:29.685951: E /samgraph/3rdparty/collcachelib/coll_cache_lib/freq_recorder.cc:337] bulk append 4268154 into 288929604
[2023-04-15 04:20:29.708166: E /samgraph/3rdparty/collcachelib/coll_cache_lib/freq_recorder.cc:347] bulk append 57179230
[2023-04-15 04:20:29.709855: E /samgraph/3rdparty/collcachelib/coll_cache_lib/freq_recorder.cc:337] bulk append 4264608 into 293197758
[2023-04-15 04:20:29.731988: E /samgraph/3rdparty/collcachelib/coll_cache_lib/freq_recorder.cc:347] bulk append 57115420
[2023-04-15 04:20:29.733661: E /samgraph/3rdparty/collcachelib/coll_cache_lib/freq_recorder.cc:337] bulk append 4266029 into 297462366
[2023-04-15 04:20:29.755949: E /samgraph/3rdparty/collcachelib/coll_cache_lib/freq_recorder.cc:347] bulk append 57157892
[2023-04-15 04:20:29.757624: E /samgraph/3rdparty/collcachelib/coll_cache_lib/freq_recorder.cc:337] bulk append 4177882 into 301728395
[2023-04-15 04:20:29.779173: E /samgraph/3rdparty/collcachelib/coll_cache_lib/freq_recorder.cc:347] bulk append 54897387
[2023-04-15 04:20:29.780848: E /samgraph/3rdparty/collcachelib/coll_cache_lib/freq_recorder.cc:337] bulk append 4182138 into 305906277
[2023-04-15 04:20:29.802436: E /samgraph/3rdparty/collcachelib/coll_cache_lib/freq_recorder.cc:347] bulk append 54799669
[2023-04-15 04:20:29.804112: E /samgraph/3rdparty/collcachelib/coll_cache_lib/freq_recorder.cc:337] bulk append 4176789 into 310088415
[2023-04-15 04:20:29.826054: E /samgraph/3rdparty/collcachelib/coll_cache_lib/freq_recorder.cc:347] bulk append 54783248
[2023-04-15 04:20:29.827740: E /samgraph/3rdparty/collcachelib/coll_cache_lib/freq_recorder.cc:337] bulk append 4179240 into 314265204
[2023-04-15 04:20:29.849263: E /samgraph/3rdparty/collcachelib/coll_cache_lib/freq_recorder.cc:347] bulk append 54826900
[2023-04-15 04:20:29.850937: E /samgraph/3rdparty/collcachelib/coll_cache_lib/freq_recorder.cc:337] bulk append 4179688 into 318444444
[2023-04-15 04:20:29.872425: E /samgraph/3rdparty/collcachelib/coll_cache_lib/freq_recorder.cc:347] bulk append 54823817
[2023-04-15 04:20:29.874106: E /samgraph/3rdparty/collcachelib/coll_cache_lib/freq_recorder.cc:337] bulk append 4179939 into 322624132
[2023-04-15 04:20:29.896020: E /samgraph/3rdparty/collcachelib/coll_cache_lib/freq_recorder.cc:347] bulk append 54811225
[2023-04-15 04:20:29.897695: E /samgraph/3rdparty/collcachelib/coll_cache_lib/freq_recorder.cc:337] bulk append 4176972 into 326804071
[2023-04-15 04:20:29.919166: E /samgraph/3rdparty/collcachelib/coll_cache_lib/freq_recorder.cc:347] bulk append 54855399
[2023-04-15 04:20:29.920847: E /samgraph/3rdparty/collcachelib/coll_cache_lib/freq_recorder.cc:337] bulk append 4182672 into 330981043
[2023-04-15 04:20:29.942429: E /samgraph/3rdparty/collcachelib/coll_cache_lib/freq_recorder.cc:347] bulk append 54957105
[2023-04-15 04:20:29.944107: E /samgraph/3rdparty/collcachelib/coll_cache_lib/freq_recorder.cc:337] bulk append 4177583 into 335163715
[2023-04-15 04:20:29.966026: E /samgraph/3rdparty/collcachelib/coll_cache_lib/freq_recorder.cc:347] bulk append 54921851
[2023-04-15 04:20:29.967696: E /samgraph/3rdparty/collcachelib/coll_cache_lib/freq_recorder.cc:337] bulk append 4178139 into 339341298
[2023-04-15 04:20:29.989199: E /samgraph/3rdparty/collcachelib/coll_cache_lib/freq_recorder.cc:347] bulk append 54900632
[2023-04-15 04:20:29.990872: E /samgraph/3rdparty/collcachelib/coll_cache_lib/freq_recorder.cc:266] freq recorder global combining
[2023-04-15 04:20:29.[9909112023-04-15 04:20:29[: .2023-04-15 04:20:29E990913[.[ : 2023-04-15 04:20:299909162023-04-15 04:20:29/samgraph/3rdparty/collcachelib/coll_cache_lib/run_config.cc[[E.: .:2023-04-15 04:20:292023-04-15 04:20:29 990928E990932141../samgraph/3rdparty/collcachelib/coll_cache_lib/run_config.cc:  : ] 990943990942:E/samgraph/3rdparty/collcachelib/coll_cache_lib/run_config.ccEusing concurrent impl MPSPhase: : 141 : 
EE] /samgraph/3rdparty/collcachelib/coll_cache_lib/run_config.cc141/samgraph/3rdparty/collcachelib/coll_cache_lib/run_config.cc  using concurrent impl MPSPhase[:] :/samgraph/3rdparty/collcachelib/coll_cache_lib/run_config.cc/samgraph/3rdparty/collcachelib/coll_cache_lib/run_config.cc
2023-04-15 04:20:29141using concurrent impl MPSPhase141::.] 
[] 141141991099using concurrent impl MPSPhase2023-04-15 04:20:29using concurrent impl MPSPhase] [] : 
.
using concurrent impl MPSPhase[2023-04-15 04:20:29using concurrent impl MPSPhaseE991140
2023-04-15 04:20:29.[
 : .9911622023-04-15 04:20:29[/samgraph/3rdparty/collcachelib/coll_cache_lib/facade.ccE991210: [.2023-04-15 04:20:29: : E2023-04-15 04:20:29991217.409/samgraph/3rdparty/collcachelib/coll_cache_lib/facade.ccE .: 991239] : /samgraph/3rdparty/collcachelib/coll_cache_lib/facade.cc991250E: Ebefore scale, dtype is 0, dim is 256409/samgraph/3rdparty/collcachelib/coll_cache_lib/facade.cc::   
] :409E/samgraph/3rdparty/collcachelib/coll_cache_lib/facade.cc/samgraph/3rdparty/collcachelib/coll_cache_lib/facade.ccbefore scale, dtype is 0, dim is 256409] [ ::
] before scale, dtype is 0, dim is 2562023-04-15 04:20:29/samgraph/3rdparty/collcachelib/coll_cache_lib/facade.cc409409before scale, dtype is 0, dim is 256
[.:] ] 
2023-04-15 04:20:29991355[409before scale, dtype is 0, dim is 256before scale, dtype is 0, dim is 256.: [2023-04-15 04:20:29] 

991388E2023-04-15 04:20:29.before scale, dtype is 0, dim is 256: [ [.991409
E2023-04-15 04:20:29/samgraph/3rdparty/collcachelib/coll_cache_lib/facade.cc2023-04-15 04:20:29991424:  [.:.: E/samgraph/3rdparty/collcachelib/coll_cache_lib/facade.cc2023-04-15 04:20:29991453415991456E :.: ] :  /samgraph/3rdparty/collcachelib/coll_cache_lib/facade.cc415991493Eafter scale, dtype is 7, new dim is 64E/samgraph/3rdparty/collcachelib/coll_cache_lib/facade.cc:] :  
 :415after scale, dtype is 7, new dim is 64E/samgraph/3rdparty/collcachelib/coll_cache_lib/facade.cc/samgraph/3rdparty/collcachelib/coll_cache_lib/facade.cc415] 
 ::] after scale, dtype is 7, new dim is 64/samgraph/3rdparty/collcachelib/coll_cache_lib/facade.cc415415after scale, dtype is 7, new dim is 64
:] ] 
415after scale, dtype is 7, new dim is 64after scale, dtype is 7, new dim is 64] 

after scale, dtype is 7, new dim is 64
[2023-04-15 04:20:29.994910: E /samgraph/3rdparty/collcachelib/coll_cache_lib/coll_cache/asymm_link_desc.cc:181] v100x8, slow pcie
[2023-04-15 04:20:29.994949: E /samgraph/3rdparty/collcachelib/coll_cache_lib/coll_cache/asymm_link_desc.cc:207] assigning 8 to cpu
[2023-04-15 04:20:29.995005: E /samgraph/3rdparty/collcachelib/coll_cache_lib/coll_cache/asymm_link_desc.cc:224] build asymm link desc with 8X Tesla V100-SXM2-32GB out of 8
[2023-04-15 04:20:29.995042: E /samgraph/3rdparty/collcachelib/coll_cache_lib/coll_cache/asymm_link_desc.cc:225] remote time is 15.5556
[2023-04-15 04:20:29.995069: E /samgraph/3rdparty/collcachelib/coll_cache_lib/coll_cache/asymm_link_desc.cc:226] cpu time is 102.941
[2023-04-15 04:20:29.995094: E /samgraph/3rdparty/collcachelib/coll_cache_lib/coll_cache/asymm_link_desc.cc:181] v100x8, slow pcie
[[2023-04-15 04:20:292023-04-15 04:20:29..995127995120: [: E2023-04-15 04:20:29E . /samgraph/3rdparty/collcachelib/coll_cache_lib/coll_cache/asymm_link_desc.cc995139/samgraph/3rdparty/collcachelib/coll_cache_lib/facade.cc:: :207E425]  ] assigning 8 to cpu/samgraph/3rdparty/collcachelib/coll_cache_lib/coll_cache/asymm_link_desc.ccregistering cpu data with 16.00 GB
:
[1812023-04-15 04:20:29] .v100x8, slow pcie995185
: E[ 2023-04-15 04:20:29[/samgraph/3rdparty/collcachelib/coll_cache_lib/coll_cache/asymm_link_desc.cc.2023-04-15 04:20:29:995207.181: 995213] E: v100x8, slow pcie E
[/samgraph/3rdparty/collcachelib/coll_cache_lib/coll_cache/asymm_link_desc.cc 2023-04-15 04:20:29:[/samgraph/3rdparty/collcachelib/coll_cache_lib/coll_cache/asymm_link_desc.cc.2242023-04-15 04:20:29:995238] .207: [build asymm link desc with 8X Tesla V100-SXM2-32GB out of 8995254] E2023-04-15 04:20:29
: assigning 8 to cpu .E
/samgraph/3rdparty/collcachelib/coll_cache_lib/coll_cache/asymm_link_desc.cc995284 [[:: /samgraph/3rdparty/collcachelib/coll_cache_lib/coll_cache/asymm_link_desc.cc2023-04-15 04:20:292023-04-15 04:20:29181E:..[]  2079953269953332023-04-15 04:20:29v100x8, slow pcie/samgraph/3rdparty/collcachelib/coll_cache_lib/coll_cache/asymm_link_desc.cc] : : .
:assigning 8 to cpuEE995366181
[  : ] 2023-04-15 04:20:29/samgraph/3rdparty/collcachelib/coll_cache_lib/coll_cache/asymm_link_desc.cc/samgraph/3rdparty/collcachelib/coll_cache_lib/coll_cache/asymm_link_desc.ccEv100x8, slow pcie.:: 
995433[181225/samgraph/3rdparty/collcachelib/coll_cache_lib/coll_cache/asymm_link_desc.cc: 2023-04-15 04:20:29[] ] :E.2023-04-15 04:20:29v100x8, slow pcieremote time is 15.5556224 995484.

] /samgraph/3rdparty/collcachelib/coll_cache_lib/coll_cache/asymm_link_desc.cc: 995503build asymm link desc with 8X Tesla V100-SXM2-32GB out of 8[:[E: 
2023-04-15 04:20:292072023-04-15 04:20:29 E.] .[/samgraph/3rdparty/collcachelib/coll_cache_lib/coll_cache/asymm_link_desc.cc 995569assigning 8 to cpu9955702023-04-15 04:20:29:/samgraph/3rdparty/collcachelib/coll_cache_lib/coll_cache/asymm_link_desc.cc: 
: .224:EE995611] 207  : build asymm link desc with 8X Tesla V100-SXM2-32GB out of 8] /samgraph/3rdparty/collcachelib/coll_cache_lib/coll_cache/asymm_link_desc.cc/samgraph/3rdparty/collcachelib/coll_cache_lib/coll_cache/asymm_link_desc.ccE[
assigning 8 to cpu:: 2023-04-15 04:20:29
207226[/samgraph/3rdparty/collcachelib/coll_cache_lib/coll_cache/asymm_link_desc.cc.] ] 2023-04-15 04:20:29:995685assigning 8 to cpucpu time is 102.941.225: 

995717] [E: remote time is 15.55562023-04-15 04:20:29 E
./samgraph/3rdparty/collcachelib/coll_cache_lib/coll_cache/asymm_link_desc.cc [995761[:[/samgraph/3rdparty/collcachelib/coll_cache_lib/coll_cache/asymm_link_desc.cc2023-04-15 04:20:29: 2023-04-15 04:20:292242023-04-15 04:20:29:.E.] .225995797 995795build asymm link desc with 8X Tesla V100-SXM2-32GB out of 8995804] : /samgraph/3rdparty/collcachelib/coll_cache_lib/coll_cache/asymm_link_desc.cc: 
: remote time is 15.5556E:EE
 224 [ /samgraph/3rdparty/collcachelib/coll_cache_lib/coll_cache/asymm_link_desc.cc] [/samgraph/3rdparty/collcachelib/coll_cache_lib/facade.cc2023-04-15 04:20:29/samgraph/3rdparty/collcachelib/coll_cache_lib/coll_cache/asymm_link_desc.cc:build asymm link desc with 8X Tesla V100-SXM2-32GB out of 82023-04-15 04:20:29:.:224
.425995908226] 995919] : ] [build asymm link desc with 8X Tesla V100-SXM2-32GB out of 8: registering cpu data with 16.00 GBEcpu time is 102.9412023-04-15 04:20:29
E
 
. /samgraph/3rdparty/collcachelib/coll_cache_lib/coll_cache/asymm_link_desc.cc[995985/samgraph/3rdparty/collcachelib/coll_cache_lib/coll_cache/asymm_link_desc.cc:2023-04-15 04:20:29: :225.E226] [996039 ] remote time is 15.55562023-04-15 04:20:29: /samgraph/3rdparty/collcachelib/coll_cache_lib/coll_cache/asymm_link_desc.cccpu time is 102.941
.E:
996069 [225: /samgraph/3rdparty/collcachelib/coll_cache_lib/coll_cache/asymm_link_desc.cc2023-04-15 04:20:29] E:.remote time is 15.5556 225996127[
/samgraph/3rdparty/collcachelib/coll_cache_lib/facade.cc] : 2023-04-15 04:20:29:remote time is 15.5556[E.425
2023-04-15 04:20:29 996160] ./samgraph/3rdparty/collcachelib/coll_cache_lib/coll_cache/asymm_link_desc.cc[: registering cpu data with 16.00 GB996192:2023-04-15 04:20:29E
: 226. E] 996221/samgraph/3rdparty/collcachelib/coll_cache_lib/facade.cc cpu time is 102.941: :/samgraph/3rdparty/collcachelib/coll_cache_lib/coll_cache/asymm_link_desc.cc
E425: ] 226/samgraph/3rdparty/collcachelib/coll_cache_lib/coll_cache/asymm_link_desc.ccregistering cpu data with 16.00 GB] :
cpu time is 102.941226[
] 2023-04-15 04:20:29cpu time is 102.941.
996319: E /samgraph/3rdparty/collcachelib/coll_cache_lib/facade.cc:425] registering cpu data with 16.00 GB
[2023-04-15 04:20:29.[9963702023-04-15 04:20:29: .E996377 : /samgraph/3rdparty/collcachelib/coll_cache_lib/facade.ccE: 425/samgraph/3rdparty/collcachelib/coll_cache_lib/facade.cc] :registering cpu data with 16.00 GB425
] registering cpu data with 16.00 GB
[2023-04-15 04:20:34.631608: E /samgraph/3rdparty/collcachelib/coll_cache_lib/facade.cc:427] registering cpu data done.
[2023-04-15 04:20:34.631787: E /samgraph/3rdparty/collcachelib/coll_cache_lib/facade.cc:427] registering cpu data done.
[2023-04-15 04:20:34.632294: E /samgraph/3rdparty/collcachelib/coll_cache_lib/facade.cc:427] registering cpu data done.
[2023-04-15 04:20:34.632460: E /samgraph/3rdparty/collcachelib/coll_cache_lib/facade.cc:427] registering cpu data done.
[2023-04-15 04:20:34.632639: E /samgraph/3rdparty/collcachelib/coll_cache_lib/facade.cc:427] registering cpu data done.
[2023-04-15 04:20:34.632794: E /samgraph/3rdparty/collcachelib/coll_cache_lib/facade.cc:427] registering cpu data done.
[2023-04-15 04:20:34.637133: E /samgraph/3rdparty/collcachelib/coll_cache_lib/facade.cc:427] registering cpu data done.
[2023-04-15 04:20:51. 56825: E /samgraph/3rdparty/collcachelib/coll_cache_lib/freq_recorder.cc:269] freq recorder global combine from 343519437 to 62141074
[2023-04-15 04:20:52.833764: E /samgraph/3rdparty/collcachelib/coll_cache_lib/freq_recorder.cc:286] top 5 freq is 1954,1916,1898,1895,1890
[2023-04-15 04:20:52.833962: E /samgraph/3rdparty/collcachelib/coll_cache_lib/run_config.cc:141] using concurrent impl MPSPhase
[2023-04-15 04:20:52.833996: E /samgraph/3rdparty/collcachelib/coll_cache_lib/facade.cc:409] before scale, dtype is 0, dim is 256
[2023-04-15 04:20:52.834022: E /samgraph/3rdparty/collcachelib/coll_cache_lib/facade.cc:415] after scale, dtype is 7, new dim is 64
[2023-04-15 04:20:52.834579: E /samgraph/3rdparty/collcachelib/coll_cache_lib/coll_cache/asymm_link_desc.cc:181] v100x8, slow pcie
[2023-04-15 04:20:52.834609: E /samgraph/3rdparty/collcachelib/coll_cache_lib/coll_cache/asymm_link_desc.cc:207] assigning 8 to cpu
[2023-04-15 04:20:52.834659: E /samgraph/3rdparty/collcachelib/coll_cache_lib/coll_cache/asymm_link_desc.cc:224] build asymm link desc with 8X Tesla V100-SXM2-32GB out of 8
[2023-04-15 04:20:52.834697: E /samgraph/3rdparty/collcachelib/coll_cache_lib/coll_cache/asymm_link_desc.cc:225] remote time is 15.5556
[2023-04-15 04:20:52.834730: E /samgraph/3rdparty/collcachelib/coll_cache_lib/coll_cache/asymm_link_desc.cc:226] cpu time is 102.941
[2023-04-15 04:20:52.834785: E /samgraph/3rdparty/collcachelib/coll_cache_lib/facade.cc:425] registering cpu data with 16.00 GB
[2023-04-15 04:20:53.749662: E /samgraph/3rdparty/collcachelib/coll_cache_lib/facade.cc:427] registering cpu data done.
[2023-04-15 04:20:53.749758: E /samgraph/3rdparty/collcachelib/coll_cache_lib/facade.cc:174] creating solver
[2023-04-15 04:20:53.749793: E /samgraph/3rdparty/collcachelib/coll_cache_lib/facade.cc:214] solver created. now build & solve
[2023-04-15 04:20:53.775690: E /samgraph/3rdparty/collcachelib/coll_cache_lib/coll_cache/optimal_solver_class.cc:309] reconfigured max freq to be 1954
[2023-04-15 04:20:53.775737: E /samgraph/3rdparty/collcachelib/coll_cache_lib/coll_cache/optimal_solver_class.cc:311] reconfigured num slot to be 11
[2023-04-15 04:20:53.775761: W /samgraph/3rdparty/collcachelib/coll_cache_lib/coll_cache/optimal_solver_class.cc:318] counting slots...
[2023-04-15 04:20:54.278135: W /samgraph/3rdparty/collcachelib/coll_cache_lib/coll_cache/optimal_solver_class.cc:367] Final num slot is 29
[2023-04-15 04:20:54.278207: W /samgraph/3rdparty/collcachelib/coll_cache_lib/coll_cache/optimal_solver_class.cc:371] preparing block granularity...
[2023-04-15 04:20:54.278235: E /samgraph/3rdparty/collcachelib/coll_cache_lib/coll_cache/optimal_solver_class.cc:399] slot 0 has 227061 nodes, max_size set to 28383, #slice=8
[2023-04-15 04:20:54.278261: E /samgraph/3rdparty/collcachelib/coll_cache_lib/coll_cache/optimal_solver_class.cc:399] slot 1 has 1311572 nodes, max_size set to 157460, #slice=16
[2023-04-15 04:20:54.278286: E /samgraph/3rdparty/collcachelib/coll_cache_lib/coll_cache/optimal_solver_class.cc:399] slot 2 has 3717016 nodes, max_size set to 157460, #slice=24
[2023-04-15 04:20:54.278311: E /samgraph/3rdparty/collcachelib/coll_cache_lib/coll_cache/optimal_solver_class.cc:399] slot 3 has 6030651 nodes, max_size set to 157460, #slice=40
[2023-04-15 04:20:54.278335: E /samgraph/3rdparty/collcachelib/coll_cache_lib/coll_cache/optimal_solver_class.cc:399] slot 4 has 6789095 nodes, max_size set to 157460, #slice=48
[2023-04-15 04:20:54.278360: E /samgraph/3rdparty/collcachelib/coll_cache_lib/coll_cache/optimal_solver_class.cc:399] slot 5 has 6867765 nodes, max_size set to 157460, #slice=48
[2023-04-15 04:20:54.278384: E /samgraph/3rdparty/collcachelib/coll_cache_lib/coll_cache/optimal_solver_class.cc:399] slot 6 has 6528193 nodes, max_size set to 157460, #slice=48
[2023-04-15 04:20:54.278421: E /samgraph/3rdparty/collcachelib/coll_cache_lib/coll_cache/optimal_solver_class.cc:399] slot 7 has 7353611 nodes, max_size set to 157460, #slice=48
[2023-04-15 04:20:54.278446: E /samgraph/3rdparty/collcachelib/coll_cache_lib/coll_cache/optimal_solver_class.cc:399] slot 8 has 8959890 nodes, max_size set to 157460, #slice=64
[2023-04-15 04:20:54.278470: E /samgraph/3rdparty/collcachelib/coll_cache_lib/coll_cache/optimal_solver_class.cc:399] slot 9 has 14356220 nodes, max_size set to 157460, #slice=96
[2023-04-15 04:20:54.278495: E /samgraph/3rdparty/collcachelib/coll_cache_lib/coll_cache/optimal_solver_class.cc:399] slot 10 has 34675 nodes, max_size set to 4335, #slice=8
[2023-04-15 04:20:54.278519: E /samgraph/3rdparty/collcachelib/coll_cache_lib/coll_cache/optimal_solver_class.cc:399] slot 11 has 34641 nodes, max_size set to 4331, #slice=8
[2023-04-15 04:20:54.278544: E /samgraph/3rdparty/collcachelib/coll_cache_lib/coll_cache/optimal_solver_class.cc:399] slot 12 has 34728 nodes, max_size set to 4341, #slice=8
[2023-04-15 04:20:54.278569: E /samgraph/3rdparty/collcachelib/coll_cache_lib/coll_cache/optimal_solver_class.cc:399] slot 13 has 34796 nodes, max_size set to 4350, #slice=8
[2023-04-15 04:20:54.278593: E /samgraph/3rdparty/collcachelib/coll_cache_lib/coll_cache/optimal_solver_class.cc:399] slot 14 has 34802 nodes, max_size set to 4351, #slice=8
[2023-04-15 04:20:54.278618: E /samgraph/3rdparty/collcachelib/coll_cache_lib/coll_cache/optimal_solver_class.cc:399] slot 15 has 34461 nodes, max_size set to 4308, #slice=8
[2023-04-15 04:20:54.278642: E /samgraph/3rdparty/collcachelib/coll_cache_lib/coll_cache/optimal_solver_class.cc:399] slot 16 has 34701 nodes, max_size set to 4338, #slice=8
[2023-04-15 04:20:54.278667: E /samgraph/3rdparty/collcachelib/coll_cache_lib/coll_cache/optimal_solver_class.cc:399] slot 17 has 34790 nodes, max_size set to 4349, #slice=8
[2023-04-15 04:20:54.278698: E /samgraph/3rdparty/collcachelib/coll_cache_lib/coll_cache/optimal_solver_class.cc:399] slot 18 has 34415 nodes, max_size set to 4302, #slice=8
[2023-04-15 04:20:54.278723: E /samgraph/3rdparty/collcachelib/coll_cache_lib/coll_cache/optimal_solver_class.cc:399] slot 19 has 34912 nodes, max_size set to 4364, #slice=8
[2023-04-15 04:20:54.278747: E /samgraph/3rdparty/collcachelib/coll_cache_lib/coll_cache/optimal_solver_class.cc:399] slot 20 has 347247 nodes, max_size set to 43406, #slice=8
[2023-04-15 04:20:54.278772: E /samgraph/3rdparty/collcachelib/coll_cache_lib/coll_cache/optimal_solver_class.cc:399] slot 21 has 346837 nodes, max_size set to 43355, #slice=8
[2023-04-15 04:20:54.278796: E /samgraph/3rdparty/collcachelib/coll_cache_lib/coll_cache/optimal_solver_class.cc:399] slot 22 has 347280 nodes, max_size set to 347280, #slice=1
[2023-04-15 04:20:54.278821: E /samgraph/3rdparty/collcachelib/coll_cache_lib/coll_cache/optimal_solver_class.cc:399] slot 23 has 347250 nodes, max_size set to 347250, #slice=1
[2023-04-15 04:20:54.278846: E /samgraph/3rdparty/collcachelib/coll_cache_lib/coll_cache/optimal_solver_class.cc:399] slot 24 has 346004 nodes, max_size set to 346004, #slice=1
[2023-04-15 04:20:54.278870: E /samgraph/3rdparty/collcachelib/coll_cache_lib/coll_cache/optimal_solver_class.cc:399] slot 25 has 345871 nodes, max_size set to 345871, #slice=1
[2023-04-15 04:20:54.278895: E /samgraph/3rdparty/collcachelib/coll_cache_lib/coll_cache/optimal_solver_class.cc:399] slot 26 has 346261 nodes, max_size set to 346261, #slice=1
[2023-04-15 04:20:54.278919: E /samgraph/3rdparty/collcachelib/coll_cache_lib/coll_cache/optimal_solver_class.cc:399] slot 27 has 346233 nodes, max_size set to 346233, #slice=1
[2023-04-15 04:20:54.278944: E /samgraph/3rdparty/collcachelib/coll_cache_lib/coll_cache/optimal_solver_class.cc:399] slot 28 has 347388 nodes, max_size set to 347388, #slice=1
[2023-04-15 04:20:54.278969: W /samgraph/3rdparty/collcachelib/coll_cache_lib/coll_cache/optimal_solver_class.cc:405] counting blocks...
[2023-04-15 04:20:54.361936: W /samgraph/3rdparty/collcachelib/coll_cache_lib/coll_cache/optimal_solver_class.cc:425] Final num block is 543
[2023-04-15 04:20:54.362004: W /samgraph/3rdparty/collcachelib/coll_cache_lib/coll_cache/optimal_solver_class.cc:430] counting freq and density...
[2023-04-15 04:20:54.367488: W /samgraph/3rdparty/collcachelib/coll_cache_lib/coll_cache/optimal_solver_class.cc:479] averaging freq and density...
[2023-04-15 04:20:54.367571: W /samgraph/3rdparty/collcachelib/coll_cache_lib/coll_cache/optimal_solver_class.cc:480] 543
[2023-04-15 04:20:54.382140: E /samgraph/3rdparty/collcachelib/coll_cache_lib/facade.cc:218] solver built. now solve
[2023-04-15 04:20:54.382207: W /samgraph/3rdparty/collcachelib/coll_cache_lib/coll_cache/optimal_solver_class.cc:893] constructing optimal solver, device=8, stream=1
543 blocks, 8 devices
[2023-04-15 04:20:54.541310: W /samgraph/3rdparty/collcachelib/coll_cache_lib/coll_cache/optimal_solver_class.cc:1078] Add Var...
[2023-04-15 04:20:54.555925: W /samgraph/3rdparty/collcachelib/coll_cache_lib/coll_cache/optimal_solver_class.cc:1096] Capacity...
[2023-04-15 04:20:54.556753: W /samgraph/3rdparty/collcachelib/coll_cache_lib/coll_cache/optimal_solver_class.cc:1099] Connect CPU...
[2023-04-15 04:20:54.568359: W /samgraph/3rdparty/collcachelib/coll_cache_lib/coll_cache/optimal_solver_class.cc:1101] Connect Access To Storage...
[2023-04-15 04:20:54.859434: W /samgraph/3rdparty/collcachelib/coll_cache_lib/coll_cache/optimal_solver_class.cc:1105] Time...
[2023-04-15 04:20:54.860654: E /samgraph/3rdparty/collcachelib/coll_cache_lib/coll_cache/optimal_solver_class.cc:1067] dst 0, total sm is 80
[2023-04-15 04:20:54.862174: E /samgraph/3rdparty/collcachelib/coll_cache_lib/coll_cache/optimal_solver_class.cc:1067] dst 1, total sm is 80
[2023-04-15 04:20:54.863654: E /samgraph/3rdparty/collcachelib/coll_cache_lib/coll_cache/optimal_solver_class.cc:1067] dst 2, total sm is 80
[2023-04-15 04:20:54.865116: E /samgraph/3rdparty/collcachelib/coll_cache_lib/coll_cache/optimal_solver_class.cc:1067] dst 3, total sm is 80
[2023-04-15 04:20:54.866574: E /samgraph/3rdparty/collcachelib/coll_cache_lib/coll_cache/optimal_solver_class.cc:1067] dst 4, total sm is 80
[2023-04-15 04:20:54.868035: E /samgraph/3rdparty/collcachelib/coll_cache_lib/coll_cache/optimal_solver_class.cc:1067] dst 5, total sm is 80
[2023-04-15 04:20:54.869504: E /samgraph/3rdparty/collcachelib/coll_cache_lib/coll_cache/optimal_solver_class.cc:1067] dst 6, total sm is 80
[2023-04-15 04:20:54.870946: E /samgraph/3rdparty/collcachelib/coll_cache_lib/coll_cache/optimal_solver_class.cc:1067] dst 7, total sm is 80
[2023-04-15 04:21:21.324364: W /samgraph/3rdparty/collcachelib/coll_cache_lib/coll_cache/optimal_solver_class.cc:1124] Coll Cache init block placement array
[2023-04-15 04:21:21.328471: W /samgraph/3rdparty/collcachelib/coll_cache_lib/coll_cache/optimal_solver_class.cc:1200] Coll Cache init block placement array done
[2023-04-15 04:21:21.330416: W /samgraph/3rdparty/collcachelib/coll_cache_lib/coll_cache/optimal_solver_class.cc:1202] Coll Cache model reset done
[2023-04-15 04:21:21.352168: E /samgraph/3rdparty/collcachelib/coll_cache_lib/facade.cc:222] solver solved
[2023-04-15 04:21:21.352233: E /samgraph/3rdparty/collcachelib/coll_cache_lib/facade.cc:437] 0 solved master
[2023-04-15 04:21:21.352263: E /samgraph/3rdparty/collcachelib/coll_cache_lib/facade.cc:444] 0 solved
[2023-04-15 04:21:21.352293: E /samgraph/3rdparty/collcachelib/coll_cache_lib/facade.cc:447] worker 0 thread 0 initing device 0
[2023-04-15 04:21:21.352937: E /samgraph/3rdparty/collcachelib/coll_cache_lib/cache_context.cu:2320] Building Coll Cache with ... num gpu device is 8
[2023-04-15 04:21:21.353150: E /samgraph/3rdparty/collcachelib/coll_cache_lib/cuda/cache_hashtable.cuh:611] per src size local is 8619759
[2023-04-15 04:21:21.362747: E /samgraph/3rdparty/collcachelib/coll_cache_lib/facade.cc:444] 7 solved
[2023-04-15 04:21:21.362801: E /samgraph/3rdparty/collcachelib/coll_cache_lib/facade.cc:447] worker 0 thread 7 initing device 7
[2023-04-15 04:21:21.363043: E /samgraph/3rdparty/collcachelib/coll_cache_lib/facade.cc:444] 6 solved
[2023-04-15 04:21:21.363121: E /samgraph/3rdparty/collcachelib/coll_cache_lib/facade.cc:447] worker 0 thread 6 initing device 6
[2023-04-15 04:21:21.363145: E /samgraph/3rdparty/collcachelib/coll_cache_lib/cache_context.cu:2320] Building Coll Cache with ... num gpu device is 8
[2023-04-15 04:21:21.363479: E /samgraph/3rdparty/collcachelib/coll_cache_lib/cache_context.cu:2320] Building Coll Cache with ... num gpu device is 8
[2023-04-15 04:21:21.393298: E /samgraph/3rdparty/collcachelib/coll_cache_lib/facade.cc:444] 3 solved
[2023-04-15 04:21:21.393378: E /samgraph/3rdparty/collcachelib/coll_cache_lib/facade.cc:447] worker 0 thread 3 initing device 3
[2023-04-15 04:21:21.393728: E /samgraph/3rdparty/collcachelib/coll_cache_lib/cache_context.cu:2320] Building Coll Cache with ... num gpu device is 8
[2023-04-15 04:21:21.397122: E /samgraph/3rdparty/collcachelib/coll_cache_lib/facade.cc:444] 1 solved
[2023-04-15 04:21:21.397180: E /samgraph/3rdparty/collcachelib/coll_cache_lib/facade.cc:447] worker 0 thread 1 initing device 1
[2023-04-15 04:21:21.397514: E /samgraph/3rdparty/collcachelib/coll_cache_lib/cache_context.cu:2320] Building Coll Cache with ... num gpu device is 8
[2023-04-15 04:21:21.401156: E /samgraph/3rdparty/collcachelib/coll_cache_lib/facade.cc:444] 2 solved
[2023-04-15 04:21:21.401231: E /samgraph/3rdparty/collcachelib/coll_cache_lib/facade.cc:447] worker 0 thread 2 initing device 2
[2023-04-15 04:21:21.401583: E /samgraph/3rdparty/collcachelib/coll_cache_lib/cache_context.cu:2320] Building Coll Cache with ... num gpu device is 8
[2023-04-15 04:21:21.403511: E /samgraph/3rdparty/collcachelib/coll_cache_lib/facade.cc:444] 4 solved
[2023-04-15 04:21:21.403568: E /samgraph/3rdparty/collcachelib/coll_cache_lib/facade.cc:447] worker 0 thread 4 initing device 4
[2023-04-15 04:21:21.403681: E /samgraph/3rdparty/collcachelib/coll_cache_lib/facade.cc:444] 5 solved
[2023-04-15 04:21:21.403737: E /samgraph/3rdparty/collcachelib/coll_cache_lib/facade.cc:447] worker 0 thread 5 initing device 5
[2023-04-15 04:21:21.403918: E /samgraph/3rdparty/collcachelib/coll_cache_lib/cache_context.cu:2320] Building Coll Cache with ... num gpu device is 8
[2023-04-15 04:21:21.404114: E /samgraph/3rdparty/collcachelib/coll_cache_lib/cache_context.cu:2320] Building Coll Cache with ... num gpu device is 8
[2023-04-15 04:21:21.593964: E /samgraph/3rdparty/collcachelib/coll_cache_lib/cache_context.cu:2362] num cpu nodes is 34279688
[2023-04-15 04:21:21.605727: E /samgraph/3rdparty/collcachelib/coll_cache_lib/cache_context.cu:2362] num cpu nodes is 34279688
[2023-04-15 04:21:21.611780: E /samgraph/3rdparty/collcachelib/coll_cache_lib/cache_context.cu:2362] num cpu nodes is 34279688
[2023-04-15 04:21:21.627089: E /samgraph/3rdparty/collcachelib/coll_cache_lib/cache_context.cu:2362] num cpu nodes is 34279688
[2023-04-15 04:21:21.637907: E /samgraph/3rdparty/collcachelib/coll_cache_lib/cache_context.cu:2362] num cpu nodes is 34279688
[2023-04-15 04:21:21.639542: E /samgraph/3rdparty/collcachelib/coll_cache_lib/cache_context.cu:2362] num cpu nodes is 34279688
[2023-04-15 04:21:21.640459: E /samgraph/3rdparty/collcachelib/coll_cache_lib/cache_context.cu:2362] num cpu nodes is 34279688
[2023-04-15 04:21:21.644805: E /samgraph/3rdparty/collcachelib/coll_cache_lib/cache_context.cu:2362] num cpu nodes is 34279688
[2023-04-15 04:21:22.883873: E /samgraph/3rdparty/collcachelib/coll_cache_lib/cuda/cache_hashtable.cu:355] create a hashtable with 31328678 possible elem, scale to 67108864
[2023-04-15 04:21:22.883958: E /samgraph/3rdparty/collcachelib/coll_cache_lib/cuda/cache_hashtable.cu:360] SimpleHashTable allocating 512.00 MB
[2023-04-15 04:21:22.918107: E /samgraph/3rdparty/collcachelib/coll_cache_lib/cuda/cache_hashtable.cu:355] create a hashtable with 31328678 possible elem, scale to 67108864
[2023-04-15 04:21:22.918190: E /samgraph/3rdparty/collcachelib/coll_cache_lib/cuda/cache_hashtable.cu:360] SimpleHashTable allocating 512.00 MB
[2023-04-15 04:21:22.930697: E /samgraph/3rdparty/collcachelib/coll_cache_lib/cuda/cache_hashtable.cu:355] create a hashtable with 31328678 possible elem, scale to 67108864
[2023-04-15 04:21:22.930766: E /samgraph/3rdparty/collcachelib/coll_cache_lib/cuda/cache_hashtable.cu:360] SimpleHashTable allocating 512.00 MB
[2023-04-15 04:21:22.932513: E /samgraph/3rdparty/collcachelib/coll_cache_lib/cuda/cache_hashtable.cu:355] create a hashtable with 31328678 possible elem, scale to 67108864
[2023-04-15 04:21:22.932584: E /samgraph/3rdparty/collcachelib/coll_cache_lib/cuda/cache_hashtable.cu:360] SimpleHashTable allocating 512.00 MB
[2023-04-15 04:21:22.968150: E /samgraph/3rdparty/collcachelib/coll_cache_lib/cuda/cache_hashtable.cu:355] create a hashtable with 31328678 possible elem, scale to 67108864
[2023-04-15 04:21:22.968220: E /samgraph/3rdparty/collcachelib/coll_cache_lib/cuda/cache_hashtable.cu:360] SimpleHashTable allocating 512.00 MB
[2023-04-15 04:21:22.972747: E /samgraph/3rdparty/collcachelib/coll_cache_lib/cuda/cache_hashtable.cu:355] create a hashtable with 31328678 possible elem, scale to 67108864
[2023-04-15 04:21:22.972809: E /samgraph/3rdparty/collcachelib/coll_cache_lib/cuda/cache_hashtable.cu:360] SimpleHashTable allocating 512.00 MB
[2023-04-15 04:21:22.975469: E /samgraph/3rdparty/collcachelib/coll_cache_lib/cuda/cache_hashtable.cu:355] create a hashtable with 31328678 possible elem, scale to 67108864
[2023-04-15 04:21:22.975528: E /samgraph/3rdparty/collcachelib/coll_cache_lib/cuda/cache_hashtable.cu:360] SimpleHashTable allocating 512.00 MB
[2023-04-15 04:21:22.975805: E /samgraph/3rdparty/collcachelib/coll_cache_lib/cuda/cache_hashtable.cu:355] create a hashtable with 31328678 possible elem, scale to 67108864
[2023-04-15 04:21:22.975861: E /samgraph/3rdparty/collcachelib/coll_cache_lib/cuda/cache_hashtable.cu:360] SimpleHashTable allocating 512.00 MB
[2023-04-15 04:21:23.144982: E /samgraph/3rdparty/collcachelib/coll_cache_lib/common.cc:107] too many mem allocated for forcescale?7938612->106243
[2023-04-15 04:21:23.146708: E /samgraph/3rdparty/collcachelib/coll_cache_lib/common.cc:107] too many mem allocated for forcescale?7938612->76535
[2023-04-15 04:21:23.147075: E /samgraph/3rdparty/collcachelib/coll_cache_lib/cache_context.cu:2439] Asymm Coll cache (policy: coll_cache_asymm_link) | local 7832369 / 65608366 nodes ( 11.94 %~12.00 %) | remote 23496309 / 65608366 nodes ( 35.81 %) | cpu 34279688 / 65608366 nodes ( 52.25 %) | 7.57 GB | 1.74546 secs 
[2023-04-15 04:21:23.153839: E /samgraph/3rdparty/collcachelib/coll_cache_lib/cache_context.cu:2439] Asymm Coll cache (policy: coll_cache_asymm_link) | local 7862077 / 65608366 nodes ( 11.98 %~12.00 %) | remote 23466601 / 65608366 nodes ( 35.77 %) | cpu 34279688 / 65608366 nodes ( 52.25 %) | 7.57 GB | 1.74969 secs 
[2023-04-15 04:21:23.154399: E /samgraph/3rdparty/collcachelib/coll_cache_lib/common.cc:107] too many mem allocated for forcescale?7938612->102557
[2023-04-15 04:21:23.155260: E /samgraph/3rdparty/collcachelib/coll_cache_lib/common.cc:107] too many mem allocated for forcescale?7938612->157538
[2023-04-15 04:21:23.156020: E /samgraph/3rdparty/collcachelib/coll_cache_lib/common.cc:107] too many mem allocated for forcescale?7938612->76727
[2023-04-15 04:21:23.156427: E /samgraph/3rdparty/collcachelib/coll_cache_lib/cache_context.cu:2439] Asymm Coll cache (policy: coll_cache_asymm_link) | local 7836055 / 65608366 nodes ( 11.94 %~12.00 %) | remote 23492623 / 65608366 nodes ( 35.81 %) | cpu 34279688 / 65608366 nodes ( 52.25 %) | 7.57 GB | 1.80345 secs 
[2023-04-15 04:21:23.156700: E /samgraph/3rdparty/collcachelib/coll_cache_lib/common.cc:107] too many mem allocated for forcescale?7938612->69565
[2023-04-15 04:21:23.156903: W /samgraph/3rdparty/collcachelib/coll_cache_lib/cache_context.cu:3958] before create ctx, mem is 13.43 GB
[2023-04-15 04:21:23.157282: W /samgraph/3rdparty/collcachelib/coll_cache_lib/cache_context.cu:3958] before create ctx, mem is 13.43 GB
[2023-04-15 04:21:23.159043: W /samgraph/3rdparty/collcachelib/coll_cache_lib/cache_context.cu:3958] before create ctx, mem is 13.43 GB
[2023-04-15 04:21:23.159221: W /samgraph/3rdparty/collcachelib/coll_cache_lib/cache_context.cu:3958] before create ctx, mem is 13.43 GB
[2023-04-15 04:21:23.159418: E /samgraph/3rdparty/collcachelib/coll_cache_lib/common.cc:107] too many mem allocated for forcescale?7938612->140243
[2023-04-15 04:21:23.159523: E /samgraph/3rdparty/collcachelib/coll_cache_lib/common.cc:107] too many mem allocated for forcescale?7938612->93682
[2023-04-15 04:21:23.160866: W /samgraph/3rdparty/collcachelib/coll_cache_lib/cache_context.cu:3958] before create ctx, mem is 13.43 GB
[2023-04-15 04:21:23.167632: E /samgraph/3rdparty/collcachelib/coll_cache_lib/cache_context.cu:2439] Asymm Coll cache (policy: coll_cache_asymm_link) | local 7781074 / 65608366 nodes ( 11.86 %~12.00 %) | remote 23547604 / 65608366 nodes ( 35.89 %) | cpu 34279688 / 65608366 nodes ( 52.25 %) | 7.57 GB | 1.76368 secs 
[2023-04-15 04:21:23.171277: E /samgraph/3rdparty/collcachelib/coll_cache_lib/cache_context.cu:2439] Asymm Coll cache (policy: coll_cache_asymm_link) | local 7869047 / 65608366 nodes ( 11.99 %~12.00 %) | remote 23459631 / 65608366 nodes ( 35.76 %) | cpu 34279688 / 65608366 nodes ( 52.25 %) | 7.57 GB | 1.80776 secs 
[2023-04-15 04:21:23.174450: E /samgraph/3rdparty/collcachelib/coll_cache_lib/cache_context.cu:2439] Asymm Coll cache (policy: coll_cache_asymm_link) | local 7861885 / 65608366 nodes ( 11.98 %~12.00 %) | remote 23466793 / 65608366 nodes ( 35.77 %) | cpu 34279688 / 65608366 nodes ( 52.25 %) | 7.57 GB | 1.77691 secs 
[2023-04-15 04:21:23.178591: E /samgraph/3rdparty/collcachelib/coll_cache_lib/cache_context.cu:2439] Asymm Coll cache (policy: coll_cache_asymm_link) | local 7844930 / 65608366 nodes ( 11.96 %~12.00 %) | remote 23483748 / 65608366 nodes ( 35.79 %) | cpu 34279688 / 65608366 nodes ( 52.25 %) | 7.57 GB | 1.81541 secs 
[2023-04-15 04:21:23.180981: E /samgraph/3rdparty/collcachelib/coll_cache_lib/cache_context.cu:2439] Asymm Coll cache (policy: coll_cache_asymm_link) | local 7798369 / 65608366 nodes ( 11.89 %~12.00 %) | remote 23530309 / 65608366 nodes ( 35.86 %) | cpu 34279688 / 65608366 nodes ( 52.25 %) | 7.57 GB | 1.78722 secs 
[2023-04-15 04:21:32.565181: W /samgraph/3rdparty/collcachelib/coll_cache_lib/cache_context.cu:3958] after create ctx, mem is 15.33 GB
[2023-04-15 04:21:32.565314: W /samgraph/3rdparty/collcachelib/coll_cache_lib/cache_context.cu:3958] after create stream, mem is 15.33 GB
[2023-04-15 04:21:32.794897: W /samgraph/3rdparty/collcachelib/coll_cache_lib/cache_context.cu:3958] after create ctx, mem is 15.40 GB
[2023-04-15 04:21:32.795269: W /samgraph/3rdparty/collcachelib/coll_cache_lib/cache_context.cu:3958] after create stream, mem is 15.40 GB
[2023-04-15 04:21:32.997095: W /samgraph/3rdparty/collcachelib/coll_cache_lib/cache_context.cu:3958] after create ctx, mem is 15.46 GB
[2023-04-15 04:21:32.997215: W /samgraph/3rdparty/collcachelib/coll_cache_lib/cache_context.cu:3958] after create stream, mem is 15.46 GB
[2023-04-15 04:21:33. 64833: W /samgraph/3rdparty/collcachelib/coll_cache_lib/cache_context.cu:3958] after create ctx, mem is 15.49 GB
[2023-04-15 04:21:33. 64959: W /samgraph/3rdparty/collcachelib/coll_cache_lib/cache_context.cu:3958] after create stream, mem is 15.49 GB
[2023-04-15 04:21:33.119835: W /samgraph/3rdparty/collcachelib/coll_cache_lib/cache_context.cu:3958] after create ctx, mem is 15.50 GB
[2023-04-15 04:21:33.119956: W /samgraph/3rdparty/collcachelib/coll_cache_lib/cache_context.cu:3958] after create stream, mem is 15.50 GB
/usr/local/lib/python3.8/dist-packages/torch/nn/parallel/scatter_gather.py:9: UserWarning: is_namedtuple is deprecated, please use the python checks instead
  warnings.warn("is_namedtuple is deprecated, please use the python checks instead")
/usr/local/lib/python3.8/dist-packages/torch/nn/parallel/scatter_gather.py:9: UserWarning: is_namedtuple is deprecated, please use the python checks instead
  warnings.warn("is_namedtuple is deprecated, please use the python checks instead")
/usr/local/lib/python3.8/dist-packages/torch/nn/parallel/scatter_gather.py:9: UserWarning: is_namedtuple is deprecated, please use the python checks instead
  warnings.warn("is_namedtuple is deprecated, please use the python checks instead")
/usr/local/lib/python3.8/dist-packages/torch/nn/parallel/scatter_gather.py:9: UserWarning: is_namedtuple is deprecated, please use the python checks instead
  warnings.warn("is_namedtuple is deprecated, please use the python checks instead")
/usr/local/lib/python3.8/dist-packages/torch/nn/parallel/scatter_gather.py:9: UserWarning: is_namedtuple is deprecated, please use the python checks instead
  warnings.warn("is_namedtuple is deprecated, please use the python checks instead")
/usr/local/lib/python3.8/dist-packages/torch/nn/parallel/scatter_gather.py:9: UserWarning: is_namedtuple is deprecated, please use the python checks instead
  warnings.warn("is_namedtuple is deprecated, please use the python checks instead")
/usr/local/lib/python3.8/dist-packages/torch/nn/parallel/scatter_gather.py:9: UserWarning: is_namedtuple is deprecated, please use the python checks instead
  warnings.warn("is_namedtuple is deprecated, please use the python checks instead")
/usr/local/lib/python3.8/dist-packages/torch/nn/parallel/scatter_gather.py:9: UserWarning: is_namedtuple is deprecated, please use the python checks instead
  warnings.warn("is_namedtuple is deprecated, please use the python checks instead")
