/usr/lib/python3/dist-packages/requests/__init__.py:89: RequestsDependencyWarning: urllib3 (1.26.12) or chardet (3.0.4) doesn't match a supported version!
  warnings.warn("urllib3 ({}) or chardet ({}) doesn't match a supported "
Rank=2 done reading 27764990 embedding vectors from file /nvme/songxiaoniu/graph-learning/wholegraph/ogbn_papers100M/converted/homograph_csr_row_ptr
Rank=1 done reading 27764990 embedding vectors from file /nvme/songxiaoniu/graph-learning/wholegraph/ogbn_papers100M/converted/homograph_csr_row_ptr
Rank=3 done reading 27764987 embedding vectors from file /nvme/songxiaoniu/graph-learning/wholegraph/ogbn_papers100M/converted/homograph_csr_row_ptr
Rank=0 done reading 27764990 embedding vectors from file /nvme/songxiaoniu/graph-learning/wholegraph/ogbn_papers100M/converted/homograph_csr_row_ptr
Rank=2 done reading 27764990 embedding vectors from file /nvme/songxiaoniu/graph-learning/wholegraph/ogbn_papers100M/converted/homograph_csr_row_ptr
Rank=0 done reading 27764990 embedding vectors from file /nvme/songxiaoniu/graph-learning/wholegraph/ogbn_papers100M/converted/homograph_csr_row_ptr
Rank=3 done reading 27764987 embedding vectors from file /nvme/songxiaoniu/graph-learning/wholegraph/ogbn_papers100M/converted/homograph_csr_row_ptr
Rank=1 done reading 27764990 embedding vectors from file /nvme/songxiaoniu/graph-learning/wholegraph/ogbn_papers100M/converted/homograph_csr_row_ptr
Rank=2 done reading 807031178 embedding vectors from file /nvme/songxiaoniu/graph-learning/wholegraph/ogbn_papers100M/converted/homograph_csr_col_idx
Rank=3 done reading 807031178 embedding vectors from file /nvme/songxiaoniu/graph-learning/wholegraph/ogbn_papers100M/converted/homograph_csr_col_idx
Rank=1 done reading 807031178 embedding vectors from file /nvme/songxiaoniu/graph-learning/wholegraph/ogbn_papers100M/converted/homograph_csr_col_idx
Rank=0 done reading 807031178 embedding vectors from file /nvme/songxiaoniu/graph-learning/wholegraph/ogbn_papers100M/converted/homograph_csr_col_idx
Rank=1 done reading 807031178 embedding vectors from file /nvme/songxiaoniu/graph-learning/wholegraph/ogbn_papers100M/converted/homograph_csr_col_idx
Rank=0 done reading 807031178 embedding vectors from file /nvme/songxiaoniu/graph-learning/wholegraph/ogbn_papers100M/converted/homograph_csr_col_idx
Rank=3 done reading 807031178 embedding vectors from file /nvme/songxiaoniu/graph-learning/wholegraph/ogbn_papers100M/converted/homograph_csr_col_idx
Rank=2 done reading 807031178 embedding vectors from file /nvme/songxiaoniu/graph-learning/wholegraph/ogbn_papers100M/converted/homograph_csr_col_idx
[2023-04-14 18:20:59.681274: E /samgraph/3rdparty/collcachelib/coll_cache_lib/freq_recorder.cc:337] bulk append 6390536 into 0
[2023-04-14 18:20:59.712612: E /samgraph/3rdparty/collcachelib/coll_cache_lib/freq_recorder.cc:347] bulk append 28201488
[2023-04-14 18:20:59.714338: E /samgraph/3rdparty/collcachelib/coll_cache_lib/freq_recorder.cc:337] bulk append 6394122 into 6390536
[2023-04-14 18:20:59.745641: E /samgraph/3rdparty/collcachelib/coll_cache_lib/freq_recorder.cc:347] bulk append 28224157
[2023-04-14 18:20:59.747337: E /samgraph/3rdparty/collcachelib/coll_cache_lib/freq_recorder.cc:337] bulk append 6392537 into 12784658
[2023-04-14 18:20:59.778597: E /samgraph/3rdparty/collcachelib/coll_cache_lib/freq_recorder.cc:347] bulk append 28204748
[2023-04-14 18:20:59.780304: E /samgraph/3rdparty/collcachelib/coll_cache_lib/freq_recorder.cc:337] bulk append 6394023 into 19177195
[2023-04-14 18:20:59.811623: E /samgraph/3rdparty/collcachelib/coll_cache_lib/freq_recorder.cc:347] bulk append 28219555
[2023-04-14 18:20:59.813307: E /samgraph/3rdparty/collcachelib/coll_cache_lib/freq_recorder.cc:337] bulk append 6390153 into 25571218
[2023-04-14 18:20:59.844566: E /samgraph/3rdparty/collcachelib/coll_cache_lib/freq_recorder.cc:347] bulk append 28196955
[2023-04-14 18:20:59.846247: E /samgraph/3rdparty/collcachelib/coll_cache_lib/freq_recorder.cc:337] bulk append 6397328 into 31961371
[2023-04-14 18:20:59.877547: E /samgraph/3rdparty/collcachelib/coll_cache_lib/freq_recorder.cc:347] bulk append 28232852
[2023-04-14 18:20:59.879231: E /samgraph/3rdparty/collcachelib/coll_cache_lib/freq_recorder.cc:337] bulk append 6388962 into 38358699
[2023-04-14 18:20:59.910491: E /samgraph/3rdparty/collcachelib/coll_cache_lib/freq_recorder.cc:347] bulk append 28222499
[2023-04-14 18:20:59.912154: E /samgraph/3rdparty/collcachelib/coll_cache_lib/freq_recorder.cc:337] bulk append 6395044 into 44747661
[2023-04-14 18:20:59.943343: E /samgraph/3rdparty/collcachelib/coll_cache_lib/freq_recorder.cc:347] bulk append 28226736
[2023-04-14 18:20:59.945060: E /samgraph/3rdparty/collcachelib/coll_cache_lib/freq_recorder.cc:337] bulk append 6387413 into 51142705
[2023-04-14 18:20:59.976033: E /samgraph/3rdparty/collcachelib/coll_cache_lib/freq_recorder.cc:347] bulk append 28178767
[2023-04-14 18:20:59.977712: E /samgraph/3rdparty/collcachelib/coll_cache_lib/freq_recorder.cc:337] bulk append 6396294 into 57530118
[2023-04-14 18:21:00.  8870: E /samgraph/3rdparty/collcachelib/coll_cache_lib/freq_recorder.cc:347] bulk append 28209442
[2023-04-14 18:21:00. 10580: E /samgraph/3rdparty/collcachelib/coll_cache_lib/freq_recorder.cc:337] bulk append 6187951 into 63926412
[2023-04-14 18:21:00. 40932: E /samgraph/3rdparty/collcachelib/coll_cache_lib/freq_recorder.cc:347] bulk append 29569547
[2023-04-14 18:21:00. 42650: E /samgraph/3rdparty/collcachelib/coll_cache_lib/freq_recorder.cc:337] bulk append 6191141 into 70114363
[2023-04-14 18:21:00. 73015: E /samgraph/3rdparty/collcachelib/coll_cache_lib/freq_recorder.cc:347] bulk append 29618783
[2023-04-14 18:21:00. 74709: E /samgraph/3rdparty/collcachelib/coll_cache_lib/freq_recorder.cc:337] bulk append 6187190 into 76305504
[2023-04-14 18:21:00.105009: E /samgraph/3rdparty/collcachelib/coll_cache_lib/freq_recorder.cc:347] bulk append 29593320
[2023-04-14 18:21:00.106696: E /samgraph/3rdparty/collcachelib/coll_cache_lib/freq_recorder.cc:337] bulk append 6193687 into 82492694
[2023-04-14 18:21:00.137081: E /samgraph/3rdparty/collcachelib/coll_cache_lib/freq_recorder.cc:347] bulk append 29626680
[2023-04-14 18:21:00.138756: E /samgraph/3rdparty/collcachelib/coll_cache_lib/freq_recorder.cc:337] bulk append 6186566 into 88686381
[2023-04-14 18:21:00.169039: E /samgraph/3rdparty/collcachelib/coll_cache_lib/freq_recorder.cc:347] bulk append 29567066
[2023-04-14 18:21:00.170718: E /samgraph/3rdparty/collcachelib/coll_cache_lib/freq_recorder.cc:337] bulk append 6194032 into 94872947
[2023-04-14 18:21:00.201168: E /samgraph/3rdparty/collcachelib/coll_cache_lib/freq_recorder.cc:347] bulk append 29621233
[2023-04-14 18:21:00.202860: E /samgraph/3rdparty/collcachelib/coll_cache_lib/freq_recorder.cc:337] bulk append 6184300 into 101066979
[2023-04-14 18:21:00.233205: E /samgraph/3rdparty/collcachelib/coll_cache_lib/freq_recorder.cc:347] bulk append 29583401
[2023-04-14 18:21:00.234876: E /samgraph/3rdparty/collcachelib/coll_cache_lib/freq_recorder.cc:337] bulk append 6195361 into 107251279
[2023-04-14 18:21:00.265224: E /samgraph/3rdparty/collcachelib/coll_cache_lib/freq_recorder.cc:347] bulk append 29622108
[2023-04-14 18:21:00.266889: E /samgraph/3rdparty/collcachelib/coll_cache_lib/freq_recorder.cc:337] bulk append 6188083 into 113446640
[2023-04-14 18:21:00.297294: E /samgraph/3rdparty/collcachelib/coll_cache_lib/freq_recorder.cc:347] bulk append 29570587
[2023-04-14 18:21:00.298965: E /samgraph/3rdparty/collcachelib/coll_cache_lib/freq_recorder.cc:337] bulk append 6189453 into 119634723
[2023-04-14 18:21:00.329370: E /samgraph/3rdparty/collcachelib/coll_cache_lib/freq_recorder.cc:347] bulk append 29600181
[2023-04-14 18:21:00.331061: E /samgraph/3rdparty/collcachelib/coll_cache_lib/freq_recorder.cc:337] bulk append 6053404 into 125824176
[2023-04-14 18:21:00.360832: E /samgraph/3rdparty/collcachelib/coll_cache_lib/freq_recorder.cc:347] bulk append 29637860
[2023-04-14 18:21:00.362532: E /samgraph/3rdparty/collcachelib/coll_cache_lib/freq_recorder.cc:337] bulk append 6058255 into 131877580
[2023-04-14 18:21:00.392247: E /samgraph/3rdparty/collcachelib/coll_cache_lib/freq_recorder.cc:347] bulk append 29688268
[2023-04-14 18:21:00.393948: E /samgraph/3rdparty/collcachelib/coll_cache_lib/freq_recorder.cc:337] bulk append 6054998 into 137935835
[2023-04-14 18:21:00.423640: E /samgraph/3rdparty/collcachelib/coll_cache_lib/freq_recorder.cc:347] bulk append 29670468
[2023-04-14 18:21:00.425320: E /samgraph/3rdparty/collcachelib/coll_cache_lib/freq_recorder.cc:337] bulk append 6059404 into 143990833
[2023-04-14 18:21:00.455066: E /samgraph/3rdparty/collcachelib/coll_cache_lib/freq_recorder.cc:347] bulk append 29702670
[2023-04-14 18:21:00.456749: E /samgraph/3rdparty/collcachelib/coll_cache_lib/freq_recorder.cc:337] bulk append 6053740 into 150050237
[2023-04-14 18:21:00.486478: E /samgraph/3rdparty/collcachelib/coll_cache_lib/freq_recorder.cc:347] bulk append 29642424
[2023-04-14 18:21:00.488147: E /samgraph/3rdparty/collcachelib/coll_cache_lib/freq_recorder.cc:337] bulk append 6061199 into 156103977
[2023-04-14 18:21:00.517871: E /samgraph/3rdparty/collcachelib/coll_cache_lib/freq_recorder.cc:347] bulk append 29695844
[2023-04-14 18:21:00.519546: E /samgraph/3rdparty/collcachelib/coll_cache_lib/freq_recorder.cc:337] bulk append 6053436 into 162165176
[2023-04-14 18:21:00.549324: E /samgraph/3rdparty/collcachelib/coll_cache_lib/freq_recorder.cc:347] bulk append 29662293
[2023-04-14 18:21:00.550984: E /samgraph/3rdparty/collcachelib/coll_cache_lib/freq_recorder.cc:337] bulk append 6060051 into 168218612
[2023-04-14 18:21:00.580696: E /samgraph/3rdparty/collcachelib/coll_cache_lib/freq_recorder.cc:347] bulk append 29683202
[2023-04-14 18:21:00.582375: E /samgraph/3rdparty/collcachelib/coll_cache_lib/freq_recorder.cc:337] bulk append 6056178 into 174278663
[2023-04-14 18:21:00.612070: E /samgraph/3rdparty/collcachelib/coll_cache_lib/freq_recorder.cc:347] bulk append 29637582
[2023-04-14 18:21:00.613741: E /samgraph/3rdparty/collcachelib/coll_cache_lib/freq_recorder.cc:337] bulk append 6057745 into 180334841
[2023-04-14 18:21:00.643494: E /samgraph/3rdparty/collcachelib/coll_cache_lib/freq_recorder.cc:347] bulk append 29680168
[2023-04-14 18:21:00.645179: E /samgraph/3rdparty/collcachelib/coll_cache_lib/freq_recorder.cc:337] bulk append 6055636 into 186392586
[2023-04-14 18:21:00.674713: E /samgraph/3rdparty/collcachelib/coll_cache_lib/freq_recorder.cc:347] bulk append 29632408
[2023-04-14 18:21:00.676375: E /samgraph/3rdparty/collcachelib/coll_cache_lib/freq_recorder.cc:337] bulk append 6060415 into 192448222
[2023-04-14 18:21:00.705841: E /samgraph/3rdparty/collcachelib/coll_cache_lib/freq_recorder.cc:347] bulk append 29685920
[2023-04-14 18:21:00.707487: E /samgraph/3rdparty/collcachelib/coll_cache_lib/freq_recorder.cc:337] bulk append 6057795 into 198508637
[2023-04-14 18:21:00.737209: E /samgraph/3rdparty/collcachelib/coll_cache_lib/freq_recorder.cc:347] bulk append 29667561
[2023-04-14 18:21:00.738877: E /samgraph/3rdparty/collcachelib/coll_cache_lib/freq_recorder.cc:337] bulk append 6062500 into 204566432
[2023-04-14 18:21:00.768601: E /samgraph/3rdparty/collcachelib/coll_cache_lib/freq_recorder.cc:347] bulk append 29682350
[2023-04-14 18:21:00.770284: E /samgraph/3rdparty/collcachelib/coll_cache_lib/freq_recorder.cc:337] bulk append 6058386 into 210628932
[2023-04-14 18:21:00.799957: E /samgraph/3rdparty/collcachelib/coll_cache_lib/freq_recorder.cc:347] bulk append 29633343
[2023-04-14 18:21:00.801636: E /samgraph/3rdparty/collcachelib/coll_cache_lib/freq_recorder.cc:337] bulk append 6063604 into 216687318
[2023-04-14 18:21:00.831242: E /samgraph/3rdparty/collcachelib/coll_cache_lib/freq_recorder.cc:347] bulk append 29682868
[2023-04-14 18:21:00.832925: E /samgraph/3rdparty/collcachelib/coll_cache_lib/freq_recorder.cc:337] bulk append 6058189 into 222750922
[2023-04-14 18:21:00.862378: E /samgraph/3rdparty/collcachelib/coll_cache_lib/freq_recorder.cc:347] bulk append 29651252
[2023-04-14 18:21:00.864016: E /samgraph/3rdparty/collcachelib/coll_cache_lib/freq_recorder.cc:337] bulk append 6062609 into 228809111
[2023-04-14 18:21:00.893533: E /samgraph/3rdparty/collcachelib/coll_cache_lib/freq_recorder.cc:347] bulk append 29673680
[2023-04-14 18:21:00.895203: E /samgraph/3rdparty/collcachelib/coll_cache_lib/freq_recorder.cc:337] bulk append 6055331 into 234871720
[2023-04-14 18:21:00.924670: E /samgraph/3rdparty/collcachelib/coll_cache_lib/freq_recorder.cc:347] bulk append 29623996
[2023-04-14 18:21:00.926327: E /samgraph/3rdparty/collcachelib/coll_cache_lib/freq_recorder.cc:337] bulk append 6061396 into 240927051
[2023-04-14 18:21:00.956048: E /samgraph/3rdparty/collcachelib/coll_cache_lib/freq_recorder.cc:347] bulk append 29666553
[2023-04-14 18:21:00.957742: E /samgraph/3rdparty/collcachelib/coll_cache_lib/freq_recorder.cc:337] bulk append 6107770 into 246988447
[2023-04-14 18:21:00.987735: E /samgraph/3rdparty/collcachelib/coll_cache_lib/freq_recorder.cc:347] bulk append 29806447
[2023-04-14 18:21:00.989433: E /samgraph/3rdparty/collcachelib/coll_cache_lib/freq_recorder.cc:337] bulk append 6115020 into 253096217
[2023-04-14 18:21:01. 19420: E /samgraph/3rdparty/collcachelib/coll_cache_lib/freq_recorder.cc:347] bulk append 29883664
[2023-04-14 18:21:01. 21122: E /samgraph/3rdparty/collcachelib/coll_cache_lib/freq_recorder.cc:337] bulk append 6107954 into 259211237
[2023-04-14 18:21:01. 51113: E /samgraph/3rdparty/collcachelib/coll_cache_lib/freq_recorder.cc:347] bulk append 29852993
[2023-04-14 18:21:01. 52803: E /samgraph/3rdparty/collcachelib/coll_cache_lib/freq_recorder.cc:337] bulk append 6115384 into 265319191
[2023-04-14 18:21:01. 82566: E /samgraph/3rdparty/collcachelib/coll_cache_lib/freq_recorder.cc:347] bulk append 29874679
[2023-04-14 18:21:01. 84226: E /samgraph/3rdparty/collcachelib/coll_cache_lib/freq_recorder.cc:337] bulk append 6108708 into 271434575
[2023-04-14 18:21:01.113946: E /samgraph/3rdparty/collcachelib/coll_cache_lib/freq_recorder.cc:347] bulk append 29813334
[2023-04-14 18:21:01.115633: E /samgraph/3rdparty/collcachelib/coll_cache_lib/freq_recorder.cc:337] bulk append 6116010 into 277543283
[2023-04-14 18:21:01.145654: E /samgraph/3rdparty/collcachelib/coll_cache_lib/freq_recorder.cc:347] bulk append 29871843
[2023-04-14 18:21:01.147340: E /samgraph/3rdparty/collcachelib/coll_cache_lib/freq_recorder.cc:337] bulk append 6106767 into 283659293
[2023-04-14 18:21:01.177316: E /samgraph/3rdparty/collcachelib/coll_cache_lib/freq_recorder.cc:347] bulk append 29842358
[2023-04-14 18:21:01.179001: E /samgraph/3rdparty/collcachelib/coll_cache_lib/freq_recorder.cc:337] bulk append 6112458 into 289766060
[2023-04-14 18:21:01.208974: E /samgraph/3rdparty/collcachelib/coll_cache_lib/freq_recorder.cc:347] bulk append 29863603
[2023-04-14 18:21:01.210660: E /samgraph/3rdparty/collcachelib/coll_cache_lib/freq_recorder.cc:337] bulk append 6108866 into 295878518
[2023-04-14 18:21:01.240597: E /samgraph/3rdparty/collcachelib/coll_cache_lib/freq_recorder.cc:347] bulk append 29820713
[2023-04-14 18:21:01.242299: E /samgraph/3rdparty/collcachelib/coll_cache_lib/freq_recorder.cc:337] bulk append 6112487 into 301987384
[2023-04-14 18:21:01.272265: E /samgraph/3rdparty/collcachelib/coll_cache_lib/freq_recorder.cc:347] bulk append 29852225
[2023-04-14 18:21:01.273976: E /samgraph/3rdparty/collcachelib/coll_cache_lib/freq_recorder.cc:337] bulk append 6212426 into 308099871
[2023-04-14 18:21:01.304508: E /samgraph/3rdparty/collcachelib/coll_cache_lib/freq_recorder.cc:347] bulk append 29302529
[2023-04-14 18:21:01.306217: E /samgraph/3rdparty/collcachelib/coll_cache_lib/freq_recorder.cc:337] bulk append 6217708 into 314312297
[2023-04-14 18:21:01.336691: E /samgraph/3rdparty/collcachelib/coll_cache_lib/freq_recorder.cc:347] bulk append 29355709
[2023-04-14 18:21:01.338393: E /samgraph/3rdparty/collcachelib/coll_cache_lib/freq_recorder.cc:337] bulk append 6214965 into 320530005
[2023-04-14 18:21:01.368881: E /samgraph/3rdparty/collcachelib/coll_cache_lib/freq_recorder.cc:347] bulk append 29333663
[2023-04-14 18:21:01.370576: E /samgraph/3rdparty/collcachelib/coll_cache_lib/freq_recorder.cc:337] bulk append 6220271 into 326744970
[2023-04-14 18:21:01.401171: E /samgraph/3rdparty/collcachelib/coll_cache_lib/freq_recorder.cc:347] bulk append 29361202
[2023-04-14 18:21:01.402864: E /samgraph/3rdparty/collcachelib/coll_cache_lib/freq_recorder.cc:337] bulk append 6211979 into 332965241
[2023-04-14 18:21:01.433448: E /samgraph/3rdparty/collcachelib/coll_cache_lib/freq_recorder.cc:347] bulk append 29290447
[2023-04-14 18:21:01.435117: E /samgraph/3rdparty/collcachelib/coll_cache_lib/freq_recorder.cc:337] bulk append 6221732 into 339177220
[2023-04-14 18:21:01.465645: E /samgraph/3rdparty/collcachelib/coll_cache_lib/freq_recorder.cc:347] bulk append 29358845
[2023-04-14 18:21:01.467332: E /samgraph/3rdparty/collcachelib/coll_cache_lib/freq_recorder.cc:337] bulk append 6213470 into 345398952
[2023-04-14 18:21:01.497890: E /samgraph/3rdparty/collcachelib/coll_cache_lib/freq_recorder.cc:347] bulk append 29328293
[2023-04-14 18:21:01.499586: E /samgraph/3rdparty/collcachelib/coll_cache_lib/freq_recorder.cc:337] bulk append 6219685 into 351612422
[2023-04-14 18:21:01.530100: E /samgraph/3rdparty/collcachelib/coll_cache_lib/freq_recorder.cc:347] bulk append 29345442
[2023-04-14 18:21:01.531791: E /samgraph/3rdparty/collcachelib/coll_cache_lib/freq_recorder.cc:337] bulk append 6212963 into 357832107
[2023-04-14 18:21:01.562351: E /samgraph/3rdparty/collcachelib/coll_cache_lib/freq_recorder.cc:347] bulk append 29319304
[2023-04-14 18:21:01.564018: E /samgraph/3rdparty/collcachelib/coll_cache_lib/freq_recorder.cc:337] bulk append 6218221 into 364045070
[2023-04-14 18:21:01.594608: E /samgraph/3rdparty/collcachelib/coll_cache_lib/freq_recorder.cc:347] bulk append 29338778
[2023-04-14 18:21:01.596323: E /samgraph/3rdparty/collcachelib/coll_cache_lib/freq_recorder.cc:337] bulk append 6316510 into 370263291
[2023-04-14 18:21:01.627319: E /samgraph/3rdparty/collcachelib/coll_cache_lib/freq_recorder.cc:347] bulk append 27979879
[2023-04-14 18:21:01.628985: E /samgraph/3rdparty/collcachelib/coll_cache_lib/freq_recorder.cc:337] bulk append 6322849 into 376579801
[2023-04-14 18:21:01.659980: E /samgraph/3rdparty/collcachelib/coll_cache_lib/freq_recorder.cc:347] bulk append 28037741
[2023-04-14 18:21:01.661644: E /samgraph/3rdparty/collcachelib/coll_cache_lib/freq_recorder.cc:337] bulk append 6318473 into 382902650
[2023-04-14 18:21:01.692643: E /samgraph/3rdparty/collcachelib/coll_cache_lib/freq_recorder.cc:347] bulk append 28010131
[2023-04-14 18:21:01.694306: E /samgraph/3rdparty/collcachelib/coll_cache_lib/freq_recorder.cc:337] bulk append 6321352 into 389221123
[2023-04-14 18:21:01.725318: E /samgraph/3rdparty/collcachelib/coll_cache_lib/freq_recorder.cc:347] bulk append 28026466
[2023-04-14 18:21:01.726963: E /samgraph/3rdparty/collcachelib/coll_cache_lib/freq_recorder.cc:337] bulk append 6316878 into 395542475
[2023-04-14 18:21:01.757899: E /samgraph/3rdparty/collcachelib/coll_cache_lib/freq_recorder.cc:347] bulk append 27982512
[2023-04-14 18:21:01.759556: E /samgraph/3rdparty/collcachelib/coll_cache_lib/freq_recorder.cc:337] bulk append 6322420 into 401859353
[2023-04-14 18:21:01.790513: E /samgraph/3rdparty/collcachelib/coll_cache_lib/freq_recorder.cc:347] bulk append 28023205
[2023-04-14 18:21:01.792171: E /samgraph/3rdparty/collcachelib/coll_cache_lib/freq_recorder.cc:337] bulk append 6316427 into 408181773
[2023-04-14 18:21:01.823183: E /samgraph/3rdparty/collcachelib/coll_cache_lib/freq_recorder.cc:347] bulk append 27997797
[2023-04-14 18:21:01.824831: E /samgraph/3rdparty/collcachelib/coll_cache_lib/freq_recorder.cc:337] bulk append 6326495 into 414498200
[2023-04-14 18:21:01.855812: E /samgraph/3rdparty/collcachelib/coll_cache_lib/freq_recorder.cc:347] bulk append 28030801
[2023-04-14 18:21:01.857477: E /samgraph/3rdparty/collcachelib/coll_cache_lib/freq_recorder.cc:337] bulk append 6317956 into 420824695
[2023-04-14 18:21:01.888392: E /samgraph/3rdparty/collcachelib/coll_cache_lib/freq_recorder.cc:347] bulk append 27985873
[2023-04-14 18:21:01.890059: E /samgraph/3rdparty/collcachelib/coll_cache_lib/freq_recorder.cc:337] bulk append 6320508 into 427142651
[2023-04-14 18:21:01.921054: E /samgraph/3rdparty/collcachelib/coll_cache_lib/freq_recorder.cc:347] bulk append 28021094
[2023-04-14 18:21:01.922729: E /samgraph/3rdparty/collcachelib/coll_cache_lib/freq_recorder.cc:337] bulk append 6097790 into 433463159
[2023-04-14 18:21:01.952530: E /samgraph/3rdparty/collcachelib/coll_cache_lib/freq_recorder.cc:347] bulk append 26385299
[2023-04-14 18:21:01.954199: E /samgraph/3rdparty/collcachelib/coll_cache_lib/freq_recorder.cc:337] bulk append 6098195 into 439560949
[2023-04-14 18:21:01.983966: E /samgraph/3rdparty/collcachelib/coll_cache_lib/freq_recorder.cc:347] bulk append 26428291
[2023-04-14 18:21:01.985647: E /samgraph/3rdparty/collcachelib/coll_cache_lib/freq_recorder.cc:337] bulk append 6094232 into 445659144
[2023-04-14 18:21:02. 15462: E /samgraph/3rdparty/collcachelib/coll_cache_lib/freq_recorder.cc:347] bulk append 26407642
[2023-04-14 18:21:02. 17139: E /samgraph/3rdparty/collcachelib/coll_cache_lib/freq_recorder.cc:337] bulk append 6098872 into 451753376
[2023-04-14 18:21:02. 46749: E /samgraph/3rdparty/collcachelib/coll_cache_lib/freq_recorder.cc:347] bulk append 26429823
[2023-04-14 18:21:02. 48419: E /samgraph/3rdparty/collcachelib/coll_cache_lib/freq_recorder.cc:337] bulk append 6091935 into 457852248
[2023-04-14 18:21:02. 78256: E /samgraph/3rdparty/collcachelib/coll_cache_lib/freq_recorder.cc:347] bulk append 26374776
[2023-04-14 18:21:02. 79926: E /samgraph/3rdparty/collcachelib/coll_cache_lib/freq_recorder.cc:337] bulk append 6102284 into 463944183
[2023-04-14 18:21:02.109621: E /samgraph/3rdparty/collcachelib/coll_cache_lib/freq_recorder.cc:347] bulk append 26446421
[2023-04-14 18:21:02.111286: E /samgraph/3rdparty/collcachelib/coll_cache_lib/freq_recorder.cc:337] bulk append 6094683 into 470046467
[2023-04-14 18:21:02.141129: E /samgraph/3rdparty/collcachelib/coll_cache_lib/freq_recorder.cc:347] bulk append 26396192
[2023-04-14 18:21:02.142793: E /samgraph/3rdparty/collcachelib/coll_cache_lib/freq_recorder.cc:337] bulk append 6101110 into 476141150
[2023-04-14 18:21:02.172617: E /samgraph/3rdparty/collcachelib/coll_cache_lib/freq_recorder.cc:347] bulk append 26428125
[2023-04-14 18:21:02.174299: E /samgraph/3rdparty/collcachelib/coll_cache_lib/freq_recorder.cc:337] bulk append 6093954 into 482242260
[2023-04-14 18:21:02.204124: E /samgraph/3rdparty/collcachelib/coll_cache_lib/freq_recorder.cc:347] bulk append 26379479
[2023-04-14 18:21:02.205798: E /samgraph/3rdparty/collcachelib/coll_cache_lib/freq_recorder.cc:337] bulk append 6098977 into 488336214
[2023-04-14 18:21:02.235462: E /samgraph/3rdparty/collcachelib/coll_cache_lib/freq_recorder.cc:347] bulk append 26418249
[2023-04-14 18:21:02.237154[: 2023-04-14 18:21:02E. 237186[/samgraph/3rdparty/collcachelib/coll_cache_lib/freq_recorder.cc: 2023-04-14 18:21:02:[E[.[[[2662023-04-14 18:21:02 2023-04-14 18:21:022371902023-04-14 18:21:022023-04-14 18:21:022023-04-14 18:21:02] ./samgraph/3rdparty/collcachelib/coll_cache_lib/run_config.cc.: ...freq recorder global combining237197:237195E237196237204237203
: 141:  : : : E] E/samgraph/3rdparty/collcachelib/coll_cache_lib/run_config.ccEEE using concurrent impl MPSPhase :   /samgraph/3rdparty/collcachelib/coll_cache_lib/run_config.cc
/samgraph/3rdparty/collcachelib/coll_cache_lib/run_config.cc141/samgraph/3rdparty/collcachelib/coll_cache_lib/run_config.cc/samgraph/3rdparty/collcachelib/coll_cache_lib/run_config.cc/samgraph/3rdparty/collcachelib/coll_cache_lib/run_config.cc::] [:::141141using concurrent impl MPSPhase2023-04-14 18:21:02141141141] ] 
.] ] ] using concurrent impl MPSPhaseusing concurrent impl MPSPhase237436using concurrent impl MPSPhase[using concurrent impl MPSPhaseusing concurrent impl MPSPhase

: 
2023-04-14 18:21:02

E[.[[ 2023-04-14 18:21:02[[2375022023-04-14 18:21:022023-04-14 18:21:02/samgraph/3rdparty/collcachelib/coll_cache_lib/facade.cc.2023-04-14 18:21:022023-04-14 18:21:02: ..:237539..E237541237547409: 237552237554 : : ] E: : /samgraph/3rdparty/collcachelib/coll_cache_lib/facade.ccEEbefore scale, dtype is 0, dim is 128 EE:  
/samgraph/3rdparty/collcachelib/coll_cache_lib/facade.cc  409/samgraph/3rdparty/collcachelib/coll_cache_lib/facade.cc/samgraph/3rdparty/collcachelib/coll_cache_lib/facade.cc:[/samgraph/3rdparty/collcachelib/coll_cache_lib/facade.cc/samgraph/3rdparty/collcachelib/coll_cache_lib/facade.cc] ::4092023-04-14 18:21:02::before scale, dtype is 0, dim is 128409409] .409409
] ] before scale, dtype is 0, dim is 128237696] ] before scale, dtype is 0, dim is 128before scale, dtype is 0, dim is 128[
: before scale, dtype is 0, dim is 128before scale, dtype is 0, dim is 128

2023-04-14 18:21:02E
[
.[ [2023-04-14 18:21:02[237769[2023-04-14 18:21:02/samgraph/3rdparty/collcachelib/coll_cache_lib/facade.cc2023-04-14 18:21:02.2023-04-14 18:21:02: 2023-04-14 18:21:02.:.237798.E.237809415237811: 237819 237826: ] : E: /samgraph/3rdparty/collcachelib/coll_cache_lib/facade.cc: Eafter scale, dtype is 7, new dim is 32E E:E 
 /samgraph/3rdparty/collcachelib/coll_cache_lib/facade.cc 415 /samgraph/3rdparty/collcachelib/coll_cache_lib/facade.cc/samgraph/3rdparty/collcachelib/coll_cache_lib/facade.cc:/samgraph/3rdparty/collcachelib/coll_cache_lib/facade.cc] /samgraph/3rdparty/collcachelib/coll_cache_lib/facade.cc::415:after scale, dtype is 7, new dim is 32:415415] 415
415] ] after scale, dtype is 7, new dim is 32] ] after scale, dtype is 7, new dim is 32after scale, dtype is 7, new dim is 32
after scale, dtype is 7, new dim is 32after scale, dtype is 7, new dim is 32



[2023-04-14 18:21:02.241287: E /samgraph/3rdparty/collcachelib/coll_cache_lib/coll_cache/asymm_link_desc.cc:181] v100x8, slow pcie
[2023-04-14 18:21:02.241321: E /samgraph/3rdparty/collcachelib/coll_cache_lib/coll_cache/asymm_link_desc.cc:207] assigning 8 to cpu
[2023-04-14 18:21:02.241384: E /samgraph/3rdparty/collcachelib/coll_cache_lib/coll_cache/asymm_link_desc.cc:224] build asymm link desc with 8X Tesla V100-SXM2-32GB out of 8
[2023-04-14 18:21:02.241421: E /samgraph/3rdparty/collcachelib/coll_cache_lib/coll_cache/asymm_link_desc.cc:225] remote time is 15.5556
[2023-04-14 18:21:02.241448: E /samgraph/3rdparty/collcachelib/coll_cache_lib/coll_cache/asymm_link_desc.cc:226] cpu time is 102.941
[2023-04-14 18:21:02.241496: E /samgraph/3rdparty/collcachelib/coll_cache_lib/facade.cc:425] registering cpu data with 8.00 GB
[2023-04-14 18:21:02.241569: E /samgraph/3rdparty/collcachelib/coll_cache_lib/coll_cache/asymm_link_desc.cc:181] v100x8, slow pcie
[2023-04-14 18:21:02.241602: E /samgraph/3rdparty/collcachelib/coll_cache_lib/coll_cache/asymm_link_desc.cc:207] assigning 8 to cpu
[2023-04-14 18:21:02.241620: E /samgraph/3rdparty/collcachelib/coll_cache_lib/coll_cache/asymm_link_desc.cc:181] v100x8, slow pcie
[2023-04-14 18:21:02.[2416562023-04-14 18:21:02: .[E2416582023-04-14 18:21:02 : ./samgraph/3rdparty/collcachelib/coll_cache_lib/coll_cache/asymm_link_desc.ccE241669: : 207/samgraph/3rdparty/collcachelib/coll_cache_lib/coll_cache/asymm_link_desc.cc[E] :2023-04-14 18:21:02 assigning 8 to cpu224./samgraph/3rdparty/collcachelib/coll_cache_lib/coll_cache/asymm_link_desc.cc
] 241715:build asymm link desc with 8X Tesla V100-SXM2-32GB out of 8[: 181
2023-04-14 18:21:02E] . v100x8, slow pcie241761[/samgraph/3rdparty/collcachelib/coll_cache_lib/coll_cache/asymm_link_desc.cc
: 2023-04-14 18:21:02:[[E.[1812023-04-14 18:21:022023-04-14 18:21:02 2417942023-04-14 18:21:02] ../samgraph/3rdparty/collcachelib/coll_cache_lib/coll_cache/asymm_link_desc.cc: .v100x8, slow pcie241808241810:E241818
: : 181[ : EE] 2023-04-14 18:21:02/samgraph/3rdparty/collcachelib/coll_cache_lib/coll_cache/asymm_link_desc.ccE  v100x8, slow pcie.: /samgraph/3rdparty/collcachelib/coll_cache_lib/coll_cache/asymm_link_desc.cc/samgraph/3rdparty/collcachelib/coll_cache_lib/coll_cache/asymm_link_desc.cc
241900225/samgraph/3rdparty/collcachelib/coll_cache_lib/coll_cache/asymm_link_desc.cc::: ] [:224181Eremote time is 15.55562023-04-14 18:21:02207] ]  
.] build asymm link desc with 8X Tesla V100-SXM2-32GB out of 8v100x8, slow pcie/samgraph/3rdparty/collcachelib/coll_cache_lib/coll_cache/asymm_link_desc.cc241956assigning 8 to cpu[

:: 
2023-04-14 18:21:02207E[[.]  2023-04-14 18:21:022023-04-14 18:21:02242005assigning 8 to cpu/samgraph/3rdparty/collcachelib/coll_cache_lib/coll_cache/asymm_link_desc.cc..: 
[:242038242041E2023-04-14 18:21:02207: :  .] EE/samgraph/3rdparty/collcachelib/coll_cache_lib/coll_cache/asymm_link_desc.cc242079assigning 8 to cpu [ :: 
/samgraph/3rdparty/collcachelib/coll_cache_lib/coll_cache/asymm_link_desc.cc2023-04-14 18:21:02/samgraph/3rdparty/collcachelib/coll_cache_lib/coll_cache/asymm_link_desc.cc226E:.:]  207242149225cpu time is 102.941/samgraph/3rdparty/collcachelib/coll_cache_lib/coll_cache/asymm_link_desc.cc] : ] [
:assigning 8 to cpuEremote time is 15.55562023-04-14 18:21:02224
 
.] /samgraph/3rdparty/collcachelib/coll_cache_lib/coll_cache/asymm_link_desc.cc[242233[build asymm link desc with 8X Tesla V100-SXM2-32GB out of 8:2023-04-14 18:21:02: 2023-04-14 18:21:02
224.E.] 242282[ 242290[build asymm link desc with 8X Tesla V100-SXM2-32GB out of 8: 2023-04-14 18:21:02/samgraph/3rdparty/collcachelib/coll_cache_lib/coll_cache/asymm_link_desc.cc: 2023-04-14 18:21:02
E.:E[. 242324224 2023-04-14 18:21:02242330/samgraph/3rdparty/collcachelib/coll_cache_lib/facade.cc: ] /samgraph/3rdparty/collcachelib/coll_cache_lib/coll_cache/asymm_link_desc.cc.: :Ebuild asymm link desc with 8X Tesla V100-SXM2-32GB out of 8:242381E425 
226:  ] /samgraph/3rdparty/collcachelib/coll_cache_lib/coll_cache/asymm_link_desc.cc] E/samgraph/3rdparty/collcachelib/coll_cache_lib/coll_cache/asymm_link_desc.cc[registering cpu data with 8.00 GB:cpu time is 102.941 :2023-04-14 18:21:02
224
/samgraph/3rdparty/collcachelib/coll_cache_lib/coll_cache/asymm_link_desc.cc225.] :] 242476build asymm link desc with 8X Tesla V100-SXM2-32GB out of 8225remote time is 15.5556: 
] [
E[remote time is 15.55562023-04-14 18:21:02 [2023-04-14 18:21:02
./samgraph/3rdparty/collcachelib/coll_cache_lib/coll_cache/asymm_link_desc.cc2023-04-14 18:21:02.242553:[.242577: 2252023-04-14 18:21:02242581: E] .: E remote time is 15.5556242609E /samgraph/3rdparty/collcachelib/coll_cache_lib/facade.cc
:  /samgraph/3rdparty/collcachelib/coll_cache_lib/coll_cache/asymm_link_desc.cc:E[/samgraph/3rdparty/collcachelib/coll_cache_lib/coll_cache/asymm_link_desc.cc:425 2023-04-14 18:21:02:225] /samgraph/3rdparty/collcachelib/coll_cache_lib/coll_cache/asymm_link_desc.cc.226] registering cpu data with 8.00 GB:242680] remote time is 15.5556
226: cpu time is 102.941
] E
cpu time is 102.941 [
/samgraph/3rdparty/collcachelib/coll_cache_lib/coll_cache/asymm_link_desc.cc2023-04-14 18:21:02:.226242759] [: cpu time is 102.9412023-04-14 18:21:02E[
. 2023-04-14 18:21:02242789/samgraph/3rdparty/collcachelib/coll_cache_lib/coll_cache/asymm_link_desc.cc.: :242801E226:  ] [E/samgraph/3rdparty/collcachelib/coll_cache_lib/facade.cccpu time is 102.9412023-04-14 18:21:02 :
./samgraph/3rdparty/collcachelib/coll_cache_lib/facade.cc425242846:] : 425registering cpu data with 8.00 GBE] 
 [registering cpu data with 8.00 GB/samgraph/3rdparty/collcachelib/coll_cache_lib/facade.cc2023-04-14 18:21:02
:.425242914] : registering cpu data with 8.00 GBE
 /samgraph/3rdparty/collcachelib/coll_cache_lib/facade.cc:425] registering cpu data with 8.00 GB
[2023-04-14 18:21:04.483750: E /samgraph/3rdparty/collcachelib/coll_cache_lib/facade.cc:427] registering cpu data done.
[2023-04-14 18:21:04.484008: E /samgraph/3rdparty/collcachelib/coll_cache_lib/facade.cc:427] registering cpu data done.
[2023-04-14 18:21:04.484283: E /samgraph/3rdparty/collcachelib/coll_cache_lib/facade.cc:427] registering cpu data done.
[2023-04-14 18:21:04.484557: E /samgraph/3rdparty/collcachelib/coll_cache_lib/facade.cc:427] registering cpu data done.
[2023-04-14 18:21:04.484836: E /samgraph/3rdparty/collcachelib/coll_cache_lib/facade.cc:427] registering cpu data done.
[2023-04-14 18:21:04.485112: E /samgraph/3rdparty/collcachelib/coll_cache_lib/facade.cc:427] registering cpu data done.
[2023-04-14 18:21:04.487234: E /samgraph/3rdparty/collcachelib/coll_cache_lib/facade.cc:427] registering cpu data done.
[2023-04-14 18:21:33.289464: E /samgraph/3rdparty/collcachelib/coll_cache_lib/freq_recorder.cc:269] freq recorder global combine from 494435191 to 96378185
[2023-04-14 18:21:36.418408: E /samgraph/3rdparty/collcachelib/coll_cache_lib/freq_recorder.cc:286] top 5 freq is 2000,2000,2000,2000,2000
[2023-04-14 18:21:36.418658: E /samgraph/3rdparty/collcachelib/coll_cache_lib/run_config.cc:141] using concurrent impl MPSPhase
[2023-04-14 18:21:36.418702: E /samgraph/3rdparty/collcachelib/coll_cache_lib/facade.cc:409] before scale, dtype is 0, dim is 128
[2023-04-14 18:21:36.418737: E /samgraph/3rdparty/collcachelib/coll_cache_lib/facade.cc:415] after scale, dtype is 7, new dim is 32
[2023-04-14 18:21:36.419397: E /samgraph/3rdparty/collcachelib/coll_cache_lib/coll_cache/asymm_link_desc.cc:181] v100x8, slow pcie
[2023-04-14 18:21:36.419437: E /samgraph/3rdparty/collcachelib/coll_cache_lib/coll_cache/asymm_link_desc.cc:207] assigning 8 to cpu
[2023-04-14 18:21:36.419510: E /samgraph/3rdparty/collcachelib/coll_cache_lib/coll_cache/asymm_link_desc.cc:224] build asymm link desc with 8X Tesla V100-SXM2-32GB out of 8
[2023-04-14 18:21:36.419559: E /samgraph/3rdparty/collcachelib/coll_cache_lib/coll_cache/asymm_link_desc.cc:225] remote time is 15.5556
[2023-04-14 18:21:36.419594: E /samgraph/3rdparty/collcachelib/coll_cache_lib/coll_cache/asymm_link_desc.cc:226] cpu time is 102.941
[2023-04-14 18:21:36.419657: E /samgraph/3rdparty/collcachelib/coll_cache_lib/facade.cc:425] registering cpu data with 8.00 GB
[2023-04-14 18:21:36.869893: E /samgraph/3rdparty/collcachelib/coll_cache_lib/facade.cc:427] registering cpu data done.
[2023-04-14 18:21:36.869983: E /samgraph/3rdparty/collcachelib/coll_cache_lib/facade.cc:174] creating solver
[2023-04-14 18:21:36.870021: E /samgraph/3rdparty/collcachelib/coll_cache_lib/facade.cc:214] solver created. now build & solve
[2023-04-14 18:21:36.914051: E /samgraph/3rdparty/collcachelib/coll_cache_lib/coll_cache/optimal_solver_class.cc:309] reconfigured max freq to be 2000
[2023-04-14 18:21:36.914095: E /samgraph/3rdparty/collcachelib/coll_cache_lib/coll_cache/optimal_solver_class.cc:311] reconfigured num slot to be 11
[2023-04-14 18:21:36.914120: W /samgraph/3rdparty/collcachelib/coll_cache_lib/coll_cache/optimal_solver_class.cc:318] counting slots...
[2023-04-14 18:21:37.808669: W /samgraph/3rdparty/collcachelib/coll_cache_lib/coll_cache/optimal_solver_class.cc:367] Final num slot is 29
[2023-04-14 18:21:37.808772: W /samgraph/3rdparty/collcachelib/coll_cache_lib/coll_cache/optimal_solver_class.cc:371] preparing block granularity...
[2023-04-14 18:21:37.808808: E /samgraph/3rdparty/collcachelib/coll_cache_lib/coll_cache/optimal_solver_class.cc:399] slot 0 has 16942 nodes, max_size set to 2118, #slice=8
[2023-04-14 18:21:37.808843: E /samgraph/3rdparty/collcachelib/coll_cache_lib/coll_cache/optimal_solver_class.cc:399] slot 1 has 78982 nodes, max_size set to 9873, #slice=8
[2023-04-14 18:21:37.808877: E /samgraph/3rdparty/collcachelib/coll_cache_lib/coll_cache/optimal_solver_class.cc:399] slot 2 has 364073 nodes, max_size set to 22211, #slice=24
[2023-04-14 18:21:37.808930: E /samgraph/3rdparty/collcachelib/coll_cache_lib/coll_cache/optimal_solver_class.cc:399] slot 3 has 1598135 nodes, max_size set to 22211, #slice=72
[2023-04-14 18:21:37.808964: E /samgraph/3rdparty/collcachelib/coll_cache_lib/coll_cache/optimal_solver_class.cc:399] slot 4 has 6067427 nodes, max_size set to 22211, #slice=280
[2023-04-14 18:21:37.808997: E /samgraph/3rdparty/collcachelib/coll_cache_lib/coll_cache/optimal_solver_class.cc:399] slot 5 has 14340693 nodes, max_size set to 22211, #slice=648
[2023-04-14 18:21:37.809031: E /samgraph/3rdparty/collcachelib/coll_cache_lib/coll_cache/optimal_solver_class.cc:399] slot 6 has 17745017 nodes, max_size set to 17745017, #slice=1
[2023-04-14 18:21:37.809064: E /samgraph/3rdparty/collcachelib/coll_cache_lib/coll_cache/optimal_solver_class.cc:399] slot 7 has 16038308 nodes, max_size set to 16038308, #slice=1
[2023-04-14 18:21:37.809098: E /samgraph/3rdparty/collcachelib/coll_cache_lib/coll_cache/optimal_solver_class.cc:399] slot 8 has 14894429 nodes, max_size set to 14894429, #slice=1
[2023-04-14 18:21:37.809131: E /samgraph/3rdparty/collcachelib/coll_cache_lib/coll_cache/optimal_solver_class.cc:399] slot 9 has 25234179 nodes, max_size set to 25234179, #slice=1
[2023-04-14 18:21:37.809183: E /samgraph/3rdparty/collcachelib/coll_cache_lib/coll_cache/optimal_solver_class.cc:399] slot 10 has 146588 nodes, max_size set to 146588, #slice=1
[2023-04-14 18:21:37.809217: E /samgraph/3rdparty/collcachelib/coll_cache_lib/coll_cache/optimal_solver_class.cc:399] slot 11 has 146170 nodes, max_size set to 146170, #slice=1
[2023-04-14 18:21:37.809250: E /samgraph/3rdparty/collcachelib/coll_cache_lib/coll_cache/optimal_solver_class.cc:399] slot 12 has 147253 nodes, max_size set to 147253, #slice=1
[2023-04-14 18:21:37.809284: E /samgraph/3rdparty/collcachelib/coll_cache_lib/coll_cache/optimal_solver_class.cc:399] slot 13 has 146803 nodes, max_size set to 146803, #slice=1
[2023-04-14 18:21:37.809317: E /samgraph/3rdparty/collcachelib/coll_cache_lib/coll_cache/optimal_solver_class.cc:399] slot 14 has 146838 nodes, max_size set to 146838, #slice=1
[2023-04-14 18:21:37.809351: E /samgraph/3rdparty/collcachelib/coll_cache_lib/coll_cache/optimal_solver_class.cc:399] slot 15 has 147146 nodes, max_size set to 147146, #slice=1
[2023-04-14 18:21:37.809384: E /samgraph/3rdparty/collcachelib/coll_cache_lib/coll_cache/optimal_solver_class.cc:399] slot 16 has 147008 nodes, max_size set to 147008, #slice=1
[2023-04-14 18:21:37.809417: E /samgraph/3rdparty/collcachelib/coll_cache_lib/coll_cache/optimal_solver_class.cc:399] slot 17 has 147010 nodes, max_size set to 147010, #slice=1
[2023-04-14 18:21:37.809451: E /samgraph/3rdparty/collcachelib/coll_cache_lib/coll_cache/optimal_solver_class.cc:399] slot 18 has 146780 nodes, max_size set to 146780, #slice=1
[2023-04-14 18:21:37.809485: E /samgraph/3rdparty/collcachelib/coll_cache_lib/coll_cache/optimal_solver_class.cc:399] slot 19 has 146657 nodes, max_size set to 146657, #slice=1
[2023-04-14 18:21:37.809518: E /samgraph/3rdparty/collcachelib/coll_cache_lib/coll_cache/optimal_solver_class.cc:399] slot 20 has 1468695 nodes, max_size set to 1468695, #slice=1
[2023-04-14 18:21:37.809552: E /samgraph/3rdparty/collcachelib/coll_cache_lib/coll_cache/optimal_solver_class.cc:399] slot 21 has 1469636 nodes, max_size set to 1469636, #slice=1
[2023-04-14 18:21:37.809585: E /samgraph/3rdparty/collcachelib/coll_cache_lib/coll_cache/optimal_solver_class.cc:399] slot 22 has 1469350 nodes, max_size set to 1469350, #slice=1
[2023-04-14 18:21:37.809618: E /samgraph/3rdparty/collcachelib/coll_cache_lib/coll_cache/optimal_solver_class.cc:399] slot 23 has 1469426 nodes, max_size set to 1469426, #slice=1
[2023-04-14 18:21:37.809652: E /samgraph/3rdparty/collcachelib/coll_cache_lib/coll_cache/optimal_solver_class.cc:399] slot 24 has 1465720 nodes, max_size set to 1465720, #slice=1
[2023-04-14 18:21:37.809686: E /samgraph/3rdparty/collcachelib/coll_cache_lib/coll_cache/optimal_solver_class.cc:399] slot 25 has 1468654 nodes, max_size set to 1468654, #slice=1
[2023-04-14 18:21:37.809719: E /samgraph/3rdparty/collcachelib/coll_cache_lib/coll_cache/optimal_solver_class.cc:399] slot 26 has 1466605 nodes, max_size set to 1466605, #slice=1
[2023-04-14 18:21:37.809753: E /samgraph/3rdparty/collcachelib/coll_cache_lib/coll_cache/optimal_solver_class.cc:399] slot 27 has 1465768 nodes, max_size set to 1465768, #slice=1
[2023-04-14 18:21:37.809786: E /samgraph/3rdparty/collcachelib/coll_cache_lib/coll_cache/optimal_solver_class.cc:399] slot 28 has 1469664 nodes, max_size set to 1469664, #slice=1
[2023-04-14 18:21:37.809819: W /samgraph/3rdparty/collcachelib/coll_cache_lib/coll_cache/optimal_solver_class.cc:405] counting blocks...
[2023-04-14 18:21:37.953960: W /samgraph/3rdparty/collcachelib/coll_cache_lib/coll_cache/optimal_solver_class.cc:425] Final num block is 1063
[2023-04-14 18:21:37.954024: W /samgraph/3rdparty/collcachelib/coll_cache_lib/coll_cache/optimal_solver_class.cc:430] counting freq and density...
[2023-04-14 18:21:37.965086: W /samgraph/3rdparty/collcachelib/coll_cache_lib/coll_cache/optimal_solver_class.cc:479] averaging freq and density...
[2023-04-14 18:21:37.965164: W /samgraph/3rdparty/collcachelib/coll_cache_lib/coll_cache/optimal_solver_class.cc:480] 1063
[2023-04-14 18:21:37.981596: E /samgraph/3rdparty/collcachelib/coll_cache_lib/facade.cc:218] solver built. now solve
[2023-04-14 18:21:37.981649: W /samgraph/3rdparty/collcachelib/coll_cache_lib/coll_cache/optimal_solver_class.cc:893] constructing optimal solver, device=8, stream=1
1063 blocks, 8 devices
[2023-04-14 18:21:38.140079: W /samgraph/3rdparty/collcachelib/coll_cache_lib/coll_cache/optimal_solver_class.cc:1078] Add Var...
[2023-04-14 18:21:38.169214: W /samgraph/3rdparty/collcachelib/coll_cache_lib/coll_cache/optimal_solver_class.cc:1096] Capacity...
[2023-04-14 18:21:38.170693: W /samgraph/3rdparty/collcachelib/coll_cache_lib/coll_cache/optimal_solver_class.cc:1099] Connect CPU...
[2023-04-14 18:21:38.192360: W /samgraph/3rdparty/collcachelib/coll_cache_lib/coll_cache/optimal_solver_class.cc:1101] Connect Access To Storage...
[2023-04-14 18:21:38.725561: W /samgraph/3rdparty/collcachelib/coll_cache_lib/coll_cache/optimal_solver_class.cc:1105] Time...
[2023-04-14 18:21:38.728096: E /samgraph/3rdparty/collcachelib/coll_cache_lib/coll_cache/optimal_solver_class.cc:1067] dst 0, total sm is 80
[2023-04-14 18:21:38.731559: E /samgraph/3rdparty/collcachelib/coll_cache_lib/coll_cache/optimal_solver_class.cc:1067] dst 1, total sm is 80
[2023-04-14 18:21:38.734721: E /samgraph/3rdparty/collcachelib/coll_cache_lib/coll_cache/optimal_solver_class.cc:1067] dst 2, total sm is 80
[2023-04-14 18:21:38.737853: E /samgraph/3rdparty/collcachelib/coll_cache_lib/coll_cache/optimal_solver_class.cc:1067] dst 3, total sm is 80
[2023-04-14 18:21:38.741002: E /samgraph/3rdparty/collcachelib/coll_cache_lib/coll_cache/optimal_solver_class.cc:1067] dst 4, total sm is 80
[2023-04-14 18:21:38.744120: E /samgraph/3rdparty/collcachelib/coll_cache_lib/coll_cache/optimal_solver_class.cc:1067] dst 5, total sm is 80
[2023-04-14 18:21:38.747240: E /samgraph/3rdparty/collcachelib/coll_cache_lib/coll_cache/optimal_solver_class.cc:1067] dst 6, total sm is 80
[2023-04-14 18:21:38.750342: E /samgraph/3rdparty/collcachelib/coll_cache_lib/coll_cache/optimal_solver_class.cc:1067] dst 7, total sm is 80
[2023-04-14 18:21:55.516921: W /samgraph/3rdparty/collcachelib/coll_cache_lib/coll_cache/optimal_solver_class.cc:1124] Coll Cache init block placement array
[2023-04-14 18:21:55.525050: W /samgraph/3rdparty/collcachelib/coll_cache_lib/coll_cache/optimal_solver_class.cc:1200] Coll Cache init block placement array done
[2023-04-14 18:21:55.533024: W /samgraph/3rdparty/collcachelib/coll_cache_lib/coll_cache/optimal_solver_class.cc:1202] Coll Cache model reset done
[2023-04-14 18:21:55.580341: E /samgraph/3rdparty/collcachelib/coll_cache_lib/facade.cc:222] solver solved
[2023-04-14 18:21:55.580436: E /samgraph/3rdparty/collcachelib/coll_cache_lib/facade.cc:437] 0 solved master
[2023-04-14 18:21:55.580464: E /samgraph/3rdparty/collcachelib/coll_cache_lib/facade.cc:444] 0 solved
[2023-04-14 18:21:55.580490: E /samgraph/3rdparty/collcachelib/coll_cache_lib/facade.cc:447] worker 0 thread 0 initing device 0
[2023-04-14 18:21:55.581175: E /samgraph/3rdparty/collcachelib/coll_cache_lib/cache_context.cu:2320] Building Coll Cache with ... num gpu device is 8
[2023-04-14 18:21:55.581309: E /samgraph/3rdparty/collcachelib/coll_cache_lib/cuda/cache_hashtable.cuh:611] per src size local is 1218942
[2023-04-14 18:21:55.598868[: E2023-04-14 18:21:55 ./samgraph/3rdparty/collcachelib/coll_cache_lib/facade.cc598903:: 444E]  7 solved/samgraph/3rdparty/collcachelib/coll_cache_lib/facade.cc
:444] 6 solved[
2023-04-14 18:21:55.598967: [E2023-04-14 18:21:55 ./samgraph/3rdparty/collcachelib/coll_cache_lib/facade.cc598978:: 447E]  worker 0 thread 7 initing device 7/samgraph/3rdparty/collcachelib/coll_cache_lib/facade.cc
:447] worker 0 thread 6 initing device 6
[2023-04-14 18:21:55[.2023-04-14 18:21:55599365.: 599367E:  E/samgraph/3rdparty/collcachelib/coll_cache_lib/cache_context.cu :/samgraph/3rdparty/collcachelib/coll_cache_lib/cache_context.cu2320:] 2320Building Coll Cache with ... num gpu device is 8] 
Building Coll Cache with ... num gpu device is 8
[2023-04-14 18:21:55.622211: E /samgraph/3rdparty/collcachelib/coll_cache_lib/facade.cc:444] 4 solved
[2023-04-14 18:21:55.622295: E /samgraph/3rdparty/collcachelib/coll_cache_lib/facade.cc:447] worker 0 thread 4 initing device 4
[2023-04-14 18:21:55.622648: E /samgraph/3rdparty/collcachelib/coll_cache_lib/cache_context.cu:2320] Building Coll Cache with ... num gpu device is 8
[2023-04-14 18:21:55.629177: E /samgraph/3rdparty/collcachelib/coll_cache_lib/facade.cc:444] 1 solved
[2023-04-14 18:21:55.629253: E /samgraph/3rdparty/collcachelib/coll_cache_lib/facade.cc:447] worker 0 thread 1 initing device 1
[2023-04-14 18:21:55.629315: E /samgraph/3rdparty/collcachelib/coll_cache_lib/facade.cc:444] 3 solved
[2023-04-14 18:21:55.629384: E /samgraph/3rdparty/collcachelib/coll_cache_lib/facade.cc:447] worker 0 thread 3 initing device 3
[2023-04-14 18:21:55.629610: E /samgraph/3rdparty/collcachelib/coll_cache_lib/cache_context.cu:2320] Building Coll Cache with ... num gpu device is 8
[2023-04-14 18:21:55.629750: E /samgraph/3rdparty/collcachelib/coll_cache_lib/cache_context.cu:2320] Building Coll Cache with ... num gpu device is 8
[2023-04-14 18:21:55.632064: E /samgraph/3rdparty/collcachelib/coll_cache_lib/cache_context.cu:2362] num cpu nodes is 106700782
[2023-04-14 18:21:55.633132: E /samgraph/3rdparty/collcachelib/coll_cache_lib/facade.cc:444] 2 solved
[2023-04-14 18:21:55.633199: E /samgraph/3rdparty/collcachelib/coll_cache_lib/facade.cc:447] worker 0 thread 2 initing device 2
[2023-04-14 18:21:55.633541: E /samgraph/3rdparty/collcachelib/coll_cache_lib/cache_context.cu:2320] Building Coll Cache with ... num gpu device is 8
[2023-04-14 18:21:55.650286: E /samgraph/3rdparty/collcachelib/coll_cache_lib/cache_context.cu:2362] num cpu nodes is 106700782
[2023-04-14 18:21:55.657372: E /samgraph/3rdparty/collcachelib/coll_cache_lib/cache_context.cu:2362] num cpu nodes is 106700782
[2023-04-14 18:21:55.658261: E /samgraph/3rdparty/collcachelib/coll_cache_lib/facade.cc:444] 5 solved
[2023-04-14 18:21:55.658319: E /samgraph/3rdparty/collcachelib/coll_cache_lib/facade.cc:447] worker 0 thread 5 initing device 5
[2023-04-14 18:21:55.658667: E /samgraph/3rdparty/collcachelib/coll_cache_lib/cache_context.cu:2320] Building Coll Cache with ... num gpu device is 8
[2023-04-14 18:21:55.680251: E /samgraph/3rdparty/collcachelib/coll_cache_lib/cache_context.cu:2362] num cpu nodes is 106700782
[2023-04-14 18:21:55.680584: E /samgraph/3rdparty/collcachelib/coll_cache_lib/cache_context.cu:2362] num cpu nodes is 106700782
[2023-04-14 18:21:55.684261: E /samgraph/3rdparty/collcachelib/coll_cache_lib/cache_context.cu:2362] num cpu nodes is 106700782
[2023-04-14 18:21:55.689961: E /samgraph/3rdparty/collcachelib/coll_cache_lib/cuda/cache_hashtable.cu:355] create a hashtable with 4359174 possible elem, scale to 16777216
[2023-04-14 18:21:55.690048: E /samgraph/3rdparty/collcachelib/coll_cache_lib/cuda/cache_hashtable.cu:360] SimpleHashTable allocating 128.00 MB
[2023-04-14 18:21:55.690369: E /samgraph/3rdparty/collcachelib/coll_cache_lib/cache_context.cu:2362] num cpu nodes is 106700782
[2023-04-14 18:21:55.709659: E /samgraph/3rdparty/collcachelib/coll_cache_lib/cache_context.cu:2362] num cpu nodes is 106700782
[2023-04-14 18:21:55.738999: E /samgraph/3rdparty/collcachelib/coll_cache_lib/cuda/cache_hashtable.cu:355] create a hashtable with 4359174 possible elem, scale to 16777216
[2023-04-14 18:21:55.739081: E /samgraph/3rdparty/collcachelib/coll_cache_lib/cuda/cache_hashtable.cu:360] SimpleHashTable allocating 128.00 MB
[2023-04-14 18:21:55.740241: E /samgraph/3rdparty/collcachelib/coll_cache_lib/cuda/cache_hashtable.cu:355] create a hashtable with 4359174 possible elem, scale to 16777216
[2023-04-14 18:21:55.740308: E /samgraph/3rdparty/collcachelib/coll_cache_lib/cuda/cache_hashtable.cu:360] SimpleHashTable allocating 128.00 MB
[2023-04-14 18:21:55.746892: E /samgraph/3rdparty/collcachelib/coll_cache_lib/cuda/cache_hashtable.cu:355] create a hashtable with 4359174 possible elem, scale to 16777216
[2023-04-14 18:21:55.746971: E /samgraph/3rdparty/collcachelib/coll_cache_lib/cuda/cache_hashtable.cu:360] SimpleHashTable allocating 128.00 MB
[2023-04-14 18:21:55.759925: E /samgraph/3rdparty/collcachelib/coll_cache_lib/cuda/cache_hashtable.cu:355] create a hashtable with 4359174 possible elem, scale to 16777216
[2023-04-14 18:21:55.759983: E /samgraph/3rdparty/collcachelib/coll_cache_lib/cuda/cache_hashtable.cu:360] SimpleHashTable allocating 128.00 MB
[2023-04-14 18:21:55.768952: E /samgraph/3rdparty/collcachelib/coll_cache_lib/cuda/cache_hashtable.cu:355] create a hashtable with 4359174 possible elem, scale to 16777216
[2023-04-14 18:21:55.769009: E /samgraph/3rdparty/collcachelib/coll_cache_lib/cuda/cache_hashtable.cu:360] SimpleHashTable allocating 128.00 MB
[2023-04-14 18:21:55.778096: E /samgraph/3rdparty/collcachelib/coll_cache_lib/cuda/cache_hashtable.cu:355] create a hashtable with 4359174 possible elem, scale to 16777216
[2023-04-14 18:21:55.778151: E /samgraph/3rdparty/collcachelib/coll_cache_lib/cuda/cache_hashtable.cu:360] SimpleHashTable allocating 128.00 MB
[2023-04-14 18:21:55.784707: E /samgraph/3rdparty/collcachelib/coll_cache_lib/cuda/cache_hashtable.cu:355] create a hashtable with 4359174 possible elem, scale to 16777216
[2023-04-14 18:21:55.784761: E /samgraph/3rdparty/collcachelib/coll_cache_lib/cuda/cache_hashtable.cu:360] SimpleHashTable allocating 128.00 MB
[2023-04-14 18:21:55.860661: E /samgraph/3rdparty/collcachelib/coll_cache_lib/common.cc:107] too many mem allocated for forcescale?1221659->112320
[2023-04-14 18:21:55.860836: E /samgraph/3rdparty/collcachelib/coll_cache_lib/common.cc:107] too many mem allocated for forcescale?1221659->117211
[2023-04-14 18:21:55.864138: E /samgraph/3rdparty/collcachelib/coll_cache_lib/common.cc:107] too many mem allocated for forcescale?1221659->121782
[2023-04-14 18:21:55.864673: E /samgraph/3rdparty/collcachelib/coll_cache_lib/common.cc:107] too many mem allocated for forcescale?1221659->114837
[2023-04-14 18:21:55.865965: E /samgraph/3rdparty/collcachelib/coll_cache_lib/common.cc:107] too many mem allocated for forcescale?1221659->114913
[2023-04-14 18:21:55.866223: E /samgraph/3rdparty/collcachelib/coll_cache_lib/common.cc:107] too many mem allocated for forcescale?1221659->113098
[2023-04-14 18:21:55.866310: E /samgraph/3rdparty/collcachelib/coll_cache_lib/cache_context.cu:2439] Asymm Coll cache (policy: coll_cache_asymm_link) | local 1109339 / 111059956 nodes ( 1.00 %~1.00 %) | remote 3249835 / 111059956 nodes ( 2.93 %) | cpu 106700782 / 111059956 nodes ( 96.07 %) | 596.51 MB | 0.232736 secs 
[2023-04-14 18:21:55.866331: E /samgraph/3rdparty/collcachelib/coll_cache_lib/common.cc:107] too many mem allocated for forcescale?1221659->113492
[2023-04-14 18:21:55.866398: E /samgraph/3rdparty/collcachelib/coll_cache_lib/common.cc:107] too many mem allocated for forcescale?1221659->113620
[2023-04-14 18:21:55.877501: E /samgraph/3rdparty/collcachelib/coll_cache_lib/cache_context.cu:2439] Asymm Coll cache (policy: coll_cache_asymm_link) | local 1104448 / 111059956 nodes ( 0.99 %~1.00 %) | remote 3254726 / 111059956 nodes ( 2.93 %) | cpu 106700782 / 111059956 nodes ( 96.07 %) | 596.51 MB | 0.218795 secs 
[2023-04-14 18:21:55.888740: E /samgraph/3rdparty/collcachelib/coll_cache_lib/cache_context.cu:2439] Asymm Coll cache (policy: coll_cache_asymm_link) | local 1108167 / 111059956 nodes ( 1.00 %~1.00 %) | remote 3251007 / 111059956 nodes ( 2.93 %) | cpu 106700782 / 111059956 nodes ( 96.07 %) | 596.51 MB | 0.266053 secs 
[2023-04-14 18:21:55.890655: E /samgraph/3rdparty/collcachelib/coll_cache_lib/cache_context.cu:2439] Asymm Coll cache (policy: coll_cache_asymm_link) | local 1099877 / 111059956 nodes ( 0.99 %~1.00 %) | remote 3259297 / 111059956 nodes ( 2.93 %) | cpu 106700782 / 111059956 nodes ( 96.07 %) | 596.51 MB | 0.260871 secs 
[2023-04-14 18:21:55.890974: E /samgraph/3rdparty/collcachelib/coll_cache_lib/cache_context.cu:2439] Asymm Coll cache (policy: coll_cache_asymm_link) | local 1106822 / 111059956 nodes ( 1.00 %~1.00 %) | remote 3252352 / 111059956 nodes ( 2.93 %) | cpu 106700782 / 111059956 nodes ( 96.07 %) | 596.51 MB | 0.291543 secs 
[2023-04-14 18:21:55.892972: E /samgraph/3rdparty/collcachelib/coll_cache_lib/cache_context.cu:2439] Asymm Coll cache (policy: coll_cache_asymm_link) | local 1106746 / 111059956 nodes ( 1.00 %~1.00 %) | remote 3252428 / 111059956 nodes ( 2.93 %) | cpu 106700782 / 111059956 nodes ( 96.07 %) | 596.51 MB | 0.293537 secs 
[2023-04-14 18:21:55.898478: E /samgraph/3rdparty/collcachelib/coll_cache_lib/cache_context.cu:2439] Asymm Coll cache (policy: coll_cache_asymm_link) | local 1108561 / 111059956 nodes ( 1.00 %~1.00 %) | remote 3250613 / 111059956 nodes ( 2.93 %) | cpu 106700782 / 111059956 nodes ( 96.07 %) | 596.51 MB | 0.268831 secs 
[2023-04-14 18:21:55.901897: E /samgraph/3rdparty/collcachelib/coll_cache_lib/cache_context.cu:2439] Asymm Coll cache (policy: coll_cache_asymm_link) | local 1108039 / 111059956 nodes ( 1.00 %~1.00 %) | remote 3251135 / 111059956 nodes ( 2.93 %) | cpu 106700782 / 111059956 nodes ( 96.07 %) | 596.51 MB | 0.320685 secs 
[2023-04-14 18:21:55.913654: W /samgraph/3rdparty/collcachelib/coll_cache_lib/cache_context.cu:3958] before create ctx, mem is 6.02 GB
[2023-04-14 18:21:55.913800: W /samgraph/3rdparty/collcachelib/coll_cache_lib/cache_context.cu:3958] before create ctx, mem is 6.02 GB
[2023-04-14 18:21:55.914055: W /samgraph/3rdparty/collcachelib/coll_cache_lib/cache_context.cu:3958] before create ctx, mem is 6.02 GB
[2023-04-14 18:21:55.914191: W /samgraph/3rdparty/collcachelib/coll_cache_lib/cache_context.cu:3958] before create ctx, mem is 6.02 GB
[2023-04-14 18:21:55.914261: W /samgraph/3rdparty/collcachelib/coll_cache_lib/cache_context.cu:3958] before create ctx, mem is 6.02 GB
[2023-04-14 18:22:04.646492: W /samgraph/3rdparty/collcachelib/coll_cache_lib/cache_context.cu:3958] after create ctx, mem is 7.99 GB
[2023-04-14 18:22:04.646807: W /samgraph/3rdparty/collcachelib/coll_cache_lib/cache_context.cu:3958] after create stream, mem is 7.99 GB
[2023-04-14 18:22:04.655388: W /samgraph/3rdparty/collcachelib/coll_cache_lib/cache_context.cu:3958] after create ctx, mem is 7.99 GB
[2023-04-14 18:22:04.655540: W /samgraph/3rdparty/collcachelib/coll_cache_lib/cache_context.cu:3958] after create stream, mem is 7.99 GB
[2023-04-14 18:22:04.749471: W /samgraph/3rdparty/collcachelib/coll_cache_lib/cache_context.cu:3958] after create ctx, mem is 8.03 GB
[2023-04-14 18:22:04.749755: W /samgraph/3rdparty/collcachelib/coll_cache_lib/cache_context.cu:3958] after create stream, mem is 8.03 GB
[2023-04-14 18:22:04.772482: W /samgraph/3rdparty/collcachelib/coll_cache_lib/cache_context.cu:3958] after create ctx, mem is 8.04 GB
[2023-04-14 18:22:04.772607: W /samgraph/3rdparty/collcachelib/coll_cache_lib/cache_context.cu:3958] after create stream, mem is 8.04 GB
[2023-04-14 18:22:04.951925: W /samgraph/3rdparty/collcachelib/coll_cache_lib/cache_context.cu:3958] after create ctx, mem is 8.09 GB
[2023-04-14 18:22:04.952033: W /samgraph/3rdparty/collcachelib/coll_cache_lib/cache_context.cu:3958] after create stream, mem is 8.09 GB
/usr/local/lib/python3.8/dist-packages/torch/nn/parallel/scatter_gather.py:9: UserWarning: is_namedtuple is deprecated, please use the python checks instead
  warnings.warn("is_namedtuple is deprecated, please use the python checks instead")
/usr/local/lib/python3.8/dist-packages/torch/nn/parallel/scatter_gather.py:9: UserWarning: is_namedtuple is deprecated, please use the python checks instead
  warnings.warn("is_namedtuple is deprecated, please use the python checks instead")
/usr/local/lib/python3.8/dist-packages/torch/nn/parallel/scatter_gather.py:9: UserWarning: is_namedtuple is deprecated, please use the python checks instead
  warnings.warn("is_namedtuple is deprecated, please use the python checks instead")
/usr/local/lib/python3.8/dist-packages/torch/nn/parallel/scatter_gather.py:9: UserWarning: is_namedtuple is deprecated, please use the python checks instead
  warnings.warn("is_namedtuple is deprecated, please use the python checks instead")
/usr/local/lib/python3.8/dist-packages/torch/nn/parallel/scatter_gather.py:9: UserWarning: is_namedtuple is deprecated, please use the python checks instead
  warnings.warn("is_namedtuple is deprecated, please use the python checks instead")
/usr/local/lib/python3.8/dist-packages/torch/nn/parallel/scatter_gather.py:9: UserWarning: is_namedtuple is deprecated, please use the python checks instead
  warnings.warn("is_namedtuple is deprecated, please use the python checks instead")
/usr/local/lib/python3.8/dist-packages/torch/nn/parallel/scatter_gather.py:9: UserWarning: is_namedtuple is deprecated, please use the python checks instead
  warnings.warn("is_namedtuple is deprecated, please use the python checks instead")
/usr/local/lib/python3.8/dist-packages/torch/nn/parallel/scatter_gather.py:9: UserWarning: is_namedtuple is deprecated, please use the python checks instead
  warnings.warn("is_namedtuple is deprecated, please use the python checks instead")
