succeed=True
[CUDA] cuda: usage: 5.73 GB
0 : local 80, cpu 0 {link #0 : g3 0}, {link #1 : g6 0}, {link #2 : g1 0}, {link #3 : g2 0},
1 : local 80, cpu 0 {link #0 : g7 0}, {link #1 : g2 0}, {link #2 : g3 0}, {link #3 : g0 0},
2 : local 80, cpu 0 {link #0 : g1 0}, {link #1 : g3 0}, {link #2 : g0 0}, {link #3 : g4 0},
3 : local 80, cpu 0 {link #0 : g2 0}, {link #1 : g0 0}, {link #2 : g5 0}, {link #3 : g1 0},
4 : local 80, cpu 0 {link #0 : g5 0}, {link #1 : g7 0}, {link #2 : g2 0}, {link #3 : g6 0},
5 : local 80, cpu 0 {link #0 : g6 0}, {link #1 : g4 0}, {link #2 : g7 0}, {link #3 : g3 0},
6 : local 80, cpu 0 {link #0 : g0 0}, {link #1 : g5 0}, {link #2 : g4 0}, {link #3 : g7 0},
7 : local 80, cpu 0 {link #0 : g4 0}, {link #1 : g1 0}, {link #2 : g6 0}, {link #3 : g5 0},
0 : local 80, cpu 0 {link #0 : g3 0}, {link #1 : g6 0}, {link #2 : g1 0}, {link #3 : g2 0},
1 : local 80, cpu 0 {link #0 : g7 0}, {link #1 : g2 0}, {link #2 : g3 0}, {link #3 : g0 0},
2 : local 80, cpu 0 {link #0 : g1 0}, {link #1 : g3 0}, {link #2 : g0 0}, {link #3 : g4 0},
3 : local 80, cpu 0 {link #0 : g2 0}, {link #1 : g0 0}, {link #2 : g5 0}, {link #3 : g1 0},
4 : local 80, cpu 0 {link #0 : g5 0}, {link #1 : g7 0}, {link #2 : g2 0}, {link #3 : g6 0},
5 : local 80, cpu 0 {link #0 : g6 0}, {link #1 : g4 0}, {link #2 : g7 0}, {link #3 : g3 0},
6 : local 80, cpu 0 {link #0 : g0 0}, {link #1 : g5 0}, {link #2 : g4 0}, {link #3 : g7 0},
7 : local 80, cpu 0 {link #0 : g4 0}, {link #1 : g1 0}, {link #2 : g6 0}, {link #3 : g5 0},
0 : local 80, cpu 0 {link #0 : g3 0}, {link #1 : g6 0}, {link #2 : g1 0}, {link #3 : g2 0},
1 : local 80, cpu 0 {link #0 : g7 0}, {link #1 : g2 0}, {link #2 : g3 0}, {link #3 : g0 0},
2 : local 80, cpu 0 {link #0 : g1 0}, {link #1 : g3 0}, {link #2 : g0 0}, {link #3 : g4 0},
3 : local 80, cpu 0 {link #0 : g2 0}, {link #1 : g0 0}, {link #2 : g5 0}, {link #3 : g1 0},
4 : local 80, cpu 0 {link #0 : g5 0}, {link #1 : g7 0}, {link #2 : g2 0}, {link #3 : g6 0},
5 : local 80, cpu 0 {link #0 : g6 0}, {link #1 : g4 0}, {link #2 : g7 0}, {link #3 : g3 0},
6 : local 80, cpu 0 {link #0 : g0 0}, {link #1 : g5 0}, {link #2 : g4 0}, {link #3 : g7 0},
7 : local 80, cpu 0 {link #0 : g4 0}, {link #1 : g1 0}, {link #2 : g6 0}, {link #3 : g5 0},
0 : local 80, cpu 0 {link #0 : g3 0}, {link #1 : g6 0}, {link #2 : g1 0}, {link #3 : g2 0},
1 : local 80, cpu 0 {link #0 : g7 0}, {link #1 : g2 0}, {link #2 : g3 0}, {link #3 : g0 0},
2 : local 80, cpu 0 {link #0 : g1 0}, {link #1 : g3 0}, {link #2 : g0 0}, {link #3 : g4 0},
3 : local 80, cpu 0 {link #0 : g2 0}, {link #1 : g0 0}, {link #2 : g5 0}, {link #3 : g1 0},
4 : local 80, cpu 0 {link #0 : g5 0}, {link #1 : g7 0}, {link #2 : g2 0}, {link #3 : g6 0},
5 : local 80, cpu 0 {link #0 : g6 0}, {link #1 : g4 0}, {link #2 : g7 0}, {link #3 : g3 0},
6 : local 80, cpu 0 {link #0 : g0 0}, {link #1 : g5 0}, {link #2 : g4 0}, {link #3 : g7 0},
7 : local 80, cpu 0 {link #0 : g4 0}, {link #1 : g1 0}, {link #2 : g6 0}, {link #3 : g5 0},
0 : local 80, cpu 0 {link #0 : g3 0}, {link #1 : g6 0}, {link #2 : g1 0}, {link #3 : g2 0},
1 : local 80, cpu 0 {link #0 : g7 0}, {link #1 : g2 0}, {link #2 : g3 0}, {link #3 : g0 0},
2 : local 80, cpu 0 {link #0 : g1 0}, {link #1 : g3 0}, {link #2 : g0 0}, {link #3 : g4 0},
3 : local 80, cpu 0 {link #0 : g2 0}, {link #1 : g0 0}, {link #2 : g5 0}, {link #3 : g1 0},
4 : local 80, cpu 0 {link #0 : g5 0}, {link #1 : g7 0}, {link #2 : g2 0}, {link #3 : g6 0},
5 : local 80, cpu 0 {link #0 : g6 0}, {link #1 : g4 0}, {link #2 : g7 0}, {link #3 : g3 0},
6 : local 80, cpu 0 {link #0 : g0 0}, {link #1 : g5 0}, {link #2 : g4 0}, {link #3 : g7 0},
7 : local 80, cpu 0 {link #0 : g4 0}, {link #1 : g1 0}, {link #2 : g6 0}, {link #3 : g5 0},
0 : local 80, cpu 0 {link #0 : g3 0}, {link #1 : g6 0}, {link #2 : g1 0}, {link #3 : g2 0},
1 : local 80, cpu 0 {link #0 : g7 0}, {link #1 : g2 0}, {link #2 : g3 0}, {link #3 : g0 0},
2 : local 80, cpu 0 {link #0 : g1 0}, {link #1 : g3 0}, {link #2 : g0 0}, {link #3 : g4 0},
3 : local 80, cpu 0 {link #0 : g2 0}, {link #1 : g0 0}, {link #2 : g5 0}, {link #3 : g1 0},
4 : local 80, cpu 0 {link #0 : g5 0}, {link #1 : g7 0}, {link #2 : g2 0}, {link #3 : g6 0},
5 : local 80, cpu 0 {link #0 : g6 0}, {link #1 : g4 0}, {link #2 : g7 0}, {link #3 : g3 0},
6 : local 80, cpu 0 {link #0 : g0 0}, {link #1 : g5 0}, {link #2 : g4 0}, {link #3 : g7 0},
7 : local 80, cpu 0 {link #0 : g4 0}, {link #1 : g1 0}, {link #2 : g6 0}, {link #3 : g5 0},
0 : local 80, cpu 0 {link #0 : g3 0}, {link #1 : g6 0}, {link #2 : g1 0}, {link #3 : g2 0},
1 : local 80, cpu 0 {link #0 : g7 0}, {link #1 : g2 0}, {link #2 : g3 0}, {link #3 : g0 0},
2 : local 80, cpu 0 {link #0 : g1 0}, {link #1 : g3 0}, {link #2 : g0 0}, {link #3 : g4 0},
3 : local 80, cpu 0 {link #0 : g2 0}, {link #1 : g0 0}, {link #2 : g5 0}, {link #3 : g1 0},
4 : local 80, cpu 0 {link #0 : g5 0}, {link #1 : g7 0}, {link #2 : g2 0}, {link #3 : g6 0},
5 : local 80, cpu 0 {link #0 : g6 0}, {link #1 : g4 0}, {link #2 : g7 0}, {link #3 : g3 0},
6 : local 80, cpu 0 {link #0 : g0 0}, {link #1 : g5 0}, {link #2 : g4 0}, {link #3 : g7 0},
7 : local 80, cpu 0 {link #0 : g4 0}, {link #1 : g1 0}, {link #2 : g6 0}, {link #3 : g5 0},
0 : local 80, cpu 0 {link #0 : g3 0}, {link #1 : g6 0}, {link #2 : g1 0}, {link #3 : g2 0},
1 : local 80, cpu 0 {link #0 : g7 0}, {link #1 : g2 0}, {link #2 : g3 0}, {link #3 : g0 0},
2 : local 80, cpu 0 {link #0 : g1 0}, {link #1 : g3 0}, {link #2 : g0 0}, {link #3 : g4 0},
3 : local 80, cpu 0 {link #0 : g2 0}, {link #1 : g0 0}, {link #2 : g5 0}, {link #3 : g1 0},
4 : local 80, cpu 0 {link #0 : g5 0}, {link #1 : g7 0}, {link #2 : g2 0}, {link #3 : g6 0},
5 : local 80, cpu 0 {link #0 : g6 0}, {link #1 : g4 0}, {link #2 : g7 0}, {link #3 : g3 0},
6 : local 80, cpu 0 {link #0 : g0 0}, {link #1 : g5 0}, {link #2 : g4 0}, {link #3 : g7 0},
7 : local 80, cpu 0 {link #0 : g4 0}, {link #1 : g1 0}, {link #2 : g6 0}, {link #3 : g5 0},
Set parameter WLSAccessID
Set parameter WLSSecret
Set parameter LicenseID
Set parameter TimeLimit to value 200
Set parameter MIPGap to value 0.05
Set parameter ScaleFlag to value 1
Set parameter DegenMoves to value 2
Set parameter Cuts to value 2
Set parameter LogFile to value "cppsolver.log"
Set parameter Threads to value 48
Academic license - for non-commercial use only - registered to xiaoniu.sxn@sjtu.edu.cn
Gurobi Optimizer version 9.5.2 build v9.5.2rc0 (linux64)
Thread count: 48 physical cores, 96 logical processors, using up to 48 threads
Academic license - for non-commercial use only - registered to xiaoniu.sxn@sjtu.edu.cn
Optimize a model with 131000 rows, 20345 columns and 305592 nonzeros
Model fingerprint: 0x530708a0
Variable types: 9 continuous, 20336 integer (20336 binary)
Coefficient statistics:
  Matrix range     [5e-09, 1e+04]
  Objective range  [1e+00, 1e+00]
  Bounds range     [1e+00, 1e+00]
  RHS range        [1e+00, 2e+04]
Warning: Model contains large matrix coefficient range
         Consider reformulating model or setting NumericFocus parameter
         to avoid numerical issues.
Presolve removed 111111 rows and 0 columns
Presolve time: 0.27s
Presolved: 19889 rows, 20345 columns, 79713 nonzeros
Variable types: 9 continuous, 20336 integer (20336 binary)
Found heuristic solution: objective 388137.88040
Found heuristic solution: objective 168784.75989

Root simplex log...

Iteration    Objective       Primal Inf.    Dual Inf.      Time
   26195    2.7996286e+04   7.943404e+03   0.000000e+00      5s
   38389    2.8794590e+04   0.000000e+00   0.000000e+00     10s

Root relaxation: objective 2.879459e+04, 38389 iterations, 9.29 seconds (10.17 work units)

    Nodes    |    Current Node    |     Objective Bounds      |     Work
 Expl Unexpl |  Obj  Depth IntInf | Incumbent    BestBd   Gap | It/Node Time

     0     0 28794.5902    0 9105 168784.760 28794.5902  82.9%     -    9s
H    0     0                    156309.98920 28794.5902  81.6%     -   16s
H    0     0                    154516.57737 28794.5902  81.4%     -   16s
H    0     0                    135539.28508 29852.3867  78.0%     -   23s
H    0     0                    131705.91747 29852.3867  77.3%     -   23s
H    0     0                    131355.06894 29852.3867  77.3%     -   24s
     0     0 30353.3891    0 7316 131355.069 30353.3891  76.9%     -   26s
H    0     0                    103160.32619 30353.3891  70.6%     -   28s
     0     0 30353.3891    0 7493 103160.326 30353.3891  70.6%     -   30s
     0     0 30975.0407    0 7673 103160.326 30975.0407  70.0%     -   33s
     0     0 31516.8417    0 7975 103160.326 31516.8417  69.4%     -   36s
     0     0 32170.8859    0 8436 103160.326 32170.8859  68.8%     -   42s
     0     0 32170.8859    0 8612 103160.326 32170.8859  68.8%     -   44s
     0     0 32170.8859    0 8749 103160.326 32170.8859  68.8%     -   45s
     0     0 32170.8859    0 8687 103160.326 32170.8859  68.8%     -   46s
     0     0 32170.8859    0 8687 103160.326 32170.8859  68.8%     -   46s
     0     0 32170.8860    0 8689 103160.326 32170.8860  68.8%     -   46s
     0     0 32170.8860    0 8689 103160.326 32170.8860  68.8%     -   46s
H    0     0                    72823.751163 34250.3221  53.0%     -   85s
H    0     0                    69869.118736 34250.3221  51.0%     -   85s
H    0     0                    62971.724518 34250.3221  45.6%     -   85s
H    0     0                    58644.338701 34250.3221  41.6%     -   86s
H    0     0                    55208.473145 34250.3221  38.0%     -   86s
H    0     0                    52992.183588 34250.3221  35.4%     -   86s
H    0     0                    52253.139247 34250.3221  34.5%     -   86s
H    0     0                    51457.174412 34250.3221  33.4%     -   86s
H    0     0                    49297.738609 34250.3221  30.5%     -   86s
H    0     0                    46262.092485 34250.3221  26.0%     -   86s
H    0     0                    43040.408427 34250.3221  20.4%     -   86s
     0     0 34250.3221    0 3660 43040.4084 34250.3221  20.4%     -   86s
     0     0 35143.9877    0 1898 43040.4084 35143.9877  18.3%     -   91s
     0     0 35417.1602    0 1823 43040.4084 35417.1602  17.7%     -   94s
     0     0 35419.8659    0 1769 43040.4084 35419.8659  17.7%     -   95s
H    0     0                    42688.420366 36293.2996  15.0%     -  100s
     0     0 36293.2996    0  870 42688.4204 36293.2996  15.0%     -  100s
H    0     0                    40580.057627 36293.2996  10.6%     -  107s
H    0     0                    40234.311944 36293.2996  9.80%     -  107s
H    0     0                    39972.022476 36398.0216  8.94%     -  108s
     0     0 36398.0216    0  253 39972.0225 36398.0216  8.94%     -  108s
H    0     0                    39492.853312 36398.0216  7.84%     -  108s
     0     0 36402.1709    0  196 39492.8533 36402.1709  7.83%     -  112s
H    0     0                    37668.672100 36402.1709  3.36%     -  113s

Cutting planes:
  Gomory: 72
  Lift-and-project: 294
  Cover: 2
  MIR: 3
  Flow cover: 3
  Zero half: 4710

Explored 1 nodes (166991 simplex iterations) in 113.87 seconds (108.70 work units)
Thread count was 48 (of 96 available processors)

Solution count 10: 37668.7 39492.9 39972 ... 51457.2

Optimal solution found (tolerance 5.00e-02)
Best objective 3.766867209958e+04, best bound 3.640217089014e+04, gap 3.3622%
coll_cache:optimal_local_rate=0.253675,0.252271,0.233023,0.261011,0.246103,0.259744,0.234523,0.245429,
coll_cache:optimal_remote_rate=0.71852,0.719924,0.739172,0.711184,0.726092,0.712451,0.737672,0.726766,
coll_cache:optimal_cpu_rate=0.027805,0.027805,0.027805,0.027805,0.027805,0.027805,0.027805,0.027805,
z=37668.7
test_result:init:feat_nbytes=56862697472
test_result:init:cache_nbytes=9154893824
test_result:init:feat_nbytes=56862697472
test_result:init:cache_nbytes=9154893824
test_result:init:feat_nbytes=56862697472
test_result:init:cache_nbytes=9154893824
test_result:init:feat_nbytes=56862697472
test_result:init:cache_nbytes=9154893824
test_result:init:feat_nbytes=56862697472
test_result:init:cache_nbytes=9154893824
test_result:init:feat_nbytes=56862697472
test_result:init:cache_nbytes=9154893824
test_result:init:feat_nbytes=56862697472
test_result:init:cache_nbytes=9154893824
test_result:init:feat_nbytes=56862697472
test_result:init:cache_nbytes=9154893824
    [Step(average) Profiler Level 1 E3 S999]
        L1  sample           0.014576 | send           0.000000
        L1  recv             0.000000 | copy           0.039388 | convert time 0.000000 | train  0.024338
        L1  feature nbytes    2.03 GB | label nbytes 0.00 Bytes
        L1  id nbytes      0.00 Bytes | graph nbytes 0.00 Bytes
        L1  miss nbytes    0.00 Bytes | remote nbytes 0.00 Bytes
        L1  num nodes               0 | num samples           0
        L1  seq duration     0.000000 | refresh duration   0.000000
    [Step(average) Profiler Level 2 E3 S999]
        L2  shuffle     0.000000 | core sample  0.000000 | id remap        0.000000
        L2  graph copy  0.000000 | id copy      0.000000 | cache feat copy 0.039388
        L2  last layer sample time 0.000000 | size 0.000000
    [Step(average) Profiler Level 3 E3 S999]
        L3  khop sample coo  0.000000 | khop sort coo      0.000000 | khop count edge     0.000000 | khop compact edge 0.000000
        L3  walk sample coo  0.000000 | walk topk total    0.000000 | walk topk step1     0.000000 | walk topk step2   0.000000
        L3  walk topk step3  0.000000 | walk topk step4    0.000000 | walk topk step5     0.000000
        L3  walk topk step6  0.000000 | walk topk step7    0.000000
        L3  remap unique     0.000000 | remap populate     0.000000 | remap mapnode       0.000000 | remap mapedge     0.000000
        L3  cache get_index  0.003550 | cache copy_index   0.000000 | cache extract_miss  0.000000
        L3  cache copy_miss  0.000000 | cache combine_miss 0.000000 | cache combine cache 0.035779 | cache combine remote 0.000000
        L3  label extract  0.000000
    [Profiler Level Percentiles E3 S999]
        p50.00_tail_logl2featcopy=0.039568
        p90.00_tail_logl2featcopy=0.040766
        p95.00_tail_logl2featcopy=0.040986
        p99.00_tail_logl2featcopy=0.041274
        p99.90_tail_logl2featcopy=0.058966
[CUDA] cuda: usage: 22.04 GB
Rank=5, Graph loaded.
!!!!dist_homo_graph enumerate latency per epoch: 0.007514, per step: 0.000060
presamping
presamping takes 39.51653456687927
Rank=6, Graph loaded.
!!!!dist_homo_graph enumerate latency per epoch: 0.007968, per step: 0.000064
presamping
presamping takes 37.90533924102783
Rank=7, Graph loaded.
!!!!dist_homo_graph enumerate latency per epoch: 0.007024, per step: 0.000056
presamping
presamping takes 36.99328541755676
creating_intra_node_communicator root=4, local_size=4, world_size=8
Rank=4, Graph loaded.
!!!!dist_homo_graph enumerate latency per epoch: 0.011103, per step: 0.000089
presamping
presamping takes 38.56140327453613
Rank=3, Graph loaded.
!!!!dist_homo_graph enumerate latency per epoch: 0.021189, per step: 0.000170
presamping
presamping takes 39.363128423690796
config:eval_tsp="2023-04-15 00:04:08"
config:num_worker=8
config:num_intra_size=4
config:root_dir=/nvme/songxiaoniu/graph-learning/wholegraph
config:graph_name=ogbn-papers100M
config:epochs=4
config:batchsize=8000
config:skip_epoch=2
config:local_step=125
config:presc_epoch=2
config:neighbors=10,25
config:hiddensize=256
config:num_layer=2
config:model=sage
config:framework=dgl
config:dataloaderworkers=0
config:dropout=0.5
config:lr=0.003
config:use_nccl=False
config:use_amp=True
config:use_collcache=True
config:cache_percentage=0.16
config:cache_policy=coll_cache_asymm_link
config:omp_thread_num=48
config:unsupervised=True
config:classnum=172
config:global_barrier=<multiprocessing.synchronize.Barrier object at 0x7f6421e72400>
config:worker_id=0
creating_intra_node_communicator root=0, local_size=4, world_size=8
Rank=0, Graph loaded.
!!!!dist_homo_graph enumerate latency per epoch: 0.007196, per step: 0.000058
epoch=4 total_steps=500
presamping
presamping takes 37.260838747024536
start training...
[Epoch 0], time=11.298811912536621, loss=0.6931472420692444
[Epoch 1], time=9.795976400375366, loss=0.6931472420692444
[Epoch 2], time=9.801019430160522, loss=0.6931472420692444
[Epoch 3], time=9.7930269241333, loss=0.6931472420692444
|===========================================================================|
|                  PyTorch CUDA memory summary, device ID 0                 |
|---------------------------------------------------------------------------|
|            CUDA OOMs: 0            |        cudaMalloc retries: 0         |
|===========================================================================|
|        Metric         | Cur Usage  | Peak Usage | Tot Alloc  | Tot Freed  |
|---------------------------------------------------------------------------|
| Allocated memory      |  271076 KB |    1502 MB |    2337 GB |    2337 GB |
|       from large pool |  257923 KB |    1490 MB |    2323 GB |    2322 GB |
|       from small pool |   13153 KB |      18 MB |      14 GB |      14 GB |
|---------------------------------------------------------------------------|
| Active memory         |  271076 KB |    1502 MB |    2337 GB |    2337 GB |
|       from large pool |  257923 KB |    1490 MB |    2323 GB |    2322 GB |
|       from small pool |   13153 KB |      18 MB |      14 GB |      14 GB |
|---------------------------------------------------------------------------|
| GPU reserved memory   |    3946 MB |    3946 MB |    3946 MB |       0 B  |
|       from large pool |    3920 MB |    3920 MB |    3920 MB |       0 B  |
|       from small pool |      26 MB |      26 MB |      26 MB |       0 B  |
|---------------------------------------------------------------------------|
| Non-releasable memory |   72987 KB |    1179 MB |    2044 GB |    2044 GB |
|       from large pool |   63613 KB |    1169 MB |    2029 GB |    2029 GB |
|       from small pool |    9374 KB |      14 MB |      15 GB |      15 GB |
|---------------------------------------------------------------------------|
| Allocations           |      58    |      74    |  102464    |  102406    |
|       from large pool |      13    |      24    |   38798    |   38785    |
|       from small pool |      45    |      54    |   63666    |   63621    |
|---------------------------------------------------------------------------|
| Active allocs         |      58    |      74    |  102464    |  102406    |
|       from large pool |      13    |      24    |   38798    |   38785    |
|       from small pool |      45    |      54    |   63666    |   63621    |
|---------------------------------------------------------------------------|
| GPU reserved segments |      36    |      36    |      36    |       0    |
|       from large pool |      23    |      23    |      23    |       0    |
|       from small pool |      13    |      13    |      13    |       0    |
|---------------------------------------------------------------------------|
| Non-releasable allocs |      28    |      46    |   37945    |   37917    |
|       from large pool |       8    |      19    |   21529    |   21521    |
|       from small pool |      20    |      32    |   16416    |   16396    |
|---------------------------------------------------------------------------|
| Oversize allocations  |       0    |       0    |       0    |       0    |
|---------------------------------------------------------------------------|
| Oversize GPU segments |       0    |       0    |       0    |       0    |
|===========================================================================|

[TRAIN_TIME] train time is 40.690629 seconds
[EPOCH_TIME] 10.172657 seconds, maybe large due to not enough epoch skipped.
[EPOCH_TIME] 9.797379 seconds
Rank=1, Graph loaded.
!!!!dist_homo_graph enumerate latency per epoch: 0.021213, per step: 0.000170
presamping
presamping takes 39.813520193099976
Rank=2, Graph loaded.
!!!!dist_homo_graph enumerate latency per epoch: 0.010359, per step: 0.000083
presamping
presamping takes 39.3054256439209

