/usr/lib/python3/dist-packages/requests/__init__.py:89: RequestsDependencyWarning: urllib3 (1.26.12) or chardet (3.0.4) doesn't match a supported version!
  warnings.warn("urllib3 ({}) or chardet ({}) doesn't match a supported "
[W socket.cpp:601] [c10d] The client socket has failed to connect to [localhost]:12335 (errno: 99 - Cannot assign requested address).
[W socket.cpp:601] [c10d] The client socket has failed to connect to [localhost]:12335 (errno: 99 - Cannot assign requested address).
Rank=1 done reading 27764990 embedding vectors from file /nvme/songxiaoniu/graph-learning/wholegraph/ogbn_papers100M/converted/homograph_csr_row_ptr
Rank=0 done reading 27764990 embedding vectors from file /nvme/songxiaoniu/graph-learning/wholegraph/ogbn_papers100M/converted/homograph_csr_row_ptr
Rank=3 done reading 27764987 embedding vectors from file /nvme/songxiaoniu/graph-learning/wholegraph/ogbn_papers100M/converted/homograph_csr_row_ptr
Rank=2 done reading 27764990 embedding vectors from file /nvme/songxiaoniu/graph-learning/wholegraph/ogbn_papers100M/converted/homograph_csr_row_ptr
Rank=1 done reading 27764990 embedding vectors from file /nvme/songxiaoniu/graph-learning/wholegraph/ogbn_papers100M/converted/homograph_csr_row_ptr
Rank=0 done reading 27764990 embedding vectors from file /nvme/songxiaoniu/graph-learning/wholegraph/ogbn_papers100M/converted/homograph_csr_row_ptr
Rank=2 done reading 27764990 embedding vectors from file /nvme/songxiaoniu/graph-learning/wholegraph/ogbn_papers100M/converted/homograph_csr_row_ptr
Rank=3 done reading 27764987 embedding vectors from file /nvme/songxiaoniu/graph-learning/wholegraph/ogbn_papers100M/converted/homograph_csr_row_ptr
Rank=1 done reading 807031178 embedding vectors from file /nvme/songxiaoniu/graph-learning/wholegraph/ogbn_papers100M/converted/homograph_csr_col_idx
Rank=0 done reading 807031178 embedding vectors from file /nvme/songxiaoniu/graph-learning/wholegraph/ogbn_papers100M/converted/homograph_csr_col_idx
Rank=2 done reading 807031178 embedding vectors from file /nvme/songxiaoniu/graph-learning/wholegraph/ogbn_papers100M/converted/homograph_csr_col_idx
Rank=3 done reading 807031178 embedding vectors from file /nvme/songxiaoniu/graph-learning/wholegraph/ogbn_papers100M/converted/homograph_csr_col_idx
Rank=3 done reading 807031178 embedding vectors from file /nvme/songxiaoniu/graph-learning/wholegraph/ogbn_papers100M/converted/homograph_csr_col_idx
Rank=2 done reading 807031178 embedding vectors from file /nvme/songxiaoniu/graph-learning/wholegraph/ogbn_papers100M/converted/homograph_csr_col_idx
Rank=1 done reading 807031178 embedding vectors from file /nvme/songxiaoniu/graph-learning/wholegraph/ogbn_papers100M/converted/homograph_csr_col_idx
Rank=0 done reading 807031178 embedding vectors from file /nvme/songxiaoniu/graph-learning/wholegraph/ogbn_papers100M/converted/homograph_csr_col_idx
[2023-04-14 18:50:44.518830: E /samgraph/3rdparty/collcachelib/coll_cache_lib/freq_recorder.cc:337] bulk append 6390917 into 0
[2023-04-14 18:50:44.549917: E /samgraph/3rdparty/collcachelib/coll_cache_lib/freq_recorder.cc:347] bulk append 28208923
[2023-04-14 18:50:44.551597: E /samgraph/3rdparty/collcachelib/coll_cache_lib/freq_recorder.cc:337] bulk append 6394303 into 6390917
[2023-04-14 18:50:44.582620: E /samgraph/3rdparty/collcachelib/coll_cache_lib/freq_recorder.cc:347] bulk append 28247420
[2023-04-14 18:50:44.584295: E /samgraph/3rdparty/collcachelib/coll_cache_lib/freq_recorder.cc:337] bulk append 6390773 into 12785220
[2023-04-14 18:50:44.615335: E /samgraph/3rdparty/collcachelib/coll_cache_lib/freq_recorder.cc:347] bulk append 28224820
[2023-04-14 18:50:44.617009: E /samgraph/3rdparty/collcachelib/coll_cache_lib/freq_recorder.cc:337] bulk append 6396009 into 19175993
[2023-04-14 18:50:44.648045: E /samgraph/3rdparty/collcachelib/coll_cache_lib/freq_recorder.cc:347] bulk append 28247666
[2023-04-14 18:50:44.649727: E /samgraph/3rdparty/collcachelib/coll_cache_lib/freq_recorder.cc:337] bulk append 6389935 into 25572002
[2023-04-14 18:50:44.680694: E /samgraph/3rdparty/collcachelib/coll_cache_lib/freq_recorder.cc:347] bulk append 28222959
[2023-04-14 18:50:44.682395: E /samgraph/3rdparty/collcachelib/coll_cache_lib/freq_recorder.cc:337] bulk append 6396662 into 31961937
[2023-04-14 18:50:44.713431: E /samgraph/3rdparty/collcachelib/coll_cache_lib/freq_recorder.cc:347] bulk append 28245603
[2023-04-14 18:50:44.715104: E /samgraph/3rdparty/collcachelib/coll_cache_lib/freq_recorder.cc:337] bulk append 6389915 into 38358599
[2023-04-14 18:50:44.746095: E /samgraph/3rdparty/collcachelib/coll_cache_lib/freq_recorder.cc:347] bulk append 28243970
[2023-04-14 18:50:44.747769: E /samgraph/3rdparty/collcachelib/coll_cache_lib/freq_recorder.cc:337] bulk append 6397200 into 44748514
[2023-04-14 18:50:44.778789: E /samgraph/3rdparty/collcachelib/coll_cache_lib/freq_recorder.cc:347] bulk append 28246236
[2023-04-14 18:50:44.780463: E /samgraph/3rdparty/collcachelib/coll_cache_lib/freq_recorder.cc:337] bulk append 6390408 into 51145714
[2023-04-14 18:50:44.811436: E /samgraph/3rdparty/collcachelib/coll_cache_lib/freq_recorder.cc:347] bulk append 28202346
[2023-04-14 18:50:44.813115: E /samgraph/3rdparty/collcachelib/coll_cache_lib/freq_recorder.cc:337] bulk append 6395844 into 57536122
[2023-04-14 18:50:44.844206: E /samgraph/3rdparty/collcachelib/coll_cache_lib/freq_recorder.cc:347] bulk append 28229594
[2023-04-14 18:50:44.862432: E /samgraph/3rdparty/collcachelib/coll_cache_lib/freq_recorder.cc:337] bulk append 6192381 into 63931966
[2023-04-14 18:50:44.892788: E /samgraph/3rdparty/collcachelib/coll_cache_lib/freq_recorder.cc:347] bulk append 29570285
[2023-04-14 18:50:44.894499: E /samgraph/3rdparty/collcachelib/coll_cache_lib/freq_recorder.cc:337] bulk append 6194786 into 70124347
[2023-04-14 18:50:44.924804: E /samgraph/3rdparty/collcachelib/coll_cache_lib/freq_recorder.cc:347] bulk append 29625558
[2023-04-14 18:50:44.926511: E /samgraph/3rdparty/collcachelib/coll_cache_lib/freq_recorder.cc:337] bulk append 6191487 into 76319133
[2023-04-14 18:50:44.957088: E /samgraph/3rdparty/collcachelib/coll_cache_lib/freq_recorder.cc:347] bulk append 29600284
[2023-04-14 18:50:44.958783: E /samgraph/3rdparty/collcachelib/coll_cache_lib/freq_recorder.cc:337] bulk append 6196953 into 82510620
[2023-04-14 18:50:44.989343: E /samgraph/3rdparty/collcachelib/coll_cache_lib/freq_recorder.cc:347] bulk append 29630433
[2023-04-14 18:50:44.991048: E /samgraph/3rdparty/collcachelib/coll_cache_lib/freq_recorder.cc:337] bulk append 6194385 into 88707573
[2023-04-14 18:50:45. 21366: E /samgraph/3rdparty/collcachelib/coll_cache_lib/freq_recorder.cc:347] bulk append 29582696
[2023-04-14 18:50:45. 23067: E /samgraph/3rdparty/collcachelib/coll_cache_lib/freq_recorder.cc:337] bulk append 6199206 into 94901958
[2023-04-14 18:50:45. 53393: E /samgraph/3rdparty/collcachelib/coll_cache_lib/freq_recorder.cc:347] bulk append 29617520
[2023-04-14 18:50:45. 55094: E /samgraph/3rdparty/collcachelib/coll_cache_lib/freq_recorder.cc:337] bulk append 6190362 into 101101164
[2023-04-14 18:50:45. 85366: E /samgraph/3rdparty/collcachelib/coll_cache_lib/freq_recorder.cc:347] bulk append 29593061
[2023-04-14 18:50:45. 89843: E /samgraph/3rdparty/collcachelib/coll_cache_lib/freq_recorder.cc:337] bulk append 6198354 into 107291526
[2023-04-14 18:50:45.120389: E /samgraph/3rdparty/collcachelib/coll_cache_lib/freq_recorder.cc:347] bulk append 29614781
[2023-04-14 18:50:45.122103: E /samgraph/3rdparty/collcachelib/coll_cache_lib/freq_recorder.cc:337] bulk append 6191555 into 113489880
[2023-04-14 18:50:45.152627: E /samgraph/3rdparty/collcachelib/coll_cache_lib/freq_recorder.cc:347] bulk append 29574613
[2023-04-14 18:50:45.154333: E /samgraph/3rdparty/collcachelib/coll_cache_lib/freq_recorder.cc:337] bulk append 6197482 into 119681435
[2023-04-14 18:50:45.184713: E /samgraph/3rdparty/collcachelib/coll_cache_lib/freq_recorder.cc:347] bulk append 29624843
[2023-04-14 18:50:45.186424: E /samgraph/3rdparty/collcachelib/coll_cache_lib/freq_recorder.cc:337] bulk append 6051876 into 125878917
[2023-04-14 18:50:45.215998: E /samgraph/3rdparty/collcachelib/coll_cache_lib/freq_recorder.cc:347] bulk append 29630171
[2023-04-14 18:50:45.217773: E /samgraph/3rdparty/collcachelib/coll_cache_lib/freq_recorder.cc:337] bulk append 6058689 into 131930793
[2023-04-14 18:50:45.247411: E /samgraph/3rdparty/collcachelib/coll_cache_lib/freq_recorder.cc:347] bulk append 29680176
[2023-04-14 18:50:45.249118: E /samgraph/3rdparty/collcachelib/coll_cache_lib/freq_recorder.cc:337] bulk append 6051816 into 137989482
[2023-04-14 18:50:45.278719: E /samgraph/3rdparty/collcachelib/coll_cache_lib/freq_recorder.cc:347] bulk append 29652940
[2023-04-14 18:50:45.280410: E /samgraph/3rdparty/collcachelib/coll_cache_lib/freq_recorder.cc:337] bulk append 6060200 into 144041298
[2023-04-14 18:50:45.310225: E /samgraph/3rdparty/collcachelib/coll_cache_lib/freq_recorder.cc:347] bulk append 29686433
[2023-04-14 18:50:45.311913: E /samgraph/3rdparty/collcachelib/coll_cache_lib/freq_recorder.cc:337] bulk append 6053119 into 150101498
[2023-04-14 18:50:45.341517: E /samgraph/3rdparty/collcachelib/coll_cache_lib/freq_recorder.cc:347] bulk append 29625952
[2023-04-14 18:50:45.343197: E /samgraph/3rdparty/collcachelib/coll_cache_lib/freq_recorder.cc:337] bulk append 6057744 into 156154617
[2023-04-14 18:50:45.373021: E /samgraph/3rdparty/collcachelib/coll_cache_lib/freq_recorder.cc:347] bulk append 29677798
[2023-04-14 18:50:45.374712: E /samgraph/3rdparty/collcachelib/coll_cache_lib/freq_recorder.cc:337] bulk append 6052320 into 162212361
[2023-04-14 18:50:45.404487: E /samgraph/3rdparty/collcachelib/coll_cache_lib/freq_recorder.cc:347] bulk append 29648153
[2023-04-14 18:50:45.406194: E /samgraph/3rdparty/collcachelib/coll_cache_lib/freq_recorder.cc:337] bulk append 6056804 into 168264681
[2023-04-14 18:50:45.436011: E /samgraph/3rdparty/collcachelib/coll_cache_lib/freq_recorder.cc:347] bulk append 29660795
[2023-04-14 18:50:45.437712: E /samgraph/3rdparty/collcachelib/coll_cache_lib/freq_recorder.cc:337] bulk append 6052862 into 174321485
[2023-04-14 18:50:45.467238: E /samgraph/3rdparty/collcachelib/coll_cache_lib/freq_recorder.cc:347] bulk append 29617942
[2023-04-14 18:50:45.468932: E /samgraph/3rdparty/collcachelib/coll_cache_lib/freq_recorder.cc:337] bulk append 6057109 into 180374347
[2023-04-14 18:50:45.498459: E /samgraph/3rdparty/collcachelib/coll_cache_lib/freq_recorder.cc:347] bulk append 29668132
[2023-04-14 18:50:45.500159: E /samgraph/3rdparty/collcachelib/coll_cache_lib/freq_recorder.cc:337] bulk append 6048336 into 186431456
[2023-04-14 18:50:45.529929: E /samgraph/3rdparty/collcachelib/coll_cache_lib/freq_recorder.cc:347] bulk append 29633529
[2023-04-14 18:50:45.531636: E /samgraph/3rdparty/collcachelib/coll_cache_lib/freq_recorder.cc:337] bulk append 6054293 into 192479792
[2023-04-14 18:50:45.561437: E /samgraph/3rdparty/collcachelib/coll_cache_lib/freq_recorder.cc:347] bulk append 29694536
[2023-04-14 18:50:45.563119: E /samgraph/3rdparty/collcachelib/coll_cache_lib/freq_recorder.cc:337] bulk append 6049994 into 198534085
[2023-04-14 18:50:45.592992: E /samgraph/3rdparty/collcachelib/coll_cache_lib/freq_recorder.cc:347] bulk append 29684310
[2023-04-14 18:50:45.594681: E /samgraph/3rdparty/collcachelib/coll_cache_lib/freq_recorder.cc:337] bulk append 6054720 into 204584079
[2023-04-14 18:50:45.624427: E /samgraph/3rdparty/collcachelib/coll_cache_lib/freq_recorder.cc:347] bulk append 29694714
[2023-04-14 18:50:45.626114: E /samgraph/3rdparty/collcachelib/coll_cache_lib/freq_recorder.cc:337] bulk append 6048446 into 210638799
[2023-04-14 18:50:45.655802: E /samgraph/3rdparty/collcachelib/coll_cache_lib/freq_recorder.cc:347] bulk append 29637186
[2023-04-14 18:50:45.657489: E /samgraph/3rdparty/collcachelib/coll_cache_lib/freq_recorder.cc:337] bulk append 6058154 into 216687245
[2023-04-14 18:50:45.687207: E /samgraph/3rdparty/collcachelib/coll_cache_lib/freq_recorder.cc:347] bulk append 29697724
[2023-04-14 18:50:45.688869: E /samgraph/3rdparty/collcachelib/coll_cache_lib/freq_recorder.cc:337] bulk append 6048225 into 222745399
[2023-04-14 18:50:45.718546: E /samgraph/3rdparty/collcachelib/coll_cache_lib/freq_recorder.cc:347] bulk append 29652478
[2023-04-14 18:50:45.720216: E /samgraph/3rdparty/collcachelib/coll_cache_lib/freq_recorder.cc:337] bulk append 6054673 into 228793624
[2023-04-14 18:50:45.749925: E /samgraph/3rdparty/collcachelib/coll_cache_lib/freq_recorder.cc:347] bulk append 29672630
[2023-04-14 18:50:45.751578: E /samgraph/3rdparty/collcachelib/coll_cache_lib/freq_recorder.cc:337] bulk append 6048072 into 234848297
[2023-04-14 18:50:45.781316: E /samgraph/3rdparty/collcachelib/coll_cache_lib/freq_recorder.cc:347] bulk append 29629145
[2023-04-14 18:50:45.782982: E /samgraph/3rdparty/collcachelib/coll_cache_lib/freq_recorder.cc:337] bulk append 6052754 into 240896369
[2023-04-14 18:50:45.812650: E /samgraph/3rdparty/collcachelib/coll_cache_lib/freq_recorder.cc:347] bulk append 29675757
[2023-04-14 18:50:45.814321: E /samgraph/3rdparty/collcachelib/coll_cache_lib/freq_recorder.cc:337] bulk append 6108008 into 246949123
[2023-04-14 18:50:45.844045: E /samgraph/3rdparty/collcachelib/coll_cache_lib/freq_recorder.cc:347] bulk append 29794945
[2023-04-14 18:50:45.845721: E /samgraph/3rdparty/collcachelib/coll_cache_lib/freq_recorder.cc:337] bulk append 6112822 into 253057131
[2023-04-14 18:50:45.875675: E /samgraph/3rdparty/collcachelib/coll_cache_lib/freq_recorder.cc:347] bulk append 29859164
[2023-04-14 18:50:45.877352: E /samgraph/3rdparty/collcachelib/coll_cache_lib/freq_recorder.cc:337] bulk append 6106333 into 259169953
[2023-04-14 18:50:45.907026: E /samgraph/3rdparty/collcachelib/coll_cache_lib/freq_recorder.cc:347] bulk append 29840878
[2023-04-14 18:50:45.908680: E /samgraph/3rdparty/collcachelib/coll_cache_lib/freq_recorder.cc:337] bulk append 6112846 into 265276286
[2023-04-14 18:50:45.938636: E /samgraph/3rdparty/collcachelib/coll_cache_lib/freq_recorder.cc:347] bulk append 29858619
[2023-04-14 18:50:45.940303: E /samgraph/3rdparty/collcachelib/coll_cache_lib/freq_recorder.cc:337] bulk append 6107590 into 271389132
[2023-04-14 18:50:45.969983: E /samgraph/3rdparty/collcachelib/coll_cache_lib/freq_recorder.cc:347] bulk append 29801093
[2023-04-14 18:50:45.971633: E /samgraph/3rdparty/collcachelib/coll_cache_lib/freq_recorder.cc:337] bulk append 6114981 into 277496722
[2023-04-14 18:50:46.  1589: E /samgraph/3rdparty/collcachelib/coll_cache_lib/freq_recorder.cc:347] bulk append 29855664
[2023-04-14 18:50:46.  3260: E /samgraph/3rdparty/collcachelib/coll_cache_lib/freq_recorder.cc:337] bulk append 6107199 into 283611703
[2023-04-14 18:50:46. 32907: E /samgraph/3rdparty/collcachelib/coll_cache_lib/freq_recorder.cc:347] bulk append 29829312
[2023-04-14 18:50:46. 34558: E /samgraph/3rdparty/collcachelib/coll_cache_lib/freq_recorder.cc:337] bulk append 6114244 into 289718902
[2023-04-14 18:50:46. 64267: E /samgraph/3rdparty/collcachelib/coll_cache_lib/freq_recorder.cc:347] bulk append 29839426
[2023-04-14 18:50:46. 65935: E /samgraph/3rdparty/collcachelib/coll_cache_lib/freq_recorder.cc:337] bulk append 6108320 into 295833146
[2023-04-14 18:50:46. 95600: E /samgraph/3rdparty/collcachelib/coll_cache_lib/freq_recorder.cc:347] bulk append 29818431
[2023-04-14 18:50:46. 97277: E /samgraph/3rdparty/collcachelib/coll_cache_lib/freq_recorder.cc:337] bulk append 6110835 into 301941466
[2023-04-14 18:50:46.126944: E /samgraph/3rdparty/collcachelib/coll_cache_lib/freq_recorder.cc:347] bulk append 29843500
[2023-04-14 18:50:46.128637: E /samgraph/3rdparty/collcachelib/coll_cache_lib/freq_recorder.cc:337] bulk append 6210497 into 308052301
[2023-04-14 18:50:46.159227: E /samgraph/3rdparty/collcachelib/coll_cache_lib/freq_recorder.cc:347] bulk append 29313700
[2023-04-14 18:50:46.160946: E /samgraph/3rdparty/collcachelib/coll_cache_lib/freq_recorder.cc:337] bulk append 6216843 into 314262798
[2023-04-14 18:50:46.191584: E /samgraph/3rdparty/collcachelib/coll_cache_lib/freq_recorder.cc:347] bulk append 29369568
[2023-04-14 18:50:46.193293: E /samgraph/3rdparty/collcachelib/coll_cache_lib/freq_recorder.cc:337] bulk append 6211335 into 320479641
[2023-04-14 18:50:46.223716: E /samgraph/3rdparty/collcachelib/coll_cache_lib/freq_recorder.cc:347] bulk append 29331195
[2023-04-14 18:50:46.225436: E /samgraph/3rdparty/collcachelib/coll_cache_lib/freq_recorder.cc:337] bulk append 6216808 into 326690976
[2023-04-14 18:50:46.255926: E /samgraph/3rdparty/collcachelib/coll_cache_lib/freq_recorder.cc:347] bulk append 29360885
[2023-04-14 18:50:46.257618: E /samgraph/3rdparty/collcachelib/coll_cache_lib/freq_recorder.cc:337] bulk append 6212438 into 332907784
[2023-04-14 18:50:46.288081: E /samgraph/3rdparty/collcachelib/coll_cache_lib/freq_recorder.cc:347] bulk append 29316546
[2023-04-14 18:50:46.289770: E /samgraph/3rdparty/collcachelib/coll_cache_lib/freq_recorder.cc:337] bulk append 6220523 into 339120222
[2023-04-14 18:50:46.320287: E /samgraph/3rdparty/collcachelib/coll_cache_lib/freq_recorder.cc:347] bulk append 29360190
[2023-04-14 18:50:46.321983: E /samgraph/3rdparty/collcachelib/coll_cache_lib/freq_recorder.cc:337] bulk append 6210198 into 345340745
[2023-04-14 18:50:46.352458: E /samgraph/3rdparty/collcachelib/coll_cache_lib/freq_recorder.cc:347] bulk append 29322422
[2023-04-14 18:50:46.354139: E /samgraph/3rdparty/collcachelib/coll_cache_lib/freq_recorder.cc:337] bulk append 6216357 into 351550943
[2023-04-14 18:50:46.384650: E /samgraph/3rdparty/collcachelib/coll_cache_lib/freq_recorder.cc:347] bulk append 29351961
[2023-04-14 18:50:46.386334: E /samgraph/3rdparty/collcachelib/coll_cache_lib/freq_recorder.cc:337] bulk append 6210898 into 357767300
[2023-04-14 18:50:46.416729: E /samgraph/3rdparty/collcachelib/coll_cache_lib/freq_recorder.cc:347] bulk append 29316144
[2023-04-14 18:50:46.418420: E /samgraph/3rdparty/collcachelib/coll_cache_lib/freq_recorder.cc:337] bulk append 6215716 into 363978198
[2023-04-14 18:50:46.448877: E /samgraph/3rdparty/collcachelib/coll_cache_lib/freq_recorder.cc:347] bulk append 29341292
[2023-04-14 18:50:46.450583: E /samgraph/3rdparty/collcachelib/coll_cache_lib/freq_recorder.cc:337] bulk append 6318034 into 370193914
[2023-04-14 18:50:46.481286: E /samgraph/3rdparty/collcachelib/coll_cache_lib/freq_recorder.cc:347] bulk append 27993088
[2023-04-14 18:50:46.482959: E /samgraph/3rdparty/collcachelib/coll_cache_lib/freq_recorder.cc:337] bulk append 6321640 into 376511948
[2023-04-14 18:50:46.513630: E /samgraph/3rdparty/collcachelib/coll_cache_lib/freq_recorder.cc:347] bulk append 28029892
[2023-04-14 18:50:46.515299: E /samgraph/3rdparty/collcachelib/coll_cache_lib/freq_recorder.cc:337] bulk append 6315143 into 382833588
[2023-04-14 18:50:46.546188: E /samgraph/3rdparty/collcachelib/coll_cache_lib/freq_recorder.cc:347] bulk append 28017191
[2023-04-14 18:50:46.547852: E /samgraph/3rdparty/collcachelib/coll_cache_lib/freq_recorder.cc:337] bulk append 6320300 into 389148731
[2023-04-14 18:50:46.578539: E /samgraph/3rdparty/collcachelib/coll_cache_lib/freq_recorder.cc:347] bulk append 28035225
[2023-04-14 18:50:46.580203: E /samgraph/3rdparty/collcachelib/coll_cache_lib/freq_recorder.cc:337] bulk append 6317937 into 395469031
[2023-04-14 18:50:46.611089: E /samgraph/3rdparty/collcachelib/coll_cache_lib/freq_recorder.cc:347] bulk append 28002582
[2023-04-14 18:50:46.612761: E /samgraph/3rdparty/collcachelib/coll_cache_lib/freq_recorder.cc:337] bulk append 6322552 into 401786968
[2023-04-14 18:50:46.643658: E /samgraph/3rdparty/collcachelib/coll_cache_lib/freq_recorder.cc:347] bulk append 28046257
[2023-04-14 18:50:46.645340: E /samgraph/3rdparty/collcachelib/coll_cache_lib/freq_recorder.cc:337] bulk append 6316436 into 408109520
[2023-04-14 18:50:46.675954: E /samgraph/3rdparty/collcachelib/coll_cache_lib/freq_recorder.cc:347] bulk append 28006335
[2023-04-14 18:50:46.677637: E /samgraph/3rdparty/collcachelib/coll_cache_lib/freq_recorder.cc:337] bulk append 6322012 into 414425956
[2023-04-14 18:50:46.708488: E /samgraph/3rdparty/collcachelib/coll_cache_lib/freq_recorder.cc:347] bulk append 28040817
[2023-04-14 18:50:46.710169: E /samgraph/3rdparty/collcachelib/coll_cache_lib/freq_recorder.cc:337] bulk append 6315735 into 420747968
[2023-04-14 18:50:46.740785: E /samgraph/3rdparty/collcachelib/coll_cache_lib/freq_recorder.cc:347] bulk append 27994688
[2023-04-14 18:50:46.742474: E /samgraph/3rdparty/collcachelib/coll_cache_lib/freq_recorder.cc:337] bulk append 6321076 into 427063703
[2023-04-14 18:50:46.773380: E /samgraph/3rdparty/collcachelib/coll_cache_lib/freq_recorder.cc:347] bulk append 28034180
[2023-04-14 18:50:46.775068: E /samgraph/3rdparty/collcachelib/coll_cache_lib/freq_recorder.cc:337] bulk append 6091608 into 433384779
[2023-04-14 18:50:46.805134: E /samgraph/3rdparty/collcachelib/coll_cache_lib/freq_recorder.cc:347] bulk append 26355858
[2023-04-14 18:50:46.806840: E /samgraph/3rdparty/collcachelib/coll_cache_lib/freq_recorder.cc:337] bulk append 6098560 into 439476387
[2023-04-14 18:50:46.836873: E /samgraph/3rdparty/collcachelib/coll_cache_lib/freq_recorder.cc:347] bulk append 26423590
[2023-04-14 18:50:46.838568: E /samgraph/3rdparty/collcachelib/coll_cache_lib/freq_recorder.cc:337] bulk append 6092293 into 445574947
[2023-04-14 18:50:46.868593: E /samgraph/3rdparty/collcachelib/coll_cache_lib/freq_recorder.cc:347] bulk append 26394790
[2023-04-14 18:50:46.870287: E /samgraph/3rdparty/collcachelib/coll_cache_lib/freq_recorder.cc:337] bulk append 6096783 into 451667240
[2023-04-14 18:50:46.900328: E /samgraph/3rdparty/collcachelib/coll_cache_lib/freq_recorder.cc:347] bulk append 26412850
[2023-04-14 18:50:46.902009: E /samgraph/3rdparty/collcachelib/coll_cache_lib/freq_recorder.cc:337] bulk append 6094580 into 457764023
[2023-04-14 18:50:46.931957: E /samgraph/3rdparty/collcachelib/coll_cache_lib/freq_recorder.cc:347] bulk append 26382550
[2023-04-14 18:50:46.933642: E /samgraph/3rdparty/collcachelib/coll_cache_lib/freq_recorder.cc:337] bulk append 6100172 into 463858603
[2023-04-14 18:50:46.963699: E /samgraph/3rdparty/collcachelib/coll_cache_lib/freq_recorder.cc:347] bulk append 26425296
[2023-04-14 18:50:46.965376: E /samgraph/3rdparty/collcachelib/coll_cache_lib/freq_recorder.cc:337] bulk append 6092717 into 469958775
[2023-04-14 18:50:46.995381: E /samgraph/3rdparty/collcachelib/coll_cache_lib/freq_recorder.cc:347] bulk append 26379733
[2023-04-14 18:50:46.997063: E /samgraph/3rdparty/collcachelib/coll_cache_lib/freq_recorder.cc:337] bulk append 6100584 into 476051492
[2023-04-14 18:50:47. 27058: E /samgraph/3rdparty/collcachelib/coll_cache_lib/freq_recorder.cc:347] bulk append 26420524
[2023-04-14 18:50:47. 28725: E /samgraph/3rdparty/collcachelib/coll_cache_lib/freq_recorder.cc:337] bulk append 6092734 into 482152076
[2023-04-14 18:50:47. 58701: E /samgraph/3rdparty/collcachelib/coll_cache_lib/freq_recorder.cc:347] bulk append 26372212
[2023-04-14 18:50:47. 60370: E /samgraph/3rdparty/collcachelib/coll_cache_lib/freq_recorder.cc:337] bulk append 6097339 into 488244810
[2023-04-14 18:50:47. 90407: E /samgraph/3rdparty/collcachelib/coll_cache_lib/freq_recorder.cc:347] bulk append 26406899
[2023-04-14 18:50:47. 92076: E /samgraph/3rdparty/collcachelib/coll_cache_lib/freq_recorder.cc:266] freq recorder global combining
[2023-04-14 18:50:47. 92120: E [[/samgraph/3rdparty/collcachelib/coll_cache_lib/facade.cc2023-04-14 18:50:47[[2023-04-14 18:50:47[:.[2023-04-14 18:50:472023-04-14 18:50:47.2023-04-14 18:50:47409 921352023-04-14 18:50:47.. 92124.] : . 92139 92142:  92140before scale, dtype is 0, dim is 128E 92142: : E: 
 : EE E/samgraph/3rdparty/collcachelib/coll_cache_lib/facade.ccE[  /samgraph/3rdparty/collcachelib/coll_cache_lib/facade.cc : 2023-04-14 18:50:47/samgraph/3rdparty/collcachelib/coll_cache_lib/facade.cc/samgraph/3rdparty/collcachelib/coll_cache_lib/facade.cc:/samgraph/3rdparty/collcachelib/coll_cache_lib/facade.cc409/samgraph/3rdparty/collcachelib/coll_cache_lib/facade.cc.::409:] : 92276409409] 409before scale, dtype is 0, dim is 128before scale, dtype is 0, dim is 128409: ] ] ] 

] Ebefore scale, dtype is 0, dim is 128before scale, dtype is 0, dim is 128before scale, dtype is 0, dim is 128[before scale, dtype is 0, dim is 128 [


2023-04-14 18:50:47
/samgraph/3rdparty/collcachelib/coll_cache_lib/facade.cc2023-04-14 18:50:47[.[[:.[2023-04-14 18:50:47 924142023-04-14 18:50:472023-04-14 18:50:47415 924182023-04-14 18:50:47.: ..] : . 92449E 92453 92457after scale, dtype is 7, new dim is 32E 92461:  : : 
 : E/samgraph/3rdparty/collcachelib/coll_cache_lib/facade.ccEE/samgraph/3rdparty/collcachelib/coll_cache_lib/facade.ccE :  : /samgraph/3rdparty/collcachelib/coll_cache_lib/facade.cc415/samgraph/3rdparty/collcachelib/coll_cache_lib/facade.cc/samgraph/3rdparty/collcachelib/coll_cache_lib/facade.cc415/samgraph/3rdparty/collcachelib/coll_cache_lib/facade.cc:] ::] :415after scale, dtype is 7, new dim is 32415415after scale, dtype is 7, new dim is 32415] 
] ] 
] after scale, dtype is 7, new dim is 32after scale, dtype is 7, new dim is 32after scale, dtype is 7, new dim is 32after scale, dtype is 7, new dim is 32



[2023-04-14 18:50:47. 95686: E /samgraph/3rdparty/collcachelib/coll_cache_lib/coll_cache/asymm_link_desc.cc:181] v100x8, slow pcie
[2023-04-14 18:50:47. 95723: E /samgraph/3rdparty/collcachelib/coll_cache_lib/coll_cache/asymm_link_desc.cc:207] assigning 0 to cpu
[2023-04-14 18:50:47. 95784: E /samgraph/3rdparty/collcachelib/coll_cache_lib/coll_cache/asymm_link_desc.cc:224] build asymm link desc with 8X Tesla V100-SXM2-32GB out of 8
[2023-04-14 18:50:47. 95822: E /samgraph/3rdparty/collcachelib/coll_cache_lib/coll_cache/asymm_link_desc.cc:225] remote time is 15.5556
[2023-04-14 18:50:47. 95849: E /samgraph/3rdparty/collcachelib/coll_cache_lib/coll_cache/asymm_link_desc.cc:226] cpu time is 102.941
[2023-04-14 18:50:47. 95899: E /samgraph/3rdparty/collcachelib/coll_cache_lib/facade.cc:425] registering cpu data with 8.00 GB
[2023-04-14 18:50:47. 96195: E /samgraph/3rdparty/collcachelib/coll_cache_lib/coll_cache/asymm_link_desc.cc:181] v100x8, slow pcie
[2023-04-14 18:50:47. 96229: E /samgraph/3rdparty/collcachelib/coll_cache_lib/coll_cache/asymm_link_desc.cc:207] [assigning 0 to cpu2023-04-14 18:50:47
. 96243: E /samgraph/3rdparty/collcachelib/coll_cache_lib/coll_cache/asymm_link_desc.cc:181] v100x8, slow pcie
[2023-04-14 18:50:47. 96287[: [2023-04-14 18:50:47E2023-04-14 18:50:47. . 96291/samgraph/3rdparty/collcachelib/coll_cache_lib/coll_cache/asymm_link_desc.cc 96297: :: E207[E ] 2023-04-14 18:50:47 /samgraph/3rdparty/collcachelib/coll_cache_lib/coll_cache/asymm_link_desc.ccassigning 0 to cpu. 96340/samgraph/3rdparty/collcachelib/coll_cache_lib/coll_cache/asymm_link_desc.cc:
: :[181E2242023-04-14 18:50:47]  ] .v100x8, slow pcie/samgraph/3rdparty/collcachelib/coll_cache_lib/coll_cache/asymm_link_desc.ccbuild asymm link desc with 8X Tesla V100-SXM2-32GB out of 8 96392
:
[: [181[2023-04-14 18:50:47E2023-04-14 18:50:47[] 2023-04-14 18:50:47. .2023-04-14 18:50:47v100x8, slow pcie. 96439/samgraph/3rdparty/collcachelib/coll_cache_lib/coll_cache/asymm_link_desc.cc 96437.
 96443: ::  96455: E[181E: E 2023-04-14 18:50:47]  E /samgraph/3rdparty/collcachelib/coll_cache_lib/coll_cache/asymm_link_desc.cc.v100x8, slow pcie/samgraph/3rdparty/collcachelib/coll_cache_lib/coll_cache/asymm_link_desc.cc /samgraph/3rdparty/collcachelib/coll_cache_lib/coll_cache/asymm_link_desc.cc: 96531
:/samgraph/3rdparty/collcachelib/coll_cache_lib/coll_cache/asymm_link_desc.cc:181: 224:[207] E] 2252023-04-14 18:50:47] v100x8, slow pcie build asymm link desc with 8X Tesla V100-SXM2-32GB out of 8] .assigning 0 to cpu
/samgraph/3rdparty/collcachelib/coll_cache_lib/coll_cache/asymm_link_desc.cc
remote time is 15.5556 96618
:
[: 207[2023-04-14 18:50:47[E] 2023-04-14 18:50:47.2023-04-14 18:50:47 assigning 0 to cpu.[ 96677./samgraph/3rdparty/collcachelib/coll_cache_lib/coll_cache/asymm_link_desc.cc
 966912023-04-14 18:50:47:  96696:: .E: 207E 96717 E]  [: /samgraph/3rdparty/collcachelib/coll_cache_lib/coll_cache/asymm_link_desc.cc assigning 0 to cpu/samgraph/3rdparty/collcachelib/coll_cache_lib/coll_cache/asymm_link_desc.cc2023-04-14 18:50:47E:/samgraph/3rdparty/collcachelib/coll_cache_lib/coll_cache/asymm_link_desc.cc
:. 207:225 96786/samgraph/3rdparty/collcachelib/coll_cache_lib/coll_cache/asymm_link_desc.cc] 226] : :assigning 0 to cpu] remote time is 15.5556E[224
cpu time is 102.941
 2023-04-14 18:50:47] 
/samgraph/3rdparty/collcachelib/coll_cache_lib/coll_cache/asymm_link_desc.cc.[build asymm link desc with 8X Tesla V100-SXM2-32GB out of 8: 968772023-04-14 18:50:47
224[[: .] 2023-04-14 18:50:472023-04-14 18:50:47[E 96923build asymm link desc with 8X Tesla V100-SXM2-32GB out of 8..2023-04-14 18:50:47 : 
 96960 96958./samgraph/3rdparty/collcachelib/coll_cache_lib/coll_cache/asymm_link_desc.ccE: :  96983:[ EE: 2242023-04-14 18:50:47/samgraph/3rdparty/collcachelib/coll_cache_lib/coll_cache/asymm_link_desc.cc  E] .:/samgraph/3rdparty/collcachelib/coll_cache_lib/coll_cache/asymm_link_desc.cc/samgraph/3rdparty/collcachelib/coll_cache_lib/facade.cc build asymm link desc with 8X Tesla V100-SXM2-32GB out of 8 97035226::/samgraph/3rdparty/collcachelib/coll_cache_lib/coll_cache/asymm_link_desc.cc
: ] 224425:Ecpu time is 102.941] ] [225 
build asymm link desc with 8X Tesla V100-SXM2-32GB out of 8registering cpu data with 8.00 GB2023-04-14 18:50:47] /samgraph/3rdparty/collcachelib/coll_cache_lib/coll_cache/asymm_link_desc.cc

.remote time is 15.5556: 97121
[[225: 2023-04-14 18:50:472023-04-14 18:50:47[] E..2023-04-14 18:50:47remote time is 15.5556  97171 97175.
/samgraph/3rdparty/collcachelib/coll_cache_lib/coll_cache/asymm_link_desc.cc: :  97184:[EE: 2252023-04-14 18:50:47  E] ./samgraph/3rdparty/collcachelib/coll_cache_lib/coll_cache/asymm_link_desc.cc/samgraph/3rdparty/collcachelib/coll_cache_lib/facade.cc remote time is 15.5556 97243::/samgraph/3rdparty/collcachelib/coll_cache_lib/coll_cache/asymm_link_desc.cc
: 225425:E] [] 226 remote time is 15.55562023-04-14 18:50:47registering cpu data with 8.00 GB] /samgraph/3rdparty/collcachelib/coll_cache_lib/coll_cache/asymm_link_desc.cc
.
cpu time is 102.941: 97316: [226
E2023-04-14 18:50:47]  .cpu time is 102.941/samgraph/3rdparty/collcachelib/coll_cache_lib/coll_cache/asymm_link_desc.cc 97367
:: [226E2023-04-14 18:50:47]  .cpu time is 102.941/samgraph/3rdparty/collcachelib/coll_cache_lib/coll_cache/asymm_link_desc.cc 97419
[:: 2023-04-14 18:50:47226E.]   97452cpu time is 102.941/samgraph/3rdparty/collcachelib/coll_cache_lib/facade.cc: 
:E[425 2023-04-14 18:50:47] /samgraph/3rdparty/collcachelib/coll_cache_lib/facade.cc.registering cpu data with 8.00 GB: 97493
[425: 2023-04-14 18:50:47] E.registering cpu data with 8.00 GB  97537
/samgraph/3rdparty/collcachelib/coll_cache_lib/facade.cc: :E425 ] /samgraph/3rdparty/collcachelib/coll_cache_lib/facade.ccregistering cpu data with 8.00 GB:
425] registering cpu data with 8.00 GB
[2023-04-14 18:50:49.367741: E /samgraph/3rdparty/collcachelib/coll_cache_lib/facade.cc:427] registering cpu data done.
[2023-04-14 18:50:49.368027: E /samgraph/3rdparty/collcachelib/coll_cache_lib/facade.cc:427] registering cpu data done.
[2023-04-14 18:50:49.368271: E /samgraph/3rdparty/collcachelib/coll_cache_lib/facade.cc:427] registering cpu data done.
[2023-04-14 18:50:49.368696: E /samgraph/3rdparty/collcachelib/coll_cache_lib/facade.cc:427] registering cpu data done.
[2023-04-14 18:50:49.368968: E /samgraph/3rdparty/collcachelib/coll_cache_lib/facade.cc:427] registering cpu data done.
[2023-04-14 18:50:49.369564: E /samgraph/3rdparty/collcachelib/coll_cache_lib/facade.cc:427] registering cpu data done.
[2023-04-14 18:50:49.371267: E /samgraph/3rdparty/collcachelib/coll_cache_lib/facade.cc:427] registering cpu data done.
[2023-04-14 18:51:18.196238: E /samgraph/3rdparty/collcachelib/coll_cache_lib/freq_recorder.cc:269] freq recorder global combine from 494342149 to 96382621
[2023-04-14 18:51:21.469035: E /samgraph/3rdparty/collcachelib/coll_cache_lib/freq_recorder.cc:286] top 5 freq is 2000,2000,2000,2000,2000
[2023-04-14 18:51:21.469161: E /samgraph/3rdparty/collcachelib/coll_cache_lib/facade.cc:409] before scale, dtype is 0, dim is 128
[2023-04-14 18:51:21.469191: E /samgraph/3rdparty/collcachelib/coll_cache_lib/facade.cc:415] after scale, dtype is 7, new dim is 32
[2023-04-14 18:51:21.469898: E /samgraph/3rdparty/collcachelib/coll_cache_lib/coll_cache/asymm_link_desc.cc:181] v100x8, slow pcie
[2023-04-14 18:51:21.469932: E /samgraph/3rdparty/collcachelib/coll_cache_lib/coll_cache/asymm_link_desc.cc:207] assigning 0 to cpu
[2023-04-14 18:51:21.470005: E /samgraph/3rdparty/collcachelib/coll_cache_lib/coll_cache/asymm_link_desc.cc:224] build asymm link desc with 8X Tesla V100-SXM2-32GB out of 8
[2023-04-14 18:51:21.470043: E /samgraph/3rdparty/collcachelib/coll_cache_lib/coll_cache/asymm_link_desc.cc:225] remote time is 15.5556
[2023-04-14 18:51:21.470070: E /samgraph/3rdparty/collcachelib/coll_cache_lib/coll_cache/asymm_link_desc.cc:226] cpu time is 102.941
[2023-04-14 18:51:21.470125: E /samgraph/3rdparty/collcachelib/coll_cache_lib/facade.cc:425] registering cpu data with 8.00 GB
[2023-04-14 18:51:21.931650: E /samgraph/3rdparty/collcachelib/coll_cache_lib/facade.cc:427] registering cpu data done.
[2023-04-14 18:51:21.931739: E /samgraph/3rdparty/collcachelib/coll_cache_lib/facade.cc:174] creating solver
[2023-04-14 18:51:21.931766: E /samgraph/3rdparty/collcachelib/coll_cache_lib/facade.cc:214] solver created. now build & solve
[2023-04-14 18:51:22.894186: E /samgraph/3rdparty/collcachelib/coll_cache_lib/facade.cc:218] solver built. now solve
[2023-04-14 18:51:22.894282: E /samgraph/3rdparty/collcachelib/coll_cache_lib/coll_cache/optimal_solver_class.cc:1474] num_cached_nodes = 4442398
[2023-04-14 18:51:23.124706: E /samgraph/3rdparty/collcachelib/coll_cache_lib/facade.cc:222] solver solved
[2023-04-14 18:51:23.152835: E /samgraph/3rdparty/collcachelib/coll_cache_lib/facade.cc:437] 0 solved master
[2023-04-14 18:51:23.152920: E /samgraph/3rdparty/collcachelib/coll_cache_lib/facade.cc:444] 0 solved
[2023-04-14 18:51:23.152946: E /samgraph/3rdparty/collcachelib/coll_cache_lib/facade.cc:447] worker 0 thread 0 initing device 0
[2023-04-14 18:51:23.153568: E /samgraph/3rdparty/collcachelib/coll_cache_lib/cache_context.cu:2320] Building Coll Cache with ... num gpu device is 8
[2023-04-14 18:51:23.153639: E /samgraph/3rdparty/collcachelib/coll_cache_lib/cuda/cache_hashtable.cuh:611] per src size local is 4886737
[2023-04-14 18:51:23.171039: E /samgraph/3rdparty/collcachelib/coll_cache_lib/facade.cc:444] 7 solved
[2023-04-14 18:51:23.171114: E /samgraph/3rdparty/collcachelib/coll_cache_lib/facade.cc:447] worker 0 thread 7 initing device 7
[2023-04-14 18:51:23.171467: E /samgraph/3rdparty/collcachelib/coll_cache_lib/cache_context.cu:2320] Building Coll Cache with ... num gpu device is 8
[2023-04-14 18:51:23.172251: E /samgraph/3rdparty/collcachelib/coll_cache_lib/facade.cc:444] 6 solved
[2023-04-14 18:51:23.172318: E /samgraph/3rdparty/collcachelib/coll_cache_lib/facade.cc:447] worker 0 thread 6 initing device 6
[2023-04-14 18:51:23.172664: E /samgraph/3rdparty/collcachelib/coll_cache_lib/cache_context.cu:2320] Building Coll Cache with ... num gpu device is 8
[2023-04-14 18:51:23.201251: E /samgraph/3rdparty/collcachelib/coll_cache_lib/common.cc:261] making a tensor with 0 num item
[2023-04-14 18:51:23.201333: E /samgraph/3rdparty/collcachelib/coll_cache_lib/cache_context.cu:2362] num cpu nodes is 106617558
[[2023-04-14 18:51:23.2023-04-14 18:51:23213139.: 213154E:  E/samgraph/3rdparty/collcachelib/coll_cache_lib/facade.cc :/samgraph/3rdparty/collcachelib/coll_cache_lib/facade.cc444:] 4442 solved] 
1 solved
[2023-04-14 18:51:23.[2132392023-04-14 18:51:23: .E213244 : /samgraph/3rdparty/collcachelib/coll_cache_lib/facade.ccE: 447/samgraph/3rdparty/collcachelib/coll_cache_lib/facade.cc[] :2023-04-14 18:51:23worker 0 thread 2 initing device 2447.
] 213250worker 0 thread 1 initing device 1: 
E /samgraph/3rdparty/collcachelib/coll_cache_lib/facade.cc:444] 3 solved
[2023-04-14 18:51:23.213342: E /samgraph/3rdparty/collcachelib/coll_cache_lib/facade.cc:447] worker 0 thread 3 initing device 3
[[2023-04-14 18:51:232023-04-14 18:51:23..213659213662: : EE  /samgraph/3rdparty/collcachelib/coll_cache_lib/cache_context.cu/samgraph/3rdparty/collcachelib/coll_cache_lib/cache_context.cu::23202320] ] Building Coll Cache with ... num gpu device is 8Building Coll Cache with ... num gpu device is 8
[
2023-04-14 18:51:23.213702: E /samgraph/3rdparty/collcachelib/coll_cache_lib/cache_context.cu:2320] Building Coll Cache with ... num gpu device is 8
[2023-04-14 18:51:23.229406: E /samgraph/3rdparty/collcachelib/coll_cache_lib/common.cc:261] making a tensor with 0 num item
[2023-04-14 18:51:23.229519: E /samgraph/3rdparty/collcachelib/coll_cache_lib/cache_context.cu:2362] num cpu nodes is 106617558
[2023-04-14 18:51:23.230845: E /samgraph/3rdparty/collcachelib/coll_cache_lib/facade.cc:444] 5 solved
[2023-04-14 18:51:23.230901: E /samgraph/3rdparty/collcachelib/coll_cache_lib/facade.cc:447] worker 0 thread 5 initing device 5
[2023-04-14 18:51:23.231147: E /samgraph/3rdparty/collcachelib/coll_cache_lib/facade.cc:444] 4 solved
[2023-04-14 18:51:23.231221: E /samgraph/3rdparty/collcachelib/coll_cache_lib/facade.cc:447] worker 0 thread 4 initing device 4
[2023-04-14 18:51:23.231259: E /samgraph/3rdparty/collcachelib/coll_cache_lib/cache_context.cu:2320] Building Coll Cache with ... num gpu device is 8
[2023-04-14 18:51:23.231609: E /samgraph/3rdparty/collcachelib/coll_cache_lib/cache_context.cu:2320] Building Coll Cache with ... num gpu device is 8
[2023-04-14 18:51:23.244929: E /samgraph/3rdparty/collcachelib/coll_cache_lib/common.cc:261] making a tensor with 0 num item
[2023-04-14 18:51:23.245014: E /samgraph/3rdparty/collcachelib/coll_cache_lib/cache_context.cu:2362] num cpu nodes is 106617558
[2023-04-14 18:51:23.262346: E /samgraph/3rdparty/collcachelib/coll_cache_lib/common.cc:261] making a tensor with 0 num item
[2023-04-14 18:51:23.262435: E /samgraph/3rdparty/collcachelib/coll_cache_lib/cache_context.cu:2362] num cpu nodes is 106617558
[2023-04-14 18:51:23.262638: E /samgraph/3rdparty/collcachelib/coll_cache_lib/common.cc:261] making a tensor with 0 num item
[2023-04-14 18:51:23.262719: E /samgraph/3rdparty/collcachelib/coll_cache_lib/cache_context.cu:2362] num cpu nodes is 106617558
[2023-04-14 18:51:23.278284: E /samgraph/3rdparty/collcachelib/coll_cache_lib/common.cc:261] making a tensor with 0 num item
[2023-04-14 18:51:23.278352: E /samgraph/3rdparty/collcachelib/coll_cache_lib/cache_context.cu:2362] num cpu nodes is 106617558
[2023-04-14 18:51:23.279679: E /samgraph/3rdparty/collcachelib/coll_cache_lib/common.cc:261] making a tensor with 0 num item
[2023-04-14 18:51:23.279745: E /samgraph/3rdparty/collcachelib/coll_cache_lib/cache_context.cu:2362] num cpu nodes is 106617558
[2023-04-14 18:51:23.297914: E /samgraph/3rdparty/collcachelib/coll_cache_lib/common.cc:261] making a tensor with 0 num item
[2023-04-14 18:51:23.297968: E /samgraph/3rdparty/collcachelib/coll_cache_lib/cache_context.cu:2362] num cpu nodes is 106617558
[2023-04-14 18:51:23.527761: E /samgraph/3rdparty/collcachelib/coll_cache_lib/cuda/cache_hashtable.cu:355] create a hashtable with 4442398 possible elem, scale to 16777216
[2023-04-14 18:51:23.527847: E /samgraph/3rdparty/collcachelib/coll_cache_lib/cuda/cache_hashtable.cu:360] SimpleHashTable allocating 128.00 MB
[2023-04-14 18:51:23.590721: E /samgraph/3rdparty/collcachelib/coll_cache_lib/cuda/cache_hashtable.cu:355] create a hashtable with 4442398 possible elem, scale to 16777216
[2023-04-14 18:51:23.590789: E /samgraph/3rdparty/collcachelib/coll_cache_lib/cuda/cache_hashtable.cu:360] SimpleHashTable allocating 128.00 MB
[2023-04-14 18:51:23.599073: E /samgraph/3rdparty/collcachelib/coll_cache_lib/cuda/cache_hashtable.cu:355] create a hashtable with 4442398 possible elem, scale to 16777216
[2023-04-14 18:51:23.599148: E /samgraph/3rdparty/collcachelib/coll_cache_lib/cuda/cache_hashtable.cu:360] SimpleHashTable allocating 128.00 MB
[2023-04-14 18:51:23.610617: E /samgraph/3rdparty/collcachelib/coll_cache_lib/cuda/cache_hashtable.cu:355] create a hashtable with 4442398 possible elem, scale to 16777216
[2023-04-14 18:51:23.610675: E /samgraph/3rdparty/collcachelib/coll_cache_lib/cuda/cache_hashtable.cu:360] SimpleHashTable allocating 128.00 MB
[2023-04-14 18:51:23.629890: E /samgraph/3rdparty/collcachelib/coll_cache_lib/cuda/cache_hashtable.cu:355] create a hashtable with 4442398 possible elem, scale to 16777216
[2023-04-14 18:51:23.629965: E /samgraph/3rdparty/collcachelib/coll_cache_lib/cuda/cache_hashtable.cu:360] SimpleHashTable allocating 128.00 MB
[2023-04-14 18:51:23.644296[: 2023-04-14 18:51:23E. 644321/samgraph/3rdparty/collcachelib/coll_cache_lib/cuda/cache_hashtable.cu: :E355 ] /samgraph/3rdparty/collcachelib/coll_cache_lib/cuda/cache_hashtable.cucreate a hashtable with 4442398 possible elem, scale to 16777216
:355] create a hashtable with 4442398 possible elem, scale to 16777216
[2023-04-14 18:51:23.[6444142023-04-14 18:51:23: .E644420 : /samgraph/3rdparty/collcachelib/coll_cache_lib/cuda/cache_hashtable.cuE: 360/samgraph/3rdparty/collcachelib/coll_cache_lib/cuda/cache_hashtable.cu] :SimpleHashTable allocating 128.00 MB360
] SimpleHashTable allocating 128.00 MB
[2023-04-14 18:51:23.659773: E /samgraph/3rdparty/collcachelib/coll_cache_lib/cuda/cache_hashtable.cu:355] create a hashtable with 4442398 possible elem, scale to 16777216
[2023-04-14 18:51:23.659824: E /samgraph/3rdparty/collcachelib/coll_cache_lib/cuda/cache_hashtable.cu:360] SimpleHashTable allocating 128.00 MB
[2023-04-14 18:51:23.703767: E /samgraph/3rdparty/collcachelib/coll_cache_lib/common.cc:107] too many mem allocated for forcescale?4553458->111060
[2023-04-14 18:51:23.704331: E /samgraph/3rdparty/collcachelib/coll_cache_lib/common.cc:107] too many mem allocated for forcescale?4553458->111060
[2023-04-14 18:51:23.704618: E /samgraph/3rdparty/collcachelib/coll_cache_lib/common.cc:107] too many mem allocated for forcescale?4553458->111060
[2023-04-14 18:51:23.704993: E /samgraph/3rdparty/collcachelib/coll_cache_lib/common.cc:107] too many mem allocated for forcescale?4553458->111060
[2023-04-14 18:51:23.705380: E /samgraph/3rdparty/collcachelib/coll_cache_lib/common.cc:107] too many mem allocated for forcescale?4553458->111060
[2023-04-14 18:51:23.705845: E /samgraph/3rdparty/collcachelib/coll_cache_lib/common.cc:107] too many mem allocated for forcescale?4553458->111060
[2023-04-14 18:51:23.706255: E /samgraph/3rdparty/collcachelib/coll_cache_lib/common.cc:107] too many mem allocated for forcescale?4553458->111060
[2023-04-14 18:51:23.706657: E /samgraph/3rdparty/collcachelib/coll_cache_lib/common.cc:107] too many mem allocated for forcescale?4553458->111060
[2023-04-14 18:51:23.711973: E /samgraph/3rdparty/collcachelib/coll_cache_lib/cache_context.cu:2439] Asymm Coll cache (policy: rep_cache) | local 4442398 / 111059956 nodes ( 4.00 %~4.00 %) | remote 0 / 111059956 nodes ( 0.00 %) | cpu 106617558 / 111059956 nodes ( 96.00 %) | 2.17 GB | 0.498214 secs 
[2023-04-14 18:51:23.712217: E /samgraph/3rdparty/collcachelib/coll_cache_lib/cache_context.cu:2439] Asymm Coll cache (policy: rep_cache) | local 4442398 / 111059956 nodes ( 4.00 %~4.00 %) | remote 0 / 111059956 nodes ( 0.00 %) | cpu 106617558 / 111059956 nodes ( 96.00 %) | 2.17 GB | 0.558617 secs 
[2023-04-14 18:51:23.724741: E /samgraph/3rdparty/collcachelib/coll_cache_lib/cache_context.cu:2439] Asymm Coll cache (policy: rep_cache) | local 4442398 / 111059956 nodes ( 4.00 %~4.00 %) | remote 0 / 111059956 nodes ( 0.00 %) | cpu 106617558 / 111059956 nodes ( 96.00 %) | 2.17 GB | 0.553242 secs 
[2023-04-14 18:51:23.727263: E /samgraph/3rdparty/collcachelib/coll_cache_lib/cache_context.cu:2439] Asymm Coll cache (policy: rep_cache) | local 4442398 / 111059956 nodes ( 4.00 %~4.00 %) | remote 0 / 111059956 nodes ( 0.00 %) | cpu 106617558 / 111059956 nodes ( 96.00 %) | 2.17 GB | 0.495971 secs 
[2023-04-14 18:51:23.729450: E /samgraph/3rdparty/collcachelib/coll_cache_lib/cache_context.cu:2439] Asymm Coll cache (policy: rep_cache) | local 4442398 / 111059956 nodes ( 4.00 %~4.00 %) | remote 0 / 111059956 nodes ( 0.00 %) | cpu 106617558 / 111059956 nodes ( 96.00 %) | 2.17 GB | 0.515732 secs 
[2023-04-14 18:51:23.729634: E /samgraph/3rdparty/collcachelib/coll_cache_lib/cache_context.cu:2439] Asymm Coll cache (policy: rep_cache) | local 4442398 / 111059956 nodes ( 4.00 %~4.00 %) | remote 0 / 111059956 nodes ( 0.00 %) | cpu 106617558 / 111059956 nodes ( 96.00 %) | 2.17 GB | 0.556937 secs 
[2023-04-14 18:51:23.740690: E /samgraph/3rdparty/collcachelib/coll_cache_lib/cache_context.cu:2439] Asymm Coll cache (policy: rep_cache) | local 4442398 / 111059956 nodes ( 4.00 %~4.00 %) | remote 0 / 111059956 nodes ( 0.00 %) | cpu 106617558 / 111059956 nodes ( 96.00 %) | 2.17 GB | 0.509048 secs 
[2023-04-14 18:51:23.742755: E /samgraph/3rdparty/collcachelib/coll_cache_lib/cache_context.cu:2439] Asymm Coll cache (policy: rep_cache) | local 4442398 / 111059956 nodes ( 4.00 %~4.00 %) | remote 0 / 111059956 nodes ( 0.00 %) | cpu 106617558 / 111059956 nodes ( 96.00 %) | 2.17 GB | 0.529032 secs 
/usr/local/lib/python3.8/dist-packages/torch/nn/parallel/scatter_gather.py:9: UserWarning: is_namedtuple is deprecated, please use the python checks instead
  warnings.warn("is_namedtuple is deprecated, please use the python checks instead")
/usr/local/lib/python3.8/dist-packages/torch/nn/parallel/scatter_gather.py:9: UserWarning: is_namedtuple is deprecated, please use the python checks instead
  warnings.warn("is_namedtuple is deprecated, please use the python checks instead")
/usr/local/lib/python3.8/dist-packages/torch/nn/parallel/scatter_gather.py:9: UserWarning: is_namedtuple is deprecated, please use the python checks instead
  warnings.warn("is_namedtuple is deprecated, please use the python checks instead")
/usr/local/lib/python3.8/dist-packages/torch/nn/parallel/scatter_gather.py:9: UserWarning: is_namedtuple is deprecated, please use the python checks instead
  warnings.warn("is_namedtuple is deprecated, please use the python checks instead")
/usr/local/lib/python3.8/dist-packages/torch/nn/parallel/scatter_gather.py:9: UserWarning: is_namedtuple is deprecated, please use the python checks instead
  warnings.warn("is_namedtuple is deprecated, please use the python checks instead")
/usr/local/lib/python3.8/dist-packages/torch/nn/parallel/scatter_gather.py:9: UserWarning: is_namedtuple is deprecated, please use the python checks instead
  warnings.warn("is_namedtuple is deprecated, please use the python checks instead")
/usr/local/lib/python3.8/dist-packages/torch/nn/parallel/scatter_gather.py:9: UserWarning: is_namedtuple is deprecated, please use the python checks instead
  warnings.warn("is_namedtuple is deprecated, please use the python checks instead")
/usr/local/lib/python3.8/dist-packages/torch/nn/parallel/scatter_gather.py:9: UserWarning: is_namedtuple is deprecated, please use the python checks instead
  warnings.warn("is_namedtuple is deprecated, please use the python checks instead")
