/usr/lib/python3/dist-packages/requests/__init__.py:89: RequestsDependencyWarning: urllib3 (1.26.12) or chardet (3.0.4) doesn't match a supported version!
  warnings.warn("urllib3 ({}) or chardet ({}) doesn't match a supported "
[W socket.cpp:601] [c10d] The client socket has failed to connect to [localhost]:12335 (errno: 99 - Cannot assign requested address).
[W socket.cpp:601] [c10d] The client socket has failed to connect to [localhost]:12335 (errno: 99 - Cannot assign requested address).
[W socket.cpp:601] [c10d] The client socket has failed to connect to [localhost]:12335 (errno: 99 - Cannot assign requested address).
[W socket.cpp:601] [c10d] The client socket has failed to connect to [localhost]:12335 (errno: 99 - Cannot assign requested address).
Rank=2 done reading 27764990 embedding vectors from file /nvme/songxiaoniu/graph-learning/wholegraph/ogbn_papers100M/converted/homograph_csr_row_ptr
Rank=3 done reading 27764987 embedding vectors from file /nvme/songxiaoniu/graph-learning/wholegraph/ogbn_papers100M/converted/homograph_csr_row_ptr
Rank=2 done reading 27764990 embedding vectors from file /nvme/songxiaoniu/graph-learning/wholegraph/ogbn_papers100M/converted/homograph_csr_row_ptr
Rank=3 done reading 27764987 embedding vectors from file /nvme/songxiaoniu/graph-learning/wholegraph/ogbn_papers100M/converted/homograph_csr_row_ptr
Rank=1 done reading 27764990 embedding vectors from file /nvme/songxiaoniu/graph-learning/wholegraph/ogbn_papers100M/converted/homograph_csr_row_ptr
Rank=0 done reading 27764990 embedding vectors from file /nvme/songxiaoniu/graph-learning/wholegraph/ogbn_papers100M/converted/homograph_csr_row_ptr
Rank=0 done reading 27764990 embedding vectors from file /nvme/songxiaoniu/graph-learning/wholegraph/ogbn_papers100M/converted/homograph_csr_row_ptr
Rank=1 done reading 27764990 embedding vectors from file /nvme/songxiaoniu/graph-learning/wholegraph/ogbn_papers100M/converted/homograph_csr_row_ptr
Rank=3 done reading 807031178 embedding vectors from file /nvme/songxiaoniu/graph-learning/wholegraph/ogbn_papers100M/converted/homograph_csr_col_idx
Rank=2 done reading 807031178 embedding vectors from file /nvme/songxiaoniu/graph-learning/wholegraph/ogbn_papers100M/converted/homograph_csr_col_idx
Rank=2 done reading 807031178 embedding vectors from file /nvme/songxiaoniu/graph-learning/wholegraph/ogbn_papers100M/converted/homograph_csr_col_idx
Rank=3 done reading 807031178 embedding vectors from file /nvme/songxiaoniu/graph-learning/wholegraph/ogbn_papers100M/converted/homograph_csr_col_idx
Rank=1 done reading 807031178 embedding vectors from file /nvme/songxiaoniu/graph-learning/wholegraph/ogbn_papers100M/converted/homograph_csr_col_idx
Rank=0 done reading 807031178 embedding vectors from file /nvme/songxiaoniu/graph-learning/wholegraph/ogbn_papers100M/converted/homograph_csr_col_idx
Rank=0 done reading 807031178 embedding vectors from file /nvme/songxiaoniu/graph-learning/wholegraph/ogbn_papers100M/converted/homograph_csr_col_idx
Rank=1 done reading 807031178 embedding vectors from file /nvme/songxiaoniu/graph-learning/wholegraph/ogbn_papers100M/converted/homograph_csr_col_idx
[2023-04-14 10:39:22.123784: E /samgraph/3rdparty/collcachelib/coll_cache_lib/freq_recorder.cc:337] bulk append 8809552 into 0
[2023-04-14 10:39:22.168851: E /samgraph/3rdparty/collcachelib/coll_cache_lib/freq_recorder.cc:347] bulk append 104095223
[2023-04-14 10:39:22.172336: E /samgraph/3rdparty/collcachelib/coll_cache_lib/freq_recorder.cc:337] bulk append 8813690 into 8809552
[2023-04-14 10:39:22.217377: E /samgraph/3rdparty/collcachelib/coll_cache_lib/freq_recorder.cc:347] bulk append 104150377
[2023-04-14 10:39:22.220826: E /samgraph/3rdparty/collcachelib/coll_cache_lib/freq_recorder.cc:337] bulk append 8809194 into 17623242
[2023-04-14 10:39:22.265875: E /samgraph/3rdparty/collcachelib/coll_cache_lib/freq_recorder.cc:347] bulk append 104151425
[2023-04-14 10:39:22.269343: E /samgraph/3rdparty/collcachelib/coll_cache_lib/freq_recorder.cc:337] bulk append 8813901 into 26432436
[2023-04-14 10:39:22.314426: E /samgraph/3rdparty/collcachelib/coll_cache_lib/freq_recorder.cc:347] bulk append 104107118
[2023-04-14 10:39:22.317932: E /samgraph/3rdparty/collcachelib/coll_cache_lib/freq_recorder.cc:337] bulk append 8808981 into 35246337
[2023-04-14 10:39:22.363616: E /samgraph/3rdparty/collcachelib/coll_cache_lib/freq_recorder.cc:347] bulk append 104093024
[2023-04-14 10:39:22.367045: E /samgraph/3rdparty/collcachelib/coll_cache_lib/freq_recorder.cc:337] bulk append 8814510 into 44055318
[2023-04-14 10:39:22.411920: E /samgraph/3rdparty/collcachelib/coll_cache_lib/freq_recorder.cc:347] bulk append 104189994
[2023-04-14 10:39:22.415354: E /samgraph/3rdparty/collcachelib/coll_cache_lib/freq_recorder.cc:337] bulk append 8809081 into 52869828
[2023-04-14 10:39:22.461010: E /samgraph/3rdparty/collcachelib/coll_cache_lib/freq_recorder.cc:347] bulk append 104157124
[2023-04-14 10:39:22.464383: E /samgraph/3rdparty/collcachelib/coll_cache_lib/freq_recorder.cc:337] bulk append 8815950 into 61678909
[2023-04-14 10:39:22.509070: E /samgraph/3rdparty/collcachelib/coll_cache_lib/freq_recorder.cc:347] bulk append 104171525
[2023-04-14 10:39:22.512417: E /samgraph/3rdparty/collcachelib/coll_cache_lib/freq_recorder.cc:337] bulk append 8809686 into 70494859
[2023-04-14 10:39:22.558033: E /samgraph/3rdparty/collcachelib/coll_cache_lib/freq_recorder.cc:347] bulk append 104027200
[2023-04-14 10:39:22.561415: E /samgraph/3rdparty/collcachelib/coll_cache_lib/freq_recorder.cc:337] bulk append 8816068 into 79304545
[2023-04-14 10:39:22.606689: E /samgraph/3rdparty/collcachelib/coll_cache_lib/freq_recorder.cc:347] bulk append 104151605
[2023-04-14 10:39:23. 43224: E /samgraph/3rdparty/collcachelib/coll_cache_lib/freq_recorder.cc:337] bulk append 8553327 into 88120613
[2023-04-14 10:39:23. 86982: E /samgraph/3rdparty/collcachelib/coll_cache_lib/freq_recorder.cc:347] bulk append 108879936
[2023-04-14 10:39:23. 90264: E /samgraph/3rdparty/collcachelib/coll_cache_lib/freq_recorder.cc:337] bulk append 8556800 into 96673940
[2023-04-14 10:39:23.134596: E /samgraph/3rdparty/collcachelib/coll_cache_lib/freq_recorder.cc:347] bulk append 108980909
[2023-04-14 10:39:23.137906: E /samgraph/3rdparty/collcachelib/coll_cache_lib/freq_recorder.cc:337] bulk append 8551548 into 105230740
[2023-04-14 10:39:23.181802: E /samgraph/3rdparty/collcachelib/coll_cache_lib/freq_recorder.cc:347] bulk append 108982167
[2023-04-14 10:39:23.185113: E /samgraph/3rdparty/collcachelib/coll_cache_lib/freq_recorder.cc:337] bulk append 8556717 into 113782288
[2023-04-14 10:39:23.229588: E /samgraph/3rdparty/collcachelib/coll_cache_lib/freq_recorder.cc:347] bulk append 108941444
[2023-04-14 10:39:23.232913: E /samgraph/3rdparty/collcachelib/coll_cache_lib/freq_recorder.cc:337] bulk append 8550882 into 122339005
[2023-04-14 10:39:23.277357: E /samgraph/3rdparty/collcachelib/coll_cache_lib/freq_recorder.cc:347] bulk append 108895330
[2023-04-14 10:39:23.280671: E /samgraph/3rdparty/collcachelib/coll_cache_lib/freq_recorder.cc:337] bulk append 8557542 into 130889887
[2023-04-14 10:39:23.325114: E /samgraph/3rdparty/collcachelib/coll_cache_lib/freq_recorder.cc:347] bulk append 109030980
[2023-04-14 10:39:23.328428: E /samgraph/3rdparty/collcachelib/coll_cache_lib/freq_recorder.cc:337] bulk append 8549828 into 139447429
[2023-04-14 10:39:23.372835: E /samgraph/3rdparty/collcachelib/coll_cache_lib/freq_recorder.cc:347] bulk append 108888854
[2023-04-14 10:39:23.376153: E /samgraph/3rdparty/collcachelib/coll_cache_lib/freq_recorder.cc:337] bulk append 8557865 into 147997257
[2023-04-14 10:39:23.419764: E /samgraph/3rdparty/collcachelib/coll_cache_lib/freq_recorder.cc:347] bulk append 108949669
[2023-04-14 10:39:23.423070: E /samgraph/3rdparty/collcachelib/coll_cache_lib/freq_recorder.cc:337] bulk append 8549369 into 156555122
[2023-04-14 10:39:23.467411: E /samgraph/3rdparty/collcachelib/coll_cache_lib/freq_recorder.cc:347] bulk append 108791963
[2023-04-14 10:39:23.470725: E /samgraph/3rdparty/collcachelib/coll_cache_lib/freq_recorder.cc:337] bulk append 8555242 into 165104491
[2023-04-14 10:39:23.514914: E /samgraph/3rdparty/collcachelib/coll_cache_lib/freq_recorder.cc:347] bulk append 108957647
[2023-04-14 10:39:23.518263: E /samgraph/3rdparty/collcachelib/coll_cache_lib/freq_recorder.cc:337] bulk append 8410107 into 173659733
[2023-04-14 10:39:23.562128: E /samgraph/3rdparty/collcachelib/coll_cache_lib/freq_recorder.cc:347] bulk append 109059089
[2023-04-14 10:39:23.565541: E /samgraph/3rdparty/collcachelib/coll_cache_lib/freq_recorder.cc:337] bulk append 8414643 into 182069840
[2023-04-14 10:39:23.609212: E /samgraph/3rdparty/collcachelib/coll_cache_lib/freq_recorder.cc:347] bulk append 109195080
[2023-04-14 10:39:23.612491: E /samgraph/3rdparty/collcachelib/coll_cache_lib/freq_recorder.cc:337] bulk append 8410229 into 190484483
[2023-04-14 10:39:23.656429: E /samgraph/3rdparty/collcachelib/coll_cache_lib/freq_recorder.cc:347] bulk append 109172724
[2023-04-14 10:39:23.659817: E /samgraph/3rdparty/collcachelib/coll_cache_lib/freq_recorder.cc:337] bulk append 8414621 into 198894712
[2023-04-14 10:39:23.703791: E /samgraph/3rdparty/collcachelib/coll_cache_lib/freq_recorder.cc:347] bulk append 109192848
[2023-04-14 10:39:23.707187: E /samgraph/3rdparty/collcachelib/coll_cache_lib/freq_recorder.cc:337] bulk append 8409400 into 207309333
[2023-04-14 10:39:23.750909: E /samgraph/3rdparty/collcachelib/coll_cache_lib/freq_recorder.cc:347] bulk append 109073012
[2023-04-14 10:39:23.754279: E /samgraph/3rdparty/collcachelib/coll_cache_lib/freq_recorder.cc:337] bulk append 8415085 into 215718733
[2023-04-14 10:39:23.798264: E /samgraph/3rdparty/collcachelib/coll_cache_lib/freq_recorder.cc:347] bulk append 109229847
[2023-04-14 10:39:23.801652: E /samgraph/3rdparty/collcachelib/coll_cache_lib/freq_recorder.cc:337] bulk append 8410319 into 224133818
[2023-04-14 10:39:23.845379: E /samgraph/3rdparty/collcachelib/coll_cache_lib/freq_recorder.cc:347] bulk append 109126791
[2023-04-14 10:39:23.848720: E /samgraph/3rdparty/collcachelib/coll_cache_lib/freq_recorder.cc:337] bulk append 8415932 into 232544137
[2023-04-14 10:39:23.892665: E /samgraph/3rdparty/collcachelib/coll_cache_lib/freq_recorder.cc:347] bulk append 109160518
[2023-04-14 10:39:23.896046: E /samgraph/3rdparty/collcachelib/coll_cache_lib/freq_recorder.cc:337] bulk append 8408473 into 240960069
[2023-04-14 10:39:23.939688: E /samgraph/3rdparty/collcachelib/coll_cache_lib/freq_recorder.cc:347] bulk append 109031466
[2023-04-14 10:39:23.943055: E /samgraph/3rdparty/collcachelib/coll_cache_lib/freq_recorder.cc:337] bulk append 8412374 into 249368542
[2023-04-14 10:39:23.986765: E /samgraph/3rdparty/collcachelib/coll_cache_lib/freq_recorder.cc:347] bulk append 109157533
[2023-04-14 10:39:23.990171: E /samgraph/3rdparty/collcachelib/coll_cache_lib/freq_recorder.cc:337] bulk append 8410591 into 257780916
[2023-04-14 10:39:24. 33332: E /samgraph/3rdparty/collcachelib/coll_cache_lib/freq_recorder.cc:347] bulk append 109049436
[2023-04-14 10:39:24. 36661: E /samgraph/3rdparty/collcachelib/coll_cache_lib/freq_recorder.cc:337] bulk append 8413265 into 266191507
[2023-04-14 10:39:24. 80539: E /samgraph/3rdparty/collcachelib/coll_cache_lib/freq_recorder.cc:347] bulk append 109188220
[2023-04-14 10:39:24. 83874: E /samgraph/3rdparty/collcachelib/coll_cache_lib/freq_recorder.cc:337] bulk append 8409261 into 274604772
[2023-04-14 10:39:24.127779: E /samgraph/3rdparty/collcachelib/coll_cache_lib/freq_recorder.cc:347] bulk append 109161846
[2023-04-14 10:39:24.131128: E /samgraph/3rdparty/collcachelib/coll_cache_lib/freq_recorder.cc:337] bulk append 8413461 into 283014033
[2023-04-14 10:39:24.174992: E /samgraph/3rdparty/collcachelib/coll_cache_lib/freq_recorder.cc:347] bulk append 109181244
[2023-04-14 10:39:24.178330: E /samgraph/3rdparty/collcachelib/coll_cache_lib/freq_recorder.cc:337] bulk append 8410086 into 291427494
[2023-04-14 10:39:24.222209: E /samgraph/3rdparty/collcachelib/coll_cache_lib/freq_recorder.cc:347] bulk append 109068113
[2023-04-14 10:39:24.225548: E /samgraph/3rdparty/collcachelib/coll_cache_lib/freq_recorder.cc:337] bulk append 8415799 into 299837580
[2023-04-14 10:39:24.269433: E /samgraph/3rdparty/collcachelib/coll_cache_lib/freq_recorder.cc:347] bulk append 109229259
[2023-04-14 10:39:24.272777: E /samgraph/3rdparty/collcachelib/coll_cache_lib/freq_recorder.cc:337] bulk append 8408617 into 308253379
[2023-04-14 10:39:24.315881: E /samgraph/3rdparty/collcachelib/coll_cache_lib/freq_recorder.cc:347] bulk append 109118924
[2023-04-14 10:39:24.319201: E /samgraph/3rdparty/collcachelib/coll_cache_lib/freq_recorder.cc:337] bulk append 8415224 into 316661996
[2023-04-14 10:39:24.363054: E /samgraph/3rdparty/collcachelib/coll_cache_lib/freq_recorder.cc:347] bulk append 109160190
[2023-04-14 10:39:24.366403: E /samgraph/3rdparty/collcachelib/coll_cache_lib/freq_recorder.cc:337] bulk append 8408575 into 325077220
[2023-04-14 10:39:24.409555: E /samgraph/3rdparty/collcachelib/coll_cache_lib/freq_recorder.cc:347] bulk append 109040619
[2023-04-14 10:39:24.412878: E /samgraph/3rdparty/collcachelib/coll_cache_lib/freq_recorder.cc:337] bulk append 8413488 into 333485795
[2023-04-14 10:39:24.455918: E /samgraph/3rdparty/collcachelib/coll_cache_lib/freq_recorder.cc:347] bulk append 109172477
[2023-04-14 10:39:24.459259: E /samgraph/3rdparty/collcachelib/coll_cache_lib/freq_recorder.cc:337] bulk append 8469087 into 341899283
[2023-04-14 10:39:24.502578: E /samgraph/3rdparty/collcachelib/coll_cache_lib/freq_recorder.cc:347] bulk append 109248921
[2023-04-14 10:39:24.505920: E /samgraph/3rdparty/collcachelib/coll_cache_lib/freq_recorder.cc:337] bulk append 8474397 into 350368370
[2023-04-14 10:39:24.549238: E /samgraph/3rdparty/collcachelib/coll_cache_lib/freq_recorder.cc:347] bulk append 109376645
[2023-04-14 10:39:24.552570: E /samgraph/3rdparty/collcachelib/coll_cache_lib/freq_recorder.cc:337] bulk append 8468083 into 358842767
[2023-04-14 10:39:24.595874: E /samgraph/3rdparty/collcachelib/coll_cache_lib/freq_recorder.cc:347] bulk append 109382035
[2023-04-14 10:39:24.599218: E /samgraph/3rdparty/collcachelib/coll_cache_lib/freq_recorder.cc:337] bulk append 8473118 into 367310850
[2023-04-14 10:39:24.643426: E /samgraph/3rdparty/collcachelib/coll_cache_lib/freq_recorder.cc:347] bulk append 109372102
[2023-04-14 10:39:24.646749: E /samgraph/3rdparty/collcachelib/coll_cache_lib/freq_recorder.cc:337] bulk append 8469035 into 375783968
[2023-04-14 10:39:24.690088: E /samgraph/3rdparty/collcachelib/coll_cache_lib/freq_recorder.cc:347] bulk append 109257036
[2023-04-14 10:39:24.693428: E /samgraph/3rdparty/collcachelib/coll_cache_lib/freq_recorder.cc:337] bulk append 8474276 into 384253003
[2023-04-14 10:39:24.737708: E /samgraph/3rdparty/collcachelib/coll_cache_lib/freq_recorder.cc:347] bulk append 109432785
[2023-04-14 10:39:24.741059: E /samgraph/3rdparty/collcachelib/coll_cache_lib/freq_recorder.cc:337] bulk append 8467546 into 392727279
[2023-04-14 10:39:24.784339: E /samgraph/3rdparty/collcachelib/coll_cache_lib/freq_recorder.cc:347] bulk append 109315699
[2023-04-14 10:39:24.787669: E /samgraph/3rdparty/collcachelib/coll_cache_lib/freq_recorder.cc:337] bulk append 8472874 into 401194825
[2023-04-14 10:39:24.831803: E /samgraph/3rdparty/collcachelib/coll_cache_lib/freq_recorder.cc:347] bulk append 109359256
[2023-04-14 10:39:24.835149: E /samgraph/3rdparty/collcachelib/coll_cache_lib/freq_recorder.cc:337] bulk append 8467413 into 409667699
[2023-04-14 10:39:24.879264: E /samgraph/3rdparty/collcachelib/coll_cache_lib/freq_recorder.cc:347] bulk append 109246702
[2023-04-14 10:39:24.882609: E /samgraph/3rdparty/collcachelib/coll_cache_lib/freq_recorder.cc:337] bulk append 8471731 into 418135112
[2023-04-14 10:39:24.925896: E /samgraph/3rdparty/collcachelib/coll_cache_lib/freq_recorder.cc:347] bulk append 109353316
[2023-04-14 10:39:24.929254: E /samgraph/3rdparty/collcachelib/coll_cache_lib/freq_recorder.cc:337] bulk append 8611197 into 426606843
[2023-04-14 10:39:24.973786: E /samgraph/3rdparty/collcachelib/coll_cache_lib/freq_recorder.cc:347] bulk append 107671288
[2023-04-14 10:39:24.977158: E /samgraph/3rdparty/collcachelib/coll_cache_lib/freq_recorder.cc:337] bulk append 8616247 into 435218040
[2023-04-14 10:39:25. 21650: E /samgraph/3rdparty/collcachelib/coll_cache_lib/freq_recorder.cc:347] bulk append 107799062
[2023-04-14 10:39:25. 25029: E /samgraph/3rdparty/collcachelib/coll_cache_lib/freq_recorder.cc:337] bulk append 8610582 into 443834287
[2023-04-14 10:39:25. 69588: E /samgraph/3rdparty/collcachelib/coll_cache_lib/freq_recorder.cc:347] bulk append 107779764
[2023-04-14 10:39:25. 72937: E /samgraph/3rdparty/collcachelib/coll_cache_lib/freq_recorder.cc:337] bulk append 8615116 into 452444869
[2023-04-14 10:39:25.117440: E /samgraph/3rdparty/collcachelib/coll_cache_lib/freq_recorder.cc:347] bulk append 107766417
[2023-04-14 10:39:25.120812: E /samgraph/3rdparty/collcachelib/coll_cache_lib/freq_recorder.cc:337] bulk append 8611839 into 461059985
[2023-04-14 10:39:25.165656: E /samgraph/3rdparty/collcachelib/coll_cache_lib/freq_recorder.cc:347] bulk append 107689185
[2023-04-14 10:39:25.169033: E /samgraph/3rdparty/collcachelib/coll_cache_lib/freq_recorder.cc:337] bulk append 8619079 into 469671824
[2023-04-14 10:39:25.213789: E /samgraph/3rdparty/collcachelib/coll_cache_lib/freq_recorder.cc:347] bulk append 107840009
[2023-04-14 10:39:25.217173: E /samgraph/3rdparty/collcachelib/coll_cache_lib/freq_recorder.cc:337] bulk append 8610742 into 478290903
[2023-04-14 10:39:25.261601: E /samgraph/3rdparty/collcachelib/coll_cache_lib/freq_recorder.cc:347] bulk append 107731813
[2023-04-14 10:39:25.264952: E /samgraph/3rdparty/collcachelib/coll_cache_lib/freq_recorder.cc:337] bulk append 8617577 into 486901645
[2023-04-14 10:39:25.309623: E /samgraph/3rdparty/collcachelib/coll_cache_lib/freq_recorder.cc:347] bulk append 107795375
[2023-04-14 10:39:25.313003: E /samgraph/3rdparty/collcachelib/coll_cache_lib/freq_recorder.cc:337] bulk append 8609912 into 495519222
[2023-04-14 10:39:25.357466: E /samgraph/3rdparty/collcachelib/coll_cache_lib/freq_recorder.cc:347] bulk append 107679305
[2023-04-14 10:39:25.360810: E /samgraph/3rdparty/collcachelib/coll_cache_lib/freq_recorder.cc:337] bulk append 8615344 into 504129134
[2023-04-14 10:39:25.405367: E /samgraph/3rdparty/collcachelib/coll_cache_lib/freq_recorder.cc:347] bulk append 107770762
[2023-04-14 10:39:25.408744: E /samgraph/3rdparty/collcachelib/coll_cache_lib/freq_recorder.cc:337] bulk append 8747856 into 512744478
[2023-04-14 10:39:25.453224: E /samgraph/3rdparty/collcachelib/coll_cache_lib/freq_recorder.cc:347] bulk append 103948164
[2023-04-14 10:39:25.456513: E /samgraph/3rdparty/collcachelib/coll_cache_lib/freq_recorder.cc:337] bulk append 8750084 into 521492334
[2023-04-14 10:39:25.501729: E /samgraph/3rdparty/collcachelib/coll_cache_lib/freq_recorder.cc:347] bulk append 104038948
[2023-04-14 10:39:25.505041: E /samgraph/3rdparty/collcachelib/coll_cache_lib/freq_recorder.cc:337] bulk append 8747364 into 530242418
[2023-04-14 10:39:25.549551: E /samgraph/3rdparty/collcachelib/coll_cache_lib/freq_recorder.cc:347] bulk append 104039884
[2023-04-14 10:39:25.552852: E /samgraph/3rdparty/collcachelib/coll_cache_lib/freq_recorder.cc:337] bulk append 8752169 into 538989782
[2023-04-14 10:39:25.598158: E /samgraph/3rdparty/collcachelib/coll_cache_lib/freq_recorder.cc:347] bulk append 104037419
[2023-04-14 10:39:25.601480: E /samgraph/3rdparty/collcachelib/coll_cache_lib/freq_recorder.cc:337] bulk append 8746098 into 547741951
[2023-04-14 10:39:25.645920: E /samgraph/3rdparty/collcachelib/coll_cache_lib/freq_recorder.cc:347] bulk append 103968464
[2023-04-14 10:39:25.649240: E /samgraph/3rdparty/collcachelib/coll_cache_lib/freq_recorder.cc:337] bulk append 8752261 into 556488049
[2023-04-14 10:39:25.693617: E /samgraph/3rdparty/collcachelib/coll_cache_lib/freq_recorder.cc:347] bulk append 104085856
[2023-04-14 10:39:25.696943: E /samgraph/3rdparty/collcachelib/coll_cache_lib/freq_recorder.cc:337] bulk append 8746549 into 565240310
[2023-04-14 10:39:25.741352: E /samgraph/3rdparty/collcachelib/coll_cache_lib/freq_recorder.cc:347] bulk append 103976636
[2023-04-14 10:39:25.744647: E /samgraph/3rdparty/collcachelib/coll_cache_lib/freq_recorder.cc:337] bulk append 8752604 into 573986859
[2023-04-14 10:39:25.789960: E /samgraph/3rdparty/collcachelib/coll_cache_lib/freq_recorder.cc:347] bulk append 104039648
[2023-04-14 10:39:25.793265: E /samgraph/3rdparty/collcachelib/coll_cache_lib/freq_recorder.cc:337] bulk append 8746593 into 582739463
[2023-04-14 10:39:25.838443: E /samgraph/3rdparty/collcachelib/coll_cache_lib/freq_recorder.cc:347] bulk append 103909076
[2023-04-14 10:39:25.841746: E /samgraph/3rdparty/collcachelib/coll_cache_lib/freq_recorder.cc:337] bulk append 8750636 into 591486056
[2023-04-14 10:39:25.886155: E /samgraph/3rdparty/collcachelib/coll_cache_lib/freq_recorder.cc:347] bulk append 104039121
[2023-04-14 10:39:25.889478: E /samgraph/3rdparty/collcachelib/coll_cache_lib/freq_recorder.cc:337] bulk append 8691136 into 600236692
[2023-04-14 10:39:25.934222: E /samgraph/3rdparty/collcachelib/coll_cache_lib/freq_recorder.cc:347] bulk append 97673502
[2023-04-14 10:39:25.937558: E /samgraph/3rdparty/collcachelib/coll_cache_lib/freq_recorder.cc:337] bulk append 8694987 into 608927828
[2023-04-14 10:39:25.982262: E /samgraph/3rdparty/collcachelib/coll_cache_lib/freq_recorder.cc:347] bulk append 97791550
[2023-04-14 10:39:25.985601: E /samgraph/3rdparty/collcachelib/coll_cache_lib/freq_recorder.cc:337] bulk append 8689533 into 617622815
[2023-04-14 10:39:26. 30616: E /samgraph/3rdparty/collcachelib/coll_cache_lib/freq_recorder.cc:347] bulk append 97778431
[2023-04-14 10:39:26. 33951: E /samgraph/3rdparty/collcachelib/coll_cache_lib/freq_recorder.cc:337] bulk append 8692752 into 626312348
[2023-04-14 10:39:26. 78963: E /samgraph/3rdparty/collcachelib/coll_cache_lib/freq_recorder.cc:347] bulk append 97759415
[2023-04-14 10:39:26. 82288: E /samgraph/3rdparty/collcachelib/coll_cache_lib/freq_recorder.cc:337] bulk append 8691327 into 635005100
[2023-04-14 10:39:26.127417: E /samgraph/3rdparty/collcachelib/coll_cache_lib/freq_recorder.cc:347] bulk append 97717234
[2023-04-14 10:39:26.130744: E /samgraph/3rdparty/collcachelib/coll_cache_lib/freq_recorder.cc:337] bulk append 8694914 into 643696427
[2023-04-14 10:39:26.175738: E /samgraph/3rdparty/collcachelib/coll_cache_lib/freq_recorder.cc:347] bulk append 97867389
[2023-04-14 10:39:26.179071: E /samgraph/3rdparty/collcachelib/coll_cache_lib/freq_recorder.cc:337] bulk append 8689544 into 652391341
[2023-04-14 10:39:26.224119: E /samgraph/3rdparty/collcachelib/coll_cache_lib/freq_recorder.cc:347] bulk append 97741338
[2023-04-14 10:39:26.227465: E /samgraph/3rdparty/collcachelib/coll_cache_lib/freq_recorder.cc:337] bulk append 8695668 into 661080885
[2023-04-14 10:39:26.272493: E /samgraph/3rdparty/collcachelib/coll_cache_lib/freq_recorder.cc:347] bulk append 97821136
[2023-04-14 10:39:26.275829: E /samgraph/3rdparty/collcachelib/coll_cache_lib/freq_recorder.cc:337] bulk append 8689755 into 669776553
[2023-04-14 10:39:26.320726: E /samgraph/3rdparty/collcachelib/coll_cache_lib/freq_recorder.cc:347] bulk append 97658364
[2023-04-14 10:39:26.324056: E /samgraph/3rdparty/collcachelib/coll_cache_lib/freq_recorder.cc:337] bulk append 8693924 into 678466308
[2023-04-14 10:39:26.369009: E /samgraph/3rdparty/collcachelib/coll_cache_lib/freq_recorder.cc:347] bulk append 97808387
[2023-04-14 10:39:26.372354: [E2023-04-14 10:39:26 ./samgraph/3rdparty/collcachelib/coll_cache_lib/freq_recorder.cc[[372390:[2023-04-14 10:39:26[[[2023-04-14 10:39:26: 2662023-04-14 10:39:26.2023-04-14 10:39:262023-04-14 10:39:262023-04-14 10:39:26.E] .372395...372404 freq recorder global combining372403: 372410372408372406: /samgraph/3rdparty/collcachelib/coll_cache_lib/run_config.cc
: E: : : E:E EEE 141 /samgraph/3rdparty/collcachelib/coll_cache_lib/run_config.cc   /samgraph/3rdparty/collcachelib/coll_cache_lib/run_config.cc] /samgraph/3rdparty/collcachelib/coll_cache_lib/run_config.cc:/samgraph/3rdparty/collcachelib/coll_cache_lib/run_config.cc/samgraph/3rdparty/collcachelib/coll_cache_lib/run_config.cc/samgraph/3rdparty/collcachelib/coll_cache_lib/run_config.cc:using concurrent impl MPSPhase:141:::141
141] 141141141] ] using concurrent impl MPSPhase] [] ] using concurrent impl MPSPhaseusing concurrent impl MPSPhase
using concurrent impl MPSPhase2023-04-14 10:39:26using concurrent impl MPSPhaseusing concurrent impl MPSPhase


.[

3726752023-04-14 10:39:26[[[: .[2023-04-14 10:39:262023-04-14 10:39:26[2023-04-14 10:39:26E3727332023-04-14 10:39:26..2023-04-14 10:39:26. : .372751372753.372755/samgraph/3rdparty/collcachelib/coll_cache_lib/facade.ccE372764: : 372767: : : EE: E409/samgraph/3rdparty/collcachelib/coll_cache_lib/facade.ccE  E ] : /samgraph/3rdparty/collcachelib/coll_cache_lib/facade.cc/samgraph/3rdparty/collcachelib/coll_cache_lib/facade.cc /samgraph/3rdparty/collcachelib/coll_cache_lib/facade.ccbefore scale, dtype is 0, dim is 128409/samgraph/3rdparty/collcachelib/coll_cache_lib/facade.cc::/samgraph/3rdparty/collcachelib/coll_cache_lib/facade.cc:
] :409409:409before scale, dtype is 0, dim is 128[409] ] 409] 
2023-04-14 10:39:26] before scale, dtype is 0, dim is 128before scale, dtype is 0, dim is 128] before scale, dtype is 0, dim is 128.[before scale, dtype is 0, dim is 128

before scale, dtype is 0, dim is 128
3729482023-04-14 10:39:26

[[: [.[2023-04-14 10:39:262023-04-14 10:39:26[E2023-04-14 10:39:263729912023-04-14 10:39:26..2023-04-14 10:39:26 .: .373019373021./samgraph/3rdparty/collcachelib/coll_cache_lib/facade.cc373029E373038: : 373042::  : EE: 415E/samgraph/3rdparty/collcachelib/coll_cache_lib/facade.ccE  E]  : /samgraph/3rdparty/collcachelib/coll_cache_lib/facade.cc/samgraph/3rdparty/collcachelib/coll_cache_lib/facade.cc after scale, dtype is 7, new dim is 32/samgraph/3rdparty/collcachelib/coll_cache_lib/facade.cc415/samgraph/3rdparty/collcachelib/coll_cache_lib/facade.cc::/samgraph/3rdparty/collcachelib/coll_cache_lib/facade.cc
:] :415415:415after scale, dtype is 7, new dim is 32415] ] 415] 
] after scale, dtype is 7, new dim is 32after scale, dtype is 7, new dim is 32] after scale, dtype is 7, new dim is 32after scale, dtype is 7, new dim is 32

after scale, dtype is 7, new dim is 32


[2023-04-14 10:39:26.376979: E /samgraph/3rdparty/collcachelib/coll_cache_lib/coll_cache/asymm_link_desc.cc:181] v100x8, slow pcie
[2023-04-14 10:39:26.377015: E /samgraph/3rdparty/collcachelib/coll_cache_lib/coll_cache/asymm_link_desc.cc:207[] 2023-04-14 10:39:26assigning 8 to cpu.
377028: E /samgraph/3rdparty/collcachelib/coll_cache_lib/coll_cache/asymm_link_desc.cc:181] v100x8, slow pcie
[2023-04-14 10:39:26.377068: E /samgraph/3rdparty/collcachelib/coll_cache_lib/coll_cache/asymm_link_desc.cc:[207[2023-04-14 10:39:26] 2023-04-14 10:39:26.assigning 8 to cpu.377080
377079: : EE  [/samgraph/3rdparty/collcachelib/coll_cache_lib/coll_cache/asymm_link_desc.cc/samgraph/3rdparty/collcachelib/coll_cache_lib/coll_cache/asymm_link_desc.cc2023-04-14 10:39:26::.[2241813771262023-04-14 10:39:26] ] : .[build asymm link desc with 8X Tesla V100-SXM2-32GB out of 8v100x8, slow pcieE3771492023-04-14 10:39:26

 : ./samgraph/3rdparty/collcachelib/coll_cache_lib/coll_cache/asymm_link_desc.ccE[[377172:[ 2023-04-14 10:39:262023-04-14 10:39:26: 1812023-04-14 10:39:26/samgraph/3rdparty/collcachelib/coll_cache_lib/coll_cache/asymm_link_desc.cc..E] .:377217377216 [v100x8, slow pcie377224224: : /samgraph/3rdparty/collcachelib/coll_cache_lib/coll_cache/asymm_link_desc.cc2023-04-14 10:39:26
: ] EE:181] .Ebuild asymm link desc with 8X Tesla V100-SXM2-32GB out of 8[  v100x8, slow pcie377264 
2023-04-14 10:39:26/samgraph/3rdparty/collcachelib/coll_cache_lib/coll_cache/asymm_link_desc.cc/samgraph/3rdparty/collcachelib/coll_cache_lib/coll_cache/asymm_link_desc.cc
: /samgraph/3rdparty/collcachelib/coll_cache_lib/coll_cache/asymm_link_desc.cc.::E[:377316[207181 2023-04-14 10:39:26225: 2023-04-14 10:39:26] ] /samgraph/3rdparty/collcachelib/coll_cache_lib/coll_cache/asymm_link_desc.cc.] E.assigning 8 to cpuv100x8, slow pcie:377369remote time is 15.5556 377373

181: 
/samgraph/3rdparty/collcachelib/coll_cache_lib/coll_cache/asymm_link_desc.cc: ] [E[:Ev100x8, slow pcie2023-04-14 10:39:26 2023-04-14 10:39:26[207 
./samgraph/3rdparty/collcachelib/coll_cache_lib/coll_cache/asymm_link_desc.cc.2023-04-14 10:39:26] /samgraph/3rdparty/collcachelib/coll_cache_lib/coll_cache/asymm_link_desc.cc377460:377453[.assigning 8 to cpu:: 225: 2023-04-14 10:39:26377469
207E] E.: ]  remote time is 15.5556 377502Eassigning 8 to cpu/samgraph/3rdparty/collcachelib/coll_cache_lib/coll_cache/asymm_link_desc.cc
/samgraph/3rdparty/collcachelib/coll_cache_lib/coll_cache/asymm_link_desc.cc[:  
::2023-04-14 10:39:26[E/samgraph/3rdparty/collcachelib/coll_cache_lib/coll_cache/asymm_link_desc.cc226207.2023-04-14 10:39:26 :] ] 377586./samgraph/3rdparty/collcachelib/coll_cache_lib/coll_cache/asymm_link_desc.cc[224cpu time is 102.941assigning 8 to cpu: 377605:2023-04-14 10:39:26] 

E: 207.build asymm link desc with 8X Tesla V100-SXM2-32GB out of 8 E] 377647
/samgraph/3rdparty/collcachelib/coll_cache_lib/coll_cache/asymm_link_desc.cc assigning 8 to cpu: :/samgraph/3rdparty/collcachelib/coll_cache_lib/coll_cache/asymm_link_desc.cc
[E[224[:2023-04-14 10:39:26 2023-04-14 10:39:26] 2023-04-14 10:39:26226./samgraph/3rdparty/collcachelib/coll_cache_lib/coll_cache/asymm_link_desc.cc.build asymm link desc with 8X Tesla V100-SXM2-32GB out of 8.[] 377723:377731
3777352023-04-14 10:39:26cpu time is 102.941: 224: : .
E[] EE377767 2023-04-14 10:39:26build asymm link desc with 8X Tesla V100-SXM2-32GB out of 8  : /samgraph/3rdparty/collcachelib/coll_cache_lib/facade.cc.
/samgraph/3rdparty/collcachelib/coll_cache_lib/coll_cache/asymm_link_desc.cc/samgraph/3rdparty/collcachelib/coll_cache_lib/coll_cache/asymm_link_desc.ccE[:377808:: 2023-04-14 10:39:26[425: 224225/samgraph/3rdparty/collcachelib/coll_cache_lib/coll_cache/asymm_link_desc.cc.2023-04-14 10:39:26] E] ] :377847.registering cpu data with 8.00 GB build asymm link desc with 8X Tesla V100-SXM2-32GB out of 8remote time is 15.5556224: 377868
/samgraph/3rdparty/collcachelib/coll_cache_lib/coll_cache/asymm_link_desc.cc

] E: :build asymm link desc with 8X Tesla V100-SXM2-32GB out of 8 [[E225
/samgraph/3rdparty/collcachelib/coll_cache_lib/facade.cc2023-04-14 10:39:262023-04-14 10:39:26 ] :../samgraph/3rdparty/collcachelib/coll_cache_lib/coll_cache/asymm_link_desc.cc[remote time is 15.5556425377965377966:2023-04-14 10:39:26
] : : 225.registering cpu data with 8.00 GBE[E] 377998
 2023-04-14 10:39:26 remote time is 15.5556: /samgraph/3rdparty/collcachelib/coll_cache_lib/coll_cache/asymm_link_desc.cc./samgraph/3rdparty/collcachelib/coll_cache_lib/coll_cache/asymm_link_desc.cc
E:378043: [226: 225/samgraph/3rdparty/collcachelib/coll_cache_lib/coll_cache/asymm_link_desc.cc2023-04-14 10:39:26] E] :.cpu time is 102.941 remote time is 15.5556225378096
/samgraph/3rdparty/collcachelib/coll_cache_lib/coll_cache/asymm_link_desc.cc
] : :remote time is 15.5556[E226
2023-04-14 10:39:26 ] [./samgraph/3rdparty/collcachelib/coll_cache_lib/coll_cache/asymm_link_desc.cc[cpu time is 102.9412023-04-14 10:39:26378158:2023-04-14 10:39:26
.: 226.378174E] 378182:  cpu time is 102.941: E/samgraph/3rdparty/collcachelib/coll_cache_lib/coll_cache/asymm_link_desc.cc
[E :2023-04-14 10:39:26 /samgraph/3rdparty/collcachelib/coll_cache_lib/facade.cc226./samgraph/3rdparty/collcachelib/coll_cache_lib/coll_cache/asymm_link_desc.cc:] 378237:425[cpu time is 102.941: 226] 2023-04-14 10:39:26
E] registering cpu data with 8.00 GB. cpu time is 102.941
378276/samgraph/3rdparty/collcachelib/coll_cache_lib/facade.cc
: :E425 ] /samgraph/3rdparty/collcachelib/coll_cache_lib/facade.ccregistering cpu data with 8.00 GB:
[4252023-04-14 10:39:26] .registering cpu data with 8.00 GB378337
: [E2023-04-14 10:39:26 ./samgraph/3rdparty/collcachelib/coll_cache_lib/facade.cc378363:: 425E]  registering cpu data with 8.00 GB/samgraph/3rdparty/collcachelib/coll_cache_lib/facade.cc
:425] registering cpu data with 8.00 GB
[2023-04-14 10:39:28.621003: E /samgraph/3rdparty/collcachelib/coll_cache_lib/facade.cc:427] registering cpu data done.
[2023-04-14 10:39:28.621254: E /samgraph/3rdparty/collcachelib/coll_cache_lib/facade.cc:427] registering cpu data done.
[2023-04-14 10:39:28.621526: E /samgraph/3rdparty/collcachelib/coll_cache_lib/facade.cc:427] registering cpu data done.
[2023-04-14 10:39:28.621840: E /samgraph/3rdparty/collcachelib/coll_cache_lib/facade.cc:427] registering cpu data done.
[2023-04-14 10:39:28.622094: E /samgraph/3rdparty/collcachelib/coll_cache_lib/facade.cc:427] registering cpu data done.
[2023-04-14 10:39:28.622692: E /samgraph/3rdparty/collcachelib/coll_cache_lib/facade.cc:427] registering cpu data done.
[2023-04-14 10:39:28.624619: E /samgraph/3rdparty/collcachelib/coll_cache_lib/facade.cc:427] registering cpu data done.
[2023-04-14 10:39:55.235328: E /samgraph/3rdparty/collcachelib/coll_cache_lib/freq_recorder.cc:269] freq recorder global combine from 687160232 to 107850119
[2023-04-14 10:39:58.333475: E /samgraph/3rdparty/collcachelib/coll_cache_lib/freq_recorder.cc:286] top 5 freq is 2000,2000,2000,2000,2000
[2023-04-14 10:39:58.333596: E /samgraph/3rdparty/collcachelib/coll_cache_lib/run_config.cc:141] using concurrent impl MPSPhase
[2023-04-14 10:39:58.333630: E /samgraph/3rdparty/collcachelib/coll_cache_lib/facade.cc:409] before scale, dtype is 0, dim is 128
[2023-04-14 10:39:58.333660: E /samgraph/3rdparty/collcachelib/coll_cache_lib/facade.cc:415] after scale, dtype is 7, new dim is 32
[2023-04-14 10:39:58.334204: E /samgraph/3rdparty/collcachelib/coll_cache_lib/coll_cache/asymm_link_desc.cc:181] v100x8, slow pcie
[2023-04-14 10:39:58.334238: E /samgraph/3rdparty/collcachelib/coll_cache_lib/coll_cache/asymm_link_desc.cc:207] assigning 8 to cpu
[2023-04-14 10:39:58.334291: E /samgraph/3rdparty/collcachelib/coll_cache_lib/coll_cache/asymm_link_desc.cc:224] build asymm link desc with 8X Tesla V100-SXM2-32GB out of 8
[2023-04-14 10:39:58.334332: E /samgraph/3rdparty/collcachelib/coll_cache_lib/coll_cache/asymm_link_desc.cc:225] remote time is 15.5556
[2023-04-14 10:39:58.334361: E /samgraph/3rdparty/collcachelib/coll_cache_lib/coll_cache/asymm_link_desc.cc:226] cpu time is 102.941
[2023-04-14 10:39:58.334419: E /samgraph/3rdparty/collcachelib/coll_cache_lib/facade.cc:425] registering cpu data with 8.00 GB
[2023-04-14 10:39:58.787958: E /samgraph/3rdparty/collcachelib/coll_cache_lib/facade.cc:427] registering cpu data done.
[2023-04-14 10:39:58.788047: E /samgraph/3rdparty/collcachelib/coll_cache_lib/facade.cc:174] creating solver
[2023-04-14 10:39:58.788077: E /samgraph/3rdparty/collcachelib/coll_cache_lib/facade.cc:214] solver created. now build & solve
[2023-04-14 10:39:59.716871: E /samgraph/3rdparty/collcachelib/coll_cache_lib/facade.cc:218] solver built. now solve
[2023-04-14 10:39:59.717007: E /samgraph/3rdparty/collcachelib/coll_cache_lib/coll_cache/optimal_solver_class.cc:1474] num_cached_nodes = 27764989
[2023-04-14 10:39:59.963336: E /samgraph/3rdparty/collcachelib/coll_cache_lib/facade.cc:222] solver solved
[2023-04-14 10:39:59.990887: E /samgraph/3rdparty/collcachelib/coll_cache_lib/facade.cc:437] 0 solved master
[2023-04-14 10:39:59.990942: E /samgraph/3rdparty/collcachelib/coll_cache_lib/facade.cc:444] 0 solved
[2023-04-14 10:39:59.990971: E /samgraph/3rdparty/collcachelib/coll_cache_lib/facade.cc:447] worker 0 thread 0 initing device 0
[2023-04-14 10:39:59.991583: E /samgraph/3rdparty/collcachelib/coll_cache_lib/cache_context.cu:2320] Building Coll Cache with ... num gpu device is 8
[2023-04-14 10:39:59.991670: E /samgraph/3rdparty/collcachelib/coll_cache_lib/cuda/cache_hashtable.cuh:611] per src size local is 30541587
[2023-04-14 10:40:00.  8712: E /samgraph/3rdparty/collcachelib/coll_cache_lib/facade.cc:444] 6 solved
[2023-04-14 10:40:00.  8785: E /samgraph/3rdparty/collcachelib/coll_cache_lib/facade.cc:447] worker 0 thread 6 initing device 6
[2023-04-14 10:40:00.  9011: E /samgraph/3rdparty/collcachelib/coll_cache_lib/facade.cc:444] 7 solved
[2023-04-14 10:40:00.  9068: E /samgraph/3rdparty/collcachelib/coll_cache_lib/facade.cc:447] worker 0 thread 7 initing device 7
[2023-04-14 10:40:00.  9147: E /samgraph/3rdparty/collcachelib/coll_cache_lib/cache_context.cu:2320] Building Coll Cache with ... num gpu device is 8
[2023-04-14 10:40:00.  9397: E /samgraph/3rdparty/collcachelib/coll_cache_lib/cache_context.cu:2320] Building Coll Cache with ... num gpu device is 8
[2023-04-14 10:40:00. 45141: E /samgraph/3rdparty/collcachelib/coll_cache_lib/facade.cc:444] 2 solved
[2023-04-14 10:40:00. 45233: E /samgraph/3rdparty/collcachelib/coll_cache_lib/facade.cc:447] worker 0 thread 2 initing device 2[
2023-04-14 10:40:00. 45234: E /samgraph/3rdparty/collcachelib/coll_cache_lib/facade.cc:444] 3 solved
[2023-04-14 10:40:00. 45294: E /samgraph/3rdparty/collcachelib/coll_cache_lib/facade.cc:447] worker 0 thread 3 initing device 3
[2023-04-14 10:40:00. 45613: E /samgraph/3rdparty/collcachelib/coll_cache_lib/cache_context.cu:2320] Building Coll Cache with ... num gpu device is 8
[2023-04-14 10:40:00. 45648: E /samgraph/3rdparty/collcachelib/coll_cache_lib/cache_context.cu:2320] Building Coll Cache with ... num gpu device is 8
[2023-04-14 10:40:00. 49155: E /samgraph/3rdparty/collcachelib/coll_cache_lib/facade.cc:444] 1 solved
[2023-04-14 10:40:00. 49220: E /samgraph/3rdparty/collcachelib/coll_cache_lib/facade.cc:447] worker 0 thread 1 initing device 1
[2023-04-14 10:40:00. 49559: E /samgraph/3rdparty/collcachelib/coll_cache_lib/cache_context.cu:2320] Building Coll Cache with ... num gpu device is 8
[2023-04-14 10:40:00. 62359: E /samgraph/3rdparty/collcachelib/coll_cache_lib/facade.cc:444] 4 solved
[2023-04-14 10:40:00. 62442: E /samgraph/3rdparty/collcachelib/coll_cache_lib/facade.cc:447] worker 0 thread 4 initing device 4
[2023-04-14 10:40:00. 62687: E /samgraph/3rdparty/collcachelib/coll_cache_lib/facade.cc:444] 5 solved
[2023-04-14 10:40:00. 62768: E /samgraph/3rdparty/collcachelib/coll_cache_lib/facade.cc:447] worker 0 thread 5 initing device 5
[2023-04-14 10:40:00. 62803: E /samgraph/3rdparty/collcachelib/coll_cache_lib/cache_context.cu:2320] Building Coll Cache with ... num gpu device is 8
[2023-04-14 10:40:00. 63231: E /samgraph/3rdparty/collcachelib/coll_cache_lib/cache_context.cu:2320] Building Coll Cache with ... num gpu device is 8
[2023-04-14 10:40:00.193489: E /samgraph/3rdparty/collcachelib/coll_cache_lib/common.cc:261] making a tensor with 0 num item
[2023-04-14 10:40:00.193569: E /samgraph/3rdparty/collcachelib/coll_cache_lib/cache_context.cu:2362] num cpu nodes is 83294967
[2023-04-14 10:40:00.196743: E /samgraph/3rdparty/collcachelib/coll_cache_lib/common.cc:261] making a tensor with 0 num item
[2023-04-14 10:40:00.196822: E /samgraph/3rdparty/collcachelib/coll_cache_lib/cache_context.cu:2362] num cpu nodes is 83294967
[2023-04-14 10:40:00.199891: E /samgraph/3rdparty/collcachelib/coll_cache_lib/common.cc:261] making a tensor with 0 num item
[2023-04-14 10:40:00.199955: E /samgraph/3rdparty/collcachelib/coll_cache_lib/cache_context.cu:2362] num cpu nodes is 83294967
[2023-04-14 10:40:00.220100: E /samgraph/3rdparty/collcachelib/coll_cache_lib/common.cc:261] making a tensor with 0 num item
[2023-04-14 10:40:00.220168: E /samgraph/3rdparty/collcachelib/coll_cache_lib/cache_context.cu:2362] num cpu nodes is 83294967
[2023-04-14 10:40:00.228198: E /samgraph/3rdparty/collcachelib/coll_cache_lib/common.cc:261] making a tensor with 0 num item
[2023-04-14 10:40:00.228255: E /samgraph/3rdparty/collcachelib/coll_cache_lib/cache_context.cu:2362] num cpu nodes is 83294967
[2023-04-14 10:40:00.242682: E /samgraph/3rdparty/collcachelib/coll_cache_lib/common.cc:261] making a tensor with 0 num item
[2023-04-14 10:40:00.242736: E /samgraph/3rdparty/collcachelib/coll_cache_lib/cache_context.cu:2362] num cpu nodes is 83294967
[2023-04-14 10:40:00.243461: E /samgraph/3rdparty/collcachelib/coll_cache_lib/common.cc:261] making a tensor with 0 num item
[2023-04-14 10:40:00.243514: E /samgraph/3rdparty/collcachelib/coll_cache_lib/cache_context.cu:2362] num cpu nodes is 83294967
[2023-04-14 10:40:00.251727: E /samgraph/3rdparty/collcachelib/coll_cache_lib/common.cc:261] making a tensor with 0 num item
[2023-04-14 10:40:00.251801: E /samgraph/3rdparty/collcachelib/coll_cache_lib/cache_context.cu:2362] num cpu nodes is 83294967
[2023-04-14 10:40:02.635654: E /samgraph/3rdparty/collcachelib/coll_cache_lib/cuda/cache_hashtable.cu:355] create a hashtable with 27764989 possible elem, scale to 67108864
[2023-04-14 10:40:02.635729: E /samgraph/3rdparty/collcachelib/coll_cache_lib/cuda/cache_hashtable.cu:360] SimpleHashTable allocating 512.00 MB
[2023-04-14 10:40:02.637464: E /samgraph/3rdparty/collcachelib/coll_cache_lib/cuda/cache_hashtable.cu:355] create a hashtable with 27764989 possible elem, scale to 67108864
[2023-04-14 10:40:02.637541: E /samgraph/3rdparty/collcachelib/coll_cache_lib/cuda/cache_hashtable.cu:360] SimpleHashTable allocating 512.00 MB
[2023-04-14 10:40:02.637686: E /samgraph/3rdparty/collcachelib/coll_cache_lib/cuda/cache_hashtable.cu:355] create a hashtable with 27764989 possible elem, scale to 67108864
[2023-04-14 10:40:02.637746: E /samgraph/3rdparty/collcachelib/coll_cache_lib/cuda/cache_hashtable.cu:360] SimpleHashTable allocating 512.00 MB
[2023-04-14 10:40:02.637806: E /samgraph/3rdparty/collcachelib/coll_cache_lib/cuda/cache_hashtable.cu:355] create a hashtable with 27764989 possible elem, scale to 67108864
[2023-04-14 10:40:02.637864: E /samgraph/3rdparty/collcachelib/coll_cache_lib/cuda/cache_hashtable.cu:360] SimpleHashTable allocating 512.00 MB
[2023-04-14 10:40:02.639098: E /samgraph/3rdparty/collcachelib/coll_cache_lib/cuda/cache_hashtable.cu:355] create a hashtable with 27764989 possible elem, scale to 67108864
[2023-04-14 10:40:02.639163: E /samgraph/3rdparty/collcachelib/coll_cache_lib/cuda/cache_hashtable.cu:360] SimpleHashTable allocating 512.00 MB
[2023-04-14 10:40:02.639573: E /samgraph/3rdparty/collcachelib/coll_cache_lib/cuda/cache_hashtable.cu:355] create a hashtable with 27764989 possible elem, scale to 67108864
[2023-04-14 10:40:02.639631: E /samgraph/3rdparty/collcachelib/coll_cache_lib/cuda/cache_hashtable.cu:360] SimpleHashTable allocating 512.00 MB
[2023-04-14 10:40:02.640354: E /samgraph/3rdparty/collcachelib/coll_cache_lib/cuda/cache_hashtable.cu:355] create a hashtable with 27764989 possible elem, scale to 67108864
[2023-04-14 10:40:02.640414: E /samgraph/3rdparty/collcachelib/coll_cache_lib/cuda/cache_hashtable.cu:360] SimpleHashTable allocating 512.00 MB
[2023-04-14 10:40:02.640755: E /samgraph/3rdparty/collcachelib/coll_cache_lib/cuda/cache_hashtable.cu:355] create a hashtable with 27764989 possible elem, scale to 67108864
[2023-04-14 10:40:02.640810: E /samgraph/3rdparty/collcachelib/coll_cache_lib/cuda/cache_hashtable.cu:360] SimpleHashTable allocating 512.00 MB
[2023-04-14 10:40:02.710827: E /samgraph/3rdparty/collcachelib/coll_cache_lib/common.cc:107] too many mem allocated for forcescale?27876048->111059
[2023-04-14 10:40:02.711170: E /samgraph/3rdparty/collcachelib/coll_cache_lib/common.cc:107] too many mem allocated for forcescale?27876048->111059
[2023-04-14 10:40:02.711459: E /samgraph/3rdparty/collcachelib/coll_cache_lib/common.cc:107] too many mem allocated for forcescale?27876048->111059
[2023-04-14 10:40:02.711808: E /samgraph/3rdparty/collcachelib/coll_cache_lib/common.cc:107] too many mem allocated for forcescale?27876048->111059
[2023-04-14 10:40:02.712178: E /samgraph/3rdparty/collcachelib/coll_cache_lib/common.cc:107] too many mem allocated for forcescale?27876048->111059
[2023-04-14 10:40:02.712641: E /samgraph/3rdparty/collcachelib/coll_cache_lib/common.cc:107] too many mem allocated for forcescale?27876048->111059
[2023-04-14 10:40:02.713059: E /samgraph/3rdparty/collcachelib/coll_cache_lib/common.cc:107] too many mem allocated for forcescale?27876048->111059
[2023-04-14 10:40:02.713527: E /samgraph/3rdparty/collcachelib/coll_cache_lib/common.cc:107] too many mem allocated for forcescale?27876048->111059
[2023-04-14 10:40:02.722909: E /samgraph/3rdparty/collcachelib/coll_cache_lib/cache_context.cu:2439] Asymm Coll cache (policy: rep_cache) | local 27764989 / 111059956 nodes ( 25.00 %~25.00 %) | remote 0 / 111059956 nodes ( 0.00 %) | cpu 83294967 / 111059956 nodes ( 75.00 %) | 13.29 GB | 2.71372 secs 
[2023-04-14 10:40:02.724525: E /samgraph/3rdparty/collcachelib/coll_cache_lib/cache_context.cu:2439] Asymm Coll cache (policy: rep_cache) | local 27764989 / 111059956 nodes ( 25.00 %~25.00 %) | remote 0 / 111059956 nodes ( 0.00 %) | cpu 83294967 / 111059956 nodes ( 75.00 %) | 13.29 GB | 2.67888 secs 
[2023-04-14 10:40:02.724690: E /samgraph/3rdparty/collcachelib/coll_cache_lib/cache_context.cu:2439] Asymm Coll cache (policy: rep_cache) | local 27764989 / 111059956 nodes ( 25.00 %~25.00 %) | remote 0 / 111059956 nodes ( 0.00 %) | cpu 83294967 / 111059956 nodes ( 75.00 %) | 13.29 GB | 2.67901 secs 
[2023-04-14 10:40:02.728023: E /samgraph/3rdparty/collcachelib/coll_cache_lib/cache_context.cu:2439] Asymm Coll cache (policy: rep_cache) | local 27764989 / 111059956 nodes ( 25.00 %~25.00 %) | remote 0 / 111059956 nodes ( 0.00 %) | cpu 83294967 / 111059956 nodes ( 75.00 %) | 13.29 GB | 2.67843 secs 
[2023-04-14 10:40:02.729590: E /samgraph/3rdparty/collcachelib/coll_cache_lib/cache_context.cu:2439] Asymm Coll cache (policy: rep_cache) | local 27764989 / 111059956 nodes ( 25.00 %~25.00 %) | remote 0 / 111059956 nodes ( 0.00 %) | cpu 83294967 / 111059956 nodes ( 75.00 %) | 13.29 GB | 2.66631 secs 
[2023-04-14 10:40:02.731154: E /samgraph/3rdparty/collcachelib/coll_cache_lib/cache_context.cu:2439] Asymm Coll cache (policy: rep_cache) | local 27764989 / 111059956 nodes ( 25.00 %~25.00 %) | remote 0 / 111059956 nodes ( 0.00 %) | cpu 83294967 / 111059956 nodes ( 75.00 %) | 13.29 GB | 2.66831 secs 
[2023-04-14 10:40:02.733068: E /samgraph/3rdparty/collcachelib/coll_cache_lib/cache_context.cu:2439] Asymm Coll cache (policy: rep_cache) | local 27764989 / 111059956 nodes ( 25.00 %~25.00 %) | remote 0 / 111059956 nodes ( 0.00 %) | cpu 83294967 / 111059956 nodes ( 75.00 %) | 13.29 GB | 2.72364 secs 
[2023-04-14 10:40:02.733990: E /samgraph/3rdparty/collcachelib/coll_cache_lib/cache_context.cu:2439] Asymm Coll cache (policy: rep_cache) | local 27764989 / 111059956 nodes ( 25.00 %~25.00 %) | remote 0 / 111059956 nodes ( 0.00 %) | cpu 83294967 / 111059956 nodes ( 75.00 %) | 13.29 GB | 2.74237 secs 
[2023-04-14 10:40:02.735602: W /samgraph/3rdparty/collcachelib/coll_cache_lib/cache_context.cu:3958] before create ctx, mem is 19.53 GB
[2023-04-14 10:40:02.735873: W /samgraph/3rdparty/collcachelib/coll_cache_lib/cache_context.cu:3958] before create ctx, mem is 19.53 GB
[2023-04-14 10:40:02.736098: W /samgraph/3rdparty/collcachelib/coll_cache_lib/cache_context.cu:3958] before create ctx, mem is 19.53 GB
[2023-04-14 10:40:02.736525: W /samgraph/3rdparty/collcachelib/coll_cache_lib/cache_context.cu:3958] before create ctx, mem is 19.53 GB
[2023-04-14 10:40:02.736837: W /samgraph/3rdparty/collcachelib/coll_cache_lib/cache_context.cu:3958] before create ctx, mem is 19.53 GB
[2023-04-14 10:40:11.812938: W /samgraph/3rdparty/collcachelib/coll_cache_lib/cache_context.cu:3958] after create ctx, mem is 21.45 GB
[2023-04-14 10:40:11.813664: W /samgraph/3rdparty/collcachelib/coll_cache_lib/cache_context.cu:3958] after create stream, mem is 21.45 GB
[2023-04-14 10:40:11.918184: W /samgraph/3rdparty/collcachelib/coll_cache_lib/cache_context.cu:3958] after create ctx, mem is 21.49 GB
[2023-04-14 10:40:11.918640: W /samgraph/3rdparty/collcachelib/coll_cache_lib/cache_context.cu:3958] after create stream, mem is 21.49 GB
[2023-04-14 10:40:12. 21943: W /samgraph/3rdparty/collcachelib/coll_cache_lib/cache_context.cu:3958] after create ctx, mem is 21.52 GB
[2023-04-14 10:40:12. 22707: W /samgraph/3rdparty/collcachelib/coll_cache_lib/cache_context.cu:3958] after create stream, mem is 21.52 GB
[2023-04-14 10:40:12.131317: W /samgraph/3rdparty/collcachelib/coll_cache_lib/cache_context.cu:3958] after create ctx, mem is 21.55 GB
[2023-04-14 10:40:12.131812: W /samgraph/3rdparty/collcachelib/coll_cache_lib/cache_context.cu:3958] after create stream, mem is 21.55 GB
[2023-04-14 10:40:12.315708: W /samgraph/3rdparty/collcachelib/coll_cache_lib/cache_context.cu:3958] after create ctx, mem is 21.60 GB
[2023-04-14 10:40:12.315829: W /samgraph/3rdparty/collcachelib/coll_cache_lib/cache_context.cu:3958] after create stream, mem is 21.60 GB
/usr/local/lib/python3.8/dist-packages/torch/nn/parallel/scatter_gather.py:9: UserWarning: is_namedtuple is deprecated, please use the python checks instead
  warnings.warn("is_namedtuple is deprecated, please use the python checks instead")
/usr/local/lib/python3.8/dist-packages/torch/nn/parallel/scatter_gather.py:9: UserWarning: is_namedtuple is deprecated, please use the python checks instead
  warnings.warn("is_namedtuple is deprecated, please use the python checks instead")
/usr/local/lib/python3.8/dist-packages/torch/nn/parallel/scatter_gather.py:9: UserWarning: is_namedtuple is deprecated, please use the python checks instead
  warnings.warn("is_namedtuple is deprecated, please use the python checks instead")
/usr/local/lib/python3.8/dist-packages/torch/nn/parallel/scatter_gather.py:9: UserWarning: is_namedtuple is deprecated, please use the python checks instead
  warnings.warn("is_namedtuple is deprecated, please use the python checks instead")
/usr/local/lib/python3.8/dist-packages/torch/nn/parallel/scatter_gather.py:9: UserWarning: is_namedtuple is deprecated, please use the python checks instead
  warnings.warn("is_namedtuple is deprecated, please use the python checks instead")
/usr/local/lib/python3.8/dist-packages/torch/nn/parallel/scatter_gather.py:9: UserWarning: is_namedtuple is deprecated, please use the python checks instead
  warnings.warn("is_namedtuple is deprecated, please use the python checks instead")
/usr/local/lib/python3.8/dist-packages/torch/nn/parallel/scatter_gather.py:9: UserWarning: is_namedtuple is deprecated, please use the python checks instead
  warnings.warn("is_namedtuple is deprecated, please use the python checks instead")
/usr/local/lib/python3.8/dist-packages/torch/nn/parallel/scatter_gather.py:9: UserWarning: is_namedtuple is deprecated, please use the python checks instead
  warnings.warn("is_namedtuple is deprecated, please use the python checks instead")
