succeed=True
[CUDA] cuda: usage: 5.57 GB
0 : local 72, cpu 8 {link #0 : g3 24}, {link #1 : g6 24}, {link #2 : g1 12}, {link #3 : g2 12},
1 : local 72, cpu 8 {link #0 : g7 24}, {link #1 : g2 24}, {link #2 : g3 12}, {link #3 : g0 12},
2 : local 72, cpu 8 {link #0 : g1 24}, {link #1 : g3 24}, {link #2 : g0 12}, {link #3 : g4 12},
3 : local 72, cpu 8 {link #0 : g2 24}, {link #1 : g0 24}, {link #2 : g5 12}, {link #3 : g1 12},
4 : local 72, cpu 8 {link #0 : g5 24}, {link #1 : g7 24}, {link #2 : g2 12}, {link #3 : g6 12},
5 : local 72, cpu 8 {link #0 : g6 24}, {link #1 : g4 24}, {link #2 : g7 12}, {link #3 : g3 12},
6 : local 72, cpu 8 {link #0 : g0 24}, {link #1 : g5 24}, {link #2 : g4 12}, {link #3 : g7 12},
7 : local 72, cpu 8 {link #0 : g4 24}, {link #1 : g1 24}, {link #2 : g6 12}, {link #3 : g5 12},
0 : local 72, cpu 8 {link #0 : g3 24}, {link #1 : g6 24}, {link #2 : g1 12}, {link #3 : g2 12},
1 : local 72, cpu 8 {link #0 : g7 24}, {link #1 : g2 24}, {link #2 : g3 12}, {link #3 : g0 12},
2 : local 72, cpu 8 {link #0 : g1 24}, {link #1 : g3 24}, {link #2 : g0 12}, {link #3 : g4 12},
3 : local 72, cpu 8 {link #0 : g2 24}, {link #1 : g0 24}, {link #2 : g5 12}, {link #3 : g1 12},
4 : local 72, cpu 8 {link #0 : g5 24}, {link #1 : g7 24}, {link #2 : g2 12}, {link #3 : g6 12},
5 : local 72, cpu 8 {link #0 : g6 24}, {link #1 : g4 24}, {link #2 : g7 12}, {link #3 : g3 12},
6 : local 72, cpu 8 {link #0 : g0 24}, {link #1 : g5 24}, {link #2 : g4 12}, {link #3 : g7 12},
7 : local 72, cpu 8 {link #0 : g4 24}, {link #1 : g1 24}, {link #2 : g6 12}, {link #3 : g5 12},
0 : local 72, cpu 8 {link #0 : g3 24}, {link #1 : g6 24}, {link #2 : g1 12}, {link #3 : g2 12},
1 : local 72, cpu 8 {link #0 : g7 24}, {link #1 : g2 24}, {link #2 : g3 12}, {link #3 : g0 12},
2 : local 72, cpu 8 {link #0 : g1 24}, {link #1 : g3 24}, {link #2 : g0 12}, {link #3 : g4 12},
3 : local 72, cpu 8 {link #0 : g2 24}, {link #1 : g0 24}, {link #2 : g5 12}, {link #3 : g1 12},
4 : local 72, cpu 8 {link #0 : g5 24}, {link #1 : g7 24}, {link #2 : g2 12}, {link #3 : g6 12},
5 : local 72, cpu 8 {link #0 : g6 24}, {link #1 : g4 24}, {link #2 : g7 12}, {link #3 : g3 12},
6 : local 72, cpu 8 {link #0 : g0 24}, {link #1 : g5 24}, {link #2 : g4 12}, {link #3 : g7 12},
7 : local 72, cpu 8 {link #0 : g4 24}, {link #1 : g1 24}, {link #2 : g6 12}, {link #3 : g5 12},
0 : local 72, cpu 8 {link #0 : g3 24}, {link #1 : g6 24}, {link #2 : g1 12}, {link #3 : g2 12},
1 : local 72, cpu 8 {link #0 : g7 24}, {link #1 : g2 24}, {link #2 : g3 12}, {link #3 : g0 12},
2 : local 72, cpu 8 {link #0 : g1 24}, {link #1 : g3 24}, {link #2 : g0 12}, {link #3 : g4 12},
3 : local 72, cpu 8 {link #0 : g2 24}, {link #1 : g0 24}, {link #2 : g5 12}, {link #3 : g1 12},
4 : local 72, cpu 8 {link #0 : g5 24}, {link #1 : g7 24}, {link #2 : g2 12}, {link #3 : g6 12},
5 : local 72, cpu 8 {link #0 : g6 24}, {link #1 : g4 24}, {link #2 : g7 12}, {link #3 : g3 12},
6 : local 72, cpu 8 {link #0 : g0 24}, {link #1 : g5 24}, {link #2 : g4 12}, {link #3 : g7 12},
7 : local 72, cpu 8 {link #0 : g4 24}, {link #1 : g1 24}, {link #2 : g6 12}, {link #3 : g5 12},
0 : local 72, cpu 8 {link #0 : g3 24}, {link #1 : g6 24}, {link #2 : g1 12}, {link #3 : g2 12},
1 : local 72, cpu 8 {link #0 : g7 24}, {link #1 : g2 24}, {link #2 : g3 12}, {link #3 : g0 12},
2 : local 72, cpu 8 {link #0 : g1 24}, {link #1 : g3 24}, {link #2 : g0 12}, {link #3 : g4 12},
3 : local 72, cpu 8 {link #0 : g2 24}, {link #1 : g0 24}, {link #2 : g5 12}, {link #3 : g1 12},
4 : local 72, cpu 8 {link #0 : g5 24}, {link #1 : g7 24}, {link #2 : g2 12}, {link #3 : g6 12},
5 : local 72, cpu 8 {link #0 : g6 24}, {link #1 : g4 24}, {link #2 : g7 12}, {link #3 : g3 12},
6 : local 72, cpu 8 {link #0 : g0 24}, {link #1 : g5 24}, {link #2 : g4 12}, {link #3 : g7 12},
7 : local 72, cpu 8 {link #0 : g4 24}, {link #1 : g1 24}, {link #2 : g6 12}, {link #3 : g5 12},
0 : local 72, cpu 8 {link #0 : g3 24}, {link #1 : g6 24}, {link #2 : g1 12}, {link #3 : g2 12},
1 : local 72, cpu 8 {link #0 : g7 24}, {link #1 : g2 24}, {link #2 : g3 12}, {link #3 : g0 12},
2 : local 72, cpu 8 {link #0 : g1 24}, {link #1 : g3 24}, {link #2 : g0 12}, {link #3 : g4 12},
3 : local 72, cpu 8 {link #0 : g2 24}, {link #1 : g0 24}, {link #2 : g5 12}, {link #3 : g1 12},
4 : local 72, cpu 8 {link #0 : g5 24}, {link #1 : g7 24}, {link #2 : g2 12}, {link #3 : g6 12},
5 : local 72, cpu 8 {link #0 : g6 24}, {link #1 : g4 24}, {link #2 : g7 12}, {link #3 : g3 12},
6 : local 72, cpu 8 {link #0 : g0 24}, {link #1 : g5 24}, {link #2 : g4 12}, {link #3 : g7 12},
7 : local 72, cpu 8 {link #0 : g4 24}, {link #1 : g1 24}, {link #2 : g6 12}, {link #3 : g5 12},
0 : local 72, cpu 8 {link #0 : g3 24}, {link #1 : g6 24}, {link #2 : g1 12}, {link #3 : g2 12},
1 : local 72, cpu 8 {link #0 : g7 24}, {link #1 : g2 24}, {link #2 : g3 12}, {link #3 : g0 12},
2 : local 72, cpu 8 {link #0 : g1 24}, {link #1 : g3 24}, {link #2 : g0 12}, {link #3 : g4 12},
3 : local 72, cpu 8 {link #0 : g2 24}, {link #1 : g0 24}, {link #2 : g5 12}, {link #3 : g1 12},
4 : local 72, cpu 8 {link #0 : g5 24}, {link #1 : g7 24}, {link #2 : g2 12}, {link #3 : g6 12},
5 : local 72, cpu 8 {link #0 : g6 24}, {link #1 : g4 24}, {link #2 : g7 12}, {link #3 : g3 12},
6 : local 72, cpu 8 {link #0 : g0 24}, {link #1 : g5 24}, {link #2 : g4 12}, {link #3 : g7 12},
7 : local 72, cpu 8 {link #0 : g4 24}, {link #1 : g1 24}, {link #2 : g6 12}, {link #3 : g5 12},
0 : local 72, cpu 8 {link #0 : g3 24}, {link #1 : g6 24}, {link #2 : g1 12}, {link #3 : g2 12},
1 : local 72, cpu 8 {link #0 : g7 24}, {link #1 : g2 24}, {link #2 : g3 12}, {link #3 : g0 12},
2 : local 72, cpu 8 {link #0 : g1 24}, {link #1 : g3 24}, {link #2 : g0 12}, {link #3 : g4 12},
3 : local 72, cpu 8 {link #0 : g2 24}, {link #1 : g0 24}, {link #2 : g5 12}, {link #3 : g1 12},
4 : local 72, cpu 8 {link #0 : g5 24}, {link #1 : g7 24}, {link #2 : g2 12}, {link #3 : g6 12},
5 : local 72, cpu 8 {link #0 : g6 24}, {link #1 : g4 24}, {link #2 : g7 12}, {link #3 : g3 12},
6 : local 72, cpu 8 {link #0 : g0 24}, {link #1 : g5 24}, {link #2 : g4 12}, {link #3 : g7 12},
7 : local 72, cpu 8 {link #0 : g4 24}, {link #1 : g1 24}, {link #2 : g6 12}, {link #3 : g5 12},
Set parameter WLSAccessID
Set parameter WLSSecret
Set parameter LicenseID
Set parameter TimeLimit to value 200
Set parameter MIPGap to value 0.05
Set parameter ScaleFlag to value 1
Set parameter DegenMoves to value 2
Set parameter Cuts to value 2
Set parameter LogFile to value "cppsolver.log"
Set parameter Threads to value 48
Academic license - for non-commercial use only - registered to xiaoniu.sxn@sjtu.edu.cn
Gurobi Optimizer version 9.5.2 build v9.5.2rc0 (linux64)
Thread count: 48 physical cores, 96 logical processors, using up to 48 threads
Academic license - for non-commercial use only - registered to xiaoniu.sxn@sjtu.edu.cn
Optimize a model with 137608 rows, 21370 columns and 346000 nonzeros
Model fingerprint: 0x1c9ce127
Variable types: 9 continuous, 21361 integer (21361 binary)
Coefficient statistics:
  Matrix range     [5e-09, 1e+06]
  Objective range  [1e+00, 1e+00]
  Bounds range     [1e+00, 1e+00]
  RHS range        [1e+00, 1e+05]
Warning: Model contains large matrix coefficient range
         Consider reformulating model or setting NumericFocus parameter
         to avoid numerical issues.
Found heuristic solution: objective 720810.94531
Presolve removed 117000 rows and 255 columns
Presolve time: 0.29s
Presolved: 20608 rows, 21115 columns, 61800 nonzeros
Variable types: 0 continuous, 21115 integer (21115 binary)
Found heuristic solution: objective 716918.95246

Root relaxation: objective 4.544974e+05, 24166 iterations, 0.71 seconds (0.62 work units)

    Nodes    |    Current Node    |     Objective Bounds      |     Work
 Expl Unexpl |  Obj  Depth IntInf | Incumbent    BestBd   Gap | It/Node Time

     0     0 454497.429    0 10361 716918.952 454497.429  36.6%     -    1s
H    0     0                    715067.51936 454497.429  36.4%     -    1s
H    0     0                    668870.07199 454497.429  32.0%     -    1s
H    0     0                    645627.25391 454497.429  29.6%     -    3s
H    0     0                    618061.87962 454497.429  26.5%     -    3s
H    0     0                    594770.50677 454497.429  23.6%     -    3s
H    0     0                    576382.37453 468614.333  18.7%     -    4s
H    0     0                    561299.73779 468614.333  16.5%     -    4s
H    0     0                    551488.21712 468614.333  15.0%     -    4s
     0     0 468614.333    0 6787 551488.217 468614.333  15.0%     -    4s
H    0     0                    519740.96599 468614.333  9.84%     -    5s
H    0     0                    517197.84057 472976.337  8.55%     -    7s
H    0     0                    513372.66701 472976.337  7.87%     -    7s
H    0     0                    510379.76773 472976.337  7.33%     -    7s
H    0     0                    506466.45021 472976.337  6.61%     -    7s
     0     0 472976.337    0 5696 506466.450 472976.337  6.61%     -    7s
     0     0 472976.337    0 5698 506466.450 472976.337  6.61%     -    7s
H    0     0                    503287.74305 472976.337  6.02%     -    9s
H    0     0                    501950.67586 477814.815  4.81%     -    9s
     0     0 477814.815    0 5143 501950.676 477814.815  4.81%     -    9s

Cutting planes:
  Gomory: 153
  Lift-and-project: 96
  Flow cover: 2
  Zero half: 415
  Mod-K: 2083

Explored 1 nodes (33314 simplex iterations) in 9.53 seconds (6.88 work units)
Thread count was 48 (of 96 available processors)

Solution count 10: 501951 503288 506466 ... 576382

Optimal solution found (tolerance 5.00e-02)
Best objective 5.019506758573e+05, best bound 4.778148153394e+05, gap 4.8084%
coll_cache:optimal_local_rate=0.0895751,0.0985153,0.0987022,0.0994896,0.0993426,0.0865458,0.100861,0.0995309,
coll_cache:optimal_remote_rate=0.293457,0.284517,0.28433,0.283543,0.28369,0.296487,0.282172,0.283502,
coll_cache:optimal_cpu_rate=0.616968,0.616968,0.616968,0.616968,0.616968,0.616968,0.616968,0.616968,
z=501951
test_result:init:feat_nbytes=56862697472
test_result:init:cache_nbytes=1194116608
test_result:init:feat_nbytes=56862697472
test_result:init:cache_nbytes=1194116608
test_result:init:feat_nbytes=56862697472
test_result:init:cache_nbytes=1194116608
test_result:init:feat_nbytes=56862697472
test_result:init:cache_nbytes=1194116608
test_result:init:feat_nbytes=56862697472
test_result:init:cache_nbytes=1194116608
test_result:init:feat_nbytes=56862697472
test_result:init:cache_nbytes=1194116608
test_result:init:feat_nbytes=56862697472
test_result:init:cache_nbytes=1194116608
test_result:init:feat_nbytes=56862697472
test_result:init:cache_nbytes=1194116608
    [Step(average) Profiler Level 1 E3 S999]
        L1  sample           0.014723 | send           0.000000
        L1  recv             0.000000 | copy           0.340719 | convert time 0.000000 | train  0.037853
        L1  feature nbytes    2.03 GB | label nbytes 0.00 Bytes
        L1  id nbytes      0.00 Bytes | graph nbytes 0.00 Bytes
        L1  miss nbytes       1.25 GB | remote nbytes  592.54 MB
        L1  num nodes               0 | num samples           0
        L1  seq duration     0.000000 | refresh duration   0.000000
    [Step(average) Profiler Level 2 E3 S999]
        L2  shuffle     0.000000 | core sample  0.000000 | id remap        0.000000
        L2  graph copy  0.000000 | id copy      0.000000 | cache feat copy 0.340719
        L2  last layer sample time 0.000000 | size 0.000000
    [Step(average) Profiler Level 3 E3 S999]
        L3  khop sample coo  0.000000 | khop sort coo      0.000000 | khop count edge     0.000000 | khop compact edge 0.000000
        L3  walk sample coo  0.000000 | walk topk total    0.000000 | walk topk step1     0.000000 | walk topk step2   0.000000
        L3  walk topk step3  0.000000 | walk topk step4    0.000000 | walk topk step5     0.000000
        L3  walk topk step6  0.000000 | walk topk step7    0.000000
        L3  remap unique     0.000000 | remap populate     0.000000 | remap mapnode       0.000000 | remap mapedge     0.000000
        L3  cache get_index  0.002711 | cache copy_index   0.000000 | cache extract_miss  0.000000
        L3  cache copy_miss  0.000000 | cache combine_miss 0.337906 | cache combine cache 0.003411 | cache combine remote 0.006008
        L3  label extract  0.000000
    [Profiler Level Percentiles E3 S999]
        p50.00_tail_logl2featcopy=0.341887
        p90.00_tail_logl2featcopy=0.358726
        p95.00_tail_logl2featcopy=0.361880
        p99.00_tail_logl2featcopy=0.368242
        p99.90_tail_logl2featcopy=0.371928
[CUDA] cuda: usage: 15.77 GB
Rank=2, Graph loaded.
!!!!dist_homo_graph enumerate latency per epoch: 0.010385, per step: 0.000083
presamping
presamping takes 36.993407249450684
Rank=1, Graph loaded.
!!!!dist_homo_graph enumerate latency per epoch: 0.021118, per step: 0.000169
presamping
presamping takes 37.45148706436157
config:eval_tsp="2023-04-14 22:33:28"
config:num_worker=8
config:num_intra_size=4
config:root_dir=/nvme/songxiaoniu/graph-learning/wholegraph
config:graph_name=ogbn-papers100M
config:epochs=4
config:batchsize=8000
config:skip_epoch=2
config:local_step=125
config:presc_epoch=2
config:neighbors=10,25
config:hiddensize=256
config:num_layer=2
config:model=sage
config:framework=dgl
config:dataloaderworkers=0
config:dropout=0.5
config:lr=0.003
config:use_nccl=False
config:use_amp=True
config:use_collcache=True
config:cache_percentage=0.02
config:cache_policy=coll_cache_asymm_link
config:omp_thread_num=48
config:unsupervised=True
config:classnum=172
config:global_barrier=<multiprocessing.synchronize.Barrier object at 0x7f6bc47b2400>
config:worker_id=0
creating_intra_node_communicator root=0, local_size=4, world_size=8
Rank=0, Graph loaded.
!!!!dist_homo_graph enumerate latency per epoch: 0.007235, per step: 0.000058
epoch=4 total_steps=500
presamping
presamping takes 37.03247594833374
start training...
[Epoch 0], time=50.64510130882263, loss=0.6931472420692444
[Epoch 1], time=49.08852028846741, loss=0.6931472420692444
[Epoch 2], time=49.29346179962158, loss=0.6931472420692444
[Epoch 3], time=49.13340163230896, loss=0.6931472420692444
|===========================================================================|
|                  PyTorch CUDA memory summary, device ID 0                 |
|---------------------------------------------------------------------------|
|            CUDA OOMs: 0            |        cudaMalloc retries: 0         |
|===========================================================================|
|        Metric         | Cur Usage  | Peak Usage | Tot Alloc  | Tot Freed  |
|---------------------------------------------------------------------------|
| Allocated memory      |  269806 KB |    1501 MB |    2338 GB |    2337 GB |
|       from large pool |  256658 KB |    1490 MB |    2323 GB |    2323 GB |
|       from small pool |   13148 KB |      18 MB |      14 GB |      14 GB |
|---------------------------------------------------------------------------|
| Active memory         |  269806 KB |    1501 MB |    2338 GB |    2337 GB |
|       from large pool |  256658 KB |    1490 MB |    2323 GB |    2323 GB |
|       from small pool |   13148 KB |      18 MB |      14 GB |      14 GB |
|---------------------------------------------------------------------------|
| GPU reserved memory   |    4798 MB |    4798 MB |    4798 MB |       0 B  |
|       from large pool |    4772 MB |    4772 MB |    4772 MB |       0 B  |
|       from small pool |      26 MB |      26 MB |      26 MB |       0 B  |
|---------------------------------------------------------------------------|
| Non-releasable memory |   92689 KB |    1734 MB |    2131 GB |    2131 GB |
|       from large pool |   83310 KB |    1727 MB |    2115 GB |    2115 GB |
|       from small pool |    9379 KB |      14 MB |      15 GB |      15 GB |
|---------------------------------------------------------------------------|
| Allocations           |      58    |      74    |  102458    |  102400    |
|       from large pool |      13    |      24    |   38792    |   38779    |
|       from small pool |      45    |      54    |   63666    |   63621    |
|---------------------------------------------------------------------------|
| Active allocs         |      58    |      74    |  102458    |  102400    |
|       from large pool |      13    |      24    |   38792    |   38779    |
|       from small pool |      45    |      54    |   63666    |   63621    |
|---------------------------------------------------------------------------|
| GPU reserved segments |      33    |      33    |      33    |       0    |
|       from large pool |      20    |      20    |      20    |       0    |
|       from small pool |      13    |      13    |      13    |       0    |
|---------------------------------------------------------------------------|
| Non-releasable allocs |      30    |      43    |   33812    |   33782    |
|       from large pool |       8    |      19    |   18158    |   18150    |
|       from small pool |      22    |      30    |   15654    |   15632    |
|---------------------------------------------------------------------------|
| Oversize allocations  |       0    |       0    |       0    |       0    |
|---------------------------------------------------------------------------|
| Oversize GPU segments |       0    |       0    |       0    |       0    |
|===========================================================================|

[TRAIN_TIME] train time is 198.162284 seconds
[EPOCH_TIME] 49.540571 seconds, maybe large due to not enough epoch skipped.
[EPOCH_TIME] 49.213718 seconds
Rank=6, Graph loaded.
!!!!dist_homo_graph enumerate latency per epoch: 0.007903, per step: 0.000063
presamping
presamping takes 35.48292589187622
Rank=7, Graph loaded.
!!!!dist_homo_graph enumerate latency per epoch: 0.007228, per step: 0.000058
presamping
presamping takes 35.22365760803223
creating_intra_node_communicator root=4, local_size=4, world_size=8
Rank=4, Graph loaded.
!!!!dist_homo_graph enumerate latency per epoch: 0.011085, per step: 0.000089
presamping
presamping takes 38.494235038757324
Rank=5, Graph loaded.
!!!!dist_homo_graph enumerate latency per epoch: 0.007548, per step: 0.000060
presamping
presamping takes 37.487449169158936
Rank=3, Graph loaded.
!!!!dist_homo_graph enumerate latency per epoch: 0.021179, per step: 0.000169
presamping
presamping takes 38.174755573272705

