/usr/lib/python3/dist-packages/requests/__init__.py:89: RequestsDependencyWarning: urllib3 (1.26.12) or chardet (3.0.4) doesn't match a supported version!
  warnings.warn("urllib3 ({}) or chardet ({}) doesn't match a supported "
[W socket.cpp:601] [c10d] The client socket has failed to connect to [localhost]:12335 (errno: 99 - Cannot assign requested address).
Rank=1 done reading 16402092 embedding vectors from file /nvme/songxiaoniu/graph-learning/wholegraph/com_friendster/converted/homograph_csr_row_ptr
Rank=0 done reading 16402092 embedding vectors from file /nvme/songxiaoniu/graph-learning/wholegraph/com_friendster/converted/homograph_csr_row_ptr
Rank=2 done reading 16402092 embedding vectors from file /nvme/songxiaoniu/graph-learning/wholegraph/com_friendster/converted/homograph_csr_row_ptr
Rank=3 done reading 16402091 embedding vectors from file /nvme/songxiaoniu/graph-learning/wholegraph/com_friendster/converted/homograph_csr_row_ptr
Rank=2 done reading 16402092 embedding vectors from file /nvme/songxiaoniu/graph-learning/wholegraph/com_friendster/converted/homograph_csr_row_ptr
Rank=3 done reading 16402091 embedding vectors from file /nvme/songxiaoniu/graph-learning/wholegraph/com_friendster/converted/homograph_csr_row_ptr
Rank=0 done reading 16402092 embedding vectors from file /nvme/songxiaoniu/graph-learning/wholegraph/com_friendster/converted/homograph_csr_row_ptr
Rank=1 done reading 16402092 embedding vectors from file /nvme/songxiaoniu/graph-learning/wholegraph/com_friendster/converted/homograph_csr_row_ptr
Rank=3 done reading 903033566 embedding vectors from file /nvme/songxiaoniu/graph-learning/wholegraph/com_friendster/converted/homograph_csr_col_idx
Rank=2 done reading 903033568 embedding vectors from file /nvme/songxiaoniu/graph-learning/wholegraph/com_friendster/converted/homograph_csr_col_idx
Rank=0 done reading 903033568 embedding vectors from file /nvme/songxiaoniu/graph-learning/wholegraph/com_friendster/converted/homograph_csr_col_idx
Rank=1 done reading 903033568 embedding vectors from file /nvme/songxiaoniu/graph-learning/wholegraph/com_friendster/converted/homograph_csr_col_idx
Rank=3 done reading 903033566 embedding vectors from file /nvme/songxiaoniu/graph-learning/wholegraph/com_friendster/converted/homograph_csr_col_idx
Rank=2 done reading 903033568 embedding vectors from file /nvme/songxiaoniu/graph-learning/wholegraph/com_friendster/converted/homograph_csr_col_idx
Rank=0 done reading 903033568 embedding vectors from file /nvme/songxiaoniu/graph-learning/wholegraph/com_friendster/converted/homograph_csr_col_idx
Rank=1 done reading 903033568 embedding vectors from file /nvme/songxiaoniu/graph-learning/wholegraph/com_friendster/converted/homograph_csr_col_idx
[2023-04-15 02:33:21.449836: E /samgraph/3rdparty/collcachelib/coll_cache_lib/freq_recorder.cc:337] bulk append 3529010 into 0
[2023-04-15 02:33:21.468975: E /samgraph/3rdparty/collcachelib/coll_cache_lib/freq_recorder.cc:347] bulk append 31043427
[2023-04-15 02:33:21.470645: E /samgraph/3rdparty/collcachelib/coll_cache_lib/freq_recorder.cc:337] bulk append 3524040 into 3529010
[2023-04-15 02:33:21.490151: E /samgraph/3rdparty/collcachelib/coll_cache_lib/freq_recorder.cc:347] bulk append 31009616
[2023-04-15 02:33:21.491825: E /samgraph/3rdparty/collcachelib/coll_cache_lib/freq_recorder.cc:337] bulk append 3527265 into 7053050
[2023-04-15 02:33:21.510832: E /samgraph/3rdparty/collcachelib/coll_cache_lib/freq_recorder.cc:347] bulk append 30985404
[2023-04-15 02:33:21.512517: E /samgraph/3rdparty/collcachelib/coll_cache_lib/freq_recorder.cc:337] bulk append 3525910 into 10580315
[2023-04-15 02:33:21.531560: E /samgraph/3rdparty/collcachelib/coll_cache_lib/freq_recorder.cc:347] bulk append 30985506
[2023-04-15 02:33:21.533254: E /samgraph/3rdparty/collcachelib/coll_cache_lib/freq_recorder.cc:337] bulk append 3527787 into 14106225
[2023-04-15 02:33:21.552265: E /samgraph/3rdparty/collcachelib/coll_cache_lib/freq_recorder.cc:347] bulk append 31024581
[2023-04-15 02:33:21.553957: E /samgraph/3rdparty/collcachelib/coll_cache_lib/freq_recorder.cc:337] bulk append 3523889 into 17634012
[2023-04-15 02:33:21.573014: E /samgraph/3rdparty/collcachelib/coll_cache_lib/freq_recorder.cc:347] bulk append 31001805
[2023-04-15 02:33:21.574686: E /samgraph/3rdparty/collcachelib/coll_cache_lib/freq_recorder.cc:337] bulk append 3529261 into 21157901
[2023-04-15 02:33:21.594209: E /samgraph/3rdparty/collcachelib/coll_cache_lib/freq_recorder.cc:347] bulk append 31001953
[2023-04-15 02:33:21.595884: E /samgraph/3rdparty/collcachelib/coll_cache_lib/freq_recorder.cc:337] bulk append 3528458 into 24687162
[2023-04-15 02:33:21.615463: E /samgraph/3rdparty/collcachelib/coll_cache_lib/freq_recorder.cc:347] bulk append 31021882
[2023-04-15 02:33:21.617145: E /samgraph/3rdparty/collcachelib/coll_cache_lib/freq_recorder.cc:337] bulk append 3528457 into 28215620
[2023-04-15 02:33:21.636679: E /samgraph/3rdparty/collcachelib/coll_cache_lib/freq_recorder.cc:347] bulk append 31022140
[2023-04-15 02:33:21.638367: E /samgraph/3rdparty/collcachelib/coll_cache_lib/freq_recorder.cc:337] bulk append 3527262 into 31744077
[2023-04-15 02:33:21.657878: E /samgraph/3rdparty/collcachelib/coll_cache_lib/freq_recorder.cc:347] bulk append 31013176
[2023-04-15 02:33:21.659585: E /samgraph/3rdparty/collcachelib/coll_cache_lib/freq_recorder.cc:337] bulk append 3608663 into 35271339
[2023-04-15 02:33:21.678899: E /samgraph/3rdparty/collcachelib/coll_cache_lib/freq_recorder.cc:347] bulk append 31550364
[2023-04-15 02:33:21.680575: E /samgraph/3rdparty/collcachelib/coll_cache_lib/freq_recorder.cc:337] bulk append 3606162 into 38880002
[2023-04-15 02:33:21.699809: E /samgraph/3rdparty/collcachelib/coll_cache_lib/freq_recorder.cc:347] bulk append 31508414
[2023-04-15 02:33:21.701499: E /samgraph/3rdparty/collcachelib/coll_cache_lib/freq_recorder.cc:337] bulk append 3608507 into 42486164
[2023-04-15 02:33:21.720765: E /samgraph/3rdparty/collcachelib/coll_cache_lib/freq_recorder.cc:347] bulk append 31464210
[2023-04-15 02:33:21.722446: E /samgraph/3rdparty/collcachelib/coll_cache_lib/freq_recorder.cc:337] bulk append 3607415 into 46094671
[2023-04-15 02:33:21.741727: E /samgraph/3rdparty/collcachelib/coll_cache_lib/freq_recorder.cc:347] bulk append 31479485
[2023-04-15 02:33:21.743408: E /samgraph/3rdparty/collcachelib/coll_cache_lib/freq_recorder.cc:337] bulk append 3607142 into 49702086
[2023-04-15 02:33:21.762707: E /samgraph/3rdparty/collcachelib/coll_cache_lib/freq_recorder.cc:347] bulk append 31523866
[2023-04-15 02:33:21.764391: E /samgraph/3rdparty/collcachelib/coll_cache_lib/freq_recorder.cc:337] bulk append 3605515 into 53309228
[2023-04-15 02:33:21.783686: E /samgraph/3rdparty/collcachelib/coll_cache_lib/freq_recorder.cc:347] bulk append 31521077
[2023-04-15 02:33:21.785381: E /samgraph/3rdparty/collcachelib/coll_cache_lib/freq_recorder.cc:337] bulk append 3608405 into 56914743
[2023-04-15 02:33:21.804630: E /samgraph/3rdparty/collcachelib/coll_cache_lib/freq_recorder.cc:347] bulk append 31519207
[2023-04-15 02:33:21.806319: E /samgraph/3rdparty/collcachelib/coll_cache_lib/freq_recorder.cc:337] bulk append 3608498 into 60523148
[2023-04-15 02:33:21.826119: E /samgraph/3rdparty/collcachelib/coll_cache_lib/freq_recorder.cc:347] bulk append 31526141
[2023-04-15 02:33:21.827803: E /samgraph/3rdparty/collcachelib/coll_cache_lib/freq_recorder.cc:337] bulk append 3610108 into 64131646
[2023-04-15 02:33:21.847116: E /samgraph/3rdparty/collcachelib/coll_cache_lib/freq_recorder.cc:347] bulk append 31514957
[2023-04-15 02:33:21.848797: E /samgraph/3rdparty/collcachelib/coll_cache_lib/freq_recorder.cc:337] bulk append 3606221 into 67741754
[2023-04-15 02:33:21.868630: E /samgraph/3rdparty/collcachelib/coll_cache_lib/freq_recorder.cc:347] bulk append 31537819
[2023-04-15 02:33:21.870329: E /samgraph/3rdparty/collcachelib/coll_cache_lib/freq_recorder.cc:337] bulk append 3652785 into 71347975
[2023-04-15 02:33:21.889913: E /samgraph/3rdparty/collcachelib/coll_cache_lib/freq_recorder.cc:347] bulk append 31512302
[2023-04-15 02:33:21.891604: E /samgraph/3rdparty/collcachelib/coll_cache_lib/freq_recorder.cc:337] bulk append 3650288 into 75000760
[2023-04-15 02:33:21.911672: E /samgraph/3rdparty/collcachelib/coll_cache_lib/freq_recorder.cc:347] bulk append 31464007
[2023-04-15 02:33:21.913371: E /samgraph/3rdparty/collcachelib/coll_cache_lib/freq_recorder.cc:337] bulk append 3651281 into 78651048
[2023-04-15 02:33:21.932932: E /samgraph/3rdparty/collcachelib/coll_cache_lib/freq_recorder.cc:347] bulk append 31422445
[2023-04-15 02:33:21.934617: E /samgraph/3rdparty/collcachelib/coll_cache_lib/freq_recorder.cc:337] bulk append 3649677 into 82302329
[2023-04-15 02:33:21.954650: E /samgraph/3rdparty/collcachelib/coll_cache_lib/freq_recorder.cc:347] bulk append 31431694
[2023-04-15 02:33:21.956338: E /samgraph/3rdparty/collcachelib/coll_cache_lib/freq_recorder.cc:337] bulk append 3652166 into 85952006
[2023-04-15 02:33:21.975881: E /samgraph/3rdparty/collcachelib/coll_cache_lib/freq_recorder.cc:347] bulk append 31473928
[2023-04-15 02:33:21.977583: E /samgraph/3rdparty/collcachelib/coll_cache_lib/freq_recorder.cc:337] bulk append 3648583 into 89604172
[2023-04-15 02:33:21.997131: E /samgraph/3rdparty/collcachelib/coll_cache_lib/freq_recorder.cc:347] bulk append 31474937
[2023-04-15 02:33:21.998817: E /samgraph/3rdparty/collcachelib/coll_cache_lib/freq_recorder.cc:337] bulk append 3651374 into 93252755
[2023-04-15 02:33:22. 18321: E /samgraph/3rdparty/collcachelib/coll_cache_lib/freq_recorder.cc:347] bulk append 31469195
[2023-04-15 02:33:22. 20009: E /samgraph/3rdparty/collcachelib/coll_cache_lib/freq_recorder.cc:337] bulk append 3652760 into 96904129
[2023-04-15 02:33:22. 40042: E /samgraph/3rdparty/collcachelib/coll_cache_lib/freq_recorder.cc:347] bulk append 31513557
[2023-04-15 02:33:22. 41745: E /samgraph/3rdparty/collcachelib/coll_cache_lib/freq_recorder.cc:337] bulk append 3651696 into 100556889
[2023-04-15 02:33:22. 61842: E /samgraph/3rdparty/collcachelib/coll_cache_lib/freq_recorder.cc:347] bulk append 31468518
[2023-04-15 02:33:22. 63534: E /samgraph/3rdparty/collcachelib/coll_cache_lib/freq_recorder.cc:337] bulk append 3647534 into 104208585
[2023-04-15 02:33:22. 83067: E /samgraph/3rdparty/collcachelib/coll_cache_lib/freq_recorder.cc:347] bulk append 31499028
[2023-04-15 02:33:22. 84773: E /samgraph/3rdparty/collcachelib/coll_cache_lib/freq_recorder.cc:337] bulk append 3658143 into 107856119
[2023-04-15 02:33:22.104319: E /samgraph/3rdparty/collcachelib/coll_cache_lib/freq_recorder.cc:347] bulk append 31506192
[2023-04-15 02:33:22.106003: E /samgraph/3rdparty/collcachelib/coll_cache_lib/freq_recorder.cc:337] bulk append 3658133 into 111514262
[2023-04-15 02:33:22.125531: E /samgraph/3rdparty/collcachelib/coll_cache_lib/freq_recorder.cc:347] bulk append 31467786
[2023-04-15 02:33:22.127203: E /samgraph/3rdparty/collcachelib/coll_cache_lib/freq_recorder.cc:337] bulk append 3658861 into 115172395
[2023-04-15 02:33:22.147178: E /samgraph/3rdparty/collcachelib/coll_cache_lib/freq_recorder.cc:347] bulk append 31438114
[2023-04-15 02:33:22.148855: E /samgraph/3rdparty/collcachelib/coll_cache_lib/freq_recorder.cc:337] bulk append 3655741 into 118831256
[2023-04-15 02:33:22.168867: E /samgraph/3rdparty/collcachelib/coll_cache_lib/freq_recorder.cc:347] bulk append 31461108
[2023-04-15 02:33:22.170554: E /samgraph/3rdparty/collcachelib/coll_cache_lib/freq_recorder.cc:337] bulk append 3658964 into 122486997
[2023-04-15 02:33:22.190548: E /samgraph/3rdparty/collcachelib/coll_cache_lib/freq_recorder.cc:347] bulk append 31486661
[2023-04-15 02:33:22.192224: E /samgraph/3rdparty/collcachelib/coll_cache_lib/freq_recorder.cc:337] bulk append 3656190 into 126145961
[2023-04-15 02:33:22.211719: E /samgraph/3rdparty/collcachelib/coll_cache_lib/freq_recorder.cc:347] bulk append 31477688
[2023-04-15 02:33:22.213409: E /samgraph/3rdparty/collcachelib/coll_cache_lib/freq_recorder.cc:337] bulk append 3658846 into 129802151
[2023-04-15 02:33:22.232936: E /samgraph/3rdparty/collcachelib/coll_cache_lib/freq_recorder.cc:347] bulk append 31487903
[2023-04-15 02:33:22.234612: E /samgraph/3rdparty/collcachelib/coll_cache_lib/freq_recorder.cc:337] bulk append 3657817 into 133460997
[2023-04-15 02:33:22.254154: E /samgraph/3rdparty/collcachelib/coll_cache_lib/freq_recorder.cc:347] bulk append 31527086
[2023-04-15 02:33:22.255815: E /samgraph/3rdparty/collcachelib/coll_cache_lib/freq_recorder.cc:337] bulk append 3660472 into 137118814
[2023-04-15 02:33:22.275796: E /samgraph/3rdparty/collcachelib/coll_cache_lib/freq_recorder.cc:347] bulk append 31503934
[2023-04-15 02:33:22.277472: E /samgraph/3rdparty/collcachelib/coll_cache_lib/freq_recorder.cc:337] bulk append 3654890 into 140779286
[2023-04-15 02:33:22.297458: E /samgraph/3rdparty/collcachelib/coll_cache_lib/freq_recorder.cc:347] bulk append 31529336
[2023-04-15 02:33:22.299152: E /samgraph/3rdparty/collcachelib/coll_cache_lib/freq_recorder.cc:337] bulk append 3666077 into 144434176
[2023-04-15 02:33:22.319353: E /samgraph/3rdparty/collcachelib/coll_cache_lib/freq_recorder.cc:347] bulk append 31413234
[2023-04-15 02:33:22.321065: E /samgraph/3rdparty/collcachelib/coll_cache_lib/freq_recorder.cc:337] bulk append 3664589 into 148100253
[2023-04-15 02:33:22.341004: E /samgraph/3rdparty/collcachelib/coll_cache_lib/freq_recorder.cc:347] bulk append 31364379
[2023-04-15 02:33:22.342674: E /samgraph/3rdparty/collcachelib/coll_cache_lib/freq_recorder.cc:337] bulk append 3665397 into 151764842
[2023-04-15 02:33:22.362825: E /samgraph/3rdparty/collcachelib/coll_cache_lib/freq_recorder.cc:347] bulk append 31335149
[2023-04-15 02:33:22.364475: E /samgraph/3rdparty/collcachelib/coll_cache_lib/freq_recorder.cc:337] bulk append 3666373 into 155430239
[2023-04-15 02:33:22.384698: E /samgraph/3rdparty/collcachelib/coll_cache_lib/freq_recorder.cc:347] bulk append 31343485
[2023-04-15 02:33:22.386369: E /samgraph/3rdparty/collcachelib/coll_cache_lib/freq_recorder.cc:337] bulk append 3666457 into 159096612
[2023-04-15 02:33:22.406356: E /samgraph/3rdparty/collcachelib/coll_cache_lib/freq_recorder.cc:347] bulk append 31369411
[2023-04-15 02:33:22.408006: E /samgraph/3rdparty/collcachelib/coll_cache_lib/freq_recorder.cc:337] bulk append 3663312 into 162763069
[2023-04-15 02:33:22.427899: E /samgraph/3rdparty/collcachelib/coll_cache_lib/freq_recorder.cc:347] bulk append 31376811
[2023-04-15 02:33:22.429662: E /samgraph/3rdparty/collcachelib/coll_cache_lib/freq_recorder.cc:337] bulk append 3666866 into 166426381
[2023-04-15 02:33:22.449766: E /samgraph/3rdparty/collcachelib/coll_cache_lib/freq_recorder.cc:347] bulk append 31386426
[2023-04-15 02:33:22.451411: E /samgraph/3rdparty/collcachelib/coll_cache_lib/freq_recorder.cc:337] bulk append 3666952 into 170093247
[2023-04-15 02:33:22.471369: E /samgraph/3rdparty/collcachelib/coll_cache_lib/freq_recorder.cc:347] bulk append 31437686
[2023-04-15 02:33:22.473028: E /samgraph/3rdparty/collcachelib/coll_cache_lib/freq_recorder.cc:337] bulk append 3666737 into 173760199
[2023-04-15 02:33:22.492987: E /samgraph/3rdparty/collcachelib/coll_cache_lib/freq_recorder.cc:347] bulk append 31404421
[2023-04-15 02:33:22.494616: E /samgraph/3rdparty/collcachelib/coll_cache_lib/freq_recorder.cc:337] bulk append 3663790 into 177426936
[2023-04-15 02:33:22.514571: E /samgraph/3rdparty/collcachelib/coll_cache_lib/freq_recorder.cc:347] bulk append 31420924
[2023-04-15 02:33:22.516239: E /samgraph/3rdparty/collcachelib/coll_cache_lib/freq_recorder.cc:337] bulk append 3624685 into 181090726
[2023-04-15 02:33:22.536107: E /samgraph/3rdparty/collcachelib/coll_cache_lib/freq_recorder.cc:347] bulk append 31157925
[2023-04-15 02:33:22.537774: E /samgraph/3rdparty/collcachelib/coll_cache_lib/freq_recorder.cc:337] bulk append 3624692 into 184715411
[2023-04-15 02:33:22.557546: E /samgraph/3rdparty/collcachelib/coll_cache_lib/freq_recorder.cc:347] bulk append 31093194
[2023-04-15 02:33:22.559187: E /samgraph/3rdparty/collcachelib/coll_cache_lib/freq_recorder.cc:337] bulk append 3623361 into 188340103
[2023-04-15 02:33:22.578919: E /samgraph/3rdparty/collcachelib/coll_cache_lib/freq_recorder.cc:347] bulk append 31077059
[2023-04-15 02:33:22.580557: E /samgraph/3rdparty/collcachelib/coll_cache_lib/freq_recorder.cc:337] bulk append 3621841 into 191963464
[2023-04-15 02:33:22.600397: E /samgraph/3rdparty/collcachelib/coll_cache_lib/freq_recorder.cc:347] bulk append 31082100
[2023-04-15 02:33:22.602032: E /samgraph/3rdparty/collcachelib/coll_cache_lib/freq_recorder.cc:337] bulk append 3625507 into 195585305
[2023-04-15 02:33:22.621851: E /samgraph/3rdparty/collcachelib/coll_cache_lib/freq_recorder.cc:347] bulk append 31115096
[2023-04-15 02:33:22.623485: E /samgraph/3rdparty/collcachelib/coll_cache_lib/freq_recorder.cc:337] bulk append 3623659 into 199210812
[2023-04-15 02:33:22.643427: E /samgraph/3rdparty/collcachelib/coll_cache_lib/freq_recorder.cc:347] bulk append 31118547
[2023-04-15 02:33:22.645074: E /samgraph/3rdparty/collcachelib/coll_cache_lib/freq_recorder.cc:337] bulk append 3624235 into 202834471
[2023-04-15 02:33:22.665073: E /samgraph/3rdparty/collcachelib/coll_cache_lib/freq_recorder.cc:347] bulk append 31125209
[2023-04-15 02:33:22.666697: E /samgraph/3rdparty/collcachelib/coll_cache_lib/freq_recorder.cc:337] bulk append 3624847 into 206458706
[2023-04-15 02:33:22.686692: E /samgraph/3rdparty/collcachelib/coll_cache_lib/freq_recorder.cc:347] bulk append 31165490
[2023-04-15 02:33:22.688322: E /samgraph/3rdparty/collcachelib/coll_cache_lib/freq_recorder.cc:337] bulk append 3625584 into 210083553
[2023-04-15 02:33:22.708150: E /samgraph/3rdparty/collcachelib/coll_cache_lib/freq_recorder.cc:347] bulk append 31136518
[2023-04-15 02:33:22.709792: E /samgraph/3rdparty/collcachelib/coll_cache_lib/freq_recorder.cc:337] bulk append 3621204 into 213709137
[2023-04-15 02:33:22.729749: E /samgraph/3rdparty/collcachelib/coll_cache_lib/freq_recorder.cc:347] bulk append 31151399
[2023-04-15 02:33:22.731388: E /samgraph/3rdparty/collcachelib/coll_cache_lib/freq_recorder.cc:337] bulk append 3573365 into 217330341
[2023-04-15 02:33:22.750590: E /samgraph/3rdparty/collcachelib/coll_cache_lib/freq_recorder.cc:347] bulk append 30724916
[2023-04-15 02:33:22.752256: E /samgraph/3rdparty/collcachelib/coll_cache_lib/freq_recorder.cc:337] bulk append 3572423 into 220903706
[2023-04-15 02:33:22.771373: E /samgraph/3rdparty/collcachelib/coll_cache_lib/freq_recorder.cc:347] bulk append 30639160
[2023-04-15 02:33:22.773032: E /samgraph/3rdparty/collcachelib/coll_cache_lib/freq_recorder.cc:337] bulk append 3570725 into 224476129
[2023-04-15 02:33:22.792170: E /samgraph/3rdparty/collcachelib/coll_cache_lib/freq_recorder.cc:347] bulk append 30621746
[2023-04-15 02:33:22.793848: E /samgraph/3rdparty/collcachelib/coll_cache_lib/freq_recorder.cc:337] bulk append 3570684 into 228046854
[2023-04-15 02:33:22.812992: E /samgraph/3rdparty/collcachelib/coll_cache_lib/freq_recorder.cc:347] bulk append 30650233
[2023-04-15 02:33:22.814658: E /samgraph/3rdparty/collcachelib/coll_cache_lib/freq_recorder.cc:337] bulk append 3573665 into 231617538
[2023-04-15 02:33:22.833804: E /samgraph/3rdparty/collcachelib/coll_cache_lib/freq_recorder.cc:347] bulk append 30658733
[2023-04-15 02:33:22.835470: E /samgraph/3rdparty/collcachelib/coll_cache_lib/freq_recorder.cc:337] bulk append 3569013 into 235191203
[2023-04-15 02:33:22.854620: E /samgraph/3rdparty/collcachelib/coll_cache_lib/freq_recorder.cc:347] bulk append 30671415
[2023-04-15 02:33:22.856275: E /samgraph/3rdparty/collcachelib/coll_cache_lib/freq_recorder.cc:337] bulk append 3573009 into 238760216
[2023-04-15 02:33:22.875434: E /samgraph/3rdparty/collcachelib/coll_cache_lib/freq_recorder.cc:347] bulk append 30664920
[2023-04-15 02:33:22.877108: E /samgraph/3rdparty/collcachelib/coll_cache_lib/freq_recorder.cc:337] bulk append 3574237 into 242333225
[2023-04-15 02:33:22.896275: E /samgraph/3rdparty/collcachelib/coll_cache_lib/freq_recorder.cc:347] bulk append 30732223
[2023-04-15 02:33:22.897944: E /samgraph/3rdparty/collcachelib/coll_cache_lib/freq_recorder.cc:337] bulk append 3572889 into 245907462
[2023-04-15 02:33:22.917148: E /samgraph/3rdparty/collcachelib/coll_cache_lib/freq_recorder.cc:347] bulk append 30700034
[2023-04-15 02:33:22.918823: E /samgraph/3rdparty/collcachelib/coll_cache_lib/freq_recorder.cc:337] bulk append 3569428 into 249480351
[2023-04-15 02:33:22.938010: E /samgraph/3rdparty/collcachelib/coll_cache_lib/freq_recorder.cc:347] bulk append 30705281
[2023-04-15 02:33:22.939693: E /samgraph/3rdparty/collcachelib/coll_cache_lib/freq_recorder.cc:337] bulk append 3491648 into 253049779
[2023-04-15 02:33:22.959115: E /samgraph/3rdparty/collcachelib/coll_cache_lib/freq_recorder.cc:347] bulk append 29890654
[2023-04-15 02:33:22.960785: E /samgraph/3rdparty/collcachelib/coll_cache_lib/freq_recorder.cc:337] bulk append 3492488 into 256541427
[2023-04-15 02:33:22.980257: E /samgraph/3rdparty/collcachelib/coll_cache_lib/freq_recorder.cc:347] bulk append 29814391
[2023-04-15 02:33:22.981902: E /samgraph/3rdparty/collcachelib/coll_cache_lib/freq_recorder.cc:337] bulk append 3491638 into 260033915
[2023-04-15 02:33:23.  1405: E /samgraph/3rdparty/collcachelib/coll_cache_lib/freq_recorder.cc:347] bulk append 29816836
[2023-04-15 02:33:23.  3039: E /samgraph/3rdparty/collcachelib/coll_cache_lib/freq_recorder.cc:337] bulk append 3490157 into 263525553
[2023-04-15 02:33:23. 22428: E /samgraph/3rdparty/collcachelib/coll_cache_lib/freq_recorder.cc:347] bulk append 29830155
[2023-04-15 02:33:23. 24070: E /samgraph/3rdparty/collcachelib/coll_cache_lib/freq_recorder.cc:337] bulk append 3493197 into 267015710
[2023-04-15 02:33:23. 43511: E /samgraph/3rdparty/collcachelib/coll_cache_lib/freq_recorder.cc:347] bulk append 29841815
[2023-04-15 02:33:23. 45139: E /samgraph/3rdparty/collcachelib/coll_cache_lib/freq_recorder.cc:337] bulk append 3490143 into 270508907
[2023-04-15 02:33:23. 64567: E /samgraph/3rdparty/collcachelib/coll_cache_lib/freq_recorder.cc:347] bulk append 29846280
[2023-04-15 02:33:23. 66207: E /samgraph/3rdparty/collcachelib/coll_cache_lib/freq_recorder.cc:337] bulk append 3492808 into 273999050
[2023-04-15 02:33:23. 85768: E /samgraph/3rdparty/collcachelib/coll_cache_lib/freq_recorder.cc:347] bulk append 29855859
[2023-04-15 02:33:23. 87391: E /samgraph/3rdparty/collcachelib/coll_cache_lib/freq_recorder.cc:337] bulk append 3491206 into 277491858
[2023-04-15 02:33:23.106857: E /samgraph/3rdparty/collcachelib/coll_cache_lib/freq_recorder.cc:347] bulk append 29916544
[2023-04-15 02:33:23.108474: E /samgraph/3rdparty/collcachelib/coll_cache_lib/freq_recorder.cc:337] bulk append 3493734 into 280983064
[2023-04-15 02:33:23.127898: E /samgraph/3rdparty/collcachelib/coll_cache_lib/freq_recorder.cc:347] bulk append 29915428
[2023-04-15 02:33:23.129526: E /samgraph/3rdparty/collcachelib/coll_cache_lib/freq_recorder.cc:337] bulk append 3487382 into 284476798
[2023-04-15 02:33:23.148823: E /samgraph/3rdparty/collcachelib/coll_cache_lib/freq_recorder.cc:347] bulk append 29869637
[2023-04-15 02:33:23.150462: E [/samgraph/3rdparty/collcachelib/coll_cache_lib/freq_recorder.cc[2023-04-15 02:33:23[[[:2023-04-15 02:33:23.[2023-04-15 02:33:23[2023-04-15 02:33:232023-04-15 02:33:23266.1504832023-04-15 02:33:23.2023-04-15 02:33:23..] 150485: .150486.150487150486freq recorder global combining: E150487: 150492: : 
E : E: EE /samgraph/3rdparty/collcachelib/coll_cache_lib/facade.ccE E  /samgraph/3rdparty/collcachelib/coll_cache_lib/facade.cc: /samgraph/3rdparty/collcachelib/coll_cache_lib/facade.cc /samgraph/3rdparty/collcachelib/coll_cache_lib/facade.cc/samgraph/3rdparty/collcachelib/coll_cache_lib/facade.cc:409/samgraph/3rdparty/collcachelib/coll_cache_lib/facade.cc:/samgraph/3rdparty/collcachelib/coll_cache_lib/facade.cc::409] :409:409409] before scale, dtype is 0, dim is 256409] 409] ] before scale, dtype is 0, dim is 256
] before scale, dtype is 0, dim is 256] before scale, dtype is 0, dim is 256before scale, dtype is 0, dim is 256
before scale, dtype is 0, dim is 256
[before scale, dtype is 0, dim is 256


[2023-04-15 02:33:23[
[[2023-04-15 02:33:23[.2023-04-15 02:33:232023-04-15 02:33:232023-04-15 02:33:23[.2023-04-15 02:33:23150752...2023-04-15 02:33:23150769.: 150775150786150789.: 150793E: : : 150805E:  EEE:  E/samgraph/3rdparty/collcachelib/coll_cache_lib/facade.cc   E/samgraph/3rdparty/collcachelib/coll_cache_lib/facade.cc :/samgraph/3rdparty/collcachelib/coll_cache_lib/facade.cc/samgraph/3rdparty/collcachelib/coll_cache_lib/facade.cc/samgraph/3rdparty/collcachelib/coll_cache_lib/facade.cc :/samgraph/3rdparty/collcachelib/coll_cache_lib/facade.cc415:::/samgraph/3rdparty/collcachelib/coll_cache_lib/facade.cc415:] 415415415:] 415after scale, dtype is 7, new dim is 64] ] ] 415after scale, dtype is 7, new dim is 64] 
after scale, dtype is 7, new dim is 64after scale, dtype is 7, new dim is 64after scale, dtype is 7, new dim is 64] 
after scale, dtype is 7, new dim is 64


after scale, dtype is 7, new dim is 64

[2023-04-15 02:33:23.154587: E /samgraph/3rdparty/collcachelib/coll_cache_lib/coll_cache/asymm_link_desc.cc:181] v100x8, slow pcie
[2023-04-15 02:33:23.154622: E /samgraph/3rdparty/collcachelib/coll_cache_lib/coll_cache/asymm_link_desc.cc:207] assigning 0 to cpu[
2023-04-15 02:33:23.154637: E /samgraph/3rdparty/collcachelib/coll_cache_lib/coll_cache/asymm_link_desc.cc:181] v100x8, slow pcie
[2023-04-15 02:33:23.154677: E[ 2023-04-15 02:33:23/samgraph/3rdparty/collcachelib/coll_cache_lib/coll_cache/asymm_link_desc.cc.:[1546832072023-04-15 02:33:23: ] .Eassigning 0 to cpu154695 
: /samgraph/3rdparty/collcachelib/coll_cache_lib/coll_cache/asymm_link_desc.cc[E:2023-04-15 02:33:23 181./samgraph/3rdparty/collcachelib/coll_cache_lib/coll_cache/asymm_link_desc.cc] 154729:v100x8, slow pcie: 224
E] [[ build asymm link desc with 8X Tesla V100-SXM2-32GB out of 8[2023-04-15 02:33:232023-04-15 02:33:23/samgraph/3rdparty/collcachelib/coll_cache_lib/coll_cache/asymm_link_desc.cc
2023-04-15 02:33:23..:.154781154784[181154791[: : 2023-04-15 02:33:23] : 2023-04-15 02:33:23EE.v100x8, slow pcieE. [ 154826
 154835/samgraph/3rdparty/collcachelib/coll_cache_lib/coll_cache/asymm_link_desc.cc2023-04-15 02:33:23/samgraph/3rdparty/collcachelib/coll_cache_lib/coll_cache/asymm_link_desc.cc: /samgraph/3rdparty/collcachelib/coll_cache_lib/coll_cache/asymm_link_desc.cc: [:.:E:E2023-04-15 02:33:23181154874224 207 .] : ] /samgraph/3rdparty/collcachelib/coll_cache_lib/coll_cache/asymm_link_desc.cc] /samgraph/3rdparty/collcachelib/coll_cache_lib/coll_cache/asymm_link_desc.cc154911v100x8, slow pcieEbuild asymm link desc with 8X Tesla V100-SXM2-32GB out of 8:assigning 0 to cpu:: 
 
181
225E/samgraph/3rdparty/collcachelib/coll_cache_lib/coll_cache/asymm_link_desc.cc[] ]  [:2023-04-15 02:33:23v100x8, slow pcieremote time is 15.5556/samgraph/3rdparty/collcachelib/coll_cache_lib/coll_cache/asymm_link_desc.cc2023-04-15 02:33:23181.

:.] [155036[207155050[v100x8, slow pcie2023-04-15 02:33:23: 2023-04-15 02:33:23] : 2023-04-15 02:33:23
.E.assigning 0 to cpuE.155095 [155086
 155093: /samgraph/3rdparty/collcachelib/coll_cache_lib/coll_cache/asymm_link_desc.cc2023-04-15 02:33:23: /samgraph/3rdparty/collcachelib/coll_cache_lib/coll_cache/asymm_link_desc.cc: E:.E:E 207155146 225 /samgraph/3rdparty/collcachelib/coll_cache_lib/coll_cache/asymm_link_desc.cc] : /samgraph/3rdparty/collcachelib/coll_cache_lib/coll_cache/asymm_link_desc.cc[] /samgraph/3rdparty/collcachelib/coll_cache_lib/coll_cache/asymm_link_desc.cc:assigning 0 to cpuE:2023-04-15 02:33:23remote time is 15.5556:226
 224.
207] /samgraph/3rdparty/collcachelib/coll_cache_lib/coll_cache/asymm_link_desc.cc] 155214] cpu time is 102.941[:build asymm link desc with 8X Tesla V100-SXM2-32GB out of 8: assigning 0 to cpu
2023-04-15 02:33:23207
E[
.]  2023-04-15 02:33:23155280[assigning 0 to cpu/samgraph/3rdparty/collcachelib/coll_cache_lib/coll_cache/asymm_link_desc.cc.: 2023-04-15 02:33:23
:[155303E.2242023-04-15 02:33:23[:  155326] .2023-04-15 02:33:23E/samgraph/3rdparty/collcachelib/coll_cache_lib/coll_cache/asymm_link_desc.cc: build asymm link desc with 8X Tesla V100-SXM2-32GB out of 8155338. :E[
: 155364/samgraph/3rdparty/collcachelib/coll_cache_lib/coll_cache/asymm_link_desc.cc226 2023-04-15 02:33:23E: :] [/samgraph/3rdparty/collcachelib/coll_cache_lib/coll_cache/asymm_link_desc.cc. E224cpu time is 102.9412023-04-15 02:33:23:155403/samgraph/3rdparty/collcachelib/coll_cache_lib/facade.cc ] 
.225: :/samgraph/3rdparty/collcachelib/coll_cache_lib/coll_cache/asymm_link_desc.ccbuild asymm link desc with 8X Tesla V100-SXM2-32GB out of 8155431] E[425:
: remote time is 15.5556 2023-04-15 02:33:23] 224E
/samgraph/3rdparty/collcachelib/coll_cache_lib/coll_cache/asymm_link_desc.cc.registering cpu data with 16.00 GB[]  :155509[
2023-04-15 02:33:23build asymm link desc with 8X Tesla V100-SXM2-32GB out of 8/samgraph/3rdparty/collcachelib/coll_cache_lib/coll_cache/asymm_link_desc.cc224: 2023-04-15 02:33:23.
:] E.155536225build asymm link desc with 8X Tesla V100-SXM2-32GB out of 8 155549[: ] 
/samgraph/3rdparty/collcachelib/coll_cache_lib/facade.cc: 2023-04-15 02:33:23Eremote time is 15.5556:E. [
425 155599/samgraph/3rdparty/collcachelib/coll_cache_lib/coll_cache/asymm_link_desc.cc2023-04-15 02:33:23] /samgraph/3rdparty/collcachelib/coll_cache_lib/coll_cache/asymm_link_desc.cc[: :.registering cpu data with 16.00 GB:2023-04-15 02:33:23E225155632
226. ] : ] 155656/samgraph/3rdparty/collcachelib/coll_cache_lib/coll_cache/asymm_link_desc.ccremote time is 15.5556Ecpu time is 102.941: :
 
E[225/samgraph/3rdparty/collcachelib/coll_cache_lib/coll_cache/asymm_link_desc.cc 2023-04-15 02:33:23] :/samgraph/3rdparty/collcachelib/coll_cache_lib/coll_cache/asymm_link_desc.cc.remote time is 15.5556225:155742[
] 226: 2023-04-15 02:33:23remote time is 15.5556] [E.
cpu time is 102.9412023-04-15 02:33:23 155768
.[/samgraph/3rdparty/collcachelib/coll_cache_lib/coll_cache/asymm_link_desc.cc: 1557982023-04-15 02:33:23:E: .226 [E155826] /samgraph/3rdparty/collcachelib/coll_cache_lib/facade.cc2023-04-15 02:33:23 : cpu time is 102.941:./samgraph/3rdparty/collcachelib/coll_cache_lib/coll_cache/asymm_link_desc.ccE
425155862: ] : 226/samgraph/3rdparty/collcachelib/coll_cache_lib/coll_cache/asymm_link_desc.ccregistering cpu data with 16.00 GBE] :
 [cpu time is 102.941226/samgraph/3rdparty/collcachelib/coll_cache_lib/facade.cc2023-04-15 02:33:23
] :.cpu time is 102.941425155953
] : registering cpu data with 16.00 GBE
 [/samgraph/3rdparty/collcachelib/coll_cache_lib/facade.cc2023-04-15 02:33:23:.425156015] : registering cpu data with 16.00 GB[E
2023-04-15 02:33:23 ./samgraph/3rdparty/collcachelib/coll_cache_lib/facade.cc156037:: 425E]  registering cpu data with 16.00 GB/samgraph/3rdparty/collcachelib/coll_cache_lib/facade.cc
:425] registering cpu data with 16.00 GB
[2023-04-15 02:33:27.818790: E /samgraph/3rdparty/collcachelib/coll_cache_lib/facade.cc:427] registering cpu data done.
[2023-04-15 02:33:27.818943: E /samgraph/3rdparty/collcachelib/coll_cache_lib/facade.cc:427] registering cpu data done.
[2023-04-15 02:33:27.819102: E /samgraph/3rdparty/collcachelib/coll_cache_lib/facade.cc:427] registering cpu data done.
[2023-04-15 02:33:27.819287: E /samgraph/3rdparty/collcachelib/coll_cache_lib/facade.cc:427] registering cpu data done.
[2023-04-15 02:33:27.819476: E /samgraph/3rdparty/collcachelib/coll_cache_lib/facade.cc:427] registering cpu data done.
[2023-04-15 02:33:27.820194: E /samgraph/3rdparty/collcachelib/coll_cache_lib/facade.cc:427] registering cpu data done.
[2023-04-15 02:33:27.825617: E /samgraph/3rdparty/collcachelib/coll_cache_lib/facade.cc:427] registering cpu data done.
[2023-04-15 02:33:39.594288: E /samgraph/3rdparty/collcachelib/coll_cache_lib/freq_recorder.cc:269] freq recorder global combine from 287964180 to 57334653
[2023-04-15 02:33:41.287704: E /samgraph/3rdparty/collcachelib/coll_cache_lib/freq_recorder.cc:286] top 5 freq is 1693,1651,1614,1605,1604
[2023-04-15 02:33:41.287823: E /samgraph/3rdparty/collcachelib/coll_cache_lib/facade.cc:409] before scale, dtype is 0, dim is 256
[2023-04-15 02:33:41.287850: E /samgraph/3rdparty/collcachelib/coll_cache_lib/facade.cc:415] after scale, dtype is 7, new dim is 64
[2023-04-15 02:33:41.288403: E /samgraph/3rdparty/collcachelib/coll_cache_lib/coll_cache/asymm_link_desc.cc:181] v100x8, slow pcie
[2023-04-15 02:33:41.288433: E /samgraph/3rdparty/collcachelib/coll_cache_lib/coll_cache/asymm_link_desc.cc:207] assigning 0 to cpu
[2023-04-15 02:33:41.288496: E /samgraph/3rdparty/collcachelib/coll_cache_lib/coll_cache/asymm_link_desc.cc:224] build asymm link desc with 8X Tesla V100-SXM2-32GB out of 8
[2023-04-15 02:33:41.288548: E /samgraph/3rdparty/collcachelib/coll_cache_lib/coll_cache/asymm_link_desc.cc:225] remote time is 15.5556
[2023-04-15 02:33:41.288575: E /samgraph/3rdparty/collcachelib/coll_cache_lib/coll_cache/asymm_link_desc.cc:226] cpu time is 102.941
[2023-04-15 02:33:41.288619: E /samgraph/3rdparty/collcachelib/coll_cache_lib/facade.cc:425] registering cpu data with 16.00 GB
[2023-04-15 02:33:42.203323: E /samgraph/3rdparty/collcachelib/coll_cache_lib/facade.cc:427] registering cpu data done.
[2023-04-15 02:33:42.203412: E /samgraph/3rdparty/collcachelib/coll_cache_lib/facade.cc:174] creating solver
[2023-04-15 02:33:42.203439: E /samgraph/3rdparty/collcachelib/coll_cache_lib/facade.cc:214] solver created. now build & solve
[2023-04-15 02:33:42.758708: E /samgraph/3rdparty/collcachelib/coll_cache_lib/facade.cc:218] solver built. now solve
[2023-04-15 02:33:42.758818: E /samgraph/3rdparty/collcachelib/coll_cache_lib/coll_cache/optimal_solver_class.cc:1474] num_cached_nodes = 16402091
[2023-04-15 02:33:42.908150: E /samgraph/3rdparty/collcachelib/coll_cache_lib/facade.cc:222] solver solved
[2023-04-15 02:33:42.924679: E /samgraph/3rdparty/collcachelib/coll_cache_lib/facade.cc:437] 0 solved master
[2023-04-15 02:33:42.924734: E /samgraph/3rdparty/collcachelib/coll_cache_lib/facade.cc:444] 0 solved
[2023-04-15 02:33:42.924760: E /samgraph/3rdparty/collcachelib/coll_cache_lib/facade.cc:447] worker 0 thread 0 initing device 0
[2023-04-15 02:33:42.925367: E /samgraph/3rdparty/collcachelib/coll_cache_lib/cache_context.cu:2320] Building Coll Cache with ... num gpu device is 8
[2023-04-15 02:33:42.925452: E /samgraph/3rdparty/collcachelib/coll_cache_lib/cuda/cache_hashtable.cuh:611] per src size local is 18042400
[2023-04-15 02:33:42.935477: E /samgraph/3rdparty/collcachelib/coll_cache_lib/facade.cc:444] 7 solved
[2023-04-15 02:33:42.935548: E /samgraph/3rdparty/collcachelib/coll_cache_lib/facade.cc:447] worker 0 thread 7 initing device 7
[2023-04-15 02:33:42.935601: E /samgraph/3rdparty/collcachelib/coll_cache_lib/facade.cc:444] 6 solved
[2023-04-15 02:33:42.935653: E /samgraph/3rdparty/collcachelib/coll_cache_lib/facade.cc:447] worker 0 thread 6 initing device 6
[2023-04-15 02:33:42.935901: E /samgraph/3rdparty/collcachelib/coll_cache_lib/cache_context.cu:2320] Building Coll Cache with ... num gpu device is 8
[2023-04-15 02:33:42.936011: E /samgraph/3rdparty/collcachelib/coll_cache_lib/cache_context.cu:2320] Building Coll Cache with ... num gpu device is 8
[2023-04-15 02:33:42.977142: E /samgraph/3rdparty/collcachelib/coll_cache_lib/facade.cc:444] 2 solved
[[2023-04-15 02:33:422023-04-15 02:33:42..977191977221: : EE[  2023-04-15 02:33:42/samgraph/3rdparty/collcachelib/coll_cache_lib/facade.cc/samgraph/3rdparty/collcachelib/coll_cache_lib/facade.cc.::977245444447: ] ] E1 solvedworker 0 thread 2 initing device 2 

/samgraph/3rdparty/collcachelib/coll_cache_lib/facade.cc:444[] 2023-04-15 02:33:423 solved.
977340: E [/samgraph/3rdparty/collcachelib/coll_cache_lib/facade.cc2023-04-15 02:33:42:.447977367] : worker 0 thread 1 initing device 1E
 /samgraph/3rdparty/collcachelib/coll_cache_lib/facade.cc:447] worker 0 thread 3 initing device 3
[2023-04-15 02:33:42.977675: E /samgraph/3rdparty/collcachelib/coll_cache_lib/cache_context.cu:2320] Building Coll Cache with ... num gpu device is 8
[2023-04-15 02:33:42.977742: E /samgraph/3rdparty/collcachelib/coll_cache_lib/cache_context.cu:2320] Building Coll Cache with ... num gpu device is 8
[2023-04-15 02:33:42.977776: E /samgraph/3rdparty/collcachelib/coll_cache_lib/cache_context.cu:2320] Building Coll Cache with ... num gpu device is 8
[2023-04-15 02:33:42.987399: E /samgraph/3rdparty/collcachelib/coll_cache_lib/facade.cc:444] 4 solved
[2023-04-15 02:33:42.987478: E /samgraph/3rdparty/collcachelib/coll_cache_lib/facade.cc:447] worker 0 thread 4 initing device 4
[2023-04-15 02:33:42.987843: E /samgraph/3rdparty/collcachelib/coll_cache_lib/cache_context.cu:2320] Building Coll Cache with ... num gpu device is 8
[2023-04-15 02:33:42.992790: E /samgraph/3rdparty/collcachelib/coll_cache_lib/facade.cc:444] 5 solved
[2023-04-15 02:33:42.992924: E /samgraph/3rdparty/collcachelib/coll_cache_lib/facade.cc:447] worker 0 thread 5 initing device 5
[2023-04-15 02:33:42.993407: E /samgraph/3rdparty/collcachelib/coll_cache_lib/cache_context.cu:2320] Building Coll Cache with ... num gpu device is 8
[2023-04-15 02:33:43. 26526: E /samgraph/3rdparty/collcachelib/coll_cache_lib/common.cc:261] making a tensor with 0 num item
[2023-04-15 02:33:43. 26616: E /samgraph/3rdparty/collcachelib/coll_cache_lib/cache_context.cu:2362] num cpu nodes is 49206275
[2023-04-15 02:33:43. 29008: E /samgraph/3rdparty/collcachelib/coll_cache_lib/common.cc:261] making a tensor with 0 num item
[2023-04-15 02:33:43. 29091: E /samgraph/3rdparty/collcachelib/coll_cache_lib/cache_context.cu:2362] num cpu nodes is 49206275
[2023-04-15 02:33:43. 30838: E /samgraph/3rdparty/collcachelib/coll_cache_lib/common.cc:261] making a tensor with 0 num item
[2023-04-15 02:33:43. 30908: E /samgraph/3rdparty/collcachelib/coll_cache_lib/cache_context.cu:2362] num cpu nodes is 49206275
[2023-04-15 02:33:43. 67399: E /samgraph/3rdparty/collcachelib/coll_cache_lib/common.cc:261] making a tensor with 0 num item
[2023-04-15 02:33:43. 67470: E /samgraph/3rdparty/collcachelib/coll_cache_lib/cache_context.cu:2362] num cpu nodes is 49206275
[2023-04-15 02:33:43. 68043: E /samgraph/3rdparty/collcachelib/coll_cache_lib/common.cc:261] making a tensor with 0 num item
[2023-04-15 02:33:43. 68112: E /samgraph/3rdparty/collcachelib/coll_cache_lib/cache_context.cu:2362] num cpu nodes is 49206275
[2023-04-15 02:33:43. 78000: E /samgraph/3rdparty/collcachelib/coll_cache_lib/common.cc:261] making a tensor with 0 num item
[2023-04-15 02:33:43. 78057: E /samgraph/3rdparty/collcachelib/coll_cache_lib/cache_context.cu:2362] num cpu nodes is 49206275
[2023-04-15 02:33:43. 84832: E /samgraph/3rdparty/collcachelib/coll_cache_lib/common.cc:261] making a tensor with 0 num item
[2023-04-15 02:33:43. 84885: E /samgraph/3rdparty/collcachelib/coll_cache_lib/cache_context.cu:2362] num cpu nodes is 49206275
[2023-04-15 02:33:43. 89249: E /samgraph/3rdparty/collcachelib/coll_cache_lib/common.cc:261] making a tensor with 0 num item
[2023-04-15 02:33:43. 89299: E /samgraph/3rdparty/collcachelib/coll_cache_lib/cache_context.cu:2362] num cpu nodes is 49206275
[2023-04-15 02:33:45.899450: E /samgraph/3rdparty/collcachelib/coll_cache_lib/cuda/cache_hashtable.cu:355] create a hashtable with 16402091 possible elem, scale to 33554432
[2023-04-15 02:33:45.899536: E /samgraph/3rdparty/collcachelib/coll_cache_lib/cuda/cache_hashtable.cu:360] SimpleHashTable allocating 256.00 MB
[2023-04-15 02:33:45.901136: E /samgraph/3rdparty/collcachelib/coll_cache_lib/cuda/cache_hashtable.cu:355] create a hashtable with 16402091 possible elem, scale to 33554432
[2023-04-15 02:33:45.901197: E /samgraph/3rdparty/collcachelib/coll_cache_lib/cuda/cache_hashtable.cu:360] [SimpleHashTable allocating 256.00 MB2023-04-15 02:33:45
.901196: E /samgraph/3rdparty/collcachelib/coll_cache_lib/cuda/cache_hashtable.cu[:2023-04-15 02:33:45355.] 901205create a hashtable with 16402091 possible elem, scale to 33554432: 
E /samgraph/3rdparty/collcachelib/coll_cache_lib/cuda/cache_hashtable.cu:355] [create a hashtable with 16402091 possible elem, scale to 335544322023-04-15 02:33:45
.901288: E /samgraph/3rdparty/collcachelib/coll_cache_lib/cuda/cache_hashtable.cu:360] SimpleHashTable allocating 256.00 MB[
2023-04-15 02:33:45.901317: E /samgraph/3rdparty/collcachelib/coll_cache_lib/cuda/cache_hashtable.cu:360] SimpleHashTable allocating 256.00 MB
[2023-04-15 02:33:45.902610: E /samgraph/3rdparty/collcachelib/coll_cache_lib/cuda/cache_hashtable.cu:355] create a hashtable with 16402091 possible elem, scale to 33554432
[2023-04-15 02:33:45.902672: E /samgraph/3rdparty/collcachelib/coll_cache_lib/cuda/cache_hashtable.cu:360] SimpleHashTable allocating 256.00 MB
[2023-04-15 02:33:45.903159: E /samgraph/3rdparty/collcachelib/coll_cache_lib/cuda/cache_hashtable.cu:355] create a hashtable with 16402091 possible elem, scale to 33554432
[2023-04-15 02:33:45.903237: E /samgraph/3rdparty/collcachelib/coll_cache_lib/cuda/cache_hashtable.cu:360] SimpleHashTable allocating 256.00 MB
[2023-04-15 02:33:45.904505: E /samgraph/3rdparty/collcachelib/coll_cache_lib/cuda/cache_hashtable.cu:355] create a hashtable with 16402091 possible elem, scale to 33554432
[2023-04-15 02:33:45.904570: E /samgraph/3rdparty/collcachelib/coll_cache_lib/cuda/cache_hashtable.cu:360] SimpleHashTable allocating 256.00 MB
[2023-04-15 02:33:45.904657: E /samgraph/3rdparty/collcachelib/coll_cache_lib/cuda/cache_hashtable.cu:355] create a hashtable with 16402091 possible elem, scale to 33554432
[2023-04-15 02:33:45.904718: E /samgraph/3rdparty/collcachelib/coll_cache_lib/cuda/cache_hashtable.cu:360] SimpleHashTable allocating 256.00 MB
[2023-04-15 02:33:45.962089: E /samgraph/3rdparty/collcachelib/coll_cache_lib/common.cc:107] too many mem allocated for forcescale?16467699->65608
[2023-04-15 02:33:45.962427: E /samgraph/3rdparty/collcachelib/coll_cache_lib/common.cc:107] too many mem allocated for forcescale?16467699->65608
[2023-04-15 02:33:45.962784: E /samgraph/3rdparty/collcachelib/coll_cache_lib/common.cc:107] too many mem allocated for forcescale?16467699->65608
[2023-04-15 02:33:45.963180: E /samgraph/3rdparty/collcachelib/coll_cache_lib/common.cc:107] too many mem allocated for forcescale?16467699->65608
[2023-04-15 02:33:45.963560: E /samgraph/3rdparty/collcachelib/coll_cache_lib/common.cc:107] too many mem allocated for forcescale?16467699->65608
[2023-04-15 02:33:45.963902: E /samgraph/3rdparty/collcachelib/coll_cache_lib/common.cc:107] too many mem allocated for forcescale?16467699->65608
[2023-04-15 02:33:45.964313: E /samgraph/3rdparty/collcachelib/coll_cache_lib/common.cc:107] too many mem allocated for forcescale?16467699->65608
[2023-04-15 02:33:45.964617: E /samgraph/3rdparty/collcachelib/coll_cache_lib/common.cc:107] too many mem allocated for forcescale?16467699->65608
[2023-04-15 02:33:45.967961: E /samgraph/3rdparty/collcachelib/coll_cache_lib/cache_context.cu:2439] Asymm Coll cache (policy: rep_cache) | local 16402091 / 65608366 nodes ( 25.00 %~25.00 %) | remote 0 / 65608366 nodes ( 0.00 %) | cpu 49206275 / 65608366 nodes ( 75.00 %) | 15.70 GB | 3.04256 secs 
[2023-04-15 02:33:45.987567: E /samgraph/3rdparty/collcachelib/coll_cache_lib/cache_context.cu:2439] Asymm Coll cache (policy: rep_cache) | local 16402091 / 65608366 nodes ( 25.00 %~25.00 %) | remote 0 / 65608366 nodes ( 0.00 %) | cpu 49206275 / 65608366 nodes ( 75.00 %) | 15.70 GB | 3.05163 secs 
[2023-04-15 02:33:45.992272: E /samgraph/3rdparty/collcachelib/coll_cache_lib/cache_context.cu:2439] Asymm Coll cache (policy: rep_cache) | local 16402091 / 65608366 nodes ( 25.00 %~25.00 %) | remote 0 / 65608366 nodes ( 0.00 %) | cpu 49206275 / 65608366 nodes ( 75.00 %) | 15.70 GB | 2.99882 secs 
[2023-04-15 02:33:45.995320: E /samgraph/3rdparty/collcachelib/coll_cache_lib/cache_context.cu:2439] Asymm Coll cache (policy: rep_cache) | local 16402091 / 65608366 nodes ( 25.00 %~25.00 %) | remote 0 / 65608366 nodes ( 0.00 %) | cpu 49206275 / 65608366 nodes ( 75.00 %) | 15.70 GB | 3.01755 secs 
[2023-04-15 02:33:45.997003: E /samgraph/3rdparty/collcachelib/coll_cache_lib/cache_context.cu:2439] Asymm Coll cache (policy: rep_cache) | local 16402091 / 65608366 nodes ( 25.00 %~25.00 %) | remote 0 / 65608366 nodes ( 0.00 %) | cpu 49206275 / 65608366 nodes ( 75.00 %) | 15.70 GB | 3.06096 secs 
[2023-04-15 02:33:46.  1080: E /samgraph/3rdparty/collcachelib/coll_cache_lib/cache_context.cu:2439] Asymm Coll cache (policy: rep_cache) | local 16402091 / 65608366 nodes ( 25.00 %~25.00 %) | remote 0 / 65608366 nodes ( 0.00 %) | cpu 49206275 / 65608366 nodes ( 75.00 %) | 15.70 GB | 3.0132 secs 
[2023-04-15 02:33:46.  4288: E /samgraph/3rdparty/collcachelib/coll_cache_lib/cache_context.cu:2439] Asymm Coll cache (policy: rep_cache) | local 16402091 / 65608366 nodes ( 25.00 %~25.00 %) | remote 0 / 65608366 nodes ( 0.00 %) | cpu 49206275 / 65608366 nodes ( 75.00 %) | 15.70 GB | 3.02658 secs 
[2023-04-15 02:33:46.  9559: E /samgraph/3rdparty/collcachelib/coll_cache_lib/cache_context.cu:2439] Asymm Coll cache (policy: rep_cache) | local 16402091 / 65608366 nodes ( 25.00 %~25.00 %) | remote 0 / 65608366 nodes ( 0.00 %) | cpu 49206275 / 65608366 nodes ( 75.00 %) | 15.70 GB | 3.03175 secs 
/usr/local/lib/python3.8/dist-packages/torch/nn/parallel/scatter_gather.py:9: UserWarning: is_namedtuple is deprecated, please use the python checks instead
  warnings.warn("is_namedtuple is deprecated, please use the python checks instead")
/usr/local/lib/python3.8/dist-packages/torch/nn/parallel/scatter_gather.py:9: UserWarning: is_namedtuple is deprecated, please use the python checks instead
  warnings.warn("is_namedtuple is deprecated, please use the python checks instead")
/usr/local/lib/python3.8/dist-packages/torch/nn/parallel/scatter_gather.py:9: UserWarning: is_namedtuple is deprecated, please use the python checks instead
  warnings.warn("is_namedtuple is deprecated, please use the python checks instead")
/usr/local/lib/python3.8/dist-packages/torch/nn/parallel/scatter_gather.py:9: UserWarning: is_namedtuple is deprecated, please use the python checks instead
  warnings.warn("is_namedtuple is deprecated, please use the python checks instead")
/usr/local/lib/python3.8/dist-packages/torch/nn/parallel/scatter_gather.py:9: UserWarning: is_namedtuple is deprecated, please use the python checks instead
  warnings.warn("is_namedtuple is deprecated, please use the python checks instead")
/usr/local/lib/python3.8/dist-packages/torch/nn/parallel/scatter_gather.py:9: UserWarning: is_namedtuple is deprecated, please use the python checks instead
  warnings.warn("is_namedtuple is deprecated, please use the python checks instead")
/usr/local/lib/python3.8/dist-packages/torch/nn/parallel/scatter_gather.py:9: UserWarning: is_namedtuple is deprecated, please use the python checks instead
  warnings.warn("is_namedtuple is deprecated, please use the python checks instead")
/usr/local/lib/python3.8/dist-packages/torch/nn/parallel/scatter_gather.py:9: UserWarning: is_namedtuple is deprecated, please use the python checks instead
  warnings.warn("is_namedtuple is deprecated, please use the python checks instead")
