/usr/lib/python3/dist-packages/requests/__init__.py:89: RequestsDependencyWarning: urllib3 (1.26.12) or chardet (3.0.4) doesn't match a supported version!
  warnings.warn("urllib3 ({}) or chardet ({}) doesn't match a supported "
[W socket.cpp:601] [c10d] The client socket has failed to connect to [localhost]:12335 (errno: 99 - Cannot assign requested address).
[W socket.cpp:601] [c10d] The client socket has failed to connect to [localhost]:12335 (errno: 99 - Cannot assign requested address).
Rank=2 done reading 16402092 embedding vectors from file /nvme/songxiaoniu/graph-learning/wholegraph/com_friendster/converted/homograph_csr_row_ptr
Rank=2 done reading 16402092 embedding vectors from file /nvme/songxiaoniu/graph-learning/wholegraph/com_friendster/converted/homograph_csr_row_ptr
Rank=3 done reading 16402091 embedding vectors from file /nvme/songxiaoniu/graph-learning/wholegraph/com_friendster/converted/homograph_csr_row_ptr
Rank=3 done reading 16402091 embedding vectors from file /nvme/songxiaoniu/graph-learning/wholegraph/com_friendster/converted/homograph_csr_row_ptr
Rank=0 done reading 16402092 embedding vectors from file /nvme/songxiaoniu/graph-learning/wholegraph/com_friendster/converted/homograph_csr_row_ptr
Rank=1 done reading 16402092 embedding vectors from file /nvme/songxiaoniu/graph-learning/wholegraph/com_friendster/converted/homograph_csr_row_ptr
Rank=1 done reading 16402092 embedding vectors from file /nvme/songxiaoniu/graph-learning/wholegraph/com_friendster/converted/homograph_csr_row_ptr
Rank=0 done reading 16402092 embedding vectors from file /nvme/songxiaoniu/graph-learning/wholegraph/com_friendster/converted/homograph_csr_row_ptr
Rank=3 done reading 903033566 embedding vectors from file /nvme/songxiaoniu/graph-learning/wholegraph/com_friendster/converted/homograph_csr_col_idx
Rank=2 done reading 903033568 embedding vectors from file /nvme/songxiaoniu/graph-learning/wholegraph/com_friendster/converted/homograph_csr_col_idx
Rank=0 done reading 903033568 embedding vectors from file /nvme/songxiaoniu/graph-learning/wholegraph/com_friendster/converted/homograph_csr_col_idx
Rank=1 done reading 903033568 embedding vectors from file /nvme/songxiaoniu/graph-learning/wholegraph/com_friendster/converted/homograph_csr_col_idx
Rank=3 done reading 903033566 embedding vectors from file /nvme/songxiaoniu/graph-learning/wholegraph/com_friendster/converted/homograph_csr_col_idx
Rank=2 done reading 903033568 embedding vectors from file /nvme/songxiaoniu/graph-learning/wholegraph/com_friendster/converted/homograph_csr_col_idx
Rank=0 done reading 903033568 embedding vectors from file /nvme/songxiaoniu/graph-learning/wholegraph/com_friendster/converted/homograph_csr_col_idx
Rank=1 done reading 903033568 embedding vectors from file /nvme/songxiaoniu/graph-learning/wholegraph/com_friendster/converted/homograph_csr_col_idx
[2023-04-15 02:30:10. 26313: E /samgraph/3rdparty/collcachelib/coll_cache_lib/freq_recorder.cc:337] bulk append 3525537 into 0
[2023-04-15 02:30:10. 45452: E /samgraph/3rdparty/collcachelib/coll_cache_lib/freq_recorder.cc:347] bulk append 31030222
[2023-04-15 02:30:10. 47131: E /samgraph/3rdparty/collcachelib/coll_cache_lib/freq_recorder.cc:337] bulk append 3527966 into 3525537
[2023-04-15 02:30:10. 66761: E /samgraph/3rdparty/collcachelib/coll_cache_lib/freq_recorder.cc:347] bulk append 31003887
[2023-04-15 02:30:10. 68436: E /samgraph/3rdparty/collcachelib/coll_cache_lib/freq_recorder.cc:337] bulk append 3523115 into 7053503
[2023-04-15 02:30:10. 87992: E /samgraph/3rdparty/collcachelib/coll_cache_lib/freq_recorder.cc:347] bulk append 30967935
[2023-04-15 02:30:10. 89683: E /samgraph/3rdparty/collcachelib/coll_cache_lib/freq_recorder.cc:337] bulk append 3526377 into 10576618
[2023-04-15 02:30:10.109094: E /samgraph/3rdparty/collcachelib/coll_cache_lib/freq_recorder.cc:347] bulk append 30973351
[2023-04-15 02:30:10.110770: E /samgraph/3rdparty/collcachelib/coll_cache_lib/freq_recorder.cc:337] bulk append 3526456 into 14102995
[2023-04-15 02:30:10.130180: E /samgraph/3rdparty/collcachelib/coll_cache_lib/freq_recorder.cc:347] bulk append 31008680
[2023-04-15 02:30:10.131881: E /samgraph/3rdparty/collcachelib/coll_cache_lib/freq_recorder.cc:337] bulk append 3525392 into 17629451
[2023-04-15 02:30:10.151481: E /samgraph/3rdparty/collcachelib/coll_cache_lib/freq_recorder.cc:347] bulk append 30994197
[2023-04-15 02:30:10.153164: E /samgraph/3rdparty/collcachelib/coll_cache_lib/freq_recorder.cc:337] bulk append 3525118 into 21154843
[2023-04-15 02:30:10.172770: E /samgraph/3rdparty/collcachelib/coll_cache_lib/freq_recorder.cc:347] bulk append 30997284
[2023-04-15 02:30:10.174458: E /samgraph/3rdparty/collcachelib/coll_cache_lib/freq_recorder.cc:337] bulk append 3530291 into 24679961
[2023-04-15 02:30:10.193569: E /samgraph/3rdparty/collcachelib/coll_cache_lib/freq_recorder.cc:347] bulk append 31009946
[2023-04-15 02:30:10.195243: E /samgraph/3rdparty/collcachelib/coll_cache_lib/freq_recorder.cc:337] bulk append 3524549 into 28210252
[2023-04-15 02:30:10.214872: E /samgraph/3rdparty/collcachelib/coll_cache_lib/freq_recorder.cc:347] bulk append 31009413
[2023-04-15 02:30:10.216555: E /samgraph/3rdparty/collcachelib/coll_cache_lib/freq_recorder.cc:337] bulk append 3526696 into 31734801
[2023-04-15 02:30:10.235963: E /samgraph/3rdparty/collcachelib/coll_cache_lib/freq_recorder.cc:347] bulk append 31001286
[2023-04-15 02:30:10.237690: E /samgraph/3rdparty/collcachelib/coll_cache_lib/freq_recorder.cc:337] bulk append 3608779 into 35261497
[2023-04-15 02:30:10.257724: E /samgraph/3rdparty/collcachelib/coll_cache_lib/freq_recorder.cc:347] bulk append 31550584
[2023-04-15 02:30:10.259431: E /samgraph/3rdparty/collcachelib/coll_cache_lib/freq_recorder.cc:337] bulk append 3609304 into 38870276
[2023-04-15 02:30:10.279386: E /samgraph/3rdparty/collcachelib/coll_cache_lib/freq_recorder.cc:347] bulk append 31500969
[2023-04-15 02:30:10.281073: E /samgraph/3rdparty/collcachelib/coll_cache_lib/freq_recorder.cc:337] bulk append 3606980 into 42479580
[2023-04-15 02:30:10.301047: E /samgraph/3rdparty/collcachelib/coll_cache_lib/freq_recorder.cc:347] bulk append 31455427
[2023-04-15 02:30:10.302715: E /samgraph/3rdparty/collcachelib/coll_cache_lib/freq_recorder.cc:337] bulk append 3610634 into 46086560
[2023-04-15 02:30:10.322582: E /samgraph/3rdparty/collcachelib/coll_cache_lib/freq_recorder.cc:347] bulk append 31485609
[2023-04-15 02:30:10.324243: E /samgraph/3rdparty/collcachelib/coll_cache_lib/freq_recorder.cc:337] bulk append 3607862 into 49697194
[2023-04-15 02:30:10.344229: E /samgraph/3rdparty/collcachelib/coll_cache_lib/freq_recorder.cc:347] bulk append 31527162
[2023-04-15 02:30:10.345884: E /samgraph/3rdparty/collcachelib/coll_cache_lib/freq_recorder.cc:337] bulk append 3608694 into 53305056
[2023-04-15 02:30:10.365849: E /samgraph/3rdparty/collcachelib/coll_cache_lib/freq_recorder.cc:347] bulk append 31517172
[2023-04-15 02:30:10.367498: E /samgraph/3rdparty/collcachelib/coll_cache_lib/freq_recorder.cc:337] bulk append 3606898 into 56913750
[2023-04-15 02:30:10.387462: E /samgraph/3rdparty/collcachelib/coll_cache_lib/freq_recorder.cc:347] bulk append 31496053
[2023-04-15 02:30:10.389115: E /samgraph/3rdparty/collcachelib/coll_cache_lib/freq_recorder.cc:337] bulk append 3612340 into 60520648
[2023-04-15 02:30:10.408939: E /samgraph/3rdparty/collcachelib/coll_cache_lib/freq_recorder.cc:347] bulk append 31524186
[2023-04-15 02:30:10.410579: E /samgraph/3rdparty/collcachelib/coll_cache_lib/freq_recorder.cc:337] bulk append 3607318 into 64132988
[2023-04-15 02:30:10.430540: E /samgraph/3rdparty/collcachelib/coll_cache_lib/freq_recorder.cc:347] bulk append 31497547
[2023-04-15 02:30:10.432185: E /samgraph/3rdparty/collcachelib/coll_cache_lib/freq_recorder.cc:337] bulk append 3607819 into 67740306
[2023-04-15 02:30:10.451976: E /samgraph/3rdparty/collcachelib/coll_cache_lib/freq_recorder.cc:347] bulk append 31535177
[2023-04-15 02:30:10.453644: E /samgraph/3rdparty/collcachelib/coll_cache_lib/freq_recorder.cc:337] bulk append 3648238 into 71348125
[2023-04-15 02:30:10.473144: E /samgraph/3rdparty/collcachelib/coll_cache_lib/freq_recorder.cc:347] bulk append 31503593
[2023-04-15 02:30:10.474828: E /samgraph/3rdparty/collcachelib/coll_cache_lib/freq_recorder.cc:337] bulk append 3651006 into 74996363
[2023-04-15 02:30:10.494361: E /samgraph/3rdparty/collcachelib/coll_cache_lib/freq_recorder.cc:347] bulk append 31455546
[2023-04-15 02:30:10.496034: E /samgraph/3rdparty/collcachelib/coll_cache_lib/freq_recorder.cc:337] bulk append 3649588 into 78647369
[2023-04-15 02:30:10.516086: E /samgraph/3rdparty/collcachelib/coll_cache_lib/freq_recorder.cc:347] bulk append 31421012
[2023-04-15 02:30:10.517766: E /samgraph/3rdparty/collcachelib/coll_cache_lib/freq_recorder.cc:337] bulk append 3649896 into 82296957
[2023-04-15 02:30:10.537825: E /samgraph/3rdparty/collcachelib/coll_cache_lib/freq_recorder.cc:347] bulk append 31433689
[2023-04-15 02:30:10.539498: E /samgraph/3rdparty/collcachelib/coll_cache_lib/freq_recorder.cc:337] bulk append 3650098 into 85946853
[2023-04-15 02:30:10.559063: E /samgraph/3rdparty/collcachelib/coll_cache_lib/freq_recorder.cc:347] bulk append 31477470
[2023-04-15 02:30:10.560735: E /samgraph/3rdparty/collcachelib/coll_cache_lib/freq_recorder.cc:337] bulk append 3649682 into 89596951
[2023-04-15 02:30:10.580245: E /samgraph/3rdparty/collcachelib/coll_cache_lib/freq_recorder.cc:347] bulk append 31474880
[2023-04-15 02:30:10.581931: E /samgraph/3rdparty/collcachelib/coll_cache_lib/freq_recorder.cc:337] bulk append 3648992 into 93246633
[2023-04-15 02:30:10.601390: E /samgraph/3rdparty/collcachelib/coll_cache_lib/freq_recorder.cc:347] bulk append 31462831
[2023-04-15 02:30:10.603061: E /samgraph/3rdparty/collcachelib/coll_cache_lib/freq_recorder.cc:337] bulk append 3652130 into 96895625
[2023-04-15 02:30:10.623070: E /samgraph/3rdparty/collcachelib/coll_cache_lib/freq_recorder.cc:347] bulk append 31517715
[2023-04-15 02:30:10.624741: E /samgraph/3rdparty/collcachelib/coll_cache_lib/freq_recorder.cc:337] bulk append 3649754 into 100547755
[2023-04-15 02:30:10.644721: E /samgraph/3rdparty/collcachelib/coll_cache_lib/freq_recorder.cc:347] bulk append 31467729
[2023-04-15 02:30:10.646398: E /samgraph/3rdparty/collcachelib/coll_cache_lib/freq_recorder.cc:337] bulk append 3651734 into 104197509
[2023-04-15 02:30:10.665900: E /samgraph/3rdparty/collcachelib/coll_cache_lib/freq_recorder.cc:347] bulk append 31525798
[2023-04-15 02:30:10.667589: E /samgraph/3rdparty/collcachelib/coll_cache_lib/freq_recorder.cc:337] bulk append 3656572 into 107849243
[2023-04-15 02:30:10.687760: E /samgraph/3rdparty/collcachelib/coll_cache_lib/freq_recorder.cc:347] bulk append 31501711
[2023-04-15 02:30:10.689475: E /samgraph/3rdparty/collcachelib/coll_cache_lib/freq_recorder.cc:337] bulk append 3658371 into 111505815
[2023-04-15 02:30:10.709381: E /samgraph/3rdparty/collcachelib/coll_cache_lib/freq_recorder.cc:347] bulk append 31449513
[2023-04-15 02:30:10.711041: E /samgraph/3rdparty/collcachelib/coll_cache_lib/freq_recorder.cc:337] bulk append 3654077 into 115164186
[2023-04-15 02:30:10.730944: E /samgraph/3rdparty/collcachelib/coll_cache_lib/freq_recorder.cc:347] bulk append 31425915
[2023-04-15 02:30:10.732601: E /samgraph/3rdparty/collcachelib/coll_cache_lib/freq_recorder.cc:337] bulk append 3657924 into 118818263
[2023-04-15 02:30:10.752501: E /samgraph/3rdparty/collcachelib/coll_cache_lib/freq_recorder.cc:347] bulk append 31436615
[2023-04-15 02:30:10.754161: E /samgraph/3rdparty/collcachelib/coll_cache_lib/freq_recorder.cc:337] bulk append 3656915 into 122476187
[2023-04-15 02:30:10.774271: E /samgraph/3rdparty/collcachelib/coll_cache_lib/freq_recorder.cc:347] bulk append 31471332
[2023-04-15 02:30:10.775921: E /samgraph/3rdparty/collcachelib/coll_cache_lib/freq_recorder.cc:337] bulk append 3656884 into 126133102
[2023-04-15 02:30:10.796042: E /samgraph/3rdparty/collcachelib/coll_cache_lib/freq_recorder.cc:347] bulk append 31478188
[2023-04-15 02:30:10.797702: E /samgraph/3rdparty/collcachelib/coll_cache_lib/freq_recorder.cc:337] bulk append 3656918 into 129789986
[2023-04-15 02:30:10.817746: E /samgraph/3rdparty/collcachelib/coll_cache_lib/freq_recorder.cc:347] bulk append 31469126
[2023-04-15 02:30:10.819415: E /samgraph/3rdparty/collcachelib/coll_cache_lib/freq_recorder.cc:337] bulk append 3660621 into 133446904
[2023-04-15 02:30:10.839350: E /samgraph/3rdparty/collcachelib/coll_cache_lib/freq_recorder.cc:347] bulk append 31517082
[2023-04-15 02:30:10.841016: E /samgraph/3rdparty/collcachelib/coll_cache_lib/freq_recorder.cc:337] bulk append 3656835 into 137107525
[2023-04-15 02:30:10.860936: E /samgraph/3rdparty/collcachelib/coll_cache_lib/freq_recorder.cc:347] bulk append 31486329
[2023-04-15 02:30:10.862584: E /samgraph/3rdparty/collcachelib/coll_cache_lib/freq_recorder.cc:337] bulk append 3655903 into 140764360
[2023-04-15 02:30:10.882505: E /samgraph/3rdparty/collcachelib/coll_cache_lib/freq_recorder.cc:347] bulk append 31513164
[2023-04-15 02:30:10.884153: E /samgraph/3rdparty/collcachelib/coll_cache_lib/freq_recorder.cc:337] bulk append 3663939 into 144420263
[2023-04-15 02:30:10.903690: E /samgraph/3rdparty/collcachelib/coll_cache_lib/freq_recorder.cc:347] bulk append 31409540
[2023-04-15 02:30:10.905363: E /samgraph/3rdparty/collcachelib/coll_cache_lib/freq_recorder.cc:337] bulk append 3666760 into 148084202
[2023-04-15 02:30:10.925321: E /samgraph/3rdparty/collcachelib/coll_cache_lib/freq_recorder.cc:347] bulk append 31363133
[2023-04-15 02:30:10.926984: E /samgraph/3rdparty/collcachelib/coll_cache_lib/freq_recorder.cc:337] bulk append 3665176 into 151750962
[2023-04-15 02:30:10.946520: E /samgraph/3rdparty/collcachelib/coll_cache_lib/freq_recorder.cc:347] bulk append 31328069
[2023-04-15 02:30:10.948185: E /samgraph/3rdparty/collcachelib/coll_cache_lib/freq_recorder.cc:337] bulk append 3666075 into 155416138
[2023-04-15 02:30:10.967714: E /samgraph/3rdparty/collcachelib/coll_cache_lib/freq_recorder.cc:347] bulk append 31353795
[2023-04-15 02:30:10.969388: E /samgraph/3rdparty/collcachelib/coll_cache_lib/freq_recorder.cc:337] bulk append 3665766 into 159082213
[2023-04-15 02:30:10.988864: E /samgraph/3rdparty/collcachelib/coll_cache_lib/freq_recorder.cc:347] bulk append 31375032
[2023-04-15 02:30:10.990541: E /samgraph/3rdparty/collcachelib/coll_cache_lib/freq_recorder.cc:337] bulk append 3665586 into 162747979
[2023-04-15 02:30:11. 10052: E /samgraph/3rdparty/collcachelib/coll_cache_lib/freq_recorder.cc:347] bulk append 31378594
[2023-04-15 02:30:11. 11714: E /samgraph/3rdparty/collcachelib/coll_cache_lib/freq_recorder.cc:337] bulk append 3664234 into 166413565
[2023-04-15 02:30:11. 31201: E /samgraph/3rdparty/collcachelib/coll_cache_lib/freq_recorder.cc:347] bulk append 31384774
[2023-04-15 02:30:11. 32869: E /samgraph/3rdparty/collcachelib/coll_cache_lib/freq_recorder.cc:337] bulk append 3668803 into 170077799
[2023-04-15 02:30:11. 52352: E /samgraph/3rdparty/collcachelib/coll_cache_lib/freq_recorder.cc:347] bulk append 31438216
[2023-04-15 02:30:11. 54024: E /samgraph/3rdparty/collcachelib/coll_cache_lib/freq_recorder.cc:337] bulk append 3665990 into 173746602
[2023-04-15 02:30:11. 73981: E /samgraph/3rdparty/collcachelib/coll_cache_lib/freq_recorder.cc:347] bulk append 31416507
[2023-04-15 02:30:11. 75642: E /samgraph/3rdparty/collcachelib/coll_cache_lib/freq_recorder.cc:337] bulk append 3664947 into 177412592
[2023-04-15 02:30:11. 95582: E /samgraph/3rdparty/collcachelib/coll_cache_lib/freq_recorder.cc:347] bulk append 31427845
[2023-04-15 02:30:11. 97275: E /samgraph/3rdparty/collcachelib/coll_cache_lib/freq_recorder.cc:337] bulk append 3623129 into 181077539
[2023-04-15 02:30:11.116662: E /samgraph/3rdparty/collcachelib/coll_cache_lib/freq_recorder.cc:347] bulk append 31145155
[2023-04-15 02:30:11.118348: E /samgraph/3rdparty/collcachelib/coll_cache_lib/freq_recorder.cc:337] bulk append 3627337 into 184700668
[2023-04-15 02:30:11.138163: E /samgraph/3rdparty/collcachelib/coll_cache_lib/freq_recorder.cc:347] bulk append 31086043
[2023-04-15 02:30:11.139842: E /samgraph/3rdparty/collcachelib/coll_cache_lib/freq_recorder.cc:337] bulk append 3623150 into 188328005
[2023-04-15 02:30:11.159409: E /samgraph/3rdparty/collcachelib/coll_cache_lib/freq_recorder.cc:347] bulk append 31070453
[2023-04-15 02:30:11.161102: E /samgraph/3rdparty/collcachelib/coll_cache_lib/freq_recorder.cc:337] bulk append 3626637 into 191951155
[2023-04-15 02:30:11.180961: E /samgraph/3rdparty/collcachelib/coll_cache_lib/freq_recorder.cc:347] bulk append 31087998
[2023-04-15 02:30:11.182639: E /samgraph/3rdparty/collcachelib/coll_cache_lib/freq_recorder.cc:337] bulk append 3624428 into 195577792
[2023-04-15 02:30:11.202035: E /samgraph/3rdparty/collcachelib/coll_cache_lib/freq_recorder.cc:347] bulk append 31109849
[2023-04-15 02:30:11.203714: E /samgraph/3rdparty/collcachelib/coll_cache_lib/freq_recorder.cc:337] bulk append 3625302 into 199202220
[2023-04-15 02:30:11.223590: E /samgraph/3rdparty/collcachelib/coll_cache_lib/freq_recorder.cc:347] bulk append 31120316
[2023-04-15 02:30:11.225280: E /samgraph/3rdparty/collcachelib/coll_cache_lib/freq_recorder.cc:337] bulk append 3624079 into 202827522
[2023-04-15 02:30:11.245158: E /samgraph/3rdparty/collcachelib/coll_cache_lib/freq_recorder.cc:347] bulk append 31116505
[2023-04-15 02:30:11.246834: E /samgraph/3rdparty/collcachelib/coll_cache_lib/freq_recorder.cc:337] bulk append 3628361 into 206451601
[2023-04-15 02:30:11.266586: E /samgraph/3rdparty/collcachelib/coll_cache_lib/freq_recorder.cc:347] bulk append 31166749
[2023-04-15 02:30:11.268265: E /samgraph/3rdparty/collcachelib/coll_cache_lib/freq_recorder.cc:337] bulk append 3625457 into 210079962
[2023-04-15 02:30:11.287730: E /samgraph/3rdparty/collcachelib/coll_cache_lib/freq_recorder.cc:347] bulk append 31134306
[2023-04-15 02:30:11.289415: E /samgraph/3rdparty/collcachelib/coll_cache_lib/freq_recorder.cc:337] bulk append 3623951 into 213705419
[2023-04-15 02:30:11.309324: E /samgraph/3rdparty/collcachelib/coll_cache_lib/freq_recorder.cc:347] bulk append 31167710
[2023-04-15 02:30:11.311022: E /samgraph/3rdparty/collcachelib/coll_cache_lib/freq_recorder.cc:337] bulk append 3567243 into 217329370
[2023-04-15 02:30:11.330225: E /samgraph/3rdparty/collcachelib/coll_cache_lib/freq_recorder.cc:347] bulk append 30712163
[2023-04-15 02:30:11.331909: E /samgraph/3rdparty/collcachelib/coll_cache_lib/freq_recorder.cc:337] bulk append 3571441 into 220896613
[2023-04-15 02:30:11.351096: E /samgraph/3rdparty/collcachelib/coll_cache_lib/freq_recorder.cc:347] bulk append 30634488
[2023-04-15 02:30:11.352781: E /samgraph/3rdparty/collcachelib/coll_cache_lib/freq_recorder.cc:337] bulk append 3567135 into 224468054
[2023-04-15 02:30:11.372473: E /samgraph/3rdparty/collcachelib/coll_cache_lib/freq_recorder.cc:347] bulk append 30615291
[2023-04-15 02:30:11.374159: E /samgraph/3rdparty/collcachelib/coll_cache_lib/freq_recorder.cc:337] bulk append 3569828 into 228035189
[2023-04-15 02:30:11.393348: E /samgraph/3rdparty/collcachelib/coll_cache_lib/freq_recorder.cc:347] bulk append 30650633
[2023-04-15 02:30:11.395039: E /samgraph/3rdparty/collcachelib/coll_cache_lib/freq_recorder.cc:337] bulk append 3570465 into 231605017
[2023-04-15 02:30:11.414269: E /samgraph/3rdparty/collcachelib/coll_cache_lib/freq_recorder.cc:347] bulk append 30647404
[2023-04-15 02:30:11.415952: E /samgraph/3rdparty/collcachelib/coll_cache_lib/freq_recorder.cc:337] bulk append 3569083 into 235175482
[2023-04-15 02:30:11.435150: E /samgraph/3rdparty/collcachelib/coll_cache_lib/freq_recorder.cc:347] bulk append 30666081
[2023-04-15 02:30:11.436839: E /samgraph/3rdparty/collcachelib/coll_cache_lib/freq_recorder.cc:337] bulk append 3567377 into 238744565
[2023-04-15 02:30:11.456357: E /samgraph/3rdparty/collcachelib/coll_cache_lib/freq_recorder.cc:347] bulk append 30660603
[2023-04-15 02:30:11.458054: E /samgraph/3rdparty/collcachelib/coll_cache_lib/freq_recorder.cc:337] bulk append 3570197 into 242311942
[2023-04-15 02:30:11.477475: E /samgraph/3rdparty/collcachelib/coll_cache_lib/freq_recorder.cc:347] bulk append 30713846
[2023-04-15 02:30:11.479153: E /samgraph/3rdparty/collcachelib/coll_cache_lib/freq_recorder.cc:337] bulk append 3569299 into 245882139
[2023-04-15 02:30:11.498882: E /samgraph/3rdparty/collcachelib/coll_cache_lib/freq_recorder.cc:347] bulk append 30690073
[2023-04-15 02:30:11.500584: E /samgraph/3rdparty/collcachelib/coll_cache_lib/freq_recorder.cc:337] bulk append 3570125 into 249451438
[2023-04-15 02:30:11.520278: E /samgraph/3rdparty/collcachelib/coll_cache_lib/freq_recorder.cc:347] bulk append 30706423
[2023-04-15 02:30:11.521984: E /samgraph/3rdparty/collcachelib/coll_cache_lib/freq_recorder.cc:337] bulk append 3490791 into 253021563
[2023-04-15 02:30:11.540859: E /samgraph/3rdparty/collcachelib/coll_cache_lib/freq_recorder.cc:347] bulk append 29888024
[2023-04-15 02:30:11.542541: E /samgraph/3rdparty/collcachelib/coll_cache_lib/freq_recorder.cc:337] bulk append 3493903 into 256512354
[2023-04-15 02:30:11.561461: E /samgraph/3rdparty/collcachelib/coll_cache_lib/freq_recorder.cc:347] bulk append 29812780
[2023-04-15 02:30:11.563123: E /samgraph/3rdparty/collcachelib/coll_cache_lib/freq_recorder.cc:337] bulk append 3489389 into 260006257
[2023-04-15 02:30:11.582070: E /samgraph/3rdparty/collcachelib/coll_cache_lib/freq_recorder.cc:347] bulk append 29803987
[2023-04-15 02:30:11.583735: E /samgraph/3rdparty/collcachelib/coll_cache_lib/freq_recorder.cc:337] bulk append 3493065 into 263495646
[2023-04-15 02:30:11.602686: E /samgraph/3rdparty/collcachelib/coll_cache_lib/freq_recorder.cc:347] bulk append 29835824
[2023-04-15 02:30:11.604355: E /samgraph/3rdparty/collcachelib/coll_cache_lib/freq_recorder.cc:337] bulk append 3491000 into 266988711
[2023-04-15 02:30:11.623733: E /samgraph/3rdparty/collcachelib/coll_cache_lib/freq_recorder.cc:347] bulk append 29830442
[2023-04-15 02:30:11.625407: E /samgraph/3rdparty/collcachelib/coll_cache_lib/freq_recorder.cc:337] bulk append 3493170 into 270479711
[2023-04-15 02:30:11.644801: E /samgraph/3rdparty/collcachelib/coll_cache_lib/freq_recorder.cc:347] bulk append 29843640
[2023-04-15 02:30:11.646477: E /samgraph/3rdparty/collcachelib/coll_cache_lib/freq_recorder.cc:337] bulk append 3489605 into 273972881
[2023-04-15 02:30:11.665331: E /samgraph/3rdparty/collcachelib/coll_cache_lib/freq_recorder.cc:347] bulk append 29852119
[2023-04-15 02:30:11.666996: E /samgraph/3rdparty/collcachelib/coll_cache_lib/freq_recorder.cc:337] bulk append 3493403 into 277462486
[2023-04-15 02:30:11.686384: E /samgraph/3rdparty/collcachelib/coll_cache_lib/freq_recorder.cc:347] bulk append 29920542
[2023-04-15 02:30:11.688039: E /samgraph/3rdparty/collcachelib/coll_cache_lib/freq_recorder.cc:337] bulk append 3491511 into 280955889
[2023-04-15 02:30:11.706962: E /samgraph/3rdparty/collcachelib/coll_cache_lib/freq_recorder.cc:347] bulk append 29904176
[2023-04-15 02:30:11.708626: E /samgraph/3rdparty/collcachelib/coll_cache_lib/freq_recorder.cc:337] bulk append 3492411 into 284447400
[2023-04-15 02:30:11.727536: E /samgraph/3rdparty/collcachelib/coll_cache_lib/freq_recorder.cc:347] bulk append 29866674
[2023-04-15 02:30:11.729208: E /samgraph/3rdparty/collcachelib/coll_cache_lib/freq_recorder.cc:266] freq recorder global combining
[2023-04-15 02:30:11[.[2023-04-15 02:30:112023-04-15 02:30:11729257[[[..: 2023-04-15 02:30:11[2023-04-15 02:30:112023-04-15 02:30:11729256729256E.2023-04-15 02:30:11..: :  729261.729263729269EE/samgraph/3rdparty/collcachelib/coll_cache_lib/facade.cc: 729272: :   :E: EE/samgraph/3rdparty/collcachelib/coll_cache_lib/facade.cc/samgraph/3rdparty/collcachelib/coll_cache_lib/facade.cc409 E  ::] /samgraph/3rdparty/collcachelib/coll_cache_lib/facade.cc /samgraph/3rdparty/collcachelib/coll_cache_lib/facade.cc/samgraph/3rdparty/collcachelib/coll_cache_lib/facade.cc409409before scale, dtype is 0, dim is 256:/samgraph/3rdparty/collcachelib/coll_cache_lib/facade.cc::] ] 
409:409409before scale, dtype is 0, dim is 256before scale, dtype is 0, dim is 256] 409[] ] 

before scale, dtype is 0, dim is 256] 2023-04-15 02:30:11before scale, dtype is 0, dim is 256before scale, dtype is 0, dim is 256
[[before scale, dtype is 0, dim is 256.

2023-04-15 02:30:112023-04-15 02:30:11[
729489.[.[2023-04-15 02:30:11[: 7295252023-04-15 02:30:117295272023-04-15 02:30:11.2023-04-15 02:30:11E: .: .729546. E729559E729574: 729564/samgraph/3rdparty/collcachelib/coll_cache_lib/facade.cc :  : E: :/samgraph/3rdparty/collcachelib/coll_cache_lib/facade.ccE/samgraph/3rdparty/collcachelib/coll_cache_lib/facade.ccE E415: : /samgraph/3rdparty/collcachelib/coll_cache_lib/facade.cc ] 415/samgraph/3rdparty/collcachelib/coll_cache_lib/facade.cc415/samgraph/3rdparty/collcachelib/coll_cache_lib/facade.cc:/samgraph/3rdparty/collcachelib/coll_cache_lib/facade.ccafter scale, dtype is 7, new dim is 64] :] :415:
after scale, dtype is 7, new dim is 64415after scale, dtype is 7, new dim is 64415] 415
] 
] after scale, dtype is 7, new dim is 64] after scale, dtype is 7, new dim is 64after scale, dtype is 7, new dim is 64
after scale, dtype is 7, new dim is 64


[2023-04-15 02:30:11.733200: E /samgraph/3rdparty/collcachelib/coll_cache_lib/coll_cache/asymm_link_desc.cc:181] v100x8, slow pcie
[2023-04-15 02:30:11.733235: E[ 2023-04-15 02:30:11/samgraph/3rdparty/collcachelib/coll_cache_lib/coll_cache/asymm_link_desc.cc.:733242207: ] Eassigning 0 to cpu 
/samgraph/3rdparty/collcachelib/coll_cache_lib/coll_cache/asymm_link_desc.cc:181] v100x8, slow pcie
[[2023-04-15 02:30:112023-04-15 02:30:11..733287733286: : E[E 2023-04-15 02:30:11 /samgraph/3rdparty/collcachelib/coll_cache_lib/coll_cache/asymm_link_desc.cc./samgraph/3rdparty/collcachelib/coll_cache_lib/coll_cache/asymm_link_desc.cc:733305:207: 181] E] [assigning 0 to cpu v100x8, slow pcie2023-04-15 02:30:11
/samgraph/3rdparty/collcachelib/coll_cache_lib/coll_cache/asymm_link_desc.cc
.:733332224: [] E2023-04-15 02:30:11build asymm link desc with 8X Tesla V100-SXM2-32GB out of 8 .
/samgraph/3rdparty/collcachelib/coll_cache_lib/coll_cache/asymm_link_desc.cc733361:[[: 1812023-04-15 02:30:112023-04-15 02:30:11E] .. v100x8, slow pcie733383733382[/samgraph/3rdparty/collcachelib/coll_cache_lib/coll_cache/asymm_link_desc.cc
: : 2023-04-15 02:30:11:EE.207[  733407] 2023-04-15 02:30:11/samgraph/3rdparty/collcachelib/coll_cache_lib/coll_cache/asymm_link_desc.cc/samgraph/3rdparty/collcachelib/coll_cache_lib/coll_cache/asymm_link_desc.cc: [assigning 0 to cpu.::E2023-04-15 02:30:11
733425224181 .: ] ] /samgraph/3rdparty/collcachelib/coll_cache_lib/coll_cache/asymm_link_desc.cc[733435Ebuild asymm link desc with 8X Tesla V100-SXM2-32GB out of 8v100x8, slow pcie[:2023-04-15 02:30:11:  

2023-04-15 02:30:11225.E/samgraph/3rdparty/collcachelib/coll_cache_lib/coll_cache/asymm_link_desc.cc.] [733480 :733507remote time is 15.5556[2023-04-15 02:30:11: /samgraph/3rdparty/collcachelib/coll_cache_lib/coll_cache/asymm_link_desc.cc207: 
2023-04-15 02:30:11.E:] E.733532[ 181assigning 0 to cpu 733544: 2023-04-15 02:30:11/samgraph/3rdparty/collcachelib/coll_cache_lib/coll_cache/asymm_link_desc.cc] 
/samgraph/3rdparty/collcachelib/coll_cache_lib/coll_cache/asymm_link_desc.cc: E.:v100x8, slow pcie:E 733580181
224 /samgraph/3rdparty/collcachelib/coll_cache_lib/coll_cache/asymm_link_desc.cc: ] ] /samgraph/3rdparty/collcachelib/coll_cache_lib/coll_cache/asymm_link_desc.cc:[[Ev100x8, slow pciebuild asymm link desc with 8X Tesla V100-SXM2-32GB out of 8:2072023-04-15 02:30:112023-04-15 02:30:11 

225] .[./samgraph/3rdparty/collcachelib/coll_cache_lib/coll_cache/asymm_link_desc.cc] assigning 0 to cpu7336592023-04-15 02:30:11733660:remote time is 15.5556[
: .: 226
2023-04-15 02:30:11E733713[E] . : [2023-04-15 02:30:11 cpu time is 102.941733726/samgraph/3rdparty/collcachelib/coll_cache_lib/coll_cache/asymm_link_desc.ccE2023-04-15 02:30:11./samgraph/3rdparty/collcachelib/coll_cache_lib/coll_cache/asymm_link_desc.cc
: : .733763:E224/samgraph/3rdparty/collcachelib/coll_cache_lib/coll_cache/asymm_link_desc.cc733781: 207 ] :: E[] /samgraph/3rdparty/collcachelib/coll_cache_lib/coll_cache/asymm_link_desc.ccbuild asymm link desc with 8X Tesla V100-SXM2-32GB out of 8207E 2023-04-15 02:30:11assigning 0 to cpu:
]  /samgraph/3rdparty/collcachelib/coll_cache_lib/coll_cache/asymm_link_desc.cc.
225assigning 0 to cpu/samgraph/3rdparty/collcachelib/coll_cache_lib/coll_cache/asymm_link_desc.cc:733843] [
:226: remote time is 15.55562023-04-15 02:30:11224] E[
.] cpu time is 102.941 2023-04-15 02:30:11733915build asymm link desc with 8X Tesla V100-SXM2-32GB out of 8
[/samgraph/3rdparty/collcachelib/coll_cache_lib/facade.cc.[: 
2023-04-15 02:30:11:7339452023-04-15 02:30:11E.425: .[ 733958[] E7339712023-04-15 02:30:11/samgraph/3rdparty/collcachelib/coll_cache_lib/coll_cache/asymm_link_desc.cc: 2023-04-15 02:30:11registering cpu data with 16.00 GB : .:E.
/samgraph/3rdparty/collcachelib/coll_cache_lib/coll_cache/asymm_link_desc.ccE734006225 734016: : ] /samgraph/3rdparty/collcachelib/coll_cache_lib/coll_cache/asymm_link_desc.cc: 224/samgraph/3rdparty/collcachelib/coll_cache_lib/coll_cache/asymm_link_desc.ccEremote time is 15.5556:E] : 
226 build asymm link desc with 8X Tesla V100-SXM2-32GB out of 8224/samgraph/3rdparty/collcachelib/coll_cache_lib/facade.cc] /samgraph/3rdparty/collcachelib/coll_cache_lib/coll_cache/asymm_link_desc.cc[
] :cpu time is 102.941:2023-04-15 02:30:11build asymm link desc with 8X Tesla V100-SXM2-32GB out of 8425
225.
] ] 734129[registering cpu data with 16.00 GBremote time is 15.5556: 2023-04-15 02:30:11

E.[[ 734171[2023-04-15 02:30:112023-04-15 02:30:11/samgraph/3rdparty/collcachelib/coll_cache_lib/coll_cache/asymm_link_desc.cc: 2023-04-15 02:30:11..:E.734194734193226 734206: : ] /samgraph/3rdparty/collcachelib/coll_cache_lib/coll_cache/asymm_link_desc.cc: EEcpu time is 102.941:E  
225 /samgraph/3rdparty/collcachelib/coll_cache_lib/coll_cache/asymm_link_desc.cc/samgraph/3rdparty/collcachelib/coll_cache_lib/facade.cc] /samgraph/3rdparty/collcachelib/coll_cache_lib/coll_cache/asymm_link_desc.cc::remote time is 15.5556:225[425
226] 2023-04-15 02:30:11] ] remote time is 15.5556[.registering cpu data with 16.00 GBcpu time is 102.941
2023-04-15 02:30:11734336

.: [734372E2023-04-15 02:30:11:  .E/samgraph/3rdparty/collcachelib/coll_cache_lib/facade.cc734402 [:: /samgraph/3rdparty/collcachelib/coll_cache_lib/coll_cache/asymm_link_desc.cc2023-04-15 02:30:11425E:.]  226734435registering cpu data with 16.00 GB/samgraph/3rdparty/collcachelib/coll_cache_lib/coll_cache/asymm_link_desc.cc] : 
:cpu time is 102.941E226
 ] /samgraph/3rdparty/collcachelib/coll_cache_lib/facade.cccpu time is 102.941:
425] registering cpu data with 16.00 GB
[[2023-04-15 02:30:112023-04-15 02:30:11..734545734561: : EE  /samgraph/3rdparty/collcachelib/coll_cache_lib/facade.cc/samgraph/3rdparty/collcachelib/coll_cache_lib/facade.cc::425425] ] registering cpu data with 16.00 GBregistering cpu data with 16.00 GB

[2023-04-15 02:30:16.372804: E /samgraph/3rdparty/collcachelib/coll_cache_lib/facade.cc:427] registering cpu data done.
[2023-04-15 02:30:16.373607: E /samgraph/3rdparty/collcachelib/coll_cache_lib/facade.cc:427] registering cpu data done.
[2023-04-15 02:30:16.373779: E /samgraph/3rdparty/collcachelib/coll_cache_lib/facade.cc:427] registering cpu data done.
[2023-04-15 02:30:16.373935: E /samgraph/3rdparty/collcachelib/coll_cache_lib/facade.cc:427] registering cpu data done.
[2023-04-15 02:30:16.374108: E /samgraph/3rdparty/collcachelib/coll_cache_lib/facade.cc:427] registering cpu data done.
[2023-04-15 02:30:16.374333: E /samgraph/3rdparty/collcachelib/coll_cache_lib/facade.cc:427] registering cpu data done.
[2023-04-15 02:30:16.380209: E /samgraph/3rdparty/collcachelib/coll_cache_lib/facade.cc:427] registering cpu data done.
[2023-04-15 02:30:27.970794: E /samgraph/3rdparty/collcachelib/coll_cache_lib/freq_recorder.cc:269] freq recorder global combine from 287939811 to 57332156
[2023-04-15 02:30:29.612541: E /samgraph/3rdparty/collcachelib/coll_cache_lib/freq_recorder.cc:286] top 5 freq is 1679,1626,1624,1622,1617
[2023-04-15 02:30:29.612779: E /samgraph/3rdparty/collcachelib/coll_cache_lib/facade.cc:409] before scale, dtype is 0, dim is 256
[2023-04-15 02:30:29.612819: E /samgraph/3rdparty/collcachelib/coll_cache_lib/facade.cc:415] after scale, dtype is 7, new dim is 64
[2023-04-15 02:30:29.613495: E /samgraph/3rdparty/collcachelib/coll_cache_lib/coll_cache/asymm_link_desc.cc:181] v100x8, slow pcie
[2023-04-15 02:30:29.613536: E /samgraph/3rdparty/collcachelib/coll_cache_lib/coll_cache/asymm_link_desc.cc:207] assigning 0 to cpu
[2023-04-15 02:30:29.613619: E /samgraph/3rdparty/collcachelib/coll_cache_lib/coll_cache/asymm_link_desc.cc:224] build asymm link desc with 8X Tesla V100-SXM2-32GB out of 8
[2023-04-15 02:30:29.613677: E /samgraph/3rdparty/collcachelib/coll_cache_lib/coll_cache/asymm_link_desc.cc:225] remote time is 15.5556
[2023-04-15 02:30:29.613712: E /samgraph/3rdparty/collcachelib/coll_cache_lib/coll_cache/asymm_link_desc.cc:226] cpu time is 102.941
[2023-04-15 02:30:29.613774: E /samgraph/3rdparty/collcachelib/coll_cache_lib/facade.cc:425] registering cpu data with 16.00 GB
[2023-04-15 02:30:30.550689: E /samgraph/3rdparty/collcachelib/coll_cache_lib/facade.cc:427] registering cpu data done.
[2023-04-15 02:30:30.550781: E /samgraph/3rdparty/collcachelib/coll_cache_lib/facade.cc:174] creating solver
[2023-04-15 02:30:30.550808: E /samgraph/3rdparty/collcachelib/coll_cache_lib/facade.cc:214] solver created. now build & solve
[2023-04-15 02:30:31. 96420: E /samgraph/3rdparty/collcachelib/coll_cache_lib/facade.cc:218] solver built. now solve
block 0 storage is 00010001
	access is	0	0	0	0	4	4	4	4	
block 1 storage is 00100010
	access is	1	1	1	1	5	5	5	5	
block 2 storage is 01000100
	access is	2	2	2	2	6	6	6	6	
block 3 storage is 10001000
	access is	3	3	3	3	7	7	7	7	
block 4 storage is 00000000
	access is	8	8	8	8	8	8	8	8	
[2023-04-15 02:30:31.229404: E /samgraph/3rdparty/collcachelib/coll_cache_lib/facade.cc:222] solver solved
[2023-04-15 02:30:31.246171: E /samgraph/3rdparty/collcachelib/coll_cache_lib/facade.cc:437] 0 solved master
[2023-04-15 02:30:31.246242: E /samgraph/3rdparty/collcachelib/coll_cache_lib/facade.cc:444] 0 solved
[2023-04-15 02:30:31.246268: E /samgraph/3rdparty/collcachelib/coll_cache_lib/facade.cc:447] worker 0 thread 0 initing device 0
[2023-04-15 02:30:31.246909: E /samgraph/3rdparty/collcachelib/coll_cache_lib/cache_context.cu:2320] Building Coll Cache with ... num gpu device is 8
[2023-04-15 02:30:31.247019: E /samgraph/3rdparty/collcachelib/coll_cache_lib/cuda/cache_hashtable.cuh:611] per src size local is 18042400
[2023-04-15 02:30:31.256927: E /samgraph/3rdparty/collcachelib/coll_cache_lib/facade.cc:444] 7 solved
[2023-04-15 02:30:31.256999: E /samgraph/3rdparty/collcachelib/coll_cache_lib/facade.cc:447] worker 0 thread 7 initing device 7
[2023-04-15 02:30:31.257159: E /samgraph/3rdparty/collcachelib/coll_cache_lib/facade.cc:444] 6 solved
[2023-04-15 02:30:31.257218: E /samgraph/3rdparty/collcachelib/coll_cache_lib/facade.cc:447] worker 0 thread 6 initing device 6
[2023-04-15 02:30:31.257329: E /samgraph/3rdparty/collcachelib/coll_cache_lib/cache_context.cu:2320] Building Coll Cache with ... num gpu device is 8
[2023-04-15 02:30:31.257541: E /samgraph/3rdparty/collcachelib/coll_cache_lib/cache_context.cu:2320] Building Coll Cache with ... num gpu device is 8
[2023-04-15 02:30:31.289144: E /samgraph/3rdparty/collcachelib/coll_cache_lib/facade.cc:444] 2 solved
[2023-04-15 02:30:31.289227: E /samgraph/3rdparty/collcachelib/coll_cache_lib/facade.cc:447] worker 0 thread 2 initing device 2
[2023-04-15 02:30:31.289238: E /samgraph/3rdparty/collcachelib/coll_cache_lib/facade.cc:444] 3 solved
[2023-04-15 02:30:31.289300: E /samgraph/3rdparty/collcachelib/coll_cache_lib/facade.cc:447] worker 0 thread 3 initing device 3
[2023-04-15 02:30:31.289577: E /samgraph/3rdparty/collcachelib/coll_cache_lib/cache_context.cu:2320] Building Coll Cache with ... num gpu device is 8
[2023-04-15 02:30:31.289639: E /samgraph/3rdparty/collcachelib/coll_cache_lib/cache_context.cu:2320] Building Coll Cache with ... num gpu device is 8
[2023-04-15 02:30:31.293281: E /samgraph/3rdparty/collcachelib/coll_cache_lib/facade.cc:444] 1 solved
[2023-04-15 02:30:31.293375: E /samgraph/3rdparty/collcachelib/coll_cache_lib/facade.cc:447] worker 0 thread 1 initing device 1
[2023-04-15 02:30:31.293857: E /samgraph/3rdparty/collcachelib/coll_cache_lib/cache_context.cu:2320] Building Coll Cache with ... num gpu device is 8
[2023-04-15 02:30:31.302230: E /samgraph/3rdparty/collcachelib/coll_cache_lib/facade.cc:444] 5 solved
[2023-04-15 02:30:31.302328: E /samgraph/3rdparty/collcachelib/coll_cache_lib/facade.cc[:4472023-04-15 02:30:31] .worker 0 thread 5 initing device 5302335
: E /samgraph/3rdparty/collcachelib/coll_cache_lib/facade.cc:444] 4 solved
[2023-04-15 02:30:31.302424: E /samgraph/3rdparty/collcachelib/coll_cache_lib/facade.cc:447] worker 0 thread 4 initing device 4
[2023-04-15 02:30:31.302873: E /samgraph/3rdparty/collcachelib/coll_cache_lib/cache_context.cu:2320] Building Coll Cache with ... num gpu device is 8
[2023-04-15 02:30:31.302905: E /samgraph/3rdparty/collcachelib/coll_cache_lib/cache_context.cu:2320] Building Coll Cache with ... num gpu device is 8
[2023-04-15 02:30:31.658412: E /samgraph/3rdparty/collcachelib/coll_cache_lib/cache_context.cu:2362] num cpu nodes is 2
[2023-04-15 02:30:31.679477: E /samgraph/3rdparty/collcachelib/coll_cache_lib/cache_context.cu:2362] num cpu nodes is 2
[2023-04-15 02:30:31.680062: E /samgraph/3rdparty/collcachelib/coll_cache_lib/cache_context.cu:2362] num cpu nodes is 2
[2023-04-15 02:30:31.707997: E /samgraph/3rdparty/collcachelib/coll_cache_lib/cache_context.cu:2362] num cpu nodes is 2
[2023-04-15 02:30:31.709218: E /samgraph/3rdparty/collcachelib/coll_cache_lib/cache_context.cu:2362] num cpu nodes is 2
[2023-04-15 02:30:31.711914: E /samgraph/3rdparty/collcachelib/coll_cache_lib/cache_context.cu:2362] num cpu nodes is 2
[2023-04-15 02:30:31.731930: E /samgraph/3rdparty/collcachelib/coll_cache_lib/cache_context.cu:2362] num cpu nodes is 2
[2023-04-15 02:30:31.734167: E /samgraph/3rdparty/collcachelib/coll_cache_lib/cache_context.cu:2362] num cpu nodes is 2
[2023-04-15 02:30:34.310042: E /samgraph/3rdparty/collcachelib/coll_cache_lib/cuda/cache_hashtable.cu:355] create a hashtable with 65608364 possible elem, scale to 134217728
[2023-04-15 02:30:34.310142: E /samgraph/3rdparty/collcachelib/coll_cache_lib/cuda/cache_hashtable.cu:360] SimpleHashTable allocating 1024.00 MB
[2023-04-15 02:30:34.435173: E /samgraph/3rdparty/collcachelib/coll_cache_lib/cuda/cache_hashtable.cu:355] create a hashtable with 65608364 possible elem, scale to 134217728
[2023-04-15 02:30:34.435262: E /samgraph/3rdparty/collcachelib/coll_cache_lib/cuda/cache_hashtable.cu:360] SimpleHashTable allocating 1024.00 MB
[2023-04-15 02:30:34.534059: E /samgraph/3rdparty/collcachelib/coll_cache_lib/cuda/cache_hashtable.cu:355] create a hashtable with 65608364 possible elem, scale to 134217728
[2023-04-15 02:30:34.534140: E /samgraph/3rdparty/collcachelib/coll_cache_lib/cuda/cache_hashtable.cu:360] SimpleHashTable allocating 1024.00 MB
[2023-04-15 02:30:34.534456: E /samgraph/3rdparty/collcachelib/coll_cache_lib/cuda/cache_hashtable.cu:355] create a hashtable with 65608364 possible elem, scale to 134217728
[2023-04-15 02:30:34.534526: E /samgraph/3rdparty/collcachelib/coll_cache_lib/cuda/cache_hashtable.cu:360] SimpleHashTable allocating 1024.00 MB
[2023-04-15 02:30:34.536449: E /samgraph/3rdparty/collcachelib/coll_cache_lib/cuda/cache_hashtable.cu:355] create a hashtable with 65608364 possible elem, scale to 134217728
[2023-04-15 02:30:34.536514: E /samgraph/3rdparty/collcachelib/coll_cache_lib/cuda/cache_hashtable.cu:360] SimpleHashTable allocating 1024.00 MB
[2023-04-15 02:30:34.537451: E /samgraph/3rdparty/collcachelib/coll_cache_lib/cuda/cache_hashtable.cu:355] create a hashtable with 65608364 possible elem, scale to 134217728
[2023-04-15 02:30:34.537507: E /samgraph/3rdparty/collcachelib/coll_cache_lib/cuda/cache_hashtable.cu:360] SimpleHashTable allocating 1024.00 MB
[2023-04-15 02:30:34.537959: E /samgraph/3rdparty/collcachelib/coll_cache_lib/cuda/cache_hashtable.cu:355] create a hashtable with 65608364 possible elem, scale to 134217728
[2023-04-15 02:30:34.[5380192023-04-15 02:30:34: .E538006 : /samgraph/3rdparty/collcachelib/coll_cache_lib/cuda/cache_hashtable.cuE: 360/samgraph/3rdparty/collcachelib/coll_cache_lib/cuda/cache_hashtable.cu] :SimpleHashTable allocating 1024.00 MB355
] create a hashtable with 65608364 possible elem, scale to 134217728
[2023-04-15 02:30:34.538084: E /samgraph/3rdparty/collcachelib/coll_cache_lib/cuda/cache_hashtable.cu:360] SimpleHashTable allocating 1024.00 MB
[2023-04-15 02:30:34.830316: E /samgraph/3rdparty/collcachelib/coll_cache_lib/common.cc:107] too many mem allocated for forcescale?16467699->65608
[2023-04-15 02:30:34.831939: E /samgraph/3rdparty/collcachelib/coll_cache_lib/cache_context.cu:2439] Asymm Coll cache (policy: clique_part) | local 16402091 / 65608366 nodes ( 25.00 %~25.00 %) | remote 49206273 / 65608366 nodes ( 75.00 %) | cpu 2 / 65608366 nodes ( 0.00 %) | 15.70 GB | 3.54233 secs 
[2023-04-15 02:30:34.832391: E /samgraph/3rdparty/collcachelib/coll_cache_lib/common.cc:107] too many mem allocated for forcescale?16467699->65608
[2023-04-15 02:30:34.837170: E /samgraph/3rdparty/collcachelib/coll_cache_lib/cache_context.cu:2439] Asymm Coll cache (policy: clique_part) | local 16402091 / 65608366 nodes ( 25.00 %~25.00 %) | remote 49206273 / 65608366 nodes ( 75.00 %) | cpu 2 / 65608366 nodes ( 0.00 %) | 15.70 GB | 3.53425 secs 
[2023-04-15 02:30:34.932133: E /samgraph/3rdparty/collcachelib/coll_cache_lib/common.cc:107] too many mem allocated for forcescale?16467699->65608
[2023-04-15 02:30:34.933607: E /samgraph/3rdparty/collcachelib/coll_cache_lib/common.cc:107] too many mem allocated for forcescale?16467699->65608
[2023-04-15 02:30:34.933802: E /samgraph/3rdparty/collcachelib/coll_cache_lib/common.cc:107] too many mem allocated for forcescale?16467699->65608
[2023-04-15 02:30:34.934452: E /samgraph/3rdparty/collcachelib/coll_cache_lib/common.cc:107] too many mem allocated for forcescale?16467699->65608
[2023-04-15 02:30:34.936011: E /samgraph/3rdparty/collcachelib/coll_cache_lib/cache_context.cu:2439] Asymm Coll cache (policy: clique_part) | local 16402091 / 65608366 nodes ( 25.00 %~25.00 %) | remote 49206273 / 65608366 nodes ( 75.00 %) | cpu 2 / 65608366 nodes ( 0.00 %) | 15.70 GB | 3.67865 secs 
[2023-04-15 02:30:34.940514: E /samgraph/3rdparty/collcachelib/coll_cache_lib/cache_context.cu:2439] Asymm Coll cache (policy: clique_part) | local 16402091 / 65608366 nodes ( 25.00 %~25.00 %) | remote 49206273 / 65608366 nodes ( 75.00 %) | cpu 2 / 65608366 nodes ( 0.00 %) | 15.70 GB | 3.69357 secs 
[2023-04-15 02:30:34.941219: E /samgraph/3rdparty/collcachelib/coll_cache_lib/cache_context.cu:2439] Asymm Coll cache (policy: clique_part) | local 16402091 / 65608366 nodes ( 25.00 %~25.00 %) | remote 49206273 / 65608366 nodes ( 75.00 %) | cpu 2 / 65608366 nodes ( 0.00 %) | 15.70 GB | 3.64732 secs 
[2023-04-15 02:30:34.941475: E /samgraph/3rdparty/collcachelib/coll_cache_lib/common.cc:107] too many mem allocated for forcescale?16467699->65608
[2023-04-15 02:30:34.944916: E /samgraph/3rdparty/collcachelib/coll_cache_lib/common.cc:107] too many mem allocated for forcescale?16467699->65608
[2023-04-15 02:30:34.947729: E /samgraph/3rdparty/collcachelib/coll_cache_lib/cache_context.cu:2439] Asymm Coll cache (policy: clique_part) | local 16402091 / 65608366 nodes ( 25.00 %~25.00 %) | remote 49206273 / 65608366 nodes ( 75.00 %) | cpu 2 / 65608366 nodes ( 0.00 %) | 15.70 GB | 3.64478 secs 
[2023-04-15 02:30:34.958536: E /samgraph/3rdparty/collcachelib/coll_cache_lib/cache_context.cu:2439] Asymm Coll cache (policy: clique_part) | local 16402091 / 65608366 nodes ( 25.00 %~25.00 %) | remote 49206273 / 65608366 nodes ( 75.00 %) | cpu 2 / 65608366 nodes ( 0.00 %) | 15.70 GB | 3.66887 secs 
[2023-04-15 02:30:34.961480: E /samgraph/3rdparty/collcachelib/coll_cache_lib/cache_context.cu:2439] Asymm Coll cache (policy: clique_part) | local 16402091 / 65608366 nodes ( 25.00 %~25.00 %) | remote 49206273 / 65608366 nodes ( 75.00 %) | cpu 2 / 65608366 nodes ( 0.00 %) | 15.70 GB | 3.70391 secs 
/usr/local/lib/python3.8/dist-packages/torch/nn/parallel/scatter_gather.py:9: UserWarning: is_namedtuple is deprecated, please use the python checks instead
  warnings.warn("is_namedtuple is deprecated, please use the python checks instead")
/usr/local/lib/python3.8/dist-packages/torch/nn/parallel/scatter_gather.py:9: UserWarning: is_namedtuple is deprecated, please use the python checks instead
  warnings.warn("is_namedtuple is deprecated, please use the python checks instead")
/usr/local/lib/python3.8/dist-packages/torch/nn/parallel/scatter_gather.py:9: UserWarning: is_namedtuple is deprecated, please use the python checks instead
  warnings.warn("is_namedtuple is deprecated, please use the python checks instead")
/usr/local/lib/python3.8/dist-packages/torch/nn/parallel/scatter_gather.py:9: UserWarning: is_namedtuple is deprecated, please use the python checks instead
  warnings.warn("is_namedtuple is deprecated, please use the python checks instead")
/usr/local/lib/python3.8/dist-packages/torch/nn/parallel/scatter_gather.py:9: UserWarning: is_namedtuple is deprecated, please use the python checks instead
  warnings.warn("is_namedtuple is deprecated, please use the python checks instead")
/usr/local/lib/python3.8/dist-packages/torch/nn/parallel/scatter_gather.py:9: UserWarning: is_namedtuple is deprecated, please use the python checks instead
  warnings.warn("is_namedtuple is deprecated, please use the python checks instead")
/usr/local/lib/python3.8/dist-packages/torch/nn/parallel/scatter_gather.py:9: UserWarning: is_namedtuple is deprecated, please use the python checks instead
  warnings.warn("is_namedtuple is deprecated, please use the python checks instead")
/usr/local/lib/python3.8/dist-packages/torch/nn/parallel/scatter_gather.py:9: UserWarning: is_namedtuple is deprecated, please use the python checks instead
  warnings.warn("is_namedtuple is deprecated, please use the python checks instead")
